<?xml version="1.0" encoding="UTF-8" ?>
<testsuite errors="0" failures="0" hostname="cb-ThinkPad-X240" name="org.ccnx.ccn.repo.RFSTest" skipped="0" tests="3" time="1.582" timestamp="2015-03-16T01:51:21">
  <properties>
    <property name="env.DESKTOP_SESSION" value="ubuntu" />
    <property name="env.OLDPWD" value="/home/cb/work/ccnx-0.8.2" />
    <property name="file.encoding.pkg" value="sun.io" />
    <property name="env.SELINUX_INIT" value="YES" />
    <property name="REPO_LOCAL_ROOT" value="repotest" />
    <property name="repozip" value="repotest.zip" />
    <property name="java.home" value="/home/cb/work/java/jdk1.7.0_75/jre" />
    <property name="bcprov-jar" value="/home/cb/work/ccnx-0.8.2/javasrc/lib/bcprov-jdk16-143.jar" />
    <property name="env.GDM_LANG" value="zh_CN" />
    <property name="src.test.dir" value="/home/cb/work/ccnx-0.8.2/javasrc/src/test" />
    <property name="env.DISPLAY" value=":0" />
    <property name="PROTOCOL_KEY" value="ccn.agent.protocol" />
    <property name="env.LS_COLORS" value="rs=0:di=01;34:ln=01;36:mh=00:pi=40;33:so=01;35:do=01;35:bd=40;33;01:cd=40;33;01:or=40;31;01:su=37;41:sg=30;43:ca=30;41:tw=30;42:ow=34;42:st=37;44:ex=01;32:*.tar=01;31:*.tgz=01;31:*.arj=01;31:*.taz=01;31:*.lzh=01;31:*.lzma=01;31:*.tlz=01;31:*.txz=01;31:*.zip=01;31:*.z=01;31:*.Z=01;31:*.dz=01;31:*.gz=01;31:*.lz=01;31:*.xz=01;31:*.bz2=01;31:*.bz=01;31:*.tbz=01;31:*.tbz2=01;31:*.tz=01;31:*.deb=01;31:*.rpm=01;31:*.jar=01;31:*.war=01;31:*.ear=01;31:*.sar=01;31:*.rar=01;31:*.ace=01;31:*.zoo=01;31:*.cpio=01;31:*.7z=01;31:*.rz=01;31:*.jpg=01;35:*.jpeg=01;35:*.gif=01;35:*.bmp=01;35:*.pbm=01;35:*.pgm=01;35:*.ppm=01;35:*.tga=01;35:*.xbm=01;35:*.xpm=01;35:*.tif=01;35:*.tiff=01;35:*.png=01;35:*.svg=01;35:*.svgz=01;35:*.mng=01;35:*.pcx=01;35:*.mov=01;35:*.mpg=01;35:*.mpeg=01;35:*.m2v=01;35:*.mkv=01;35:*.webm=01;35:*.ogm=01;35:*.mp4=01;35:*.m4v=01;35:*.mp4v=01;35:*.vob=01;35:*.qt=01;35:*.nuv=01;35:*.wmv=01;35:*.asf=01;35:*.rm=01;35:*.rmvb=01;35:*.flc=01;35:*.avi=01;35:*.fli=01;35:*.flv=01;35:*.gl=01;35:*.dl=01;35:*.xcf=01;35:*.xwd=01;35:*.yuv=01;35:*.cgm=01;35:*.emf=01;35:*.axv=01;35:*.anx=01;35:*.ogv=01;35:*.ogx=01;35:*.aac=00;36:*.au=00;36:*.flac=00;36:*.mid=00;36:*.midi=00;36:*.mka=00;36:*.mp3=00;36:*.mpc=00;36:*.ogg=00;36:*.ra=00;36:*.wav=00;36:*.axa=00;36:*.oga=00;36:*.spx=00;36:*.xspf=00;36:" />
    <property name="env.XDG_VTNR" value="7" />
    <property name="env.XDG_GREETER_DATA_DIR" value="/var/lib/lightdm-data/cb" />
    <property name="jarfile" value="/home/cb/work/ccnx-0.8.2/javasrc/ccn.jar" />
    <property name="java.endorsed.dirs" value="/home/cb/work/java/jdk1.7.0_75/jre/lib/endorsed" />
    <property name="env.LOGNAME" value="cb" />
    <property name="env.UBUNTU_MENUPROXY" value="1" />
    <property name="src.dir" value="/home/cb/work/ccnx-0.8.2/javasrc/src/main" />
    <property name="ccn.test.topdir" value="../src/systemtest" />
    <property name="env.XDG_SEAT" value="seat0" />
    <property name="build-excludes" value="bin/**, log/**, lib/**, libsrc/**, repository/**, build/**, testout/**, ktrace.out, CCN_DEBUG_DATA/**" />
    <property name="env.LC_PAPER" value="zh_CN.UTF-8" />
    <property name="sun.os.patch.level" value="unknown" />
    <property name="java.vendor.url" value="http://java.oracle.com/" />
    <property name="env.XDG_SEAT_PATH" value="/org/freedesktop/DisplayManager/Seat0" />
    <property name="env.MANDATORY_PATH" value="/usr/share/gconf/ubuntu.mandatory.path" />
    <property name="java.version" value="1.7.0_75" />
    <property name="java.vendor.url.bug" value="http://bugreport.sun.com/bugreport/" />
    <property name="env.LANGUAGE" value="zh_CN:zh:en_US:en" />
    <property name="REPO_ROOT" value="/home/cb/work/ccnx-0.8.2/javasrc/testout/repotest" />
    <property name="ant.project.invoked-targets" value="test" />
    <property name="env.XDG_DATA_DIRS" value="/usr/share/ubuntu:/usr/share/gnome:/usr/local/share/:/usr/share/" />
    <property name="env.GNOME_KEYRING_CONTROL" value="/run/user/1000/keyring-jvPvKj" />
    <property name="USE_KEY_CONFIG_KEY" value="org.ccnx.config.UseKeyConfiguration" />
    <property name="env.UPSTART_SESSION" value="unix:abstract=/com/ubuntu/upstart-session/1000/1640" />
    <property name="user.name" value="cb" />
    <property name="env.LANG" value="zh_CN.UTF-8" />
    <property name="ccn.agent.port" value="63000" />
    <property name="env.LC_MONETARY" value="zh_CN.UTF-8" />
    <property name="sun.io.unicode.encoding" value="UnicodeLittle" />
    <property name="sun.jnu.encoding" value="UTF-8" />
    <property name="env.DBUS_SESSION_BUS_ADDRESS" value="unix:abstract=/tmp/dbus-rsLQ7IJ5pU" />
    <property name="java.runtime.name" value="Java(TM) SE Runtime Environment" />
    <property name="env.LC_NAME" value="zh_CN.UTF-8" />
    <property name="REPO_ROOT2" value="/home/cb/work/ccnx-0.8.2/javasrc/testout/repotest2" />
    <property name="java.specification.name" value="Java Platform API Specification" />
    <property name="ant.file.ccn-libs" value="/home/cb/work/ccnx-0.8.2/javasrc/libs.xml" />
    <property name="user.timezone" value="" />
    <property name="env.LESSOPEN" value="| /usr/bin/lesspipe %s" />
    <property name="path.separator" value=":" />
    <property name="junit-jar" value="/home/cb/work/ccnx-0.8.2/javasrc/lib/junit-4.3.1.jar" />
    <property name="env.XMODIFIERS" value="@im=fcitx" />
    <property name="file.encoding" value="UTF-8" />
    <property name="ant.project.default-target" value="jar" />
    <property name="build" value="/home/cb/work/ccnx-0.8.2/javasrc/build" />
    <property name="lib" value="/home/cb/work/ccnx-0.8.2/javasrc/lib" />
    <property name="env.HOME" value="/home/cb" />
    <property name="sun.java.command" value="org.apache.tools.ant.taskdefs.optional.junit.JUnitTestRunner testsfile=/home/cb/work/ccnx-0.8.2/javasrc/junittestcases1686294426166375063.properties skipNonTests=false filtertrace=true haltOnError=false haltOnFailure=true formatter=org.apache.tools.ant.taskdefs.optional.junit.SummaryJUnitResultFormatter showoutput=false outputtoformatters=true logfailedtests=true logtestlistenerevents=false formatter=org.apache.tools.ant.taskdefs.optional.junit.XMLJUnitResultFormatter,/home/cb/work/ccnx-0.8.2/javasrc/testout/IGNORETHIS.xml crashfile=/home/cb/work/ccnx-0.8.2/javasrc/junitvmwatcher2113509987066192096.properties propsfile=/home/cb/work/ccnx-0.8.2/javasrc/junit8991635567827703303.properties" />
    <property name="ant.file" value="/home/cb/work/ccnx-0.8.2/javasrc/build.xml" />
    <property name="env.LC_TELEPHONE" value="zh_CN.UTF-8" />
    <property name="env._" value="/usr/bin/make" />
    <property name="org.ccnx.ccn.LogDir" value="/home/cb/work/ccnx-0.8.2/javasrc/testout/log" />
    <property name="java.io.tmpdir" value="/tmp" />
    <property name="env.LC_IDENTIFICATION" value="zh_CN.UTF-8" />
    <property name="env.GNOME_KEYRING_PID" value="1635" />
    <property name="user.language" value="zh" />
    <property name="EXIT_ON_ERROR" value="org.ccnx.ExitOnNetworkError" />
    <property name="env.UPSTART_EVENTS" value="started starting" />
    <property name="line.separator" value="&#xa;" />
    <property name="ant.file.type" value="file" />
    <property name="env.SSH_AGENT_LAUNCHER" value="upstart" />
    <property name="env.SSH_AGENT_PID" value="1693" />
    <property name="env.CLUTTER_IM_MODULE" value="xim" />
    <property name="java.vm.info" value="mixed mode" />
    <property name="LOGDIR_KEY" value="org.ccnx.ccn.LogDir" />
    <property name="sun.desktop" value="gnome" />
    <property name="java.vm.specification.name" value="Java Virtual Machine Specification" />
    <property name="env.COLORTERM" value="gnome-terminal" />
    <property name="TEST_PORT" value="63000" />
    <property name="env.TEXTDOMAIN" value="im-config" />
    <property name="env.LC_MEASUREMENT" value="zh_CN.UTF-8" />
    <property name="env.IM_CONFIG_PHASE" value="1" />
    <property name="org.ccnx.config.UseKeyConfiguration" value="false" />
    <property name="env.LC_TIME" value="zh_CN.UTF-8" />
    <property name="env.GDMSESSION" value="ubuntu" />
    <property name="java.awt.printerjob" value="sun.print.PSPrinterJob" />
    <property name="env.VTE_VERSION" value="3409" />
    <property name="env.DEFAULTS_PATH" value="/usr/share/gconf/ubuntu.default.path" />
    <property name="ant.version" value="Apache Ant(TM) version 1.9.3 compiled on April 8 2014" />
    <property name="env.WINDOWID" value="20971532" />
    <property name="REPO_LOCAL" value="TestRepository" />
    <property name="env.COMPIZ_CONFIG_PROFILE" value="ubuntu" />
    <property name="env.XDG_SESSION_PATH" value="/org/freedesktop/DisplayManager/Session0" />
    <property name="env.JOB" value="gnome-session" />
    <property name="ant.file.type.java-ccnx" value="file" />
    <property name="env.MAKEFLAGS" value="w" />
    <property name="env.CLASSPATH" value=".:.:$CLASSPATH:$JAVA_HOME/lib:$JAVA_HOME/jre/lib:/home/cb/work/java/jdk1.7.0_75/lib:/home/cb/work/java/jdk1.7.0_75/jre/lib" />
    <property name="os.name" value="Linux" />
    <property name="java.specification.vendor" value="Oracle Corporation" />
    <property name="xml-jar" value="/home/cb/work/ccnx-0.8.2/javasrc/lib/kxml2-2.3.0.jar" />
    <property name="env.TERM" value="xterm" />
    <property name="java.vm.name" value="Java HotSpot(TM) 64-Bit Server VM" />
    <property name="env.QT_IM_MODULE" value="xim" />
    <property name="java.library.path" value="/usr/java/packages/lib/amd64:/usr/lib64:/lib64:/lib:/usr/lib" />
    <property name="env.PATH" value="/home/cb/work/java/jdk1.7.0_75/bin:/home/cb/work/java/jdk1.7.0_75/jre/bin:/usr/local/sbin:/usr/local/bin:/usr/sbin:/usr/bin:/sbin:/bin:/usr/games:/usr/local/games:/home/cb/bin" />
    <property name="CCND_CAP" value="50000" />
    <property name="env.LESSCLOSE" value="/usr/bin/lesspipe %s %s" />
    <property name="ant.java.version" value="1.7" />
    <property name="env.TEXTDOMAINDIR" value="/usr/share/locale/" />
    <property name="basedir" value="/home/cb/work/ccnx-0.8.2/javasrc" />
    <property name="java.class.version" value="51.0" />
    <property name="env.SHLVL" value="1" />
    <property name="ant.home" value="/usr/share/ant" />
    <property name="DEBUG_OPTIONS" value="" />
    <property name="org.ccnx.ExitOnNetworkError" value="true" />
    <property name="repo2" value="true" />
    <property name="env.UPSTART_JOB" value="unity-settings-daemon" />
    <property name="CCND_CMD" value="../../csrc/ccnd/ccnd" />
    <property name="JAVA_MEMORY" value="1g" />
    <property name="src.systemtest.dir" value="/home/cb/work/ccnx-0.8.2/javasrc/src/systemtest" />
    <property name="sun.boot.library.path" value="/home/cb/work/java/jdk1.7.0_75/jre/lib/amd64" />
    <property name="sun.management.compiler" value="HotSpot 64-Bit Tiered Compilers" />
    <property name="java.awt.graphicsenv" value="sun.awt.X11GraphicsEnvironment" />
    <property name="env.USER" value="cb" />
    <property name="env.GTK_IM_MODULE" value="fcitx" />
    <property name="env.GTK_MODULES" value="overlay-scrollbar:unity-gtk-module" />
    <property name="env.JRE_HOME" value="/home/cb/work/java/jdk1.7.0_75/jre" />
    <property name="ant.project.name" value="java-ccnx" />
    <property name="env.SESSIONTYPE" value="gnome-session" />
    <property name="java.vm.specification.version" value="1.7" />
    <property name="UNIT_TOP_DIR" value="../src/test" />
    <property name="SYNC_NOISY" value="INFO" />
    <property name="env.NLSPATH" value="/usr/dt/lib/nls/msg/%L/%N.cat" />
    <property name="awt.toolkit" value="sun.awt.X11.XToolkit" />
    <property name="sun.cpu.isalist" value="" />
    <property name="cmddir" value="/home/cb/work/ccnx-0.8.2/csrc/cmd" />
    <property name="java.ext.dirs" value="/home/cb/work/java/jdk1.7.0_75/jre/lib/ext:/usr/java/packages/lib/ext" />
    <property name="os.version" value="3.13.0-32-generic" />
    <property name="env.QT_QPA_PLATFORMTHEME" value="appmenu-qt5" />
    <property name="user.home" value="/home/cb" />
    <property name="env.XDG_CURRENT_DESKTOP" value="Unity" />
    <property name="ant.file.type.ccn-libs" value="file" />
    <property name="java.vm.vendor" value="Oracle Corporation" />
    <property name="env.JAVA_HOME" value="/home/cb/work/java/jdk1.7.0_75" />
    <property name="env.XDG_SESSION_ID" value="c2" />
    <property name="env.XAUTHORITY" value="/home/cb/.Xauthority" />
    <property name="REPO_GLOBAL" value="/parc.com/csl/ccn/repositories/TestRepository" />
    <property name="user.dir" value="/home/cb/work/ccnx-0.8.2/javasrc/testout" />
    <property name="env.XFILESEARCHPATH" value="/usr/dt/app-defaults/%L/Dt" />
    <property name="TOP_DIR" value="../src/systemtest" />
    <property name="env.PWD" value="/home/cb/work/ccnx-0.8.2/javasrc" />
    <property name="env.MAKELEVEL" value="2" />
    <property name="sun.cpu.endian" value="little" />
    <property name="env.MFLAGS" value="-w" />
    <property name="testout" value="/home/cb/work/ccnx-0.8.2/javasrc/testout" />
    <property name="java.vm.version" value="24.75-b04" />
    <property name="java.class.path" value="/home/cb/work/ccnx-0.8.2/javasrc/lib/bcprov-jdk16-143.jar:/home/cb/work/ccnx-0.8.2/javasrc/lib/kxml2-2.3.0.jar:/home/cb/work/ccnx-0.8.2/javasrc/lib/junit-4.3.1.jar:/home/cb/work/ccnx-0.8.2/javasrc/ccn.jar:/home/cb/work/ccnx-0.8.2/javasrc:/home/cb/work/java/jdk1.7.0_75/lib:/home/cb/work/java/jdk1.7.0_75/jre/lib:/usr/share/java/ant-launcher-1.9.3.jar:/usr/share/ant/lib/ant.jar:/usr/share/ant/lib/ant-junit.jar:/usr/share/ant/lib/ant-junit4.jar" />
    <property name="env.LC_ADDRESS" value="zh_CN.UTF-8" />
    <property name="ant.library.dir" value="/usr/share/ant/lib" />
    <property name="ccnr" value="/home/cb/work/ccnx-0.8.2/csrc/ccnr/ccnr" />
    <property name="os.arch" value="amd64" />
    <property name="env.LC_NUMERIC" value="zh_CN.UTF-8" />
    <property name="jarfile-base" value="ccn.jar" />
    <property name="sun.java.launcher" value="SUN_STANDARD" />
    <property name="testoutlog" value="/home/cb/work/ccnx-0.8.2/javasrc/testout/log" />
    <property name="ccnd" value="/home/cb/work/ccnx-0.8.2/csrc/ccnd/ccnd" />
    <property name="ant.core.lib" value="/usr/share/ant/lib/ant.jar" />
    <property name="java.vm.specification.vendor" value="Oracle Corporation" />
    <property name="env.UPSTART_INSTANCE" value="" />
    <property name="ccn-libs-basedir" value="/home/cb/work/ccnx-0.8.2/javasrc" />
    <property name="file.separator" value="/" />
    <property name="ant.file.java-ccnx" value="/home/cb/work/ccnx-0.8.2/javasrc/build.xml" />
    <property name="java.runtime.version" value="1.7.0_75-b13" />
    <property name="sun.boot.class.path" value="/home/cb/work/java/jdk1.7.0_75/jre/lib/resources.jar:/home/cb/work/java/jdk1.7.0_75/jre/lib/rt.jar:/home/cb/work/java/jdk1.7.0_75/jre/lib/sunrsasign.jar:/home/cb/work/java/jdk1.7.0_75/jre/lib/jsse.jar:/home/cb/work/java/jdk1.7.0_75/jre/lib/jce.jar:/home/cb/work/java/jdk1.7.0_75/jre/lib/charsets.jar:/home/cb/work/java/jdk1.7.0_75/jre/lib/jfr.jar:/home/cb/work/java/jdk1.7.0_75/jre/classes" />
    <property name="env.SSH_AUTH_SOCK" value="/run/user/1000/keyring-jvPvKj/ssh" />
    <property name="env.QT4_IM_MODULE" value="fcitx" />
    <property name="env.XDG_RUNTIME_DIR" value="/run/user/1000" />
    <property name="env.XDG_CONFIG_DIRS" value="/etc/xdg/xdg-ubuntu:/usr/share/upstart/xdg:/etc/xdg" />
    <property name="USE_KEY_CONFIG_VAL" value="false" />
    <property name="user.country" value="CN" />
    <property name="env.SHELL" value="/bin/bash" />
    <property name="env.INSTANCE" value="Unity" />
    <property name="java.vendor" value="Oracle Corporation" />
    <property name="showoutput" value="no" />
    <property name="CCND_DEBUG" value="87" />
    <property name="env.GPG_AGENT_INFO" value="/run/user/1000/keyring-jvPvKj/gpg:0:1" />
    <property name="java.specification.version" value="1.7" />
    <property name="sun.arch.data.model" value="64" />
    <property name="env.GNOME_DESKTOP_SESSION_ID" value="this-is-deprecated" />
  </properties>
  <testcase classname="org.ccnx.ccn.repo.RFSTest" name="testPolicy" time="0.331" />
  <testcase classname="org.ccnx.ccn.repo.RFSTest" name="testRepo" time="0.459" />
  <testcase classname="org.ccnx.ccn.repo.RFSTest" name="testBulkImport" time="0.156" />
  <system-out><![CDATA[Writing log records to /home/cb/work/ccnx-0.8.2/javasrc/testout/log/ccn_15-03-16-095121-4451.log
Repotest - Testing basic data
Repotest - Testing multiple digests for same data
Repotest - Testing same digest for different data and/or publisher
Repotest - Testing too long data
Repotest - Testing invalid characters in name
Repotest - Testing different kinds of interests
Repotest - Testing different kinds of interests in a mixture of encoded/standard data
Test some unusual left and right searches that could break the prescanner
Repotest - test that rightSearch iterates backwards through objects
Repotest - test that rightSearch gives left branch of rightMost object
Repotest - testing version and segment files
Repotest - storing sequence of objects for versioned stream read testing
Repotest - testing min and max in retrieval
Repotest - testing fast name enumeration response
Repotest - Testing reinitialization of repo
]]></system-out>
  <system-err><![CDATA[三月 16, 2015 9:51:21 上午 org.ccnx.ccn.impl.security.keys.BasicKeyManager loadKeyStore
信息: Loading CCN key store from /home/cb/.ccnx/.ccnx_keystore...last modified 1426430257000(ms).
三月 16, 2015 9:51:21 上午 org.ccnx.ccn.impl.security.keys.BasicKeyManager readKeyStore
信息: Loading CCN key store...
三月 16, 2015 9:51:21 上午 org.ccnx.ccn.impl.security.keys.BasicKeyManager loadKeyStore
信息: Loaded CCN key store from /home/cb/.ccnx/.ccnx_keystore...version 2015-03-15 22:37:37.0 ms: 1426430257000
三月 16, 2015 9:51:21 上午 org.ccnx.ccn.impl.security.keys.BasicKeyManager loadValuesFromKeystore
信息: Loading key store file:/home/cb/.ccnx/.ccnx_keystore version 2015-03-15 22:37:37.0 version component =FD055059931000 millis 1426430257000
三月 16, 2015 9:51:21 上午 org.ccnx.ccn.impl.security.keys.BasicKeyManager loadValuesFromKeystore
信息: Default key ID for user cb: S7CCoW5TgvuqoJ++MD4k4ELjfojCkOBUKSUh3sojZSM=
三月 16, 2015 9:51:21 上午 org.ccnx.ccn.impl.security.keys.SecureKeyCache loadKeyStore
信息: KeyCache: loading signing key S7CCoW5TgvuqoJ++MD4k4ELjfojCkOBUKSUh3sojZSM=, remembering public key in public key cache.
三月 16, 2015 9:51:21 上午 org.ccnx.ccn.impl.security.keys.SecureKeyCache addMySigningKey
信息: SecureKeyCache: adding my private key 4bb082a16e5382fbaaa09fbe303e24e042e37e88c290e054292521deca236523
三月 16, 2015 9:51:21 上午 org.ccnx.ccn.impl.security.keys.BasicKeyManager loadValuesFromConfiguration
信息: Not loading key manager configuration data in response to user configuration variable.
三月 16, 2015 9:51:21 上午 org.ccnx.ccn.impl.CCNNetworkManager <init>
警告: NetworkManager 1: Non-standard CCN agent port 63000 per property ccn.agent.port
三月 16, 2015 9:51:21 上午 org.ccnx.ccn.impl.CCNNetworkManager <init>
信息: NetworkManager 1: Contacting CCN agent at localhost:63000
三月 16, 2015 9:51:21 上午 org.ccnx.ccn.impl.CCNNetworkChannel <init>
信息: NetworkChannel 1: Starting up CCNNetworkChannel using TCP.
三月 16, 2015 9:51:21 上午 org.ccnx.ccn.impl.CCNNetworkChannel open
信息: NetworkChannel 1: open()
三月 16, 2015 9:51:21 上午 org.ccnx.ccn.impl.CCNNetworkChannel open
信息: NetworkChannel 1: Contacting CCN agent at localhost:63000 on local port 49782
三月 16, 2015 9:51:21 上午 org.ccnx.ccn.CCNHandle <init>
信息: CCNHandle 1: Handle is now open
三月 16, 2015 9:51:21 上午 org.ccnx.ccn.impl.CCNNetworkManager run
信息: NetworkManager 1: CCNNetworkManager processing thread started for port: 63000
三月 16, 2015 9:51:21 上午 org.ccnx.ccn.impl.security.keys.PublicKeyCache getPublicKeyObject
信息: Retrieved key iJPI7Cmegb1Hcmae9Dh1J+cJOpYkf1b+DGlC3el8x9w= using locator NAME: /%C1.M.S.localhost/%C1.M.SRV/ccnd/KEY/%C1.M.K=008893C8EC299E81BD4772669EF4387527E7093A96247F56FE0C6942DDE97CC7DC/=FD055063717EB3.
三月 16, 2015 9:51:21 上午 org.ccnx.ccn.impl.security.keys.PublicKeyCache getPublicKeyObject
信息: Retrieved key iJPI7Cmegb1Hcmae9Dh1J+cJOpYkf1b+DGlC3el8x9w= using locator NAME: /%C1.M.S.localhost/%C1.M.SRV/ccnd/KEY/%C1.M.K=008893C8EC299E81BD4772669EF4387527E7093A96247F56FE0C6942DDE97CC7DC/=FD055063717EB3 - got /%C1.M.S.localhost/%C1.M.SRV/ccnd/KEY/%C1.M.K=008893C8EC299E81BD4772669EF4387527E7093A96247F56FE0C6942DDE97CC7DC/=FD055063717EB3/=00
三月 16, 2015 9:51:21 上午 org.ccnx.ccn.io.CCNAbstractInputStream <init>
信息: CCNAbstractInputStream: /%C1.M.S.localhost/%C1.M.SRV/ccnd/KEY/%C1.M.K=008893C8EC299E81BD4772669EF4387527E7093A96247F56FE0C6942DDE97CC7DC/=FD055063717EB3 segment 0
三月 16, 2015 9:51:21 上午 org.ccnx.ccn.impl.security.keys.PublicKeyCache getPublicKeyObject
信息: Retrieved public key using name: /%C1.M.S.localhost/%C1.M.SRV/ccnd/KEY/%C1.M.K=008893C8EC299E81BD4772669EF4387527E7093A96247F56FE0C6942DDE97CC7DC/=FD055063717EB3
三月 16, 2015 9:51:21 上午 org.ccnx.ccn.impl.security.keys.PublicKeyCache getPublicKey
信息: Retrieved key iJPI7Cmegb1Hcmae9Dh1J+cJOpYkf1b+DGlC3el8x9w= from network with locator NAME: /%C1.M.S.localhost/%C1.M.SRV/ccnd/KEY/%C1.M.K=008893C8EC299E81BD4772669EF4387527E7093A96247F56FE0C6942DDE97CC7DC/=FD055063717EB3!
三月 16, 2015 9:51:21 上午 org.ccnx.ccn.config.PlatformConfiguration <clinit>
信息: BC provider: BC
三月 16, 2015 9:51:21 上午 org.ccnx.ccn.config.PlatformConfiguration <clinit>
信息: Provider info: BouncyCastle Security Provider v1.43 version: 1.43
三月 16, 2015 9:51:21 上午 org.ccnx.ccn.config.PlatformConfiguration <clinit>
信息: java.vm.name = Java HotSpot(TM) 64-Bit Server VM
三月 16, 2015 9:51:21 上午 org.ccnx.ccn.impl.CCNFlowControl addNameSpace
信息: Flow controller addNameSpace: added namespace: /ccnx.org/Users/cb/Keys/%C1.M.K%00K=B082A16E5382FBAAA09FBE303E24E042E37E88C290E054292521DECA236523/=FD055059931000
三月 16, 2015 9:51:21 上午 org.ccnx.ccn.impl.security.keys.BasicKeyManager getKeyLocator
信息: getKeyLocator: returning locator KEY: S7CCoW5TgvuqoJ++MD4k4ELjfojCkOBUKSUh3sojZSM= for key S7CCoW5TgvuqoJ++MD4k4ELjfojCkOBUKSUh3sojZSM=
三月 16, 2015 9:51:21 上午 org.ccnx.ccn.KeyManager publishKey
信息: publishKey: key not previously published, making new key object /ccnx.org/Users/cb/Keys/%C1.M.K%00K=B082A16E5382FBAAA09FBE303E24E042E37E88C290E054292521DECA236523 with version 2015-03-15 22:37:37.0 displayed as =FD055059931000
三月 16, 2015 9:51:21 上午 org.ccnx.ccn.io.CCNAbstractOutputStream <init>
信息: CCNAbstractOutputStream: /ccnx.org/Users/cb/Keys/%C1.M.K%00K=B082A16E5382FBAAA09FBE303E24E042E37E88C290E054292521DECA236523/=FD055059931000 blocksize is 4096
三月 16, 2015 9:51:21 上午 org.ccnx.ccn.io.CCNAbstractOutputStream startWrite
信息: CCNAbstractOutputStream: startWrite -- searching for keys.
三月 16, 2015 9:51:21 上午 org.ccnx.ccn.profiles.security.access.AccessControlManager keysForOutput
信息: keysForOutput: found an acm: (null)
三月 16, 2015 9:51:21 上午 org.ccnx.ccn.io.CCNOutputStream flushToNetwork
信息: flush: outputting to the segmenter, baseName /ccnx.org/Users/cb/Keys/%C1.M.K%00K=B082A16E5382FBAAA09FBE303E24E042E37E88C290E054292521DECA236523/=FD055059931000 basenameindex =00; 162 bytes written, holding back 162 flushing final blocks? false.
三月 16, 2015 9:51:21 上午 org.ccnx.ccn.io.CCNOutputStream flushToNetwork
信息: HEADER: CCNOutputStream: flushToNetwork: new _baseNameIndex 0
三月 16, 2015 9:51:21 上午 org.ccnx.ccn.io.CCNOutputStream flushToNetwork
信息: flush: outputting to the segmenter, baseName /ccnx.org/Users/cb/Keys/%C1.M.K%00K=B082A16E5382FBAAA09FBE303E24E042E37E88C290E054292521DECA236523/=FD055059931000 basenameindex =00; 162 bytes written, holding back 0 flushing final blocks? true.
三月 16, 2015 9:51:21 上午 org.ccnx.ccn.io.CCNOutputStream flushToNetwork
信息: HEADER: CCNOutputStream: flushToNetwork: new _baseNameIndex 1
三月 16, 2015 9:51:21 上午 org.ccnx.ccn.io.CCNOutputStream close
信息: CCNOutputStream close: /ccnx.org/Users/cb/Keys/%C1.M.K%00K=B082A16E5382FBAAA09FBE303E24E042E37E88C290E054292521DECA236523/=FD055059931000
三月 16, 2015 9:51:21 上午 org.ccnx.ccn.KeyManager publishKey
信息: Published key Sun RSA public key, 1024 bits
  modulus: 117279129325874211277607356849787251715570373721560580642141461638097818254948829770352070726044644268881781743762722938404103804101201617552769856641473514762103364862280112139804873614111497411688991215437978547538300080789649372572822228902620566756781843183599945687014465640524444441393207286473746734631
  public exponent: 65537 to name /ccnx.org/Users/cb/Keys/%C1.M.K%00K=B082A16E5382FBAAA09FBE303E24E042E37E88C290E054292521DECA236523/=FD055059931000 with key locator NAME: /ccnx.org/Users/cb/Keys/%C1.M.K%00K=B082A16E5382FBAAA09FBE303E24E042E37E88C290E054292521DECA236523/=FD055059931000 KEY:itggagmsks2vela17tu60v29o22sdv8hgkgs1a2i991rr526p93; ephemeral digest %ED0D%92S=AD97EF70826998D09FE0A99963E21E6FD92DE465A353986B54D176.
三月 16, 2015 9:51:21 上午 org.ccnx.ccn.impl.security.keys.BasicKeyManager publishKey
信息: publishKey: published key S7CCoW5TgvuqoJ++MD4k4ELjfojCkOBUKSUh3sojZSM=
 under specified key name /ccnx.org/Users/cb/Keys/%C1.M.K%00K=B082A16E5382FBAAA09FBE303E24E042E37E88C290E054292521DECA236523/=FD055059931000
 key locator: NAME: /ccnx.org/Users/cb/Keys/%C1.M.K%00K=B082A16E5382FBAAA09FBE303E24E042E37E88C290E054292521DECA236523/=FD055059931000 KEY:itggagmsks2vela17tu60v29o22sdv8hgkgs1a2i991rr526p93
三月 16, 2015 9:51:21 上午 org.ccnx.ccn.impl.security.keys.BasicKeyManager publishKey
信息: publishKey: storing key locator S7CCoW5TgvuqoJ++MD4k4ELjfojCkOBUKSUh3sojZSM= for key NAME: /ccnx.org/Users/cb/Keys/%C1.M.K%00K=B082A16E5382FBAAA09FBE303E24E042E37E88C290E054292521DECA236523/=FD055059931000 KEY:itggagmsks2vela17tu60v29o22sdv8hgkgs1a2i991rr526p93
三月 16, 2015 9:51:21 上午 org.ccnx.ccn.impl.CCNNetworkManager <init>
警告: NetworkManager 2: Non-standard CCN agent port 63000 per property ccn.agent.port
三月 16, 2015 9:51:21 上午 org.ccnx.ccn.impl.CCNNetworkManager <init>
信息: NetworkManager 2: Contacting CCN agent at localhost:63000
三月 16, 2015 9:51:21 上午 org.ccnx.ccn.impl.CCNNetworkChannel <init>
信息: NetworkChannel 2: Starting up CCNNetworkChannel using TCP.
三月 16, 2015 9:51:21 上午 org.ccnx.ccn.impl.CCNNetworkChannel open
信息: NetworkChannel 2: open()
三月 16, 2015 9:51:21 上午 org.ccnx.ccn.impl.CCNNetworkChannel open
信息: NetworkChannel 2: Contacting CCN agent at localhost:63000 on local port 49783
三月 16, 2015 9:51:21 上午 org.ccnx.ccn.CCNHandle <init>
信息: CCNHandle 2: Handle is now open
三月 16, 2015 9:51:21 上午 org.ccnx.ccn.impl.CCNNetworkManager <init>
警告: NetworkManager 3: Non-standard CCN agent port 63000 per property ccn.agent.port
三月 16, 2015 9:51:21 上午 org.ccnx.ccn.impl.CCNNetworkManager <init>
信息: NetworkManager 3: Contacting CCN agent at localhost:63000
三月 16, 2015 9:51:21 上午 org.ccnx.ccn.impl.CCNNetworkChannel <init>
信息: NetworkChannel 3: Starting up CCNNetworkChannel using TCP.
三月 16, 2015 9:51:21 上午 org.ccnx.ccn.impl.CCNNetworkChannel open
信息: NetworkChannel 3: open()
三月 16, 2015 9:51:21 上午 org.ccnx.ccn.impl.CCNNetworkChannel open
信息: NetworkChannel 3: Contacting CCN agent at localhost:63000 on local port 49784
三月 16, 2015 9:51:21 上午 org.ccnx.ccn.CCNHandle <init>
信息: CCNHandle 3: Handle is now open
三月 16, 2015 9:51:21 上午 org.ccnx.ccn.repo.RFSTest testPolicy
信息: Starting testPolicy
三月 16, 2015 9:51:21 上午 org.ccnx.ccn.impl.repo.LogStructRepoStore initialize
信息: LogStructRepoStore.initialize()
三月 16, 2015 9:51:21 上午 org.ccnx.ccn.impl.repo.BasicPolicy createPolicyXML
信息: Creating policy file
三月 16, 2015 9:51:21 上午 org.ccnx.ccn.impl.repo.BasicPolicy update
信息: Updating policy
三月 16, 2015 9:51:21 上午 org.ccnx.ccn.impl.repo.LogStructRepoStore initialize
信息: LogStructRepoStore.initialize()
三月 16, 2015 9:51:21 上午 org.ccnx.ccn.impl.repo.BasicPolicy createPolicyXML
信息: Creating policy file
三月 16, 2015 9:51:21 上午 org.ccnx.ccn.impl.repo.BasicPolicy update
信息: Updating policy
三月 16, 2015 9:51:21 上午 org.ccnx.ccn.impl.repo.BasicPolicy update
警告: Bad version in policy file: foobar
三月 16, 2015 9:51:21 上午 org.ccnx.ccn.impl.repo.LogStructRepoStore initialize
信息: LogStructRepoStore.initialize()
三月 16, 2015 9:51:21 上午 org.ccnx.ccn.impl.repo.BasicPolicy createPolicyXML
信息: Creating policy file
三月 16, 2015 9:51:21 上午 org.ccnx.ccn.impl.repo.BasicPolicy update
信息: Updating policy
三月 16, 2015 9:51:21 上午 org.ccnx.ccn.impl.repo.BasicPolicy update
信息: Policy has been updated. New namespace is: /parc.com/csl/ccn/repositories/TestRepository:/testNameSpace:/testNameSpace2:
三月 16, 2015 9:51:21 上午 org.ccnx.ccn.impl.repo.LogStructRepoStore initialize
警告: Starting repository; repository root is: /home/cb/work/ccnx-0.8.2/javasrc/testout/repotest
三月 16, 2015 9:51:21 上午 org.ccnx.ccn.impl.security.keys.BasicKeyManager loadKeyStore
信息: Creating new CCN key store.../home/cb/work/ccnx-0.8.2/javasrc/testout/repotest/ccnx_repository_keystore
三月 16, 2015 9:51:22 上午 org.ccnx.ccn.impl.security.keys.BasicKeyManager loadKeyStore
信息: ...created key store. Version: 2015-03-16 09:51:21.0 (1426470681000 ms) Last modified: 1426470682000. Will now load normally.
三月 16, 2015 9:51:22 上午 org.ccnx.ccn.impl.security.keys.BasicKeyManager loadKeyStore
信息: Loading CCN key store from /home/cb/work/ccnx-0.8.2/javasrc/testout/repotest/ccnx_repository_keystore...last modified 1426470682000(ms).
三月 16, 2015 9:51:22 上午 org.ccnx.ccn.impl.security.keys.BasicKeyManager readKeyStore
信息: Loading CCN key store...
三月 16, 2015 9:51:22 上午 org.ccnx.ccn.impl.security.keys.BasicKeyManager loadKeyStore
信息: Loaded CCN key store from /home/cb/work/ccnx-0.8.2/javasrc/testout/repotest/ccnx_repository_keystore...version 2015-03-16 09:51:22.0 ms: 1426470682000
三月 16, 2015 9:51:22 上午 org.ccnx.ccn.impl.security.keys.BasicKeyManager loadValuesFromKeystore
信息: Loading key store file:/home/cb/work/ccnx-0.8.2/javasrc/testout/repotest/ccnx_repository_keystore version 2015-03-16 09:51:22.0 version component =FD05506371A000 millis 1426470682000
三月 16, 2015 9:51:22 上午 org.ccnx.ccn.impl.security.keys.BasicKeyManager loadValuesFromKeystore
信息: Default key ID for user Repository: /Q7S7P4yoU0ndNa5gYcCDZSf8/aqLKyAkMtJ34IvewA=
三月 16, 2015 9:51:22 上午 org.ccnx.ccn.impl.security.keys.SecureKeyCache loadKeyStore
信息: KeyCache: loading signing key /Q7S7P4yoU0ndNa5gYcCDZSf8/aqLKyAkMtJ34IvewA=, remembering public key in public key cache.
三月 16, 2015 9:51:22 上午 org.ccnx.ccn.impl.security.keys.SecureKeyCache addMySigningKey
信息: SecureKeyCache: adding my private key fd0ed2ecfe32a14d2774d6b98187020d949ff3f6aa2cac8090cb49df822f7b00
三月 16, 2015 9:51:22 上午 org.ccnx.ccn.impl.security.keys.BasicKeyManager loadValuesFromConfiguration
信息: Not loading key manager configuration data in response to user configuration variable.
三月 16, 2015 9:51:22 上午 org.ccnx.ccn.impl.CCNNetworkManager <init>
警告: NetworkManager 4: Non-standard CCN agent port 63000 per property ccn.agent.port
三月 16, 2015 9:51:22 上午 org.ccnx.ccn.impl.CCNNetworkManager <init>
信息: NetworkManager 4: Contacting CCN agent at localhost:63000
三月 16, 2015 9:51:22 上午 org.ccnx.ccn.impl.CCNNetworkChannel <init>
信息: NetworkChannel 4: Starting up CCNNetworkChannel using TCP.
三月 16, 2015 9:51:22 上午 org.ccnx.ccn.impl.CCNNetworkChannel open
信息: NetworkChannel 4: open()
三月 16, 2015 9:51:22 上午 org.ccnx.ccn.impl.CCNNetworkChannel open
信息: NetworkChannel 4: Contacting CCN agent at localhost:63000 on local port 49785
三月 16, 2015 9:51:22 上午 org.ccnx.ccn.CCNHandle <init>
信息: CCNHandle 4: Handle is now open
三月 16, 2015 9:51:22 上午 org.ccnx.ccn.impl.CCNNetworkManager run
信息: NetworkManager 4: CCNNetworkManager processing thread started for port: 63000
三月 16, 2015 9:51:22 上午 org.ccnx.ccn.impl.security.keys.PublicKeyCache getPublicKey
信息: Repository looking up a key that is contained in the locator...
三月 16, 2015 9:51:22 上午 org.ccnx.ccn.impl.CCNFlowControl addNameSpace
信息: Flow controller addNameSpace: added namespace: /ccnx.org/Users/Repository/Keys/%C1.M.K=00FD0ED2ECFE32A14D2774D6B98187020D949FF3F6AA2CAC8090CB49DF822F7B00/=FD05506371A000
三月 16, 2015 9:51:22 上午 org.ccnx.ccn.impl.security.keys.BasicKeyManager getKeyLocator
信息: getKeyLocator: returning locator KEY: /Q7S7P4yoU0ndNa5gYcCDZSf8/aqLKyAkMtJ34IvewA= for key /Q7S7P4yoU0ndNa5gYcCDZSf8/aqLKyAkMtJ34IvewA=
三月 16, 2015 9:51:22 上午 org.ccnx.ccn.KeyManager publishKey
信息: publishKey: key not previously published, making new key object /ccnx.org/Users/Repository/Keys/%C1.M.K=00FD0ED2ECFE32A14D2774D6B98187020D949FF3F6AA2CAC8090CB49DF822F7B00 with version 2015-03-16 09:51:22.0 displayed as =FD05506371A000
三月 16, 2015 9:51:22 上午 org.ccnx.ccn.io.CCNAbstractOutputStream <init>
信息: CCNAbstractOutputStream: /ccnx.org/Users/Repository/Keys/%C1.M.K=00FD0ED2ECFE32A14D2774D6B98187020D949FF3F6AA2CAC8090CB49DF822F7B00/=FD05506371A000 blocksize is 4096
三月 16, 2015 9:51:22 上午 org.ccnx.ccn.io.CCNAbstractOutputStream startWrite
信息: CCNAbstractOutputStream: startWrite -- searching for keys.
三月 16, 2015 9:51:22 上午 org.ccnx.ccn.io.CCNOutputStream flushToNetwork
信息: flush: outputting to the segmenter, baseName /ccnx.org/Users/Repository/Keys/%C1.M.K=00FD0ED2ECFE32A14D2774D6B98187020D949FF3F6AA2CAC8090CB49DF822F7B00/=FD05506371A000 basenameindex =00; 162 bytes written, holding back 162 flushing final blocks? false.
三月 16, 2015 9:51:22 上午 org.ccnx.ccn.io.CCNOutputStream flushToNetwork
信息: HEADER: CCNOutputStream: flushToNetwork: new _baseNameIndex 0
三月 16, 2015 9:51:22 上午 org.ccnx.ccn.io.CCNOutputStream flushToNetwork
信息: flush: outputting to the segmenter, baseName /ccnx.org/Users/Repository/Keys/%C1.M.K=00FD0ED2ECFE32A14D2774D6B98187020D949FF3F6AA2CAC8090CB49DF822F7B00/=FD05506371A000 basenameindex =00; 162 bytes written, holding back 0 flushing final blocks? true.
三月 16, 2015 9:51:22 上午 org.ccnx.ccn.io.CCNOutputStream flushToNetwork
信息: HEADER: CCNOutputStream: flushToNetwork: new _baseNameIndex 1
三月 16, 2015 9:51:22 上午 org.ccnx.ccn.io.CCNOutputStream close
信息: CCNOutputStream close: /ccnx.org/Users/Repository/Keys/%C1.M.K=00FD0ED2ECFE32A14D2774D6B98187020D949FF3F6AA2CAC8090CB49DF822F7B00/=FD05506371A000
三月 16, 2015 9:51:22 上午 org.ccnx.ccn.KeyManager publishKey
信息: Published key Sun RSA public key, 1024 bits
  modulus: 103406764689343970488358185841244488691925022209268246303063880273377466185419021110787446670991635558329638515861937529864452599020936544237629591781792342729169496505949245681306113565560267751006255089639552337950749309446667276069435409658396281048791449372299796203438487436579766662211212069426989752979
  public exponent: 65537 to name /ccnx.org/Users/Repository/Keys/%C1.M.K=00FD0ED2ECFE32A14D2774D6B98187020D949FF3F6AA2CAC8090CB49DF822F7B00/=FD05506371A000 with key locator NAME: /ccnx.org/Users/Repository/Keys/%C1.M.K=00FD0ED2ECFE32A14D2774D6B98187020D949FF3F6AA2CAC8090CB49DF822F7B00/=FD05506371A000 KEY:-nh5k9g3jaumbc8maa6fpsfrsjbc060ilejadvmud5m41ut1180; ephemeral digest =2728DF6CFF2DF0A87DB7AEEB4BEA123E94C77D13F1CA1C17B8D871DDC164182F.
三月 16, 2015 9:51:22 上午 org.ccnx.ccn.impl.security.keys.BasicKeyManager publishKey
信息: publishKey: published key /Q7S7P4yoU0ndNa5gYcCDZSf8/aqLKyAkMtJ34IvewA=
 under specified key name /ccnx.org/Users/Repository/Keys/%C1.M.K=00FD0ED2ECFE32A14D2774D6B98187020D949FF3F6AA2CAC8090CB49DF822F7B00/=FD05506371A000
 key locator: NAME: /ccnx.org/Users/Repository/Keys/%C1.M.K=00FD0ED2ECFE32A14D2774D6B98187020D949FF3F6AA2CAC8090CB49DF822F7B00/=FD05506371A000 KEY:-nh5k9g3jaumbc8maa6fpsfrsjbc060ilejadvmud5m41ut1180
三月 16, 2015 9:51:22 上午 org.ccnx.ccn.impl.security.keys.BasicKeyManager publishKey
信息: publishKey: storing key locator /Q7S7P4yoU0ndNa5gYcCDZSf8/aqLKyAkMtJ34IvewA= for key NAME: /ccnx.org/Users/Repository/Keys/%C1.M.K=00FD0ED2ECFE32A14D2774D6B98187020D949FF3F6AA2CAC8090CB49DF822F7B00/=FD05506371A000 KEY:-nh5k9g3jaumbc8maa6fpsfrsjbc060ilejadvmud5m41ut1180
三月 16, 2015 9:51:22 上午 org.ccnx.ccn.impl.CCNNetworkManager shutdown
信息: NetworkManager 1: Shutdown requested
三月 16, 2015 9:51:22 上午 org.ccnx.ccn.impl.CCNNetworkChannel close
信息: NetworkChannel 1: close(false)
三月 16, 2015 9:51:22 上午 org.ccnx.ccn.impl.CCNNetworkManager run
信息: NetworkManager 1: Shutdown complete for port: 63000
三月 16, 2015 9:51:22 上午 org.ccnx.ccn.impl.security.keys.BasicKeyManager saveSecureKeyCache
信息: Not saving key manager secure key cache data in response to user configuration variable.
三月 16, 2015 9:51:22 上午 org.ccnx.ccn.KeyManager setDefaultKeyManager
信息: Setting default key manager: new KeyManager org.ccnx.ccn.impl.security.keys.BasicKeyManager
三月 16, 2015 9:51:22 上午 org.ccnx.ccn.impl.CCNNetworkManager <init>
警告: NetworkManager 5: Non-standard CCN agent port 63000 per property ccn.agent.port
三月 16, 2015 9:51:22 上午 org.ccnx.ccn.impl.CCNNetworkManager <init>
信息: NetworkManager 5: Contacting CCN agent at localhost:63000
三月 16, 2015 9:51:22 上午 org.ccnx.ccn.impl.CCNNetworkChannel <init>
信息: NetworkChannel 5: Starting up CCNNetworkChannel using TCP.
三月 16, 2015 9:51:22 上午 org.ccnx.ccn.impl.CCNNetworkChannel open
信息: NetworkChannel 5: open()
三月 16, 2015 9:51:22 上午 org.ccnx.ccn.impl.CCNNetworkChannel open
信息: NetworkChannel 5: Contacting CCN agent at localhost:63000 on local port 49786
三月 16, 2015 9:51:22 上午 org.ccnx.ccn.CCNHandle <init>
信息: CCNHandle 5: Handle is now open
三月 16, 2015 9:51:22 上午 org.ccnx.ccn.impl.CCNFlowControl addNameSpace
信息: Flow controller addNameSpace: added namespace: /%C1.M.S.localhost/%C1.M.SRV/repository/KEY/%C1.M.K=00FD0ED2ECFE32A14D2774D6B98187020D949FF3F6AA2CAC8090CB49DF822F7B00
三月 16, 2015 9:51:22 上午 org.ccnx.ccn.impl.security.keys.BasicKeyManager getKeyLocator
信息: getKeyLocator: returning locator NAME: /ccnx.org/Users/Repository/Keys/%C1.M.K=00FD0ED2ECFE32A14D2774D6B98187020D949FF3F6AA2CAC8090CB49DF822F7B00/=FD05506371A000 KEY:-nh5k9g3jaumbc8maa6fpsfrsjbc060ilejadvmud5m41ut1180 for key /Q7S7P4yoU0ndNa5gYcCDZSf8/aqLKyAkMtJ34IvewA=
三月 16, 2015 9:51:22 上午 org.ccnx.ccn.KeyManager publishKey
信息: publishKey: key not previously published, making new key object /%C1.M.S.localhost/%C1.M.SRV/repository/KEY/%C1.M.K=00FD0ED2ECFE32A14D2774D6B98187020D949FF3F6AA2CAC8090CB49DF822F7B00 with version 2015-03-16 09:51:22.09790039 displayed as <no version>
三月 16, 2015 9:51:22 上午 org.ccnx.ccn.io.CCNAbstractOutputStream <init>
信息: CCNAbstractOutputStream: /%C1.M.S.localhost/%C1.M.SRV/repository/KEY/%C1.M.K=00FD0ED2ECFE32A14D2774D6B98187020D949FF3F6AA2CAC8090CB49DF822F7B00/=FD05506371A191 blocksize is 4096
三月 16, 2015 9:51:22 上午 org.ccnx.ccn.io.CCNAbstractOutputStream startWrite
信息: CCNAbstractOutputStream: startWrite -- searching for keys.
三月 16, 2015 9:51:22 上午 org.ccnx.ccn.io.CCNOutputStream flushToNetwork
信息: flush: outputting to the segmenter, baseName /%C1.M.S.localhost/%C1.M.SRV/repository/KEY/%C1.M.K=00FD0ED2ECFE32A14D2774D6B98187020D949FF3F6AA2CAC8090CB49DF822F7B00/=FD05506371A191 basenameindex =00; 162 bytes written, holding back 162 flushing final blocks? false.
三月 16, 2015 9:51:22 上午 org.ccnx.ccn.io.CCNOutputStream flushToNetwork
信息: HEADER: CCNOutputStream: flushToNetwork: new _baseNameIndex 0
三月 16, 2015 9:51:22 上午 org.ccnx.ccn.io.CCNOutputStream flushToNetwork
信息: flush: outputting to the segmenter, baseName /%C1.M.S.localhost/%C1.M.SRV/repository/KEY/%C1.M.K=00FD0ED2ECFE32A14D2774D6B98187020D949FF3F6AA2CAC8090CB49DF822F7B00/=FD05506371A191 basenameindex =00; 162 bytes written, holding back 0 flushing final blocks? true.
三月 16, 2015 9:51:22 上午 org.ccnx.ccn.io.CCNOutputStream flushToNetwork
信息: HEADER: CCNOutputStream: flushToNetwork: new _baseNameIndex 1
三月 16, 2015 9:51:22 上午 org.ccnx.ccn.io.CCNOutputStream close
信息: CCNOutputStream close: /%C1.M.S.localhost/%C1.M.SRV/repository/KEY/%C1.M.K=00FD0ED2ECFE32A14D2774D6B98187020D949FF3F6AA2CAC8090CB49DF822F7B00/=FD05506371A191
三月 16, 2015 9:51:22 上午 org.ccnx.ccn.KeyManager publishKey
信息: Published key Sun RSA public key, 1024 bits
  modulus: 103406764689343970488358185841244488691925022209268246303063880273377466185419021110787446670991635558329638515861937529864452599020936544237629591781792342729169496505949245681306113565560267751006255089639552337950749309446667276069435409658396281048791449372299796203438487436579766662211212069426989752979
  public exponent: 65537 to name /%C1.M.S.localhost/%C1.M.SRV/repository/KEY/%C1.M.K=00FD0ED2ECFE32A14D2774D6B98187020D949FF3F6AA2CAC8090CB49DF822F7B00/=FD05506371A191 with key locator NAME: /%C1.M.S.localhost/%C1.M.SRV/repository/KEY/%C1.M.K=00FD0ED2ECFE32A14D2774D6B98187020D949FF3F6AA2CAC8090CB49DF822F7B00/=FD05506371A191 KEY:-nh5k9g3jaumbc8maa6fpsfrsjbc060ilejadvmud5m41ut1180; ephemeral digest =CCCD5B9363364588B7FAFFEEAE04AB915A2146E4FBF3BEFDA44962D81FEE880F.
三月 16, 2015 9:51:22 上午 org.ccnx.ccn.impl.security.keys.BasicKeyManager publishKey
信息: publishKey: published key /Q7S7P4yoU0ndNa5gYcCDZSf8/aqLKyAkMtJ34IvewA=
 under specified key name /%C1.M.S.localhost/%C1.M.SRV/repository/KEY/%C1.M.K=00FD0ED2ECFE32A14D2774D6B98187020D949FF3F6AA2CAC8090CB49DF822F7B00/=FD05506371A191
 key locator: NAME: /%C1.M.S.localhost/%C1.M.SRV/repository/KEY/%C1.M.K=00FD0ED2ECFE32A14D2774D6B98187020D949FF3F6AA2CAC8090CB49DF822F7B00/=FD05506371A191 KEY:-nh5k9g3jaumbc8maa6fpsfrsjbc060ilejadvmud5m41ut1180
三月 16, 2015 9:51:22 上午 org.ccnx.ccn.impl.CCNFlowControl addNameSpace
信息: Flow controller addNameSpace: added namespace: /%C1.M.S.localhost/%C1.M.SRV/repository/KEY
三月 16, 2015 9:51:22 上午 org.ccnx.ccn.impl.repo.LogStructRepoStore initialize
信息: REPO: initializing repository: global prefix /parc.com/csl/ccn/repositories/TestRepository, local name TestRepository
三月 16, 2015 9:51:22 上午 org.ccnx.ccn.impl.repo.LogStructRepoStore initialize
信息: REPO: initializing policy location: TestRepository for global prefix /parc.com/csl/ccn/repositories/TestRepository and local name TestRepository
三月 16, 2015 9:51:22 上午 org.ccnx.ccn.impl.repo.LogStructRepoStore shutDown
信息: LogStructRepoStore.shutdown()
三月 16, 2015 9:51:22 上午 org.ccnx.ccn.impl.repo.RepositoryStoreBase shutDown
信息: RespositoryStoreBase.shutdown()
三月 16, 2015 9:51:22 上午 org.ccnx.ccn.impl.CCNNetworkManager shutdown
信息: NetworkManager 5: Shutdown requested
三月 16, 2015 9:51:22 上午 org.ccnx.ccn.impl.CCNNetworkChannel close
信息: NetworkChannel 5: close(false)
三月 16, 2015 9:51:22 上午 org.ccnx.ccn.impl.CCNNetworkManager shutdown
信息: NetworkManager 4: Shutdown requested
三月 16, 2015 9:51:22 上午 org.ccnx.ccn.impl.CCNNetworkManager run
信息: NetworkManager 4: Shutdown complete for port: 63000
三月 16, 2015 9:51:22 上午 org.ccnx.ccn.impl.CCNNetworkChannel close
信息: NetworkChannel 4: close(false)
三月 16, 2015 9:51:22 上午 org.ccnx.ccn.impl.security.keys.BasicKeyManager saveSecureKeyCache
信息: Not saving key manager secure key cache data in response to user configuration variable.
三月 16, 2015 9:51:22 上午 org.ccnx.ccn.repo.RFSTest testPolicy
信息: Completed testPolicy
三月 16, 2015 9:51:22 上午 org.ccnx.ccn.repo.RFSTest testRepo
信息: Starting testRepo
三月 16, 2015 9:51:22 上午 org.ccnx.ccn.impl.repo.LogStructRepoStore initialize
信息: LogStructRepoStore.initialize()
三月 16, 2015 9:51:22 上午 org.ccnx.ccn.impl.repo.LogStructRepoStore initialize
警告: Starting repository; repository root is: /home/cb/work/ccnx-0.8.2/javasrc/testout/repotest
三月 16, 2015 9:51:22 上午 org.ccnx.ccn.impl.security.keys.BasicKeyManager loadKeyStore
信息: Loading CCN key store from /home/cb/work/ccnx-0.8.2/javasrc/testout/repotest/ccnx_repository_keystore...last modified 1426470682000(ms).
三月 16, 2015 9:51:22 上午 org.ccnx.ccn.impl.security.keys.BasicKeyManager readKeyStore
信息: Loading CCN key store...
三月 16, 2015 9:51:22 上午 org.ccnx.ccn.impl.security.keys.BasicKeyManager loadKeyStore
信息: Loaded CCN key store from /home/cb/work/ccnx-0.8.2/javasrc/testout/repotest/ccnx_repository_keystore...version 2015-03-16 09:51:22.0 ms: 1426470682000
三月 16, 2015 9:51:22 上午 org.ccnx.ccn.impl.security.keys.BasicKeyManager loadValuesFromKeystore
信息: Loading key store file:/home/cb/work/ccnx-0.8.2/javasrc/testout/repotest/ccnx_repository_keystore version 2015-03-16 09:51:22.0 version component =FD05506371A000 millis 1426470682000
三月 16, 2015 9:51:22 上午 org.ccnx.ccn.impl.security.keys.BasicKeyManager loadValuesFromKeystore
信息: Default key ID for user Repository: /Q7S7P4yoU0ndNa5gYcCDZSf8/aqLKyAkMtJ34IvewA=
三月 16, 2015 9:51:22 上午 org.ccnx.ccn.impl.security.keys.SecureKeyCache loadKeyStore
信息: KeyCache: loading signing key /Q7S7P4yoU0ndNa5gYcCDZSf8/aqLKyAkMtJ34IvewA=, remembering public key in public key cache.
三月 16, 2015 9:51:22 上午 org.ccnx.ccn.impl.security.keys.SecureKeyCache addMySigningKey
信息: SecureKeyCache: adding my private key fd0ed2ecfe32a14d2774d6b98187020d949ff3f6aa2cac8090cb49df822f7b00
三月 16, 2015 9:51:22 上午 org.ccnx.ccn.impl.security.keys.BasicKeyManager loadValuesFromConfiguration
信息: Not loading key manager configuration data in response to user configuration variable.
三月 16, 2015 9:51:22 上午 org.ccnx.ccn.impl.CCNNetworkManager <init>
警告: NetworkManager 6: Non-standard CCN agent port 63000 per property ccn.agent.port
三月 16, 2015 9:51:22 上午 org.ccnx.ccn.impl.CCNNetworkManager <init>
信息: NetworkManager 6: Contacting CCN agent at localhost:63000
三月 16, 2015 9:51:22 上午 org.ccnx.ccn.impl.CCNNetworkChannel <init>
信息: NetworkChannel 6: Starting up CCNNetworkChannel using TCP.
三月 16, 2015 9:51:22 上午 org.ccnx.ccn.impl.CCNNetworkChannel open
信息: NetworkChannel 6: open()
三月 16, 2015 9:51:22 上午 org.ccnx.ccn.impl.CCNNetworkChannel open
信息: NetworkChannel 6: Contacting CCN agent at localhost:63000 on local port 49787
三月 16, 2015 9:51:22 上午 org.ccnx.ccn.CCNHandle <init>
信息: CCNHandle 6: Handle is now open
三月 16, 2015 9:51:22 上午 org.ccnx.ccn.impl.CCNNetworkManager run
信息: NetworkManager 6: CCNNetworkManager processing thread started for port: 63000
三月 16, 2015 9:51:22 上午 org.ccnx.ccn.impl.security.keys.PublicKeyCache getPublicKey
信息: Repository looking up a key that is contained in the locator...
三月 16, 2015 9:51:22 上午 org.ccnx.ccn.impl.CCNFlowControl addNameSpace
信息: Flow controller addNameSpace: added namespace: /ccnx.org/Users/Repository/Keys/%C1.M.K=00FD0ED2ECFE32A14D2774D6B98187020D949FF3F6AA2CAC8090CB49DF822F7B00/=FD05506371A000
三月 16, 2015 9:51:22 上午 org.ccnx.ccn.impl.security.keys.BasicKeyManager getKeyLocator
信息: getKeyLocator: returning locator KEY: /Q7S7P4yoU0ndNa5gYcCDZSf8/aqLKyAkMtJ34IvewA= for key /Q7S7P4yoU0ndNa5gYcCDZSf8/aqLKyAkMtJ34IvewA=
三月 16, 2015 9:51:22 上午 org.ccnx.ccn.KeyManager publishKey
信息: publishKey: key not previously published, making new key object /ccnx.org/Users/Repository/Keys/%C1.M.K=00FD0ED2ECFE32A14D2774D6B98187020D949FF3F6AA2CAC8090CB49DF822F7B00 with version 2015-03-16 09:51:22.0 displayed as =FD05506371A000
三月 16, 2015 9:51:22 上午 org.ccnx.ccn.io.CCNAbstractOutputStream <init>
信息: CCNAbstractOutputStream: /ccnx.org/Users/Repository/Keys/%C1.M.K=00FD0ED2ECFE32A14D2774D6B98187020D949FF3F6AA2CAC8090CB49DF822F7B00/=FD05506371A000 blocksize is 4096
三月 16, 2015 9:51:22 上午 org.ccnx.ccn.io.CCNAbstractOutputStream startWrite
信息: CCNAbstractOutputStream: startWrite -- searching for keys.
三月 16, 2015 9:51:22 上午 org.ccnx.ccn.io.CCNOutputStream flushToNetwork
信息: flush: outputting to the segmenter, baseName /ccnx.org/Users/Repository/Keys/%C1.M.K=00FD0ED2ECFE32A14D2774D6B98187020D949FF3F6AA2CAC8090CB49DF822F7B00/=FD05506371A000 basenameindex =00; 162 bytes written, holding back 162 flushing final blocks? false.
三月 16, 2015 9:51:22 上午 org.ccnx.ccn.io.CCNOutputStream flushToNetwork
信息: HEADER: CCNOutputStream: flushToNetwork: new _baseNameIndex 0
三月 16, 2015 9:51:22 上午 org.ccnx.ccn.io.CCNOutputStream flushToNetwork
信息: flush: outputting to the segmenter, baseName /ccnx.org/Users/Repository/Keys/%C1.M.K=00FD0ED2ECFE32A14D2774D6B98187020D949FF3F6AA2CAC8090CB49DF822F7B00/=FD05506371A000 basenameindex =00; 162 bytes written, holding back 0 flushing final blocks? true.
三月 16, 2015 9:51:22 上午 org.ccnx.ccn.io.CCNOutputStream flushToNetwork
信息: HEADER: CCNOutputStream: flushToNetwork: new _baseNameIndex 1
三月 16, 2015 9:51:22 上午 org.ccnx.ccn.io.CCNOutputStream close
信息: CCNOutputStream close: /ccnx.org/Users/Repository/Keys/%C1.M.K=00FD0ED2ECFE32A14D2774D6B98187020D949FF3F6AA2CAC8090CB49DF822F7B00/=FD05506371A000
三月 16, 2015 9:51:22 上午 org.ccnx.ccn.KeyManager publishKey
信息: Published key Sun RSA public key, 1024 bits
  modulus: 103406764689343970488358185841244488691925022209268246303063880273377466185419021110787446670991635558329638515861937529864452599020936544237629591781792342729169496505949245681306113565560267751006255089639552337950749309446667276069435409658396281048791449372299796203438487436579766662211212069426989752979
  public exponent: 65537 to name /ccnx.org/Users/Repository/Keys/%C1.M.K=00FD0ED2ECFE32A14D2774D6B98187020D949FF3F6AA2CAC8090CB49DF822F7B00/=FD05506371A000 with key locator NAME: /ccnx.org/Users/Repository/Keys/%C1.M.K=00FD0ED2ECFE32A14D2774D6B98187020D949FF3F6AA2CAC8090CB49DF822F7B00/=FD05506371A000 KEY:-nh5k9g3jaumbc8maa6fpsfrsjbc060ilejadvmud5m41ut1180; ephemeral digest c%BBz=2988B02629619A967EDCA8D0167DC039C50F31AADB49C8A18303E82B73.
三月 16, 2015 9:51:22 上午 org.ccnx.ccn.impl.security.keys.BasicKeyManager publishKey
信息: publishKey: published key /Q7S7P4yoU0ndNa5gYcCDZSf8/aqLKyAkMtJ34IvewA=
 under specified key name /ccnx.org/Users/Repository/Keys/%C1.M.K=00FD0ED2ECFE32A14D2774D6B98187020D949FF3F6AA2CAC8090CB49DF822F7B00/=FD05506371A000
 key locator: NAME: /ccnx.org/Users/Repository/Keys/%C1.M.K=00FD0ED2ECFE32A14D2774D6B98187020D949FF3F6AA2CAC8090CB49DF822F7B00/=FD05506371A000 KEY:-nh5k9g3jaumbc8maa6fpsfrsjbc060ilejadvmud5m41ut1180
三月 16, 2015 9:51:22 上午 org.ccnx.ccn.impl.security.keys.BasicKeyManager publishKey
信息: publishKey: storing key locator /Q7S7P4yoU0ndNa5gYcCDZSf8/aqLKyAkMtJ34IvewA= for key NAME: /ccnx.org/Users/Repository/Keys/%C1.M.K=00FD0ED2ECFE32A14D2774D6B98187020D949FF3F6AA2CAC8090CB49DF822F7B00/=FD05506371A000 KEY:-nh5k9g3jaumbc8maa6fpsfrsjbc060ilejadvmud5m41ut1180
三月 16, 2015 9:51:22 上午 org.ccnx.ccn.KeyManager setDefaultKeyManager
信息: Setting default key manager: new KeyManager org.ccnx.ccn.impl.security.keys.BasicKeyManager
三月 16, 2015 9:51:22 上午 org.ccnx.ccn.impl.CCNNetworkManager <init>
警告: NetworkManager 7: Non-standard CCN agent port 63000 per property ccn.agent.port
三月 16, 2015 9:51:22 上午 org.ccnx.ccn.impl.CCNNetworkManager <init>
信息: NetworkManager 7: Contacting CCN agent at localhost:63000
三月 16, 2015 9:51:22 上午 org.ccnx.ccn.impl.CCNNetworkChannel <init>
信息: NetworkChannel 7: Starting up CCNNetworkChannel using TCP.
三月 16, 2015 9:51:22 上午 org.ccnx.ccn.impl.CCNNetworkChannel open
信息: NetworkChannel 7: open()
三月 16, 2015 9:51:22 上午 org.ccnx.ccn.impl.CCNNetworkChannel open
信息: NetworkChannel 7: Contacting CCN agent at localhost:63000 on local port 49788
三月 16, 2015 9:51:22 上午 org.ccnx.ccn.CCNHandle <init>
信息: CCNHandle 7: Handle is now open
三月 16, 2015 9:51:22 上午 org.ccnx.ccn.impl.CCNFlowControl addNameSpace
信息: Flow controller addNameSpace: added namespace: /%C1.M.S.localhost/%C1.M.SRV/repository/KEY/%C1.M.K=00FD0ED2ECFE32A14D2774D6B98187020D949FF3F6AA2CAC8090CB49DF822F7B00
三月 16, 2015 9:51:22 上午 org.ccnx.ccn.impl.security.keys.BasicKeyManager getKeyLocator
信息: getKeyLocator: returning locator NAME: /ccnx.org/Users/Repository/Keys/%C1.M.K=00FD0ED2ECFE32A14D2774D6B98187020D949FF3F6AA2CAC8090CB49DF822F7B00/=FD05506371A000 KEY:-nh5k9g3jaumbc8maa6fpsfrsjbc060ilejadvmud5m41ut1180 for key /Q7S7P4yoU0ndNa5gYcCDZSf8/aqLKyAkMtJ34IvewA=
三月 16, 2015 9:51:22 上午 org.ccnx.ccn.KeyManager publishKey
信息: publishKey: key not previously published, making new key object /%C1.M.S.localhost/%C1.M.SRV/repository/KEY/%C1.M.K=00FD0ED2ECFE32A14D2774D6B98187020D949FF3F6AA2CAC8090CB49DF822F7B00 with version 2015-03-16 09:51:22.183105468 displayed as <no version>
三月 16, 2015 9:51:22 上午 org.ccnx.ccn.io.CCNAbstractOutputStream <init>
信息: CCNAbstractOutputStream: /%C1.M.S.localhost/%C1.M.SRV/repository/KEY/%C1.M.K=00FD0ED2ECFE32A14D2774D6B98187020D949FF3F6AA2CAC8090CB49DF822F7B00/=FD05506371A2EE blocksize is 4096
三月 16, 2015 9:51:22 上午 org.ccnx.ccn.io.CCNAbstractOutputStream startWrite
信息: CCNAbstractOutputStream: startWrite -- searching for keys.
三月 16, 2015 9:51:22 上午 org.ccnx.ccn.io.CCNOutputStream flushToNetwork
信息: flush: outputting to the segmenter, baseName /%C1.M.S.localhost/%C1.M.SRV/repository/KEY/%C1.M.K=00FD0ED2ECFE32A14D2774D6B98187020D949FF3F6AA2CAC8090CB49DF822F7B00/=FD05506371A2EE basenameindex =00; 162 bytes written, holding back 162 flushing final blocks? false.
三月 16, 2015 9:51:22 上午 org.ccnx.ccn.io.CCNOutputStream flushToNetwork
信息: HEADER: CCNOutputStream: flushToNetwork: new _baseNameIndex 0
三月 16, 2015 9:51:22 上午 org.ccnx.ccn.io.CCNOutputStream flushToNetwork
信息: flush: outputting to the segmenter, baseName /%C1.M.S.localhost/%C1.M.SRV/repository/KEY/%C1.M.K=00FD0ED2ECFE32A14D2774D6B98187020D949FF3F6AA2CAC8090CB49DF822F7B00/=FD05506371A2EE basenameindex =00; 162 bytes written, holding back 0 flushing final blocks? true.
三月 16, 2015 9:51:22 上午 org.ccnx.ccn.io.CCNOutputStream flushToNetwork
信息: HEADER: CCNOutputStream: flushToNetwork: new _baseNameIndex 1
三月 16, 2015 9:51:22 上午 org.ccnx.ccn.io.CCNOutputStream close
信息: CCNOutputStream close: /%C1.M.S.localhost/%C1.M.SRV/repository/KEY/%C1.M.K=00FD0ED2ECFE32A14D2774D6B98187020D949FF3F6AA2CAC8090CB49DF822F7B00/=FD05506371A2EE
三月 16, 2015 9:51:22 上午 org.ccnx.ccn.KeyManager publishKey
信息: Published key Sun RSA public key, 1024 bits
  modulus: 103406764689343970488358185841244488691925022209268246303063880273377466185419021110787446670991635558329638515861937529864452599020936544237629591781792342729169496505949245681306113565560267751006255089639552337950749309446667276069435409658396281048791449372299796203438487436579766662211212069426989752979
  public exponent: 65537 to name /%C1.M.S.localhost/%C1.M.SRV/repository/KEY/%C1.M.K=00FD0ED2ECFE32A14D2774D6B98187020D949FF3F6AA2CAC8090CB49DF822F7B00/=FD05506371A2EE with key locator NAME: /%C1.M.S.localhost/%C1.M.SRV/repository/KEY/%C1.M.K=00FD0ED2ECFE32A14D2774D6B98187020D949FF3F6AA2CAC8090CB49DF822F7B00/=FD05506371A2EE KEY:-nh5k9g3jaumbc8maa6fpsfrsjbc060ilejadvmud5m41ut1180; ephemeral digest =1ACDDEBC08FE54734B0F94F765A7AF5D5534B0991AAFD254928D1C0752521787.
三月 16, 2015 9:51:22 上午 org.ccnx.ccn.impl.security.keys.BasicKeyManager publishKey
信息: publishKey: published key /Q7S7P4yoU0ndNa5gYcCDZSf8/aqLKyAkMtJ34IvewA=
 under specified key name /%C1.M.S.localhost/%C1.M.SRV/repository/KEY/%C1.M.K=00FD0ED2ECFE32A14D2774D6B98187020D949FF3F6AA2CAC8090CB49DF822F7B00/=FD05506371A2EE
 key locator: NAME: /%C1.M.S.localhost/%C1.M.SRV/repository/KEY/%C1.M.K=00FD0ED2ECFE32A14D2774D6B98187020D949FF3F6AA2CAC8090CB49DF822F7B00/=FD05506371A2EE KEY:-nh5k9g3jaumbc8maa6fpsfrsjbc060ilejadvmud5m41ut1180
三月 16, 2015 9:51:22 上午 org.ccnx.ccn.impl.CCNFlowControl addNameSpace
信息: Flow controller addNameSpace: added namespace: /%C1.M.S.localhost/%C1.M.SRV/repository/KEY
三月 16, 2015 9:51:22 上午 org.ccnx.ccn.impl.repo.LogStructRepoStore createIndex
信息: at the end of the file
三月 16, 2015 9:51:22 上午 org.ccnx.ccn.impl.repo.LogStructRepoStore initialize
信息: REPO: initializing repository: global prefix /parc.com/csl/ccn/repositories/TestRepository, local name TestRepository
三月 16, 2015 9:51:22 上午 org.ccnx.ccn.impl.repo.LogStructRepoStore initialize
信息: REPO: initializing policy location: TestRepository for global prefix /parc.com/csl/ccn/repositories/TestRepository and local name TestRepository
三月 16, 2015 9:51:22 上午 org.ccnx.ccn.impl.security.keys.BasicKeyManager getKeyLocator
信息: getKeyLocator: returning locator NAME: /ccnx.org/Users/Repository/Keys/%C1.M.K=00FD0ED2ECFE32A14D2774D6B98187020D949FF3F6AA2CAC8090CB49DF822F7B00/=FD05506371A000 KEY:-nh5k9g3jaumbc8maa6fpsfrsjbc060ilejadvmud5m41ut1180 for key /Q7S7P4yoU0ndNa5gYcCDZSf8/aqLKyAkMtJ34IvewA=
三月 16, 2015 9:51:22 上午 org.ccnx.ccn.impl.security.keys.BasicKeyManager getKeyLocator
信息: getKeyLocator: returning locator NAME: /ccnx.org/Users/Repository/Keys/%C1.M.K=00FD0ED2ECFE32A14D2774D6B98187020D949FF3F6AA2CAC8090CB49DF822F7B00/=FD05506371A000 KEY:-nh5k9g3jaumbc8maa6fpsfrsjbc060ilejadvmud5m41ut1180 for key /Q7S7P4yoU0ndNa5gYcCDZSf8/aqLKyAkMtJ34IvewA=
三月 16, 2015 9:51:22 上午 org.ccnx.ccn.impl.security.keys.BasicKeyManager getKeyLocator
信息: getKeyLocator: returning locator NAME: /ccnx.org/Users/Repository/Keys/%C1.M.K=00FD0ED2ECFE32A14D2774D6B98187020D949FF3F6AA2CAC8090CB49DF822F7B00/=FD05506371A000 KEY:-nh5k9g3jaumbc8maa6fpsfrsjbc060ilejadvmud5m41ut1180 for key /Q7S7P4yoU0ndNa5gYcCDZSf8/aqLKyAkMtJ34IvewA=
三月 16, 2015 9:51:22 上午 org.ccnx.ccn.impl.security.keys.BasicKeyManager getKeyLocator
信息: getKeyLocator: returning locator NAME: /ccnx.org/Users/Repository/Keys/%C1.M.K=00FD0ED2ECFE32A14D2774D6B98187020D949FF3F6AA2CAC8090CB49DF822F7B00/=FD05506371A000 KEY:-nh5k9g3jaumbc8maa6fpsfrsjbc060ilejadvmud5m41ut1180 for key /Q7S7P4yoU0ndNa5gYcCDZSf8/aqLKyAkMtJ34IvewA=
三月 16, 2015 9:51:22 上午 org.ccnx.ccn.impl.security.keys.BasicKeyManager getKeyLocator
信息: getKeyLocator: returning locator NAME: /ccnx.org/Users/Repository/Keys/%C1.M.K=00FD0ED2ECFE32A14D2774D6B98187020D949FF3F6AA2CAC8090CB49DF822F7B00/=FD05506371A000 KEY:-nh5k9g3jaumbc8maa6fpsfrsjbc060ilejadvmud5m41ut1180 for key /Q7S7P4yoU0ndNa5gYcCDZSf8/aqLKyAkMtJ34IvewA=
三月 16, 2015 9:51:22 上午 org.ccnx.ccn.impl.security.keys.BasicKeyManager getKeyLocator
信息: getKeyLocator: returning locator NAME: /ccnx.org/Users/Repository/Keys/%C1.M.K=00FD0ED2ECFE32A14D2774D6B98187020D949FF3F6AA2CAC8090CB49DF822F7B00/=FD05506371A000 KEY:-nh5k9g3jaumbc8maa6fpsfrsjbc060ilejadvmud5m41ut1180 for key /Q7S7P4yoU0ndNa5gYcCDZSf8/aqLKyAkMtJ34IvewA=
三月 16, 2015 9:51:22 上午 org.ccnx.ccn.impl.security.keys.BasicKeyManager getKeyLocator
信息: getKeyLocator: returning locator NAME: /ccnx.org/Users/Repository/Keys/%C1.M.K=00FD0ED2ECFE32A14D2774D6B98187020D949FF3F6AA2CAC8090CB49DF822F7B00/=FD05506371A000 KEY:-nh5k9g3jaumbc8maa6fpsfrsjbc060ilejadvmud5m41ut1180 for key /Q7S7P4yoU0ndNa5gYcCDZSf8/aqLKyAkMtJ34IvewA=
三月 16, 2015 9:51:22 上午 org.ccnx.ccn.impl.security.keys.BasicKeyManager getKeyLocator
信息: getKeyLocator: returning locator NAME: /ccnx.org/Users/Repository/Keys/%C1.M.K=00FD0ED2ECFE32A14D2774D6B98187020D949FF3F6AA2CAC8090CB49DF822F7B00/=FD05506371A000 KEY:-nh5k9g3jaumbc8maa6fpsfrsjbc060ilejadvmud5m41ut1180 for key /Q7S7P4yoU0ndNa5gYcCDZSf8/aqLKyAkMtJ34IvewA=
三月 16, 2015 9:51:22 上午 org.ccnx.ccn.impl.security.keys.BasicKeyManager getKeyLocator
信息: getKeyLocator: returning locator NAME: /ccnx.org/Users/Repository/Keys/%C1.M.K=00FD0ED2ECFE32A14D2774D6B98187020D949FF3F6AA2CAC8090CB49DF822F7B00/=FD05506371A000 KEY:-nh5k9g3jaumbc8maa6fpsfrsjbc060ilejadvmud5m41ut1180 for key /Q7S7P4yoU0ndNa5gYcCDZSf8/aqLKyAkMtJ34IvewA=
三月 16, 2015 9:51:22 上午 org.ccnx.ccn.impl.security.keys.BasicKeyManager getKeyLocator
信息: getKeyLocator: returning locator NAME: /ccnx.org/Users/Repository/Keys/%C1.M.K=00FD0ED2ECFE32A14D2774D6B98187020D949FF3F6AA2CAC8090CB49DF822F7B00/=FD05506371A000 KEY:-nh5k9g3jaumbc8maa6fpsfrsjbc060ilejadvmud5m41ut1180 for key /Q7S7P4yoU0ndNa5gYcCDZSf8/aqLKyAkMtJ34IvewA=
三月 16, 2015 9:51:22 上午 org.ccnx.ccn.impl.security.keys.BasicKeyManager getKeyLocator
信息: getKeyLocator: returning locator NAME: /ccnx.org/Users/Repository/Keys/%C1.M.K=00FD0ED2ECFE32A14D2774D6B98187020D949FF3F6AA2CAC8090CB49DF822F7B00/=FD05506371A000 KEY:-nh5k9g3jaumbc8maa6fpsfrsjbc060ilejadvmud5m41ut1180 for key /Q7S7P4yoU0ndNa5gYcCDZSf8/aqLKyAkMtJ34IvewA=
三月 16, 2015 9:51:22 上午 org.ccnx.ccn.impl.security.keys.BasicKeyManager getKeyLocator
信息: getKeyLocator: returning locator NAME: /ccnx.org/Users/Repository/Keys/%C1.M.K=00FD0ED2ECFE32A14D2774D6B98187020D949FF3F6AA2CAC8090CB49DF822F7B00/=FD05506371A000 KEY:-nh5k9g3jaumbc8maa6fpsfrsjbc060ilejadvmud5m41ut1180 for key /Q7S7P4yoU0ndNa5gYcCDZSf8/aqLKyAkMtJ34IvewA=
三月 16, 2015 9:51:22 上午 org.ccnx.ccn.impl.security.keys.BasicKeyManager getKeyLocator
信息: getKeyLocator: returning locator NAME: /ccnx.org/Users/Repository/Keys/%C1.M.K=00FD0ED2ECFE32A14D2774D6B98187020D949FF3F6AA2CAC8090CB49DF822F7B00/=FD05506371A000 KEY:-nh5k9g3jaumbc8maa6fpsfrsjbc060ilejadvmud5m41ut1180 for key /Q7S7P4yoU0ndNa5gYcCDZSf8/aqLKyAkMtJ34IvewA=
三月 16, 2015 9:51:22 上午 org.ccnx.ccn.impl.security.keys.BasicKeyManager getKeyLocator
信息: getKeyLocator: returning locator NAME: /ccnx.org/Users/Repository/Keys/%C1.M.K=00FD0ED2ECFE32A14D2774D6B98187020D949FF3F6AA2CAC8090CB49DF822F7B00/=FD05506371A000 KEY:-nh5k9g3jaumbc8maa6fpsfrsjbc060ilejadvmud5m41ut1180 for key /Q7S7P4yoU0ndNa5gYcCDZSf8/aqLKyAkMtJ34IvewA=
三月 16, 2015 9:51:22 上午 org.ccnx.ccn.impl.security.keys.BasicKeyManager getKeyLocator
信息: getKeyLocator: returning locator NAME: /ccnx.org/Users/Repository/Keys/%C1.M.K=00FD0ED2ECFE32A14D2774D6B98187020D949FF3F6AA2CAC8090CB49DF822F7B00/=FD05506371A000 KEY:-nh5k9g3jaumbc8maa6fpsfrsjbc060ilejadvmud5m41ut1180 for key /Q7S7P4yoU0ndNa5gYcCDZSf8/aqLKyAkMtJ34IvewA=
三月 16, 2015 9:51:22 上午 org.ccnx.ccn.impl.security.keys.BasicKeyManager getKeyLocator
信息: getKeyLocator: returning locator NAME: /ccnx.org/Users/Repository/Keys/%C1.M.K=00FD0ED2ECFE32A14D2774D6B98187020D949FF3F6AA2CAC8090CB49DF822F7B00/=FD05506371A000 KEY:-nh5k9g3jaumbc8maa6fpsfrsjbc060ilejadvmud5m41ut1180 for key /Q7S7P4yoU0ndNa5gYcCDZSf8/aqLKyAkMtJ34IvewA=
三月 16, 2015 9:51:22 上午 org.ccnx.ccn.impl.security.keys.BasicKeyManager getKeyLocator
信息: getKeyLocator: returning locator NAME: /ccnx.org/Users/Repository/Keys/%C1.M.K=00FD0ED2ECFE32A14D2774D6B98187020D949FF3F6AA2CAC8090CB49DF822F7B00/=FD05506371A000 KEY:-nh5k9g3jaumbc8maa6fpsfrsjbc060ilejadvmud5m41ut1180 for key /Q7S7P4yoU0ndNa5gYcCDZSf8/aqLKyAkMtJ34IvewA=
三月 16, 2015 9:51:22 上午 org.ccnx.ccn.impl.security.keys.BasicKeyManager getKeyLocator
信息: getKeyLocator: returning locator NAME: /ccnx.org/Users/Repository/Keys/%C1.M.K=00FD0ED2ECFE32A14D2774D6B98187020D949FF3F6AA2CAC8090CB49DF822F7B00/=FD05506371A000 KEY:-nh5k9g3jaumbc8maa6fpsfrsjbc060ilejadvmud5m41ut1180 for key /Q7S7P4yoU0ndNa5gYcCDZSf8/aqLKyAkMtJ34IvewA=
三月 16, 2015 9:51:22 上午 org.ccnx.ccn.impl.security.keys.BasicKeyManager getKeyLocator
信息: getKeyLocator: returning locator NAME: /ccnx.org/Users/Repository/Keys/%C1.M.K=00FD0ED2ECFE32A14D2774D6B98187020D949FF3F6AA2CAC8090CB49DF822F7B00/=FD05506371A000 KEY:-nh5k9g3jaumbc8maa6fpsfrsjbc060ilejadvmud5m41ut1180 for key /Q7S7P4yoU0ndNa5gYcCDZSf8/aqLKyAkMtJ34IvewA=
三月 16, 2015 9:51:22 上午 org.ccnx.ccn.impl.security.keys.BasicKeyManager getKeyLocator
信息: getKeyLocator: returning locator NAME: /ccnx.org/Users/Repository/Keys/%C1.M.K=00FD0ED2ECFE32A14D2774D6B98187020D949FF3F6AA2CAC8090CB49DF822F7B00/=FD05506371A000 KEY:-nh5k9g3jaumbc8maa6fpsfrsjbc060ilejadvmud5m41ut1180 for key /Q7S7P4yoU0ndNa5gYcCDZSf8/aqLKyAkMtJ34IvewA=
三月 16, 2015 9:51:22 上午 org.ccnx.ccn.impl.security.keys.BasicKeyManager getKeyLocator
信息: getKeyLocator: returning locator NAME: /ccnx.org/Users/Repository/Keys/%C1.M.K=00FD0ED2ECFE32A14D2774D6B98187020D949FF3F6AA2CAC8090CB49DF822F7B00/=FD05506371A000 KEY:-nh5k9g3jaumbc8maa6fpsfrsjbc060ilejadvmud5m41ut1180 for key /Q7S7P4yoU0ndNa5gYcCDZSf8/aqLKyAkMtJ34IvewA=
三月 16, 2015 9:51:22 上午 org.ccnx.ccn.impl.security.keys.BasicKeyManager getKeyLocator
信息: getKeyLocator: returning locator NAME: /ccnx.org/Users/Repository/Keys/%C1.M.K=00FD0ED2ECFE32A14D2774D6B98187020D949FF3F6AA2CAC8090CB49DF822F7B00/=FD05506371A000 KEY:-nh5k9g3jaumbc8maa6fpsfrsjbc060ilejadvmud5m41ut1180 for key /Q7S7P4yoU0ndNa5gYcCDZSf8/aqLKyAkMtJ34IvewA=
三月 16, 2015 9:51:22 上午 org.ccnx.ccn.impl.security.keys.BasicKeyManager getKeyLocator
信息: getKeyLocator: returning locator NAME: /ccnx.org/Users/Repository/Keys/%C1.M.K=00FD0ED2ECFE32A14D2774D6B98187020D949FF3F6AA2CAC8090CB49DF822F7B00/=FD05506371A000 KEY:-nh5k9g3jaumbc8maa6fpsfrsjbc060ilejadvmud5m41ut1180 for key /Q7S7P4yoU0ndNa5gYcCDZSf8/aqLKyAkMtJ34IvewA=
三月 16, 2015 9:51:22 上午 org.ccnx.ccn.impl.security.keys.BasicKeyManager getKeyLocator
信息: getKeyLocator: returning locator NAME: /ccnx.org/Users/Repository/Keys/%C1.M.K=00FD0ED2ECFE32A14D2774D6B98187020D949FF3F6AA2CAC8090CB49DF822F7B00/=FD05506371A000 KEY:-nh5k9g3jaumbc8maa6fpsfrsjbc060ilejadvmud5m41ut1180 for key /Q7S7P4yoU0ndNa5gYcCDZSf8/aqLKyAkMtJ34IvewA=
三月 16, 2015 9:51:22 上午 org.ccnx.ccn.impl.security.keys.BasicKeyManager getKeyLocator
信息: getKeyLocator: returning locator NAME: /ccnx.org/Users/Repository/Keys/%C1.M.K=00FD0ED2ECFE32A14D2774D6B98187020D949FF3F6AA2CAC8090CB49DF822F7B00/=FD05506371A000 KEY:-nh5k9g3jaumbc8maa6fpsfrsjbc060ilejadvmud5m41ut1180 for key /Q7S7P4yoU0ndNa5gYcCDZSf8/aqLKyAkMtJ34IvewA=
三月 16, 2015 9:51:22 上午 org.ccnx.ccn.impl.security.keys.BasicKeyManager getKeyLocator
信息: getKeyLocator: returning locator NAME: /ccnx.org/Users/Repository/Keys/%C1.M.K=00FD0ED2ECFE32A14D2774D6B98187020D949FF3F6AA2CAC8090CB49DF822F7B00/=FD05506371A000 KEY:-nh5k9g3jaumbc8maa6fpsfrsjbc060ilejadvmud5m41ut1180 for key /Q7S7P4yoU0ndNa5gYcCDZSf8/aqLKyAkMtJ34IvewA=
三月 16, 2015 9:51:22 上午 org.ccnx.ccn.impl.security.keys.BasicKeyManager getKeyLocator
信息: getKeyLocator: returning locator NAME: /ccnx.org/Users/Repository/Keys/%C1.M.K=00FD0ED2ECFE32A14D2774D6B98187020D949FF3F6AA2CAC8090CB49DF822F7B00/=FD05506371A000 KEY:-nh5k9g3jaumbc8maa6fpsfrsjbc060ilejadvmud5m41ut1180 for key /Q7S7P4yoU0ndNa5gYcCDZSf8/aqLKyAkMtJ34IvewA=
三月 16, 2015 9:51:22 上午 org.ccnx.ccn.impl.security.keys.BasicKeyManager getKeyLocator
信息: getKeyLocator: returning locator NAME: /ccnx.org/Users/Repository/Keys/%C1.M.K=00FD0ED2ECFE32A14D2774D6B98187020D949FF3F6AA2CAC8090CB49DF822F7B00/=FD05506371A000 KEY:-nh5k9g3jaumbc8maa6fpsfrsjbc060ilejadvmud5m41ut1180 for key /Q7S7P4yoU0ndNa5gYcCDZSf8/aqLKyAkMtJ34IvewA=
三月 16, 2015 9:51:22 上午 org.ccnx.ccn.impl.security.keys.BasicKeyManager getKeyLocator
信息: getKeyLocator: returning locator NAME: /ccnx.org/Users/Repository/Keys/%C1.M.K=00FD0ED2ECFE32A14D2774D6B98187020D949FF3F6AA2CAC8090CB49DF822F7B00/=FD05506371A000 KEY:-nh5k9g3jaumbc8maa6fpsfrsjbc060ilejadvmud5m41ut1180 for key /Q7S7P4yoU0ndNa5gYcCDZSf8/aqLKyAkMtJ34IvewA=
三月 16, 2015 9:51:22 上午 org.ccnx.ccn.impl.security.keys.BasicKeyManager getKeyLocator
信息: getKeyLocator: returning locator NAME: /ccnx.org/Users/Repository/Keys/%C1.M.K=00FD0ED2ECFE32A14D2774D6B98187020D949FF3F6AA2CAC8090CB49DF822F7B00/=FD05506371A000 KEY:-nh5k9g3jaumbc8maa6fpsfrsjbc060ilejadvmud5m41ut1180 for key /Q7S7P4yoU0ndNa5gYcCDZSf8/aqLKyAkMtJ34IvewA=
三月 16, 2015 9:51:22 上午 org.ccnx.ccn.impl.security.keys.BasicKeyManager getKeyLocator
信息: getKeyLocator: returning locator NAME: /ccnx.org/Users/Repository/Keys/%C1.M.K=00FD0ED2ECFE32A14D2774D6B98187020D949FF3F6AA2CAC8090CB49DF822F7B00/=FD05506371A000 KEY:-nh5k9g3jaumbc8maa6fpsfrsjbc060ilejadvmud5m41ut1180 for key /Q7S7P4yoU0ndNa5gYcCDZSf8/aqLKyAkMtJ34IvewA=
三月 16, 2015 9:51:22 上午 org.ccnx.ccn.impl.security.keys.BasicKeyManager getKeyLocator
信息: getKeyLocator: returning locator NAME: /ccnx.org/Users/Repository/Keys/%C1.M.K=00FD0ED2ECFE32A14D2774D6B98187020D949FF3F6AA2CAC8090CB49DF822F7B00/=FD05506371A000 KEY:-nh5k9g3jaumbc8maa6fpsfrsjbc060ilejadvmud5m41ut1180 for key /Q7S7P4yoU0ndNa5gYcCDZSf8/aqLKyAkMtJ34IvewA=
三月 16, 2015 9:51:22 上午 org.ccnx.ccn.impl.security.keys.BasicKeyManager getKeyLocator
信息: getKeyLocator: returning locator NAME: /ccnx.org/Users/Repository/Keys/%C1.M.K=00FD0ED2ECFE32A14D2774D6B98187020D949FF3F6AA2CAC8090CB49DF822F7B00/=FD05506371A000 KEY:-nh5k9g3jaumbc8maa6fpsfrsjbc060ilejadvmud5m41ut1180 for key /Q7S7P4yoU0ndNa5gYcCDZSf8/aqLKyAkMtJ34IvewA=
三月 16, 2015 9:51:22 上午 org.ccnx.ccn.impl.security.keys.BasicKeyManager getKeyLocator
信息: getKeyLocator: returning locator NAME: /ccnx.org/Users/Repository/Keys/%C1.M.K=00FD0ED2ECFE32A14D2774D6B98187020D949FF3F6AA2CAC8090CB49DF822F7B00/=FD05506371A000 KEY:-nh5k9g3jaumbc8maa6fpsfrsjbc060ilejadvmud5m41ut1180 for key /Q7S7P4yoU0ndNa5gYcCDZSf8/aqLKyAkMtJ34IvewA=
三月 16, 2015 9:51:22 上午 org.ccnx.ccn.impl.security.keys.BasicKeyManager getKeyLocator
信息: getKeyLocator: returning locator NAME: /ccnx.org/Users/Repository/Keys/%C1.M.K=00FD0ED2ECFE32A14D2774D6B98187020D949FF3F6AA2CAC8090CB49DF822F7B00/=FD05506371A000 KEY:-nh5k9g3jaumbc8maa6fpsfrsjbc060ilejadvmud5m41ut1180 for key /Q7S7P4yoU0ndNa5gYcCDZSf8/aqLKyAkMtJ34IvewA=
三月 16, 2015 9:51:22 上午 org.ccnx.ccn.impl.security.keys.BasicKeyManager getKeyLocator
信息: getKeyLocator: returning locator NAME: /ccnx.org/Users/Repository/Keys/%C1.M.K=00FD0ED2ECFE32A14D2774D6B98187020D949FF3F6AA2CAC8090CB49DF822F7B00/=FD05506371A000 KEY:-nh5k9g3jaumbc8maa6fpsfrsjbc060ilejadvmud5m41ut1180 for key /Q7S7P4yoU0ndNa5gYcCDZSf8/aqLKyAkMtJ34IvewA=
三月 16, 2015 9:51:22 上午 org.ccnx.ccn.impl.security.keys.BasicKeyManager getKeyLocator
信息: getKeyLocator: returning locator NAME: /ccnx.org/Users/Repository/Keys/%C1.M.K=00FD0ED2ECFE32A14D2774D6B98187020D949FF3F6AA2CAC8090CB49DF822F7B00/=FD05506371A000 KEY:-nh5k9g3jaumbc8maa6fpsfrsjbc060ilejadvmud5m41ut1180 for key /Q7S7P4yoU0ndNa5gYcCDZSf8/aqLKyAkMtJ34IvewA=
三月 16, 2015 9:51:22 上午 org.ccnx.ccn.impl.security.keys.BasicKeyManager getKeyLocator
信息: getKeyLocator: returning locator NAME: /ccnx.org/Users/Repository/Keys/%C1.M.K=00FD0ED2ECFE32A14D2774D6B98187020D949FF3F6AA2CAC8090CB49DF822F7B00/=FD05506371A000 KEY:-nh5k9g3jaumbc8maa6fpsfrsjbc060ilejadvmud5m41ut1180 for key /Q7S7P4yoU0ndNa5gYcCDZSf8/aqLKyAkMtJ34IvewA=
三月 16, 2015 9:51:22 上午 org.ccnx.ccn.impl.security.keys.BasicKeyManager getKeyLocator
信息: getKeyLocator: returning locator NAME: /ccnx.org/Users/Repository/Keys/%C1.M.K=00FD0ED2ECFE32A14D2774D6B98187020D949FF3F6AA2CAC8090CB49DF822F7B00/=FD05506371A000 KEY:-nh5k9g3jaumbc8maa6fpsfrsjbc060ilejadvmud5m41ut1180 for key /Q7S7P4yoU0ndNa5gYcCDZSf8/aqLKyAkMtJ34IvewA=
三月 16, 2015 9:51:22 上午 org.ccnx.ccn.impl.security.keys.BasicKeyManager getKeyLocator
信息: getKeyLocator: returning locator NAME: /ccnx.org/Users/Repository/Keys/%C1.M.K=00FD0ED2ECFE32A14D2774D6B98187020D949FF3F6AA2CAC8090CB49DF822F7B00/=FD05506371A000 KEY:-nh5k9g3jaumbc8maa6fpsfrsjbc060ilejadvmud5m41ut1180 for key /Q7S7P4yoU0ndNa5gYcCDZSf8/aqLKyAkMtJ34IvewA=
三月 16, 2015 9:51:22 上午 org.ccnx.ccn.impl.security.keys.BasicKeyManager getKeyLocator
信息: getKeyLocator: returning locator NAME: /ccnx.org/Users/Repository/Keys/%C1.M.K=00FD0ED2ECFE32A14D2774D6B98187020D949FF3F6AA2CAC8090CB49DF822F7B00/=FD05506371A000 KEY:-nh5k9g3jaumbc8maa6fpsfrsjbc060ilejadvmud5m41ut1180 for key /Q7S7P4yoU0ndNa5gYcCDZSf8/aqLKyAkMtJ34IvewA=
三月 16, 2015 9:51:22 上午 org.ccnx.ccn.impl.security.keys.BasicKeyManager getKeyLocator
信息: getKeyLocator: returning locator NAME: /ccnx.org/Users/Repository/Keys/%C1.M.K=00FD0ED2ECFE32A14D2774D6B98187020D949FF3F6AA2CAC8090CB49DF822F7B00/=FD05506371A000 KEY:-nh5k9g3jaumbc8maa6fpsfrsjbc060ilejadvmud5m41ut1180 for key /Q7S7P4yoU0ndNa5gYcCDZSf8/aqLKyAkMtJ34IvewA=
三月 16, 2015 9:51:22 上午 org.ccnx.ccn.impl.security.keys.BasicKeyManager getKeyLocator
信息: getKeyLocator: returning locator NAME: /ccnx.org/Users/Repository/Keys/%C1.M.K=00FD0ED2ECFE32A14D2774D6B98187020D949FF3F6AA2CAC8090CB49DF822F7B00/=FD05506371A000 KEY:-nh5k9g3jaumbc8maa6fpsfrsjbc060ilejadvmud5m41ut1180 for key /Q7S7P4yoU0ndNa5gYcCDZSf8/aqLKyAkMtJ34IvewA=
三月 16, 2015 9:51:22 上午 org.ccnx.ccn.impl.security.keys.BasicKeyManager getKeyLocator
信息: getKeyLocator: returning locator NAME: /ccnx.org/Users/Repository/Keys/%C1.M.K=00FD0ED2ECFE32A14D2774D6B98187020D949FF3F6AA2CAC8090CB49DF822F7B00/=FD05506371A000 KEY:-nh5k9g3jaumbc8maa6fpsfrsjbc060ilejadvmud5m41ut1180 for key /Q7S7P4yoU0ndNa5gYcCDZSf8/aqLKyAkMtJ34IvewA=
三月 16, 2015 9:51:22 上午 org.ccnx.ccn.impl.security.keys.BasicKeyManager getKeyLocator
信息: getKeyLocator: returning locator NAME: /ccnx.org/Users/Repository/Keys/%C1.M.K=00FD0ED2ECFE32A14D2774D6B98187020D949FF3F6AA2CAC8090CB49DF822F7B00/=FD05506371A000 KEY:-nh5k9g3jaumbc8maa6fpsfrsjbc060ilejadvmud5m41ut1180 for key /Q7S7P4yoU0ndNa5gYcCDZSf8/aqLKyAkMtJ34IvewA=
三月 16, 2015 9:51:22 上午 org.ccnx.ccn.impl.security.keys.BasicKeyManager getKeyLocator
信息: getKeyLocator: returning locator NAME: /ccnx.org/Users/Repository/Keys/%C1.M.K=00FD0ED2ECFE32A14D2774D6B98187020D949FF3F6AA2CAC8090CB49DF822F7B00/=FD05506371A000 KEY:-nh5k9g3jaumbc8maa6fpsfrsjbc060ilejadvmud5m41ut1180 for key /Q7S7P4yoU0ndNa5gYcCDZSf8/aqLKyAkMtJ34IvewA=
三月 16, 2015 9:51:22 上午 org.ccnx.ccn.impl.security.keys.BasicKeyManager getKeyLocator
信息: getKeyLocator: returning locator NAME: /ccnx.org/Users/Repository/Keys/%C1.M.K=00FD0ED2ECFE32A14D2774D6B98187020D949FF3F6AA2CAC8090CB49DF822F7B00/=FD05506371A000 KEY:-nh5k9g3jaumbc8maa6fpsfrsjbc060ilejadvmud5m41ut1180 for key /Q7S7P4yoU0ndNa5gYcCDZSf8/aqLKyAkMtJ34IvewA=
三月 16, 2015 9:51:22 上午 org.ccnx.ccn.impl.security.keys.BasicKeyManager getKeyLocator
信息: getKeyLocator: returning locator NAME: /ccnx.org/Users/Repository/Keys/%C1.M.K=00FD0ED2ECFE32A14D2774D6B98187020D949FF3F6AA2CAC8090CB49DF822F7B00/=FD05506371A000 KEY:-nh5k9g3jaumbc8maa6fpsfrsjbc060ilejadvmud5m41ut1180 for key /Q7S7P4yoU0ndNa5gYcCDZSf8/aqLKyAkMtJ34IvewA=
三月 16, 2015 9:51:22 上午 org.ccnx.ccn.impl.security.keys.BasicKeyManager getKeyLocator
信息: getKeyLocator: returning locator NAME: /ccnx.org/Users/Repository/Keys/%C1.M.K=00FD0ED2ECFE32A14D2774D6B98187020D949FF3F6AA2CAC8090CB49DF822F7B00/=FD05506371A000 KEY:-nh5k9g3jaumbc8maa6fpsfrsjbc060ilejadvmud5m41ut1180 for key /Q7S7P4yoU0ndNa5gYcCDZSf8/aqLKyAkMtJ34IvewA=
三月 16, 2015 9:51:22 上午 org.ccnx.ccn.impl.security.keys.BasicKeyManager getKeyLocator
信息: getKeyLocator: returning locator NAME: /ccnx.org/Users/Repository/Keys/%C1.M.K=00FD0ED2ECFE32A14D2774D6B98187020D949FF3F6AA2CAC8090CB49DF822F7B00/=FD05506371A000 KEY:-nh5k9g3jaumbc8maa6fpsfrsjbc060ilejadvmud5m41ut1180 for key /Q7S7P4yoU0ndNa5gYcCDZSf8/aqLKyAkMtJ34IvewA=
三月 16, 2015 9:51:22 上午 org.ccnx.ccn.impl.security.keys.BasicKeyManager getKeyLocator
信息: getKeyLocator: returning locator NAME: /ccnx.org/Users/Repository/Keys/%C1.M.K=00FD0ED2ECFE32A14D2774D6B98187020D949FF3F6AA2CAC8090CB49DF822F7B00/=FD05506371A000 KEY:-nh5k9g3jaumbc8maa6fpsfrsjbc060ilejadvmud5m41ut1180 for key /Q7S7P4yoU0ndNa5gYcCDZSf8/aqLKyAkMtJ34IvewA=
三月 16, 2015 9:51:22 上午 org.ccnx.ccn.impl.security.keys.BasicKeyManager getKeyLocator
信息: getKeyLocator: returning locator NAME: /ccnx.org/Users/Repository/Keys/%C1.M.K=00FD0ED2ECFE32A14D2774D6B98187020D949FF3F6AA2CAC8090CB49DF822F7B00/=FD05506371A000 KEY:-nh5k9g3jaumbc8maa6fpsfrsjbc060ilejadvmud5m41ut1180 for key /Q7S7P4yoU0ndNa5gYcCDZSf8/aqLKyAkMtJ34IvewA=
三月 16, 2015 9:51:22 上午 org.ccnx.ccn.impl.security.keys.BasicKeyManager getKeyLocator
信息: getKeyLocator: returning locator NAME: /ccnx.org/Users/Repository/Keys/%C1.M.K=00FD0ED2ECFE32A14D2774D6B98187020D949FF3F6AA2CAC8090CB49DF822F7B00/=FD05506371A000 KEY:-nh5k9g3jaumbc8maa6fpsfrsjbc060ilejadvmud5m41ut1180 for key /Q7S7P4yoU0ndNa5gYcCDZSf8/aqLKyAkMtJ34IvewA=
三月 16, 2015 9:51:22 上午 org.ccnx.ccn.impl.security.keys.BasicKeyManager getKeyLocator
信息: getKeyLocator: returning locator NAME: /ccnx.org/Users/Repository/Keys/%C1.M.K=00FD0ED2ECFE32A14D2774D6B98187020D949FF3F6AA2CAC8090CB49DF822F7B00/=FD05506371A000 KEY:-nh5k9g3jaumbc8maa6fpsfrsjbc060ilejadvmud5m41ut1180 for key /Q7S7P4yoU0ndNa5gYcCDZSf8/aqLKyAkMtJ34IvewA=
三月 16, 2015 9:51:22 上午 org.ccnx.ccn.impl.security.keys.BasicKeyManager getKeyLocator
信息: getKeyLocator: returning locator NAME: /ccnx.org/Users/Repository/Keys/%C1.M.K=00FD0ED2ECFE32A14D2774D6B98187020D949FF3F6AA2CAC8090CB49DF822F7B00/=FD05506371A000 KEY:-nh5k9g3jaumbc8maa6fpsfrsjbc060ilejadvmud5m41ut1180 for key /Q7S7P4yoU0ndNa5gYcCDZSf8/aqLKyAkMtJ34IvewA=
三月 16, 2015 9:51:22 上午 org.ccnx.ccn.impl.security.keys.BasicKeyManager getKeyLocator
信息: getKeyLocator: returning locator NAME: /ccnx.org/Users/Repository/Keys/%C1.M.K=00FD0ED2ECFE32A14D2774D6B98187020D949FF3F6AA2CAC8090CB49DF822F7B00/=FD05506371A000 KEY:-nh5k9g3jaumbc8maa6fpsfrsjbc060ilejadvmud5m41ut1180 for key /Q7S7P4yoU0ndNa5gYcCDZSf8/aqLKyAkMtJ34IvewA=
三月 16, 2015 9:51:22 上午 org.ccnx.ccn.impl.security.keys.BasicKeyManager getKeyLocator
信息: getKeyLocator: returning locator NAME: /ccnx.org/Users/Repository/Keys/%C1.M.K=00FD0ED2ECFE32A14D2774D6B98187020D949FF3F6AA2CAC8090CB49DF822F7B00/=FD05506371A000 KEY:-nh5k9g3jaumbc8maa6fpsfrsjbc060ilejadvmud5m41ut1180 for key /Q7S7P4yoU0ndNa5gYcCDZSf8/aqLKyAkMtJ34IvewA=
三月 16, 2015 9:51:22 上午 org.ccnx.ccn.impl.security.keys.BasicKeyManager getKeyLocator
信息: getKeyLocator: returning locator NAME: /ccnx.org/Users/Repository/Keys/%C1.M.K=00FD0ED2ECFE32A14D2774D6B98187020D949FF3F6AA2CAC8090CB49DF822F7B00/=FD05506371A000 KEY:-nh5k9g3jaumbc8maa6fpsfrsjbc060ilejadvmud5m41ut1180 for key /Q7S7P4yoU0ndNa5gYcCDZSf8/aqLKyAkMtJ34IvewA=
三月 16, 2015 9:51:22 上午 org.ccnx.ccn.impl.security.keys.BasicKeyManager getKeyLocator
信息: getKeyLocator: returning locator NAME: /ccnx.org/Users/Repository/Keys/%C1.M.K=00FD0ED2ECFE32A14D2774D6B98187020D949FF3F6AA2CAC8090CB49DF822F7B00/=FD05506371A000 KEY:-nh5k9g3jaumbc8maa6fpsfrsjbc060ilejadvmud5m41ut1180 for key /Q7S7P4yoU0ndNa5gYcCDZSf8/aqLKyAkMtJ34IvewA=
三月 16, 2015 9:51:22 上午 org.ccnx.ccn.impl.security.keys.BasicKeyManager getKeyLocator
信息: getKeyLocator: returning locator NAME: /ccnx.org/Users/Repository/Keys/%C1.M.K=00FD0ED2ECFE32A14D2774D6B98187020D949FF3F6AA2CAC8090CB49DF822F7B00/=FD05506371A000 KEY:-nh5k9g3jaumbc8maa6fpsfrsjbc060ilejadvmud5m41ut1180 for key /Q7S7P4yoU0ndNa5gYcCDZSf8/aqLKyAkMtJ34IvewA=
三月 16, 2015 9:51:22 上午 org.ccnx.ccn.impl.security.keys.BasicKeyManager getKeyLocator
信息: getKeyLocator: returning locator NAME: /ccnx.org/Users/Repository/Keys/%C1.M.K=00FD0ED2ECFE32A14D2774D6B98187020D949FF3F6AA2CAC8090CB49DF822F7B00/=FD05506371A000 KEY:-nh5k9g3jaumbc8maa6fpsfrsjbc060ilejadvmud5m41ut1180 for key /Q7S7P4yoU0ndNa5gYcCDZSf8/aqLKyAkMtJ34IvewA=
三月 16, 2015 9:51:22 上午 org.ccnx.ccn.impl.security.keys.BasicKeyManager getKeyLocator
信息: getKeyLocator: returning locator NAME: /ccnx.org/Users/Repository/Keys/%C1.M.K=00FD0ED2ECFE32A14D2774D6B98187020D949FF3F6AA2CAC8090CB49DF822F7B00/=FD05506371A000 KEY:-nh5k9g3jaumbc8maa6fpsfrsjbc060ilejadvmud5m41ut1180 for key /Q7S7P4yoU0ndNa5gYcCDZSf8/aqLKyAkMtJ34IvewA=
三月 16, 2015 9:51:22 上午 org.ccnx.ccn.impl.security.keys.BasicKeyManager getKeyLocator
信息: getKeyLocator: returning locator NAME: /ccnx.org/Users/Repository/Keys/%C1.M.K=00FD0ED2ECFE32A14D2774D6B98187020D949FF3F6AA2CAC8090CB49DF822F7B00/=FD05506371A000 KEY:-nh5k9g3jaumbc8maa6fpsfrsjbc060ilejadvmud5m41ut1180 for key /Q7S7P4yoU0ndNa5gYcCDZSf8/aqLKyAkMtJ34IvewA=
三月 16, 2015 9:51:22 上午 org.ccnx.ccn.impl.security.keys.BasicKeyManager getKeyLocator
信息: getKeyLocator: returning locator NAME: /ccnx.org/Users/Repository/Keys/%C1.M.K=00FD0ED2ECFE32A14D2774D6B98187020D949FF3F6AA2CAC8090CB49DF822F7B00/=FD05506371A000 KEY:-nh5k9g3jaumbc8maa6fpsfrsjbc060ilejadvmud5m41ut1180 for key /Q7S7P4yoU0ndNa5gYcCDZSf8/aqLKyAkMtJ34IvewA=
三月 16, 2015 9:51:22 上午 org.ccnx.ccn.impl.security.keys.BasicKeyManager getKeyLocator
信息: getKeyLocator: returning locator NAME: /ccnx.org/Users/Repository/Keys/%C1.M.K=00FD0ED2ECFE32A14D2774D6B98187020D949FF3F6AA2CAC8090CB49DF822F7B00/=FD05506371A000 KEY:-nh5k9g3jaumbc8maa6fpsfrsjbc060ilejadvmud5m41ut1180 for key /Q7S7P4yoU0ndNa5gYcCDZSf8/aqLKyAkMtJ34IvewA=
三月 16, 2015 9:51:22 上午 org.ccnx.ccn.impl.security.keys.BasicKeyManager getKeyLocator
信息: getKeyLocator: returning locator NAME: /ccnx.org/Users/Repository/Keys/%C1.M.K=00FD0ED2ECFE32A14D2774D6B98187020D949FF3F6AA2CAC8090CB49DF822F7B00/=FD05506371A000 KEY:-nh5k9g3jaumbc8maa6fpsfrsjbc060ilejadvmud5m41ut1180 for key /Q7S7P4yoU0ndNa5gYcCDZSf8/aqLKyAkMtJ34IvewA=
三月 16, 2015 9:51:22 上午 org.ccnx.ccn.impl.security.keys.BasicKeyManager getKeyLocator
信息: getKeyLocator: returning locator NAME: /ccnx.org/Users/Repository/Keys/%C1.M.K=00FD0ED2ECFE32A14D2774D6B98187020D949FF3F6AA2CAC8090CB49DF822F7B00/=FD05506371A000 KEY:-nh5k9g3jaumbc8maa6fpsfrsjbc060ilejadvmud5m41ut1180 for key /Q7S7P4yoU0ndNa5gYcCDZSf8/aqLKyAkMtJ34IvewA=
三月 16, 2015 9:51:22 上午 org.ccnx.ccn.impl.security.keys.BasicKeyManager getKeyLocator
信息: getKeyLocator: returning locator NAME: /ccnx.org/Users/Repository/Keys/%C1.M.K=00FD0ED2ECFE32A14D2774D6B98187020D949FF3F6AA2CAC8090CB49DF822F7B00/=FD05506371A000 KEY:-nh5k9g3jaumbc8maa6fpsfrsjbc060ilejadvmud5m41ut1180 for key /Q7S7P4yoU0ndNa5gYcCDZSf8/aqLKyAkMtJ34IvewA=
三月 16, 2015 9:51:22 上午 org.ccnx.ccn.impl.security.keys.BasicKeyManager getKeyLocator
信息: getKeyLocator: returning locator NAME: /ccnx.org/Users/Repository/Keys/%C1.M.K=00FD0ED2ECFE32A14D2774D6B98187020D949FF3F6AA2CAC8090CB49DF822F7B00/=FD05506371A000 KEY:-nh5k9g3jaumbc8maa6fpsfrsjbc060ilejadvmud5m41ut1180 for key /Q7S7P4yoU0ndNa5gYcCDZSf8/aqLKyAkMtJ34IvewA=
三月 16, 2015 9:51:22 上午 org.ccnx.ccn.impl.security.keys.BasicKeyManager getKeyLocator
信息: getKeyLocator: returning locator NAME: /ccnx.org/Users/Repository/Keys/%C1.M.K=00FD0ED2ECFE32A14D2774D6B98187020D949FF3F6AA2CAC8090CB49DF822F7B00/=FD05506371A000 KEY:-nh5k9g3jaumbc8maa6fpsfrsjbc060ilejadvmud5m41ut1180 for key /Q7S7P4yoU0ndNa5gYcCDZSf8/aqLKyAkMtJ34IvewA=
三月 16, 2015 9:51:22 上午 org.ccnx.ccn.impl.security.keys.BasicKeyManager getKeyLocator
信息: getKeyLocator: returning locator NAME: /ccnx.org/Users/Repository/Keys/%C1.M.K=00FD0ED2ECFE32A14D2774D6B98187020D949FF3F6AA2CAC8090CB49DF822F7B00/=FD05506371A000 KEY:-nh5k9g3jaumbc8maa6fpsfrsjbc060ilejadvmud5m41ut1180 for key /Q7S7P4yoU0ndNa5gYcCDZSf8/aqLKyAkMtJ34IvewA=
三月 16, 2015 9:51:22 上午 org.ccnx.ccn.impl.security.keys.BasicKeyManager getKeyLocator
信息: getKeyLocator: returning locator NAME: /ccnx.org/Users/Repository/Keys/%C1.M.K=00FD0ED2ECFE32A14D2774D6B98187020D949FF3F6AA2CAC8090CB49DF822F7B00/=FD05506371A000 KEY:-nh5k9g3jaumbc8maa6fpsfrsjbc060ilejadvmud5m41ut1180 for key /Q7S7P4yoU0ndNa5gYcCDZSf8/aqLKyAkMtJ34IvewA=
三月 16, 2015 9:51:22 上午 org.ccnx.ccn.impl.security.keys.BasicKeyManager getKeyLocator
信息: getKeyLocator: returning locator NAME: /ccnx.org/Users/Repository/Keys/%C1.M.K=00FD0ED2ECFE32A14D2774D6B98187020D949FF3F6AA2CAC8090CB49DF822F7B00/=FD05506371A000 KEY:-nh5k9g3jaumbc8maa6fpsfrsjbc060ilejadvmud5m41ut1180 for key /Q7S7P4yoU0ndNa5gYcCDZSf8/aqLKyAkMtJ34IvewA=
三月 16, 2015 9:51:22 上午 org.ccnx.ccn.impl.security.keys.BasicKeyManager getKeyLocator
信息: getKeyLocator: returning locator NAME: /ccnx.org/Users/Repository/Keys/%C1.M.K=00FD0ED2ECFE32A14D2774D6B98187020D949FF3F6AA2CAC8090CB49DF822F7B00/=FD05506371A000 KEY:-nh5k9g3jaumbc8maa6fpsfrsjbc060ilejadvmud5m41ut1180 for key /Q7S7P4yoU0ndNa5gYcCDZSf8/aqLKyAkMtJ34IvewA=
三月 16, 2015 9:51:22 上午 org.ccnx.ccn.impl.security.keys.BasicKeyManager getKeyLocator
信息: getKeyLocator: returning locator NAME: /ccnx.org/Users/Repository/Keys/%C1.M.K=00FD0ED2ECFE32A14D2774D6B98187020D949FF3F6AA2CAC8090CB49DF822F7B00/=FD05506371A000 KEY:-nh5k9g3jaumbc8maa6fpsfrsjbc060ilejadvmud5m41ut1180 for key /Q7S7P4yoU0ndNa5gYcCDZSf8/aqLKyAkMtJ34IvewA=
三月 16, 2015 9:51:22 上午 org.ccnx.ccn.impl.security.keys.BasicKeyManager getKeyLocator
信息: getKeyLocator: returning locator NAME: /ccnx.org/Users/Repository/Keys/%C1.M.K=00FD0ED2ECFE32A14D2774D6B98187020D949FF3F6AA2CAC8090CB49DF822F7B00/=FD05506371A000 KEY:-nh5k9g3jaumbc8maa6fpsfrsjbc060ilejadvmud5m41ut1180 for key /Q7S7P4yoU0ndNa5gYcCDZSf8/aqLKyAkMtJ34IvewA=
三月 16, 2015 9:51:22 上午 org.ccnx.ccn.impl.security.keys.BasicKeyManager getKeyLocator
信息: getKeyLocator: returning locator NAME: /ccnx.org/Users/Repository/Keys/%C1.M.K=00FD0ED2ECFE32A14D2774D6B98187020D949FF3F6AA2CAC8090CB49DF822F7B00/=FD05506371A000 KEY:-nh5k9g3jaumbc8maa6fpsfrsjbc060ilejadvmud5m41ut1180 for key /Q7S7P4yoU0ndNa5gYcCDZSf8/aqLKyAkMtJ34IvewA=
三月 16, 2015 9:51:22 上午 org.ccnx.ccn.impl.security.keys.BasicKeyManager getKeyLocator
信息: getKeyLocator: returning locator NAME: /ccnx.org/Users/Repository/Keys/%C1.M.K=00FD0ED2ECFE32A14D2774D6B98187020D949FF3F6AA2CAC8090CB49DF822F7B00/=FD05506371A000 KEY:-nh5k9g3jaumbc8maa6fpsfrsjbc060ilejadvmud5m41ut1180 for key /Q7S7P4yoU0ndNa5gYcCDZSf8/aqLKyAkMtJ34IvewA=
三月 16, 2015 9:51:22 上午 org.ccnx.ccn.impl.security.keys.BasicKeyManager getKeyLocator
信息: getKeyLocator: returning locator NAME: /ccnx.org/Users/Repository/Keys/%C1.M.K=00FD0ED2ECFE32A14D2774D6B98187020D949FF3F6AA2CAC8090CB49DF822F7B00/=FD05506371A000 KEY:-nh5k9g3jaumbc8maa6fpsfrsjbc060ilejadvmud5m41ut1180 for key /Q7S7P4yoU0ndNa5gYcCDZSf8/aqLKyAkMtJ34IvewA=
三月 16, 2015 9:51:22 上午 org.ccnx.ccn.impl.security.keys.BasicKeyManager getKeyLocator
信息: getKeyLocator: returning locator NAME: /ccnx.org/Users/Repository/Keys/%C1.M.K=00FD0ED2ECFE32A14D2774D6B98187020D949FF3F6AA2CAC8090CB49DF822F7B00/=FD05506371A000 KEY:-nh5k9g3jaumbc8maa6fpsfrsjbc060ilejadvmud5m41ut1180 for key /Q7S7P4yoU0ndNa5gYcCDZSf8/aqLKyAkMtJ34IvewA=
三月 16, 2015 9:51:22 上午 org.ccnx.ccn.impl.security.keys.BasicKeyManager getKeyLocator
信息: getKeyLocator: returning locator NAME: /ccnx.org/Users/Repository/Keys/%C1.M.K=00FD0ED2ECFE32A14D2774D6B98187020D949FF3F6AA2CAC8090CB49DF822F7B00/=FD05506371A000 KEY:-nh5k9g3jaumbc8maa6fpsfrsjbc060ilejadvmud5m41ut1180 for key /Q7S7P4yoU0ndNa5gYcCDZSf8/aqLKyAkMtJ34IvewA=
三月 16, 2015 9:51:22 上午 org.ccnx.ccn.repo.RFSTest test
信息: RFSTEST: Name enumeration prefix:/testFastNameEnumeration/%C1.E.be
三月 16, 2015 9:51:22 上午 org.ccnx.ccn.impl.security.keys.BasicKeyManager getKeyLocator
信息: getKeyLocator: returning locator NAME: /ccnx.org/Users/Repository/Keys/%C1.M.K=00FD0ED2ECFE32A14D2774D6B98187020D949FF3F6AA2CAC8090CB49DF822F7B00/=FD05506371A000 KEY:-nh5k9g3jaumbc8maa6fpsfrsjbc060ilejadvmud5m41ut1180 for key /Q7S7P4yoU0ndNa5gYcCDZSf8/aqLKyAkMtJ34IvewA=
三月 16, 2015 9:51:22 上午 org.ccnx.ccn.impl.repo.ContentTree getNamesWithPrefix
信息: the new version is a match with the interest!  we should respond: interest = /testFastNameEnumeration/%C1.E.be:  potentialCollectionName = /testFastNameEnumeration/%C1.E.be/=FD05506371A7E7/=00
三月 16, 2015 9:51:22 上午 org.ccnx.ccn.impl.security.keys.BasicKeyManager getKeyLocator
信息: getKeyLocator: returning locator NAME: /ccnx.org/Users/Repository/Keys/%C1.M.K=00FD0ED2ECFE32A14D2774D6B98187020D949FF3F6AA2CAC8090CB49DF822F7B00/=FD05506371A000 KEY:-nh5k9g3jaumbc8maa6fpsfrsjbc060ilejadvmud5m41ut1180 for key /Q7S7P4yoU0ndNa5gYcCDZSf8/aqLKyAkMtJ34IvewA=
三月 16, 2015 9:51:22 上午 org.ccnx.ccn.impl.repo.ContentTree insert
信息: we added at least one child, need to send a name enumeration response
三月 16, 2015 9:51:22 上午 org.ccnx.ccn.impl.repo.ContentTree insert
信息: prefix for FastNEResponse: /testFastNameEnumeration/%C1.E.be
三月 16, 2015 9:51:22 上午 org.ccnx.ccn.impl.repo.ContentTree insert
信息: response name will be: /testFastNameEnumeration/%C1.E.be/%C1.E.be/=FD05506371A7F8
三月 16, 2015 9:51:22 上午 org.ccnx.ccn.impl.repo.ContentTree insert
信息: resetting interestFlag to false
三月 16, 2015 9:51:22 上午 org.ccnx.ccn.impl.security.keys.BasicKeyManager getKeyLocator
信息: getKeyLocator: returning locator NAME: /ccnx.org/Users/Repository/Keys/%C1.M.K=00FD0ED2ECFE32A14D2774D6B98187020D949FF3F6AA2CAC8090CB49DF822F7B00/=FD05506371A000 KEY:-nh5k9g3jaumbc8maa6fpsfrsjbc060ilejadvmud5m41ut1180 for key /Q7S7P4yoU0ndNa5gYcCDZSf8/aqLKyAkMtJ34IvewA=
三月 16, 2015 9:51:22 上午 org.ccnx.ccn.impl.repo.ContentTree insert
信息: we added at least one child, need to send a name enumeration response
三月 16, 2015 9:51:22 上午 org.ccnx.ccn.impl.repo.ContentTree insert
信息: prefix for FastNEResponse: /testFastNameEnumeration/%C1.E.be
三月 16, 2015 9:51:22 上午 org.ccnx.ccn.impl.repo.ContentTree insert
信息: response name will be: /testFastNameEnumeration/%C1.E.be/%C1.E.be/=FD05506371A80C
三月 16, 2015 9:51:22 上午 org.ccnx.ccn.impl.repo.ContentTree insert
信息: resetting interestFlag to false
三月 16, 2015 9:51:22 上午 org.ccnx.ccn.impl.repo.LogStructRepoStore shutDown
信息: LogStructRepoStore.shutdown()
三月 16, 2015 9:51:22 上午 org.ccnx.ccn.impl.repo.RepositoryStoreBase shutDown
信息: RespositoryStoreBase.shutdown()
三月 16, 2015 9:51:22 上午 org.ccnx.ccn.impl.CCNNetworkManager shutdown
信息: NetworkManager 7: Shutdown requested
三月 16, 2015 9:51:22 上午 org.ccnx.ccn.impl.CCNNetworkChannel close
信息: NetworkChannel 7: close(false)
三月 16, 2015 9:51:22 上午 org.ccnx.ccn.impl.CCNNetworkManager shutdown
信息: NetworkManager 6: Shutdown requested
三月 16, 2015 9:51:22 上午 org.ccnx.ccn.impl.CCNNetworkChannel close
信息: NetworkChannel 6: close(false)
三月 16, 2015 9:51:22 上午 org.ccnx.ccn.impl.CCNNetworkManager run
信息: NetworkManager 6: Shutdown complete for port: 63000
三月 16, 2015 9:51:22 上午 org.ccnx.ccn.impl.security.keys.BasicKeyManager saveSecureKeyCache
信息: Not saving key manager secure key cache data in response to user configuration variable.
三月 16, 2015 9:51:22 上午 org.ccnx.ccn.impl.repo.LogStructRepoStore initialize
信息: LogStructRepoStore.initialize()
三月 16, 2015 9:51:22 上午 org.ccnx.ccn.impl.repo.LogStructRepoStore initialize
警告: Starting repository; repository root is: /home/cb/work/ccnx-0.8.2/javasrc/testout/repotest
三月 16, 2015 9:51:22 上午 org.ccnx.ccn.impl.security.keys.BasicKeyManager loadKeyStore
信息: Loading CCN key store from /home/cb/work/ccnx-0.8.2/javasrc/testout/repotest/ccnx_repository_keystore...last modified 1426470682000(ms).
三月 16, 2015 9:51:22 上午 org.ccnx.ccn.impl.security.keys.BasicKeyManager readKeyStore
信息: Loading CCN key store...
三月 16, 2015 9:51:22 上午 org.ccnx.ccn.impl.security.keys.BasicKeyManager loadKeyStore
信息: Loaded CCN key store from /home/cb/work/ccnx-0.8.2/javasrc/testout/repotest/ccnx_repository_keystore...version 2015-03-16 09:51:22.0 ms: 1426470682000
三月 16, 2015 9:51:22 上午 org.ccnx.ccn.impl.security.keys.BasicKeyManager loadValuesFromKeystore
信息: Loading key store file:/home/cb/work/ccnx-0.8.2/javasrc/testout/repotest/ccnx_repository_keystore version 2015-03-16 09:51:22.0 version component =FD05506371A000 millis 1426470682000
三月 16, 2015 9:51:22 上午 org.ccnx.ccn.impl.security.keys.BasicKeyManager loadValuesFromKeystore
信息: Default key ID for user Repository: /Q7S7P4yoU0ndNa5gYcCDZSf8/aqLKyAkMtJ34IvewA=
三月 16, 2015 9:51:22 上午 org.ccnx.ccn.impl.security.keys.SecureKeyCache loadKeyStore
信息: KeyCache: loading signing key /Q7S7P4yoU0ndNa5gYcCDZSf8/aqLKyAkMtJ34IvewA=, remembering public key in public key cache.
三月 16, 2015 9:51:22 上午 org.ccnx.ccn.impl.security.keys.SecureKeyCache addMySigningKey
信息: SecureKeyCache: adding my private key fd0ed2ecfe32a14d2774d6b98187020d949ff3f6aa2cac8090cb49df822f7b00
三月 16, 2015 9:51:22 上午 org.ccnx.ccn.impl.security.keys.BasicKeyManager loadValuesFromConfiguration
信息: Not loading key manager configuration data in response to user configuration variable.
三月 16, 2015 9:51:22 上午 org.ccnx.ccn.impl.CCNNetworkManager <init>
警告: NetworkManager 8: Non-standard CCN agent port 63000 per property ccn.agent.port
三月 16, 2015 9:51:22 上午 org.ccnx.ccn.impl.CCNNetworkManager <init>
信息: NetworkManager 8: Contacting CCN agent at localhost:63000
三月 16, 2015 9:51:22 上午 org.ccnx.ccn.impl.CCNNetworkChannel <init>
信息: NetworkChannel 8: Starting up CCNNetworkChannel using TCP.
三月 16, 2015 9:51:22 上午 org.ccnx.ccn.impl.CCNNetworkChannel open
信息: NetworkChannel 8: open()
三月 16, 2015 9:51:22 上午 org.ccnx.ccn.impl.CCNNetworkChannel open
信息: NetworkChannel 8: Contacting CCN agent at localhost:63000 on local port 49789
三月 16, 2015 9:51:22 上午 org.ccnx.ccn.CCNHandle <init>
信息: CCNHandle 8: Handle is now open
三月 16, 2015 9:51:22 上午 org.ccnx.ccn.impl.CCNNetworkManager run
信息: NetworkManager 8: CCNNetworkManager processing thread started for port: 63000
三月 16, 2015 9:51:22 上午 org.ccnx.ccn.impl.security.keys.PublicKeyCache getPublicKey
信息: Repository looking up a key that is contained in the locator...
三月 16, 2015 9:51:22 上午 org.ccnx.ccn.impl.CCNFlowControl addNameSpace
信息: Flow controller addNameSpace: added namespace: /ccnx.org/Users/Repository/Keys/%C1.M.K=00FD0ED2ECFE32A14D2774D6B98187020D949FF3F6AA2CAC8090CB49DF822F7B00/=FD05506371A000
三月 16, 2015 9:51:22 上午 org.ccnx.ccn.impl.security.keys.BasicKeyManager getKeyLocator
信息: getKeyLocator: returning locator KEY: /Q7S7P4yoU0ndNa5gYcCDZSf8/aqLKyAkMtJ34IvewA= for key /Q7S7P4yoU0ndNa5gYcCDZSf8/aqLKyAkMtJ34IvewA=
三月 16, 2015 9:51:22 上午 org.ccnx.ccn.KeyManager publishKey
信息: publishKey: key not previously published, making new key object /ccnx.org/Users/Repository/Keys/%C1.M.K=00FD0ED2ECFE32A14D2774D6B98187020D949FF3F6AA2CAC8090CB49DF822F7B00 with version 2015-03-16 09:51:22.0 displayed as =FD05506371A000
三月 16, 2015 9:51:22 上午 org.ccnx.ccn.io.CCNAbstractOutputStream <init>
信息: CCNAbstractOutputStream: /ccnx.org/Users/Repository/Keys/%C1.M.K=00FD0ED2ECFE32A14D2774D6B98187020D949FF3F6AA2CAC8090CB49DF822F7B00/=FD05506371A000 blocksize is 4096
三月 16, 2015 9:51:22 上午 org.ccnx.ccn.io.CCNAbstractOutputStream startWrite
信息: CCNAbstractOutputStream: startWrite -- searching for keys.
三月 16, 2015 9:51:22 上午 org.ccnx.ccn.io.CCNOutputStream flushToNetwork
信息: flush: outputting to the segmenter, baseName /ccnx.org/Users/Repository/Keys/%C1.M.K=00FD0ED2ECFE32A14D2774D6B98187020D949FF3F6AA2CAC8090CB49DF822F7B00/=FD05506371A000 basenameindex =00; 162 bytes written, holding back 162 flushing final blocks? false.
三月 16, 2015 9:51:22 上午 org.ccnx.ccn.io.CCNOutputStream flushToNetwork
信息: HEADER: CCNOutputStream: flushToNetwork: new _baseNameIndex 0
三月 16, 2015 9:51:22 上午 org.ccnx.ccn.io.CCNOutputStream flushToNetwork
信息: flush: outputting to the segmenter, baseName /ccnx.org/Users/Repository/Keys/%C1.M.K=00FD0ED2ECFE32A14D2774D6B98187020D949FF3F6AA2CAC8090CB49DF822F7B00/=FD05506371A000 basenameindex =00; 162 bytes written, holding back 0 flushing final blocks? true.
三月 16, 2015 9:51:22 上午 org.ccnx.ccn.io.CCNOutputStream flushToNetwork
信息: HEADER: CCNOutputStream: flushToNetwork: new _baseNameIndex 1
三月 16, 2015 9:51:22 上午 org.ccnx.ccn.io.CCNOutputStream close
信息: CCNOutputStream close: /ccnx.org/Users/Repository/Keys/%C1.M.K=00FD0ED2ECFE32A14D2774D6B98187020D949FF3F6AA2CAC8090CB49DF822F7B00/=FD05506371A000
三月 16, 2015 9:51:22 上午 org.ccnx.ccn.KeyManager publishKey
信息: Published key Sun RSA public key, 1024 bits
  modulus: 103406764689343970488358185841244488691925022209268246303063880273377466185419021110787446670991635558329638515861937529864452599020936544237629591781792342729169496505949245681306113565560267751006255089639552337950749309446667276069435409658396281048791449372299796203438487436579766662211212069426989752979
  public exponent: 65537 to name /ccnx.org/Users/Repository/Keys/%C1.M.K=00FD0ED2ECFE32A14D2774D6B98187020D949FF3F6AA2CAC8090CB49DF822F7B00/=FD05506371A000 with key locator NAME: /ccnx.org/Users/Repository/Keys/%C1.M.K=00FD0ED2ECFE32A14D2774D6B98187020D949FF3F6AA2CAC8090CB49DF822F7B00/=FD05506371A000 KEY:-nh5k9g3jaumbc8maa6fpsfrsjbc060ilejadvmud5m41ut1180; ephemeral digest F=DD074D6DFF56BB8CAD511F0606F0E742999695C27F0E376509B52EE09BF6AB.
三月 16, 2015 9:51:22 上午 org.ccnx.ccn.impl.security.keys.BasicKeyManager publishKey
信息: publishKey: published key /Q7S7P4yoU0ndNa5gYcCDZSf8/aqLKyAkMtJ34IvewA=
 under specified key name /ccnx.org/Users/Repository/Keys/%C1.M.K=00FD0ED2ECFE32A14D2774D6B98187020D949FF3F6AA2CAC8090CB49DF822F7B00/=FD05506371A000
 key locator: NAME: /ccnx.org/Users/Repository/Keys/%C1.M.K=00FD0ED2ECFE32A14D2774D6B98187020D949FF3F6AA2CAC8090CB49DF822F7B00/=FD05506371A000 KEY:-nh5k9g3jaumbc8maa6fpsfrsjbc060ilejadvmud5m41ut1180
三月 16, 2015 9:51:22 上午 org.ccnx.ccn.impl.security.keys.BasicKeyManager publishKey
信息: publishKey: storing key locator /Q7S7P4yoU0ndNa5gYcCDZSf8/aqLKyAkMtJ34IvewA= for key NAME: /ccnx.org/Users/Repository/Keys/%C1.M.K=00FD0ED2ECFE32A14D2774D6B98187020D949FF3F6AA2CAC8090CB49DF822F7B00/=FD05506371A000 KEY:-nh5k9g3jaumbc8maa6fpsfrsjbc060ilejadvmud5m41ut1180
三月 16, 2015 9:51:22 上午 org.ccnx.ccn.KeyManager setDefaultKeyManager
信息: Setting default key manager: new KeyManager org.ccnx.ccn.impl.security.keys.BasicKeyManager
三月 16, 2015 9:51:22 上午 org.ccnx.ccn.impl.CCNNetworkManager <init>
警告: NetworkManager 9: Non-standard CCN agent port 63000 per property ccn.agent.port
三月 16, 2015 9:51:22 上午 org.ccnx.ccn.impl.CCNNetworkManager <init>
信息: NetworkManager 9: Contacting CCN agent at localhost:63000
三月 16, 2015 9:51:22 上午 org.ccnx.ccn.impl.CCNNetworkChannel <init>
信息: NetworkChannel 9: Starting up CCNNetworkChannel using TCP.
三月 16, 2015 9:51:22 上午 org.ccnx.ccn.impl.CCNNetworkChannel open
信息: NetworkChannel 9: open()
三月 16, 2015 9:51:22 上午 org.ccnx.ccn.impl.CCNNetworkChannel open
信息: NetworkChannel 9: Contacting CCN agent at localhost:63000 on local port 49790
三月 16, 2015 9:51:22 上午 org.ccnx.ccn.CCNHandle <init>
信息: CCNHandle 9: Handle is now open
三月 16, 2015 9:51:22 上午 org.ccnx.ccn.impl.CCNFlowControl addNameSpace
信息: Flow controller addNameSpace: added namespace: /%C1.M.S.localhost/%C1.M.SRV/repository/KEY/%C1.M.K=00FD0ED2ECFE32A14D2774D6B98187020D949FF3F6AA2CAC8090CB49DF822F7B00
三月 16, 2015 9:51:22 上午 org.ccnx.ccn.impl.security.keys.BasicKeyManager getKeyLocator
信息: getKeyLocator: returning locator NAME: /ccnx.org/Users/Repository/Keys/%C1.M.K=00FD0ED2ECFE32A14D2774D6B98187020D949FF3F6AA2CAC8090CB49DF822F7B00/=FD05506371A000 KEY:-nh5k9g3jaumbc8maa6fpsfrsjbc060ilejadvmud5m41ut1180 for key /Q7S7P4yoU0ndNa5gYcCDZSf8/aqLKyAkMtJ34IvewA=
三月 16, 2015 9:51:22 上午 org.ccnx.ccn.KeyManager publishKey
信息: publishKey: key not previously published, making new key object /%C1.M.S.localhost/%C1.M.SRV/repository/KEY/%C1.M.K=00FD0ED2ECFE32A14D2774D6B98187020D949FF3F6AA2CAC8090CB49DF822F7B00 with version 2015-03-16 09:51:22.548095703 displayed as <no version>
三月 16, 2015 9:51:22 上午 org.ccnx.ccn.io.CCNAbstractOutputStream <init>
信息: CCNAbstractOutputStream: /%C1.M.S.localhost/%C1.M.SRV/repository/KEY/%C1.M.K=00FD0ED2ECFE32A14D2774D6B98187020D949FF3F6AA2CAC8090CB49DF822F7B00/=FD05506371A8C5 blocksize is 4096
三月 16, 2015 9:51:22 上午 org.ccnx.ccn.io.CCNAbstractOutputStream startWrite
信息: CCNAbstractOutputStream: startWrite -- searching for keys.
三月 16, 2015 9:51:22 上午 org.ccnx.ccn.io.CCNOutputStream flushToNetwork
信息: flush: outputting to the segmenter, baseName /%C1.M.S.localhost/%C1.M.SRV/repository/KEY/%C1.M.K=00FD0ED2ECFE32A14D2774D6B98187020D949FF3F6AA2CAC8090CB49DF822F7B00/=FD05506371A8C5 basenameindex =00; 162 bytes written, holding back 162 flushing final blocks? false.
三月 16, 2015 9:51:22 上午 org.ccnx.ccn.io.CCNOutputStream flushToNetwork
信息: HEADER: CCNOutputStream: flushToNetwork: new _baseNameIndex 0
三月 16, 2015 9:51:22 上午 org.ccnx.ccn.io.CCNOutputStream flushToNetwork
信息: flush: outputting to the segmenter, baseName /%C1.M.S.localhost/%C1.M.SRV/repository/KEY/%C1.M.K=00FD0ED2ECFE32A14D2774D6B98187020D949FF3F6AA2CAC8090CB49DF822F7B00/=FD05506371A8C5 basenameindex =00; 162 bytes written, holding back 0 flushing final blocks? true.
三月 16, 2015 9:51:22 上午 org.ccnx.ccn.io.CCNOutputStream flushToNetwork
信息: HEADER: CCNOutputStream: flushToNetwork: new _baseNameIndex 1
三月 16, 2015 9:51:22 上午 org.ccnx.ccn.io.CCNOutputStream close
信息: CCNOutputStream close: /%C1.M.S.localhost/%C1.M.SRV/repository/KEY/%C1.M.K=00FD0ED2ECFE32A14D2774D6B98187020D949FF3F6AA2CAC8090CB49DF822F7B00/=FD05506371A8C5
三月 16, 2015 9:51:22 上午 org.ccnx.ccn.KeyManager publishKey
信息: Published key Sun RSA public key, 1024 bits
  modulus: 103406764689343970488358185841244488691925022209268246303063880273377466185419021110787446670991635558329638515861937529864452599020936544237629591781792342729169496505949245681306113565560267751006255089639552337950749309446667276069435409658396281048791449372299796203438487436579766662211212069426989752979
  public exponent: 65537 to name /%C1.M.S.localhost/%C1.M.SRV/repository/KEY/%C1.M.K=00FD0ED2ECFE32A14D2774D6B98187020D949FF3F6AA2CAC8090CB49DF822F7B00/=FD05506371A8C5 with key locator NAME: /%C1.M.S.localhost/%C1.M.SRV/repository/KEY/%C1.M.K=00FD0ED2ECFE32A14D2774D6B98187020D949FF3F6AA2CAC8090CB49DF822F7B00/=FD05506371A8C5 KEY:-nh5k9g3jaumbc8maa6fpsfrsjbc060ilejadvmud5m41ut1180; ephemeral digest =9DE1F54A94767772B9E50C8C53049B336EE2EF19EFF907CFF83E01332C8CE2D1.
三月 16, 2015 9:51:22 上午 org.ccnx.ccn.impl.security.keys.BasicKeyManager publishKey
信息: publishKey: published key /Q7S7P4yoU0ndNa5gYcCDZSf8/aqLKyAkMtJ34IvewA=
 under specified key name /%C1.M.S.localhost/%C1.M.SRV/repository/KEY/%C1.M.K=00FD0ED2ECFE32A14D2774D6B98187020D949FF3F6AA2CAC8090CB49DF822F7B00/=FD05506371A8C5
 key locator: NAME: /%C1.M.S.localhost/%C1.M.SRV/repository/KEY/%C1.M.K=00FD0ED2ECFE32A14D2774D6B98187020D949FF3F6AA2CAC8090CB49DF822F7B00/=FD05506371A8C5 KEY:-nh5k9g3jaumbc8maa6fpsfrsjbc060ilejadvmud5m41ut1180
三月 16, 2015 9:51:22 上午 org.ccnx.ccn.impl.CCNFlowControl addNameSpace
信息: Flow controller addNameSpace: added namespace: /%C1.M.S.localhost/%C1.M.SRV/repository/KEY
三月 16, 2015 9:51:22 上午 org.ccnx.ccn.impl.repo.LogStructRepoStore createIndex
信息: at the end of the file
三月 16, 2015 9:51:22 上午 org.ccnx.ccn.impl.repo.LogStructRepoStore initialize
信息: REPO: initializing repository: global prefix /parc.com/csl/ccn/repositories/TestRepository, local name TestRepository
三月 16, 2015 9:51:22 上午 org.ccnx.ccn.impl.repo.LogStructRepoStore initialize
信息: REPO: initializing policy location: TestRepository for global prefix /parc.com/csl/ccn/repositories/TestRepository and local name TestRepository
三月 16, 2015 9:51:22 上午 org.ccnx.ccn.impl.repo.LogStructRepoStore shutDown
信息: LogStructRepoStore.shutdown()
三月 16, 2015 9:51:22 上午 org.ccnx.ccn.impl.repo.RepositoryStoreBase shutDown
信息: RespositoryStoreBase.shutdown()
三月 16, 2015 9:51:22 上午 org.ccnx.ccn.impl.CCNNetworkManager shutdown
信息: NetworkManager 9: Shutdown requested
三月 16, 2015 9:51:22 上午 org.ccnx.ccn.impl.CCNNetworkChannel close
信息: NetworkChannel 9: close(false)
三月 16, 2015 9:51:22 上午 org.ccnx.ccn.impl.CCNNetworkManager shutdown
信息: NetworkManager 8: Shutdown requested
三月 16, 2015 9:51:22 上午 org.ccnx.ccn.impl.CCNNetworkManager run
信息: NetworkManager 8: Shutdown complete for port: 63000
三月 16, 2015 9:51:22 上午 org.ccnx.ccn.impl.CCNNetworkChannel close
信息: NetworkChannel 8: close(false)
三月 16, 2015 9:51:22 上午 org.ccnx.ccn.impl.security.keys.BasicKeyManager saveSecureKeyCache
信息: Not saving key manager secure key cache data in response to user configuration variable.
三月 16, 2015 9:51:22 上午 org.ccnx.ccn.repo.RFSTest testRepo
信息: Completed testRepo
三月 16, 2015 9:51:22 上午 org.ccnx.ccn.repo.RFSTest testBulkImport
信息: Starting testBulkImport
三月 16, 2015 9:51:22 上午 org.ccnx.ccn.impl.repo.LogStructRepoStore initialize
信息: LogStructRepoStore.initialize()
三月 16, 2015 9:51:22 上午 org.ccnx.ccn.impl.repo.LogStructRepoStore initialize
警告: Starting repository; repository root is: /home/cb/work/ccnx-0.8.2/javasrc/testout/repotest
三月 16, 2015 9:51:22 上午 org.ccnx.ccn.impl.security.keys.BasicKeyManager loadKeyStore
信息: Loading CCN key store from /home/cb/work/ccnx-0.8.2/javasrc/testout/repotest/ccnx_repository_keystore...last modified 1426470682000(ms).
三月 16, 2015 9:51:22 上午 org.ccnx.ccn.impl.security.keys.BasicKeyManager readKeyStore
信息: Loading CCN key store...
三月 16, 2015 9:51:22 上午 org.ccnx.ccn.impl.security.keys.BasicKeyManager loadKeyStore
信息: Loaded CCN key store from /home/cb/work/ccnx-0.8.2/javasrc/testout/repotest/ccnx_repository_keystore...version 2015-03-16 09:51:22.0 ms: 1426470682000
三月 16, 2015 9:51:22 上午 org.ccnx.ccn.impl.security.keys.BasicKeyManager loadValuesFromKeystore
信息: Loading key store file:/home/cb/work/ccnx-0.8.2/javasrc/testout/repotest/ccnx_repository_keystore version 2015-03-16 09:51:22.0 version component =FD05506371A000 millis 1426470682000
三月 16, 2015 9:51:22 上午 org.ccnx.ccn.impl.security.keys.BasicKeyManager loadValuesFromKeystore
信息: Default key ID for user Repository: /Q7S7P4yoU0ndNa5gYcCDZSf8/aqLKyAkMtJ34IvewA=
三月 16, 2015 9:51:22 上午 org.ccnx.ccn.impl.security.keys.SecureKeyCache loadKeyStore
信息: KeyCache: loading signing key /Q7S7P4yoU0ndNa5gYcCDZSf8/aqLKyAkMtJ34IvewA=, remembering public key in public key cache.
三月 16, 2015 9:51:22 上午 org.ccnx.ccn.impl.security.keys.SecureKeyCache addMySigningKey
信息: SecureKeyCache: adding my private key fd0ed2ecfe32a14d2774d6b98187020d949ff3f6aa2cac8090cb49df822f7b00
三月 16, 2015 9:51:22 上午 org.ccnx.ccn.impl.security.keys.BasicKeyManager loadValuesFromConfiguration
信息: Not loading key manager configuration data in response to user configuration variable.
三月 16, 2015 9:51:22 上午 org.ccnx.ccn.impl.CCNNetworkManager <init>
警告: NetworkManager 10: Non-standard CCN agent port 63000 per property ccn.agent.port
三月 16, 2015 9:51:22 上午 org.ccnx.ccn.impl.CCNNetworkManager <init>
信息: NetworkManager 10: Contacting CCN agent at localhost:63000
三月 16, 2015 9:51:22 上午 org.ccnx.ccn.impl.CCNNetworkChannel <init>
信息: NetworkChannel 10: Starting up CCNNetworkChannel using TCP.
三月 16, 2015 9:51:22 上午 org.ccnx.ccn.impl.CCNNetworkChannel open
信息: NetworkChannel 10: open()
三月 16, 2015 9:51:22 上午 org.ccnx.ccn.impl.CCNNetworkChannel open
信息: NetworkChannel 10: Contacting CCN agent at localhost:63000 on local port 49791
三月 16, 2015 9:51:22 上午 org.ccnx.ccn.CCNHandle <init>
信息: CCNHandle 10: Handle is now open
三月 16, 2015 9:51:22 上午 org.ccnx.ccn.impl.CCNNetworkManager run
信息: NetworkManager 10: CCNNetworkManager processing thread started for port: 63000
三月 16, 2015 9:51:22 上午 org.ccnx.ccn.impl.security.keys.PublicKeyCache getPublicKey
信息: Repository looking up a key that is contained in the locator...
三月 16, 2015 9:51:22 上午 org.ccnx.ccn.impl.CCNFlowControl addNameSpace
信息: Flow controller addNameSpace: added namespace: /ccnx.org/Users/Repository/Keys/%C1.M.K=00FD0ED2ECFE32A14D2774D6B98187020D949FF3F6AA2CAC8090CB49DF822F7B00/=FD05506371A000
三月 16, 2015 9:51:22 上午 org.ccnx.ccn.impl.security.keys.BasicKeyManager getKeyLocator
信息: getKeyLocator: returning locator KEY: /Q7S7P4yoU0ndNa5gYcCDZSf8/aqLKyAkMtJ34IvewA= for key /Q7S7P4yoU0ndNa5gYcCDZSf8/aqLKyAkMtJ34IvewA=
三月 16, 2015 9:51:22 上午 org.ccnx.ccn.KeyManager publishKey
信息: publishKey: key not previously published, making new key object /ccnx.org/Users/Repository/Keys/%C1.M.K=00FD0ED2ECFE32A14D2774D6B98187020D949FF3F6AA2CAC8090CB49DF822F7B00 with version 2015-03-16 09:51:22.0 displayed as =FD05506371A000
三月 16, 2015 9:51:22 上午 org.ccnx.ccn.io.CCNAbstractOutputStream <init>
信息: CCNAbstractOutputStream: /ccnx.org/Users/Repository/Keys/%C1.M.K=00FD0ED2ECFE32A14D2774D6B98187020D949FF3F6AA2CAC8090CB49DF822F7B00/=FD05506371A000 blocksize is 4096
三月 16, 2015 9:51:22 上午 org.ccnx.ccn.io.CCNAbstractOutputStream startWrite
信息: CCNAbstractOutputStream: startWrite -- searching for keys.
三月 16, 2015 9:51:22 上午 org.ccnx.ccn.io.CCNOutputStream flushToNetwork
信息: flush: outputting to the segmenter, baseName /ccnx.org/Users/Repository/Keys/%C1.M.K=00FD0ED2ECFE32A14D2774D6B98187020D949FF3F6AA2CAC8090CB49DF822F7B00/=FD05506371A000 basenameindex =00; 162 bytes written, holding back 162 flushing final blocks? false.
三月 16, 2015 9:51:22 上午 org.ccnx.ccn.io.CCNOutputStream flushToNetwork
信息: HEADER: CCNOutputStream: flushToNetwork: new _baseNameIndex 0
三月 16, 2015 9:51:22 上午 org.ccnx.ccn.io.CCNOutputStream flushToNetwork
信息: flush: outputting to the segmenter, baseName /ccnx.org/Users/Repository/Keys/%C1.M.K=00FD0ED2ECFE32A14D2774D6B98187020D949FF3F6AA2CAC8090CB49DF822F7B00/=FD05506371A000 basenameindex =00; 162 bytes written, holding back 0 flushing final blocks? true.
三月 16, 2015 9:51:22 上午 org.ccnx.ccn.io.CCNOutputStream flushToNetwork
信息: HEADER: CCNOutputStream: flushToNetwork: new _baseNameIndex 1
三月 16, 2015 9:51:22 上午 org.ccnx.ccn.io.CCNOutputStream close
信息: CCNOutputStream close: /ccnx.org/Users/Repository/Keys/%C1.M.K=00FD0ED2ECFE32A14D2774D6B98187020D949FF3F6AA2CAC8090CB49DF822F7B00/=FD05506371A000
三月 16, 2015 9:51:22 上午 org.ccnx.ccn.KeyManager publishKey
信息: Published key Sun RSA public key, 1024 bits
  modulus: 103406764689343970488358185841244488691925022209268246303063880273377466185419021110787446670991635558329638515861937529864452599020936544237629591781792342729169496505949245681306113565560267751006255089639552337950749309446667276069435409658396281048791449372299796203438487436579766662211212069426989752979
  public exponent: 65537 to name /ccnx.org/Users/Repository/Keys/%C1.M.K=00FD0ED2ECFE32A14D2774D6B98187020D949FF3F6AA2CAC8090CB49DF822F7B00/=FD05506371A000 with key locator NAME: /ccnx.org/Users/Repository/Keys/%C1.M.K=00FD0ED2ECFE32A14D2774D6B98187020D949FF3F6AA2CAC8090CB49DF822F7B00/=FD05506371A000 KEY:-nh5k9g3jaumbc8maa6fpsfrsjbc060ilejadvmud5m41ut1180; ephemeral digest =15E4730481945D426D137EA810C4E05011BA8B132F6EE50B9A1E6DAAC0F96752.
三月 16, 2015 9:51:22 上午 org.ccnx.ccn.impl.security.keys.BasicKeyManager publishKey
信息: publishKey: published key /Q7S7P4yoU0ndNa5gYcCDZSf8/aqLKyAkMtJ34IvewA=
 under specified key name /ccnx.org/Users/Repository/Keys/%C1.M.K=00FD0ED2ECFE32A14D2774D6B98187020D949FF3F6AA2CAC8090CB49DF822F7B00/=FD05506371A000
 key locator: NAME: /ccnx.org/Users/Repository/Keys/%C1.M.K=00FD0ED2ECFE32A14D2774D6B98187020D949FF3F6AA2CAC8090CB49DF822F7B00/=FD05506371A000 KEY:-nh5k9g3jaumbc8maa6fpsfrsjbc060ilejadvmud5m41ut1180
三月 16, 2015 9:51:22 上午 org.ccnx.ccn.impl.security.keys.BasicKeyManager publishKey
信息: publishKey: storing key locator /Q7S7P4yoU0ndNa5gYcCDZSf8/aqLKyAkMtJ34IvewA= for key NAME: /ccnx.org/Users/Repository/Keys/%C1.M.K=00FD0ED2ECFE32A14D2774D6B98187020D949FF3F6AA2CAC8090CB49DF822F7B00/=FD05506371A000 KEY:-nh5k9g3jaumbc8maa6fpsfrsjbc060ilejadvmud5m41ut1180
三月 16, 2015 9:51:22 上午 org.ccnx.ccn.KeyManager setDefaultKeyManager
信息: Setting default key manager: new KeyManager org.ccnx.ccn.impl.security.keys.BasicKeyManager
三月 16, 2015 9:51:22 上午 org.ccnx.ccn.impl.CCNNetworkManager <init>
警告: NetworkManager 11: Non-standard CCN agent port 63000 per property ccn.agent.port
三月 16, 2015 9:51:22 上午 org.ccnx.ccn.impl.CCNNetworkManager <init>
信息: NetworkManager 11: Contacting CCN agent at localhost:63000
三月 16, 2015 9:51:22 上午 org.ccnx.ccn.impl.CCNNetworkChannel <init>
信息: NetworkChannel 11: Starting up CCNNetworkChannel using TCP.
三月 16, 2015 9:51:22 上午 org.ccnx.ccn.impl.CCNNetworkChannel open
信息: NetworkChannel 11: open()
三月 16, 2015 9:51:22 上午 org.ccnx.ccn.impl.CCNNetworkChannel open
信息: NetworkChannel 11: Contacting CCN agent at localhost:63000 on local port 49792
三月 16, 2015 9:51:22 上午 org.ccnx.ccn.CCNHandle <init>
信息: CCNHandle 11: Handle is now open
三月 16, 2015 9:51:22 上午 org.ccnx.ccn.impl.CCNFlowControl addNameSpace
信息: Flow controller addNameSpace: added namespace: /%C1.M.S.localhost/%C1.M.SRV/repository/KEY/%C1.M.K=00FD0ED2ECFE32A14D2774D6B98187020D949FF3F6AA2CAC8090CB49DF822F7B00
三月 16, 2015 9:51:22 上午 org.ccnx.ccn.impl.security.keys.BasicKeyManager getKeyLocator
信息: getKeyLocator: returning locator NAME: /ccnx.org/Users/Repository/Keys/%C1.M.K=00FD0ED2ECFE32A14D2774D6B98187020D949FF3F6AA2CAC8090CB49DF822F7B00/=FD05506371A000 KEY:-nh5k9g3jaumbc8maa6fpsfrsjbc060ilejadvmud5m41ut1180 for key /Q7S7P4yoU0ndNa5gYcCDZSf8/aqLKyAkMtJ34IvewA=
三月 16, 2015 9:51:22 上午 org.ccnx.ccn.KeyManager publishKey
信息: publishKey: key not previously published, making new key object /%C1.M.S.localhost/%C1.M.SRV/repository/KEY/%C1.M.K=00FD0ED2ECFE32A14D2774D6B98187020D949FF3F6AA2CAC8090CB49DF822F7B00 with version 2015-03-16 09:51:22.643066406 displayed as <no version>
三月 16, 2015 9:51:22 上午 org.ccnx.ccn.io.CCNAbstractOutputStream <init>
信息: CCNAbstractOutputStream: /%C1.M.S.localhost/%C1.M.SRV/repository/KEY/%C1.M.K=00FD0ED2ECFE32A14D2774D6B98187020D949FF3F6AA2CAC8090CB49DF822F7B00/=FD05506371AA4A blocksize is 4096
三月 16, 2015 9:51:22 上午 org.ccnx.ccn.io.CCNAbstractOutputStream startWrite
信息: CCNAbstractOutputStream: startWrite -- searching for keys.
三月 16, 2015 9:51:22 上午 org.ccnx.ccn.io.CCNOutputStream flushToNetwork
信息: flush: outputting to the segmenter, baseName /%C1.M.S.localhost/%C1.M.SRV/repository/KEY/%C1.M.K=00FD0ED2ECFE32A14D2774D6B98187020D949FF3F6AA2CAC8090CB49DF822F7B00/=FD05506371AA4A basenameindex =00; 162 bytes written, holding back 162 flushing final blocks? false.
三月 16, 2015 9:51:22 上午 org.ccnx.ccn.io.CCNOutputStream flushToNetwork
信息: HEADER: CCNOutputStream: flushToNetwork: new _baseNameIndex 0
三月 16, 2015 9:51:22 上午 org.ccnx.ccn.io.CCNOutputStream flushToNetwork
信息: flush: outputting to the segmenter, baseName /%C1.M.S.localhost/%C1.M.SRV/repository/KEY/%C1.M.K=00FD0ED2ECFE32A14D2774D6B98187020D949FF3F6AA2CAC8090CB49DF822F7B00/=FD05506371AA4A basenameindex =00; 162 bytes written, holding back 0 flushing final blocks? true.
三月 16, 2015 9:51:22 上午 org.ccnx.ccn.io.CCNOutputStream flushToNetwork
信息: HEADER: CCNOutputStream: flushToNetwork: new _baseNameIndex 1
三月 16, 2015 9:51:22 上午 org.ccnx.ccn.io.CCNOutputStream close
信息: CCNOutputStream close: /%C1.M.S.localhost/%C1.M.SRV/repository/KEY/%C1.M.K=00FD0ED2ECFE32A14D2774D6B98187020D949FF3F6AA2CAC8090CB49DF822F7B00/=FD05506371AA4A
三月 16, 2015 9:51:22 上午 org.ccnx.ccn.KeyManager publishKey
信息: Published key Sun RSA public key, 1024 bits
  modulus: 103406764689343970488358185841244488691925022209268246303063880273377466185419021110787446670991635558329638515861937529864452599020936544237629591781792342729169496505949245681306113565560267751006255089639552337950749309446667276069435409658396281048791449372299796203438487436579766662211212069426989752979
  public exponent: 65537 to name /%C1.M.S.localhost/%C1.M.SRV/repository/KEY/%C1.M.K=00FD0ED2ECFE32A14D2774D6B98187020D949FF3F6AA2CAC8090CB49DF822F7B00/=FD05506371AA4A with key locator NAME: /%C1.M.S.localhost/%C1.M.SRV/repository/KEY/%C1.M.K=00FD0ED2ECFE32A14D2774D6B98187020D949FF3F6AA2CAC8090CB49DF822F7B00/=FD05506371AA4A KEY:-nh5k9g3jaumbc8maa6fpsfrsjbc060ilejadvmud5m41ut1180; ephemeral digest %B16=92ED340AE05D42D6F8737DD61BAA5AA4F1D0B8362A59EE9822D196DD6E3F.
三月 16, 2015 9:51:22 上午 org.ccnx.ccn.impl.security.keys.BasicKeyManager publishKey
信息: publishKey: published key /Q7S7P4yoU0ndNa5gYcCDZSf8/aqLKyAkMtJ34IvewA=
 under specified key name /%C1.M.S.localhost/%C1.M.SRV/repository/KEY/%C1.M.K=00FD0ED2ECFE32A14D2774D6B98187020D949FF3F6AA2CAC8090CB49DF822F7B00/=FD05506371AA4A
 key locator: NAME: /%C1.M.S.localhost/%C1.M.SRV/repository/KEY/%C1.M.K=00FD0ED2ECFE32A14D2774D6B98187020D949FF3F6AA2CAC8090CB49DF822F7B00/=FD05506371AA4A KEY:-nh5k9g3jaumbc8maa6fpsfrsjbc060ilejadvmud5m41ut1180
三月 16, 2015 9:51:22 上午 org.ccnx.ccn.impl.CCNFlowControl addNameSpace
信息: Flow controller addNameSpace: added namespace: /%C1.M.S.localhost/%C1.M.SRV/repository/KEY
三月 16, 2015 9:51:22 上午 org.ccnx.ccn.impl.repo.LogStructRepoStore createIndex
信息: at the end of the file
三月 16, 2015 9:51:22 上午 org.ccnx.ccn.impl.repo.LogStructRepoStore initialize
信息: REPO: initializing repository: global prefix /parc.com/csl/ccn/repositories/TestRepository, local name TestRepository
三月 16, 2015 9:51:22 上午 org.ccnx.ccn.impl.repo.LogStructRepoStore initialize
信息: REPO: initializing policy location: TestRepository for global prefix /parc.com/csl/ccn/repositories/TestRepository and local name TestRepository
三月 16, 2015 9:51:22 上午 org.ccnx.ccn.impl.repo.LogStructRepoStore initialize
信息: LogStructRepoStore.initialize()
三月 16, 2015 9:51:22 上午 org.ccnx.ccn.impl.repo.LogStructRepoStore initialize
警告: Starting repository; repository root is: /home/cb/work/ccnx-0.8.2/javasrc/testout/repotest2
三月 16, 2015 9:51:22 上午 org.ccnx.ccn.impl.security.keys.BasicKeyManager loadKeyStore
信息: Loading CCN key store from /home/cb/work/ccnx-0.8.2/javasrc/testout/repotest2/ccnx_repository_keystore...last modified 1426430408000(ms).
三月 16, 2015 9:51:22 上午 org.ccnx.ccn.impl.security.keys.BasicKeyManager readKeyStore
信息: Loading CCN key store...
三月 16, 2015 9:51:22 上午 org.ccnx.ccn.impl.security.keys.BasicKeyManager loadKeyStore
信息: Loaded CCN key store from /home/cb/work/ccnx-0.8.2/javasrc/testout/repotest2/ccnx_repository_keystore...version 2015-03-15 22:40:08.0 ms: 1426430408000
三月 16, 2015 9:51:22 上午 org.ccnx.ccn.impl.security.keys.BasicKeyManager loadValuesFromKeystore
信息: Loading key store file:/home/cb/work/ccnx-0.8.2/javasrc/testout/repotest2/ccnx_repository_keystore version 2015-03-15 22:40:08.0 version component =FD0550599C8000 millis 1426430408000
三月 16, 2015 9:51:22 上午 org.ccnx.ccn.impl.security.keys.BasicKeyManager loadValuesFromKeystore
信息: Default key ID for user Repository: 8tMeDfC2Mui9DkCaLt9o2VaX5OIn1YZ4Sj2RRpKU3RQ=
三月 16, 2015 9:51:22 上午 org.ccnx.ccn.impl.security.keys.SecureKeyCache loadKeyStore
信息: KeyCache: loading signing key 8tMeDfC2Mui9DkCaLt9o2VaX5OIn1YZ4Sj2RRpKU3RQ=, remembering public key in public key cache.
三月 16, 2015 9:51:22 上午 org.ccnx.ccn.impl.security.keys.SecureKeyCache addMySigningKey
信息: SecureKeyCache: adding my private key f2d31e0df0b632e8bd0e409a2edf68d95697e4e227d586784a3d91469294dd14
三月 16, 2015 9:51:22 上午 org.ccnx.ccn.impl.security.keys.BasicKeyManager loadValuesFromConfiguration
信息: Not loading key manager configuration data in response to user configuration variable.
三月 16, 2015 9:51:22 上午 org.ccnx.ccn.impl.CCNNetworkManager <init>
警告: NetworkManager 12: Non-standard CCN agent port 63000 per property ccn.agent.port
三月 16, 2015 9:51:22 上午 org.ccnx.ccn.impl.CCNNetworkManager <init>
信息: NetworkManager 12: Contacting CCN agent at localhost:63000
三月 16, 2015 9:51:22 上午 org.ccnx.ccn.impl.CCNNetworkChannel <init>
信息: NetworkChannel 12: Starting up CCNNetworkChannel using TCP.
三月 16, 2015 9:51:22 上午 org.ccnx.ccn.impl.CCNNetworkChannel open
信息: NetworkChannel 12: open()
三月 16, 2015 9:51:22 上午 org.ccnx.ccn.impl.CCNNetworkChannel open
信息: NetworkChannel 12: Contacting CCN agent at localhost:63000 on local port 49793
三月 16, 2015 9:51:22 上午 org.ccnx.ccn.CCNHandle <init>
信息: CCNHandle 12: Handle is now open
三月 16, 2015 9:51:22 上午 org.ccnx.ccn.impl.CCNNetworkManager run
信息: NetworkManager 12: CCNNetworkManager processing thread started for port: 63000
三月 16, 2015 9:51:22 上午 org.ccnx.ccn.impl.security.keys.PublicKeyCache getPublicKey
信息: Repository looking up a key that is contained in the locator...
三月 16, 2015 9:51:22 上午 org.ccnx.ccn.impl.CCNFlowControl addNameSpace
信息: Flow controller addNameSpace: added namespace: /ccnx.org/Users/Repository/Keys/%C1.M.K=00F2D31E0DF0B632E8BD0E409A2EDF68D95697E4E227D586784A3D91469294DD14/=FD0550599C8000
三月 16, 2015 9:51:22 上午 org.ccnx.ccn.impl.security.keys.BasicKeyManager getKeyLocator
信息: getKeyLocator: returning locator KEY: 8tMeDfC2Mui9DkCaLt9o2VaX5OIn1YZ4Sj2RRpKU3RQ= for key 8tMeDfC2Mui9DkCaLt9o2VaX5OIn1YZ4Sj2RRpKU3RQ=
三月 16, 2015 9:51:22 上午 org.ccnx.ccn.KeyManager publishKey
信息: publishKey: key not previously published, making new key object /ccnx.org/Users/Repository/Keys/%C1.M.K=00F2D31E0DF0B632E8BD0E409A2EDF68D95697E4E227D586784A3D91469294DD14 with version 2015-03-15 22:40:08.0 displayed as =FD0550599C8000
三月 16, 2015 9:51:22 上午 org.ccnx.ccn.io.CCNAbstractOutputStream <init>
信息: CCNAbstractOutputStream: /ccnx.org/Users/Repository/Keys/%C1.M.K=00F2D31E0DF0B632E8BD0E409A2EDF68D95697E4E227D586784A3D91469294DD14/=FD0550599C8000 blocksize is 4096
三月 16, 2015 9:51:22 上午 org.ccnx.ccn.io.CCNAbstractOutputStream startWrite
信息: CCNAbstractOutputStream: startWrite -- searching for keys.
三月 16, 2015 9:51:22 上午 org.ccnx.ccn.io.CCNOutputStream flushToNetwork
信息: flush: outputting to the segmenter, baseName /ccnx.org/Users/Repository/Keys/%C1.M.K=00F2D31E0DF0B632E8BD0E409A2EDF68D95697E4E227D586784A3D91469294DD14/=FD0550599C8000 basenameindex =00; 162 bytes written, holding back 162 flushing final blocks? false.
三月 16, 2015 9:51:22 上午 org.ccnx.ccn.io.CCNOutputStream flushToNetwork
信息: HEADER: CCNOutputStream: flushToNetwork: new _baseNameIndex 0
三月 16, 2015 9:51:22 上午 org.ccnx.ccn.io.CCNOutputStream flushToNetwork
信息: flush: outputting to the segmenter, baseName /ccnx.org/Users/Repository/Keys/%C1.M.K=00F2D31E0DF0B632E8BD0E409A2EDF68D95697E4E227D586784A3D91469294DD14/=FD0550599C8000 basenameindex =00; 162 bytes written, holding back 0 flushing final blocks? true.
三月 16, 2015 9:51:22 上午 org.ccnx.ccn.io.CCNOutputStream flushToNetwork
信息: HEADER: CCNOutputStream: flushToNetwork: new _baseNameIndex 1
三月 16, 2015 9:51:22 上午 org.ccnx.ccn.io.CCNOutputStream close
信息: CCNOutputStream close: /ccnx.org/Users/Repository/Keys/%C1.M.K=00F2D31E0DF0B632E8BD0E409A2EDF68D95697E4E227D586784A3D91469294DD14/=FD0550599C8000
三月 16, 2015 9:51:22 上午 org.ccnx.ccn.KeyManager publishKey
信息: Published key Sun RSA public key, 1024 bits
  modulus: 166741693183951476824626545720380852572536792443200722139064046340838638615033189592220318904804884452068594270058904784123013173886325437100196859898901295637694146168358944083501506299731863028324230710825484548818255678222025921177974311449966367197956314655254676209505860037250964596969333053476900580483
  public exponent: 65537 to name /ccnx.org/Users/Repository/Keys/%C1.M.K=00F2D31E0DF0B632E8BD0E409A2EDF68D95697E4E227D586784A3D91469294DD14/=FD0550599C8000 with key locator NAME: /ccnx.org/Users/Repository/Keys/%C1.M.K=00F2D31E0DF0B632E8BD0E409A2EDF68D95697E4E227D586784A3D91469294DD14/=FD0550599C8000 KEY:-39cs7p0uied2t1f3fr5q4g9e9l9d0dhrm1af63rbgjen5mmm8nc; ephemeral digest =8FCD90C8652A93F71001797860C9683CA94028C8FDED4115A36EEC88E71F582F.
三月 16, 2015 9:51:22 上午 org.ccnx.ccn.impl.security.keys.BasicKeyManager publishKey
信息: publishKey: published key 8tMeDfC2Mui9DkCaLt9o2VaX5OIn1YZ4Sj2RRpKU3RQ=
 under specified key name /ccnx.org/Users/Repository/Keys/%C1.M.K=00F2D31E0DF0B632E8BD0E409A2EDF68D95697E4E227D586784A3D91469294DD14/=FD0550599C8000
 key locator: NAME: /ccnx.org/Users/Repository/Keys/%C1.M.K=00F2D31E0DF0B632E8BD0E409A2EDF68D95697E4E227D586784A3D91469294DD14/=FD0550599C8000 KEY:-39cs7p0uied2t1f3fr5q4g9e9l9d0dhrm1af63rbgjen5mmm8nc
三月 16, 2015 9:51:22 上午 org.ccnx.ccn.impl.security.keys.BasicKeyManager publishKey
信息: publishKey: storing key locator 8tMeDfC2Mui9DkCaLt9o2VaX5OIn1YZ4Sj2RRpKU3RQ= for key NAME: /ccnx.org/Users/Repository/Keys/%C1.M.K=00F2D31E0DF0B632E8BD0E409A2EDF68D95697E4E227D586784A3D91469294DD14/=FD0550599C8000 KEY:-39cs7p0uied2t1f3fr5q4g9e9l9d0dhrm1af63rbgjen5mmm8nc
三月 16, 2015 9:51:22 上午 org.ccnx.ccn.impl.CCNNetworkManager shutdown
信息: NetworkManager 10: Shutdown requested
三月 16, 2015 9:51:22 上午 org.ccnx.ccn.impl.CCNNetworkManager run
信息: NetworkManager 10: Shutdown complete for port: 63000
三月 16, 2015 9:51:22 上午 org.ccnx.ccn.impl.CCNNetworkChannel close
信息: NetworkChannel 10: close(false)
三月 16, 2015 9:51:22 上午 org.ccnx.ccn.impl.security.keys.BasicKeyManager saveSecureKeyCache
信息: Not saving key manager secure key cache data in response to user configuration variable.
三月 16, 2015 9:51:22 上午 org.ccnx.ccn.KeyManager setDefaultKeyManager
信息: Setting default key manager: new KeyManager org.ccnx.ccn.impl.security.keys.BasicKeyManager
三月 16, 2015 9:51:22 上午 org.ccnx.ccn.impl.CCNNetworkManager <init>
警告: NetworkManager 13: Non-standard CCN agent port 63000 per property ccn.agent.port
三月 16, 2015 9:51:22 上午 org.ccnx.ccn.impl.CCNNetworkManager <init>
信息: NetworkManager 13: Contacting CCN agent at localhost:63000
三月 16, 2015 9:51:22 上午 org.ccnx.ccn.impl.CCNNetworkChannel <init>
信息: NetworkChannel 13: Starting up CCNNetworkChannel using TCP.
三月 16, 2015 9:51:22 上午 org.ccnx.ccn.impl.CCNNetworkChannel open
信息: NetworkChannel 13: open()
三月 16, 2015 9:51:22 上午 org.ccnx.ccn.impl.CCNNetworkChannel open
信息: NetworkChannel 13: Contacting CCN agent at localhost:63000 on local port 49794
三月 16, 2015 9:51:22 上午 org.ccnx.ccn.CCNHandle <init>
信息: CCNHandle 13: Handle is now open
三月 16, 2015 9:51:22 上午 org.ccnx.ccn.impl.CCNFlowControl addNameSpace
信息: Flow controller addNameSpace: added namespace: /%C1.M.S.localhost/%C1.M.SRV/repository/KEY/%C1.M.K=00F2D31E0DF0B632E8BD0E409A2EDF68D95697E4E227D586784A3D91469294DD14
三月 16, 2015 9:51:22 上午 org.ccnx.ccn.impl.security.keys.BasicKeyManager getKeyLocator
信息: getKeyLocator: returning locator NAME: /ccnx.org/Users/Repository/Keys/%C1.M.K=00F2D31E0DF0B632E8BD0E409A2EDF68D95697E4E227D586784A3D91469294DD14/=FD0550599C8000 KEY:-39cs7p0uied2t1f3fr5q4g9e9l9d0dhrm1af63rbgjen5mmm8nc for key 8tMeDfC2Mui9DkCaLt9o2VaX5OIn1YZ4Sj2RRpKU3RQ=
三月 16, 2015 9:51:22 上午 org.ccnx.ccn.KeyManager publishKey
信息: publishKey: key not previously published, making new key object /%C1.M.S.localhost/%C1.M.SRV/repository/KEY/%C1.M.K=00F2D31E0DF0B632E8BD0E409A2EDF68D95697E4E227D586784A3D91469294DD14 with version 2015-03-16 09:51:22.71899414 displayed as <no version>
三月 16, 2015 9:51:22 上午 org.ccnx.ccn.io.CCNAbstractOutputStream <init>
信息: CCNAbstractOutputStream: /%C1.M.S.localhost/%C1.M.SRV/repository/KEY/%C1.M.K=00F2D31E0DF0B632E8BD0E409A2EDF68D95697E4E227D586784A3D91469294DD14/=FD05506371AB81 blocksize is 4096
三月 16, 2015 9:51:22 上午 org.ccnx.ccn.io.CCNAbstractOutputStream startWrite
信息: CCNAbstractOutputStream: startWrite -- searching for keys.
三月 16, 2015 9:51:22 上午 org.ccnx.ccn.io.CCNOutputStream flushToNetwork
信息: flush: outputting to the segmenter, baseName /%C1.M.S.localhost/%C1.M.SRV/repository/KEY/%C1.M.K=00F2D31E0DF0B632E8BD0E409A2EDF68D95697E4E227D586784A3D91469294DD14/=FD05506371AB81 basenameindex =00; 162 bytes written, holding back 162 flushing final blocks? false.
三月 16, 2015 9:51:22 上午 org.ccnx.ccn.io.CCNOutputStream flushToNetwork
信息: HEADER: CCNOutputStream: flushToNetwork: new _baseNameIndex 0
三月 16, 2015 9:51:22 上午 org.ccnx.ccn.io.CCNOutputStream flushToNetwork
信息: flush: outputting to the segmenter, baseName /%C1.M.S.localhost/%C1.M.SRV/repository/KEY/%C1.M.K=00F2D31E0DF0B632E8BD0E409A2EDF68D95697E4E227D586784A3D91469294DD14/=FD05506371AB81 basenameindex =00; 162 bytes written, holding back 0 flushing final blocks? true.
三月 16, 2015 9:51:22 上午 org.ccnx.ccn.io.CCNOutputStream flushToNetwork
信息: HEADER: CCNOutputStream: flushToNetwork: new _baseNameIndex 1
三月 16, 2015 9:51:22 上午 org.ccnx.ccn.io.CCNOutputStream close
信息: CCNOutputStream close: /%C1.M.S.localhost/%C1.M.SRV/repository/KEY/%C1.M.K=00F2D31E0DF0B632E8BD0E409A2EDF68D95697E4E227D586784A3D91469294DD14/=FD05506371AB81
三月 16, 2015 9:51:22 上午 org.ccnx.ccn.KeyManager publishKey
信息: Published key Sun RSA public key, 1024 bits
  modulus: 166741693183951476824626545720380852572536792443200722139064046340838638615033189592220318904804884452068594270058904784123013173886325437100196859898901295637694146168358944083501506299731863028324230710825484548818255678222025921177974311449966367197956314655254676209505860037250964596969333053476900580483
  public exponent: 65537 to name /%C1.M.S.localhost/%C1.M.SRV/repository/KEY/%C1.M.K=00F2D31E0DF0B632E8BD0E409A2EDF68D95697E4E227D586784A3D91469294DD14/=FD05506371AB81 with key locator NAME: /%C1.M.S.localhost/%C1.M.SRV/repository/KEY/%C1.M.K=00F2D31E0DF0B632E8BD0E409A2EDF68D95697E4E227D586784A3D91469294DD14/=FD05506371AB81 KEY:-39cs7p0uied2t1f3fr5q4g9e9l9d0dhrm1af63rbgjen5mmm8nc; ephemeral digest 0UB=B0054FE52E1BFA006DBA487D17CBF644957FBFD9F7FEC417FF61A7E94C.
三月 16, 2015 9:51:22 上午 org.ccnx.ccn.impl.security.keys.BasicKeyManager publishKey
信息: publishKey: published key 8tMeDfC2Mui9DkCaLt9o2VaX5OIn1YZ4Sj2RRpKU3RQ=
 under specified key name /%C1.M.S.localhost/%C1.M.SRV/repository/KEY/%C1.M.K=00F2D31E0DF0B632E8BD0E409A2EDF68D95697E4E227D586784A3D91469294DD14/=FD05506371AB81
 key locator: NAME: /%C1.M.S.localhost/%C1.M.SRV/repository/KEY/%C1.M.K=00F2D31E0DF0B632E8BD0E409A2EDF68D95697E4E227D586784A3D91469294DD14/=FD05506371AB81 KEY:-39cs7p0uied2t1f3fr5q4g9e9l9d0dhrm1af63rbgjen5mmm8nc
三月 16, 2015 9:51:22 上午 org.ccnx.ccn.impl.CCNFlowControl addNameSpace
信息: Flow controller addNameSpace: added namespace: /%C1.M.S.localhost/%C1.M.SRV/repository/KEY
三月 16, 2015 9:51:22 上午 org.ccnx.ccn.impl.repo.LogStructRepoStore initialize
信息: REPO: initializing repository: global prefix /parc.com/csl/ccn/repositories/TestRepository, local name TestRepository2
三月 16, 2015 9:51:22 上午 org.ccnx.ccn.impl.repo.LogStructRepoStore initialize
信息: REPO: initializing policy location: TestRepository2 for global prefix /parc.com/csl/ccn/repositories/TestRepository and local name TestRepository2
三月 16, 2015 9:51:22 上午 org.ccnx.ccn.impl.security.keys.BasicKeyManager getKeyLocator
信息: getKeyLocator: returning locator NAME: /ccnx.org/Users/Repository/Keys/%C1.M.K=00F2D31E0DF0B632E8BD0E409A2EDF68D95697E4E227D586784A3D91469294DD14/=FD0550599C8000 KEY:-39cs7p0uied2t1f3fr5q4g9e9l9d0dhrm1af63rbgjen5mmm8nc for key 8tMeDfC2Mui9DkCaLt9o2VaX5OIn1YZ4Sj2RRpKU3RQ=
三月 16, 2015 9:51:22 上午 org.ccnx.ccn.impl.repo.LogStructRepoStore shutDown
信息: LogStructRepoStore.shutdown()
三月 16, 2015 9:51:22 上午 org.ccnx.ccn.impl.repo.RepositoryStoreBase shutDown
信息: RespositoryStoreBase.shutdown()
三月 16, 2015 9:51:22 上午 org.ccnx.ccn.impl.CCNNetworkManager shutdown
信息: NetworkManager 13: Shutdown requested
三月 16, 2015 9:51:22 上午 org.ccnx.ccn.impl.CCNNetworkChannel close
信息: NetworkChannel 13: close(false)
三月 16, 2015 9:51:22 上午 org.ccnx.ccn.impl.CCNNetworkManager shutdown
信息: NetworkManager 12: Shutdown requested
三月 16, 2015 9:51:22 上午 org.ccnx.ccn.impl.CCNNetworkChannel close
信息: NetworkChannel 12: close(false)
三月 16, 2015 9:51:22 上午 org.ccnx.ccn.impl.CCNNetworkManager run
信息: NetworkManager 12: Shutdown complete for port: 63000
三月 16, 2015 9:51:22 上午 org.ccnx.ccn.impl.security.keys.BasicKeyManager saveSecureKeyCache
信息: Not saving key manager secure key cache data in response to user configuration variable.
三月 16, 2015 9:51:22 上午 org.ccnx.ccn.impl.repo.LogStructRepoStore createIndex
信息: at the end of the file
三月 16, 2015 9:51:22 上午 org.ccnx.ccn.impl.repo.LogStructRepoStore shutDown
信息: LogStructRepoStore.shutdown()
三月 16, 2015 9:51:22 上午 org.ccnx.ccn.impl.repo.RepositoryStoreBase shutDown
信息: RespositoryStoreBase.shutdown()
三月 16, 2015 9:51:22 上午 org.ccnx.ccn.impl.CCNNetworkManager shutdown
信息: NetworkManager 11: Shutdown requested
三月 16, 2015 9:51:22 上午 org.ccnx.ccn.impl.CCNNetworkChannel close
信息: NetworkChannel 11: close(false)
三月 16, 2015 9:51:22 上午 org.ccnx.ccn.repo.RFSTest testBulkImport
信息: Completed testBulkImport
三月 16, 2015 9:51:22 上午 org.ccnx.ccn.impl.CCNNetworkManager shutdown
信息: NetworkManager 2: Shutdown requested
三月 16, 2015 9:51:22 上午 org.ccnx.ccn.impl.CCNNetworkChannel close
信息: NetworkChannel 2: close(false)
三月 16, 2015 9:51:22 上午 org.ccnx.ccn.impl.CCNNetworkManager shutdown
信息: NetworkManager 3: Shutdown requested
三月 16, 2015 9:51:22 上午 org.ccnx.ccn.impl.CCNNetworkChannel close
信息: NetworkChannel 3: close(false)
]]></system-err>
</testsuite>
