<?xml version="1.0" encoding="UTF-8" ?>
<testsuite errors="0" failures="0" hostname="cb-ThinkPad-X240" name="org.ccnx.ccn.repo.RepoIOTest" skipped="0" tests="5" time="58.709" timestamp="2015-03-16T01:52:13">
  <properties>
    <property name="env.DESKTOP_SESSION" value="ubuntu" />
    <property name="env.OLDPWD" value="/home/cb/work/ccnx-0.8.2" />
    <property name="file.encoding.pkg" value="sun.io" />
    <property name="env.SELINUX_INIT" value="YES" />
    <property name="REPO_LOCAL_ROOT" value="repotest" />
    <property name="repozip" value="repotest.zip" />
    <property name="java.home" value="/home/cb/work/java/jdk1.7.0_75/jre" />
    <property name="bcprov-jar" value="/home/cb/work/ccnx-0.8.2/javasrc/lib/bcprov-jdk16-143.jar" />
    <property name="env.GDM_LANG" value="zh_CN" />
    <property name="src.test.dir" value="/home/cb/work/ccnx-0.8.2/javasrc/src/test" />
    <property name="env.DISPLAY" value=":0" />
    <property name="PROTOCOL_KEY" value="ccn.agent.protocol" />
    <property name="env.LS_COLORS" value="rs=0:di=01;34:ln=01;36:mh=00:pi=40;33:so=01;35:do=01;35:bd=40;33;01:cd=40;33;01:or=40;31;01:su=37;41:sg=30;43:ca=30;41:tw=30;42:ow=34;42:st=37;44:ex=01;32:*.tar=01;31:*.tgz=01;31:*.arj=01;31:*.taz=01;31:*.lzh=01;31:*.lzma=01;31:*.tlz=01;31:*.txz=01;31:*.zip=01;31:*.z=01;31:*.Z=01;31:*.dz=01;31:*.gz=01;31:*.lz=01;31:*.xz=01;31:*.bz2=01;31:*.bz=01;31:*.tbz=01;31:*.tbz2=01;31:*.tz=01;31:*.deb=01;31:*.rpm=01;31:*.jar=01;31:*.war=01;31:*.ear=01;31:*.sar=01;31:*.rar=01;31:*.ace=01;31:*.zoo=01;31:*.cpio=01;31:*.7z=01;31:*.rz=01;31:*.jpg=01;35:*.jpeg=01;35:*.gif=01;35:*.bmp=01;35:*.pbm=01;35:*.pgm=01;35:*.ppm=01;35:*.tga=01;35:*.xbm=01;35:*.xpm=01;35:*.tif=01;35:*.tiff=01;35:*.png=01;35:*.svg=01;35:*.svgz=01;35:*.mng=01;35:*.pcx=01;35:*.mov=01;35:*.mpg=01;35:*.mpeg=01;35:*.m2v=01;35:*.mkv=01;35:*.webm=01;35:*.ogm=01;35:*.mp4=01;35:*.m4v=01;35:*.mp4v=01;35:*.vob=01;35:*.qt=01;35:*.nuv=01;35:*.wmv=01;35:*.asf=01;35:*.rm=01;35:*.rmvb=01;35:*.flc=01;35:*.avi=01;35:*.fli=01;35:*.flv=01;35:*.gl=01;35:*.dl=01;35:*.xcf=01;35:*.xwd=01;35:*.yuv=01;35:*.cgm=01;35:*.emf=01;35:*.axv=01;35:*.anx=01;35:*.ogv=01;35:*.ogx=01;35:*.aac=00;36:*.au=00;36:*.flac=00;36:*.mid=00;36:*.midi=00;36:*.mka=00;36:*.mp3=00;36:*.mpc=00;36:*.ogg=00;36:*.ra=00;36:*.wav=00;36:*.axa=00;36:*.oga=00;36:*.spx=00;36:*.xspf=00;36:" />
    <property name="env.XDG_VTNR" value="7" />
    <property name="env.XDG_GREETER_DATA_DIR" value="/var/lib/lightdm-data/cb" />
    <property name="jarfile" value="/home/cb/work/ccnx-0.8.2/javasrc/ccn.jar" />
    <property name="java.endorsed.dirs" value="/home/cb/work/java/jdk1.7.0_75/jre/lib/endorsed" />
    <property name="env.LOGNAME" value="cb" />
    <property name="env.UBUNTU_MENUPROXY" value="1" />
    <property name="src.dir" value="/home/cb/work/ccnx-0.8.2/javasrc/src/main" />
    <property name="ccn.test.topdir" value="../src/systemtest" />
    <property name="env.XDG_SEAT" value="seat0" />
    <property name="build-excludes" value="bin/**, log/**, lib/**, libsrc/**, repository/**, build/**, testout/**, ktrace.out, CCN_DEBUG_DATA/**" />
    <property name="env.LC_PAPER" value="zh_CN.UTF-8" />
    <property name="sun.os.patch.level" value="unknown" />
    <property name="java.vendor.url" value="http://java.oracle.com/" />
    <property name="env.XDG_SEAT_PATH" value="/org/freedesktop/DisplayManager/Seat0" />
    <property name="env.MANDATORY_PATH" value="/usr/share/gconf/ubuntu.mandatory.path" />
    <property name="java.version" value="1.7.0_75" />
    <property name="java.vendor.url.bug" value="http://bugreport.sun.com/bugreport/" />
    <property name="env.LANGUAGE" value="zh_CN:zh:en_US:en" />
    <property name="REPO_ROOT" value="/home/cb/work/ccnx-0.8.2/javasrc/testout/repotest" />
    <property name="ant.project.invoked-targets" value="test" />
    <property name="env.XDG_DATA_DIRS" value="/usr/share/ubuntu:/usr/share/gnome:/usr/local/share/:/usr/share/" />
    <property name="env.GNOME_KEYRING_CONTROL" value="/run/user/1000/keyring-jvPvKj" />
    <property name="USE_KEY_CONFIG_KEY" value="org.ccnx.config.UseKeyConfiguration" />
    <property name="env.UPSTART_SESSION" value="unix:abstract=/com/ubuntu/upstart-session/1000/1640" />
    <property name="user.name" value="cb" />
    <property name="env.LANG" value="zh_CN.UTF-8" />
    <property name="ccn.agent.port" value="63000" />
    <property name="env.LC_MONETARY" value="zh_CN.UTF-8" />
    <property name="sun.io.unicode.encoding" value="UnicodeLittle" />
    <property name="sun.jnu.encoding" value="UTF-8" />
    <property name="env.DBUS_SESSION_BUS_ADDRESS" value="unix:abstract=/tmp/dbus-rsLQ7IJ5pU" />
    <property name="java.runtime.name" value="Java(TM) SE Runtime Environment" />
    <property name="env.LC_NAME" value="zh_CN.UTF-8" />
    <property name="REPO_ROOT2" value="/home/cb/work/ccnx-0.8.2/javasrc/testout/repotest2" />
    <property name="java.specification.name" value="Java Platform API Specification" />
    <property name="ant.file.ccn-libs" value="/home/cb/work/ccnx-0.8.2/javasrc/libs.xml" />
    <property name="user.timezone" value="" />
    <property name="env.LESSOPEN" value="| /usr/bin/lesspipe %s" />
    <property name="path.separator" value=":" />
    <property name="junit-jar" value="/home/cb/work/ccnx-0.8.2/javasrc/lib/junit-4.3.1.jar" />
    <property name="env.XMODIFIERS" value="@im=fcitx" />
    <property name="file.encoding" value="UTF-8" />
    <property name="ant.project.default-target" value="jar" />
    <property name="build" value="/home/cb/work/ccnx-0.8.2/javasrc/build" />
    <property name="lib" value="/home/cb/work/ccnx-0.8.2/javasrc/lib" />
    <property name="env.HOME" value="/home/cb" />
    <property name="sun.java.command" value="org.apache.tools.ant.taskdefs.optional.junit.JUnitTestRunner org.ccnx.ccn.repo.RepoIOTest skipNonTests=false filtertrace=true haltOnError=false haltOnFailure=true formatter=org.apache.tools.ant.taskdefs.optional.junit.SummaryJUnitResultFormatter showoutput=false outputtoformatters=true logfailedtests=true logtestlistenerevents=false formatter=org.apache.tools.ant.taskdefs.optional.junit.XMLJUnitResultFormatter,/home/cb/work/ccnx-0.8.2/javasrc/testout/TEST-org.ccnx.ccn.repo.RepoIOTest.xml crashfile=/home/cb/work/ccnx-0.8.2/javasrc/junitvmwatcher6325936483833528817.properties propsfile=/home/cb/work/ccnx-0.8.2/javasrc/junit1787399522544118500.properties" />
    <property name="ant.file" value="/home/cb/work/ccnx-0.8.2/javasrc/build.xml" />
    <property name="env.LC_TELEPHONE" value="zh_CN.UTF-8" />
    <property name="env._" value="/usr/bin/make" />
    <property name="org.ccnx.ccn.LogDir" value="/home/cb/work/ccnx-0.8.2/javasrc/testout/log" />
    <property name="java.io.tmpdir" value="/tmp" />
    <property name="env.LC_IDENTIFICATION" value="zh_CN.UTF-8" />
    <property name="env.GNOME_KEYRING_PID" value="1635" />
    <property name="user.language" value="zh" />
    <property name="EXIT_ON_ERROR" value="org.ccnx.ExitOnNetworkError" />
    <property name="env.UPSTART_EVENTS" value="started starting" />
    <property name="line.separator" value="&#xa;" />
    <property name="ant.file.type" value="file" />
    <property name="env.SSH_AGENT_LAUNCHER" value="upstart" />
    <property name="env.SSH_AGENT_PID" value="1693" />
    <property name="env.CLUTTER_IM_MODULE" value="xim" />
    <property name="java.vm.info" value="mixed mode" />
    <property name="LOGDIR_KEY" value="org.ccnx.ccn.LogDir" />
    <property name="sun.desktop" value="gnome" />
    <property name="java.vm.specification.name" value="Java Virtual Machine Specification" />
    <property name="env.COLORTERM" value="gnome-terminal" />
    <property name="TEST_PORT" value="63000" />
    <property name="env.TEXTDOMAIN" value="im-config" />
    <property name="env.LC_MEASUREMENT" value="zh_CN.UTF-8" />
    <property name="env.IM_CONFIG_PHASE" value="1" />
    <property name="org.ccnx.config.UseKeyConfiguration" value="false" />
    <property name="env.LC_TIME" value="zh_CN.UTF-8" />
    <property name="env.GDMSESSION" value="ubuntu" />
    <property name="java.awt.printerjob" value="sun.print.PSPrinterJob" />
    <property name="env.VTE_VERSION" value="3409" />
    <property name="env.DEFAULTS_PATH" value="/usr/share/gconf/ubuntu.default.path" />
    <property name="ant.version" value="Apache Ant(TM) version 1.9.3 compiled on April 8 2014" />
    <property name="env.WINDOWID" value="20971532" />
    <property name="REPO_LOCAL" value="TestRepository" />
    <property name="env.COMPIZ_CONFIG_PROFILE" value="ubuntu" />
    <property name="env.XDG_SESSION_PATH" value="/org/freedesktop/DisplayManager/Session0" />
    <property name="env.JOB" value="gnome-session" />
    <property name="ant.file.type.java-ccnx" value="file" />
    <property name="env.MAKEFLAGS" value="w" />
    <property name="env.CLASSPATH" value=".:.:$CLASSPATH:$JAVA_HOME/lib:$JAVA_HOME/jre/lib:/home/cb/work/java/jdk1.7.0_75/lib:/home/cb/work/java/jdk1.7.0_75/jre/lib" />
    <property name="os.name" value="Linux" />
    <property name="java.specification.vendor" value="Oracle Corporation" />
    <property name="xml-jar" value="/home/cb/work/ccnx-0.8.2/javasrc/lib/kxml2-2.3.0.jar" />
    <property name="env.TERM" value="xterm" />
    <property name="java.vm.name" value="Java HotSpot(TM) 64-Bit Server VM" />
    <property name="env.QT_IM_MODULE" value="xim" />
    <property name="java.library.path" value="/usr/java/packages/lib/amd64:/usr/lib64:/lib64:/lib:/usr/lib" />
    <property name="env.PATH" value="/home/cb/work/java/jdk1.7.0_75/bin:/home/cb/work/java/jdk1.7.0_75/jre/bin:/usr/local/sbin:/usr/local/bin:/usr/sbin:/usr/bin:/sbin:/bin:/usr/games:/usr/local/games:/home/cb/bin" />
    <property name="CCND_CAP" value="50000" />
    <property name="env.LESSCLOSE" value="/usr/bin/lesspipe %s %s" />
    <property name="ant.java.version" value="1.7" />
    <property name="env.TEXTDOMAINDIR" value="/usr/share/locale/" />
    <property name="basedir" value="/home/cb/work/ccnx-0.8.2/javasrc" />
    <property name="java.class.version" value="51.0" />
    <property name="env.SHLVL" value="1" />
    <property name="ant.home" value="/usr/share/ant" />
    <property name="DEBUG_OPTIONS" value="" />
    <property name="org.ccnx.ExitOnNetworkError" value="true" />
    <property name="repo2" value="true" />
    <property name="env.UPSTART_JOB" value="unity-settings-daemon" />
    <property name="CCND_CMD" value="../../csrc/ccnd/ccnd" />
    <property name="JAVA_MEMORY" value="1g" />
    <property name="src.systemtest.dir" value="/home/cb/work/ccnx-0.8.2/javasrc/src/systemtest" />
    <property name="sun.boot.library.path" value="/home/cb/work/java/jdk1.7.0_75/jre/lib/amd64" />
    <property name="sun.management.compiler" value="HotSpot 64-Bit Tiered Compilers" />
    <property name="java.awt.graphicsenv" value="sun.awt.X11GraphicsEnvironment" />
    <property name="env.USER" value="cb" />
    <property name="env.GTK_IM_MODULE" value="fcitx" />
    <property name="env.GTK_MODULES" value="overlay-scrollbar:unity-gtk-module" />
    <property name="env.JRE_HOME" value="/home/cb/work/java/jdk1.7.0_75/jre" />
    <property name="ant.project.name" value="java-ccnx" />
    <property name="env.SESSIONTYPE" value="gnome-session" />
    <property name="java.vm.specification.version" value="1.7" />
    <property name="UNIT_TOP_DIR" value="../src/test" />
    <property name="SYNC_NOISY" value="INFO" />
    <property name="env.NLSPATH" value="/usr/dt/lib/nls/msg/%L/%N.cat" />
    <property name="awt.toolkit" value="sun.awt.X11.XToolkit" />
    <property name="sun.cpu.isalist" value="" />
    <property name="cmddir" value="/home/cb/work/ccnx-0.8.2/csrc/cmd" />
    <property name="java.ext.dirs" value="/home/cb/work/java/jdk1.7.0_75/jre/lib/ext:/usr/java/packages/lib/ext" />
    <property name="os.version" value="3.13.0-32-generic" />
    <property name="env.QT_QPA_PLATFORMTHEME" value="appmenu-qt5" />
    <property name="user.home" value="/home/cb" />
    <property name="env.XDG_CURRENT_DESKTOP" value="Unity" />
    <property name="ant.file.type.ccn-libs" value="file" />
    <property name="java.vm.vendor" value="Oracle Corporation" />
    <property name="env.JAVA_HOME" value="/home/cb/work/java/jdk1.7.0_75" />
    <property name="env.XDG_SESSION_ID" value="c2" />
    <property name="env.XAUTHORITY" value="/home/cb/.Xauthority" />
    <property name="REPO_GLOBAL" value="/parc.com/csl/ccn/repositories/TestRepository" />
    <property name="user.dir" value="/home/cb/work/ccnx-0.8.2/javasrc/testout" />
    <property name="env.XFILESEARCHPATH" value="/usr/dt/app-defaults/%L/Dt" />
    <property name="TOP_DIR" value="../src/systemtest" />
    <property name="env.PWD" value="/home/cb/work/ccnx-0.8.2/javasrc" />
    <property name="env.MAKELEVEL" value="2" />
    <property name="sun.cpu.endian" value="little" />
    <property name="env.MFLAGS" value="-w" />
    <property name="testout" value="/home/cb/work/ccnx-0.8.2/javasrc/testout" />
    <property name="java.vm.version" value="24.75-b04" />
    <property name="java.class.path" value="/home/cb/work/ccnx-0.8.2/javasrc/lib/bcprov-jdk16-143.jar:/home/cb/work/ccnx-0.8.2/javasrc/lib/kxml2-2.3.0.jar:/home/cb/work/ccnx-0.8.2/javasrc/lib/junit-4.3.1.jar:/home/cb/work/ccnx-0.8.2/javasrc/ccn.jar:/home/cb/work/ccnx-0.8.2/javasrc:/home/cb/work/java/jdk1.7.0_75/lib:/home/cb/work/java/jdk1.7.0_75/jre/lib:/usr/share/java/ant-launcher-1.9.3.jar:/usr/share/ant/lib/ant.jar:/usr/share/ant/lib/ant-junit.jar:/usr/share/ant/lib/ant-junit4.jar" />
    <property name="env.LC_ADDRESS" value="zh_CN.UTF-8" />
    <property name="ant.library.dir" value="/usr/share/ant/lib" />
    <property name="ccnr" value="/home/cb/work/ccnx-0.8.2/csrc/ccnr/ccnr" />
    <property name="os.arch" value="amd64" />
    <property name="env.LC_NUMERIC" value="zh_CN.UTF-8" />
    <property name="jarfile-base" value="ccn.jar" />
    <property name="sun.java.launcher" value="SUN_STANDARD" />
    <property name="testoutlog" value="/home/cb/work/ccnx-0.8.2/javasrc/testout/log" />
    <property name="ccnd" value="/home/cb/work/ccnx-0.8.2/csrc/ccnd/ccnd" />
    <property name="ant.core.lib" value="/usr/share/ant/lib/ant.jar" />
    <property name="java.vm.specification.vendor" value="Oracle Corporation" />
    <property name="env.UPSTART_INSTANCE" value="" />
    <property name="ccn-libs-basedir" value="/home/cb/work/ccnx-0.8.2/javasrc" />
    <property name="file.separator" value="/" />
    <property name="ant.file.java-ccnx" value="/home/cb/work/ccnx-0.8.2/javasrc/build.xml" />
    <property name="java.runtime.version" value="1.7.0_75-b13" />
    <property name="sun.boot.class.path" value="/home/cb/work/java/jdk1.7.0_75/jre/lib/resources.jar:/home/cb/work/java/jdk1.7.0_75/jre/lib/rt.jar:/home/cb/work/java/jdk1.7.0_75/jre/lib/sunrsasign.jar:/home/cb/work/java/jdk1.7.0_75/jre/lib/jsse.jar:/home/cb/work/java/jdk1.7.0_75/jre/lib/jce.jar:/home/cb/work/java/jdk1.7.0_75/jre/lib/charsets.jar:/home/cb/work/java/jdk1.7.0_75/jre/lib/jfr.jar:/home/cb/work/java/jdk1.7.0_75/jre/classes" />
    <property name="env.SSH_AUTH_SOCK" value="/run/user/1000/keyring-jvPvKj/ssh" />
    <property name="env.QT4_IM_MODULE" value="fcitx" />
    <property name="env.XDG_RUNTIME_DIR" value="/run/user/1000" />
    <property name="env.XDG_CONFIG_DIRS" value="/etc/xdg/xdg-ubuntu:/usr/share/upstart/xdg:/etc/xdg" />
    <property name="USE_KEY_CONFIG_VAL" value="false" />
    <property name="user.country" value="CN" />
    <property name="env.SHELL" value="/bin/bash" />
    <property name="env.INSTANCE" value="Unity" />
    <property name="java.vendor" value="Oracle Corporation" />
    <property name="showoutput" value="no" />
    <property name="CCND_DEBUG" value="87" />
    <property name="env.GPG_AGENT_INFO" value="/run/user/1000/keyring-jvPvKj/gpg:0:1" />
    <property name="java.specification.version" value="1.7" />
    <property name="sun.arch.data.model" value="64" />
    <property name="env.GNOME_DESKTOP_SESSION_ID" value="this-is-deprecated" />
  </properties>
  <testcase classname="org.ccnx.ccn.repo.RepoIOTest" name="testPolicyViaCCN" time="21.454" />
  <testcase classname="org.ccnx.ccn.repo.RepoIOTest" name="testReadFromRepo" time="7.106" />
  <testcase classname="org.ccnx.ccn.repo.RepoIOTest" name="testVersionedRead" time="2.612" />
  <testcase classname="org.ccnx.ccn.repo.RepoIOTest" name="testLocalSyncInputStream" time="6.079" />
  <testcase classname="org.ccnx.ccn.repo.RepoIOTest" name="testLocalSyncNetObj" time="7.967" />
  <system-out><![CDATA[Writing log records to /home/cb/work/ccnx-0.8.2/javasrc/testout/log/ccn_15-03-16-095213-4816.log
for 0 got 8 (eof true): segment0
for 1 got 8 (eof true): segment1
for 2 got 8 (eof true): segment2
for 3 got 8 (eof true): segment3
for 4 got 8 (eof true): segment4
Testing local repo sync request for network object
]]></system-out>
  <system-err><![CDATA[三月 16, 2015 9:52:13 上午 org.ccnx.ccn.CCNTestHelper <init>
信息: Initializing test org.ccnx.ccn.repo.RepoIOTest, data can be found under /ccnx.org/test/RepoIOTest-15-03-16-09.52.13.
三月 16, 2015 9:52:13 上午 org.ccnx.ccn.impl.security.keys.BasicKeyManager loadKeyStore
信息: Loading CCN key store from /home/cb/.ccnx/.ccnx_keystore...last modified 1426430257000(ms).
三月 16, 2015 9:52:13 上午 org.ccnx.ccn.impl.security.keys.BasicKeyManager readKeyStore
信息: Loading CCN key store...
三月 16, 2015 9:52:13 上午 org.ccnx.ccn.impl.security.keys.BasicKeyManager loadKeyStore
信息: Loaded CCN key store from /home/cb/.ccnx/.ccnx_keystore...version 2015-03-15 22:37:37.0 ms: 1426430257000
三月 16, 2015 9:52:13 上午 org.ccnx.ccn.impl.security.keys.BasicKeyManager loadValuesFromKeystore
信息: Loading key store file:/home/cb/.ccnx/.ccnx_keystore version 2015-03-15 22:37:37.0 version component =FD055059931000 millis 1426430257000
三月 16, 2015 9:52:13 上午 org.ccnx.ccn.impl.security.keys.BasicKeyManager loadValuesFromKeystore
信息: Default key ID for user cb: S7CCoW5TgvuqoJ++MD4k4ELjfojCkOBUKSUh3sojZSM=
三月 16, 2015 9:52:13 上午 org.ccnx.ccn.impl.security.keys.SecureKeyCache loadKeyStore
信息: KeyCache: loading signing key S7CCoW5TgvuqoJ++MD4k4ELjfojCkOBUKSUh3sojZSM=, remembering public key in public key cache.
三月 16, 2015 9:52:13 上午 org.ccnx.ccn.impl.security.keys.SecureKeyCache addMySigningKey
信息: SecureKeyCache: adding my private key 4bb082a16e5382fbaaa09fbe303e24e042e37e88c290e054292521deca236523
三月 16, 2015 9:52:13 上午 org.ccnx.ccn.impl.security.keys.BasicKeyManager loadValuesFromConfiguration
信息: Not loading key manager configuration data in response to user configuration variable.
三月 16, 2015 9:52:13 上午 org.ccnx.ccn.impl.CCNNetworkManager <init>
警告: NetworkManager 1: Non-standard CCN agent port 63000 per property ccn.agent.port
三月 16, 2015 9:52:13 上午 org.ccnx.ccn.impl.CCNNetworkManager <init>
信息: NetworkManager 1: Contacting CCN agent at localhost:63000
三月 16, 2015 9:52:13 上午 org.ccnx.ccn.impl.CCNNetworkChannel <init>
信息: NetworkChannel 1: Starting up CCNNetworkChannel using TCP.
三月 16, 2015 9:52:13 上午 org.ccnx.ccn.impl.CCNNetworkChannel open
信息: NetworkChannel 1: open()
三月 16, 2015 9:52:13 上午 org.ccnx.ccn.impl.CCNNetworkChannel open
信息: NetworkChannel 1: Contacting CCN agent at localhost:63000 on local port 49808
三月 16, 2015 9:52:13 上午 org.ccnx.ccn.CCNHandle <init>
信息: CCNHandle 1: Handle is now open
三月 16, 2015 9:52:13 上午 org.ccnx.ccn.impl.CCNNetworkManager run
信息: NetworkManager 1: CCNNetworkManager processing thread started for port: 63000
三月 16, 2015 9:52:13 上午 org.ccnx.ccn.impl.security.keys.PublicKeyCache getPublicKeyObject
信息: Retrieved key iJPI7Cmegb1Hcmae9Dh1J+cJOpYkf1b+DGlC3el8x9w= using locator NAME: /%C1.M.S.localhost/%C1.M.SRV/ccnd/KEY/%C1.M.K=008893C8EC299E81BD4772669EF4387527E7093A96247F56FE0C6942DDE97CC7DC/=FD055063717EB3.
三月 16, 2015 9:52:13 上午 org.ccnx.ccn.impl.security.keys.PublicKeyCache getPublicKeyObject
信息: Retrieved key iJPI7Cmegb1Hcmae9Dh1J+cJOpYkf1b+DGlC3el8x9w= using locator NAME: /%C1.M.S.localhost/%C1.M.SRV/ccnd/KEY/%C1.M.K=008893C8EC299E81BD4772669EF4387527E7093A96247F56FE0C6942DDE97CC7DC/=FD055063717EB3 - got /%C1.M.S.localhost/%C1.M.SRV/ccnd/KEY/%C1.M.K=008893C8EC299E81BD4772669EF4387527E7093A96247F56FE0C6942DDE97CC7DC/=FD055063717EB3/=00
三月 16, 2015 9:52:13 上午 org.ccnx.ccn.io.CCNAbstractInputStream <init>
信息: CCNAbstractInputStream: /%C1.M.S.localhost/%C1.M.SRV/ccnd/KEY/%C1.M.K=008893C8EC299E81BD4772669EF4387527E7093A96247F56FE0C6942DDE97CC7DC/=FD055063717EB3 segment 0
三月 16, 2015 9:52:13 上午 org.ccnx.ccn.impl.security.keys.PublicKeyCache getPublicKeyObject
信息: Retrieved public key using name: /%C1.M.S.localhost/%C1.M.SRV/ccnd/KEY/%C1.M.K=008893C8EC299E81BD4772669EF4387527E7093A96247F56FE0C6942DDE97CC7DC/=FD055063717EB3
三月 16, 2015 9:52:13 上午 org.ccnx.ccn.impl.security.keys.PublicKeyCache getPublicKey
信息: Retrieved key iJPI7Cmegb1Hcmae9Dh1J+cJOpYkf1b+DGlC3el8x9w= from network with locator NAME: /%C1.M.S.localhost/%C1.M.SRV/ccnd/KEY/%C1.M.K=008893C8EC299E81BD4772669EF4387527E7093A96247F56FE0C6942DDE97CC7DC/=FD055063717EB3!
三月 16, 2015 9:52:13 上午 org.ccnx.ccn.config.PlatformConfiguration <clinit>
信息: BC provider: BC
三月 16, 2015 9:52:13 上午 org.ccnx.ccn.config.PlatformConfiguration <clinit>
信息: Provider info: BouncyCastle Security Provider v1.43 version: 1.43
三月 16, 2015 9:52:13 上午 org.ccnx.ccn.config.PlatformConfiguration <clinit>
信息: java.vm.name = Java HotSpot(TM) 64-Bit Server VM
三月 16, 2015 9:52:13 上午 org.ccnx.ccn.impl.CCNFlowControl addNameSpace
信息: Flow controller addNameSpace: added namespace: /ccnx.org/Users/cb/Keys/%C1.M.K%00K=B082A16E5382FBAAA09FBE303E24E042E37E88C290E054292521DECA236523/=FD055059931000
三月 16, 2015 9:52:13 上午 org.ccnx.ccn.impl.security.keys.BasicKeyManager getKeyLocator
信息: getKeyLocator: returning locator KEY: S7CCoW5TgvuqoJ++MD4k4ELjfojCkOBUKSUh3sojZSM= for key S7CCoW5TgvuqoJ++MD4k4ELjfojCkOBUKSUh3sojZSM=
三月 16, 2015 9:52:13 上午 org.ccnx.ccn.KeyManager publishKey
信息: publishKey: key not previously published, making new key object /ccnx.org/Users/cb/Keys/%C1.M.K%00K=B082A16E5382FBAAA09FBE303E24E042E37E88C290E054292521DECA236523 with version 2015-03-15 22:37:37.0 displayed as =FD055059931000
三月 16, 2015 9:52:13 上午 org.ccnx.ccn.io.CCNAbstractOutputStream <init>
信息: CCNAbstractOutputStream: /ccnx.org/Users/cb/Keys/%C1.M.K%00K=B082A16E5382FBAAA09FBE303E24E042E37E88C290E054292521DECA236523/=FD055059931000 blocksize is 4096
三月 16, 2015 9:52:13 上午 org.ccnx.ccn.io.CCNAbstractOutputStream startWrite
信息: CCNAbstractOutputStream: startWrite -- searching for keys.
三月 16, 2015 9:52:13 上午 org.ccnx.ccn.profiles.security.access.AccessControlManager keysForOutput
信息: keysForOutput: found an acm: (null)
三月 16, 2015 9:52:13 上午 org.ccnx.ccn.io.CCNOutputStream flushToNetwork
信息: flush: outputting to the segmenter, baseName /ccnx.org/Users/cb/Keys/%C1.M.K%00K=B082A16E5382FBAAA09FBE303E24E042E37E88C290E054292521DECA236523/=FD055059931000 basenameindex =00; 162 bytes written, holding back 162 flushing final blocks? false.
三月 16, 2015 9:52:13 上午 org.ccnx.ccn.io.CCNOutputStream flushToNetwork
信息: HEADER: CCNOutputStream: flushToNetwork: new _baseNameIndex 0
三月 16, 2015 9:52:13 上午 org.ccnx.ccn.io.CCNOutputStream flushToNetwork
信息: flush: outputting to the segmenter, baseName /ccnx.org/Users/cb/Keys/%C1.M.K%00K=B082A16E5382FBAAA09FBE303E24E042E37E88C290E054292521DECA236523/=FD055059931000 basenameindex =00; 162 bytes written, holding back 0 flushing final blocks? true.
三月 16, 2015 9:52:13 上午 org.ccnx.ccn.io.CCNOutputStream flushToNetwork
信息: HEADER: CCNOutputStream: flushToNetwork: new _baseNameIndex 1
三月 16, 2015 9:52:13 上午 org.ccnx.ccn.io.CCNOutputStream close
信息: CCNOutputStream close: /ccnx.org/Users/cb/Keys/%C1.M.K%00K=B082A16E5382FBAAA09FBE303E24E042E37E88C290E054292521DECA236523/=FD055059931000
三月 16, 2015 9:52:13 上午 org.ccnx.ccn.KeyManager publishKey
信息: Published key Sun RSA public key, 1024 bits
  modulus: 117279129325874211277607356849787251715570373721560580642141461638097818254948829770352070726044644268881781743762722938404103804101201617552769856641473514762103364862280112139804873614111497411688991215437978547538300080789649372572822228902620566756781843183599945687014465640524444441393207286473746734631
  public exponent: 65537 to name /ccnx.org/Users/cb/Keys/%C1.M.K%00K=B082A16E5382FBAAA09FBE303E24E042E37E88C290E054292521DECA236523/=FD055059931000 with key locator NAME: /ccnx.org/Users/cb/Keys/%C1.M.K%00K=B082A16E5382FBAAA09FBE303E24E042E37E88C290E054292521DECA236523/=FD055059931000 KEY:itggagmsks2vela17tu60v29o22sdv8hgkgs1a2i991rr526p93; ephemeral digest 6=C6C7388A97D2AE17A13CAF6600D8D42744364DBC522385956D1BD4C2B6897C.
三月 16, 2015 9:52:13 上午 org.ccnx.ccn.impl.security.keys.BasicKeyManager publishKey
信息: publishKey: published key S7CCoW5TgvuqoJ++MD4k4ELjfojCkOBUKSUh3sojZSM=
 under specified key name /ccnx.org/Users/cb/Keys/%C1.M.K%00K=B082A16E5382FBAAA09FBE303E24E042E37E88C290E054292521DECA236523/=FD055059931000
 key locator: NAME: /ccnx.org/Users/cb/Keys/%C1.M.K%00K=B082A16E5382FBAAA09FBE303E24E042E37E88C290E054292521DECA236523/=FD055059931000 KEY:itggagmsks2vela17tu60v29o22sdv8hgkgs1a2i991rr526p93
三月 16, 2015 9:52:13 上午 org.ccnx.ccn.impl.security.keys.BasicKeyManager publishKey
信息: publishKey: storing key locator S7CCoW5TgvuqoJ++MD4k4ELjfojCkOBUKSUh3sojZSM= for key NAME: /ccnx.org/Users/cb/Keys/%C1.M.K%00K=B082A16E5382FBAAA09FBE303E24E042E37E88C290E054292521DECA236523/=FD055059931000 KEY:itggagmsks2vela17tu60v29o22sdv8hgkgs1a2i991rr526p93
三月 16, 2015 9:52:13 上午 org.ccnx.ccn.impl.CCNNetworkManager <init>
警告: NetworkManager 2: Non-standard CCN agent port 63000 per property ccn.agent.port
三月 16, 2015 9:52:13 上午 org.ccnx.ccn.impl.CCNNetworkManager <init>
信息: NetworkManager 2: Contacting CCN agent at localhost:63000
三月 16, 2015 9:52:13 上午 org.ccnx.ccn.impl.CCNNetworkChannel <init>
信息: NetworkChannel 2: Starting up CCNNetworkChannel using TCP.
三月 16, 2015 9:52:13 上午 org.ccnx.ccn.impl.CCNNetworkChannel open
信息: NetworkChannel 2: open()
三月 16, 2015 9:52:13 上午 org.ccnx.ccn.impl.CCNNetworkChannel open
信息: NetworkChannel 2: Contacting CCN agent at localhost:63000 on local port 49809
三月 16, 2015 9:52:13 上午 org.ccnx.ccn.CCNHandle <init>
信息: CCNHandle 2: Handle is now open
三月 16, 2015 9:52:13 上午 org.ccnx.ccn.impl.CCNNetworkManager <init>
警告: NetworkManager 3: Non-standard CCN agent port 63000 per property ccn.agent.port
三月 16, 2015 9:52:13 上午 org.ccnx.ccn.impl.CCNNetworkManager <init>
信息: NetworkManager 3: Contacting CCN agent at localhost:63000
三月 16, 2015 9:52:13 上午 org.ccnx.ccn.impl.CCNNetworkChannel <init>
信息: NetworkChannel 3: Starting up CCNNetworkChannel using TCP.
三月 16, 2015 9:52:13 上午 org.ccnx.ccn.impl.CCNNetworkChannel open
信息: NetworkChannel 3: open()
三月 16, 2015 9:52:13 上午 org.ccnx.ccn.impl.CCNNetworkChannel open
信息: NetworkChannel 3: Contacting CCN agent at localhost:63000 on local port 49810
三月 16, 2015 9:52:13 上午 org.ccnx.ccn.CCNHandle <init>
信息: CCNHandle 3: Handle is now open
三月 16, 2015 9:52:13 上午 org.ccnx.ccn.impl.CCNFlowControl <init>
信息: adding namespace: /ccnx.org/test/RepoIOTest-15-03-16-09.52.13/testRepoIO/stream-6245
三月 16, 2015 9:52:13 上午 org.ccnx.ccn.impl.CCNNetworkManager run
信息: NetworkManager 2: CCNNetworkManager processing thread started for port: 63000
三月 16, 2015 9:52:13 上午 org.ccnx.ccn.impl.security.keys.BasicKeyManager getKeyLocator
信息: getKeyLocator: returning locator NAME: /ccnx.org/Users/cb/Keys/%C1.M.K%00K=B082A16E5382FBAAA09FBE303E24E042E37E88C290E054292521DECA236523/=FD055059931000 KEY:itggagmsks2vela17tu60v29o22sdv8hgkgs1a2i991rr526p93 for key S7CCoW5TgvuqoJ++MD4k4ELjfojCkOBUKSUh3sojZSM=
三月 16, 2015 9:52:13 上午 org.ccnx.ccn.io.CCNAbstractOutputStream <init>
信息: CCNAbstractOutputStream: /ccnx.org/test/RepoIOTest-15-03-16-09.52.13/testRepoIO/stream-6245 blocksize is 4096
三月 16, 2015 9:52:13 上午 org.ccnx.ccn.io.CCNAbstractOutputStream startWrite
信息: CCNAbstractOutputStream: startWrite -- searching for keys.
三月 16, 2015 9:52:13 上午 org.ccnx.ccn.profiles.security.access.AccessControlManager keysForOutput
信息: keysForOutput: found an acm: (null)
三月 16, 2015 9:52:13 上午 org.ccnx.ccn.impl.repo.RepositoryFlowControl startWrite
信息: RepositoryFlowControl.startWrite called for name /ccnx.org/test/RepoIOTest-15-03-16-09.52.13/testRepoIO/stream-6245, shape STREAM
三月 16, 2015 9:52:13 上午 org.ccnx.ccn.impl.repo.RepositoryFlowControl handleContent
信息: handleContent: got potential repo message: /ccnx.org/test/RepoIOTest-15-03-16-09.52.13/testRepoIO/stream-6245/%C1.R.sw/%C1.N=009AB1F0857A695BD9
三月 16, 2015 9:52:13 上午 org.ccnx.ccn.io.CCNOutputStream writeToNetwork
信息: Adding namespace in writeToNetwork. Namespace: /ccnx.org/test/RepoIOTest-15-03-16-09.52.13/testRepoIO/stream-6245
三月 16, 2015 9:52:13 上午 org.ccnx.ccn.impl.CCNFlowControl addNameSpace
信息: addNameSpace: not adding name: /ccnx.org/test/RepoIOTest-15-03-16-09.52.13/testRepoIO/stream-6245 already monitoring prefix: /ccnx.org/test/RepoIOTest-15-03-16-09.52.13/testRepoIO/stream-6245
三月 16, 2015 9:52:13 上午 org.ccnx.ccn.io.CCNOutputStream flushToNetwork
信息: flush: outputting to the segmenter, baseName /ccnx.org/test/RepoIOTest-15-03-16-09.52.13/testRepoIO/stream-6245 basenameindex =0028; 0 bytes written, holding back 0 flushing final blocks? true.
三月 16, 2015 9:52:13 上午 org.ccnx.ccn.impl.CCNSegmenter outputCurrentBlocks
信息: flush: putting merkle tree to the network, name starts with /ccnx.org/test/RepoIOTest-15-03-16-09.52.13/testRepoIO/stream-6245/=00; 41 blocks
三月 16, 2015 9:52:14 上午 org.ccnx.ccn.impl.security.crypto.CCNMerkleTreeSigner signBlocks
信息: Signed tree of 41 leaves, 81 nodes.
三月 16, 2015 9:52:14 上午 org.ccnx.ccn.io.CCNOutputStream flushToNetwork
信息: HEADER: CCNOutputStream: flushToNetwork: new _baseNameIndex 41
三月 16, 2015 9:52:14 上午 org.ccnx.ccn.io.CCNOutputStream close
信息: CCNOutputStream close: /ccnx.org/test/RepoIOTest-15-03-16-09.52.13/testRepoIO/stream-6245
三月 16, 2015 9:52:14 上午 org.ccnx.ccn.io.content.CCNNetworkObject createFlowController
信息: Created REPOSITORY flow controller, for prefix /ccnx.org/test/RepoIOTest-15-03-16-09.52.13/testRepoIO/obj-8726, save type REPOSITORY
三月 16, 2015 9:52:14 上午 org.ccnx.ccn.impl.CCNFlowControl addNameSpace
信息: Flow controller addNameSpace: added namespace: /ccnx.org/test/RepoIOTest-15-03-16-09.52.13/testRepoIO/obj-8726
三月 16, 2015 9:52:14 上午 org.ccnx.ccn.impl.security.keys.BasicKeyManager getKeyLocator
信息: getKeyLocator: returning locator NAME: /ccnx.org/Users/cb/Keys/%C1.M.K%00K=B082A16E5382FBAAA09FBE303E24E042E37E88C290E054292521DECA236523/=FD055059931000 KEY:itggagmsks2vela17tu60v29o22sdv8hgkgs1a2i991rr526p93 for key S7CCoW5TgvuqoJ++MD4k4ELjfojCkOBUKSUh3sojZSM=
三月 16, 2015 9:52:14 上午 org.ccnx.ccn.io.CCNAbstractOutputStream <init>
信息: CCNAbstractOutputStream: /ccnx.org/test/RepoIOTest-15-03-16-09.52.13/testRepoIO/obj-8726/=FD05506374E09C blocksize is 4096
三月 16, 2015 9:52:14 上午 org.ccnx.ccn.io.CCNAbstractOutputStream startWrite
信息: CCNAbstractOutputStream: startWrite -- searching for keys.
三月 16, 2015 9:52:14 上午 org.ccnx.ccn.profiles.security.access.AccessControlManager keysForOutput
信息: keysForOutput: found an acm: (null)
三月 16, 2015 9:52:14 上午 org.ccnx.ccn.impl.repo.RepositoryFlowControl startWrite
信息: RepositoryFlowControl.startWrite called for name /ccnx.org/test/RepoIOTest-15-03-16-09.52.13/testRepoIO/obj-8726/=FD05506374E09C, shape STREAM
三月 16, 2015 9:52:14 上午 org.ccnx.ccn.impl.repo.RepositoryFlowControl handleContent
信息: handleContent: got potential repo message: /ccnx.org/test/RepoIOTest-15-03-16-09.52.13/testRepoIO/obj-8726/=FD05506374E09C/%C1.R.sw/%C1.N=000BB5253357A07CFE
三月 16, 2015 9:52:14 上午 org.ccnx.ccn.io.CCNOutputStream flushToNetwork
信息: flush: outputting to the segmenter, baseName /ccnx.org/test/RepoIOTest-15-03-16-09.52.13/testRepoIO/obj-8726/=FD05506374E09C basenameindex =00; 20 bytes written, holding back 20 flushing final blocks? false.
三月 16, 2015 9:52:14 上午 org.ccnx.ccn.io.CCNOutputStream flushToNetwork
信息: HEADER: CCNOutputStream: flushToNetwork: new _baseNameIndex 0
三月 16, 2015 9:52:14 上午 org.ccnx.ccn.io.CCNOutputStream flushToNetwork
信息: flush: outputting to the segmenter, baseName /ccnx.org/test/RepoIOTest-15-03-16-09.52.13/testRepoIO/obj-8726/=FD05506374E09C basenameindex =00; 20 bytes written, holding back 0 flushing final blocks? true.
三月 16, 2015 9:52:14 上午 org.ccnx.ccn.io.CCNOutputStream flushToNetwork
信息: HEADER: CCNOutputStream: flushToNetwork: new _baseNameIndex 1
三月 16, 2015 9:52:14 上午 org.ccnx.ccn.io.CCNOutputStream close
信息: CCNOutputStream close: /ccnx.org/test/RepoIOTest-15-03-16-09.52.13/testRepoIO/obj-8726/=FD05506374E09C
三月 16, 2015 9:52:14 上午 org.ccnx.ccn.impl.CCNNetworkManager <init>
警告: NetworkManager 4: Non-standard CCN agent port 63000 per property ccn.agent.port
三月 16, 2015 9:52:14 上午 org.ccnx.ccn.impl.CCNNetworkManager <init>
信息: NetworkManager 4: Contacting CCN agent at localhost:63000
三月 16, 2015 9:52:14 上午 org.ccnx.ccn.impl.CCNNetworkChannel <init>
信息: NetworkChannel 4: Starting up CCNNetworkChannel using TCP.
三月 16, 2015 9:52:14 上午 org.ccnx.ccn.impl.CCNNetworkChannel open
信息: NetworkChannel 4: open()
三月 16, 2015 9:52:14 上午 org.ccnx.ccn.impl.CCNNetworkChannel open
信息: NetworkChannel 4: Contacting CCN agent at localhost:63000 on local port 49811
三月 16, 2015 9:52:14 上午 org.ccnx.ccn.CCNHandle <init>
信息: CCNHandle 4: Handle is now open
三月 16, 2015 9:52:14 上午 org.ccnx.ccn.utils.Flosser handleNamespace
信息: FLOSSER: handling namespace: /ccnx.org/test/RepoIOTest-15-03-16-09.52.13/TestRepoUser/Alice
三月 16, 2015 9:52:14 上午 org.ccnx.ccn.impl.CCNNetworkManager run
信息: NetworkManager 4: CCNNetworkManager processing thread started for port: 63000
三月 16, 2015 9:52:14 上午 org.ccnx.ccn.utils.Flosser handleNamespace
信息: FLOSSER: setup parent namespace: /ccnx.org/test/RepoIOTest-15-03-16-09.52.13/TestRepoUser/Alice
三月 16, 2015 9:52:14 上午 org.ccnx.ccn.utils.Flosser handleNamespace
信息: FLOSSER: handling namespace: /ccnx.org/test/RepoIOTest-15-03-16-09.52.13/TestRepoUser/Bob
三月 16, 2015 9:52:14 上午 org.ccnx.ccn.utils.Flosser handleNamespace
信息: FLOSSER: setup parent namespace: /ccnx.org/test/RepoIOTest-15-03-16-09.52.13/TestRepoUser/Bob
三月 16, 2015 9:52:14 上午 org.ccnx.ccn.utils.CreateUserData <init>
信息: Loading user: Alice from /ccnx.org/test/RepoIOTest-15-03-16-09.52.13/TestRepoUser/Alice
三月 16, 2015 9:52:14 上午 org.ccnx.ccn.impl.CCNNetworkManager <init>
警告: NetworkManager 5: Non-standard CCN agent port 63000 per property ccn.agent.port
三月 16, 2015 9:52:14 上午 org.ccnx.ccn.impl.CCNNetworkManager <init>
信息: NetworkManager 5: Contacting CCN agent at localhost:63000
三月 16, 2015 9:52:14 上午 org.ccnx.ccn.impl.CCNNetworkChannel <init>
信息: NetworkChannel 5: Starting up CCNNetworkChannel using TCP.
三月 16, 2015 9:52:14 上午 org.ccnx.ccn.impl.CCNNetworkChannel open
信息: NetworkChannel 5: open()
三月 16, 2015 9:52:14 上午 org.ccnx.ccn.impl.CCNNetworkChannel open
信息: NetworkChannel 5: Contacting CCN agent at localhost:63000 on local port 49812
三月 16, 2015 9:52:14 上午 org.ccnx.ccn.CCNHandle <init>
信息: CCNHandle 5: Handle is now open
三月 16, 2015 9:52:14 上午 org.ccnx.ccn.impl.CCNNetworkManager run
信息: NetworkManager 5: CCNNetworkManager processing thread started for port: 63000
三月 16, 2015 9:52:20 上午 org.ccnx.ccn.profiles.VersioningProfile getLatestVersion
信息: getFirstBlockOfLatestVersion: no block available for later version of /ccnx.org/test/RepoIOTest-15-03-16-09.52.13/TestRepoUser/Alice
三月 16, 2015 9:52:20 上午 org.ccnx.ccn.impl.security.keys.NetworkKeyManager loadKeyStore
信息: Creating new CCN key store.../ccnx.org/test/RepoIOTest-15-03-16-09.52.13/TestRepoUser/Alice
三月 16, 2015 9:52:20 上午 org.ccnx.ccn.impl.CCNFlowControl <init>
信息: adding namespace: /ccnx.org/test/RepoIOTest-15-03-16-09.52.13/TestRepoUser/Alice
三月 16, 2015 9:52:20 上午 org.ccnx.ccn.impl.security.keys.BasicKeyManager getKeyLocator
信息: getKeyLocator: returning locator NAME: /ccnx.org/Users/cb/Keys/%C1.M.K%00K=B082A16E5382FBAAA09FBE303E24E042E37E88C290E054292521DECA236523/=FD055059931000 KEY:itggagmsks2vela17tu60v29o22sdv8hgkgs1a2i991rr526p93 for key S7CCoW5TgvuqoJ++MD4k4ELjfojCkOBUKSUh3sojZSM=
三月 16, 2015 9:52:20 上午 org.ccnx.ccn.io.CCNAbstractOutputStream <init>
信息: CCNAbstractOutputStream: /ccnx.org/test/RepoIOTest-15-03-16-09.52.13/TestRepoUser/Alice/=FD0550637542B4 blocksize is 4096
三月 16, 2015 9:52:20 上午 org.ccnx.ccn.io.CCNAbstractOutputStream startWrite
信息: CCNAbstractOutputStream: startWrite -- searching for keys.
三月 16, 2015 9:52:20 上午 org.ccnx.ccn.profiles.security.access.AccessControlManager keysForOutput
信息: keysForOutput: found an acm: (null)
三月 16, 2015 9:52:20 上午 org.ccnx.ccn.io.CCNOutputStream flushToNetwork
信息: flush: outputting to the segmenter, baseName /ccnx.org/test/RepoIOTest-15-03-16-09.52.13/TestRepoUser/Alice/=FD0550637542B4 basenameindex =00; 1672 bytes written, holding back 1672 flushing final blocks? false.
三月 16, 2015 9:52:20 上午 org.ccnx.ccn.io.CCNOutputStream flushToNetwork
信息: HEADER: CCNOutputStream: flushToNetwork: new _baseNameIndex 0
三月 16, 2015 9:52:20 上午 org.ccnx.ccn.io.CCNOutputStream flushToNetwork
信息: flush: outputting to the segmenter, baseName /ccnx.org/test/RepoIOTest-15-03-16-09.52.13/TestRepoUser/Alice/=FD0550637542B4 basenameindex =00; 1672 bytes written, holding back 0 flushing final blocks? true.
三月 16, 2015 9:52:20 上午 org.ccnx.ccn.io.CCNOutputStream flushToNetwork
信息: HEADER: CCNOutputStream: flushToNetwork: new _baseNameIndex 1
三月 16, 2015 9:52:20 上午 org.ccnx.ccn.io.CCNOutputStream close
信息: CCNOutputStream close: /ccnx.org/test/RepoIOTest-15-03-16-09.52.13/TestRepoUser/Alice/=FD0550637542B4
三月 16, 2015 9:52:20 上午 org.ccnx.ccn.utils.Flosser processContent
信息: Flosser got: /ccnx.org/test/RepoIOTest-15-03-16-09.52.13/TestRepoUser/Alice/=FD0550637542B4/=00/7=E5CB59124E63E3CE58D10CB1FFC20A2E682553F87ECBAD1163FC8A0E0B98E1
三月 16, 2015 9:52:20 上午 org.ccnx.ccn.impl.security.keys.BasicKeyManager loadValuesFromKeystore
信息: Loading key store ccnx:/ccnx.org/test/RepoIOTest-15-03-16-09.52.13/TestRepoUser/Alice version 2015-03-16 09:52:20.168945312 version component =FD0550637542B4 millis 1426470740168
三月 16, 2015 9:52:20 上午 org.ccnx.ccn.utils.Flosser handleContent
信息: Adding new namespace: /ccnx.org/test/RepoIOTest-15-03-16-09.52.13/TestRepoUser/Alice/=FD0550637542B4
三月 16, 2015 9:52:20 上午 org.ccnx.ccn.utils.Flosser handleNamespace
信息: FLOSSER: handling child namespace: /ccnx.org/test/RepoIOTest-15-03-16-09.52.13/TestRepoUser/Alice/=FD0550637542B4 expected parent: /ccnx.org/test/RepoIOTest-15-03-16-09.52.13/TestRepoUser/Alice
三月 16, 2015 9:52:20 上午 org.ccnx.ccn.utils.Flosser handleNamespace
信息: FLOSSER: Adding subnamespace: /ccnx.org/test/RepoIOTest-15-03-16-09.52.13/TestRepoUser/Alice/=FD0550637542B4 to ancestor /ccnx.org/test/RepoIOTest-15-03-16-09.52.13/TestRepoUser/Alice
三月 16, 2015 9:52:20 上午 org.ccnx.ccn.utils.Flosser processContent
信息: Flosser got: /ccnx.org/test/RepoIOTest-15-03-16-09.52.13/TestRepoUser/Alice/=FD0550637542B4/=00/7=E5CB59124E63E3CE58D10CB1FFC20A2E682553F87ECBAD1163FC8A0E0B98E1
三月 16, 2015 9:52:20 上午 org.ccnx.ccn.impl.security.keys.BasicKeyManager loadValuesFromKeystore
信息: Default key ID for user Alice: HKKNerbTwSYcM9jBlRDhFOaPBzXA7nc2avTRr3+ZSd4=
三月 16, 2015 9:52:20 上午 org.ccnx.ccn.impl.security.keys.SecureKeyCache loadKeyStore
信息: KeyCache: loading signing key HKKNerbTwSYcM9jBlRDhFOaPBzXA7nc2avTRr3+ZSd4=, remembering public key in public key cache.
三月 16, 2015 9:52:20 上午 org.ccnx.ccn.impl.security.keys.SecureKeyCache addMySigningKey
信息: SecureKeyCache: adding my private key 1ca28d7ab6d3c1261c33d8c19510e114e68f0735c0ee77366af4d1af7f9949de
三月 16, 2015 9:52:20 上午 org.ccnx.ccn.impl.security.keys.BasicKeyManager loadValuesFromConfiguration
信息: Not loading key manager configuration data in response to user configuration variable.
三月 16, 2015 9:52:20 上午 org.ccnx.ccn.impl.security.keys.PublicKeyCache getPublicKey
信息: Repository looking up a key that is contained in the locator...
三月 16, 2015 9:52:20 上午 org.ccnx.ccn.impl.CCNFlowControl addNameSpace
信息: Flow controller addNameSpace: added namespace: /ccnx.org/Users/Alice/Keys/%C1.M.K=001CA28D7AB6D3C1261C33D8C19510E114E68F0735C0EE77366AF4D1AF7F9949DE/=FD0550637542B4
三月 16, 2015 9:52:20 上午 org.ccnx.ccn.impl.security.keys.BasicKeyManager getKeyLocator
信息: getKeyLocator: returning locator KEY: HKKNerbTwSYcM9jBlRDhFOaPBzXA7nc2avTRr3+ZSd4= for key HKKNerbTwSYcM9jBlRDhFOaPBzXA7nc2avTRr3+ZSd4=
三月 16, 2015 9:52:20 上午 org.ccnx.ccn.KeyManager publishKey
信息: publishKey: key not previously published, making new key object /ccnx.org/Users/Alice/Keys/%C1.M.K=001CA28D7AB6D3C1261C33D8C19510E114E68F0735C0EE77366AF4D1AF7F9949DE with version 2015-03-16 09:52:20.168945312 displayed as =FD0550637542B4
三月 16, 2015 9:52:20 上午 org.ccnx.ccn.io.CCNAbstractOutputStream <init>
信息: CCNAbstractOutputStream: /ccnx.org/Users/Alice/Keys/%C1.M.K=001CA28D7AB6D3C1261C33D8C19510E114E68F0735C0EE77366AF4D1AF7F9949DE/=FD0550637542B4 blocksize is 4096
三月 16, 2015 9:52:20 上午 org.ccnx.ccn.io.CCNAbstractOutputStream startWrite
信息: CCNAbstractOutputStream: startWrite -- searching for keys.
三月 16, 2015 9:52:20 上午 org.ccnx.ccn.profiles.security.access.AccessControlManager keysForOutput
信息: keysForOutput: found an acm: (null)
三月 16, 2015 9:52:20 上午 org.ccnx.ccn.io.CCNOutputStream flushToNetwork
信息: flush: outputting to the segmenter, baseName /ccnx.org/Users/Alice/Keys/%C1.M.K=001CA28D7AB6D3C1261C33D8C19510E114E68F0735C0EE77366AF4D1AF7F9949DE/=FD0550637542B4 basenameindex =00; 162 bytes written, holding back 162 flushing final blocks? false.
三月 16, 2015 9:52:20 上午 org.ccnx.ccn.io.CCNOutputStream flushToNetwork
信息: HEADER: CCNOutputStream: flushToNetwork: new _baseNameIndex 0
三月 16, 2015 9:52:20 上午 org.ccnx.ccn.io.CCNOutputStream flushToNetwork
信息: flush: outputting to the segmenter, baseName /ccnx.org/Users/Alice/Keys/%C1.M.K=001CA28D7AB6D3C1261C33D8C19510E114E68F0735C0EE77366AF4D1AF7F9949DE/=FD0550637542B4 basenameindex =00; 162 bytes written, holding back 0 flushing final blocks? true.
三月 16, 2015 9:52:20 上午 org.ccnx.ccn.io.CCNOutputStream flushToNetwork
信息: HEADER: CCNOutputStream: flushToNetwork: new _baseNameIndex 1
三月 16, 2015 9:52:20 上午 org.ccnx.ccn.io.CCNOutputStream close
信息: CCNOutputStream close: /ccnx.org/Users/Alice/Keys/%C1.M.K=001CA28D7AB6D3C1261C33D8C19510E114E68F0735C0EE77366AF4D1AF7F9949DE/=FD0550637542B4
三月 16, 2015 9:52:20 上午 org.ccnx.ccn.KeyManager publishKey
信息: Published key RSA Public Key
            modulus: 9604d0a2407096bafe3707724474e55b53b08b254b5ddf6be6aa9af9ea520f89bef30270c24d8b6a50da63b4e067c326f9013185fc2fc18391b79946248437e508a6bcb782f2b8b4a1baf30dfc13ebbbb3ee1c0114a429b10eb929c8b0daf5339f992fdbb454b99df8fd0ca3f98b221c82e75ddbc241b99f18c99eb94865edb1
    public exponent: 10001
 to name /ccnx.org/Users/Alice/Keys/%C1.M.K=001CA28D7AB6D3C1261C33D8C19510E114E68F0735C0EE77366AF4D1AF7F9949DE/=FD0550637542B4 with key locator NAME: /ccnx.org/Users/Alice/Keys/%C1.M.K=001CA28D7AB6D3C1261C33D8C19510E114E68F0735C0EE77366AF4D1AF7F9949DE/=FD0550637542B4 KEY:752hltbdku14oe37m61ik8e2576hs3jbg7eesr6lt6hltvpiieu; ephemeral digest D=EEFB29318D36D437AC4224ECE7A0AA25E00BB4431B299B0110086DFCD78F7A.
三月 16, 2015 9:52:20 上午 org.ccnx.ccn.impl.security.keys.BasicKeyManager publishKey
信息: publishKey: published key HKKNerbTwSYcM9jBlRDhFOaPBzXA7nc2avTRr3+ZSd4=
 under specified key name /ccnx.org/Users/Alice/Keys/%C1.M.K=001CA28D7AB6D3C1261C33D8C19510E114E68F0735C0EE77366AF4D1AF7F9949DE/=FD0550637542B4
 key locator: NAME: /ccnx.org/Users/Alice/Keys/%C1.M.K=001CA28D7AB6D3C1261C33D8C19510E114E68F0735C0EE77366AF4D1AF7F9949DE/=FD0550637542B4 KEY:752hltbdku14oe37m61ik8e2576hs3jbg7eesr6lt6hltvpiieu
三月 16, 2015 9:52:20 上午 org.ccnx.ccn.impl.security.keys.BasicKeyManager publishKey
信息: publishKey: storing key locator HKKNerbTwSYcM9jBlRDhFOaPBzXA7nc2avTRr3+ZSd4= for key NAME: /ccnx.org/Users/Alice/Keys/%C1.M.K=001CA28D7AB6D3C1261C33D8C19510E114E68F0735C0EE77366AF4D1AF7F9949DE/=FD0550637542B4 KEY:752hltbdku14oe37m61ik8e2576hs3jbg7eesr6lt6hltvpiieu
三月 16, 2015 9:52:20 上午 org.ccnx.ccn.utils.CreateUserData <init>
信息: Loading user: Bob from /ccnx.org/test/RepoIOTest-15-03-16-09.52.13/TestRepoUser/Bob
三月 16, 2015 9:52:20 上午 org.ccnx.ccn.impl.CCNNetworkManager <init>
警告: NetworkManager 6: Non-standard CCN agent port 63000 per property ccn.agent.port
三月 16, 2015 9:52:20 上午 org.ccnx.ccn.impl.CCNNetworkManager <init>
信息: NetworkManager 6: Contacting CCN agent at localhost:63000
三月 16, 2015 9:52:20 上午 org.ccnx.ccn.impl.CCNNetworkChannel <init>
信息: NetworkChannel 6: Starting up CCNNetworkChannel using TCP.
三月 16, 2015 9:52:20 上午 org.ccnx.ccn.impl.CCNNetworkChannel open
信息: NetworkChannel 6: open()
三月 16, 2015 9:52:20 上午 org.ccnx.ccn.impl.CCNNetworkChannel open
信息: NetworkChannel 6: Contacting CCN agent at localhost:63000 on local port 49813
三月 16, 2015 9:52:20 上午 org.ccnx.ccn.CCNHandle <init>
信息: CCNHandle 6: Handle is now open
三月 16, 2015 9:52:20 上午 org.ccnx.ccn.impl.CCNNetworkManager run
信息: NetworkManager 6: CCNNetworkManager processing thread started for port: 63000
三月 16, 2015 9:52:24 上午 org.ccnx.ccn.impl.CCNFlowControl removeUnmatchedInterests
信息: Removing unmatched interest /ccnx.org/test/RepoIOTest-15-03-16-09.52.13/TestRepoUser/Alice/=FD0550637542B4
三月 16, 2015 9:52:24 上午 org.ccnx.ccn.impl.CCNFlowControl removeUnmatchedInterests
信息: Removing unmatched interest /ccnx.org/test/RepoIOTest-15-03-16-09.52.13/TestRepoUser/Alice
三月 16, 2015 9:52:24 上午 org.ccnx.ccn.impl.CCNFlowControl removeUnmatchedInterests
信息: Removing unmatched interest /ccnx.org/test/RepoIOTest-15-03-16-09.52.13/TestRepoUser/Alice
三月 16, 2015 9:52:26 上午 org.ccnx.ccn.profiles.VersioningProfile getLatestVersion
信息: getFirstBlockOfLatestVersion: no block available for later version of /ccnx.org/test/RepoIOTest-15-03-16-09.52.13/TestRepoUser/Bob
三月 16, 2015 9:52:26 上午 org.ccnx.ccn.impl.security.keys.NetworkKeyManager loadKeyStore
信息: Creating new CCN key store.../ccnx.org/test/RepoIOTest-15-03-16-09.52.13/TestRepoUser/Bob
三月 16, 2015 9:52:26 上午 org.ccnx.ccn.impl.CCNFlowControl <init>
信息: adding namespace: /ccnx.org/test/RepoIOTest-15-03-16-09.52.13/TestRepoUser/Bob
三月 16, 2015 9:52:26 上午 org.ccnx.ccn.impl.security.keys.BasicKeyManager getKeyLocator
信息: getKeyLocator: returning locator NAME: /ccnx.org/Users/cb/Keys/%C1.M.K%00K=B082A16E5382FBAAA09FBE303E24E042E37E88C290E054292521DECA236523/=FD055059931000 KEY:itggagmsks2vela17tu60v29o22sdv8hgkgs1a2i991rr526p93 for key S7CCoW5TgvuqoJ++MD4k4ELjfojCkOBUKSUh3sojZSM=
三月 16, 2015 9:52:26 上午 org.ccnx.ccn.io.CCNAbstractOutputStream <init>
信息: CCNAbstractOutputStream: /ccnx.org/test/RepoIOTest-15-03-16-09.52.13/TestRepoUser/Bob/=FD05506375A65E blocksize is 4096
三月 16, 2015 9:52:26 上午 org.ccnx.ccn.io.CCNAbstractOutputStream startWrite
信息: CCNAbstractOutputStream: startWrite -- searching for keys.
三月 16, 2015 9:52:26 上午 org.ccnx.ccn.profiles.security.access.AccessControlManager keysForOutput
信息: keysForOutput: found an acm: (null)
三月 16, 2015 9:52:26 上午 org.ccnx.ccn.io.CCNOutputStream flushToNetwork
信息: flush: outputting to the segmenter, baseName /ccnx.org/test/RepoIOTest-15-03-16-09.52.13/TestRepoUser/Bob/=FD05506375A65E basenameindex =00; 1672 bytes written, holding back 1672 flushing final blocks? false.
三月 16, 2015 9:52:26 上午 org.ccnx.ccn.io.CCNOutputStream flushToNetwork
信息: HEADER: CCNOutputStream: flushToNetwork: new _baseNameIndex 0
三月 16, 2015 9:52:26 上午 org.ccnx.ccn.io.CCNOutputStream flushToNetwork
信息: flush: outputting to the segmenter, baseName /ccnx.org/test/RepoIOTest-15-03-16-09.52.13/TestRepoUser/Bob/=FD05506375A65E basenameindex =00; 1672 bytes written, holding back 0 flushing final blocks? true.
三月 16, 2015 9:52:26 上午 org.ccnx.ccn.io.CCNOutputStream flushToNetwork
信息: HEADER: CCNOutputStream: flushToNetwork: new _baseNameIndex 1
三月 16, 2015 9:52:26 上午 org.ccnx.ccn.utils.Flosser processContent
信息: Flosser got: /ccnx.org/test/RepoIOTest-15-03-16-09.52.13/TestRepoUser/Bob/=FD05506375A65E/=00/=883FC2151893753195ED386A8BB744D799B8C063F55B967270085E3BBB20FB04
三月 16, 2015 9:52:26 上午 org.ccnx.ccn.io.CCNOutputStream close
信息: CCNOutputStream close: /ccnx.org/test/RepoIOTest-15-03-16-09.52.13/TestRepoUser/Bob/=FD05506375A65E
三月 16, 2015 9:52:26 上午 org.ccnx.ccn.utils.Flosser handleContent
信息: Adding new namespace: /ccnx.org/test/RepoIOTest-15-03-16-09.52.13/TestRepoUser/Bob/=FD05506375A65E
三月 16, 2015 9:52:26 上午 org.ccnx.ccn.impl.security.keys.BasicKeyManager loadValuesFromKeystore
信息: Loading key store ccnx:/ccnx.org/test/RepoIOTest-15-03-16-09.52.13/TestRepoUser/Bob version 2015-03-16 09:52:26.397949218 version component =FD05506375A65E millis 1426470746397
三月 16, 2015 9:52:26 上午 org.ccnx.ccn.utils.Flosser handleNamespace
信息: FLOSSER: handling child namespace: /ccnx.org/test/RepoIOTest-15-03-16-09.52.13/TestRepoUser/Bob/=FD05506375A65E expected parent: /ccnx.org/test/RepoIOTest-15-03-16-09.52.13/TestRepoUser/Bob
三月 16, 2015 9:52:26 上午 org.ccnx.ccn.utils.Flosser handleNamespace
信息: FLOSSER: Adding subnamespace: /ccnx.org/test/RepoIOTest-15-03-16-09.52.13/TestRepoUser/Bob/=FD05506375A65E to ancestor /ccnx.org/test/RepoIOTest-15-03-16-09.52.13/TestRepoUser/Bob
三月 16, 2015 9:52:26 上午 org.ccnx.ccn.utils.Flosser processContent
信息: Flosser got: /ccnx.org/test/RepoIOTest-15-03-16-09.52.13/TestRepoUser/Bob/=FD05506375A65E/=00/=883FC2151893753195ED386A8BB744D799B8C063F55B967270085E3BBB20FB04
三月 16, 2015 9:52:26 上午 org.ccnx.ccn.impl.security.keys.BasicKeyManager loadValuesFromKeystore
信息: Default key ID for user Bob: E7VrliRxbPfPSttioKBHNDNm3t4KY/pjnjnVD7nSIoM=
三月 16, 2015 9:52:26 上午 org.ccnx.ccn.impl.security.keys.SecureKeyCache loadKeyStore
信息: KeyCache: loading signing key E7VrliRxbPfPSttioKBHNDNm3t4KY/pjnjnVD7nSIoM=, remembering public key in public key cache.
三月 16, 2015 9:52:26 上午 org.ccnx.ccn.impl.security.keys.SecureKeyCache addMySigningKey
信息: SecureKeyCache: adding my private key 13b56b9624716cf7cf4adb62a0a047343366dede0a63fa639e39d50fb9d22283
三月 16, 2015 9:52:26 上午 org.ccnx.ccn.impl.security.keys.BasicKeyManager loadValuesFromConfiguration
信息: Not loading key manager configuration data in response to user configuration variable.
三月 16, 2015 9:52:26 上午 org.ccnx.ccn.impl.security.keys.PublicKeyCache getPublicKey
信息: Repository looking up a key that is contained in the locator...
三月 16, 2015 9:52:26 上午 org.ccnx.ccn.impl.CCNFlowControl addNameSpace
信息: Flow controller addNameSpace: added namespace: /ccnx.org/Users/Bob/Keys/%C1.M.K=0013B56B9624716CF7CF4ADB62A0A047343366DEDE0A63FA639E39D50FB9D22283/=FD05506375A65E
三月 16, 2015 9:52:26 上午 org.ccnx.ccn.impl.security.keys.BasicKeyManager getKeyLocator
信息: getKeyLocator: returning locator KEY: E7VrliRxbPfPSttioKBHNDNm3t4KY/pjnjnVD7nSIoM= for key E7VrliRxbPfPSttioKBHNDNm3t4KY/pjnjnVD7nSIoM=
三月 16, 2015 9:52:26 上午 org.ccnx.ccn.KeyManager publishKey
信息: publishKey: key not previously published, making new key object /ccnx.org/Users/Bob/Keys/%C1.M.K=0013B56B9624716CF7CF4ADB62A0A047343366DEDE0A63FA639E39D50FB9D22283 with version 2015-03-16 09:52:26.397949218 displayed as =FD05506375A65E
三月 16, 2015 9:52:26 上午 org.ccnx.ccn.io.CCNAbstractOutputStream <init>
信息: CCNAbstractOutputStream: /ccnx.org/Users/Bob/Keys/%C1.M.K=0013B56B9624716CF7CF4ADB62A0A047343366DEDE0A63FA639E39D50FB9D22283/=FD05506375A65E blocksize is 4096
三月 16, 2015 9:52:26 上午 org.ccnx.ccn.io.CCNAbstractOutputStream startWrite
信息: CCNAbstractOutputStream: startWrite -- searching for keys.
三月 16, 2015 9:52:26 上午 org.ccnx.ccn.profiles.security.access.AccessControlManager keysForOutput
信息: keysForOutput: found an acm: (null)
三月 16, 2015 9:52:26 上午 org.ccnx.ccn.io.CCNOutputStream flushToNetwork
信息: flush: outputting to the segmenter, baseName /ccnx.org/Users/Bob/Keys/%C1.M.K=0013B56B9624716CF7CF4ADB62A0A047343366DEDE0A63FA639E39D50FB9D22283/=FD05506375A65E basenameindex =00; 162 bytes written, holding back 162 flushing final blocks? false.
三月 16, 2015 9:52:26 上午 org.ccnx.ccn.io.CCNOutputStream flushToNetwork
信息: HEADER: CCNOutputStream: flushToNetwork: new _baseNameIndex 0
三月 16, 2015 9:52:26 上午 org.ccnx.ccn.io.CCNOutputStream flushToNetwork
信息: flush: outputting to the segmenter, baseName /ccnx.org/Users/Bob/Keys/%C1.M.K=0013B56B9624716CF7CF4ADB62A0A047343366DEDE0A63FA639E39D50FB9D22283/=FD05506375A65E basenameindex =00; 162 bytes written, holding back 0 flushing final blocks? true.
三月 16, 2015 9:52:26 上午 org.ccnx.ccn.io.CCNOutputStream flushToNetwork
信息: HEADER: CCNOutputStream: flushToNetwork: new _baseNameIndex 1
三月 16, 2015 9:52:26 上午 org.ccnx.ccn.io.CCNOutputStream close
信息: CCNOutputStream close: /ccnx.org/Users/Bob/Keys/%C1.M.K=0013B56B9624716CF7CF4ADB62A0A047343366DEDE0A63FA639E39D50FB9D22283/=FD05506375A65E
三月 16, 2015 9:52:26 上午 org.ccnx.ccn.KeyManager publishKey
信息: Published key RSA Public Key
            modulus: 9d2b914e372ee66e1c83b8021f8329eacda8b0b2ec7c342b5fe7507df947673e93a85c8340a5ae959313ae862aa481c8cdfb5de1f47ffdacf90d7e5e5e45440686a04e8fb260cc467a59763f890ae135cc26502f3aaa48587a6e0ae81de22bf70e7d4ba8a2cfdc8c282466eecd33dedc846890d853def52355dae8c4e65230e9
    public exponent: 10001
 to name /ccnx.org/Users/Bob/Keys/%C1.M.K=0013B56B9624716CF7CF4ADB62A0A047343366DEDE0A63FA639E39D50FB9D22283/=FD05506375A65E with key locator NAME: /ccnx.org/Users/Bob/Keys/%C1.M.K=0013B56B9624716CF7CF4ADB62A0A047343366DEDE0A63FA639E39D50FB9D22283/=FD05506375A65E KEY:4tldeb28sbcuv7klmr2k2g4ed1jcrfds2j3v9hpseel1ust48k3; ephemeral digest =197B94493D369B58C3F14E581751F4B166BCD86510EB25AAB8F29ED8FF09EF84.
三月 16, 2015 9:52:26 上午 org.ccnx.ccn.impl.security.keys.BasicKeyManager publishKey
信息: publishKey: published key E7VrliRxbPfPSttioKBHNDNm3t4KY/pjnjnVD7nSIoM=
 under specified key name /ccnx.org/Users/Bob/Keys/%C1.M.K=0013B56B9624716CF7CF4ADB62A0A047343366DEDE0A63FA639E39D50FB9D22283/=FD05506375A65E
 key locator: NAME: /ccnx.org/Users/Bob/Keys/%C1.M.K=0013B56B9624716CF7CF4ADB62A0A047343366DEDE0A63FA639E39D50FB9D22283/=FD05506375A65E KEY:4tldeb28sbcuv7klmr2k2g4ed1jcrfds2j3v9hpseel1ust48k3
三月 16, 2015 9:52:26 上午 org.ccnx.ccn.impl.security.keys.BasicKeyManager publishKey
信息: publishKey: storing key locator E7VrliRxbPfPSttioKBHNDNm3t4KY/pjnjnVD7nSIoM= for key NAME: /ccnx.org/Users/Bob/Keys/%C1.M.K=0013B56B9624716CF7CF4ADB62A0A047343366DEDE0A63FA639E39D50FB9D22283/=FD05506375A65E KEY:4tldeb28sbcuv7klmr2k2g4ed1jcrfds2j3v9hpseel1ust48k3
三月 16, 2015 9:52:26 上午 org.ccnx.ccn.utils.Flosser handleNamespace
信息: FLOSSER: handling namespace: /ccnx.org/test/RepoIOTest-15-03-16-09.52.13/testRepoIO/stream-nr-1101
三月 16, 2015 9:52:26 上午 org.ccnx.ccn.utils.Flosser handleNamespace
信息: FLOSSER: setup parent namespace: /ccnx.org/test/RepoIOTest-15-03-16-09.52.13/testRepoIO/stream-nr-1101
三月 16, 2015 9:52:26 上午 org.ccnx.ccn.impl.CCNFlowControl <init>
信息: adding namespace: /ccnx.org/test/RepoIOTest-15-03-16-09.52.13/testRepoIO/stream-nr-1101
三月 16, 2015 9:52:26 上午 org.ccnx.ccn.impl.security.keys.BasicKeyManager getKeyLocator
信息: getKeyLocator: returning locator NAME: /ccnx.org/Users/Alice/Keys/%C1.M.K=001CA28D7AB6D3C1261C33D8C19510E114E68F0735C0EE77366AF4D1AF7F9949DE/=FD0550637542B4 KEY:752hltbdku14oe37m61ik8e2576hs3jbg7eesr6lt6hltvpiieu for key HKKNerbTwSYcM9jBlRDhFOaPBzXA7nc2avTRr3+ZSd4=
三月 16, 2015 9:52:26 上午 org.ccnx.ccn.io.CCNAbstractOutputStream <init>
信息: CCNAbstractOutputStream: /ccnx.org/test/RepoIOTest-15-03-16-09.52.13/testRepoIO/stream-nr-1101 blocksize is 4096
三月 16, 2015 9:52:26 上午 org.ccnx.ccn.io.CCNAbstractOutputStream startWrite
信息: CCNAbstractOutputStream: startWrite -- searching for keys.
三月 16, 2015 9:52:26 上午 org.ccnx.ccn.profiles.security.access.AccessControlManager keysForOutput
信息: keysForOutput: found an acm: (null)
三月 16, 2015 9:52:26 上午 org.ccnx.ccn.io.CCNOutputStream writeToNetwork
信息: Adding namespace in writeToNetwork. Namespace: /ccnx.org/test/RepoIOTest-15-03-16-09.52.13/testRepoIO/stream-nr-1101
三月 16, 2015 9:52:26 上午 org.ccnx.ccn.impl.CCNFlowControl addNameSpace
信息: addNameSpace: not adding name: /ccnx.org/test/RepoIOTest-15-03-16-09.52.13/testRepoIO/stream-nr-1101 already monitoring prefix: /ccnx.org/test/RepoIOTest-15-03-16-09.52.13/testRepoIO/stream-nr-1101
三月 16, 2015 9:52:26 上午 org.ccnx.ccn.io.CCNOutputStream flushToNetwork
信息: flush: outputting to the segmenter, baseName /ccnx.org/test/RepoIOTest-15-03-16-09.52.13/testRepoIO/stream-nr-1101 basenameindex =0028; 0 bytes written, holding back 0 flushing final blocks? true.
三月 16, 2015 9:52:26 上午 org.ccnx.ccn.impl.CCNSegmenter outputCurrentBlocks
信息: flush: putting merkle tree to the network, name starts with /ccnx.org/test/RepoIOTest-15-03-16-09.52.13/testRepoIO/stream-nr-1101/=00; 41 blocks
三月 16, 2015 9:52:26 上午 org.ccnx.ccn.impl.security.crypto.CCNMerkleTreeSigner signBlocks
信息: Signed tree of 41 leaves, 81 nodes.
三月 16, 2015 9:52:26 上午 org.ccnx.ccn.io.CCNOutputStream flushToNetwork
信息: HEADER: CCNOutputStream: flushToNetwork: new _baseNameIndex 41
三月 16, 2015 9:52:26 上午 org.ccnx.ccn.utils.Flosser processContent
信息: Flosser got: /ccnx.org/test/RepoIOTest-15-03-16-09.52.13/testRepoIO/stream-nr-1101/=00/=BC93C5DDE1766B507811AC014EF99BFB6AA6069FE477E2E04CDD85B3751465ED
三月 16, 2015 9:52:26 上午 org.ccnx.ccn.utils.Flosser processContent
信息: Flosser got: /ccnx.org/test/RepoIOTest-15-03-16-09.52.13/testRepoIO/stream-nr-1101/=0001/4=DE5B6FFF5C45F7B86A00B0C7EDD75F5CB646AA5ED3DC7D9E47E18B3B1E53B5
三月 16, 2015 9:52:26 上午 org.ccnx.ccn.utils.Flosser processContent
信息: Flosser got: /ccnx.org/test/RepoIOTest-15-03-16-09.52.13/testRepoIO/stream-nr-1101/=0002/V=C1F7E98DEA986BB4809098312AC1C18EDFACD927ACE1AA30DA7A8D5969C6E5
三月 16, 2015 9:52:26 上午 org.ccnx.ccn.utils.Flosser processContent
信息: Flosser got: /ccnx.org/test/RepoIOTest-15-03-16-09.52.13/testRepoIO/stream-nr-1101/=0003/=21D0B8B9DE3B9F77880DBD3A89647FB3E2E687DCC0AF8EE5438AACE953CEBEDF
三月 16, 2015 9:52:26 上午 org.ccnx.ccn.utils.Flosser processContent
信息: Flosser got: /ccnx.org/test/RepoIOTest-15-03-16-09.52.13/testRepoIO/stream-nr-1101/=0004/=170F2E1E4E8648D0FA302EC8A65184029D11805A73A0A6A3B8602AA1663A8CC6
三月 16, 2015 9:52:26 上午 org.ccnx.ccn.utils.Flosser processContent
信息: Flosser got: /ccnx.org/test/RepoIOTest-15-03-16-09.52.13/testRepoIO/stream-nr-1101/=0005/=AC26B1B1729FF9B525C78AF094F9F1194EA8958F9D9E95B5CD228B135B1B3EE5
三月 16, 2015 9:52:26 上午 org.ccnx.ccn.utils.Flosser processContent
信息: Flosser got: /ccnx.org/test/RepoIOTest-15-03-16-09.52.13/testRepoIO/stream-nr-1101/=0006/=BA9C2A8D8735ACFE47751D91F79E271D0DAB5746A1D0F9DFA1E5553191811C87
三月 16, 2015 9:52:26 上午 org.ccnx.ccn.utils.Flosser processContent
信息: Flosser got: /ccnx.org/test/RepoIOTest-15-03-16-09.52.13/testRepoIO/stream-nr-1101/=0007/%0AL=9CC8FE0033F7F0AA2DAEAD006C38A8DC95CC8A922E5BFF4FED0F7F24DA84
三月 16, 2015 9:52:26 上午 org.ccnx.ccn.utils.Flosser processContent
信息: Flosser got: /ccnx.org/test/RepoIOTest-15-03-16-09.52.13/testRepoIO/stream-nr-1101/=0008/=0BB91546D500FDC68D0F216EC4C24DAC2C82D9E6B53CAD015D43807330068889
三月 16, 2015 9:52:26 上午 org.ccnx.ccn.utils.Flosser processContent
信息: Flosser got: /ccnx.org/test/RepoIOTest-15-03-16-09.52.13/testRepoIO/stream-nr-1101/=0009/=C19E15B973AE3A6F1D9C9E19A4E92F923C26F4D580090C72B32767933D3A4A8C
三月 16, 2015 9:52:26 上午 org.ccnx.ccn.utils.Flosser processContent
信息: Flosser got: /ccnx.org/test/RepoIOTest-15-03-16-09.52.13/testRepoIO/stream-nr-1101/=000A/%F3b=F77BD20EE3B5A24B4EFFA381E31183957A533E8F2C5781E4BB2CE3BA8F82
三月 16, 2015 9:52:26 上午 org.ccnx.ccn.utils.Flosser processContent
信息: Flosser got: /ccnx.org/test/RepoIOTest-15-03-16-09.52.13/testRepoIO/stream-nr-1101/=000B/%8AF%91S=E4B2B832C368BED5720FC99BA7CA218974B9E3B2568890ED62E615D0
三月 16, 2015 9:52:26 上午 org.ccnx.ccn.utils.Flosser processContent
信息: Flosser got: /ccnx.org/test/RepoIOTest-15-03-16-09.52.13/testRepoIO/stream-nr-1101/=000C/=87071EB355060FB4C7D5161BE61D676A0440F18FE8B98749125E936A7AB0F152
三月 16, 2015 9:52:26 上午 org.ccnx.ccn.utils.Flosser processContent
信息: Flosser got: /ccnx.org/test/RepoIOTest-15-03-16-09.52.13/testRepoIO/stream-nr-1101/=000D/=995BA3B84244EE03DD2241CD38C7F7269F7B636D7385D33AEBFBC79787B25B03
三月 16, 2015 9:52:26 上午 org.ccnx.ccn.utils.Flosser processContent
信息: Flosser got: /ccnx.org/test/RepoIOTest-15-03-16-09.52.13/testRepoIO/stream-nr-1101/=000E/=9E865B49EB8883ACD78DE1BAC6D3AA1749F567B30A025E1354E6793A5CC3A759
三月 16, 2015 9:52:26 上午 org.ccnx.ccn.utils.Flosser processContent
信息: Flosser got: /ccnx.org/test/RepoIOTest-15-03-16-09.52.13/testRepoIO/stream-nr-1101/=000F/3E=B42BF8AFDC5E9E8D6D005B495109CB52CA64855A2B0E2E7BAE39AAACFC65
三月 16, 2015 9:52:26 上午 org.ccnx.ccn.utils.Flosser processContent
信息: Flosser got: /ccnx.org/test/RepoIOTest-15-03-16-09.52.13/testRepoIO/stream-nr-1101/=0010/=ADDFC4B9AC526F752981F847AAD447A390CA9646BBF7A711EC4C8F8F69375B66
三月 16, 2015 9:52:26 上午 org.ccnx.ccn.utils.Flosser processContent
信息: Flosser got: /ccnx.org/test/RepoIOTest-15-03-16-09.52.13/testRepoIO/stream-nr-1101/=0011/G33%ECv=2225F05BD8BE8EB7F9A152EB4B9CCC34A14ECC14CF69EBE2BE3634
三月 16, 2015 9:52:26 上午 org.ccnx.ccn.utils.Flosser processContent
信息: Flosser got: /ccnx.org/test/RepoIOTest-15-03-16-09.52.13/testRepoIO/stream-nr-1101/=0012/=BD959B6320E544E0234844AFF4E10BFB8C9E13D398FBC96268D7007FB0D60D72
三月 16, 2015 9:52:26 上午 org.ccnx.ccn.utils.Flosser processContent
信息: Flosser got: /ccnx.org/test/RepoIOTest-15-03-16-09.52.13/testRepoIO/stream-nr-1101/=0013/%17B%3DSFWE=D2813EB1C7D4C29EF0DA74A6CF2E157DEC3878443A1A3C7895
三月 16, 2015 9:52:26 上午 org.ccnx.ccn.utils.Flosser processContent
信息: Flosser got: /ccnx.org/test/RepoIOTest-15-03-16-09.52.13/testRepoIO/stream-nr-1101/=0014/%D6b%05o4U=D2A48B57649A2AC7D7B58272E76E1A25A56F4A5D9E88AEFC3A83
三月 16, 2015 9:52:26 上午 org.ccnx.ccn.utils.Flosser processContent
信息: Flosser got: /ccnx.org/test/RepoIOTest-15-03-16-09.52.13/testRepoIO/stream-nr-1101/=0015/%CCe=ADB320C475C57C8FB143E2F6945542F3E7BC893D8C8A05BDA1B3F553893A
三月 16, 2015 9:52:26 上午 org.ccnx.ccn.utils.Flosser processContent
信息: Flosser got: /ccnx.org/test/RepoIOTest-15-03-16-09.52.13/testRepoIO/stream-nr-1101/=0016/%E5M=C1EA45C18078E0DCBF9FE752FB176A45DA98207718ABDC65A3F172425ED3
三月 16, 2015 9:52:26 上午 org.ccnx.ccn.utils.Flosser processContent
信息: Flosser got: /ccnx.org/test/RepoIOTest-15-03-16-09.52.13/testRepoIO/stream-nr-1101/=0017/Y=A29DC5B64AFD7A70B49EC81939793DB7BB63F3B8C4A9E17CF46501595761D5
三月 16, 2015 9:52:26 上午 org.ccnx.ccn.utils.Flosser processContent
信息: Flosser got: /ccnx.org/test/RepoIOTest-15-03-16-09.52.13/testRepoIO/stream-nr-1101/=0018/=94D178E8B3629389D70621859573D317F5E8CBA3F4994A397D330A972F4C66D3
三月 16, 2015 9:52:26 上午 org.ccnx.ccn.utils.Flosser processContent
信息: Flosser got: /ccnx.org/test/RepoIOTest-15-03-16-09.52.13/testRepoIO/stream-nr-1101/=0019/=D1CE4849B572332B39085FE7B57955BC07C75BA8C8846BDFD1184119D846CDDD
三月 16, 2015 9:52:26 上午 org.ccnx.ccn.impl.encoding.BinaryXMLDecoder setElement
信息: Reset decode array sizes to 150
三月 16, 2015 9:52:26 上午 org.ccnx.ccn.utils.Flosser processContent
信息: Flosser got: /ccnx.org/test/RepoIOTest-15-03-16-09.52.13/testRepoIO/stream-nr-1101/=001A/X=D43B66BDD093DC1B2F77754021522CD44FC6A764107F4F6BAF992FAE8BA921
三月 16, 2015 9:52:26 上午 org.ccnx.ccn.utils.Flosser processContent
信息: Flosser got: /ccnx.org/test/RepoIOTest-15-03-16-09.52.13/testRepoIO/stream-nr-1101/=001B/=18CDF03207D87D3EC88CFCFA9A4F70EA9F50C35AB1C541EC69BB9134E6B6BCBF
三月 16, 2015 9:52:26 上午 org.ccnx.ccn.utils.Flosser processContent
信息: Flosser got: /ccnx.org/test/RepoIOTest-15-03-16-09.52.13/testRepoIO/stream-nr-1101/=001C/=E95EC0C5D0729F1A62B5A456EF9E3F1A784A218E759BF51417CA48414BB809EA
三月 16, 2015 9:52:26 上午 org.ccnx.ccn.utils.Flosser processContent
信息: Flosser got: /ccnx.org/test/RepoIOTest-15-03-16-09.52.13/testRepoIO/stream-nr-1101/=001D/%5Dc%9B8ON%C7Z3=06CF04E42D81B67D1D90C2B127DB7FB4EFA6AAC968EA0F
三月 16, 2015 9:52:26 上午 org.ccnx.ccn.utils.Flosser processContent
信息: Flosser got: /ccnx.org/test/RepoIOTest-15-03-16-09.52.13/testRepoIO/stream-nr-1101/=001E/o=B6914109F16DD05314A08EB4B27B79ADF1A29EEB60A46DC46AA81D92A430A7
三月 16, 2015 9:52:26 上午 org.ccnx.ccn.utils.Flosser processContent
信息: Flosser got: /ccnx.org/test/RepoIOTest-15-03-16-09.52.13/testRepoIO/stream-nr-1101/=001F/P%82r3%11~0=9EF90A31A534381E4677155F006705881261AB249C5AA091AC
三月 16, 2015 9:52:26 上午 org.ccnx.ccn.utils.Flosser processContent
信息: Flosser got: /ccnx.org/test/RepoIOTest-15-03-16-09.52.13/testRepoIO/stream-nr-1101/=0020/%BDI=0593B72CF499885F8292168DC87467B3A85269A67CDC7E76280A76969C3C
三月 16, 2015 9:52:26 上午 org.ccnx.ccn.utils.Flosser processContent
信息: Flosser got: /ccnx.org/test/RepoIOTest-15-03-16-09.52.13/testRepoIO/stream-nr-1101/=0021/%FEWw%24Q=D9F9DC39C6CA1EE155B93F0BC6380C96F34F26784A76F507600B08
三月 16, 2015 9:52:26 上午 org.ccnx.ccn.utils.Flosser processContent
信息: Flosser got: /ccnx.org/test/RepoIOTest-15-03-16-09.52.13/testRepoIO/stream-nr-1101/=0022/%B58C=24C9323C5D5E1E090FFF005092E661CC474378E2DF33653168C60FFE0F
三月 16, 2015 9:52:26 上午 org.ccnx.ccn.utils.Flosser processContent
信息: Flosser got: /ccnx.org/test/RepoIOTest-15-03-16-09.52.13/testRepoIO/stream-nr-1101/=0023/=11DD15D81166E1574E965B415A5A580DF077BBEA2A8FA749E66607F6A20966D1
三月 16, 2015 9:52:26 上午 org.ccnx.ccn.utils.Flosser processContent
信息: Flosser got: /ccnx.org/test/RepoIOTest-15-03-16-09.52.13/testRepoIO/stream-nr-1101/=0024/g=F28975485EC3B74A7AB2CD0B226DC797D99E32EB0B5BC5B5B2397C531EEAB8
三月 16, 2015 9:52:26 上午 org.ccnx.ccn.utils.Flosser processContent
信息: Flosser got: /ccnx.org/test/RepoIOTest-15-03-16-09.52.13/testRepoIO/stream-nr-1101/=0025/6=909BA1C64D5EB8F1B3EBC2609F54EE85B1026FD28C7C6F59BA41FDEE7891DE
三月 16, 2015 9:52:26 上午 org.ccnx.ccn.utils.Flosser processContent
信息: Flosser got: /ccnx.org/test/RepoIOTest-15-03-16-09.52.13/testRepoIO/stream-nr-1101/=0026/%5Bs=E5868D6078D27A7A90115C9426A4D05D113BC4D9A0406A839513566C3799
三月 16, 2015 9:52:26 上午 org.ccnx.ccn.utils.Flosser processContent
信息: Flosser got: /ccnx.org/test/RepoIOTest-15-03-16-09.52.13/testRepoIO/stream-nr-1101/=0027/=AFED7DF6DED24CE33C4F0A68B77994779E7872C5A6D9D5190F006D5D33F8A58B
三月 16, 2015 9:52:26 上午 org.ccnx.ccn.utils.Flosser processContent
信息: Flosser got: /ccnx.org/test/RepoIOTest-15-03-16-09.52.13/testRepoIO/stream-nr-1101/=0028/1mFk=80A7DFCF4AC6EEDDFB5A1A4A7391D54936ECDE9DE01CBFB4AD2B0C20
三月 16, 2015 9:52:26 上午 org.ccnx.ccn.io.CCNOutputStream close
信息: CCNOutputStream close: /ccnx.org/test/RepoIOTest-15-03-16-09.52.13/testRepoIO/stream-nr-1101
三月 16, 2015 9:52:26 上午 org.ccnx.ccn.impl.security.keys.BasicKeyManager getKeyLocator
信息: getKeyLocator: returning locator NAME: /ccnx.org/Users/Bob/Keys/%C1.M.K=0013B56B9624716CF7CF4ADB62A0A047343366DEDE0A63FA639E39D50FB9D22283/=FD05506375A65E KEY:4tldeb28sbcuv7klmr2k2g4ed1jcrfds2j3v9hpseel1ust48k3 for key E7VrliRxbPfPSttioKBHNDNm3t4KY/pjnjnVD7nSIoM=
三月 16, 2015 9:52:26 上午 org.ccnx.ccn.io.content.CCNNetworkObject createFlowController
信息: Created RAW flow controller, for prefix /ccnx.org/test/RepoIOTest-15-03-16-09.52.13/testRepoIO/link-4060, save type RAW
三月 16, 2015 9:52:26 上午 org.ccnx.ccn.utils.Flosser handleNamespace
信息: FLOSSER: handling namespace: /ccnx.org/test/RepoIOTest-15-03-16-09.52.13/testRepoIO/link-4060
三月 16, 2015 9:52:26 上午 org.ccnx.ccn.utils.Flosser handleNamespace
信息: FLOSSER: setup parent namespace: /ccnx.org/test/RepoIOTest-15-03-16-09.52.13/testRepoIO/link-4060
三月 16, 2015 9:52:26 上午 org.ccnx.ccn.impl.CCNFlowControl addNameSpace
信息: Flow controller addNameSpace: added namespace: /ccnx.org/test/RepoIOTest-15-03-16-09.52.13/testRepoIO/link-4060
三月 16, 2015 9:52:26 上午 org.ccnx.ccn.impl.security.keys.BasicKeyManager getKeyLocator
信息: getKeyLocator: returning locator NAME: /ccnx.org/Users/cb/Keys/%C1.M.K%00K=B082A16E5382FBAAA09FBE303E24E042E37E88C290E054292521DECA236523/=FD055059931000 KEY:itggagmsks2vela17tu60v29o22sdv8hgkgs1a2i991rr526p93 for key S7CCoW5TgvuqoJ++MD4k4ELjfojCkOBUKSUh3sojZSM=
三月 16, 2015 9:52:26 上午 org.ccnx.ccn.io.CCNAbstractOutputStream <init>
信息: CCNAbstractOutputStream: /ccnx.org/test/RepoIOTest-15-03-16-09.52.13/testRepoIO/link-4060/=FD05506375AAE9 blocksize is 4096
三月 16, 2015 9:52:26 上午 org.ccnx.ccn.io.CCNAbstractOutputStream startWrite
信息: CCNAbstractOutputStream: startWrite -- searching for keys.
三月 16, 2015 9:52:26 上午 org.ccnx.ccn.profiles.security.access.AccessControlManager keysForOutput
信息: keysForOutput: found an acm: (null)
三月 16, 2015 9:52:26 上午 org.ccnx.ccn.io.CCNOutputStream flushToNetwork
信息: flush: outputting to the segmenter, baseName /ccnx.org/test/RepoIOTest-15-03-16-09.52.13/testRepoIO/link-4060/=FD05506375AAE9 basenameindex =00; 89 bytes written, holding back 89 flushing final blocks? false.
三月 16, 2015 9:52:26 上午 org.ccnx.ccn.io.CCNOutputStream flushToNetwork
信息: HEADER: CCNOutputStream: flushToNetwork: new _baseNameIndex 0
三月 16, 2015 9:52:26 上午 org.ccnx.ccn.io.CCNOutputStream flushToNetwork
信息: flush: outputting to the segmenter, baseName /ccnx.org/test/RepoIOTest-15-03-16-09.52.13/testRepoIO/link-4060/=FD05506375AAE9 basenameindex =00; 89 bytes written, holding back 89 flushing final blocks? false.
三月 16, 2015 9:52:26 上午 org.ccnx.ccn.io.CCNOutputStream flushToNetwork
信息: HEADER: CCNOutputStream: flushToNetwork: new _baseNameIndex 0
三月 16, 2015 9:52:26 上午 org.ccnx.ccn.io.CCNOutputStream flushToNetwork
信息: flush: outputting to the segmenter, baseName /ccnx.org/test/RepoIOTest-15-03-16-09.52.13/testRepoIO/link-4060/=FD05506375AAE9 basenameindex =00; 89 bytes written, holding back 0 flushing final blocks? true.
三月 16, 2015 9:52:26 上午 org.ccnx.ccn.io.CCNOutputStream flushToNetwork
信息: HEADER: CCNOutputStream: flushToNetwork: new _baseNameIndex 1
三月 16, 2015 9:52:26 上午 org.ccnx.ccn.io.CCNOutputStream close
信息: CCNOutputStream close: /ccnx.org/test/RepoIOTest-15-03-16-09.52.13/testRepoIO/link-4060/=FD05506375AAE9
三月 16, 2015 9:52:26 上午 org.ccnx.ccn.utils.Flosser processContent
信息: Flosser got: /ccnx.org/test/RepoIOTest-15-03-16-09.52.13/testRepoIO/link-4060/=FD05506375AAE9/=00/=3EA259902086A468EE36A118208F50AC40D1CFDA478BD872D8B368E2B86B0B58
三月 16, 2015 9:52:26 上午 org.ccnx.ccn.utils.Flosser handleContent
信息: Adding new namespace: /ccnx.org/test/RepoIOTest-15-03-16-09.52.13/testRepoIO/link-4060/=FD05506375AAE9
三月 16, 2015 9:52:26 上午 org.ccnx.ccn.utils.Flosser handleNamespace
信息: FLOSSER: handling child namespace: /ccnx.org/test/RepoIOTest-15-03-16-09.52.13/testRepoIO/link-4060/=FD05506375AAE9 expected parent: /ccnx.org/test/RepoIOTest-15-03-16-09.52.13/testRepoIO/link-4060
三月 16, 2015 9:52:26 上午 org.ccnx.ccn.utils.Flosser handleNamespace
信息: FLOSSER: Adding subnamespace: /ccnx.org/test/RepoIOTest-15-03-16-09.52.13/testRepoIO/link-4060/=FD05506375AAE9 to ancestor /ccnx.org/test/RepoIOTest-15-03-16-09.52.13/testRepoIO/link-4060
三月 16, 2015 9:52:26 上午 org.ccnx.ccn.utils.Flosser handleNamespace
信息: FLOSSER: handling namespace: /ccnx.org/test/RepoIOTest-15-03-16-09.52.13/testRepoIO/obj-nr-3747
三月 16, 2015 9:52:26 上午 org.ccnx.ccn.utils.Flosser handleNamespace
信息: FLOSSER: setup parent namespace: /ccnx.org/test/RepoIOTest-15-03-16-09.52.13/testRepoIO/obj-nr-3747
三月 16, 2015 9:52:26 上午 org.ccnx.ccn.utils.Flosser processContent
信息: Flosser got: /ccnx.org/test/RepoIOTest-15-03-16-09.52.13/testRepoIO/link-4060/=FD05506375AAE9/=00/=3EA259902086A468EE36A118208F50AC40D1CFDA478BD872D8B368E2B86B0B58
三月 16, 2015 9:52:26 上午 org.ccnx.ccn.io.content.CCNNetworkObject createFlowController
信息: Created RAW flow controller, for prefix /ccnx.org/test/RepoIOTest-15-03-16-09.52.13/testRepoIO/obj-nr-3747, save type RAW
三月 16, 2015 9:52:26 上午 org.ccnx.ccn.impl.CCNFlowControl addNameSpace
信息: Flow controller addNameSpace: added namespace: /ccnx.org/test/RepoIOTest-15-03-16-09.52.13/testRepoIO/obj-nr-3747
三月 16, 2015 9:52:26 上午 org.ccnx.ccn.impl.security.keys.BasicKeyManager getKeyLocator
信息: getKeyLocator: returning locator NAME: /ccnx.org/test/RepoIOTest-15-03-16-09.52.13/testRepoIO/link-4060 for key E7VrliRxbPfPSttioKBHNDNm3t4KY/pjnjnVD7nSIoM=
三月 16, 2015 9:52:26 上午 org.ccnx.ccn.io.CCNAbstractOutputStream <init>
信息: CCNAbstractOutputStream: /ccnx.org/test/RepoIOTest-15-03-16-09.52.13/testRepoIO/obj-nr-3747/=FD05506375AC19 blocksize is 4096
三月 16, 2015 9:52:26 上午 org.ccnx.ccn.io.CCNAbstractOutputStream startWrite
信息: CCNAbstractOutputStream: startWrite -- searching for keys.
三月 16, 2015 9:52:26 上午 org.ccnx.ccn.profiles.security.access.AccessControlManager keysForOutput
信息: keysForOutput: found an acm: (null)
三月 16, 2015 9:52:26 上午 org.ccnx.ccn.io.CCNOutputStream flushToNetwork
信息: flush: outputting to the segmenter, baseName /ccnx.org/test/RepoIOTest-15-03-16-09.52.13/testRepoIO/obj-nr-3747/=FD05506375AC19 basenameindex =00; 29 bytes written, holding back 29 flushing final blocks? false.
三月 16, 2015 9:52:26 上午 org.ccnx.ccn.io.CCNOutputStream flushToNetwork
信息: HEADER: CCNOutputStream: flushToNetwork: new _baseNameIndex 0
三月 16, 2015 9:52:26 上午 org.ccnx.ccn.io.CCNOutputStream flushToNetwork
信息: flush: outputting to the segmenter, baseName /ccnx.org/test/RepoIOTest-15-03-16-09.52.13/testRepoIO/obj-nr-3747/=FD05506375AC19 basenameindex =00; 29 bytes written, holding back 0 flushing final blocks? true.
三月 16, 2015 9:52:26 上午 org.ccnx.ccn.io.CCNOutputStream flushToNetwork
信息: HEADER: CCNOutputStream: flushToNetwork: new _baseNameIndex 1
三月 16, 2015 9:52:26 上午 org.ccnx.ccn.io.CCNOutputStream close
信息: CCNOutputStream close: /ccnx.org/test/RepoIOTest-15-03-16-09.52.13/testRepoIO/obj-nr-3747/=FD05506375AC19
三月 16, 2015 9:52:26 上午 org.ccnx.ccn.utils.Flosser processContent
信息: Flosser got: /ccnx.org/test/RepoIOTest-15-03-16-09.52.13/testRepoIO/obj-nr-3747/=FD05506375AC19/=00/=BEE0596FCBCD375B5F300EC82F9EBCA3B67F7FE9C78D87A2603BCEF9ADAFA157
三月 16, 2015 9:52:26 上午 org.ccnx.ccn.utils.Flosser handleContent
信息: Adding new namespace: /ccnx.org/test/RepoIOTest-15-03-16-09.52.13/testRepoIO/obj-nr-3747/=FD05506375AC19
三月 16, 2015 9:52:26 上午 org.ccnx.ccn.utils.Flosser handleNamespace
信息: FLOSSER: handling child namespace: /ccnx.org/test/RepoIOTest-15-03-16-09.52.13/testRepoIO/obj-nr-3747/=FD05506375AC19 expected parent: /ccnx.org/test/RepoIOTest-15-03-16-09.52.13/testRepoIO/obj-nr-3747
三月 16, 2015 9:52:26 上午 org.ccnx.ccn.utils.Flosser handleNamespace
信息: FLOSSER: Adding subnamespace: /ccnx.org/test/RepoIOTest-15-03-16-09.52.13/testRepoIO/obj-nr-3747/=FD05506375AC19 to ancestor /ccnx.org/test/RepoIOTest-15-03-16-09.52.13/testRepoIO/obj-nr-3747
三月 16, 2015 9:52:26 上午 org.ccnx.ccn.utils.Flosser processContent
信息: Flosser got: /ccnx.org/test/RepoIOTest-15-03-16-09.52.13/testRepoIO/obj-nr-3747/=FD05506375AC19/=00/=BEE0596FCBCD375B5F300EC82F9EBCA3B67F7FE9C78D87A2603BCEF9ADAFA157
三月 16, 2015 9:52:26 上午 org.ccnx.ccn.utils.Flosser stop
信息: Stop flossing.
三月 16, 2015 9:52:26 上午 org.ccnx.ccn.utils.Flosser stopMonitoringNamespace
信息: FLOSSER: no longer monitoring namespace: /ccnx.org/test/RepoIOTest-15-03-16-09.52.13/testRepoIO/link-4060/=FD05506375AAE9
三月 16, 2015 9:52:26 上午 org.ccnx.ccn.utils.Flosser stopMonitoringNamespace
信息: FLOSSER: no longer monitoring namespace: /ccnx.org/test/RepoIOTest-15-03-16-09.52.13/TestRepoUser/Bob/=FD05506375A65E
三月 16, 2015 9:52:26 上午 org.ccnx.ccn.utils.Flosser stopMonitoringNamespace
信息: FLOSSER: no longer monitoring namespace: /ccnx.org/test/RepoIOTest-15-03-16-09.52.13/TestRepoUser/Alice/=FD0550637542B4
三月 16, 2015 9:52:26 上午 org.ccnx.ccn.utils.Flosser stopMonitoringNamespace
信息: FLOSSER: no longer monitoring namespace: /ccnx.org/test/RepoIOTest-15-03-16-09.52.13/testRepoIO/link-4060
三月 16, 2015 9:52:26 上午 org.ccnx.ccn.utils.Flosser stopMonitoringNamespace
信息: FLOSSER: no longer monitoring namespace: /ccnx.org/test/RepoIOTest-15-03-16-09.52.13/testRepoIO/stream-nr-1101
三月 16, 2015 9:52:26 上午 org.ccnx.ccn.utils.Flosser stopMonitoringNamespace
信息: FLOSSER: no longer monitoring namespace: /ccnx.org/test/RepoIOTest-15-03-16-09.52.13/testRepoIO/obj-nr-3747/=FD05506375AC19
三月 16, 2015 9:52:26 上午 org.ccnx.ccn.utils.Flosser stopMonitoringNamespace
信息: FLOSSER: no longer monitoring namespace: /ccnx.org/test/RepoIOTest-15-03-16-09.52.13/TestRepoUser/Bob
三月 16, 2015 9:52:26 上午 org.ccnx.ccn.utils.Flosser stopMonitoringNamespace
信息: FLOSSER: no longer monitoring namespace: /ccnx.org/test/RepoIOTest-15-03-16-09.52.13/testRepoIO/obj-nr-3747
三月 16, 2015 9:52:26 上午 org.ccnx.ccn.utils.Flosser stopMonitoringNamespace
信息: FLOSSER: no longer monitoring namespace: /ccnx.org/test/RepoIOTest-15-03-16-09.52.13/TestRepoUser/Alice
三月 16, 2015 9:52:26 上午 org.ccnx.ccn.utils.Flosser stop
信息: Stopped flossing: remaining namespaces 0 (should be 0), subnamespaces 0 (should be 0).
三月 16, 2015 9:52:26 上午 org.ccnx.ccn.impl.CCNNetworkManager shutdown
信息: NetworkManager 4: Shutdown requested
三月 16, 2015 9:52:26 上午 org.ccnx.ccn.impl.CCNNetworkChannel close
信息: NetworkChannel 4: close(false)
三月 16, 2015 9:52:26 上午 org.ccnx.ccn.impl.CCNNetworkManager run
信息: NetworkManager 4: Shutdown complete for port: 63000
三月 16, 2015 9:52:26 上午 org.ccnx.ccn.repo.RepoIOTest testPolicyViaCCN
信息: Starting testPolicyViaCCN
三月 16, 2015 9:52:26 上午 org.ccnx.ccn.impl.CCNFlowControl <init>
信息: adding namespace: /repoTest/data2
三月 16, 2015 9:52:26 上午 org.ccnx.ccn.impl.security.keys.BasicKeyManager getKeyLocator
信息: getKeyLocator: returning locator NAME: /ccnx.org/Users/cb/Keys/%C1.M.K%00K=B082A16E5382FBAAA09FBE303E24E042E37E88C290E054292521DECA236523/=FD055059931000 KEY:itggagmsks2vela17tu60v29o22sdv8hgkgs1a2i991rr526p93 for key S7CCoW5TgvuqoJ++MD4k4ELjfojCkOBUKSUh3sojZSM=
三月 16, 2015 9:52:26 上午 org.ccnx.ccn.io.CCNAbstractOutputStream <init>
信息: CCNAbstractOutputStream: /repoTest/data2/=FD05506375ADCB blocksize is 4096
三月 16, 2015 9:52:26 上午 org.ccnx.ccn.io.CCNAbstractOutputStream startWrite
信息: CCNAbstractOutputStream: startWrite -- searching for keys.
三月 16, 2015 9:52:26 上午 org.ccnx.ccn.profiles.security.access.AccessControlManager keysForOutput
信息: keysForOutput: found an acm: (null)
三月 16, 2015 9:52:26 上午 org.ccnx.ccn.impl.repo.RepositoryFlowControl startWrite
信息: RepositoryFlowControl.startWrite called for name /repoTest/data2/=FD05506375ADCB, shape STREAM
三月 16, 2015 9:52:26 上午 org.ccnx.ccn.impl.repo.RepositoryFlowControl handleContent
信息: handleContent: got potential repo message: /repoTest/data2/=FD05506375ADCB/%C1.R.sw/%C1.N=00A954B86B1F4DB628
三月 16, 2015 9:52:26 上午 org.ccnx.ccn.io.CCNOutputStream flushToNetwork
信息: flush: outputting to the segmenter, baseName /repoTest/data2/=FD05506375ADCB basenameindex =00; 13 bytes written, holding back 0 flushing final blocks? true.
三月 16, 2015 9:52:26 上午 org.ccnx.ccn.io.CCNOutputStream flushToNetwork
信息: HEADER: CCNOutputStream: flushToNetwork: new _baseNameIndex 1
三月 16, 2015 9:52:26 上午 org.ccnx.ccn.io.CCNAbstractOutputStream <init>
信息: CCNAbstractOutputStream: /repoTest/data2/=FD05506375ADCB/%C1.META.M/.header/=FD05506375ADF4 blocksize is 4096
三月 16, 2015 9:52:26 上午 org.ccnx.ccn.io.CCNAbstractOutputStream startWrite
信息: CCNAbstractOutputStream: startWrite -- searching for keys.
三月 16, 2015 9:52:26 上午 org.ccnx.ccn.profiles.security.access.AccessControlManager keysForOutput
信息: keysForOutput: found an acm: (null)
三月 16, 2015 9:52:26 上午 org.ccnx.ccn.impl.repo.RepositoryFlowControl startWrite
信息: RepositoryFlowControl.startWrite called for name /repoTest/data2/=FD05506375ADCB/%C1.META.M/.header/=FD05506375ADF4, shape STREAM
三月 16, 2015 9:52:26 上午 org.ccnx.ccn.impl.repo.RepositoryFlowControl handleContent
信息: handleContent: got potential repo message: /repoTest/data2/=FD05506375ADCB/%C1.META.M/.header/=FD05506375ADF4/%C1.R.sw/%C1.N=00A24C1930CC25A045
三月 16, 2015 9:52:26 上午 org.ccnx.ccn.io.CCNOutputStream flushToNetwork
信息: flush: outputting to the segmenter, baseName /repoTest/data2/=FD05506375ADCB/%C1.META.M/.header/=FD05506375ADF4 basenameindex =00; 64 bytes written, holding back 64 flushing final blocks? false.
三月 16, 2015 9:52:26 上午 org.ccnx.ccn.io.CCNOutputStream flushToNetwork
信息: HEADER: CCNOutputStream: flushToNetwork: new _baseNameIndex 0
三月 16, 2015 9:52:26 上午 org.ccnx.ccn.io.CCNOutputStream flushToNetwork
信息: flush: outputting to the segmenter, baseName /repoTest/data2/=FD05506375ADCB/%C1.META.M/.header/=FD05506375ADF4 basenameindex =00; 64 bytes written, holding back 64 flushing final blocks? false.
三月 16, 2015 9:52:26 上午 org.ccnx.ccn.io.CCNOutputStream flushToNetwork
信息: HEADER: CCNOutputStream: flushToNetwork: new _baseNameIndex 0
三月 16, 2015 9:52:26 上午 org.ccnx.ccn.io.CCNOutputStream flushToNetwork
信息: flush: outputting to the segmenter, baseName /repoTest/data2/=FD05506375ADCB/%C1.META.M/.header/=FD05506375ADF4 basenameindex =00; 64 bytes written, holding back 0 flushing final blocks? true.
三月 16, 2015 9:52:26 上午 org.ccnx.ccn.io.CCNOutputStream flushToNetwork
信息: HEADER: CCNOutputStream: flushToNetwork: new _baseNameIndex 1
三月 16, 2015 9:52:26 上午 org.ccnx.ccn.io.CCNOutputStream close
信息: CCNOutputStream close: /repoTest/data2/=FD05506375ADCB/%C1.META.M/.header/=FD05506375ADF4
三月 16, 2015 9:52:26 上午 org.ccnx.ccn.io.CCNOutputStream close
信息: CCNOutputStream close: /repoTest/data2/=FD05506375ADCB
三月 16, 2015 9:52:27 上午 org.ccnx.ccn.io.CCNAbstractInputStream <init>
信息: CCNAbstractInputStream: /repoTest/data2/=FD05506375ADCB segment 0
三月 16, 2015 9:52:27 上午 org.ccnx.ccn.impl.CCNNetworkManager run
信息: NetworkManager 3: CCNNetworkManager processing thread started for port: 63000
三月 16, 2015 9:52:27 上午 org.ccnx.ccn.io.CCNAbstractInputStream close
信息: CCNAbstractInputStream: close /repoTest/data2/=FD05506375ADCB:  shutting down pipelining
三月 16, 2015 9:52:27 上午 org.ccnx.ccn.impl.repo.BasicPolicy createPolicyXML
信息: Creating policy file
三月 16, 2015 9:52:27 上午 org.ccnx.ccn.io.content.CCNNetworkObject createFlowController
信息: Created REPOSITORY flow controller, for prefix /parc.com/csl/ccn/repositories/TestRepository/data/policy.xml, save type REPOSITORY
三月 16, 2015 9:52:27 上午 org.ccnx.ccn.impl.CCNFlowControl addNameSpace
信息: Flow controller addNameSpace: added namespace: /parc.com/csl/ccn/repositories/TestRepository/data/policy.xml
三月 16, 2015 9:52:27 上午 org.ccnx.ccn.impl.security.keys.BasicKeyManager getKeyLocator
信息: getKeyLocator: returning locator NAME: /ccnx.org/Users/cb/Keys/%C1.M.K%00K=B082A16E5382FBAAA09FBE303E24E042E37E88C290E054292521DECA236523/=FD055059931000 KEY:itggagmsks2vela17tu60v29o22sdv8hgkgs1a2i991rr526p93 for key S7CCoW5TgvuqoJ++MD4k4ELjfojCkOBUKSUh3sojZSM=
三月 16, 2015 9:52:27 上午 org.ccnx.ccn.io.CCNAbstractOutputStream <init>
信息: CCNAbstractOutputStream: /parc.com/csl/ccn/repositories/TestRepository/data/policy.xml/=FD05506375BF75 blocksize is 4096
三月 16, 2015 9:52:27 上午 org.ccnx.ccn.io.CCNAbstractOutputStream startWrite
信息: CCNAbstractOutputStream: startWrite -- searching for keys.
三月 16, 2015 9:52:27 上午 org.ccnx.ccn.profiles.security.access.AccessControlManager keysForOutput
信息: keysForOutput: found an acm: (null)
三月 16, 2015 9:52:27 上午 org.ccnx.ccn.impl.repo.RepositoryFlowControl startWrite
信息: RepositoryFlowControl.startWrite called for name /parc.com/csl/ccn/repositories/TestRepository/data/policy.xml/=FD05506375BF75, shape STREAM
三月 16, 2015 9:52:27 上午 org.ccnx.ccn.impl.repo.RepositoryFlowControl handleContent
信息: handleContent: got potential repo message: /parc.com/csl/ccn/repositories/TestRepository/data/policy.xml/=FD05506375BF75/%C1.R.sw/%C1.N=00B2B21621B9142F51
三月 16, 2015 9:52:27 上午 org.ccnx.ccn.io.CCNOutputStream flushToNetwork
信息: flush: outputting to the segmenter, baseName /parc.com/csl/ccn/repositories/TestRepository/data/policy.xml/=FD05506375BF75 basenameindex =00; 165 bytes written, holding back 165 flushing final blocks? false.
三月 16, 2015 9:52:27 上午 org.ccnx.ccn.io.CCNOutputStream flushToNetwork
信息: HEADER: CCNOutputStream: flushToNetwork: new _baseNameIndex 0
三月 16, 2015 9:52:27 上午 org.ccnx.ccn.io.CCNOutputStream flushToNetwork
信息: flush: outputting to the segmenter, baseName /parc.com/csl/ccn/repositories/TestRepository/data/policy.xml/=FD05506375BF75 basenameindex =00; 165 bytes written, holding back 165 flushing final blocks? false.
三月 16, 2015 9:52:27 上午 org.ccnx.ccn.io.CCNOutputStream flushToNetwork
信息: HEADER: CCNOutputStream: flushToNetwork: new _baseNameIndex 0
三月 16, 2015 9:52:27 上午 org.ccnx.ccn.io.CCNOutputStream flushToNetwork
信息: flush: outputting to the segmenter, baseName /parc.com/csl/ccn/repositories/TestRepository/data/policy.xml/=FD05506375BF75 basenameindex =00; 165 bytes written, holding back 0 flushing final blocks? true.
三月 16, 2015 9:52:27 上午 org.ccnx.ccn.io.CCNOutputStream flushToNetwork
信息: HEADER: CCNOutputStream: flushToNetwork: new _baseNameIndex 1
三月 16, 2015 9:52:28 上午 org.ccnx.ccn.io.CCNOutputStream close
信息: CCNOutputStream close: /parc.com/csl/ccn/repositories/TestRepository/data/policy.xml/=FD05506375BF75
三月 16, 2015 9:52:32 上午 org.ccnx.ccn.impl.CCNFlowControl <init>
信息: adding namespace: /repoTest/data3
三月 16, 2015 9:52:32 上午 org.ccnx.ccn.impl.security.keys.BasicKeyManager getKeyLocator
信息: getKeyLocator: returning locator NAME: /ccnx.org/Users/cb/Keys/%C1.M.K%00K=B082A16E5382FBAAA09FBE303E24E042E37E88C290E054292521DECA236523/=FD055059931000 KEY:itggagmsks2vela17tu60v29o22sdv8hgkgs1a2i991rr526p93 for key S7CCoW5TgvuqoJ++MD4k4ELjfojCkOBUKSUh3sojZSM=
三月 16, 2015 9:52:32 上午 org.ccnx.ccn.io.CCNAbstractOutputStream <init>
信息: CCNAbstractOutputStream: /repoTest/data3/=FD05506376008B blocksize is 4096
三月 16, 2015 9:52:32 上午 org.ccnx.ccn.io.CCNAbstractOutputStream startWrite
信息: CCNAbstractOutputStream: startWrite -- searching for keys.
三月 16, 2015 9:52:32 上午 org.ccnx.ccn.profiles.security.access.AccessControlManager keysForOutput
信息: keysForOutput: found an acm: (null)
三月 16, 2015 9:52:32 上午 org.ccnx.ccn.impl.repo.RepositoryFlowControl startWrite
信息: RepositoryFlowControl.startWrite called for name /repoTest/data3/=FD05506376008B, shape STREAM
三月 16, 2015 9:52:42 上午 org.ccnx.ccn.impl.repo.RepositoryFlowControl startWrite
警告: No response from a repository, cannot add name space : /repoTest/data3/=FD05506376008B
三月 16, 2015 9:52:42 上午 org.ccnx.ccn.impl.CCNFlowControl <init>
信息: adding namespace: /testNameSpace/data1
三月 16, 2015 9:52:42 上午 org.ccnx.ccn.impl.security.keys.BasicKeyManager getKeyLocator
信息: getKeyLocator: returning locator NAME: /ccnx.org/Users/cb/Keys/%C1.M.K%00K=B082A16E5382FBAAA09FBE303E24E042E37E88C290E054292521DECA236523/=FD055059931000 KEY:itggagmsks2vela17tu60v29o22sdv8hgkgs1a2i991rr526p93 for key S7CCoW5TgvuqoJ++MD4k4ELjfojCkOBUKSUh3sojZSM=
三月 16, 2015 9:52:42 上午 org.ccnx.ccn.io.CCNAbstractOutputStream <init>
信息: CCNAbstractOutputStream: /testNameSpace/data1/=FD05506376A0DD blocksize is 4096
三月 16, 2015 9:52:42 上午 org.ccnx.ccn.io.CCNAbstractOutputStream startWrite
信息: CCNAbstractOutputStream: startWrite -- searching for keys.
三月 16, 2015 9:52:42 上午 org.ccnx.ccn.profiles.security.access.AccessControlManager keysForOutput
信息: keysForOutput: found an acm: (null)
三月 16, 2015 9:52:42 上午 org.ccnx.ccn.impl.repo.RepositoryFlowControl startWrite
信息: RepositoryFlowControl.startWrite called for name /testNameSpace/data1/=FD05506376A0DD, shape STREAM
三月 16, 2015 9:52:42 上午 org.ccnx.ccn.impl.repo.RepositoryFlowControl handleContent
信息: handleContent: got potential repo message: /testNameSpace/data1/=FD05506376A0DD/%C1.R.sw/%C1.N=00E4ED6418806D5016
三月 16, 2015 9:52:42 上午 org.ccnx.ccn.io.CCNOutputStream flushToNetwork
信息: flush: outputting to the segmenter, baseName /testNameSpace/data1/=FD05506376A0DD basenameindex =00; 13 bytes written, holding back 0 flushing final blocks? true.
三月 16, 2015 9:52:42 上午 org.ccnx.ccn.io.CCNOutputStream flushToNetwork
信息: HEADER: CCNOutputStream: flushToNetwork: new _baseNameIndex 1
三月 16, 2015 9:52:42 上午 org.ccnx.ccn.io.CCNAbstractOutputStream <init>
信息: CCNAbstractOutputStream: /testNameSpace/data1/=FD05506376A0DD/%C1.META.M/.header/=FD05506376A127 blocksize is 4096
三月 16, 2015 9:52:42 上午 org.ccnx.ccn.io.CCNAbstractOutputStream startWrite
信息: CCNAbstractOutputStream: startWrite -- searching for keys.
三月 16, 2015 9:52:42 上午 org.ccnx.ccn.profiles.security.access.AccessControlManager keysForOutput
信息: keysForOutput: found an acm: (null)
三月 16, 2015 9:52:42 上午 org.ccnx.ccn.impl.repo.RepositoryFlowControl startWrite
信息: RepositoryFlowControl.startWrite called for name /testNameSpace/data1/=FD05506376A0DD/%C1.META.M/.header/=FD05506376A127, shape STREAM
三月 16, 2015 9:52:42 上午 org.ccnx.ccn.impl.repo.RepositoryFlowControl handleContent
信息: handleContent: got potential repo message: /testNameSpace/data1/=FD05506376A0DD/%C1.META.M/.header/=FD05506376A127/%C1.R.sw/%C1.N=00E8D0A45EB3B211ED
三月 16, 2015 9:52:42 上午 org.ccnx.ccn.io.CCNOutputStream flushToNetwork
信息: flush: outputting to the segmenter, baseName /testNameSpace/data1/=FD05506376A0DD/%C1.META.M/.header/=FD05506376A127 basenameindex =00; 64 bytes written, holding back 64 flushing final blocks? false.
三月 16, 2015 9:52:42 上午 org.ccnx.ccn.io.CCNOutputStream flushToNetwork
信息: HEADER: CCNOutputStream: flushToNetwork: new _baseNameIndex 0
三月 16, 2015 9:52:42 上午 org.ccnx.ccn.io.CCNOutputStream flushToNetwork
信息: flush: outputting to the segmenter, baseName /testNameSpace/data1/=FD05506376A0DD/%C1.META.M/.header/=FD05506376A127 basenameindex =00; 64 bytes written, holding back 64 flushing final blocks? false.
三月 16, 2015 9:52:42 上午 org.ccnx.ccn.io.CCNOutputStream flushToNetwork
信息: HEADER: CCNOutputStream: flushToNetwork: new _baseNameIndex 0
三月 16, 2015 9:52:42 上午 org.ccnx.ccn.io.CCNOutputStream flushToNetwork
信息: flush: outputting to the segmenter, baseName /testNameSpace/data1/=FD05506376A0DD/%C1.META.M/.header/=FD05506376A127 basenameindex =00; 64 bytes written, holding back 0 flushing final blocks? true.
三月 16, 2015 9:52:42 上午 org.ccnx.ccn.io.CCNOutputStream flushToNetwork
信息: HEADER: CCNOutputStream: flushToNetwork: new _baseNameIndex 1
三月 16, 2015 9:52:42 上午 org.ccnx.ccn.io.CCNOutputStream close
信息: CCNOutputStream close: /testNameSpace/data1/=FD05506376A0DD/%C1.META.M/.header/=FD05506376A127
三月 16, 2015 9:52:42 上午 org.ccnx.ccn.io.CCNOutputStream close
信息: CCNOutputStream close: /testNameSpace/data1/=FD05506376A0DD
三月 16, 2015 9:52:43 上午 org.ccnx.ccn.io.CCNAbstractInputStream <init>
信息: CCNAbstractInputStream: /testNameSpace/data1/=FD05506376A0DD segment 0
三月 16, 2015 9:52:43 上午 org.ccnx.ccn.io.CCNAbstractInputStream close
信息: CCNAbstractInputStream: close /testNameSpace/data1/=FD05506376A0DD:  shutting down pipelining
三月 16, 2015 9:52:43 上午 org.ccnx.ccn.impl.repo.BasicPolicy createPolicyXML
信息: Creating policy file
三月 16, 2015 9:52:43 上午 org.ccnx.ccn.io.content.CCNNetworkObject createFlowController
信息: Created REPOSITORY flow controller, for prefix /parc.com/csl/ccn/repositories/TestRepository/data/policy.xml, save type REPOSITORY
三月 16, 2015 9:52:43 上午 org.ccnx.ccn.impl.CCNFlowControl addNameSpace
信息: Flow controller addNameSpace: added namespace: /parc.com/csl/ccn/repositories/TestRepository/data/policy.xml
三月 16, 2015 9:52:43 上午 org.ccnx.ccn.impl.security.keys.BasicKeyManager getKeyLocator
信息: getKeyLocator: returning locator NAME: /ccnx.org/Users/cb/Keys/%C1.M.K%00K=B082A16E5382FBAAA09FBE303E24E042E37E88C290E054292521DECA236523/=FD055059931000 KEY:itggagmsks2vela17tu60v29o22sdv8hgkgs1a2i991rr526p93 for key S7CCoW5TgvuqoJ++MD4k4ELjfojCkOBUKSUh3sojZSM=
三月 16, 2015 9:52:43 上午 org.ccnx.ccn.io.CCNAbstractOutputStream <init>
信息: CCNAbstractOutputStream: /parc.com/csl/ccn/repositories/TestRepository/data/policy.xml/=FD05506376B27F blocksize is 4096
三月 16, 2015 9:52:43 上午 org.ccnx.ccn.io.CCNAbstractOutputStream startWrite
信息: CCNAbstractOutputStream: startWrite -- searching for keys.
三月 16, 2015 9:52:43 上午 org.ccnx.ccn.profiles.security.access.AccessControlManager keysForOutput
信息: keysForOutput: found an acm: (null)
三月 16, 2015 9:52:43 上午 org.ccnx.ccn.impl.repo.RepositoryFlowControl startWrite
信息: RepositoryFlowControl.startWrite called for name /parc.com/csl/ccn/repositories/TestRepository/data/policy.xml/=FD05506376B27F, shape STREAM
三月 16, 2015 9:52:43 上午 org.ccnx.ccn.impl.repo.RepositoryFlowControl handleContent
信息: handleContent: got potential repo message: /parc.com/csl/ccn/repositories/TestRepository/data/policy.xml/=FD05506376B27F/%C1.R.sw/%C1.N=00E9A7BBACA307D608
三月 16, 2015 9:52:43 上午 org.ccnx.ccn.io.CCNOutputStream flushToNetwork
信息: flush: outputting to the segmenter, baseName /parc.com/csl/ccn/repositories/TestRepository/data/policy.xml/=FD05506376B27F basenameindex =00; 133 bytes written, holding back 133 flushing final blocks? false.
三月 16, 2015 9:52:43 上午 org.ccnx.ccn.io.CCNOutputStream flushToNetwork
信息: HEADER: CCNOutputStream: flushToNetwork: new _baseNameIndex 0
三月 16, 2015 9:52:43 上午 org.ccnx.ccn.io.CCNOutputStream flushToNetwork
信息: flush: outputting to the segmenter, baseName /parc.com/csl/ccn/repositories/TestRepository/data/policy.xml/=FD05506376B27F basenameindex =00; 133 bytes written, holding back 133 flushing final blocks? false.
三月 16, 2015 9:52:43 上午 org.ccnx.ccn.io.CCNOutputStream flushToNetwork
信息: HEADER: CCNOutputStream: flushToNetwork: new _baseNameIndex 0
三月 16, 2015 9:52:43 上午 org.ccnx.ccn.io.CCNOutputStream flushToNetwork
信息: flush: outputting to the segmenter, baseName /parc.com/csl/ccn/repositories/TestRepository/data/policy.xml/=FD05506376B27F basenameindex =00; 133 bytes written, holding back 0 flushing final blocks? true.
三月 16, 2015 9:52:43 上午 org.ccnx.ccn.io.CCNOutputStream flushToNetwork
信息: HEADER: CCNOutputStream: flushToNetwork: new _baseNameIndex 1
三月 16, 2015 9:52:43 上午 org.ccnx.ccn.io.CCNOutputStream close
信息: CCNOutputStream close: /parc.com/csl/ccn/repositories/TestRepository/data/policy.xml/=FD05506376B27F
三月 16, 2015 9:52:44 上午 org.ccnx.ccn.impl.repo.RepositoryFlowControl handleContent
信息: handleContent: got potential repo message: /repoTest/data3/=FD05506376008B/%C1.R.sw/%C1.N=00FE8C9301409FC342
三月 16, 2015 9:52:47 上午 org.ccnx.ccn.impl.CCNFlowControl <init>
信息: adding namespace: /repoTest/data4
三月 16, 2015 9:52:47 上午 org.ccnx.ccn.impl.security.keys.BasicKeyManager getKeyLocator
信息: getKeyLocator: returning locator NAME: /ccnx.org/Users/cb/Keys/%C1.M.K%00K=B082A16E5382FBAAA09FBE303E24E042E37E88C290E054292521DECA236523/=FD055059931000 KEY:itggagmsks2vela17tu60v29o22sdv8hgkgs1a2i991rr526p93 for key S7CCoW5TgvuqoJ++MD4k4ELjfojCkOBUKSUh3sojZSM=
三月 16, 2015 9:52:47 上午 org.ccnx.ccn.io.CCNAbstractOutputStream <init>
信息: CCNAbstractOutputStream: /repoTest/data4/=FD05506376F3A6 blocksize is 4096
三月 16, 2015 9:52:47 上午 org.ccnx.ccn.io.CCNAbstractOutputStream startWrite
信息: CCNAbstractOutputStream: startWrite -- searching for keys.
三月 16, 2015 9:52:47 上午 org.ccnx.ccn.profiles.security.access.AccessControlManager keysForOutput
信息: keysForOutput: found an acm: (null)
三月 16, 2015 9:52:47 上午 org.ccnx.ccn.impl.repo.RepositoryFlowControl startWrite
信息: RepositoryFlowControl.startWrite called for name /repoTest/data4/=FD05506376F3A6, shape STREAM
三月 16, 2015 9:52:47 上午 org.ccnx.ccn.impl.repo.RepositoryFlowControl handleContent
信息: handleContent: got potential repo message: /repoTest/data4/=FD05506376F3A6/%C1.R.sw/%C1.N%008=8D1B674C05C561
三月 16, 2015 9:52:47 上午 org.ccnx.ccn.io.CCNOutputStream flushToNetwork
信息: flush: outputting to the segmenter, baseName /repoTest/data4/=FD05506376F3A6 basenameindex =00; 13 bytes written, holding back 0 flushing final blocks? true.
三月 16, 2015 9:52:47 上午 org.ccnx.ccn.io.CCNOutputStream flushToNetwork
信息: HEADER: CCNOutputStream: flushToNetwork: new _baseNameIndex 1
三月 16, 2015 9:52:47 上午 org.ccnx.ccn.io.CCNAbstractOutputStream <init>
信息: CCNAbstractOutputStream: /repoTest/data4/=FD05506376F3A6/%C1.META.M/.header/=FD05506376F3DB blocksize is 4096
三月 16, 2015 9:52:47 上午 org.ccnx.ccn.io.CCNAbstractOutputStream startWrite
信息: CCNAbstractOutputStream: startWrite -- searching for keys.
三月 16, 2015 9:52:47 上午 org.ccnx.ccn.profiles.security.access.AccessControlManager keysForOutput
信息: keysForOutput: found an acm: (null)
三月 16, 2015 9:52:47 上午 org.ccnx.ccn.impl.repo.RepositoryFlowControl startWrite
信息: RepositoryFlowControl.startWrite called for name /repoTest/data4/=FD05506376F3A6/%C1.META.M/.header/=FD05506376F3DB, shape STREAM
三月 16, 2015 9:52:47 上午 org.ccnx.ccn.impl.repo.RepositoryFlowControl handleContent
信息: handleContent: got potential repo message: /repoTest/data4/=FD05506376F3A6/%C1.META.M/.header/=FD05506376F3DB/%C1.R.sw/%C1.N%00Y=B628B2B0A39A20
三月 16, 2015 9:52:47 上午 org.ccnx.ccn.io.CCNOutputStream flushToNetwork
信息: flush: outputting to the segmenter, baseName /repoTest/data4/=FD05506376F3A6/%C1.META.M/.header/=FD05506376F3DB basenameindex =00; 64 bytes written, holding back 64 flushing final blocks? false.
三月 16, 2015 9:52:47 上午 org.ccnx.ccn.io.CCNOutputStream flushToNetwork
信息: HEADER: CCNOutputStream: flushToNetwork: new _baseNameIndex 0
三月 16, 2015 9:52:47 上午 org.ccnx.ccn.io.CCNOutputStream flushToNetwork
信息: flush: outputting to the segmenter, baseName /repoTest/data4/=FD05506376F3A6/%C1.META.M/.header/=FD05506376F3DB basenameindex =00; 64 bytes written, holding back 64 flushing final blocks? false.
三月 16, 2015 9:52:47 上午 org.ccnx.ccn.io.CCNOutputStream flushToNetwork
信息: HEADER: CCNOutputStream: flushToNetwork: new _baseNameIndex 0
三月 16, 2015 9:52:47 上午 org.ccnx.ccn.io.CCNOutputStream flushToNetwork
信息: flush: outputting to the segmenter, baseName /repoTest/data4/=FD05506376F3A6/%C1.META.M/.header/=FD05506376F3DB basenameindex =00; 64 bytes written, holding back 0 flushing final blocks? true.
三月 16, 2015 9:52:47 上午 org.ccnx.ccn.io.CCNOutputStream flushToNetwork
信息: HEADER: CCNOutputStream: flushToNetwork: new _baseNameIndex 1
三月 16, 2015 9:52:47 上午 org.ccnx.ccn.io.CCNOutputStream close
信息: CCNOutputStream close: /repoTest/data4/=FD05506376F3A6/%C1.META.M/.header/=FD05506376F3DB
三月 16, 2015 9:52:47 上午 org.ccnx.ccn.io.CCNOutputStream close
信息: CCNOutputStream close: /repoTest/data4/=FD05506376F3A6
三月 16, 2015 9:52:48 上午 org.ccnx.ccn.io.CCNAbstractInputStream <init>
信息: CCNAbstractInputStream: /repoTest/data4/=FD05506376F3A6 segment 0
三月 16, 2015 9:52:48 上午 org.ccnx.ccn.io.CCNAbstractInputStream close
信息: CCNAbstractInputStream: close /repoTest/data4/=FD05506376F3A6:  shutting down pipelining
三月 16, 2015 9:52:48 上午 org.ccnx.ccn.repo.RepoIOTest testPolicyViaCCN
信息: Completed testPolicyViaCCN
三月 16, 2015 9:52:48 上午 org.ccnx.ccn.repo.RepoIOTest testReadFromRepo
信息: Starting testReadFromRepo
三月 16, 2015 9:52:52 上午 org.ccnx.ccn.impl.CCNFlowControl removeUnmatchedInterests
信息: Removing unmatched interest /repoTest/data3/=FD05506376008B/=00
三月 16, 2015 9:52:55 上午 org.ccnx.ccn.io.CCNAbstractInputStream <init>
信息: CCNAbstractInputStream: /ccnx.org/test/RepoIOTest-15-03-16-09.52.13/testRepoIO/stream-6245 segment 0
三月 16, 2015 9:52:55 上午 org.ccnx.ccn.impl.CCNFlowControl removeUnmatchedInterests
信息: Removing unmatched interest /ccnx.org/test/RepoIOTest-15-03-16-09.52.13/testRepoIO/stream-6245/=0029
三月 16, 2015 9:52:55 上午 org.ccnx.ccn.impl.CCNFlowControl removeUnmatchedInterests
信息: Removing unmatched interest /ccnx.org/test/RepoIOTest-15-03-16-09.52.13/testRepoIO/stream-6245/=002A
三月 16, 2015 9:52:55 上午 org.ccnx.ccn.impl.CCNFlowControl removeUnmatchedInterests
信息: Removing unmatched interest /ccnx.org/test/RepoIOTest-15-03-16-09.52.13/testRepoIO/stream-6245/=002B
三月 16, 2015 9:52:55 上午 org.ccnx.ccn.repo.RepoIOTest testReadFromRepo
信息: Completed testReadFromRepo
三月 16, 2015 9:52:55 上午 org.ccnx.ccn.repo.RepoIOTest testVersionedRead
信息: Starting testVersionedRead
三月 16, 2015 9:52:55 上午 org.ccnx.ccn.impl.CCNFlowControl <init>
信息: adding namespace: /ccnx.org/test/RepoIOTest-15-03-16-09.52.13/testRepoIO/testVersionNormal
三月 16, 2015 9:52:55 上午 org.ccnx.ccn.impl.security.keys.BasicKeyManager getKeyLocator
信息: getKeyLocator: returning locator NAME: /ccnx.org/Users/cb/Keys/%C1.M.K%00K=B082A16E5382FBAAA09FBE303E24E042E37E88C290E054292521DECA236523/=FD055059931000 KEY:itggagmsks2vela17tu60v29o22sdv8hgkgs1a2i991rr526p93 for key S7CCoW5TgvuqoJ++MD4k4ELjfojCkOBUKSUh3sojZSM=
三月 16, 2015 9:52:55 上午 org.ccnx.ccn.io.CCNAbstractOutputStream <init>
信息: CCNAbstractOutputStream: /ccnx.org/test/RepoIOTest-15-03-16-09.52.13/testRepoIO/testVersionNormal/=FD0550637776BC blocksize is 4096
三月 16, 2015 9:52:55 上午 org.ccnx.ccn.io.CCNAbstractOutputStream startWrite
信息: CCNAbstractOutputStream: startWrite -- searching for keys.
三月 16, 2015 9:52:55 上午 org.ccnx.ccn.profiles.security.access.AccessControlManager keysForOutput
信息: keysForOutput: found an acm: (null)
三月 16, 2015 9:52:55 上午 org.ccnx.ccn.impl.repo.RepositoryFlowControl startWrite
信息: RepositoryFlowControl.startWrite called for name /ccnx.org/test/RepoIOTest-15-03-16-09.52.13/testRepoIO/testVersionNormal/=FD0550637776BC, shape STREAM
三月 16, 2015 9:52:55 上午 org.ccnx.ccn.impl.repo.RepositoryFlowControl handleContent
信息: handleContent: got potential repo message: /ccnx.org/test/RepoIOTest-15-03-16-09.52.13/testRepoIO/testVersionNormal/=FD0550637776BC/%C1.R.sw/%C1.N%00g=DC171E5CA1D1A8
三月 16, 2015 9:52:55 上午 org.ccnx.ccn.io.CCNOutputStream writeToNetwork
信息: Adding namespace in writeToNetwork. Namespace: /ccnx.org/test/RepoIOTest-15-03-16-09.52.13/testRepoIO/testVersionNormal/=FD0550637776BC
三月 16, 2015 9:52:55 上午 org.ccnx.ccn.impl.CCNFlowControl addNameSpace
信息: addNameSpace: not adding name: /ccnx.org/test/RepoIOTest-15-03-16-09.52.13/testRepoIO/testVersionNormal/=FD0550637776BC already monitoring prefix: /ccnx.org/test/RepoIOTest-15-03-16-09.52.13/testRepoIO/testVersionNormal
三月 16, 2015 9:52:55 上午 org.ccnx.ccn.io.CCNOutputStream flushToNetwork
信息: flush: outputting to the segmenter, baseName /ccnx.org/test/RepoIOTest-15-03-16-09.52.13/testRepoIO/testVersionNormal/=FD0550637776BC basenameindex =0005; 0 bytes written, holding back 0 flushing final blocks? true.
三月 16, 2015 9:52:55 上午 org.ccnx.ccn.impl.CCNSegmenter outputCurrentBlocks
信息: flush: putting merkle tree to the network, name starts with /ccnx.org/test/RepoIOTest-15-03-16-09.52.13/testRepoIO/testVersionNormal/=FD0550637776BC/=00; 6 blocks
三月 16, 2015 9:52:55 上午 org.ccnx.ccn.impl.security.crypto.CCNMerkleTreeSigner signBlocks
信息: Signed tree of 6 leaves, 11 nodes.
三月 16, 2015 9:52:55 上午 org.ccnx.ccn.io.CCNOutputStream flushToNetwork
信息: HEADER: CCNOutputStream: flushToNetwork: new _baseNameIndex 6
三月 16, 2015 9:52:55 上午 org.ccnx.ccn.io.CCNOutputStream close
信息: CCNOutputStream close: /ccnx.org/test/RepoIOTest-15-03-16-09.52.13/testRepoIO/testVersionNormal/=FD0550637776BC
三月 16, 2015 9:52:56 上午 org.ccnx.ccn.impl.CCNFlowControl removeUnmatchedInterests
信息: Removing unmatched interest /repoTest/data3/=FD05506376008B/=00
三月 16, 2015 9:52:57 上午 org.ccnx.ccn.io.CCNAbstractInputStream <init>
信息: CCNAbstractInputStream: /ccnx.org/test/RepoIOTest-15-03-16-09.52.13/testRepoIO/testVersionNormal segment 0
三月 16, 2015 9:52:57 上午 org.ccnx.ccn.io.CCNVersionedInputStream getFirstSegment
信息: getFirstSegment: getting latest version of /ccnx.org/test/RepoIOTest-15-03-16-09.52.13/testRepoIO/testVersionNormal
三月 16, 2015 9:52:57 上午 org.ccnx.ccn.profiles.VersioningProfile getLatestVersion
信息: gLV getLatestVersion: retrieved latest version object /ccnx.org/test/RepoIOTest-15-03-16-09.52.13/testRepoIO/testVersionNormal/=FD0550637776BC/=00 type: DATA
三月 16, 2015 9:52:57 上午 org.ccnx.ccn.profiles.VersioningProfile getLatestVersion
信息: getFirstBlockOfLatestVersion: no block available for later version of /ccnx.org/test/RepoIOTest-15-03-16-09.52.13/testRepoIO/testVersionNormal/=FD0550637776BC
三月 16, 2015 9:52:57 上午 org.ccnx.ccn.io.CCNVersionedInputStream getFirstSegment
信息: getFirstSegment: retrieved latest version object /ccnx.org/test/RepoIOTest-15-03-16-09.52.13/testRepoIO/testVersionNormal/=FD0550637776BC/=00 type: DATA
三月 16, 2015 9:52:58 上午 org.ccnx.ccn.io.CCNAbstractInputStream close
信息: CCNAbstractInputStream: close /ccnx.org/test/RepoIOTest-15-03-16-09.52.13/testRepoIO/testVersionNormal/=FD0550637776BC:  shutting down pipelining
三月 16, 2015 9:52:58 上午 org.ccnx.ccn.repo.RepoIOTest testVersionedRead
信息: Completed testVersionedRead
三月 16, 2015 9:52:58 上午 org.ccnx.ccn.repo.RepoIOTest testLocalSyncInputStream
信息: Starting testLocalSyncInputStream
三月 16, 2015 9:52:58 上午 org.ccnx.ccn.io.CCNAbstractInputStream <init>
信息: CCNAbstractInputStream: /ccnx.org/test/RepoIOTest-15-03-16-09.52.13/testRepoIO/stream-6245 segment 0
三月 16, 2015 9:52:58 上午 org.ccnx.ccn.profiles.repo.RepositoryControl localRepoSync
信息: RepositoryControl.localRepoSync called for name /ccnx.org/test/RepoIOTest-15-03-16-09.52.13/testRepoIO/stream-6245
三月 16, 2015 9:52:58 上午 org.ccnx.ccn.profiles.repo.RepositoryControl doLocalCheckedWrite
信息: Checked write to repository: /ccnx.org/test/RepoIOTest-15-03-16-09.52.13/testRepoIO/stream-6245
三月 16, 2015 9:52:58 上午 org.ccnx.ccn.impl.security.keys.PublicKeyCache getPublicKey
信息: Repository looking up a key that is contained in the locator...
三月 16, 2015 9:52:58 上午 org.ccnx.ccn.io.CCNAbstractInputStream close
信息: CCNAbstractInputStream: close /ccnx.org/test/RepoIOTest-15-03-16-09.52.13/testRepoIO/stream-6245:  shutting down pipelining
三月 16, 2015 9:52:58 上午 org.ccnx.ccn.repo.RepoIOTest testLocalSyncInputStream
信息: About to do first sync for stream
三月 16, 2015 9:52:58 上午 org.ccnx.ccn.io.CCNAbstractInputStream <init>
信息: CCNAbstractInputStream: /ccnx.org/test/RepoIOTest-15-03-16-09.52.13/testRepoIO/stream-nr-1101 segment 0
三月 16, 2015 9:52:58 上午 org.ccnx.ccn.impl.security.keys.PublicKeyCache getPublicKeyObject
信息: Retrieved key HKKNerbTwSYcM9jBlRDhFOaPBzXA7nc2avTRr3+ZSd4= using locator NAME: /ccnx.org/Users/Alice/Keys/%C1.M.K=001CA28D7AB6D3C1261C33D8C19510E114E68F0735C0EE77366AF4D1AF7F9949DE/=FD0550637542B4 KEY:752hltbdku14oe37m61ik8e2576hs3jbg7eesr6lt6hltvpiieu.
三月 16, 2015 9:52:58 上午 org.ccnx.ccn.impl.security.keys.PublicKeyCache getPublicKeyObject
信息: Retrieved key HKKNerbTwSYcM9jBlRDhFOaPBzXA7nc2avTRr3+ZSd4= using locator NAME: /ccnx.org/Users/Alice/Keys/%C1.M.K=001CA28D7AB6D3C1261C33D8C19510E114E68F0735C0EE77366AF4D1AF7F9949DE/=FD0550637542B4 KEY:752hltbdku14oe37m61ik8e2576hs3jbg7eesr6lt6hltvpiieu - got /ccnx.org/Users/Alice/Keys/%C1.M.K=001CA28D7AB6D3C1261C33D8C19510E114E68F0735C0EE77366AF4D1AF7F9949DE/=FD0550637542B4/=00
三月 16, 2015 9:52:58 上午 org.ccnx.ccn.io.CCNAbstractInputStream <init>
信息: CCNAbstractInputStream: /ccnx.org/Users/Alice/Keys/%C1.M.K=001CA28D7AB6D3C1261C33D8C19510E114E68F0735C0EE77366AF4D1AF7F9949DE/=FD0550637542B4 segment 0
三月 16, 2015 9:52:58 上午 org.ccnx.ccn.impl.security.keys.PublicKeyCache getPublicKeyObject
信息: Retrieved public key using name: /ccnx.org/Users/Alice/Keys/%C1.M.K=001CA28D7AB6D3C1261C33D8C19510E114E68F0735C0EE77366AF4D1AF7F9949DE/=FD0550637542B4
三月 16, 2015 9:52:58 上午 org.ccnx.ccn.impl.security.keys.PublicKeyCache getPublicKey
信息: Retrieved key HKKNerbTwSYcM9jBlRDhFOaPBzXA7nc2avTRr3+ZSd4= from network with locator NAME: /ccnx.org/Users/Alice/Keys/%C1.M.K=001CA28D7AB6D3C1261C33D8C19510E114E68F0735C0EE77366AF4D1AF7F9949DE/=FD0550637542B4 KEY:752hltbdku14oe37m61ik8e2576hs3jbg7eesr6lt6hltvpiieu!
三月 16, 2015 9:52:58 上午 org.ccnx.ccn.profiles.repo.RepositoryControl localRepoSync
信息: RepositoryControl.localRepoSync called for name /ccnx.org/test/RepoIOTest-15-03-16-09.52.13/testRepoIO/stream-nr-1101
三月 16, 2015 9:52:58 上午 org.ccnx.ccn.profiles.repo.RepositoryControl doLocalCheckedWrite
信息: Checked write to repository: /ccnx.org/test/RepoIOTest-15-03-16-09.52.13/testRepoIO/stream-nr-1101
三月 16, 2015 9:53:00 上午 org.ccnx.ccn.repo.RepoIOTest testLocalSyncInputStream
信息: About to do second sync for stream
三月 16, 2015 9:53:00 上午 org.ccnx.ccn.profiles.repo.RepositoryControl localRepoSync
信息: RepositoryControl.localRepoSync called for name /ccnx.org/test/RepoIOTest-15-03-16-09.52.13/testRepoIO/stream-nr-1101
三月 16, 2015 9:53:00 上午 org.ccnx.ccn.profiles.repo.RepositoryControl doLocalCheckedWrite
信息: Checked write to repository: /ccnx.org/test/RepoIOTest-15-03-16-09.52.13/testRepoIO/stream-nr-1101
三月 16, 2015 9:53:00 上午 org.ccnx.ccn.io.CCNAbstractInputStream close
信息: CCNAbstractInputStream: close /ccnx.org/test/RepoIOTest-15-03-16-09.52.13/testRepoIO/stream-nr-1101:  shutting down pipelining
三月 16, 2015 9:53:00 上午 org.ccnx.ccn.impl.CCNFlowControl removeUnmatchedInterests
信息: Removing unmatched interest /repoTest/data3/=FD05506376008B/=00
三月 16, 2015 9:53:04 上午 org.ccnx.ccn.io.CCNAbstractInputStream <init>
信息: CCNAbstractInputStream: /ccnx.org/test/RepoIOTest-15-03-16-09.52.13/testRepoIO/stream-nr-1101 segment 0
三月 16, 2015 9:53:04 上午 org.ccnx.ccn.impl.CCNFlowControl removeUnmatchedInterests
信息: Removing unmatched interest /repoTest/data3/=FD05506376008B/=00
三月 16, 2015 9:53:04 上午 org.ccnx.ccn.io.CCNAbstractInputStream close
信息: CCNAbstractInputStream: close /ccnx.org/test/RepoIOTest-15-03-16-09.52.13/testRepoIO/stream-nr-1101:  shutting down pipelining
三月 16, 2015 9:53:04 上午 org.ccnx.ccn.repo.RepoIOTest testLocalSyncInputStream
信息: Completed testLocalSyncInputStream
三月 16, 2015 9:53:04 上午 org.ccnx.ccn.repo.RepoIOTest testLocalSyncNetObj
信息: Starting testLocalSyncNetObj
三月 16, 2015 9:53:04 上午 org.ccnx.ccn.io.content.CCNNetworkObject update
信息: Updating object to /ccnx.org/test/RepoIOTest-15-03-16-09.52.13/testRepoIO/obj-8726.
三月 16, 2015 9:53:04 上午 org.ccnx.ccn.io.CCNAbstractInputStream <init>
信息: CCNAbstractInputStream: /ccnx.org/test/RepoIOTest-15-03-16-09.52.13/testRepoIO/obj-8726 segment 0
三月 16, 2015 9:53:04 上午 org.ccnx.ccn.io.CCNVersionedInputStream getFirstSegment
信息: getFirstSegment: getting latest version of /ccnx.org/test/RepoIOTest-15-03-16-09.52.13/testRepoIO/obj-8726
三月 16, 2015 9:53:04 上午 org.ccnx.ccn.profiles.VersioningProfile getLatestVersion
信息: gLV getLatestVersion: retrieved latest version object /ccnx.org/test/RepoIOTest-15-03-16-09.52.13/testRepoIO/obj-8726/=FD05506374E09C/=00 type: DATA
三月 16, 2015 9:53:04 上午 org.ccnx.ccn.profiles.VersioningProfile getLatestVersion
信息: getFirstBlockOfLatestVersion: no block available for later version of /ccnx.org/test/RepoIOTest-15-03-16-09.52.13/testRepoIO/obj-8726/=FD05506374E09C
三月 16, 2015 9:53:04 上午 org.ccnx.ccn.io.CCNVersionedInputStream getFirstSegment
信息: getFirstSegment: retrieved latest version object /ccnx.org/test/RepoIOTest-15-03-16-09.52.13/testRepoIO/obj-8726/=FD05506374E09C/=00 type: DATA
三月 16, 2015 9:53:04 上午 org.ccnx.ccn.profiles.repo.RepositoryControl localRepoSync
信息: RepositoryControl.localRepoSync called for net obj name /ccnx.org/test/RepoIOTest-15-03-16-09.52.13/testRepoIO/obj-8726/=FD05506374E09C
三月 16, 2015 9:53:04 上午 org.ccnx.ccn.profiles.repo.RepositoryControl doLocalCheckedWrite
信息: Checked write to repository: /ccnx.org/test/RepoIOTest-15-03-16-09.52.13/testRepoIO/obj-8726/=FD05506374E09C
三月 16, 2015 9:53:04 上午 org.ccnx.ccn.io.content.CCNNetworkObject update
信息: Updating object to /ccnx.org/test/RepoIOTest-15-03-16-09.52.13/testRepoIO/obj-nr-3747.
三月 16, 2015 9:53:04 上午 org.ccnx.ccn.io.CCNAbstractInputStream <init>
信息: CCNAbstractInputStream: /ccnx.org/test/RepoIOTest-15-03-16-09.52.13/testRepoIO/obj-nr-3747 segment 0
三月 16, 2015 9:53:04 上午 org.ccnx.ccn.io.CCNVersionedInputStream getFirstSegment
信息: getFirstSegment: getting latest version of /ccnx.org/test/RepoIOTest-15-03-16-09.52.13/testRepoIO/obj-nr-3747
三月 16, 2015 9:53:04 上午 org.ccnx.ccn.profiles.VersioningProfile getLatestVersion
信息: gLV getLatestVersion: retrieved latest version object /ccnx.org/test/RepoIOTest-15-03-16-09.52.13/testRepoIO/obj-nr-3747/=FD05506375AC19/=00 type: DATA
三月 16, 2015 9:53:04 上午 org.ccnx.ccn.impl.security.keys.PublicKeyCache getPublicKeyObject
信息: Retrieved key E7VrliRxbPfPSttioKBHNDNm3t4KY/pjnjnVD7nSIoM= using locator NAME: /ccnx.org/test/RepoIOTest-15-03-16-09.52.13/testRepoIO/link-4060.
三月 16, 2015 9:53:04 上午 org.ccnx.ccn.impl.security.keys.PublicKeyCache getPublicKeyObject
信息: Retrieved key E7VrliRxbPfPSttioKBHNDNm3t4KY/pjnjnVD7nSIoM= using locator NAME: /ccnx.org/test/RepoIOTest-15-03-16-09.52.13/testRepoIO/link-4060 - got /ccnx.org/test/RepoIOTest-15-03-16-09.52.13/testRepoIO/link-4060/=FD05506375AAE9/=00
三月 16, 2015 9:53:04 上午 org.ccnx.ccn.io.CCNAbstractInputStream <init>
信息: CCNAbstractInputStream: /ccnx.org/test/RepoIOTest-15-03-16-09.52.13/testRepoIO/link-4060/=FD05506375AAE9 segment 0
三月 16, 2015 9:53:04 上午 org.ccnx.ccn.io.CCNAbstractInputStream setFirstSegment
信息: CCNAbstractInputStream: dereferencing link /ccnx.org/test/RepoIOTest-15-03-16-09.52.13/testRepoIO/link-4060/=FD05506375AAE9 to Link [targetName=/ccnx.org/Users/Bob/Keys/%C1.M.K=0013B56B9624716CF7CF4ADB62A0A047343366DEDE0A63FA639E39D50FB9D22283/=FD05506375A65E, targetLabel=null, targetAuthenticator=null], resulting data /ccnx.org/Users/Bob/Keys/%C1.M.K=0013B56B9624716CF7CF4ADB62A0A047343366DEDE0A63FA639E39D50FB9D22283/=FD05506375A65E/=00
三月 16, 2015 9:53:04 上午 org.ccnx.ccn.io.CCNAbstractInputStream setFirstSegment
信息: CCNAbstractInputStream: dereferencing link /ccnx.org/test/RepoIOTest-15-03-16-09.52.13/testRepoIO/link-4060/=FD05506375AAE9 to Link [targetName=/ccnx.org/Users/Bob/Keys/%C1.M.K=0013B56B9624716CF7CF4ADB62A0A047343366DEDE0A63FA639E39D50FB9D22283/=FD05506375A65E, targetLabel=null, targetAuthenticator=null], resulting data /ccnx.org/Users/Bob/Keys/%C1.M.K=0013B56B9624716CF7CF4ADB62A0A047343366DEDE0A63FA639E39D50FB9D22283/=FD05506375A65E/=00
三月 16, 2015 9:53:04 上午 org.ccnx.ccn.io.CCNAbstractInputStream <init>
信息: CCNAbstractInputStream: /ccnx.org/Users/Bob/Keys/%C1.M.K=0013B56B9624716CF7CF4ADB62A0A047343366DEDE0A63FA639E39D50FB9D22283/=FD05506375A65E segment 0
三月 16, 2015 9:53:04 上午 org.ccnx.ccn.impl.security.keys.PublicKeyCache getPublicKeyObject
信息: Retrieved public key using name: /ccnx.org/test/RepoIOTest-15-03-16-09.52.13/testRepoIO/link-4060
三月 16, 2015 9:53:04 上午 org.ccnx.ccn.impl.security.keys.PublicKeyCache getPublicKey
信息: Retrieved key E7VrliRxbPfPSttioKBHNDNm3t4KY/pjnjnVD7nSIoM= from network with locator NAME: /ccnx.org/test/RepoIOTest-15-03-16-09.52.13/testRepoIO/link-4060!
三月 16, 2015 9:53:04 上午 org.ccnx.ccn.profiles.VersioningProfile getLatestVersion
信息: getFirstBlockOfLatestVersion: no block available for later version of /ccnx.org/test/RepoIOTest-15-03-16-09.52.13/testRepoIO/obj-nr-3747/=FD05506375AC19
三月 16, 2015 9:53:04 上午 org.ccnx.ccn.io.CCNVersionedInputStream getFirstSegment
信息: getFirstSegment: retrieved latest version object /ccnx.org/test/RepoIOTest-15-03-16-09.52.13/testRepoIO/obj-nr-3747/=FD05506375AC19/=00 type: DATA
三月 16, 2015 9:53:04 上午 org.ccnx.ccn.repo.RepoIOTest testLocalSyncNetObj
信息: About to do first sync for object /ccnx.org/test/RepoIOTest-15-03-16-09.52.13/testRepoIO/obj-nr-3747
三月 16, 2015 9:53:04 上午 org.ccnx.ccn.profiles.repo.RepositoryControl localRepoSync
信息: RepositoryControl.localRepoSync called for net obj name /ccnx.org/test/RepoIOTest-15-03-16-09.52.13/testRepoIO/obj-nr-3747/=FD05506375AC19
三月 16, 2015 9:53:04 上午 org.ccnx.ccn.profiles.repo.RepositoryControl doLocalCheckedWrite
信息: Checked write to repository: /ccnx.org/test/RepoIOTest-15-03-16-09.52.13/testRepoIO/obj-nr-3747/=FD05506375AC19
三月 16, 2015 9:53:06 上午 org.ccnx.ccn.repo.RepoIOTest testLocalSyncNetObj
信息: About to do second sync for object /ccnx.org/test/RepoIOTest-15-03-16-09.52.13/testRepoIO/obj-nr-3747
三月 16, 2015 9:53:06 上午 org.ccnx.ccn.profiles.repo.RepositoryControl localRepoSync
信息: RepositoryControl.localRepoSync called for net obj name /ccnx.org/test/RepoIOTest-15-03-16-09.52.13/testRepoIO/obj-nr-3747/=FD05506375AC19
三月 16, 2015 9:53:06 上午 org.ccnx.ccn.profiles.repo.RepositoryControl doLocalCheckedWrite
信息: Checked write to repository: /ccnx.org/test/RepoIOTest-15-03-16-09.52.13/testRepoIO/obj-nr-3747/=FD05506375AC19
三月 16, 2015 9:53:08 上午 org.ccnx.ccn.impl.CCNFlowControl removeUnmatchedInterests
信息: Removing unmatched interest /repoTest/data3/=FD05506376008B/=00
三月 16, 2015 9:53:11 上午 org.ccnx.ccn.io.content.CCNNetworkObject update
信息: Updating object to /ccnx.org/test/RepoIOTest-15-03-16-09.52.13/testRepoIO/obj-nr-3747.
三月 16, 2015 9:53:11 上午 org.ccnx.ccn.io.CCNAbstractInputStream <init>
信息: CCNAbstractInputStream: /ccnx.org/test/RepoIOTest-15-03-16-09.52.13/testRepoIO/obj-nr-3747 segment 0
三月 16, 2015 9:53:11 上午 org.ccnx.ccn.io.CCNVersionedInputStream getFirstSegment
信息: getFirstSegment: getting latest version of /ccnx.org/test/RepoIOTest-15-03-16-09.52.13/testRepoIO/obj-nr-3747
三月 16, 2015 9:53:11 上午 org.ccnx.ccn.profiles.VersioningProfile getLatestVersion
信息: gLV getLatestVersion: retrieved latest version object /ccnx.org/test/RepoIOTest-15-03-16-09.52.13/testRepoIO/obj-nr-3747/=FD05506375AC19/=00 type: DATA
三月 16, 2015 9:53:12 上午 org.ccnx.ccn.profiles.VersioningProfile getLatestVersion
信息: getFirstBlockOfLatestVersion: no block available for later version of /ccnx.org/test/RepoIOTest-15-03-16-09.52.13/testRepoIO/obj-nr-3747/=FD05506375AC19
三月 16, 2015 9:53:12 上午 org.ccnx.ccn.io.CCNVersionedInputStream getFirstSegment
信息: getFirstSegment: retrieved latest version object /ccnx.org/test/RepoIOTest-15-03-16-09.52.13/testRepoIO/obj-nr-3747/=FD05506375AC19/=00 type: DATA
三月 16, 2015 9:53:12 上午 org.ccnx.ccn.repo.RepoIOTest testLocalSyncNetObj
信息: Completed testLocalSyncNetObj
三月 16, 2015 9:53:12 上午 org.ccnx.ccn.impl.CCNNetworkManager shutdown
信息: NetworkManager 2: Shutdown requested
三月 16, 2015 9:53:12 上午 org.ccnx.ccn.impl.CCNNetworkChannel close
信息: NetworkChannel 2: close(false)
三月 16, 2015 9:53:12 上午 org.ccnx.ccn.impl.CCNNetworkManager run
信息: NetworkManager 2: Shutdown complete for port: 63000
三月 16, 2015 9:53:12 上午 org.ccnx.ccn.impl.CCNNetworkManager shutdown
信息: NetworkManager 3: Shutdown requested
三月 16, 2015 9:53:12 上午 org.ccnx.ccn.impl.CCNNetworkChannel close
信息: NetworkChannel 3: close(false)
三月 16, 2015 9:53:12 上午 org.ccnx.ccn.impl.CCNNetworkManager run
信息: NetworkManager 3: Shutdown complete for port: 63000
三月 16, 2015 9:53:12 上午 org.ccnx.ccn.impl.CCNNetworkManager shutdown
信息: NetworkManager 1: Shutdown requested
三月 16, 2015 9:53:12 上午 org.ccnx.ccn.impl.CCNNetworkManager run
信息: NetworkManager 1: Shutdown complete for port: 63000
三月 16, 2015 9:53:12 上午 org.ccnx.ccn.impl.CCNNetworkChannel close
信息: NetworkChannel 1: close(false)
三月 16, 2015 9:53:12 上午 org.ccnx.ccn.impl.security.keys.BasicKeyManager saveSecureKeyCache
信息: Not saving key manager secure key cache data in response to user configuration variable.
]]></system-err>
</testsuite>
