<?xml version="1.0" encoding="UTF-8" ?>
<testsuite errors="0" failures="0" hostname="cb-ThinkPad-X240" name="org.ccnx.ccn.impl.CCNNetworkTestRepo" skipped="0" tests="2" time="24.194" timestamp="2015-03-16T01:58:17">
  <properties>
    <property name="env.DESKTOP_SESSION" value="ubuntu" />
    <property name="env.OLDPWD" value="/home/cb/work/ccnx-0.8.2" />
    <property name="file.encoding.pkg" value="sun.io" />
    <property name="env.SELINUX_INIT" value="YES" />
    <property name="REPO_LOCAL_ROOT" value="repotest" />
    <property name="repozip" value="repotest.zip" />
    <property name="java.home" value="/home/cb/work/java/jdk1.7.0_75/jre" />
    <property name="bcprov-jar" value="/home/cb/work/ccnx-0.8.2/javasrc/lib/bcprov-jdk16-143.jar" />
    <property name="env.GDM_LANG" value="zh_CN" />
    <property name="src.test.dir" value="/home/cb/work/ccnx-0.8.2/javasrc/src/test" />
    <property name="env.DISPLAY" value=":0" />
    <property name="PROTOCOL_KEY" value="ccn.agent.protocol" />
    <property name="env.LS_COLORS" value="rs=0:di=01;34:ln=01;36:mh=00:pi=40;33:so=01;35:do=01;35:bd=40;33;01:cd=40;33;01:or=40;31;01:su=37;41:sg=30;43:ca=30;41:tw=30;42:ow=34;42:st=37;44:ex=01;32:*.tar=01;31:*.tgz=01;31:*.arj=01;31:*.taz=01;31:*.lzh=01;31:*.lzma=01;31:*.tlz=01;31:*.txz=01;31:*.zip=01;31:*.z=01;31:*.Z=01;31:*.dz=01;31:*.gz=01;31:*.lz=01;31:*.xz=01;31:*.bz2=01;31:*.bz=01;31:*.tbz=01;31:*.tbz2=01;31:*.tz=01;31:*.deb=01;31:*.rpm=01;31:*.jar=01;31:*.war=01;31:*.ear=01;31:*.sar=01;31:*.rar=01;31:*.ace=01;31:*.zoo=01;31:*.cpio=01;31:*.7z=01;31:*.rz=01;31:*.jpg=01;35:*.jpeg=01;35:*.gif=01;35:*.bmp=01;35:*.pbm=01;35:*.pgm=01;35:*.ppm=01;35:*.tga=01;35:*.xbm=01;35:*.xpm=01;35:*.tif=01;35:*.tiff=01;35:*.png=01;35:*.svg=01;35:*.svgz=01;35:*.mng=01;35:*.pcx=01;35:*.mov=01;35:*.mpg=01;35:*.mpeg=01;35:*.m2v=01;35:*.mkv=01;35:*.webm=01;35:*.ogm=01;35:*.mp4=01;35:*.m4v=01;35:*.mp4v=01;35:*.vob=01;35:*.qt=01;35:*.nuv=01;35:*.wmv=01;35:*.asf=01;35:*.rm=01;35:*.rmvb=01;35:*.flc=01;35:*.avi=01;35:*.fli=01;35:*.flv=01;35:*.gl=01;35:*.dl=01;35:*.xcf=01;35:*.xwd=01;35:*.yuv=01;35:*.cgm=01;35:*.emf=01;35:*.axv=01;35:*.anx=01;35:*.ogv=01;35:*.ogx=01;35:*.aac=00;36:*.au=00;36:*.flac=00;36:*.mid=00;36:*.midi=00;36:*.mka=00;36:*.mp3=00;36:*.mpc=00;36:*.ogg=00;36:*.ra=00;36:*.wav=00;36:*.axa=00;36:*.oga=00;36:*.spx=00;36:*.xspf=00;36:" />
    <property name="env.XDG_VTNR" value="7" />
    <property name="env.XDG_GREETER_DATA_DIR" value="/var/lib/lightdm-data/cb" />
    <property name="jarfile" value="/home/cb/work/ccnx-0.8.2/javasrc/ccn.jar" />
    <property name="java.endorsed.dirs" value="/home/cb/work/java/jdk1.7.0_75/jre/lib/endorsed" />
    <property name="env.LOGNAME" value="cb" />
    <property name="env.UBUNTU_MENUPROXY" value="1" />
    <property name="src.dir" value="/home/cb/work/ccnx-0.8.2/javasrc/src/main" />
    <property name="env.XDG_SEAT" value="seat0" />
    <property name="build-excludes" value="bin/**, log/**, lib/**, libsrc/**, repository/**, build/**, testout/**, ktrace.out, CCN_DEBUG_DATA/**" />
    <property name="env.LC_PAPER" value="zh_CN.UTF-8" />
    <property name="sun.os.patch.level" value="unknown" />
    <property name="java.vendor.url" value="http://java.oracle.com/" />
    <property name="env.XDG_SEAT_PATH" value="/org/freedesktop/DisplayManager/Seat0" />
    <property name="env.MANDATORY_PATH" value="/usr/share/gconf/ubuntu.mandatory.path" />
    <property name="java.version" value="1.7.0_75" />
    <property name="java.vendor.url.bug" value="http://bugreport.sun.com/bugreport/" />
    <property name="env.LANGUAGE" value="zh_CN:zh:en_US:en" />
    <property name="REPO_ROOT" value="/home/cb/work/ccnx-0.8.2/javasrc/testout/repotest" />
    <property name="ant.project.invoked-targets" value="test" />
    <property name="env.XDG_DATA_DIRS" value="/usr/share/ubuntu:/usr/share/gnome:/usr/local/share/:/usr/share/" />
    <property name="env.GNOME_KEYRING_CONTROL" value="/run/user/1000/keyring-jvPvKj" />
    <property name="USE_KEY_CONFIG_KEY" value="org.ccnx.config.UseKeyConfiguration" />
    <property name="env.UPSTART_SESSION" value="unix:abstract=/com/ubuntu/upstart-session/1000/1640" />
    <property name="user.name" value="cb" />
    <property name="env.LANG" value="zh_CN.UTF-8" />
    <property name="ccn.agent.port" value="63000" />
    <property name="env.LC_MONETARY" value="zh_CN.UTF-8" />
    <property name="sun.io.unicode.encoding" value="UnicodeLittle" />
    <property name="sun.jnu.encoding" value="UTF-8" />
    <property name="env.DBUS_SESSION_BUS_ADDRESS" value="unix:abstract=/tmp/dbus-rsLQ7IJ5pU" />
    <property name="java.runtime.name" value="Java(TM) SE Runtime Environment" />
    <property name="env.LC_NAME" value="zh_CN.UTF-8" />
    <property name="REPO_ROOT2" value="/home/cb/work/ccnx-0.8.2/javasrc/testout/repotest2" />
    <property name="java.specification.name" value="Java Platform API Specification" />
    <property name="ant.file.ccn-libs" value="/home/cb/work/ccnx-0.8.2/javasrc/libs.xml" />
    <property name="user.timezone" value="" />
    <property name="env.LESSOPEN" value="| /usr/bin/lesspipe %s" />
    <property name="path.separator" value=":" />
    <property name="junit-jar" value="/home/cb/work/ccnx-0.8.2/javasrc/lib/junit-4.3.1.jar" />
    <property name="env.XMODIFIERS" value="@im=fcitx" />
    <property name="file.encoding" value="UTF-8" />
    <property name="ant.project.default-target" value="jar" />
    <property name="build" value="/home/cb/work/ccnx-0.8.2/javasrc/build" />
    <property name="lib" value="/home/cb/work/ccnx-0.8.2/javasrc/lib" />
    <property name="env.HOME" value="/home/cb" />
    <property name="sun.java.command" value="org.apache.tools.ant.taskdefs.optional.junit.JUnitTestRunner testsfile=/home/cb/work/ccnx-0.8.2/javasrc/junittestcases7551200355151908853.properties skipNonTests=false filtertrace=true haltOnError=false haltOnFailure=true formatter=org.apache.tools.ant.taskdefs.optional.junit.SummaryJUnitResultFormatter showoutput=false outputtoformatters=true logfailedtests=true logtestlistenerevents=false formatter=org.apache.tools.ant.taskdefs.optional.junit.XMLJUnitResultFormatter,/home/cb/work/ccnx-0.8.2/javasrc/testout/IGNORETHIS.xml crashfile=/home/cb/work/ccnx-0.8.2/javasrc/junitvmwatcher7765106972134998657.properties propsfile=/home/cb/work/ccnx-0.8.2/javasrc/junit4675142803964652631.properties" />
    <property name="ant.file" value="/home/cb/work/ccnx-0.8.2/javasrc/build.xml" />
    <property name="env.LC_TELEPHONE" value="zh_CN.UTF-8" />
    <property name="env._" value="/usr/bin/make" />
    <property name="org.ccnx.ccn.LogDir" value="/home/cb/work/ccnx-0.8.2/javasrc/testout/log" />
    <property name="java.io.tmpdir" value="/tmp" />
    <property name="env.LC_IDENTIFICATION" value="zh_CN.UTF-8" />
    <property name="env.GNOME_KEYRING_PID" value="1635" />
    <property name="user.language" value="zh" />
    <property name="EXIT_ON_ERROR" value="org.ccnx.ExitOnNetworkError" />
    <property name="env.UPSTART_EVENTS" value="started starting" />
    <property name="line.separator" value="&#xa;" />
    <property name="ant.file.type" value="file" />
    <property name="env.SSH_AGENT_LAUNCHER" value="upstart" />
    <property name="env.SSH_AGENT_PID" value="1693" />
    <property name="env.CLUTTER_IM_MODULE" value="xim" />
    <property name="java.vm.info" value="mixed mode" />
    <property name="LOGDIR_KEY" value="org.ccnx.ccn.LogDir" />
    <property name="sun.desktop" value="gnome" />
    <property name="java.vm.specification.name" value="Java Virtual Machine Specification" />
    <property name="env.COLORTERM" value="gnome-terminal" />
    <property name="TEST_PORT" value="63000" />
    <property name="env.TEXTDOMAIN" value="im-config" />
    <property name="env.LC_MEASUREMENT" value="zh_CN.UTF-8" />
    <property name="env.IM_CONFIG_PHASE" value="1" />
    <property name="org.ccnx.config.UseKeyConfiguration" value="false" />
    <property name="env.LC_TIME" value="zh_CN.UTF-8" />
    <property name="env.GDMSESSION" value="ubuntu" />
    <property name="java.awt.printerjob" value="sun.print.PSPrinterJob" />
    <property name="env.VTE_VERSION" value="3409" />
    <property name="env.DEFAULTS_PATH" value="/usr/share/gconf/ubuntu.default.path" />
    <property name="ant.version" value="Apache Ant(TM) version 1.9.3 compiled on April 8 2014" />
    <property name="env.WINDOWID" value="20971532" />
    <property name="REPO_LOCAL" value="TestRepository" />
    <property name="env.COMPIZ_CONFIG_PROFILE" value="ubuntu" />
    <property name="env.XDG_SESSION_PATH" value="/org/freedesktop/DisplayManager/Session0" />
    <property name="env.JOB" value="gnome-session" />
    <property name="ant.file.type.java-ccnx" value="file" />
    <property name="env.MAKEFLAGS" value="w" />
    <property name="env.CLASSPATH" value=".:.:$CLASSPATH:$JAVA_HOME/lib:$JAVA_HOME/jre/lib:/home/cb/work/java/jdk1.7.0_75/lib:/home/cb/work/java/jdk1.7.0_75/jre/lib" />
    <property name="os.name" value="Linux" />
    <property name="java.specification.vendor" value="Oracle Corporation" />
    <property name="xml-jar" value="/home/cb/work/ccnx-0.8.2/javasrc/lib/kxml2-2.3.0.jar" />
    <property name="env.TERM" value="xterm" />
    <property name="java.vm.name" value="Java HotSpot(TM) 64-Bit Server VM" />
    <property name="env.QT_IM_MODULE" value="xim" />
    <property name="java.library.path" value="/usr/java/packages/lib/amd64:/usr/lib64:/lib64:/lib:/usr/lib" />
    <property name="env.PATH" value="/home/cb/work/java/jdk1.7.0_75/bin:/home/cb/work/java/jdk1.7.0_75/jre/bin:/usr/local/sbin:/usr/local/bin:/usr/sbin:/usr/bin:/sbin:/bin:/usr/games:/usr/local/games:/home/cb/bin" />
    <property name="CCND_CAP" value="50000" />
    <property name="env.LESSCLOSE" value="/usr/bin/lesspipe %s %s" />
    <property name="ant.java.version" value="1.7" />
    <property name="env.TEXTDOMAINDIR" value="/usr/share/locale/" />
    <property name="basedir" value="/home/cb/work/ccnx-0.8.2/javasrc" />
    <property name="java.class.version" value="51.0" />
    <property name="env.SHLVL" value="1" />
    <property name="ant.home" value="/usr/share/ant" />
    <property name="DEBUG_OPTIONS" value="" />
    <property name="org.ccnx.ExitOnNetworkError" value="true" />
    <property name="repo2" value="true" />
    <property name="env.UPSTART_JOB" value="unity-settings-daemon" />
    <property name="CCND_CMD" value="../../csrc/ccnd/ccnd" />
    <property name="JAVA_MEMORY" value="1g" />
    <property name="src.systemtest.dir" value="/home/cb/work/ccnx-0.8.2/javasrc/src/systemtest" />
    <property name="sun.boot.library.path" value="/home/cb/work/java/jdk1.7.0_75/jre/lib/amd64" />
    <property name="sun.management.compiler" value="HotSpot 64-Bit Tiered Compilers" />
    <property name="java.awt.graphicsenv" value="sun.awt.X11GraphicsEnvironment" />
    <property name="env.USER" value="cb" />
    <property name="env.GTK_IM_MODULE" value="fcitx" />
    <property name="env.GTK_MODULES" value="overlay-scrollbar:unity-gtk-module" />
    <property name="env.JRE_HOME" value="/home/cb/work/java/jdk1.7.0_75/jre" />
    <property name="ant.project.name" value="java-ccnx" />
    <property name="env.SESSIONTYPE" value="gnome-session" />
    <property name="java.vm.specification.version" value="1.7" />
    <property name="UNIT_TOP_DIR" value="../src/test" />
    <property name="SYNC_NOISY" value="INFO" />
    <property name="env.NLSPATH" value="/usr/dt/lib/nls/msg/%L/%N.cat" />
    <property name="awt.toolkit" value="sun.awt.X11.XToolkit" />
    <property name="sun.cpu.isalist" value="" />
    <property name="cmddir" value="/home/cb/work/ccnx-0.8.2/csrc/cmd" />
    <property name="java.ext.dirs" value="/home/cb/work/java/jdk1.7.0_75/jre/lib/ext:/usr/java/packages/lib/ext" />
    <property name="os.version" value="3.13.0-32-generic" />
    <property name="env.QT_QPA_PLATFORMTHEME" value="appmenu-qt5" />
    <property name="user.home" value="/home/cb" />
    <property name="env.XDG_CURRENT_DESKTOP" value="Unity" />
    <property name="ant.file.type.ccn-libs" value="file" />
    <property name="java.vm.vendor" value="Oracle Corporation" />
    <property name="env.JAVA_HOME" value="/home/cb/work/java/jdk1.7.0_75" />
    <property name="env.XDG_SESSION_ID" value="c2" />
    <property name="env.XAUTHORITY" value="/home/cb/.Xauthority" />
    <property name="REPO_GLOBAL" value="/parc.com/csl/ccn/repositories/TestRepository" />
    <property name="user.dir" value="/home/cb/work/ccnx-0.8.2/javasrc/testout" />
    <property name="env.XFILESEARCHPATH" value="/usr/dt/app-defaults/%L/Dt" />
    <property name="TOP_DIR" value="../src/systemtest" />
    <property name="env.PWD" value="/home/cb/work/ccnx-0.8.2/javasrc" />
    <property name="env.MAKELEVEL" value="2" />
    <property name="sun.cpu.endian" value="little" />
    <property name="env.MFLAGS" value="-w" />
    <property name="testout" value="/home/cb/work/ccnx-0.8.2/javasrc/testout" />
    <property name="java.vm.version" value="24.75-b04" />
    <property name="java.class.path" value="/home/cb/work/ccnx-0.8.2/javasrc/lib/bcprov-jdk16-143.jar:/home/cb/work/ccnx-0.8.2/javasrc/lib/kxml2-2.3.0.jar:/home/cb/work/ccnx-0.8.2/javasrc/lib/junit-4.3.1.jar:/home/cb/work/ccnx-0.8.2/javasrc/ccn.jar:/home/cb/work/ccnx-0.8.2/javasrc:/home/cb/work/java/jdk1.7.0_75/lib:/home/cb/work/java/jdk1.7.0_75/jre/lib:/usr/share/java/ant-launcher-1.9.3.jar:/usr/share/ant/lib/ant.jar:/usr/share/ant/lib/ant-junit.jar:/usr/share/ant/lib/ant-junit4.jar" />
    <property name="env.LC_ADDRESS" value="zh_CN.UTF-8" />
    <property name="ant.library.dir" value="/usr/share/ant/lib" />
    <property name="ccnr" value="/home/cb/work/ccnx-0.8.2/csrc/ccnr/ccnr" />
    <property name="os.arch" value="amd64" />
    <property name="env.LC_NUMERIC" value="zh_CN.UTF-8" />
    <property name="jarfile-base" value="ccn.jar" />
    <property name="sun.java.launcher" value="SUN_STANDARD" />
    <property name="testoutlog" value="/home/cb/work/ccnx-0.8.2/javasrc/testout/log" />
    <property name="ccnd" value="/home/cb/work/ccnx-0.8.2/csrc/ccnd/ccnd" />
    <property name="ant.core.lib" value="/usr/share/ant/lib/ant.jar" />
    <property name="java.vm.specification.vendor" value="Oracle Corporation" />
    <property name="env.UPSTART_INSTANCE" value="" />
    <property name="ccn-libs-basedir" value="/home/cb/work/ccnx-0.8.2/javasrc" />
    <property name="file.separator" value="/" />
    <property name="ant.file.java-ccnx" value="/home/cb/work/ccnx-0.8.2/javasrc/build.xml" />
    <property name="java.runtime.version" value="1.7.0_75-b13" />
    <property name="sun.boot.class.path" value="/home/cb/work/java/jdk1.7.0_75/jre/lib/resources.jar:/home/cb/work/java/jdk1.7.0_75/jre/lib/rt.jar:/home/cb/work/java/jdk1.7.0_75/jre/lib/sunrsasign.jar:/home/cb/work/java/jdk1.7.0_75/jre/lib/jsse.jar:/home/cb/work/java/jdk1.7.0_75/jre/lib/jce.jar:/home/cb/work/java/jdk1.7.0_75/jre/lib/charsets.jar:/home/cb/work/java/jdk1.7.0_75/jre/lib/jfr.jar:/home/cb/work/java/jdk1.7.0_75/jre/classes" />
    <property name="env.SSH_AUTH_SOCK" value="/run/user/1000/keyring-jvPvKj/ssh" />
    <property name="env.QT4_IM_MODULE" value="fcitx" />
    <property name="env.XDG_RUNTIME_DIR" value="/run/user/1000" />
    <property name="env.XDG_CONFIG_DIRS" value="/etc/xdg/xdg-ubuntu:/usr/share/upstart/xdg:/etc/xdg" />
    <property name="USE_KEY_CONFIG_VAL" value="false" />
    <property name="user.country" value="CN" />
    <property name="env.SHELL" value="/bin/bash" />
    <property name="env.INSTANCE" value="Unity" />
    <property name="java.vendor" value="Oracle Corporation" />
    <property name="showoutput" value="no" />
    <property name="CCND_DEBUG" value="87" />
    <property name="env.GPG_AGENT_INFO" value="/run/user/1000/keyring-jvPvKj/gpg:0:1" />
    <property name="java.specification.version" value="1.7" />
    <property name="sun.arch.data.model" value="64" />
    <property name="env.GNOME_DESKTOP_SESSION_ID" value="this-is-deprecated" />
  </properties>
  <testcase classname="org.ccnx.ccn.impl.CCNNetworkTestRepo" name="testObjectIOLoop" time="9.579" />
  <testcase classname="org.ccnx.ccn.impl.CCNNetworkTestRepo" name="testBadCallback" time="14.025" />
  <system-out><![CDATA[Writing log records to /home/cb/work/ccnx-0.8.2/javasrc/testout/log/ccn_15-03-16-095816-5041.log
Trying for object 0
0
Trying for object 1
1
Trying for object 2
2
Trying for object 3
3
Trying for object 4
4
Trying for object 5
5
Trying for object 6
6
Trying for object 7
7
Trying for object 8
8
Trying for object 9
9
Trying for object 10
10
Trying for object 11
11
Trying for object 12
12
Trying for object 13
13
Trying for object 14
14
Trying for object 15
15
Trying for object 16
16
Trying for object 17
17
Trying for object 18
18
Trying for object 19
19
Trying for object 20
20
Trying for object 21
21
Trying for object 22
22
Trying for object 23
23
Trying for object 24
24
Trying for object 25
25
Trying for object 26
26
Trying for object 27
27
Trying for object 28
28
Trying for object 29
29
Trying for object 30
30
Trying for object 31
31
Trying for object 32
32
Trying for object 33
33
Trying for object 34
34
Trying for object 35
35
Trying for object 36
36
Trying for object 37
37
Trying for object 38
38
Trying for object 39
39
Trying for object 40
40
Trying for object 41
41
Trying for object 42
42
Trying for object 43
43
Trying for object 44
44
Trying for object 45
45
Trying for object 46
46
Trying for object 47
47
Trying for object 48
48
Trying for object 49
49
Trying for object 50
50
Trying for object 51
51
Trying for object 52
52
Trying for object 53
53
Trying for object 54
54
Trying for object 55
55
Trying for object 56
56
Trying for object 57
57
Trying for object 58
58
Trying for object 59
59
Trying for object 60
60
Trying for object 61
61
Trying for object 62
62
Trying for object 63
63
Trying for object 64
64
Trying for object 65
65
Trying for object 66
66
Trying for object 67
67
Trying for object 68
68
Trying for object 69
69
Trying for object 70
70
Trying for object 71
71
Trying for object 72
72
Trying for object 73
73
Trying for object 74
74
Trying for object 75
75
Trying for object 76
76
Trying for object 77
77
Trying for object 78
78
Trying for object 79
79
Trying for object 80
80
Trying for object 81
81
Trying for object 82
82
Trying for object 83
83
Trying for object 84
84
Trying for object 85
85
Trying for object 86
86
Trying for object 87
87
Trying for object 88
88
Trying for object 89
89
Trying for object 90
90
Trying for object 91
91
Trying for object 92
92
Trying for object 93
93
Trying for object 94
94
Trying for object 95
95
Trying for object 96
96
Trying for object 97
97
Trying for object 98
98
Trying for object 99
99
]]></system-out>
  <system-err><![CDATA[三月 16, 2015 9:58:16 上午 org.ccnx.ccn.CCNTestHelper <init>
信息: Initializing test org.ccnx.ccn.impl.CCNNetworkTestRepo, data can be found under /ccnx.org/test/CCNNetworkTestRepo-15-03-16-09.58.16.
三月 16, 2015 9:58:17 上午 org.ccnx.ccn.impl.security.keys.BasicKeyManager loadKeyStore
信息: Loading CCN key store from /home/cb/.ccnx/.ccnx_keystore...last modified 1426430257000(ms).
三月 16, 2015 9:58:17 上午 org.ccnx.ccn.impl.security.keys.BasicKeyManager readKeyStore
信息: Loading CCN key store...
三月 16, 2015 9:58:17 上午 org.ccnx.ccn.impl.security.keys.BasicKeyManager loadKeyStore
信息: Loaded CCN key store from /home/cb/.ccnx/.ccnx_keystore...version 2015-03-15 22:37:37.0 ms: 1426430257000
三月 16, 2015 9:58:17 上午 org.ccnx.ccn.impl.security.keys.BasicKeyManager loadValuesFromKeystore
信息: Loading key store file:/home/cb/.ccnx/.ccnx_keystore version 2015-03-15 22:37:37.0 version component =FD055059931000 millis 1426430257000
三月 16, 2015 9:58:17 上午 org.ccnx.ccn.impl.security.keys.BasicKeyManager loadValuesFromKeystore
信息: Default key ID for user cb: S7CCoW5TgvuqoJ++MD4k4ELjfojCkOBUKSUh3sojZSM=
三月 16, 2015 9:58:17 上午 org.ccnx.ccn.impl.security.keys.SecureKeyCache loadKeyStore
信息: KeyCache: loading signing key S7CCoW5TgvuqoJ++MD4k4ELjfojCkOBUKSUh3sojZSM=, remembering public key in public key cache.
三月 16, 2015 9:58:17 上午 org.ccnx.ccn.impl.security.keys.SecureKeyCache addMySigningKey
信息: SecureKeyCache: adding my private key 4bb082a16e5382fbaaa09fbe303e24e042e37e88c290e054292521deca236523
三月 16, 2015 9:58:17 上午 org.ccnx.ccn.impl.security.keys.BasicKeyManager loadValuesFromConfiguration
信息: Not loading key manager configuration data in response to user configuration variable.
三月 16, 2015 9:58:17 上午 org.ccnx.ccn.impl.CCNNetworkManager <init>
警告: NetworkManager 1: Non-standard CCN agent port 63000 per property ccn.agent.port
三月 16, 2015 9:58:17 上午 org.ccnx.ccn.impl.CCNNetworkManager <init>
信息: NetworkManager 1: Contacting CCN agent at localhost:63000
三月 16, 2015 9:58:17 上午 org.ccnx.ccn.impl.CCNNetworkChannel <init>
信息: NetworkChannel 1: Starting up CCNNetworkChannel using TCP.
三月 16, 2015 9:58:17 上午 org.ccnx.ccn.impl.CCNNetworkChannel open
信息: NetworkChannel 1: open()
三月 16, 2015 9:58:17 上午 org.ccnx.ccn.impl.CCNNetworkChannel open
信息: NetworkChannel 1: Contacting CCN agent at localhost:63000 on local port 49873
三月 16, 2015 9:58:17 上午 org.ccnx.ccn.CCNHandle <init>
信息: CCNHandle 1: Handle is now open
三月 16, 2015 9:58:17 上午 org.ccnx.ccn.impl.CCNNetworkManager run
信息: NetworkManager 1: CCNNetworkManager processing thread started for port: 63000
三月 16, 2015 9:58:17 上午 org.ccnx.ccn.impl.security.keys.PublicKeyCache getPublicKeyObject
信息: Retrieved key iJPI7Cmegb1Hcmae9Dh1J+cJOpYkf1b+DGlC3el8x9w= using locator NAME: /%C1.M.S.localhost/%C1.M.SRV/ccnd/KEY/%C1.M.K=008893C8EC299E81BD4772669EF4387527E7093A96247F56FE0C6942DDE97CC7DC/=FD055063717EB3.
三月 16, 2015 9:58:17 上午 org.ccnx.ccn.impl.security.keys.PublicKeyCache getPublicKeyObject
信息: Retrieved key iJPI7Cmegb1Hcmae9Dh1J+cJOpYkf1b+DGlC3el8x9w= using locator NAME: /%C1.M.S.localhost/%C1.M.SRV/ccnd/KEY/%C1.M.K=008893C8EC299E81BD4772669EF4387527E7093A96247F56FE0C6942DDE97CC7DC/=FD055063717EB3 - got /%C1.M.S.localhost/%C1.M.SRV/ccnd/KEY/%C1.M.K=008893C8EC299E81BD4772669EF4387527E7093A96247F56FE0C6942DDE97CC7DC/=FD055063717EB3/=00
三月 16, 2015 9:58:17 上午 org.ccnx.ccn.io.CCNAbstractInputStream <init>
信息: CCNAbstractInputStream: /%C1.M.S.localhost/%C1.M.SRV/ccnd/KEY/%C1.M.K=008893C8EC299E81BD4772669EF4387527E7093A96247F56FE0C6942DDE97CC7DC/=FD055063717EB3 segment 0
三月 16, 2015 9:58:17 上午 org.ccnx.ccn.impl.security.keys.PublicKeyCache getPublicKeyObject
信息: Retrieved public key using name: /%C1.M.S.localhost/%C1.M.SRV/ccnd/KEY/%C1.M.K=008893C8EC299E81BD4772669EF4387527E7093A96247F56FE0C6942DDE97CC7DC/=FD055063717EB3
三月 16, 2015 9:58:17 上午 org.ccnx.ccn.impl.security.keys.PublicKeyCache getPublicKey
信息: Retrieved key iJPI7Cmegb1Hcmae9Dh1J+cJOpYkf1b+DGlC3el8x9w= from network with locator NAME: /%C1.M.S.localhost/%C1.M.SRV/ccnd/KEY/%C1.M.K=008893C8EC299E81BD4772669EF4387527E7093A96247F56FE0C6942DDE97CC7DC/=FD055063717EB3!
三月 16, 2015 9:58:17 上午 org.ccnx.ccn.config.PlatformConfiguration <clinit>
信息: BC provider: BC
三月 16, 2015 9:58:17 上午 org.ccnx.ccn.config.PlatformConfiguration <clinit>
信息: Provider info: BouncyCastle Security Provider v1.43 version: 1.43
三月 16, 2015 9:58:17 上午 org.ccnx.ccn.config.PlatformConfiguration <clinit>
信息: java.vm.name = Java HotSpot(TM) 64-Bit Server VM
三月 16, 2015 9:58:17 上午 org.ccnx.ccn.impl.CCNFlowControl addNameSpace
信息: Flow controller addNameSpace: added namespace: /ccnx.org/Users/cb/Keys/%C1.M.K%00K=B082A16E5382FBAAA09FBE303E24E042E37E88C290E054292521DECA236523/=FD055059931000
三月 16, 2015 9:58:17 上午 org.ccnx.ccn.impl.security.keys.BasicKeyManager getKeyLocator
信息: getKeyLocator: returning locator KEY: S7CCoW5TgvuqoJ++MD4k4ELjfojCkOBUKSUh3sojZSM= for key S7CCoW5TgvuqoJ++MD4k4ELjfojCkOBUKSUh3sojZSM=
三月 16, 2015 9:58:17 上午 org.ccnx.ccn.KeyManager publishKey
信息: publishKey: key not previously published, making new key object /ccnx.org/Users/cb/Keys/%C1.M.K%00K=B082A16E5382FBAAA09FBE303E24E042E37E88C290E054292521DECA236523 with version 2015-03-15 22:37:37.0 displayed as =FD055059931000
三月 16, 2015 9:58:17 上午 org.ccnx.ccn.io.CCNAbstractOutputStream <init>
信息: CCNAbstractOutputStream: /ccnx.org/Users/cb/Keys/%C1.M.K%00K=B082A16E5382FBAAA09FBE303E24E042E37E88C290E054292521DECA236523/=FD055059931000 blocksize is 4096
三月 16, 2015 9:58:17 上午 org.ccnx.ccn.io.CCNAbstractOutputStream startWrite
信息: CCNAbstractOutputStream: startWrite -- searching for keys.
三月 16, 2015 9:58:17 上午 org.ccnx.ccn.profiles.security.access.AccessControlManager keysForOutput
信息: keysForOutput: found an acm: (null)
三月 16, 2015 9:58:17 上午 org.ccnx.ccn.io.CCNOutputStream flushToNetwork
信息: flush: outputting to the segmenter, baseName /ccnx.org/Users/cb/Keys/%C1.M.K%00K=B082A16E5382FBAAA09FBE303E24E042E37E88C290E054292521DECA236523/=FD055059931000 basenameindex =00; 162 bytes written, holding back 162 flushing final blocks? false.
三月 16, 2015 9:58:17 上午 org.ccnx.ccn.io.CCNOutputStream flushToNetwork
信息: HEADER: CCNOutputStream: flushToNetwork: new _baseNameIndex 0
三月 16, 2015 9:58:17 上午 org.ccnx.ccn.io.CCNOutputStream flushToNetwork
信息: flush: outputting to the segmenter, baseName /ccnx.org/Users/cb/Keys/%C1.M.K%00K=B082A16E5382FBAAA09FBE303E24E042E37E88C290E054292521DECA236523/=FD055059931000 basenameindex =00; 162 bytes written, holding back 0 flushing final blocks? true.
三月 16, 2015 9:58:17 上午 org.ccnx.ccn.io.CCNOutputStream flushToNetwork
信息: HEADER: CCNOutputStream: flushToNetwork: new _baseNameIndex 1
三月 16, 2015 9:58:17 上午 org.ccnx.ccn.io.CCNOutputStream close
信息: CCNOutputStream close: /ccnx.org/Users/cb/Keys/%C1.M.K%00K=B082A16E5382FBAAA09FBE303E24E042E37E88C290E054292521DECA236523/=FD055059931000
三月 16, 2015 9:58:17 上午 org.ccnx.ccn.KeyManager publishKey
信息: Published key Sun RSA public key, 1024 bits
  modulus: 117279129325874211277607356849787251715570373721560580642141461638097818254948829770352070726044644268881781743762722938404103804101201617552769856641473514762103364862280112139804873614111497411688991215437978547538300080789649372572822228902620566756781843183599945687014465640524444441393207286473746734631
  public exponent: 65537 to name /ccnx.org/Users/cb/Keys/%C1.M.K%00K=B082A16E5382FBAAA09FBE303E24E042E37E88C290E054292521DECA236523/=FD055059931000 with key locator NAME: /ccnx.org/Users/cb/Keys/%C1.M.K%00K=B082A16E5382FBAAA09FBE303E24E042E37E88C290E054292521DECA236523/=FD055059931000 KEY:itggagmsks2vela17tu60v29o22sdv8hgkgs1a2i991rr526p93; ephemeral digest =A61EAC159B2516F30719A7034D06A2AF52318B89E0CC2DD52F8EA26409D1517F.
三月 16, 2015 9:58:17 上午 org.ccnx.ccn.impl.security.keys.BasicKeyManager publishKey
信息: publishKey: published key S7CCoW5TgvuqoJ++MD4k4ELjfojCkOBUKSUh3sojZSM=
 under specified key name /ccnx.org/Users/cb/Keys/%C1.M.K%00K=B082A16E5382FBAAA09FBE303E24E042E37E88C290E054292521DECA236523/=FD055059931000
 key locator: NAME: /ccnx.org/Users/cb/Keys/%C1.M.K%00K=B082A16E5382FBAAA09FBE303E24E042E37E88C290E054292521DECA236523/=FD055059931000 KEY:itggagmsks2vela17tu60v29o22sdv8hgkgs1a2i991rr526p93
三月 16, 2015 9:58:17 上午 org.ccnx.ccn.impl.security.keys.BasicKeyManager publishKey
信息: publishKey: storing key locator S7CCoW5TgvuqoJ++MD4k4ELjfojCkOBUKSUh3sojZSM= for key NAME: /ccnx.org/Users/cb/Keys/%C1.M.K%00K=B082A16E5382FBAAA09FBE303E24E042E37E88C290E054292521DECA236523/=FD055059931000 KEY:itggagmsks2vela17tu60v29o22sdv8hgkgs1a2i991rr526p93
三月 16, 2015 9:58:17 上午 org.ccnx.ccn.impl.CCNNetworkManager <init>
警告: NetworkManager 2: Non-standard CCN agent port 63000 per property ccn.agent.port
三月 16, 2015 9:58:17 上午 org.ccnx.ccn.impl.CCNNetworkManager <init>
信息: NetworkManager 2: Contacting CCN agent at localhost:63000
三月 16, 2015 9:58:17 上午 org.ccnx.ccn.impl.CCNNetworkChannel <init>
信息: NetworkChannel 2: Starting up CCNNetworkChannel using TCP.
三月 16, 2015 9:58:17 上午 org.ccnx.ccn.impl.CCNNetworkChannel open
信息: NetworkChannel 2: open()
三月 16, 2015 9:58:17 上午 org.ccnx.ccn.impl.CCNNetworkChannel open
信息: NetworkChannel 2: Contacting CCN agent at localhost:63000 on local port 49874
三月 16, 2015 9:58:17 上午 org.ccnx.ccn.CCNHandle <init>
信息: CCNHandle 2: Handle is now open
三月 16, 2015 9:58:17 上午 org.ccnx.ccn.impl.CCNNetworkManager <init>
警告: NetworkManager 3: Non-standard CCN agent port 63000 per property ccn.agent.port
三月 16, 2015 9:58:17 上午 org.ccnx.ccn.impl.CCNNetworkManager <init>
信息: NetworkManager 3: Contacting CCN agent at localhost:63000
三月 16, 2015 9:58:17 上午 org.ccnx.ccn.impl.CCNNetworkChannel <init>
信息: NetworkChannel 3: Starting up CCNNetworkChannel using TCP.
三月 16, 2015 9:58:17 上午 org.ccnx.ccn.impl.CCNNetworkChannel open
信息: NetworkChannel 3: open()
三月 16, 2015 9:58:17 上午 org.ccnx.ccn.impl.CCNNetworkChannel open
信息: NetworkChannel 3: Contacting CCN agent at localhost:63000 on local port 49875
三月 16, 2015 9:58:17 上午 org.ccnx.ccn.CCNHandle <init>
信息: CCNHandle 3: Handle is now open
三月 16, 2015 9:58:17 上午 org.ccnx.ccn.impl.CCNNetworkTestRepo testObjectIOLoop
信息: Starting testObjectIOLoop
三月 16, 2015 9:58:17 上午 org.ccnx.ccn.io.content.CCNNetworkObject createFlowController
信息: Created LOCALREPOSITORY flow controller, for prefix /ccnx.org/test/CCNNetworkTestRepo-15-03-16-09.58.16/content_3948460777857713998, save type LOCALREPOSITORY
三月 16, 2015 9:58:17 上午 org.ccnx.ccn.impl.CCNFlowControl addNameSpace
信息: Flow controller addNameSpace: added namespace: /ccnx.org/test/CCNNetworkTestRepo-15-03-16-09.58.16/content_3948460777857713998
三月 16, 2015 9:58:17 上午 org.ccnx.ccn.impl.security.keys.BasicKeyManager getKeyLocator
信息: getKeyLocator: returning locator NAME: /ccnx.org/Users/cb/Keys/%C1.M.K%00K=B082A16E5382FBAAA09FBE303E24E042E37E88C290E054292521DECA236523/=FD055059931000 KEY:itggagmsks2vela17tu60v29o22sdv8hgkgs1a2i991rr526p93 for key S7CCoW5TgvuqoJ++MD4k4ELjfojCkOBUKSUh3sojZSM=
三月 16, 2015 9:58:17 上午 org.ccnx.ccn.io.CCNAbstractOutputStream <init>
信息: CCNAbstractOutputStream: /ccnx.org/test/CCNNetworkTestRepo-15-03-16-09.58.16/content_3948460777857713998/=FD0550638B991B blocksize is 4096
三月 16, 2015 9:58:17 上午 org.ccnx.ccn.io.CCNAbstractOutputStream startWrite
信息: CCNAbstractOutputStream: startWrite -- searching for keys.
三月 16, 2015 9:58:17 上午 org.ccnx.ccn.profiles.security.access.AccessControlManager keysForOutput
信息: keysForOutput: found an acm: (null)
三月 16, 2015 9:58:17 上午 org.ccnx.ccn.impl.repo.RepositoryFlowControl startWrite
信息: RepositoryFlowControl.startWrite called for name /ccnx.org/test/CCNNetworkTestRepo-15-03-16-09.58.16/content_3948460777857713998/=FD0550638B991B, shape STREAM
三月 16, 2015 9:58:17 上午 org.ccnx.ccn.impl.repo.RepositoryFlowControl handleContent
信息: handleContent: got potential repo message: /ccnx.org/test/CCNNetworkTestRepo-15-03-16-09.58.16/content_3948460777857713998/=FD0550638B991B/%C1.R.sw/%C1.N=00ECEC3BC98CFD35D4
三月 16, 2015 9:58:17 上午 org.ccnx.ccn.io.CCNOutputStream flushToNetwork
信息: flush: outputting to the segmenter, baseName /ccnx.org/test/CCNNetworkTestRepo-15-03-16-09.58.16/content_3948460777857713998/=FD0550638B991B basenameindex =00; 15 bytes written, holding back 15 flushing final blocks? false.
三月 16, 2015 9:58:17 上午 org.ccnx.ccn.io.CCNOutputStream flushToNetwork
信息: HEADER: CCNOutputStream: flushToNetwork: new _baseNameIndex 0
三月 16, 2015 9:58:17 上午 org.ccnx.ccn.io.CCNOutputStream flushToNetwork
信息: flush: outputting to the segmenter, baseName /ccnx.org/test/CCNNetworkTestRepo-15-03-16-09.58.16/content_3948460777857713998/=FD0550638B991B basenameindex =00; 15 bytes written, holding back 0 flushing final blocks? true.
三月 16, 2015 9:58:17 上午 org.ccnx.ccn.io.CCNOutputStream flushToNetwork
信息: HEADER: CCNOutputStream: flushToNetwork: new _baseNameIndex 1
三月 16, 2015 9:58:17 上午 org.ccnx.ccn.io.CCNOutputStream close
信息: CCNOutputStream close: /ccnx.org/test/CCNNetworkTestRepo-15-03-16-09.58.16/content_3948460777857713998/=FD0550638B991B
三月 16, 2015 9:58:17 上午 org.ccnx.ccn.io.content.CCNNetworkObject createFlowController
信息: Created LOCALREPOSITORY flow controller, for prefix /ccnx.org/test/CCNNetworkTestRepo-15-03-16-09.58.16/content_3948460777857713998, save type LOCALREPOSITORY
三月 16, 2015 9:58:17 上午 org.ccnx.ccn.impl.CCNFlowControl addNameSpace
信息: Flow controller addNameSpace: added namespace: /ccnx.org/test/CCNNetworkTestRepo-15-03-16-09.58.16/content_3948460777857713998
三月 16, 2015 9:58:17 上午 org.ccnx.ccn.impl.security.keys.BasicKeyManager getKeyLocator
信息: getKeyLocator: returning locator NAME: /ccnx.org/Users/cb/Keys/%C1.M.K%00K=B082A16E5382FBAAA09FBE303E24E042E37E88C290E054292521DECA236523/=FD055059931000 KEY:itggagmsks2vela17tu60v29o22sdv8hgkgs1a2i991rr526p93 for key S7CCoW5TgvuqoJ++MD4k4ELjfojCkOBUKSUh3sojZSM=
三月 16, 2015 9:58:17 上午 org.ccnx.ccn.io.CCNAbstractOutputStream <init>
信息: CCNAbstractOutputStream: /ccnx.org/test/CCNNetworkTestRepo-15-03-16-09.58.16/content_3948460777857713998/=FD0550638B9A1D blocksize is 4096
三月 16, 2015 9:58:17 上午 org.ccnx.ccn.io.CCNAbstractOutputStream startWrite
信息: CCNAbstractOutputStream: startWrite -- searching for keys.
三月 16, 2015 9:58:17 上午 org.ccnx.ccn.profiles.security.access.AccessControlManager keysForOutput
信息: keysForOutput: found an acm: (null)
三月 16, 2015 9:58:17 上午 org.ccnx.ccn.impl.repo.RepositoryFlowControl startWrite
信息: RepositoryFlowControl.startWrite called for name /ccnx.org/test/CCNNetworkTestRepo-15-03-16-09.58.16/content_3948460777857713998/=FD0550638B9A1D, shape STREAM
三月 16, 2015 9:58:17 上午 org.ccnx.ccn.impl.repo.RepositoryFlowControl handleContent
信息: handleContent: got potential repo message: /ccnx.org/test/CCNNetworkTestRepo-15-03-16-09.58.16/content_3948460777857713998/=FD0550638B9A1D/%C1.R.sw/%C1.N=0018AB3C303D758ACB
三月 16, 2015 9:58:17 上午 org.ccnx.ccn.io.CCNOutputStream flushToNetwork
信息: flush: outputting to the segmenter, baseName /ccnx.org/test/CCNNetworkTestRepo-15-03-16-09.58.16/content_3948460777857713998/=FD0550638B9A1D basenameindex =00; 15 bytes written, holding back 15 flushing final blocks? false.
三月 16, 2015 9:58:17 上午 org.ccnx.ccn.io.CCNOutputStream flushToNetwork
信息: HEADER: CCNOutputStream: flushToNetwork: new _baseNameIndex 0
三月 16, 2015 9:58:17 上午 org.ccnx.ccn.io.CCNOutputStream flushToNetwork
信息: flush: outputting to the segmenter, baseName /ccnx.org/test/CCNNetworkTestRepo-15-03-16-09.58.16/content_3948460777857713998/=FD0550638B9A1D basenameindex =00; 15 bytes written, holding back 0 flushing final blocks? true.
三月 16, 2015 9:58:17 上午 org.ccnx.ccn.io.CCNOutputStream flushToNetwork
信息: HEADER: CCNOutputStream: flushToNetwork: new _baseNameIndex 1
三月 16, 2015 9:58:17 上午 org.ccnx.ccn.io.CCNOutputStream close
信息: CCNOutputStream close: /ccnx.org/test/CCNNetworkTestRepo-15-03-16-09.58.16/content_3948460777857713998/=FD0550638B9A1D
三月 16, 2015 9:58:17 上午 org.ccnx.ccn.io.content.CCNNetworkObject createFlowController
信息: Created LOCALREPOSITORY flow controller, for prefix /ccnx.org/test/CCNNetworkTestRepo-15-03-16-09.58.16/content_3948460777857713998, save type LOCALREPOSITORY
三月 16, 2015 9:58:17 上午 org.ccnx.ccn.impl.CCNFlowControl addNameSpace
信息: Flow controller addNameSpace: added namespace: /ccnx.org/test/CCNNetworkTestRepo-15-03-16-09.58.16/content_3948460777857713998
三月 16, 2015 9:58:17 上午 org.ccnx.ccn.impl.security.keys.BasicKeyManager getKeyLocator
信息: getKeyLocator: returning locator NAME: /ccnx.org/Users/cb/Keys/%C1.M.K%00K=B082A16E5382FBAAA09FBE303E24E042E37E88C290E054292521DECA236523/=FD055059931000 KEY:itggagmsks2vela17tu60v29o22sdv8hgkgs1a2i991rr526p93 for key S7CCoW5TgvuqoJ++MD4k4ELjfojCkOBUKSUh3sojZSM=
三月 16, 2015 9:58:17 上午 org.ccnx.ccn.io.CCNAbstractOutputStream <init>
信息: CCNAbstractOutputStream: /ccnx.org/test/CCNNetworkTestRepo-15-03-16-09.58.16/content_3948460777857713998/=FD0550638B9BC7 blocksize is 4096
三月 16, 2015 9:58:17 上午 org.ccnx.ccn.io.CCNAbstractOutputStream startWrite
信息: CCNAbstractOutputStream: startWrite -- searching for keys.
三月 16, 2015 9:58:17 上午 org.ccnx.ccn.profiles.security.access.AccessControlManager keysForOutput
信息: keysForOutput: found an acm: (null)
三月 16, 2015 9:58:17 上午 org.ccnx.ccn.impl.repo.RepositoryFlowControl startWrite
信息: RepositoryFlowControl.startWrite called for name /ccnx.org/test/CCNNetworkTestRepo-15-03-16-09.58.16/content_3948460777857713998/=FD0550638B9BC7, shape STREAM
三月 16, 2015 9:58:17 上午 org.ccnx.ccn.impl.repo.RepositoryFlowControl handleContent
信息: handleContent: got potential repo message: /ccnx.org/test/CCNNetworkTestRepo-15-03-16-09.58.16/content_3948460777857713998/=FD0550638B9BC7/%C1.R.sw/%C1.N=0011761BD234D1707D
三月 16, 2015 9:58:17 上午 org.ccnx.ccn.io.CCNOutputStream flushToNetwork
信息: flush: outputting to the segmenter, baseName /ccnx.org/test/CCNNetworkTestRepo-15-03-16-09.58.16/content_3948460777857713998/=FD0550638B9BC7 basenameindex =00; 15 bytes written, holding back 15 flushing final blocks? false.
三月 16, 2015 9:58:17 上午 org.ccnx.ccn.io.CCNOutputStream flushToNetwork
信息: HEADER: CCNOutputStream: flushToNetwork: new _baseNameIndex 0
三月 16, 2015 9:58:17 上午 org.ccnx.ccn.io.CCNOutputStream flushToNetwork
信息: flush: outputting to the segmenter, baseName /ccnx.org/test/CCNNetworkTestRepo-15-03-16-09.58.16/content_3948460777857713998/=FD0550638B9BC7 basenameindex =00; 15 bytes written, holding back 0 flushing final blocks? true.
三月 16, 2015 9:58:17 上午 org.ccnx.ccn.io.CCNOutputStream flushToNetwork
信息: HEADER: CCNOutputStream: flushToNetwork: new _baseNameIndex 1
三月 16, 2015 9:58:17 上午 org.ccnx.ccn.io.CCNOutputStream close
信息: CCNOutputStream close: /ccnx.org/test/CCNNetworkTestRepo-15-03-16-09.58.16/content_3948460777857713998/=FD0550638B9BC7
三月 16, 2015 9:58:17 上午 org.ccnx.ccn.io.content.CCNNetworkObject createFlowController
信息: Created LOCALREPOSITORY flow controller, for prefix /ccnx.org/test/CCNNetworkTestRepo-15-03-16-09.58.16/content_3948460777857713998, save type LOCALREPOSITORY
三月 16, 2015 9:58:17 上午 org.ccnx.ccn.impl.CCNFlowControl addNameSpace
信息: Flow controller addNameSpace: added namespace: /ccnx.org/test/CCNNetworkTestRepo-15-03-16-09.58.16/content_3948460777857713998
三月 16, 2015 9:58:17 上午 org.ccnx.ccn.impl.security.keys.BasicKeyManager getKeyLocator
信息: getKeyLocator: returning locator NAME: /ccnx.org/Users/cb/Keys/%C1.M.K%00K=B082A16E5382FBAAA09FBE303E24E042E37E88C290E054292521DECA236523/=FD055059931000 KEY:itggagmsks2vela17tu60v29o22sdv8hgkgs1a2i991rr526p93 for key S7CCoW5TgvuqoJ++MD4k4ELjfojCkOBUKSUh3sojZSM=
三月 16, 2015 9:58:17 上午 org.ccnx.ccn.io.CCNAbstractOutputStream <init>
信息: CCNAbstractOutputStream: /ccnx.org/test/CCNNetworkTestRepo-15-03-16-09.58.16/content_3948460777857713998/=FD0550638B9D44 blocksize is 4096
三月 16, 2015 9:58:17 上午 org.ccnx.ccn.io.CCNAbstractOutputStream startWrite
信息: CCNAbstractOutputStream: startWrite -- searching for keys.
三月 16, 2015 9:58:17 上午 org.ccnx.ccn.profiles.security.access.AccessControlManager keysForOutput
信息: keysForOutput: found an acm: (null)
三月 16, 2015 9:58:17 上午 org.ccnx.ccn.impl.repo.RepositoryFlowControl startWrite
信息: RepositoryFlowControl.startWrite called for name /ccnx.org/test/CCNNetworkTestRepo-15-03-16-09.58.16/content_3948460777857713998/=FD0550638B9D44, shape STREAM
三月 16, 2015 9:58:17 上午 org.ccnx.ccn.impl.repo.RepositoryFlowControl handleContent
信息: handleContent: got potential repo message: /ccnx.org/test/CCNNetworkTestRepo-15-03-16-09.58.16/content_3948460777857713998/=FD0550638B9D44/%C1.R.sw/%C1.N=002B729D7211D4B44F
三月 16, 2015 9:58:17 上午 org.ccnx.ccn.io.CCNOutputStream flushToNetwork
信息: flush: outputting to the segmenter, baseName /ccnx.org/test/CCNNetworkTestRepo-15-03-16-09.58.16/content_3948460777857713998/=FD0550638B9D44 basenameindex =00; 15 bytes written, holding back 15 flushing final blocks? false.
三月 16, 2015 9:58:17 上午 org.ccnx.ccn.io.CCNOutputStream flushToNetwork
信息: HEADER: CCNOutputStream: flushToNetwork: new _baseNameIndex 0
三月 16, 2015 9:58:17 上午 org.ccnx.ccn.io.CCNOutputStream flushToNetwork
信息: flush: outputting to the segmenter, baseName /ccnx.org/test/CCNNetworkTestRepo-15-03-16-09.58.16/content_3948460777857713998/=FD0550638B9D44 basenameindex =00; 15 bytes written, holding back 0 flushing final blocks? true.
三月 16, 2015 9:58:17 上午 org.ccnx.ccn.io.CCNOutputStream flushToNetwork
信息: HEADER: CCNOutputStream: flushToNetwork: new _baseNameIndex 1
三月 16, 2015 9:58:17 上午 org.ccnx.ccn.io.CCNOutputStream close
信息: CCNOutputStream close: /ccnx.org/test/CCNNetworkTestRepo-15-03-16-09.58.16/content_3948460777857713998/=FD0550638B9D44
三月 16, 2015 9:58:17 上午 org.ccnx.ccn.io.content.CCNNetworkObject createFlowController
信息: Created LOCALREPOSITORY flow controller, for prefix /ccnx.org/test/CCNNetworkTestRepo-15-03-16-09.58.16/content_3948460777857713998, save type LOCALREPOSITORY
三月 16, 2015 9:58:17 上午 org.ccnx.ccn.impl.CCNFlowControl addNameSpace
信息: Flow controller addNameSpace: added namespace: /ccnx.org/test/CCNNetworkTestRepo-15-03-16-09.58.16/content_3948460777857713998
三月 16, 2015 9:58:17 上午 org.ccnx.ccn.impl.security.keys.BasicKeyManager getKeyLocator
信息: getKeyLocator: returning locator NAME: /ccnx.org/Users/cb/Keys/%C1.M.K%00K=B082A16E5382FBAAA09FBE303E24E042E37E88C290E054292521DECA236523/=FD055059931000 KEY:itggagmsks2vela17tu60v29o22sdv8hgkgs1a2i991rr526p93 for key S7CCoW5TgvuqoJ++MD4k4ELjfojCkOBUKSUh3sojZSM=
三月 16, 2015 9:58:17 上午 org.ccnx.ccn.io.CCNAbstractOutputStream <init>
信息: CCNAbstractOutputStream: /ccnx.org/test/CCNNetworkTestRepo-15-03-16-09.58.16/content_3948460777857713998/=FD0550638B9EF2 blocksize is 4096
三月 16, 2015 9:58:17 上午 org.ccnx.ccn.io.CCNAbstractOutputStream startWrite
信息: CCNAbstractOutputStream: startWrite -- searching for keys.
三月 16, 2015 9:58:17 上午 org.ccnx.ccn.profiles.security.access.AccessControlManager keysForOutput
信息: keysForOutput: found an acm: (null)
三月 16, 2015 9:58:17 上午 org.ccnx.ccn.impl.repo.RepositoryFlowControl startWrite
信息: RepositoryFlowControl.startWrite called for name /ccnx.org/test/CCNNetworkTestRepo-15-03-16-09.58.16/content_3948460777857713998/=FD0550638B9EF2, shape STREAM
三月 16, 2015 9:58:17 上午 org.ccnx.ccn.impl.repo.RepositoryFlowControl handleContent
信息: handleContent: got potential repo message: /ccnx.org/test/CCNNetworkTestRepo-15-03-16-09.58.16/content_3948460777857713998/=FD0550638B9EF2/%C1.R.sw/%C1.N%009=84CE3E7992626B
三月 16, 2015 9:58:17 上午 org.ccnx.ccn.io.CCNOutputStream flushToNetwork
信息: flush: outputting to the segmenter, baseName /ccnx.org/test/CCNNetworkTestRepo-15-03-16-09.58.16/content_3948460777857713998/=FD0550638B9EF2 basenameindex =00; 15 bytes written, holding back 15 flushing final blocks? false.
三月 16, 2015 9:58:17 上午 org.ccnx.ccn.io.CCNOutputStream flushToNetwork
信息: HEADER: CCNOutputStream: flushToNetwork: new _baseNameIndex 0
三月 16, 2015 9:58:17 上午 org.ccnx.ccn.io.CCNOutputStream flushToNetwork
信息: flush: outputting to the segmenter, baseName /ccnx.org/test/CCNNetworkTestRepo-15-03-16-09.58.16/content_3948460777857713998/=FD0550638B9EF2 basenameindex =00; 15 bytes written, holding back 0 flushing final blocks? true.
三月 16, 2015 9:58:17 上午 org.ccnx.ccn.io.CCNOutputStream flushToNetwork
信息: HEADER: CCNOutputStream: flushToNetwork: new _baseNameIndex 1
三月 16, 2015 9:58:18 上午 org.ccnx.ccn.io.CCNOutputStream close
信息: CCNOutputStream close: /ccnx.org/test/CCNNetworkTestRepo-15-03-16-09.58.16/content_3948460777857713998/=FD0550638B9EF2
三月 16, 2015 9:58:18 上午 org.ccnx.ccn.io.content.CCNNetworkObject createFlowController
信息: Created LOCALREPOSITORY flow controller, for prefix /ccnx.org/test/CCNNetworkTestRepo-15-03-16-09.58.16/content_3948460777857713998, save type LOCALREPOSITORY
三月 16, 2015 9:58:18 上午 org.ccnx.ccn.impl.CCNFlowControl addNameSpace
信息: Flow controller addNameSpace: added namespace: /ccnx.org/test/CCNNetworkTestRepo-15-03-16-09.58.16/content_3948460777857713998
三月 16, 2015 9:58:18 上午 org.ccnx.ccn.impl.security.keys.BasicKeyManager getKeyLocator
信息: getKeyLocator: returning locator NAME: /ccnx.org/Users/cb/Keys/%C1.M.K%00K=B082A16E5382FBAAA09FBE303E24E042E37E88C290E054292521DECA236523/=FD055059931000 KEY:itggagmsks2vela17tu60v29o22sdv8hgkgs1a2i991rr526p93 for key S7CCoW5TgvuqoJ++MD4k4ELjfojCkOBUKSUh3sojZSM=
三月 16, 2015 9:58:18 上午 org.ccnx.ccn.io.CCNAbstractOutputStream <init>
信息: CCNAbstractOutputStream: /ccnx.org/test/CCNNetworkTestRepo-15-03-16-09.58.16/content_3948460777857713998/=FD0550638BA05E blocksize is 4096
三月 16, 2015 9:58:18 上午 org.ccnx.ccn.io.CCNAbstractOutputStream startWrite
信息: CCNAbstractOutputStream: startWrite -- searching for keys.
三月 16, 2015 9:58:18 上午 org.ccnx.ccn.profiles.security.access.AccessControlManager keysForOutput
信息: keysForOutput: found an acm: (null)
三月 16, 2015 9:58:18 上午 org.ccnx.ccn.impl.repo.RepositoryFlowControl startWrite
信息: RepositoryFlowControl.startWrite called for name /ccnx.org/test/CCNNetworkTestRepo-15-03-16-09.58.16/content_3948460777857713998/=FD0550638BA05E, shape STREAM
三月 16, 2015 9:58:18 上午 org.ccnx.ccn.impl.repo.RepositoryFlowControl handleContent
信息: handleContent: got potential repo message: /ccnx.org/test/CCNNetworkTestRepo-15-03-16-09.58.16/content_3948460777857713998/=FD0550638BA05E/%C1.R.sw/%C1.N=00EBE10B9C75620DF2
三月 16, 2015 9:58:18 上午 org.ccnx.ccn.io.CCNOutputStream flushToNetwork
信息: flush: outputting to the segmenter, baseName /ccnx.org/test/CCNNetworkTestRepo-15-03-16-09.58.16/content_3948460777857713998/=FD0550638BA05E basenameindex =00; 15 bytes written, holding back 15 flushing final blocks? false.
三月 16, 2015 9:58:18 上午 org.ccnx.ccn.io.CCNOutputStream flushToNetwork
信息: HEADER: CCNOutputStream: flushToNetwork: new _baseNameIndex 0
三月 16, 2015 9:58:18 上午 org.ccnx.ccn.io.CCNOutputStream flushToNetwork
信息: flush: outputting to the segmenter, baseName /ccnx.org/test/CCNNetworkTestRepo-15-03-16-09.58.16/content_3948460777857713998/=FD0550638BA05E basenameindex =00; 15 bytes written, holding back 0 flushing final blocks? true.
三月 16, 2015 9:58:18 上午 org.ccnx.ccn.io.CCNOutputStream flushToNetwork
信息: HEADER: CCNOutputStream: flushToNetwork: new _baseNameIndex 1
三月 16, 2015 9:58:18 上午 org.ccnx.ccn.io.CCNOutputStream close
信息: CCNOutputStream close: /ccnx.org/test/CCNNetworkTestRepo-15-03-16-09.58.16/content_3948460777857713998/=FD0550638BA05E
三月 16, 2015 9:58:18 上午 org.ccnx.ccn.io.content.CCNNetworkObject createFlowController
信息: Created LOCALREPOSITORY flow controller, for prefix /ccnx.org/test/CCNNetworkTestRepo-15-03-16-09.58.16/content_3948460777857713998, save type LOCALREPOSITORY
三月 16, 2015 9:58:18 上午 org.ccnx.ccn.impl.CCNFlowControl addNameSpace
信息: Flow controller addNameSpace: added namespace: /ccnx.org/test/CCNNetworkTestRepo-15-03-16-09.58.16/content_3948460777857713998
三月 16, 2015 9:58:18 上午 org.ccnx.ccn.impl.security.keys.BasicKeyManager getKeyLocator
信息: getKeyLocator: returning locator NAME: /ccnx.org/Users/cb/Keys/%C1.M.K%00K=B082A16E5382FBAAA09FBE303E24E042E37E88C290E054292521DECA236523/=FD055059931000 KEY:itggagmsks2vela17tu60v29o22sdv8hgkgs1a2i991rr526p93 for key S7CCoW5TgvuqoJ++MD4k4ELjfojCkOBUKSUh3sojZSM=
三月 16, 2015 9:58:18 上午 org.ccnx.ccn.io.CCNAbstractOutputStream <init>
信息: CCNAbstractOutputStream: /ccnx.org/test/CCNNetworkTestRepo-15-03-16-09.58.16/content_3948460777857713998/=FD0550638BA1DB blocksize is 4096
三月 16, 2015 9:58:18 上午 org.ccnx.ccn.io.CCNAbstractOutputStream startWrite
信息: CCNAbstractOutputStream: startWrite -- searching for keys.
三月 16, 2015 9:58:18 上午 org.ccnx.ccn.profiles.security.access.AccessControlManager keysForOutput
信息: keysForOutput: found an acm: (null)
三月 16, 2015 9:58:18 上午 org.ccnx.ccn.impl.repo.RepositoryFlowControl startWrite
信息: RepositoryFlowControl.startWrite called for name /ccnx.org/test/CCNNetworkTestRepo-15-03-16-09.58.16/content_3948460777857713998/=FD0550638BA1DB, shape STREAM
三月 16, 2015 9:58:18 上午 org.ccnx.ccn.impl.repo.RepositoryFlowControl handleContent
信息: handleContent: got potential repo message: /ccnx.org/test/CCNNetworkTestRepo-15-03-16-09.58.16/content_3948460777857713998/=FD0550638BA1DB/%C1.R.sw/%C1.N=0026340909BEDA5D06
三月 16, 2015 9:58:18 上午 org.ccnx.ccn.io.CCNOutputStream flushToNetwork
信息: flush: outputting to the segmenter, baseName /ccnx.org/test/CCNNetworkTestRepo-15-03-16-09.58.16/content_3948460777857713998/=FD0550638BA1DB basenameindex =00; 15 bytes written, holding back 15 flushing final blocks? false.
三月 16, 2015 9:58:18 上午 org.ccnx.ccn.io.CCNOutputStream flushToNetwork
信息: HEADER: CCNOutputStream: flushToNetwork: new _baseNameIndex 0
三月 16, 2015 9:58:18 上午 org.ccnx.ccn.io.CCNOutputStream flushToNetwork
信息: flush: outputting to the segmenter, baseName /ccnx.org/test/CCNNetworkTestRepo-15-03-16-09.58.16/content_3948460777857713998/=FD0550638BA1DB basenameindex =00; 15 bytes written, holding back 0 flushing final blocks? true.
三月 16, 2015 9:58:18 上午 org.ccnx.ccn.io.CCNOutputStream flushToNetwork
信息: HEADER: CCNOutputStream: flushToNetwork: new _baseNameIndex 1
三月 16, 2015 9:58:18 上午 org.ccnx.ccn.io.CCNOutputStream close
信息: CCNOutputStream close: /ccnx.org/test/CCNNetworkTestRepo-15-03-16-09.58.16/content_3948460777857713998/=FD0550638BA1DB
三月 16, 2015 9:58:18 上午 org.ccnx.ccn.io.content.CCNNetworkObject createFlowController
信息: Created LOCALREPOSITORY flow controller, for prefix /ccnx.org/test/CCNNetworkTestRepo-15-03-16-09.58.16/content_3948460777857713998, save type LOCALREPOSITORY
三月 16, 2015 9:58:18 上午 org.ccnx.ccn.impl.CCNFlowControl addNameSpace
信息: Flow controller addNameSpace: added namespace: /ccnx.org/test/CCNNetworkTestRepo-15-03-16-09.58.16/content_3948460777857713998
三月 16, 2015 9:58:18 上午 org.ccnx.ccn.impl.security.keys.BasicKeyManager getKeyLocator
信息: getKeyLocator: returning locator NAME: /ccnx.org/Users/cb/Keys/%C1.M.K%00K=B082A16E5382FBAAA09FBE303E24E042E37E88C290E054292521DECA236523/=FD055059931000 KEY:itggagmsks2vela17tu60v29o22sdv8hgkgs1a2i991rr526p93 for key S7CCoW5TgvuqoJ++MD4k4ELjfojCkOBUKSUh3sojZSM=
三月 16, 2015 9:58:18 上午 org.ccnx.ccn.io.CCNAbstractOutputStream <init>
信息: CCNAbstractOutputStream: /ccnx.org/test/CCNNetworkTestRepo-15-03-16-09.58.16/content_3948460777857713998/=FD0550638BA396 blocksize is 4096
三月 16, 2015 9:58:18 上午 org.ccnx.ccn.io.CCNAbstractOutputStream startWrite
信息: CCNAbstractOutputStream: startWrite -- searching for keys.
三月 16, 2015 9:58:18 上午 org.ccnx.ccn.profiles.security.access.AccessControlManager keysForOutput
信息: keysForOutput: found an acm: (null)
三月 16, 2015 9:58:18 上午 org.ccnx.ccn.impl.repo.RepositoryFlowControl startWrite
信息: RepositoryFlowControl.startWrite called for name /ccnx.org/test/CCNNetworkTestRepo-15-03-16-09.58.16/content_3948460777857713998/=FD0550638BA396, shape STREAM
三月 16, 2015 9:58:18 上午 org.ccnx.ccn.impl.repo.RepositoryFlowControl handleContent
信息: handleContent: got potential repo message: /ccnx.org/test/CCNNetworkTestRepo-15-03-16-09.58.16/content_3948460777857713998/=FD0550638BA396/%C1.R.sw/%C1.N=0085D52E859872C40E
三月 16, 2015 9:58:18 上午 org.ccnx.ccn.io.CCNOutputStream flushToNetwork
信息: flush: outputting to the segmenter, baseName /ccnx.org/test/CCNNetworkTestRepo-15-03-16-09.58.16/content_3948460777857713998/=FD0550638BA396 basenameindex =00; 15 bytes written, holding back 15 flushing final blocks? false.
三月 16, 2015 9:58:18 上午 org.ccnx.ccn.io.CCNOutputStream flushToNetwork
信息: HEADER: CCNOutputStream: flushToNetwork: new _baseNameIndex 0
三月 16, 2015 9:58:18 上午 org.ccnx.ccn.io.CCNOutputStream flushToNetwork
信息: flush: outputting to the segmenter, baseName /ccnx.org/test/CCNNetworkTestRepo-15-03-16-09.58.16/content_3948460777857713998/=FD0550638BA396 basenameindex =00; 15 bytes written, holding back 0 flushing final blocks? true.
三月 16, 2015 9:58:18 上午 org.ccnx.ccn.io.CCNOutputStream flushToNetwork
信息: HEADER: CCNOutputStream: flushToNetwork: new _baseNameIndex 1
三月 16, 2015 9:58:18 上午 org.ccnx.ccn.io.CCNOutputStream close
信息: CCNOutputStream close: /ccnx.org/test/CCNNetworkTestRepo-15-03-16-09.58.16/content_3948460777857713998/=FD0550638BA396
三月 16, 2015 9:58:18 上午 org.ccnx.ccn.io.content.CCNNetworkObject createFlowController
信息: Created LOCALREPOSITORY flow controller, for prefix /ccnx.org/test/CCNNetworkTestRepo-15-03-16-09.58.16/content_3948460777857713998, save type LOCALREPOSITORY
三月 16, 2015 9:58:18 上午 org.ccnx.ccn.impl.CCNFlowControl addNameSpace
信息: Flow controller addNameSpace: added namespace: /ccnx.org/test/CCNNetworkTestRepo-15-03-16-09.58.16/content_3948460777857713998
三月 16, 2015 9:58:18 上午 org.ccnx.ccn.impl.security.keys.BasicKeyManager getKeyLocator
信息: getKeyLocator: returning locator NAME: /ccnx.org/Users/cb/Keys/%C1.M.K%00K=B082A16E5382FBAAA09FBE303E24E042E37E88C290E054292521DECA236523/=FD055059931000 KEY:itggagmsks2vela17tu60v29o22sdv8hgkgs1a2i991rr526p93 for key S7CCoW5TgvuqoJ++MD4k4ELjfojCkOBUKSUh3sojZSM=
三月 16, 2015 9:58:18 上午 org.ccnx.ccn.io.CCNAbstractOutputStream <init>
信息: CCNAbstractOutputStream: /ccnx.org/test/CCNNetworkTestRepo-15-03-16-09.58.16/content_3948460777857713998/=FD0550638BA533 blocksize is 4096
三月 16, 2015 9:58:18 上午 org.ccnx.ccn.io.CCNAbstractOutputStream startWrite
信息: CCNAbstractOutputStream: startWrite -- searching for keys.
三月 16, 2015 9:58:18 上午 org.ccnx.ccn.profiles.security.access.AccessControlManager keysForOutput
信息: keysForOutput: found an acm: (null)
三月 16, 2015 9:58:18 上午 org.ccnx.ccn.impl.repo.RepositoryFlowControl startWrite
信息: RepositoryFlowControl.startWrite called for name /ccnx.org/test/CCNNetworkTestRepo-15-03-16-09.58.16/content_3948460777857713998/=FD0550638BA533, shape STREAM
三月 16, 2015 9:58:18 上午 org.ccnx.ccn.impl.repo.RepositoryFlowControl handleContent
信息: handleContent: got potential repo message: /ccnx.org/test/CCNNetworkTestRepo-15-03-16-09.58.16/content_3948460777857713998/=FD0550638BA533/%C1.R.sw/%C1.N=009FB47E6525A7D769
三月 16, 2015 9:58:18 上午 org.ccnx.ccn.io.CCNOutputStream flushToNetwork
信息: flush: outputting to the segmenter, baseName /ccnx.org/test/CCNNetworkTestRepo-15-03-16-09.58.16/content_3948460777857713998/=FD0550638BA533 basenameindex =00; 15 bytes written, holding back 15 flushing final blocks? false.
三月 16, 2015 9:58:18 上午 org.ccnx.ccn.io.CCNOutputStream flushToNetwork
信息: HEADER: CCNOutputStream: flushToNetwork: new _baseNameIndex 0
三月 16, 2015 9:58:18 上午 org.ccnx.ccn.io.CCNOutputStream flushToNetwork
信息: flush: outputting to the segmenter, baseName /ccnx.org/test/CCNNetworkTestRepo-15-03-16-09.58.16/content_3948460777857713998/=FD0550638BA533 basenameindex =00; 15 bytes written, holding back 0 flushing final blocks? true.
三月 16, 2015 9:58:18 上午 org.ccnx.ccn.io.CCNOutputStream flushToNetwork
信息: HEADER: CCNOutputStream: flushToNetwork: new _baseNameIndex 1
三月 16, 2015 9:58:18 上午 org.ccnx.ccn.io.CCNOutputStream close
信息: CCNOutputStream close: /ccnx.org/test/CCNNetworkTestRepo-15-03-16-09.58.16/content_3948460777857713998/=FD0550638BA533
三月 16, 2015 9:58:18 上午 org.ccnx.ccn.io.content.CCNNetworkObject createFlowController
信息: Created LOCALREPOSITORY flow controller, for prefix /ccnx.org/test/CCNNetworkTestRepo-15-03-16-09.58.16/content_3948460777857713998, save type LOCALREPOSITORY
三月 16, 2015 9:58:18 上午 org.ccnx.ccn.impl.CCNFlowControl addNameSpace
信息: Flow controller addNameSpace: added namespace: /ccnx.org/test/CCNNetworkTestRepo-15-03-16-09.58.16/content_3948460777857713998
三月 16, 2015 9:58:18 上午 org.ccnx.ccn.impl.security.keys.BasicKeyManager getKeyLocator
信息: getKeyLocator: returning locator NAME: /ccnx.org/Users/cb/Keys/%C1.M.K%00K=B082A16E5382FBAAA09FBE303E24E042E37E88C290E054292521DECA236523/=FD055059931000 KEY:itggagmsks2vela17tu60v29o22sdv8hgkgs1a2i991rr526p93 for key S7CCoW5TgvuqoJ++MD4k4ELjfojCkOBUKSUh3sojZSM=
三月 16, 2015 9:58:18 上午 org.ccnx.ccn.io.CCNAbstractOutputStream <init>
信息: CCNAbstractOutputStream: /ccnx.org/test/CCNNetworkTestRepo-15-03-16-09.58.16/content_3948460777857713998/=FD0550638BA6CD blocksize is 4096
三月 16, 2015 9:58:18 上午 org.ccnx.ccn.io.CCNAbstractOutputStream startWrite
信息: CCNAbstractOutputStream: startWrite -- searching for keys.
三月 16, 2015 9:58:18 上午 org.ccnx.ccn.profiles.security.access.AccessControlManager keysForOutput
信息: keysForOutput: found an acm: (null)
三月 16, 2015 9:58:18 上午 org.ccnx.ccn.impl.repo.RepositoryFlowControl startWrite
信息: RepositoryFlowControl.startWrite called for name /ccnx.org/test/CCNNetworkTestRepo-15-03-16-09.58.16/content_3948460777857713998/=FD0550638BA6CD, shape STREAM
三月 16, 2015 9:58:18 上午 org.ccnx.ccn.impl.repo.RepositoryFlowControl handleContent
信息: handleContent: got potential repo message: /ccnx.org/test/CCNNetworkTestRepo-15-03-16-09.58.16/content_3948460777857713998/=FD0550638BA6CD/%C1.R.sw/%C1.N=00CEC0F7A25E99A296
三月 16, 2015 9:58:18 上午 org.ccnx.ccn.io.CCNOutputStream flushToNetwork
信息: flush: outputting to the segmenter, baseName /ccnx.org/test/CCNNetworkTestRepo-15-03-16-09.58.16/content_3948460777857713998/=FD0550638BA6CD basenameindex =00; 15 bytes written, holding back 15 flushing final blocks? false.
三月 16, 2015 9:58:18 上午 org.ccnx.ccn.io.CCNOutputStream flushToNetwork
信息: HEADER: CCNOutputStream: flushToNetwork: new _baseNameIndex 0
三月 16, 2015 9:58:18 上午 org.ccnx.ccn.io.CCNOutputStream flushToNetwork
信息: flush: outputting to the segmenter, baseName /ccnx.org/test/CCNNetworkTestRepo-15-03-16-09.58.16/content_3948460777857713998/=FD0550638BA6CD basenameindex =00; 15 bytes written, holding back 0 flushing final blocks? true.
三月 16, 2015 9:58:18 上午 org.ccnx.ccn.io.CCNOutputStream flushToNetwork
信息: HEADER: CCNOutputStream: flushToNetwork: new _baseNameIndex 1
三月 16, 2015 9:58:18 上午 org.ccnx.ccn.io.CCNOutputStream close
信息: CCNOutputStream close: /ccnx.org/test/CCNNetworkTestRepo-15-03-16-09.58.16/content_3948460777857713998/=FD0550638BA6CD
三月 16, 2015 9:58:18 上午 org.ccnx.ccn.io.content.CCNNetworkObject createFlowController
信息: Created LOCALREPOSITORY flow controller, for prefix /ccnx.org/test/CCNNetworkTestRepo-15-03-16-09.58.16/content_3948460777857713998, save type LOCALREPOSITORY
三月 16, 2015 9:58:18 上午 org.ccnx.ccn.impl.CCNFlowControl addNameSpace
信息: Flow controller addNameSpace: added namespace: /ccnx.org/test/CCNNetworkTestRepo-15-03-16-09.58.16/content_3948460777857713998
三月 16, 2015 9:58:18 上午 org.ccnx.ccn.impl.security.keys.BasicKeyManager getKeyLocator
信息: getKeyLocator: returning locator NAME: /ccnx.org/Users/cb/Keys/%C1.M.K%00K=B082A16E5382FBAAA09FBE303E24E042E37E88C290E054292521DECA236523/=FD055059931000 KEY:itggagmsks2vela17tu60v29o22sdv8hgkgs1a2i991rr526p93 for key S7CCoW5TgvuqoJ++MD4k4ELjfojCkOBUKSUh3sojZSM=
三月 16, 2015 9:58:18 上午 org.ccnx.ccn.io.CCNAbstractOutputStream <init>
信息: CCNAbstractOutputStream: /ccnx.org/test/CCNNetworkTestRepo-15-03-16-09.58.16/content_3948460777857713998/=FD0550638BA856 blocksize is 4096
三月 16, 2015 9:58:18 上午 org.ccnx.ccn.io.CCNAbstractOutputStream startWrite
信息: CCNAbstractOutputStream: startWrite -- searching for keys.
三月 16, 2015 9:58:18 上午 org.ccnx.ccn.profiles.security.access.AccessControlManager keysForOutput
信息: keysForOutput: found an acm: (null)
三月 16, 2015 9:58:18 上午 org.ccnx.ccn.impl.repo.RepositoryFlowControl startWrite
信息: RepositoryFlowControl.startWrite called for name /ccnx.org/test/CCNNetworkTestRepo-15-03-16-09.58.16/content_3948460777857713998/=FD0550638BA856, shape STREAM
三月 16, 2015 9:58:18 上午 org.ccnx.ccn.impl.repo.RepositoryFlowControl handleContent
信息: handleContent: got potential repo message: /ccnx.org/test/CCNNetworkTestRepo-15-03-16-09.58.16/content_3948460777857713998/=FD0550638BA856/%C1.R.sw/%C1.N=00845929650E70ABBF
三月 16, 2015 9:58:18 上午 org.ccnx.ccn.io.CCNOutputStream flushToNetwork
信息: flush: outputting to the segmenter, baseName /ccnx.org/test/CCNNetworkTestRepo-15-03-16-09.58.16/content_3948460777857713998/=FD0550638BA856 basenameindex =00; 16 bytes written, holding back 16 flushing final blocks? false.
三月 16, 2015 9:58:18 上午 org.ccnx.ccn.io.CCNOutputStream flushToNetwork
信息: HEADER: CCNOutputStream: flushToNetwork: new _baseNameIndex 0
三月 16, 2015 9:58:18 上午 org.ccnx.ccn.io.CCNOutputStream flushToNetwork
信息: flush: outputting to the segmenter, baseName /ccnx.org/test/CCNNetworkTestRepo-15-03-16-09.58.16/content_3948460777857713998/=FD0550638BA856 basenameindex =00; 16 bytes written, holding back 0 flushing final blocks? true.
三月 16, 2015 9:58:18 上午 org.ccnx.ccn.io.CCNOutputStream flushToNetwork
信息: HEADER: CCNOutputStream: flushToNetwork: new _baseNameIndex 1
三月 16, 2015 9:58:18 上午 org.ccnx.ccn.io.CCNOutputStream close
信息: CCNOutputStream close: /ccnx.org/test/CCNNetworkTestRepo-15-03-16-09.58.16/content_3948460777857713998/=FD0550638BA856
三月 16, 2015 9:58:18 上午 org.ccnx.ccn.io.content.CCNNetworkObject createFlowController
信息: Created LOCALREPOSITORY flow controller, for prefix /ccnx.org/test/CCNNetworkTestRepo-15-03-16-09.58.16/content_3948460777857713998, save type LOCALREPOSITORY
三月 16, 2015 9:58:18 上午 org.ccnx.ccn.impl.CCNFlowControl addNameSpace
信息: Flow controller addNameSpace: added namespace: /ccnx.org/test/CCNNetworkTestRepo-15-03-16-09.58.16/content_3948460777857713998
三月 16, 2015 9:58:18 上午 org.ccnx.ccn.impl.security.keys.BasicKeyManager getKeyLocator
信息: getKeyLocator: returning locator NAME: /ccnx.org/Users/cb/Keys/%C1.M.K%00K=B082A16E5382FBAAA09FBE303E24E042E37E88C290E054292521DECA236523/=FD055059931000 KEY:itggagmsks2vela17tu60v29o22sdv8hgkgs1a2i991rr526p93 for key S7CCoW5TgvuqoJ++MD4k4ELjfojCkOBUKSUh3sojZSM=
三月 16, 2015 9:58:18 上午 org.ccnx.ccn.io.CCNAbstractOutputStream <init>
信息: CCNAbstractOutputStream: /ccnx.org/test/CCNNetworkTestRepo-15-03-16-09.58.16/content_3948460777857713998/=FD0550638BA9EC blocksize is 4096
三月 16, 2015 9:58:18 上午 org.ccnx.ccn.io.CCNAbstractOutputStream startWrite
信息: CCNAbstractOutputStream: startWrite -- searching for keys.
三月 16, 2015 9:58:18 上午 org.ccnx.ccn.profiles.security.access.AccessControlManager keysForOutput
信息: keysForOutput: found an acm: (null)
三月 16, 2015 9:58:18 上午 org.ccnx.ccn.impl.repo.RepositoryFlowControl startWrite
信息: RepositoryFlowControl.startWrite called for name /ccnx.org/test/CCNNetworkTestRepo-15-03-16-09.58.16/content_3948460777857713998/=FD0550638BA9EC, shape STREAM
三月 16, 2015 9:58:18 上午 org.ccnx.ccn.impl.repo.RepositoryFlowControl handleContent
信息: handleContent: got potential repo message: /ccnx.org/test/CCNNetworkTestRepo-15-03-16-09.58.16/content_3948460777857713998/=FD0550638BA9EC/%C1.R.sw/%C1.N%00vKq5=857B61C8
三月 16, 2015 9:58:18 上午 org.ccnx.ccn.io.CCNOutputStream flushToNetwork
信息: flush: outputting to the segmenter, baseName /ccnx.org/test/CCNNetworkTestRepo-15-03-16-09.58.16/content_3948460777857713998/=FD0550638BA9EC basenameindex =00; 16 bytes written, holding back 16 flushing final blocks? false.
三月 16, 2015 9:58:18 上午 org.ccnx.ccn.io.CCNOutputStream flushToNetwork
信息: HEADER: CCNOutputStream: flushToNetwork: new _baseNameIndex 0
三月 16, 2015 9:58:18 上午 org.ccnx.ccn.io.CCNOutputStream flushToNetwork
信息: flush: outputting to the segmenter, baseName /ccnx.org/test/CCNNetworkTestRepo-15-03-16-09.58.16/content_3948460777857713998/=FD0550638BA9EC basenameindex =00; 16 bytes written, holding back 0 flushing final blocks? true.
三月 16, 2015 9:58:18 上午 org.ccnx.ccn.io.CCNOutputStream flushToNetwork
信息: HEADER: CCNOutputStream: flushToNetwork: new _baseNameIndex 1
三月 16, 2015 9:58:18 上午 org.ccnx.ccn.io.CCNOutputStream close
信息: CCNOutputStream close: /ccnx.org/test/CCNNetworkTestRepo-15-03-16-09.58.16/content_3948460777857713998/=FD0550638BA9EC
三月 16, 2015 9:58:18 上午 org.ccnx.ccn.io.content.CCNNetworkObject createFlowController
信息: Created LOCALREPOSITORY flow controller, for prefix /ccnx.org/test/CCNNetworkTestRepo-15-03-16-09.58.16/content_3948460777857713998, save type LOCALREPOSITORY
三月 16, 2015 9:58:18 上午 org.ccnx.ccn.impl.CCNFlowControl addNameSpace
信息: Flow controller addNameSpace: added namespace: /ccnx.org/test/CCNNetworkTestRepo-15-03-16-09.58.16/content_3948460777857713998
三月 16, 2015 9:58:18 上午 org.ccnx.ccn.impl.security.keys.BasicKeyManager getKeyLocator
信息: getKeyLocator: returning locator NAME: /ccnx.org/Users/cb/Keys/%C1.M.K%00K=B082A16E5382FBAAA09FBE303E24E042E37E88C290E054292521DECA236523/=FD055059931000 KEY:itggagmsks2vela17tu60v29o22sdv8hgkgs1a2i991rr526p93 for key S7CCoW5TgvuqoJ++MD4k4ELjfojCkOBUKSUh3sojZSM=
三月 16, 2015 9:58:18 上午 org.ccnx.ccn.io.CCNAbstractOutputStream <init>
信息: CCNAbstractOutputStream: /ccnx.org/test/CCNNetworkTestRepo-15-03-16-09.58.16/content_3948460777857713998/=FD0550638BAB50 blocksize is 4096
三月 16, 2015 9:58:18 上午 org.ccnx.ccn.io.CCNAbstractOutputStream startWrite
信息: CCNAbstractOutputStream: startWrite -- searching for keys.
三月 16, 2015 9:58:18 上午 org.ccnx.ccn.profiles.security.access.AccessControlManager keysForOutput
信息: keysForOutput: found an acm: (null)
三月 16, 2015 9:58:18 上午 org.ccnx.ccn.impl.repo.RepositoryFlowControl startWrite
信息: RepositoryFlowControl.startWrite called for name /ccnx.org/test/CCNNetworkTestRepo-15-03-16-09.58.16/content_3948460777857713998/=FD0550638BAB50, shape STREAM
三月 16, 2015 9:58:18 上午 org.ccnx.ccn.impl.repo.RepositoryFlowControl handleContent
信息: handleContent: got potential repo message: /ccnx.org/test/CCNNetworkTestRepo-15-03-16-09.58.16/content_3948460777857713998/=FD0550638BAB50/%C1.R.sw/%C1.N=00224C98FDDEB40AFB
三月 16, 2015 9:58:18 上午 org.ccnx.ccn.io.CCNOutputStream flushToNetwork
信息: flush: outputting to the segmenter, baseName /ccnx.org/test/CCNNetworkTestRepo-15-03-16-09.58.16/content_3948460777857713998/=FD0550638BAB50 basenameindex =00; 16 bytes written, holding back 16 flushing final blocks? false.
三月 16, 2015 9:58:18 上午 org.ccnx.ccn.io.CCNOutputStream flushToNetwork
信息: HEADER: CCNOutputStream: flushToNetwork: new _baseNameIndex 0
三月 16, 2015 9:58:18 上午 org.ccnx.ccn.io.CCNOutputStream flushToNetwork
信息: flush: outputting to the segmenter, baseName /ccnx.org/test/CCNNetworkTestRepo-15-03-16-09.58.16/content_3948460777857713998/=FD0550638BAB50 basenameindex =00; 16 bytes written, holding back 0 flushing final blocks? true.
三月 16, 2015 9:58:18 上午 org.ccnx.ccn.io.CCNOutputStream flushToNetwork
信息: HEADER: CCNOutputStream: flushToNetwork: new _baseNameIndex 1
三月 16, 2015 9:58:18 上午 org.ccnx.ccn.io.CCNOutputStream close
信息: CCNOutputStream close: /ccnx.org/test/CCNNetworkTestRepo-15-03-16-09.58.16/content_3948460777857713998/=FD0550638BAB50
三月 16, 2015 9:58:18 上午 org.ccnx.ccn.io.content.CCNNetworkObject createFlowController
信息: Created LOCALREPOSITORY flow controller, for prefix /ccnx.org/test/CCNNetworkTestRepo-15-03-16-09.58.16/content_3948460777857713998, save type LOCALREPOSITORY
三月 16, 2015 9:58:18 上午 org.ccnx.ccn.impl.CCNFlowControl addNameSpace
信息: Flow controller addNameSpace: added namespace: /ccnx.org/test/CCNNetworkTestRepo-15-03-16-09.58.16/content_3948460777857713998
三月 16, 2015 9:58:18 上午 org.ccnx.ccn.impl.security.keys.BasicKeyManager getKeyLocator
信息: getKeyLocator: returning locator NAME: /ccnx.org/Users/cb/Keys/%C1.M.K%00K=B082A16E5382FBAAA09FBE303E24E042E37E88C290E054292521DECA236523/=FD055059931000 KEY:itggagmsks2vela17tu60v29o22sdv8hgkgs1a2i991rr526p93 for key S7CCoW5TgvuqoJ++MD4k4ELjfojCkOBUKSUh3sojZSM=
三月 16, 2015 9:58:18 上午 org.ccnx.ccn.io.CCNAbstractOutputStream <init>
信息: CCNAbstractOutputStream: /ccnx.org/test/CCNNetworkTestRepo-15-03-16-09.58.16/content_3948460777857713998/=FD0550638BACDD blocksize is 4096
三月 16, 2015 9:58:18 上午 org.ccnx.ccn.io.CCNAbstractOutputStream startWrite
信息: CCNAbstractOutputStream: startWrite -- searching for keys.
三月 16, 2015 9:58:18 上午 org.ccnx.ccn.profiles.security.access.AccessControlManager keysForOutput
信息: keysForOutput: found an acm: (null)
三月 16, 2015 9:58:18 上午 org.ccnx.ccn.impl.repo.RepositoryFlowControl startWrite
信息: RepositoryFlowControl.startWrite called for name /ccnx.org/test/CCNNetworkTestRepo-15-03-16-09.58.16/content_3948460777857713998/=FD0550638BACDD, shape STREAM
三月 16, 2015 9:58:18 上午 org.ccnx.ccn.impl.repo.RepositoryFlowControl handleContent
信息: handleContent: got potential repo message: /ccnx.org/test/CCNNetworkTestRepo-15-03-16-09.58.16/content_3948460777857713998/=FD0550638BACDD/%C1.R.sw/%C1.N=007DEBFFE709C9E171
三月 16, 2015 9:58:18 上午 org.ccnx.ccn.io.CCNOutputStream flushToNetwork
信息: flush: outputting to the segmenter, baseName /ccnx.org/test/CCNNetworkTestRepo-15-03-16-09.58.16/content_3948460777857713998/=FD0550638BACDD basenameindex =00; 16 bytes written, holding back 16 flushing final blocks? false.
三月 16, 2015 9:58:18 上午 org.ccnx.ccn.io.CCNOutputStream flushToNetwork
信息: HEADER: CCNOutputStream: flushToNetwork: new _baseNameIndex 0
三月 16, 2015 9:58:18 上午 org.ccnx.ccn.io.CCNOutputStream flushToNetwork
信息: flush: outputting to the segmenter, baseName /ccnx.org/test/CCNNetworkTestRepo-15-03-16-09.58.16/content_3948460777857713998/=FD0550638BACDD basenameindex =00; 16 bytes written, holding back 0 flushing final blocks? true.
三月 16, 2015 9:58:18 上午 org.ccnx.ccn.io.CCNOutputStream flushToNetwork
信息: HEADER: CCNOutputStream: flushToNetwork: new _baseNameIndex 1
三月 16, 2015 9:58:18 上午 org.ccnx.ccn.io.CCNOutputStream close
信息: CCNOutputStream close: /ccnx.org/test/CCNNetworkTestRepo-15-03-16-09.58.16/content_3948460777857713998/=FD0550638BACDD
三月 16, 2015 9:58:18 上午 org.ccnx.ccn.io.content.CCNNetworkObject createFlowController
信息: Created LOCALREPOSITORY flow controller, for prefix /ccnx.org/test/CCNNetworkTestRepo-15-03-16-09.58.16/content_3948460777857713998, save type LOCALREPOSITORY
三月 16, 2015 9:58:18 上午 org.ccnx.ccn.impl.CCNFlowControl addNameSpace
信息: Flow controller addNameSpace: added namespace: /ccnx.org/test/CCNNetworkTestRepo-15-03-16-09.58.16/content_3948460777857713998
三月 16, 2015 9:58:18 上午 org.ccnx.ccn.impl.security.keys.BasicKeyManager getKeyLocator
信息: getKeyLocator: returning locator NAME: /ccnx.org/Users/cb/Keys/%C1.M.K%00K=B082A16E5382FBAAA09FBE303E24E042E37E88C290E054292521DECA236523/=FD055059931000 KEY:itggagmsks2vela17tu60v29o22sdv8hgkgs1a2i991rr526p93 for key S7CCoW5TgvuqoJ++MD4k4ELjfojCkOBUKSUh3sojZSM=
三月 16, 2015 9:58:18 上午 org.ccnx.ccn.io.CCNAbstractOutputStream <init>
信息: CCNAbstractOutputStream: /ccnx.org/test/CCNNetworkTestRepo-15-03-16-09.58.16/content_3948460777857713998/=FD0550638BAE73 blocksize is 4096
三月 16, 2015 9:58:18 上午 org.ccnx.ccn.io.CCNAbstractOutputStream startWrite
信息: CCNAbstractOutputStream: startWrite -- searching for keys.
三月 16, 2015 9:58:18 上午 org.ccnx.ccn.profiles.security.access.AccessControlManager keysForOutput
信息: keysForOutput: found an acm: (null)
三月 16, 2015 9:58:18 上午 org.ccnx.ccn.impl.repo.RepositoryFlowControl startWrite
信息: RepositoryFlowControl.startWrite called for name /ccnx.org/test/CCNNetworkTestRepo-15-03-16-09.58.16/content_3948460777857713998/=FD0550638BAE73, shape STREAM
三月 16, 2015 9:58:18 上午 org.ccnx.ccn.impl.repo.RepositoryFlowControl handleContent
信息: handleContent: got potential repo message: /ccnx.org/test/CCNNetworkTestRepo-15-03-16-09.58.16/content_3948460777857713998/=FD0550638BAE73/%C1.R.sw/%C1.N=00C86CF7C40100F348
三月 16, 2015 9:58:18 上午 org.ccnx.ccn.io.CCNOutputStream flushToNetwork
信息: flush: outputting to the segmenter, baseName /ccnx.org/test/CCNNetworkTestRepo-15-03-16-09.58.16/content_3948460777857713998/=FD0550638BAE73 basenameindex =00; 16 bytes written, holding back 16 flushing final blocks? false.
三月 16, 2015 9:58:18 上午 org.ccnx.ccn.io.CCNOutputStream flushToNetwork
信息: HEADER: CCNOutputStream: flushToNetwork: new _baseNameIndex 0
三月 16, 2015 9:58:18 上午 org.ccnx.ccn.io.CCNOutputStream flushToNetwork
信息: flush: outputting to the segmenter, baseName /ccnx.org/test/CCNNetworkTestRepo-15-03-16-09.58.16/content_3948460777857713998/=FD0550638BAE73 basenameindex =00; 16 bytes written, holding back 0 flushing final blocks? true.
三月 16, 2015 9:58:18 上午 org.ccnx.ccn.io.CCNOutputStream flushToNetwork
信息: HEADER: CCNOutputStream: flushToNetwork: new _baseNameIndex 1
三月 16, 2015 9:58:18 上午 org.ccnx.ccn.io.CCNOutputStream close
信息: CCNOutputStream close: /ccnx.org/test/CCNNetworkTestRepo-15-03-16-09.58.16/content_3948460777857713998/=FD0550638BAE73
三月 16, 2015 9:58:18 上午 org.ccnx.ccn.io.content.CCNNetworkObject createFlowController
信息: Created LOCALREPOSITORY flow controller, for prefix /ccnx.org/test/CCNNetworkTestRepo-15-03-16-09.58.16/content_3948460777857713998, save type LOCALREPOSITORY
三月 16, 2015 9:58:19 上午 org.ccnx.ccn.impl.CCNFlowControl addNameSpace
信息: Flow controller addNameSpace: added namespace: /ccnx.org/test/CCNNetworkTestRepo-15-03-16-09.58.16/content_3948460777857713998
三月 16, 2015 9:58:19 上午 org.ccnx.ccn.impl.security.keys.BasicKeyManager getKeyLocator
信息: getKeyLocator: returning locator NAME: /ccnx.org/Users/cb/Keys/%C1.M.K%00K=B082A16E5382FBAAA09FBE303E24E042E37E88C290E054292521DECA236523/=FD055059931000 KEY:itggagmsks2vela17tu60v29o22sdv8hgkgs1a2i991rr526p93 for key S7CCoW5TgvuqoJ++MD4k4ELjfojCkOBUKSUh3sojZSM=
三月 16, 2015 9:58:19 上午 org.ccnx.ccn.io.CCNAbstractOutputStream <init>
信息: CCNAbstractOutputStream: /ccnx.org/test/CCNNetworkTestRepo-15-03-16-09.58.16/content_3948460777857713998/=FD0550638BAFEC blocksize is 4096
三月 16, 2015 9:58:19 上午 org.ccnx.ccn.io.CCNAbstractOutputStream startWrite
信息: CCNAbstractOutputStream: startWrite -- searching for keys.
三月 16, 2015 9:58:19 上午 org.ccnx.ccn.profiles.security.access.AccessControlManager keysForOutput
信息: keysForOutput: found an acm: (null)
三月 16, 2015 9:58:19 上午 org.ccnx.ccn.impl.repo.RepositoryFlowControl startWrite
信息: RepositoryFlowControl.startWrite called for name /ccnx.org/test/CCNNetworkTestRepo-15-03-16-09.58.16/content_3948460777857713998/=FD0550638BAFEC, shape STREAM
三月 16, 2015 9:58:19 上午 org.ccnx.ccn.impl.repo.RepositoryFlowControl handleContent
信息: handleContent: got potential repo message: /ccnx.org/test/CCNNetworkTestRepo-15-03-16-09.58.16/content_3948460777857713998/=FD0550638BAFEC/%C1.R.sw/%C1.N=00E532EDE6CA0A3BFE
三月 16, 2015 9:58:19 上午 org.ccnx.ccn.io.CCNOutputStream flushToNetwork
信息: flush: outputting to the segmenter, baseName /ccnx.org/test/CCNNetworkTestRepo-15-03-16-09.58.16/content_3948460777857713998/=FD0550638BAFEC basenameindex =00; 16 bytes written, holding back 16 flushing final blocks? false.
三月 16, 2015 9:58:19 上午 org.ccnx.ccn.io.CCNOutputStream flushToNetwork
信息: HEADER: CCNOutputStream: flushToNetwork: new _baseNameIndex 0
三月 16, 2015 9:58:19 上午 org.ccnx.ccn.io.CCNOutputStream flushToNetwork
信息: flush: outputting to the segmenter, baseName /ccnx.org/test/CCNNetworkTestRepo-15-03-16-09.58.16/content_3948460777857713998/=FD0550638BAFEC basenameindex =00; 16 bytes written, holding back 0 flushing final blocks? true.
三月 16, 2015 9:58:19 上午 org.ccnx.ccn.io.CCNOutputStream flushToNetwork
信息: HEADER: CCNOutputStream: flushToNetwork: new _baseNameIndex 1
三月 16, 2015 9:58:19 上午 org.ccnx.ccn.io.CCNOutputStream close
信息: CCNOutputStream close: /ccnx.org/test/CCNNetworkTestRepo-15-03-16-09.58.16/content_3948460777857713998/=FD0550638BAFEC
三月 16, 2015 9:58:19 上午 org.ccnx.ccn.io.content.CCNNetworkObject createFlowController
信息: Created LOCALREPOSITORY flow controller, for prefix /ccnx.org/test/CCNNetworkTestRepo-15-03-16-09.58.16/content_3948460777857713998, save type LOCALREPOSITORY
三月 16, 2015 9:58:19 上午 org.ccnx.ccn.impl.CCNFlowControl addNameSpace
信息: Flow controller addNameSpace: added namespace: /ccnx.org/test/CCNNetworkTestRepo-15-03-16-09.58.16/content_3948460777857713998
三月 16, 2015 9:58:19 上午 org.ccnx.ccn.impl.security.keys.BasicKeyManager getKeyLocator
信息: getKeyLocator: returning locator NAME: /ccnx.org/Users/cb/Keys/%C1.M.K%00K=B082A16E5382FBAAA09FBE303E24E042E37E88C290E054292521DECA236523/=FD055059931000 KEY:itggagmsks2vela17tu60v29o22sdv8hgkgs1a2i991rr526p93 for key S7CCoW5TgvuqoJ++MD4k4ELjfojCkOBUKSUh3sojZSM=
三月 16, 2015 9:58:19 上午 org.ccnx.ccn.io.CCNAbstractOutputStream <init>
信息: CCNAbstractOutputStream: /ccnx.org/test/CCNNetworkTestRepo-15-03-16-09.58.16/content_3948460777857713998/=FD0550638BB19A blocksize is 4096
三月 16, 2015 9:58:19 上午 org.ccnx.ccn.io.CCNAbstractOutputStream startWrite
信息: CCNAbstractOutputStream: startWrite -- searching for keys.
三月 16, 2015 9:58:19 上午 org.ccnx.ccn.profiles.security.access.AccessControlManager keysForOutput
信息: keysForOutput: found an acm: (null)
三月 16, 2015 9:58:19 上午 org.ccnx.ccn.impl.repo.RepositoryFlowControl startWrite
信息: RepositoryFlowControl.startWrite called for name /ccnx.org/test/CCNNetworkTestRepo-15-03-16-09.58.16/content_3948460777857713998/=FD0550638BB19A, shape STREAM
三月 16, 2015 9:58:19 上午 org.ccnx.ccn.impl.repo.RepositoryFlowControl handleContent
信息: handleContent: got potential repo message: /ccnx.org/test/CCNNetworkTestRepo-15-03-16-09.58.16/content_3948460777857713998/=FD0550638BB19A/%C1.R.sw/%C1.N=009A39BBEC31A731E0
三月 16, 2015 9:58:19 上午 org.ccnx.ccn.io.CCNOutputStream flushToNetwork
信息: flush: outputting to the segmenter, baseName /ccnx.org/test/CCNNetworkTestRepo-15-03-16-09.58.16/content_3948460777857713998/=FD0550638BB19A basenameindex =00; 16 bytes written, holding back 16 flushing final blocks? false.
三月 16, 2015 9:58:19 上午 org.ccnx.ccn.io.CCNOutputStream flushToNetwork
信息: HEADER: CCNOutputStream: flushToNetwork: new _baseNameIndex 0
三月 16, 2015 9:58:19 上午 org.ccnx.ccn.io.CCNOutputStream flushToNetwork
信息: flush: outputting to the segmenter, baseName /ccnx.org/test/CCNNetworkTestRepo-15-03-16-09.58.16/content_3948460777857713998/=FD0550638BB19A basenameindex =00; 16 bytes written, holding back 0 flushing final blocks? true.
三月 16, 2015 9:58:19 上午 org.ccnx.ccn.io.CCNOutputStream flushToNetwork
信息: HEADER: CCNOutputStream: flushToNetwork: new _baseNameIndex 1
三月 16, 2015 9:58:19 上午 org.ccnx.ccn.io.CCNOutputStream close
信息: CCNOutputStream close: /ccnx.org/test/CCNNetworkTestRepo-15-03-16-09.58.16/content_3948460777857713998/=FD0550638BB19A
三月 16, 2015 9:58:19 上午 org.ccnx.ccn.io.content.CCNNetworkObject createFlowController
信息: Created LOCALREPOSITORY flow controller, for prefix /ccnx.org/test/CCNNetworkTestRepo-15-03-16-09.58.16/content_3948460777857713998, save type LOCALREPOSITORY
三月 16, 2015 9:58:19 上午 org.ccnx.ccn.impl.CCNFlowControl addNameSpace
信息: Flow controller addNameSpace: added namespace: /ccnx.org/test/CCNNetworkTestRepo-15-03-16-09.58.16/content_3948460777857713998
三月 16, 2015 9:58:19 上午 org.ccnx.ccn.impl.security.keys.BasicKeyManager getKeyLocator
信息: getKeyLocator: returning locator NAME: /ccnx.org/Users/cb/Keys/%C1.M.K%00K=B082A16E5382FBAAA09FBE303E24E042E37E88C290E054292521DECA236523/=FD055059931000 KEY:itggagmsks2vela17tu60v29o22sdv8hgkgs1a2i991rr526p93 for key S7CCoW5TgvuqoJ++MD4k4ELjfojCkOBUKSUh3sojZSM=
三月 16, 2015 9:58:19 上午 org.ccnx.ccn.io.CCNAbstractOutputStream <init>
信息: CCNAbstractOutputStream: /ccnx.org/test/CCNNetworkTestRepo-15-03-16-09.58.16/content_3948460777857713998/=FD0550638BB337 blocksize is 4096
三月 16, 2015 9:58:19 上午 org.ccnx.ccn.io.CCNAbstractOutputStream startWrite
信息: CCNAbstractOutputStream: startWrite -- searching for keys.
三月 16, 2015 9:58:19 上午 org.ccnx.ccn.profiles.security.access.AccessControlManager keysForOutput
信息: keysForOutput: found an acm: (null)
三月 16, 2015 9:58:19 上午 org.ccnx.ccn.impl.repo.RepositoryFlowControl startWrite
信息: RepositoryFlowControl.startWrite called for name /ccnx.org/test/CCNNetworkTestRepo-15-03-16-09.58.16/content_3948460777857713998/=FD0550638BB337, shape STREAM
三月 16, 2015 9:58:19 上午 org.ccnx.ccn.impl.repo.RepositoryFlowControl handleContent
信息: handleContent: got potential repo message: /ccnx.org/test/CCNNetworkTestRepo-15-03-16-09.58.16/content_3948460777857713998/=FD0550638BB337/%C1.R.sw/%C1.N=00A8C46D066B2648D6
三月 16, 2015 9:58:19 上午 org.ccnx.ccn.io.CCNOutputStream flushToNetwork
信息: flush: outputting to the segmenter, baseName /ccnx.org/test/CCNNetworkTestRepo-15-03-16-09.58.16/content_3948460777857713998/=FD0550638BB337 basenameindex =00; 16 bytes written, holding back 16 flushing final blocks? false.
三月 16, 2015 9:58:19 上午 org.ccnx.ccn.io.CCNOutputStream flushToNetwork
信息: HEADER: CCNOutputStream: flushToNetwork: new _baseNameIndex 0
三月 16, 2015 9:58:19 上午 org.ccnx.ccn.io.CCNOutputStream flushToNetwork
信息: flush: outputting to the segmenter, baseName /ccnx.org/test/CCNNetworkTestRepo-15-03-16-09.58.16/content_3948460777857713998/=FD0550638BB337 basenameindex =00; 16 bytes written, holding back 0 flushing final blocks? true.
三月 16, 2015 9:58:19 上午 org.ccnx.ccn.io.CCNOutputStream flushToNetwork
信息: HEADER: CCNOutputStream: flushToNetwork: new _baseNameIndex 1
三月 16, 2015 9:58:19 上午 org.ccnx.ccn.io.CCNOutputStream close
信息: CCNOutputStream close: /ccnx.org/test/CCNNetworkTestRepo-15-03-16-09.58.16/content_3948460777857713998/=FD0550638BB337
三月 16, 2015 9:58:19 上午 org.ccnx.ccn.io.content.CCNNetworkObject createFlowController
信息: Created LOCALREPOSITORY flow controller, for prefix /ccnx.org/test/CCNNetworkTestRepo-15-03-16-09.58.16/content_3948460777857713998, save type LOCALREPOSITORY
三月 16, 2015 9:58:19 上午 org.ccnx.ccn.impl.CCNFlowControl addNameSpace
信息: Flow controller addNameSpace: added namespace: /ccnx.org/test/CCNNetworkTestRepo-15-03-16-09.58.16/content_3948460777857713998
三月 16, 2015 9:58:19 上午 org.ccnx.ccn.impl.security.keys.BasicKeyManager getKeyLocator
信息: getKeyLocator: returning locator NAME: /ccnx.org/Users/cb/Keys/%C1.M.K%00K=B082A16E5382FBAAA09FBE303E24E042E37E88C290E054292521DECA236523/=FD055059931000 KEY:itggagmsks2vela17tu60v29o22sdv8hgkgs1a2i991rr526p93 for key S7CCoW5TgvuqoJ++MD4k4ELjfojCkOBUKSUh3sojZSM=
三月 16, 2015 9:58:19 上午 org.ccnx.ccn.io.CCNAbstractOutputStream <init>
信息: CCNAbstractOutputStream: /ccnx.org/test/CCNNetworkTestRepo-15-03-16-09.58.16/content_3948460777857713998/=FD0550638BB4C9 blocksize is 4096
三月 16, 2015 9:58:19 上午 org.ccnx.ccn.io.CCNAbstractOutputStream startWrite
信息: CCNAbstractOutputStream: startWrite -- searching for keys.
三月 16, 2015 9:58:19 上午 org.ccnx.ccn.profiles.security.access.AccessControlManager keysForOutput
信息: keysForOutput: found an acm: (null)
三月 16, 2015 9:58:19 上午 org.ccnx.ccn.impl.repo.RepositoryFlowControl startWrite
信息: RepositoryFlowControl.startWrite called for name /ccnx.org/test/CCNNetworkTestRepo-15-03-16-09.58.16/content_3948460777857713998/=FD0550638BB4C9, shape STREAM
三月 16, 2015 9:58:19 上午 org.ccnx.ccn.impl.repo.RepositoryFlowControl handleContent
信息: handleContent: got potential repo message: /ccnx.org/test/CCNNetworkTestRepo-15-03-16-09.58.16/content_3948460777857713998/=FD0550638BB4C9/%C1.R.sw/%C1.N=00A4CE23EAF7CBACDD
三月 16, 2015 9:58:19 上午 org.ccnx.ccn.io.CCNOutputStream flushToNetwork
信息: flush: outputting to the segmenter, baseName /ccnx.org/test/CCNNetworkTestRepo-15-03-16-09.58.16/content_3948460777857713998/=FD0550638BB4C9 basenameindex =00; 16 bytes written, holding back 16 flushing final blocks? false.
三月 16, 2015 9:58:19 上午 org.ccnx.ccn.io.CCNOutputStream flushToNetwork
信息: HEADER: CCNOutputStream: flushToNetwork: new _baseNameIndex 0
三月 16, 2015 9:58:19 上午 org.ccnx.ccn.io.CCNOutputStream flushToNetwork
信息: flush: outputting to the segmenter, baseName /ccnx.org/test/CCNNetworkTestRepo-15-03-16-09.58.16/content_3948460777857713998/=FD0550638BB4C9 basenameindex =00; 16 bytes written, holding back 0 flushing final blocks? true.
三月 16, 2015 9:58:19 上午 org.ccnx.ccn.io.CCNOutputStream flushToNetwork
信息: HEADER: CCNOutputStream: flushToNetwork: new _baseNameIndex 1
三月 16, 2015 9:58:19 上午 org.ccnx.ccn.io.CCNOutputStream close
信息: CCNOutputStream close: /ccnx.org/test/CCNNetworkTestRepo-15-03-16-09.58.16/content_3948460777857713998/=FD0550638BB4C9
三月 16, 2015 9:58:19 上午 org.ccnx.ccn.io.content.CCNNetworkObject createFlowController
信息: Created LOCALREPOSITORY flow controller, for prefix /ccnx.org/test/CCNNetworkTestRepo-15-03-16-09.58.16/content_3948460777857713998, save type LOCALREPOSITORY
三月 16, 2015 9:58:19 上午 org.ccnx.ccn.impl.CCNFlowControl addNameSpace
信息: Flow controller addNameSpace: added namespace: /ccnx.org/test/CCNNetworkTestRepo-15-03-16-09.58.16/content_3948460777857713998
三月 16, 2015 9:58:19 上午 org.ccnx.ccn.impl.security.keys.BasicKeyManager getKeyLocator
信息: getKeyLocator: returning locator NAME: /ccnx.org/Users/cb/Keys/%C1.M.K%00K=B082A16E5382FBAAA09FBE303E24E042E37E88C290E054292521DECA236523/=FD055059931000 KEY:itggagmsks2vela17tu60v29o22sdv8hgkgs1a2i991rr526p93 for key S7CCoW5TgvuqoJ++MD4k4ELjfojCkOBUKSUh3sojZSM=
三月 16, 2015 9:58:19 上午 org.ccnx.ccn.io.CCNAbstractOutputStream <init>
信息: CCNAbstractOutputStream: /ccnx.org/test/CCNNetworkTestRepo-15-03-16-09.58.16/content_3948460777857713998/=FD0550638BB63D blocksize is 4096
三月 16, 2015 9:58:19 上午 org.ccnx.ccn.io.CCNAbstractOutputStream startWrite
信息: CCNAbstractOutputStream: startWrite -- searching for keys.
三月 16, 2015 9:58:19 上午 org.ccnx.ccn.profiles.security.access.AccessControlManager keysForOutput
信息: keysForOutput: found an acm: (null)
三月 16, 2015 9:58:19 上午 org.ccnx.ccn.impl.repo.RepositoryFlowControl startWrite
信息: RepositoryFlowControl.startWrite called for name /ccnx.org/test/CCNNetworkTestRepo-15-03-16-09.58.16/content_3948460777857713998/=FD0550638BB63D, shape STREAM
三月 16, 2015 9:58:19 上午 org.ccnx.ccn.impl.repo.RepositoryFlowControl handleContent
信息: handleContent: got potential repo message: /ccnx.org/test/CCNNetworkTestRepo-15-03-16-09.58.16/content_3948460777857713998/=FD0550638BB63D/%C1.R.sw/%C1.N=00EC24DD157CBC1D96
三月 16, 2015 9:58:19 上午 org.ccnx.ccn.io.CCNOutputStream flushToNetwork
信息: flush: outputting to the segmenter, baseName /ccnx.org/test/CCNNetworkTestRepo-15-03-16-09.58.16/content_3948460777857713998/=FD0550638BB63D basenameindex =00; 16 bytes written, holding back 16 flushing final blocks? false.
三月 16, 2015 9:58:19 上午 org.ccnx.ccn.io.CCNOutputStream flushToNetwork
信息: HEADER: CCNOutputStream: flushToNetwork: new _baseNameIndex 0
三月 16, 2015 9:58:19 上午 org.ccnx.ccn.io.CCNOutputStream flushToNetwork
信息: flush: outputting to the segmenter, baseName /ccnx.org/test/CCNNetworkTestRepo-15-03-16-09.58.16/content_3948460777857713998/=FD0550638BB63D basenameindex =00; 16 bytes written, holding back 0 flushing final blocks? true.
三月 16, 2015 9:58:19 上午 org.ccnx.ccn.io.CCNOutputStream flushToNetwork
信息: HEADER: CCNOutputStream: flushToNetwork: new _baseNameIndex 1
三月 16, 2015 9:58:19 上午 org.ccnx.ccn.io.CCNOutputStream close
信息: CCNOutputStream close: /ccnx.org/test/CCNNetworkTestRepo-15-03-16-09.58.16/content_3948460777857713998/=FD0550638BB63D
三月 16, 2015 9:58:19 上午 org.ccnx.ccn.io.content.CCNNetworkObject createFlowController
信息: Created LOCALREPOSITORY flow controller, for prefix /ccnx.org/test/CCNNetworkTestRepo-15-03-16-09.58.16/content_3948460777857713998, save type LOCALREPOSITORY
三月 16, 2015 9:58:19 上午 org.ccnx.ccn.impl.CCNFlowControl addNameSpace
信息: Flow controller addNameSpace: added namespace: /ccnx.org/test/CCNNetworkTestRepo-15-03-16-09.58.16/content_3948460777857713998
三月 16, 2015 9:58:19 上午 org.ccnx.ccn.impl.security.keys.BasicKeyManager getKeyLocator
信息: getKeyLocator: returning locator NAME: /ccnx.org/Users/cb/Keys/%C1.M.K%00K=B082A16E5382FBAAA09FBE303E24E042E37E88C290E054292521DECA236523/=FD055059931000 KEY:itggagmsks2vela17tu60v29o22sdv8hgkgs1a2i991rr526p93 for key S7CCoW5TgvuqoJ++MD4k4ELjfojCkOBUKSUh3sojZSM=
三月 16, 2015 9:58:19 上午 org.ccnx.ccn.io.CCNAbstractOutputStream <init>
信息: CCNAbstractOutputStream: /ccnx.org/test/CCNNetworkTestRepo-15-03-16-09.58.16/content_3948460777857713998/=FD0550638BB7EC blocksize is 4096
三月 16, 2015 9:58:19 上午 org.ccnx.ccn.io.CCNAbstractOutputStream startWrite
信息: CCNAbstractOutputStream: startWrite -- searching for keys.
三月 16, 2015 9:58:19 上午 org.ccnx.ccn.profiles.security.access.AccessControlManager keysForOutput
信息: keysForOutput: found an acm: (null)
三月 16, 2015 9:58:19 上午 org.ccnx.ccn.impl.repo.RepositoryFlowControl startWrite
信息: RepositoryFlowControl.startWrite called for name /ccnx.org/test/CCNNetworkTestRepo-15-03-16-09.58.16/content_3948460777857713998/=FD0550638BB7EC, shape STREAM
三月 16, 2015 9:58:19 上午 org.ccnx.ccn.impl.repo.RepositoryFlowControl handleContent
信息: handleContent: got potential repo message: /ccnx.org/test/CCNNetworkTestRepo-15-03-16-09.58.16/content_3948460777857713998/=FD0550638BB7EC/%C1.R.sw/%C1.N%002Sg%93r=601D6F
三月 16, 2015 9:58:19 上午 org.ccnx.ccn.io.CCNOutputStream flushToNetwork
信息: flush: outputting to the segmenter, baseName /ccnx.org/test/CCNNetworkTestRepo-15-03-16-09.58.16/content_3948460777857713998/=FD0550638BB7EC basenameindex =00; 16 bytes written, holding back 16 flushing final blocks? false.
三月 16, 2015 9:58:19 上午 org.ccnx.ccn.io.CCNOutputStream flushToNetwork
信息: HEADER: CCNOutputStream: flushToNetwork: new _baseNameIndex 0
三月 16, 2015 9:58:19 上午 org.ccnx.ccn.io.CCNOutputStream flushToNetwork
信息: flush: outputting to the segmenter, baseName /ccnx.org/test/CCNNetworkTestRepo-15-03-16-09.58.16/content_3948460777857713998/=FD0550638BB7EC basenameindex =00; 16 bytes written, holding back 0 flushing final blocks? true.
三月 16, 2015 9:58:19 上午 org.ccnx.ccn.io.CCNOutputStream flushToNetwork
信息: HEADER: CCNOutputStream: flushToNetwork: new _baseNameIndex 1
三月 16, 2015 9:58:19 上午 org.ccnx.ccn.io.CCNOutputStream close
信息: CCNOutputStream close: /ccnx.org/test/CCNNetworkTestRepo-15-03-16-09.58.16/content_3948460777857713998/=FD0550638BB7EC
三月 16, 2015 9:58:19 上午 org.ccnx.ccn.io.content.CCNNetworkObject createFlowController
信息: Created LOCALREPOSITORY flow controller, for prefix /ccnx.org/test/CCNNetworkTestRepo-15-03-16-09.58.16/content_3948460777857713998, save type LOCALREPOSITORY
三月 16, 2015 9:58:19 上午 org.ccnx.ccn.impl.CCNFlowControl addNameSpace
信息: Flow controller addNameSpace: added namespace: /ccnx.org/test/CCNNetworkTestRepo-15-03-16-09.58.16/content_3948460777857713998
三月 16, 2015 9:58:19 上午 org.ccnx.ccn.impl.security.keys.BasicKeyManager getKeyLocator
信息: getKeyLocator: returning locator NAME: /ccnx.org/Users/cb/Keys/%C1.M.K%00K=B082A16E5382FBAAA09FBE303E24E042E37E88C290E054292521DECA236523/=FD055059931000 KEY:itggagmsks2vela17tu60v29o22sdv8hgkgs1a2i991rr526p93 for key S7CCoW5TgvuqoJ++MD4k4ELjfojCkOBUKSUh3sojZSM=
三月 16, 2015 9:58:19 上午 org.ccnx.ccn.io.CCNAbstractOutputStream <init>
信息: CCNAbstractOutputStream: /ccnx.org/test/CCNNetworkTestRepo-15-03-16-09.58.16/content_3948460777857713998/=FD0550638BB996 blocksize is 4096
三月 16, 2015 9:58:19 上午 org.ccnx.ccn.io.CCNAbstractOutputStream startWrite
信息: CCNAbstractOutputStream: startWrite -- searching for keys.
三月 16, 2015 9:58:19 上午 org.ccnx.ccn.profiles.security.access.AccessControlManager keysForOutput
信息: keysForOutput: found an acm: (null)
三月 16, 2015 9:58:19 上午 org.ccnx.ccn.impl.repo.RepositoryFlowControl startWrite
信息: RepositoryFlowControl.startWrite called for name /ccnx.org/test/CCNNetworkTestRepo-15-03-16-09.58.16/content_3948460777857713998/=FD0550638BB996, shape STREAM
三月 16, 2015 9:58:19 上午 org.ccnx.ccn.impl.repo.RepositoryFlowControl handleContent
信息: handleContent: got potential repo message: /ccnx.org/test/CCNNetworkTestRepo-15-03-16-09.58.16/content_3948460777857713998/=FD0550638BB996/%C1.R.sw/%C1.N%00t=D8E98DDAC40571
三月 16, 2015 9:58:19 上午 org.ccnx.ccn.io.CCNOutputStream flushToNetwork
信息: flush: outputting to the segmenter, baseName /ccnx.org/test/CCNNetworkTestRepo-15-03-16-09.58.16/content_3948460777857713998/=FD0550638BB996 basenameindex =00; 16 bytes written, holding back 16 flushing final blocks? false.
三月 16, 2015 9:58:19 上午 org.ccnx.ccn.io.CCNOutputStream flushToNetwork
信息: HEADER: CCNOutputStream: flushToNetwork: new _baseNameIndex 0
三月 16, 2015 9:58:19 上午 org.ccnx.ccn.io.CCNOutputStream flushToNetwork
信息: flush: outputting to the segmenter, baseName /ccnx.org/test/CCNNetworkTestRepo-15-03-16-09.58.16/content_3948460777857713998/=FD0550638BB996 basenameindex =00; 16 bytes written, holding back 0 flushing final blocks? true.
三月 16, 2015 9:58:19 上午 org.ccnx.ccn.io.CCNOutputStream flushToNetwork
信息: HEADER: CCNOutputStream: flushToNetwork: new _baseNameIndex 1
三月 16, 2015 9:58:19 上午 org.ccnx.ccn.io.CCNOutputStream close
信息: CCNOutputStream close: /ccnx.org/test/CCNNetworkTestRepo-15-03-16-09.58.16/content_3948460777857713998/=FD0550638BB996
三月 16, 2015 9:58:19 上午 org.ccnx.ccn.io.content.CCNNetworkObject createFlowController
信息: Created LOCALREPOSITORY flow controller, for prefix /ccnx.org/test/CCNNetworkTestRepo-15-03-16-09.58.16/content_3948460777857713998, save type LOCALREPOSITORY
三月 16, 2015 9:58:19 上午 org.ccnx.ccn.impl.CCNFlowControl addNameSpace
信息: Flow controller addNameSpace: added namespace: /ccnx.org/test/CCNNetworkTestRepo-15-03-16-09.58.16/content_3948460777857713998
三月 16, 2015 9:58:19 上午 org.ccnx.ccn.impl.security.keys.BasicKeyManager getKeyLocator
信息: getKeyLocator: returning locator NAME: /ccnx.org/Users/cb/Keys/%C1.M.K%00K=B082A16E5382FBAAA09FBE303E24E042E37E88C290E054292521DECA236523/=FD055059931000 KEY:itggagmsks2vela17tu60v29o22sdv8hgkgs1a2i991rr526p93 for key S7CCoW5TgvuqoJ++MD4k4ELjfojCkOBUKSUh3sojZSM=
三月 16, 2015 9:58:19 上午 org.ccnx.ccn.io.CCNAbstractOutputStream <init>
信息: CCNAbstractOutputStream: /ccnx.org/test/CCNNetworkTestRepo-15-03-16-09.58.16/content_3948460777857713998/=FD0550638BBB44 blocksize is 4096
三月 16, 2015 9:58:19 上午 org.ccnx.ccn.io.CCNAbstractOutputStream startWrite
信息: CCNAbstractOutputStream: startWrite -- searching for keys.
三月 16, 2015 9:58:19 上午 org.ccnx.ccn.profiles.security.access.AccessControlManager keysForOutput
信息: keysForOutput: found an acm: (null)
三月 16, 2015 9:58:19 上午 org.ccnx.ccn.impl.repo.RepositoryFlowControl startWrite
信息: RepositoryFlowControl.startWrite called for name /ccnx.org/test/CCNNetworkTestRepo-15-03-16-09.58.16/content_3948460777857713998/=FD0550638BBB44, shape STREAM
三月 16, 2015 9:58:19 上午 org.ccnx.ccn.impl.repo.RepositoryFlowControl handleContent
信息: handleContent: got potential repo message: /ccnx.org/test/CCNNetworkTestRepo-15-03-16-09.58.16/content_3948460777857713998/=FD0550638BBB44/%C1.R.sw/%C1.N=005E6885A45634DE9E
三月 16, 2015 9:58:19 上午 org.ccnx.ccn.io.CCNOutputStream flushToNetwork
信息: flush: outputting to the segmenter, baseName /ccnx.org/test/CCNNetworkTestRepo-15-03-16-09.58.16/content_3948460777857713998/=FD0550638BBB44 basenameindex =00; 16 bytes written, holding back 16 flushing final blocks? false.
三月 16, 2015 9:58:19 上午 org.ccnx.ccn.io.CCNOutputStream flushToNetwork
信息: HEADER: CCNOutputStream: flushToNetwork: new _baseNameIndex 0
三月 16, 2015 9:58:19 上午 org.ccnx.ccn.io.CCNOutputStream flushToNetwork
信息: flush: outputting to the segmenter, baseName /ccnx.org/test/CCNNetworkTestRepo-15-03-16-09.58.16/content_3948460777857713998/=FD0550638BBB44 basenameindex =00; 16 bytes written, holding back 0 flushing final blocks? true.
三月 16, 2015 9:58:19 上午 org.ccnx.ccn.io.CCNOutputStream flushToNetwork
信息: HEADER: CCNOutputStream: flushToNetwork: new _baseNameIndex 1
三月 16, 2015 9:58:19 上午 org.ccnx.ccn.io.CCNOutputStream close
信息: CCNOutputStream close: /ccnx.org/test/CCNNetworkTestRepo-15-03-16-09.58.16/content_3948460777857713998/=FD0550638BBB44
三月 16, 2015 9:58:19 上午 org.ccnx.ccn.io.content.CCNNetworkObject createFlowController
信息: Created LOCALREPOSITORY flow controller, for prefix /ccnx.org/test/CCNNetworkTestRepo-15-03-16-09.58.16/content_3948460777857713998, save type LOCALREPOSITORY
三月 16, 2015 9:58:19 上午 org.ccnx.ccn.impl.CCNFlowControl addNameSpace
信息: Flow controller addNameSpace: added namespace: /ccnx.org/test/CCNNetworkTestRepo-15-03-16-09.58.16/content_3948460777857713998
三月 16, 2015 9:58:19 上午 org.ccnx.ccn.impl.security.keys.BasicKeyManager getKeyLocator
信息: getKeyLocator: returning locator NAME: /ccnx.org/Users/cb/Keys/%C1.M.K%00K=B082A16E5382FBAAA09FBE303E24E042E37E88C290E054292521DECA236523/=FD055059931000 KEY:itggagmsks2vela17tu60v29o22sdv8hgkgs1a2i991rr526p93 for key S7CCoW5TgvuqoJ++MD4k4ELjfojCkOBUKSUh3sojZSM=
三月 16, 2015 9:58:19 上午 org.ccnx.ccn.io.CCNAbstractOutputStream <init>
信息: CCNAbstractOutputStream: /ccnx.org/test/CCNNetworkTestRepo-15-03-16-09.58.16/content_3948460777857713998/=FD0550638BBCDD blocksize is 4096
三月 16, 2015 9:58:19 上午 org.ccnx.ccn.io.CCNAbstractOutputStream startWrite
信息: CCNAbstractOutputStream: startWrite -- searching for keys.
三月 16, 2015 9:58:19 上午 org.ccnx.ccn.profiles.security.access.AccessControlManager keysForOutput
信息: keysForOutput: found an acm: (null)
三月 16, 2015 9:58:19 上午 org.ccnx.ccn.impl.repo.RepositoryFlowControl startWrite
信息: RepositoryFlowControl.startWrite called for name /ccnx.org/test/CCNNetworkTestRepo-15-03-16-09.58.16/content_3948460777857713998/=FD0550638BBCDD, shape STREAM
三月 16, 2015 9:58:19 上午 org.ccnx.ccn.impl.repo.RepositoryFlowControl handleContent
信息: handleContent: got potential repo message: /ccnx.org/test/CCNNetworkTestRepo-15-03-16-09.58.16/content_3948460777857713998/=FD0550638BBCDD/%C1.R.sw/%C1.N%00Z=871FD5550D6E91
三月 16, 2015 9:58:19 上午 org.ccnx.ccn.io.CCNOutputStream flushToNetwork
信息: flush: outputting to the segmenter, baseName /ccnx.org/test/CCNNetworkTestRepo-15-03-16-09.58.16/content_3948460777857713998/=FD0550638BBCDD basenameindex =00; 16 bytes written, holding back 16 flushing final blocks? false.
三月 16, 2015 9:58:19 上午 org.ccnx.ccn.io.CCNOutputStream flushToNetwork
信息: HEADER: CCNOutputStream: flushToNetwork: new _baseNameIndex 0
三月 16, 2015 9:58:19 上午 org.ccnx.ccn.io.CCNOutputStream flushToNetwork
信息: flush: outputting to the segmenter, baseName /ccnx.org/test/CCNNetworkTestRepo-15-03-16-09.58.16/content_3948460777857713998/=FD0550638BBCDD basenameindex =00; 16 bytes written, holding back 0 flushing final blocks? true.
三月 16, 2015 9:58:19 上午 org.ccnx.ccn.io.CCNOutputStream flushToNetwork
信息: HEADER: CCNOutputStream: flushToNetwork: new _baseNameIndex 1
三月 16, 2015 9:58:19 上午 org.ccnx.ccn.io.CCNOutputStream close
信息: CCNOutputStream close: /ccnx.org/test/CCNNetworkTestRepo-15-03-16-09.58.16/content_3948460777857713998/=FD0550638BBCDD
三月 16, 2015 9:58:19 上午 org.ccnx.ccn.io.content.CCNNetworkObject createFlowController
信息: Created LOCALREPOSITORY flow controller, for prefix /ccnx.org/test/CCNNetworkTestRepo-15-03-16-09.58.16/content_3948460777857713998, save type LOCALREPOSITORY
三月 16, 2015 9:58:19 上午 org.ccnx.ccn.impl.CCNFlowControl addNameSpace
信息: Flow controller addNameSpace: added namespace: /ccnx.org/test/CCNNetworkTestRepo-15-03-16-09.58.16/content_3948460777857713998
三月 16, 2015 9:58:19 上午 org.ccnx.ccn.impl.security.keys.BasicKeyManager getKeyLocator
信息: getKeyLocator: returning locator NAME: /ccnx.org/Users/cb/Keys/%C1.M.K%00K=B082A16E5382FBAAA09FBE303E24E042E37E88C290E054292521DECA236523/=FD055059931000 KEY:itggagmsks2vela17tu60v29o22sdv8hgkgs1a2i991rr526p93 for key S7CCoW5TgvuqoJ++MD4k4ELjfojCkOBUKSUh3sojZSM=
三月 16, 2015 9:58:19 上午 org.ccnx.ccn.io.CCNAbstractOutputStream <init>
信息: CCNAbstractOutputStream: /ccnx.org/test/CCNNetworkTestRepo-15-03-16-09.58.16/content_3948460777857713998/=FD0550638BBE66 blocksize is 4096
三月 16, 2015 9:58:19 上午 org.ccnx.ccn.io.CCNAbstractOutputStream startWrite
信息: CCNAbstractOutputStream: startWrite -- searching for keys.
三月 16, 2015 9:58:19 上午 org.ccnx.ccn.profiles.security.access.AccessControlManager keysForOutput
信息: keysForOutput: found an acm: (null)
三月 16, 2015 9:58:19 上午 org.ccnx.ccn.impl.repo.RepositoryFlowControl startWrite
信息: RepositoryFlowControl.startWrite called for name /ccnx.org/test/CCNNetworkTestRepo-15-03-16-09.58.16/content_3948460777857713998/=FD0550638BBE66, shape STREAM
三月 16, 2015 9:58:19 上午 org.ccnx.ccn.impl.repo.RepositoryFlowControl handleContent
信息: handleContent: got potential repo message: /ccnx.org/test/CCNNetworkTestRepo-15-03-16-09.58.16/content_3948460777857713998/=FD0550638BBE66/%C1.R.sw/%C1.N=00E96CCAD4374E30CB
三月 16, 2015 9:58:19 上午 org.ccnx.ccn.io.CCNOutputStream flushToNetwork
信息: flush: outputting to the segmenter, baseName /ccnx.org/test/CCNNetworkTestRepo-15-03-16-09.58.16/content_3948460777857713998/=FD0550638BBE66 basenameindex =00; 16 bytes written, holding back 16 flushing final blocks? false.
三月 16, 2015 9:58:19 上午 org.ccnx.ccn.io.CCNOutputStream flushToNetwork
信息: HEADER: CCNOutputStream: flushToNetwork: new _baseNameIndex 0
三月 16, 2015 9:58:19 上午 org.ccnx.ccn.io.CCNOutputStream flushToNetwork
信息: flush: outputting to the segmenter, baseName /ccnx.org/test/CCNNetworkTestRepo-15-03-16-09.58.16/content_3948460777857713998/=FD0550638BBE66 basenameindex =00; 16 bytes written, holding back 0 flushing final blocks? true.
三月 16, 2015 9:58:19 上午 org.ccnx.ccn.io.CCNOutputStream flushToNetwork
信息: HEADER: CCNOutputStream: flushToNetwork: new _baseNameIndex 1
三月 16, 2015 9:58:19 上午 org.ccnx.ccn.io.CCNOutputStream close
信息: CCNOutputStream close: /ccnx.org/test/CCNNetworkTestRepo-15-03-16-09.58.16/content_3948460777857713998/=FD0550638BBE66
三月 16, 2015 9:58:19 上午 org.ccnx.ccn.io.content.CCNNetworkObject createFlowController
信息: Created LOCALREPOSITORY flow controller, for prefix /ccnx.org/test/CCNNetworkTestRepo-15-03-16-09.58.16/content_3948460777857713998, save type LOCALREPOSITORY
三月 16, 2015 9:58:20 上午 org.ccnx.ccn.impl.CCNFlowControl addNameSpace
信息: Flow controller addNameSpace: added namespace: /ccnx.org/test/CCNNetworkTestRepo-15-03-16-09.58.16/content_3948460777857713998
三月 16, 2015 9:58:20 上午 org.ccnx.ccn.impl.security.keys.BasicKeyManager getKeyLocator
信息: getKeyLocator: returning locator NAME: /ccnx.org/Users/cb/Keys/%C1.M.K%00K=B082A16E5382FBAAA09FBE303E24E042E37E88C290E054292521DECA236523/=FD055059931000 KEY:itggagmsks2vela17tu60v29o22sdv8hgkgs1a2i991rr526p93 for key S7CCoW5TgvuqoJ++MD4k4ELjfojCkOBUKSUh3sojZSM=
三月 16, 2015 9:58:20 上午 org.ccnx.ccn.io.CCNAbstractOutputStream <init>
信息: CCNAbstractOutputStream: /ccnx.org/test/CCNNetworkTestRepo-15-03-16-09.58.16/content_3948460777857713998/=FD0550638BBFDB blocksize is 4096
三月 16, 2015 9:58:20 上午 org.ccnx.ccn.io.CCNAbstractOutputStream startWrite
信息: CCNAbstractOutputStream: startWrite -- searching for keys.
三月 16, 2015 9:58:20 上午 org.ccnx.ccn.profiles.security.access.AccessControlManager keysForOutput
信息: keysForOutput: found an acm: (null)
三月 16, 2015 9:58:20 上午 org.ccnx.ccn.impl.repo.RepositoryFlowControl startWrite
信息: RepositoryFlowControl.startWrite called for name /ccnx.org/test/CCNNetworkTestRepo-15-03-16-09.58.16/content_3948460777857713998/=FD0550638BBFDB, shape STREAM
三月 16, 2015 9:58:20 上午 org.ccnx.ccn.impl.repo.RepositoryFlowControl handleContent
信息: handleContent: got potential repo message: /ccnx.org/test/CCNNetworkTestRepo-15-03-16-09.58.16/content_3948460777857713998/=FD0550638BBFDB/%C1.R.sw/%C1.N=00FB16E4B2947EEDF8
三月 16, 2015 9:58:20 上午 org.ccnx.ccn.io.CCNOutputStream flushToNetwork
信息: flush: outputting to the segmenter, baseName /ccnx.org/test/CCNNetworkTestRepo-15-03-16-09.58.16/content_3948460777857713998/=FD0550638BBFDB basenameindex =00; 16 bytes written, holding back 16 flushing final blocks? false.
三月 16, 2015 9:58:20 上午 org.ccnx.ccn.io.CCNOutputStream flushToNetwork
信息: HEADER: CCNOutputStream: flushToNetwork: new _baseNameIndex 0
三月 16, 2015 9:58:20 上午 org.ccnx.ccn.io.CCNOutputStream flushToNetwork
信息: flush: outputting to the segmenter, baseName /ccnx.org/test/CCNNetworkTestRepo-15-03-16-09.58.16/content_3948460777857713998/=FD0550638BBFDB basenameindex =00; 16 bytes written, holding back 0 flushing final blocks? true.
三月 16, 2015 9:58:20 上午 org.ccnx.ccn.io.CCNOutputStream flushToNetwork
信息: HEADER: CCNOutputStream: flushToNetwork: new _baseNameIndex 1
三月 16, 2015 9:58:20 上午 org.ccnx.ccn.io.CCNOutputStream close
信息: CCNOutputStream close: /ccnx.org/test/CCNNetworkTestRepo-15-03-16-09.58.16/content_3948460777857713998/=FD0550638BBFDB
三月 16, 2015 9:58:20 上午 org.ccnx.ccn.io.content.CCNNetworkObject createFlowController
信息: Created LOCALREPOSITORY flow controller, for prefix /ccnx.org/test/CCNNetworkTestRepo-15-03-16-09.58.16/content_3948460777857713998, save type LOCALREPOSITORY
三月 16, 2015 9:58:20 上午 org.ccnx.ccn.impl.CCNFlowControl addNameSpace
信息: Flow controller addNameSpace: added namespace: /ccnx.org/test/CCNNetworkTestRepo-15-03-16-09.58.16/content_3948460777857713998
三月 16, 2015 9:58:20 上午 org.ccnx.ccn.impl.security.keys.BasicKeyManager getKeyLocator
信息: getKeyLocator: returning locator NAME: /ccnx.org/Users/cb/Keys/%C1.M.K%00K=B082A16E5382FBAAA09FBE303E24E042E37E88C290E054292521DECA236523/=FD055059931000 KEY:itggagmsks2vela17tu60v29o22sdv8hgkgs1a2i991rr526p93 for key S7CCoW5TgvuqoJ++MD4k4ELjfojCkOBUKSUh3sojZSM=
三月 16, 2015 9:58:20 上午 org.ccnx.ccn.io.CCNAbstractOutputStream <init>
信息: CCNAbstractOutputStream: /ccnx.org/test/CCNNetworkTestRepo-15-03-16-09.58.16/content_3948460777857713998/=FD0550638BC16D blocksize is 4096
三月 16, 2015 9:58:20 上午 org.ccnx.ccn.io.CCNAbstractOutputStream startWrite
信息: CCNAbstractOutputStream: startWrite -- searching for keys.
三月 16, 2015 9:58:20 上午 org.ccnx.ccn.profiles.security.access.AccessControlManager keysForOutput
信息: keysForOutput: found an acm: (null)
三月 16, 2015 9:58:20 上午 org.ccnx.ccn.impl.repo.RepositoryFlowControl startWrite
信息: RepositoryFlowControl.startWrite called for name /ccnx.org/test/CCNNetworkTestRepo-15-03-16-09.58.16/content_3948460777857713998/=FD0550638BC16D, shape STREAM
三月 16, 2015 9:58:20 上午 org.ccnx.ccn.impl.repo.RepositoryFlowControl handleContent
信息: handleContent: got potential repo message: /ccnx.org/test/CCNNetworkTestRepo-15-03-16-09.58.16/content_3948460777857713998/=FD0550638BC16D/%C1.R.sw/%C1.N%00N=AA222F071595E2
三月 16, 2015 9:58:20 上午 org.ccnx.ccn.io.CCNOutputStream flushToNetwork
信息: flush: outputting to the segmenter, baseName /ccnx.org/test/CCNNetworkTestRepo-15-03-16-09.58.16/content_3948460777857713998/=FD0550638BC16D basenameindex =00; 16 bytes written, holding back 16 flushing final blocks? false.
三月 16, 2015 9:58:20 上午 org.ccnx.ccn.io.CCNOutputStream flushToNetwork
信息: HEADER: CCNOutputStream: flushToNetwork: new _baseNameIndex 0
三月 16, 2015 9:58:20 上午 org.ccnx.ccn.io.CCNOutputStream flushToNetwork
信息: flush: outputting to the segmenter, baseName /ccnx.org/test/CCNNetworkTestRepo-15-03-16-09.58.16/content_3948460777857713998/=FD0550638BC16D basenameindex =00; 16 bytes written, holding back 0 flushing final blocks? true.
三月 16, 2015 9:58:20 上午 org.ccnx.ccn.io.CCNOutputStream flushToNetwork
信息: HEADER: CCNOutputStream: flushToNetwork: new _baseNameIndex 1
三月 16, 2015 9:58:20 上午 org.ccnx.ccn.io.CCNOutputStream close
信息: CCNOutputStream close: /ccnx.org/test/CCNNetworkTestRepo-15-03-16-09.58.16/content_3948460777857713998/=FD0550638BC16D
三月 16, 2015 9:58:20 上午 org.ccnx.ccn.io.content.CCNNetworkObject createFlowController
信息: Created LOCALREPOSITORY flow controller, for prefix /ccnx.org/test/CCNNetworkTestRepo-15-03-16-09.58.16/content_3948460777857713998, save type LOCALREPOSITORY
三月 16, 2015 9:58:20 上午 org.ccnx.ccn.impl.CCNFlowControl addNameSpace
信息: Flow controller addNameSpace: added namespace: /ccnx.org/test/CCNNetworkTestRepo-15-03-16-09.58.16/content_3948460777857713998
三月 16, 2015 9:58:20 上午 org.ccnx.ccn.impl.security.keys.BasicKeyManager getKeyLocator
信息: getKeyLocator: returning locator NAME: /ccnx.org/Users/cb/Keys/%C1.M.K%00K=B082A16E5382FBAAA09FBE303E24E042E37E88C290E054292521DECA236523/=FD055059931000 KEY:itggagmsks2vela17tu60v29o22sdv8hgkgs1a2i991rr526p93 for key S7CCoW5TgvuqoJ++MD4k4ELjfojCkOBUKSUh3sojZSM=
三月 16, 2015 9:58:20 上午 org.ccnx.ccn.io.CCNAbstractOutputStream <init>
信息: CCNAbstractOutputStream: /ccnx.org/test/CCNNetworkTestRepo-15-03-16-09.58.16/content_3948460777857713998/=FD0550638BC306 blocksize is 4096
三月 16, 2015 9:58:20 上午 org.ccnx.ccn.io.CCNAbstractOutputStream startWrite
信息: CCNAbstractOutputStream: startWrite -- searching for keys.
三月 16, 2015 9:58:20 上午 org.ccnx.ccn.profiles.security.access.AccessControlManager keysForOutput
信息: keysForOutput: found an acm: (null)
三月 16, 2015 9:58:20 上午 org.ccnx.ccn.impl.repo.RepositoryFlowControl startWrite
信息: RepositoryFlowControl.startWrite called for name /ccnx.org/test/CCNNetworkTestRepo-15-03-16-09.58.16/content_3948460777857713998/=FD0550638BC306, shape STREAM
三月 16, 2015 9:58:20 上午 org.ccnx.ccn.impl.repo.RepositoryFlowControl handleContent
信息: handleContent: got potential repo message: /ccnx.org/test/CCNNetworkTestRepo-15-03-16-09.58.16/content_3948460777857713998/=FD0550638BC306/%C1.R.sw/%C1.N%001=EFD7C0354B5E28
三月 16, 2015 9:58:20 上午 org.ccnx.ccn.io.CCNOutputStream flushToNetwork
信息: flush: outputting to the segmenter, baseName /ccnx.org/test/CCNNetworkTestRepo-15-03-16-09.58.16/content_3948460777857713998/=FD0550638BC306 basenameindex =00; 16 bytes written, holding back 16 flushing final blocks? false.
三月 16, 2015 9:58:20 上午 org.ccnx.ccn.io.CCNOutputStream flushToNetwork
信息: HEADER: CCNOutputStream: flushToNetwork: new _baseNameIndex 0
三月 16, 2015 9:58:20 上午 org.ccnx.ccn.io.CCNOutputStream flushToNetwork
信息: flush: outputting to the segmenter, baseName /ccnx.org/test/CCNNetworkTestRepo-15-03-16-09.58.16/content_3948460777857713998/=FD0550638BC306 basenameindex =00; 16 bytes written, holding back 0 flushing final blocks? true.
三月 16, 2015 9:58:20 上午 org.ccnx.ccn.io.CCNOutputStream flushToNetwork
信息: HEADER: CCNOutputStream: flushToNetwork: new _baseNameIndex 1
三月 16, 2015 9:58:20 上午 org.ccnx.ccn.io.CCNOutputStream close
信息: CCNOutputStream close: /ccnx.org/test/CCNNetworkTestRepo-15-03-16-09.58.16/content_3948460777857713998/=FD0550638BC306
三月 16, 2015 9:58:20 上午 org.ccnx.ccn.io.content.CCNNetworkObject createFlowController
信息: Created LOCALREPOSITORY flow controller, for prefix /ccnx.org/test/CCNNetworkTestRepo-15-03-16-09.58.16/content_3948460777857713998, save type LOCALREPOSITORY
三月 16, 2015 9:58:20 上午 org.ccnx.ccn.impl.CCNFlowControl addNameSpace
信息: Flow controller addNameSpace: added namespace: /ccnx.org/test/CCNNetworkTestRepo-15-03-16-09.58.16/content_3948460777857713998
三月 16, 2015 9:58:20 上午 org.ccnx.ccn.impl.security.keys.BasicKeyManager getKeyLocator
信息: getKeyLocator: returning locator NAME: /ccnx.org/Users/cb/Keys/%C1.M.K%00K=B082A16E5382FBAAA09FBE303E24E042E37E88C290E054292521DECA236523/=FD055059931000 KEY:itggagmsks2vela17tu60v29o22sdv8hgkgs1a2i991rr526p93 for key S7CCoW5TgvuqoJ++MD4k4ELjfojCkOBUKSUh3sojZSM=
三月 16, 2015 9:58:20 上午 org.ccnx.ccn.io.CCNAbstractOutputStream <init>
信息: CCNAbstractOutputStream: /ccnx.org/test/CCNNetworkTestRepo-15-03-16-09.58.16/content_3948460777857713998/=FD0550638BC487 blocksize is 4096
三月 16, 2015 9:58:20 上午 org.ccnx.ccn.io.CCNAbstractOutputStream startWrite
信息: CCNAbstractOutputStream: startWrite -- searching for keys.
三月 16, 2015 9:58:20 上午 org.ccnx.ccn.profiles.security.access.AccessControlManager keysForOutput
信息: keysForOutput: found an acm: (null)
三月 16, 2015 9:58:20 上午 org.ccnx.ccn.impl.repo.RepositoryFlowControl startWrite
信息: RepositoryFlowControl.startWrite called for name /ccnx.org/test/CCNNetworkTestRepo-15-03-16-09.58.16/content_3948460777857713998/=FD0550638BC487, shape STREAM
三月 16, 2015 9:58:20 上午 org.ccnx.ccn.impl.repo.RepositoryFlowControl handleContent
信息: handleContent: got potential repo message: /ccnx.org/test/CCNNetworkTestRepo-15-03-16-09.58.16/content_3948460777857713998/=FD0550638BC487/%C1.R.sw/%C1.N=0014BFCAD8DD0DE359
三月 16, 2015 9:58:20 上午 org.ccnx.ccn.io.CCNOutputStream flushToNetwork
信息: flush: outputting to the segmenter, baseName /ccnx.org/test/CCNNetworkTestRepo-15-03-16-09.58.16/content_3948460777857713998/=FD0550638BC487 basenameindex =00; 16 bytes written, holding back 16 flushing final blocks? false.
三月 16, 2015 9:58:20 上午 org.ccnx.ccn.io.CCNOutputStream flushToNetwork
信息: HEADER: CCNOutputStream: flushToNetwork: new _baseNameIndex 0
三月 16, 2015 9:58:20 上午 org.ccnx.ccn.io.CCNOutputStream flushToNetwork
信息: flush: outputting to the segmenter, baseName /ccnx.org/test/CCNNetworkTestRepo-15-03-16-09.58.16/content_3948460777857713998/=FD0550638BC487 basenameindex =00; 16 bytes written, holding back 0 flushing final blocks? true.
三月 16, 2015 9:58:20 上午 org.ccnx.ccn.io.CCNOutputStream flushToNetwork
信息: HEADER: CCNOutputStream: flushToNetwork: new _baseNameIndex 1
三月 16, 2015 9:58:20 上午 org.ccnx.ccn.io.CCNOutputStream close
信息: CCNOutputStream close: /ccnx.org/test/CCNNetworkTestRepo-15-03-16-09.58.16/content_3948460777857713998/=FD0550638BC487
三月 16, 2015 9:58:20 上午 org.ccnx.ccn.io.content.CCNNetworkObject createFlowController
信息: Created LOCALREPOSITORY flow controller, for prefix /ccnx.org/test/CCNNetworkTestRepo-15-03-16-09.58.16/content_3948460777857713998, save type LOCALREPOSITORY
三月 16, 2015 9:58:20 上午 org.ccnx.ccn.impl.CCNFlowControl addNameSpace
信息: Flow controller addNameSpace: added namespace: /ccnx.org/test/CCNNetworkTestRepo-15-03-16-09.58.16/content_3948460777857713998
三月 16, 2015 9:58:20 上午 org.ccnx.ccn.impl.security.keys.BasicKeyManager getKeyLocator
信息: getKeyLocator: returning locator NAME: /ccnx.org/Users/cb/Keys/%C1.M.K%00K=B082A16E5382FBAAA09FBE303E24E042E37E88C290E054292521DECA236523/=FD055059931000 KEY:itggagmsks2vela17tu60v29o22sdv8hgkgs1a2i991rr526p93 for key S7CCoW5TgvuqoJ++MD4k4ELjfojCkOBUKSUh3sojZSM=
三月 16, 2015 9:58:20 上午 org.ccnx.ccn.io.CCNAbstractOutputStream <init>
信息: CCNAbstractOutputStream: /ccnx.org/test/CCNNetworkTestRepo-15-03-16-09.58.16/content_3948460777857713998/=FD0550638BC625 blocksize is 4096
三月 16, 2015 9:58:20 上午 org.ccnx.ccn.io.CCNAbstractOutputStream startWrite
信息: CCNAbstractOutputStream: startWrite -- searching for keys.
三月 16, 2015 9:58:20 上午 org.ccnx.ccn.profiles.security.access.AccessControlManager keysForOutput
信息: keysForOutput: found an acm: (null)
三月 16, 2015 9:58:20 上午 org.ccnx.ccn.impl.repo.RepositoryFlowControl startWrite
信息: RepositoryFlowControl.startWrite called for name /ccnx.org/test/CCNNetworkTestRepo-15-03-16-09.58.16/content_3948460777857713998/=FD0550638BC625, shape STREAM
三月 16, 2015 9:58:20 上午 org.ccnx.ccn.impl.repo.RepositoryFlowControl handleContent
信息: handleContent: got potential repo message: /ccnx.org/test/CCNNetworkTestRepo-15-03-16-09.58.16/content_3948460777857713998/=FD0550638BC625/%C1.R.sw/%C1.N=00C7DED8BC386D49D7
三月 16, 2015 9:58:20 上午 org.ccnx.ccn.io.CCNOutputStream flushToNetwork
信息: flush: outputting to the segmenter, baseName /ccnx.org/test/CCNNetworkTestRepo-15-03-16-09.58.16/content_3948460777857713998/=FD0550638BC625 basenameindex =00; 16 bytes written, holding back 16 flushing final blocks? false.
三月 16, 2015 9:58:20 上午 org.ccnx.ccn.io.CCNOutputStream flushToNetwork
信息: HEADER: CCNOutputStream: flushToNetwork: new _baseNameIndex 0
三月 16, 2015 9:58:20 上午 org.ccnx.ccn.io.CCNOutputStream flushToNetwork
信息: flush: outputting to the segmenter, baseName /ccnx.org/test/CCNNetworkTestRepo-15-03-16-09.58.16/content_3948460777857713998/=FD0550638BC625 basenameindex =00; 16 bytes written, holding back 0 flushing final blocks? true.
三月 16, 2015 9:58:20 上午 org.ccnx.ccn.io.CCNOutputStream flushToNetwork
信息: HEADER: CCNOutputStream: flushToNetwork: new _baseNameIndex 1
三月 16, 2015 9:58:20 上午 org.ccnx.ccn.io.CCNOutputStream close
信息: CCNOutputStream close: /ccnx.org/test/CCNNetworkTestRepo-15-03-16-09.58.16/content_3948460777857713998/=FD0550638BC625
三月 16, 2015 9:58:20 上午 org.ccnx.ccn.io.content.CCNNetworkObject createFlowController
信息: Created LOCALREPOSITORY flow controller, for prefix /ccnx.org/test/CCNNetworkTestRepo-15-03-16-09.58.16/content_3948460777857713998, save type LOCALREPOSITORY
三月 16, 2015 9:58:20 上午 org.ccnx.ccn.impl.CCNFlowControl addNameSpace
信息: Flow controller addNameSpace: added namespace: /ccnx.org/test/CCNNetworkTestRepo-15-03-16-09.58.16/content_3948460777857713998
三月 16, 2015 9:58:20 上午 org.ccnx.ccn.impl.security.keys.BasicKeyManager getKeyLocator
信息: getKeyLocator: returning locator NAME: /ccnx.org/Users/cb/Keys/%C1.M.K%00K=B082A16E5382FBAAA09FBE303E24E042E37E88C290E054292521DECA236523/=FD055059931000 KEY:itggagmsks2vela17tu60v29o22sdv8hgkgs1a2i991rr526p93 for key S7CCoW5TgvuqoJ++MD4k4ELjfojCkOBUKSUh3sojZSM=
三月 16, 2015 9:58:20 上午 org.ccnx.ccn.io.CCNAbstractOutputStream <init>
信息: CCNAbstractOutputStream: /ccnx.org/test/CCNNetworkTestRepo-15-03-16-09.58.16/content_3948460777857713998/=FD0550638BC79E blocksize is 4096
三月 16, 2015 9:58:20 上午 org.ccnx.ccn.io.CCNAbstractOutputStream startWrite
信息: CCNAbstractOutputStream: startWrite -- searching for keys.
三月 16, 2015 9:58:20 上午 org.ccnx.ccn.profiles.security.access.AccessControlManager keysForOutput
信息: keysForOutput: found an acm: (null)
三月 16, 2015 9:58:20 上午 org.ccnx.ccn.impl.repo.RepositoryFlowControl startWrite
信息: RepositoryFlowControl.startWrite called for name /ccnx.org/test/CCNNetworkTestRepo-15-03-16-09.58.16/content_3948460777857713998/=FD0550638BC79E, shape STREAM
三月 16, 2015 9:58:20 上午 org.ccnx.ccn.impl.repo.RepositoryFlowControl handleContent
信息: handleContent: got potential repo message: /ccnx.org/test/CCNNetworkTestRepo-15-03-16-09.58.16/content_3948460777857713998/=FD0550638BC79E/%C1.R.sw/%C1.N%00c=DAEB0CF731C2EF
三月 16, 2015 9:58:20 上午 org.ccnx.ccn.io.CCNOutputStream flushToNetwork
信息: flush: outputting to the segmenter, baseName /ccnx.org/test/CCNNetworkTestRepo-15-03-16-09.58.16/content_3948460777857713998/=FD0550638BC79E basenameindex =00; 16 bytes written, holding back 16 flushing final blocks? false.
三月 16, 2015 9:58:20 上午 org.ccnx.ccn.io.CCNOutputStream flushToNetwork
信息: HEADER: CCNOutputStream: flushToNetwork: new _baseNameIndex 0
三月 16, 2015 9:58:20 上午 org.ccnx.ccn.io.CCNOutputStream flushToNetwork
信息: flush: outputting to the segmenter, baseName /ccnx.org/test/CCNNetworkTestRepo-15-03-16-09.58.16/content_3948460777857713998/=FD0550638BC79E basenameindex =00; 16 bytes written, holding back 0 flushing final blocks? true.
三月 16, 2015 9:58:20 上午 org.ccnx.ccn.io.CCNOutputStream flushToNetwork
信息: HEADER: CCNOutputStream: flushToNetwork: new _baseNameIndex 1
三月 16, 2015 9:58:20 上午 org.ccnx.ccn.io.CCNOutputStream close
信息: CCNOutputStream close: /ccnx.org/test/CCNNetworkTestRepo-15-03-16-09.58.16/content_3948460777857713998/=FD0550638BC79E
三月 16, 2015 9:58:20 上午 org.ccnx.ccn.io.content.CCNNetworkObject createFlowController
信息: Created LOCALREPOSITORY flow controller, for prefix /ccnx.org/test/CCNNetworkTestRepo-15-03-16-09.58.16/content_3948460777857713998, save type LOCALREPOSITORY
三月 16, 2015 9:58:20 上午 org.ccnx.ccn.impl.CCNFlowControl addNameSpace
信息: Flow controller addNameSpace: added namespace: /ccnx.org/test/CCNNetworkTestRepo-15-03-16-09.58.16/content_3948460777857713998
三月 16, 2015 9:58:20 上午 org.ccnx.ccn.impl.security.keys.BasicKeyManager getKeyLocator
信息: getKeyLocator: returning locator NAME: /ccnx.org/Users/cb/Keys/%C1.M.K%00K=B082A16E5382FBAAA09FBE303E24E042E37E88C290E054292521DECA236523/=FD055059931000 KEY:itggagmsks2vela17tu60v29o22sdv8hgkgs1a2i991rr526p93 for key S7CCoW5TgvuqoJ++MD4k4ELjfojCkOBUKSUh3sojZSM=
三月 16, 2015 9:58:20 上午 org.ccnx.ccn.io.CCNAbstractOutputStream <init>
信息: CCNAbstractOutputStream: /ccnx.org/test/CCNNetworkTestRepo-15-03-16-09.58.16/content_3948460777857713998/=FD0550638BC90E blocksize is 4096
三月 16, 2015 9:58:20 上午 org.ccnx.ccn.io.CCNAbstractOutputStream startWrite
信息: CCNAbstractOutputStream: startWrite -- searching for keys.
三月 16, 2015 9:58:20 上午 org.ccnx.ccn.profiles.security.access.AccessControlManager keysForOutput
信息: keysForOutput: found an acm: (null)
三月 16, 2015 9:58:20 上午 org.ccnx.ccn.impl.repo.RepositoryFlowControl startWrite
信息: RepositoryFlowControl.startWrite called for name /ccnx.org/test/CCNNetworkTestRepo-15-03-16-09.58.16/content_3948460777857713998/=FD0550638BC90E, shape STREAM
三月 16, 2015 9:58:20 上午 org.ccnx.ccn.impl.repo.RepositoryFlowControl handleContent
信息: handleContent: got potential repo message: /ccnx.org/test/CCNNetworkTestRepo-15-03-16-09.58.16/content_3948460777857713998/=FD0550638BC90E/%C1.R.sw/%C1.N=002953EA3D9D15C20E
三月 16, 2015 9:58:20 上午 org.ccnx.ccn.io.CCNOutputStream flushToNetwork
信息: flush: outputting to the segmenter, baseName /ccnx.org/test/CCNNetworkTestRepo-15-03-16-09.58.16/content_3948460777857713998/=FD0550638BC90E basenameindex =00; 16 bytes written, holding back 16 flushing final blocks? false.
三月 16, 2015 9:58:20 上午 org.ccnx.ccn.io.CCNOutputStream flushToNetwork
信息: HEADER: CCNOutputStream: flushToNetwork: new _baseNameIndex 0
三月 16, 2015 9:58:20 上午 org.ccnx.ccn.io.CCNOutputStream flushToNetwork
信息: flush: outputting to the segmenter, baseName /ccnx.org/test/CCNNetworkTestRepo-15-03-16-09.58.16/content_3948460777857713998/=FD0550638BC90E basenameindex =00; 16 bytes written, holding back 0 flushing final blocks? true.
三月 16, 2015 9:58:20 上午 org.ccnx.ccn.io.CCNOutputStream flushToNetwork
信息: HEADER: CCNOutputStream: flushToNetwork: new _baseNameIndex 1
三月 16, 2015 9:58:20 上午 org.ccnx.ccn.io.CCNOutputStream close
信息: CCNOutputStream close: /ccnx.org/test/CCNNetworkTestRepo-15-03-16-09.58.16/content_3948460777857713998/=FD0550638BC90E
三月 16, 2015 9:58:20 上午 org.ccnx.ccn.io.content.CCNNetworkObject createFlowController
信息: Created LOCALREPOSITORY flow controller, for prefix /ccnx.org/test/CCNNetworkTestRepo-15-03-16-09.58.16/content_3948460777857713998, save type LOCALREPOSITORY
三月 16, 2015 9:58:20 上午 org.ccnx.ccn.impl.CCNFlowControl addNameSpace
信息: Flow controller addNameSpace: added namespace: /ccnx.org/test/CCNNetworkTestRepo-15-03-16-09.58.16/content_3948460777857713998
三月 16, 2015 9:58:20 上午 org.ccnx.ccn.impl.security.keys.BasicKeyManager getKeyLocator
信息: getKeyLocator: returning locator NAME: /ccnx.org/Users/cb/Keys/%C1.M.K%00K=B082A16E5382FBAAA09FBE303E24E042E37E88C290E054292521DECA236523/=FD055059931000 KEY:itggagmsks2vela17tu60v29o22sdv8hgkgs1a2i991rr526p93 for key S7CCoW5TgvuqoJ++MD4k4ELjfojCkOBUKSUh3sojZSM=
三月 16, 2015 9:58:20 上午 org.ccnx.ccn.io.CCNAbstractOutputStream <init>
信息: CCNAbstractOutputStream: /ccnx.org/test/CCNNetworkTestRepo-15-03-16-09.58.16/content_3948460777857713998/=FD0550638BCA8B blocksize is 4096
三月 16, 2015 9:58:20 上午 org.ccnx.ccn.io.CCNAbstractOutputStream startWrite
信息: CCNAbstractOutputStream: startWrite -- searching for keys.
三月 16, 2015 9:58:20 上午 org.ccnx.ccn.profiles.security.access.AccessControlManager keysForOutput
信息: keysForOutput: found an acm: (null)
三月 16, 2015 9:58:20 上午 org.ccnx.ccn.impl.repo.RepositoryFlowControl startWrite
信息: RepositoryFlowControl.startWrite called for name /ccnx.org/test/CCNNetworkTestRepo-15-03-16-09.58.16/content_3948460777857713998/=FD0550638BCA8B, shape STREAM
三月 16, 2015 9:58:20 上午 org.ccnx.ccn.impl.repo.RepositoryFlowControl handleContent
信息: handleContent: got potential repo message: /ccnx.org/test/CCNNetworkTestRepo-15-03-16-09.58.16/content_3948460777857713998/=FD0550638BCA8B/%C1.R.sw/%C1.N=00DA9C87D502218970
三月 16, 2015 9:58:20 上午 org.ccnx.ccn.io.CCNOutputStream flushToNetwork
信息: flush: outputting to the segmenter, baseName /ccnx.org/test/CCNNetworkTestRepo-15-03-16-09.58.16/content_3948460777857713998/=FD0550638BCA8B basenameindex =00; 16 bytes written, holding back 16 flushing final blocks? false.
三月 16, 2015 9:58:20 上午 org.ccnx.ccn.io.CCNOutputStream flushToNetwork
信息: HEADER: CCNOutputStream: flushToNetwork: new _baseNameIndex 0
三月 16, 2015 9:58:20 上午 org.ccnx.ccn.io.CCNOutputStream flushToNetwork
信息: flush: outputting to the segmenter, baseName /ccnx.org/test/CCNNetworkTestRepo-15-03-16-09.58.16/content_3948460777857713998/=FD0550638BCA8B basenameindex =00; 16 bytes written, holding back 0 flushing final blocks? true.
三月 16, 2015 9:58:20 上午 org.ccnx.ccn.io.CCNOutputStream flushToNetwork
信息: HEADER: CCNOutputStream: flushToNetwork: new _baseNameIndex 1
三月 16, 2015 9:58:20 上午 org.ccnx.ccn.io.CCNOutputStream close
信息: CCNOutputStream close: /ccnx.org/test/CCNNetworkTestRepo-15-03-16-09.58.16/content_3948460777857713998/=FD0550638BCA8B
三月 16, 2015 9:58:20 上午 org.ccnx.ccn.io.content.CCNNetworkObject createFlowController
信息: Created LOCALREPOSITORY flow controller, for prefix /ccnx.org/test/CCNNetworkTestRepo-15-03-16-09.58.16/content_3948460777857713998, save type LOCALREPOSITORY
三月 16, 2015 9:58:20 上午 org.ccnx.ccn.impl.CCNFlowControl addNameSpace
信息: Flow controller addNameSpace: added namespace: /ccnx.org/test/CCNNetworkTestRepo-15-03-16-09.58.16/content_3948460777857713998
三月 16, 2015 9:58:20 上午 org.ccnx.ccn.impl.security.keys.BasicKeyManager getKeyLocator
信息: getKeyLocator: returning locator NAME: /ccnx.org/Users/cb/Keys/%C1.M.K%00K=B082A16E5382FBAAA09FBE303E24E042E37E88C290E054292521DECA236523/=FD055059931000 KEY:itggagmsks2vela17tu60v29o22sdv8hgkgs1a2i991rr526p93 for key S7CCoW5TgvuqoJ++MD4k4ELjfojCkOBUKSUh3sojZSM=
三月 16, 2015 9:58:20 上午 org.ccnx.ccn.io.CCNAbstractOutputStream <init>
信息: CCNAbstractOutputStream: /ccnx.org/test/CCNNetworkTestRepo-15-03-16-09.58.16/content_3948460777857713998/=FD0550638BCC00 blocksize is 4096
三月 16, 2015 9:58:20 上午 org.ccnx.ccn.io.CCNAbstractOutputStream startWrite
信息: CCNAbstractOutputStream: startWrite -- searching for keys.
三月 16, 2015 9:58:20 上午 org.ccnx.ccn.profiles.security.access.AccessControlManager keysForOutput
信息: keysForOutput: found an acm: (null)
三月 16, 2015 9:58:20 上午 org.ccnx.ccn.impl.repo.RepositoryFlowControl startWrite
信息: RepositoryFlowControl.startWrite called for name /ccnx.org/test/CCNNetworkTestRepo-15-03-16-09.58.16/content_3948460777857713998/=FD0550638BCC00, shape STREAM
三月 16, 2015 9:58:20 上午 org.ccnx.ccn.impl.repo.RepositoryFlowControl handleContent
信息: handleContent: got potential repo message: /ccnx.org/test/CCNNetworkTestRepo-15-03-16-09.58.16/content_3948460777857713998/=FD0550638BCC00/%C1.R.sw/%C1.N=005BD73C234AF295CC
三月 16, 2015 9:58:20 上午 org.ccnx.ccn.io.CCNOutputStream flushToNetwork
信息: flush: outputting to the segmenter, baseName /ccnx.org/test/CCNNetworkTestRepo-15-03-16-09.58.16/content_3948460777857713998/=FD0550638BCC00 basenameindex =00; 16 bytes written, holding back 16 flushing final blocks? false.
三月 16, 2015 9:58:20 上午 org.ccnx.ccn.io.CCNOutputStream flushToNetwork
信息: HEADER: CCNOutputStream: flushToNetwork: new _baseNameIndex 0
三月 16, 2015 9:58:20 上午 org.ccnx.ccn.io.CCNOutputStream flushToNetwork
信息: flush: outputting to the segmenter, baseName /ccnx.org/test/CCNNetworkTestRepo-15-03-16-09.58.16/content_3948460777857713998/=FD0550638BCC00 basenameindex =00; 16 bytes written, holding back 0 flushing final blocks? true.
三月 16, 2015 9:58:20 上午 org.ccnx.ccn.io.CCNOutputStream flushToNetwork
信息: HEADER: CCNOutputStream: flushToNetwork: new _baseNameIndex 1
三月 16, 2015 9:58:20 上午 org.ccnx.ccn.io.CCNOutputStream close
信息: CCNOutputStream close: /ccnx.org/test/CCNNetworkTestRepo-15-03-16-09.58.16/content_3948460777857713998/=FD0550638BCC00
三月 16, 2015 9:58:20 上午 org.ccnx.ccn.io.content.CCNNetworkObject createFlowController
信息: Created LOCALREPOSITORY flow controller, for prefix /ccnx.org/test/CCNNetworkTestRepo-15-03-16-09.58.16/content_3948460777857713998, save type LOCALREPOSITORY
三月 16, 2015 9:58:20 上午 org.ccnx.ccn.impl.CCNFlowControl addNameSpace
信息: Flow controller addNameSpace: added namespace: /ccnx.org/test/CCNNetworkTestRepo-15-03-16-09.58.16/content_3948460777857713998
三月 16, 2015 9:58:20 上午 org.ccnx.ccn.impl.security.keys.BasicKeyManager getKeyLocator
信息: getKeyLocator: returning locator NAME: /ccnx.org/Users/cb/Keys/%C1.M.K%00K=B082A16E5382FBAAA09FBE303E24E042E37E88C290E054292521DECA236523/=FD055059931000 KEY:itggagmsks2vela17tu60v29o22sdv8hgkgs1a2i991rr526p93 for key S7CCoW5TgvuqoJ++MD4k4ELjfojCkOBUKSUh3sojZSM=
三月 16, 2015 9:58:20 上午 org.ccnx.ccn.io.CCNAbstractOutputStream <init>
信息: CCNAbstractOutputStream: /ccnx.org/test/CCNNetworkTestRepo-15-03-16-09.58.16/content_3948460777857713998/=FD0550638BCD91 blocksize is 4096
三月 16, 2015 9:58:20 上午 org.ccnx.ccn.io.CCNAbstractOutputStream startWrite
信息: CCNAbstractOutputStream: startWrite -- searching for keys.
三月 16, 2015 9:58:20 上午 org.ccnx.ccn.profiles.security.access.AccessControlManager keysForOutput
信息: keysForOutput: found an acm: (null)
三月 16, 2015 9:58:20 上午 org.ccnx.ccn.impl.repo.RepositoryFlowControl startWrite
信息: RepositoryFlowControl.startWrite called for name /ccnx.org/test/CCNNetworkTestRepo-15-03-16-09.58.16/content_3948460777857713998/=FD0550638BCD91, shape STREAM
三月 16, 2015 9:58:20 上午 org.ccnx.ccn.impl.repo.RepositoryFlowControl handleContent
信息: handleContent: got potential repo message: /ccnx.org/test/CCNNetworkTestRepo-15-03-16-09.58.16/content_3948460777857713998/=FD0550638BCD91/%C1.R.sw/%C1.N=009FB2000C98B3440D
三月 16, 2015 9:58:20 上午 org.ccnx.ccn.io.CCNOutputStream flushToNetwork
信息: flush: outputting to the segmenter, baseName /ccnx.org/test/CCNNetworkTestRepo-15-03-16-09.58.16/content_3948460777857713998/=FD0550638BCD91 basenameindex =00; 16 bytes written, holding back 16 flushing final blocks? false.
三月 16, 2015 9:58:20 上午 org.ccnx.ccn.io.CCNOutputStream flushToNetwork
信息: HEADER: CCNOutputStream: flushToNetwork: new _baseNameIndex 0
三月 16, 2015 9:58:20 上午 org.ccnx.ccn.io.CCNOutputStream flushToNetwork
信息: flush: outputting to the segmenter, baseName /ccnx.org/test/CCNNetworkTestRepo-15-03-16-09.58.16/content_3948460777857713998/=FD0550638BCD91 basenameindex =00; 16 bytes written, holding back 0 flushing final blocks? true.
三月 16, 2015 9:58:20 上午 org.ccnx.ccn.io.CCNOutputStream flushToNetwork
信息: HEADER: CCNOutputStream: flushToNetwork: new _baseNameIndex 1
三月 16, 2015 9:58:20 上午 org.ccnx.ccn.io.CCNOutputStream close
信息: CCNOutputStream close: /ccnx.org/test/CCNNetworkTestRepo-15-03-16-09.58.16/content_3948460777857713998/=FD0550638BCD91
三月 16, 2015 9:58:20 上午 org.ccnx.ccn.io.content.CCNNetworkObject createFlowController
信息: Created LOCALREPOSITORY flow controller, for prefix /ccnx.org/test/CCNNetworkTestRepo-15-03-16-09.58.16/content_3948460777857713998, save type LOCALREPOSITORY
三月 16, 2015 9:58:20 上午 org.ccnx.ccn.impl.CCNFlowControl addNameSpace
信息: Flow controller addNameSpace: added namespace: /ccnx.org/test/CCNNetworkTestRepo-15-03-16-09.58.16/content_3948460777857713998
三月 16, 2015 9:58:20 上午 org.ccnx.ccn.impl.security.keys.BasicKeyManager getKeyLocator
信息: getKeyLocator: returning locator NAME: /ccnx.org/Users/cb/Keys/%C1.M.K%00K=B082A16E5382FBAAA09FBE303E24E042E37E88C290E054292521DECA236523/=FD055059931000 KEY:itggagmsks2vela17tu60v29o22sdv8hgkgs1a2i991rr526p93 for key S7CCoW5TgvuqoJ++MD4k4ELjfojCkOBUKSUh3sojZSM=
三月 16, 2015 9:58:20 上午 org.ccnx.ccn.io.CCNAbstractOutputStream <init>
信息: CCNAbstractOutputStream: /ccnx.org/test/CCNNetworkTestRepo-15-03-16-09.58.16/content_3948460777857713998/=FD0550638BCF06 blocksize is 4096
三月 16, 2015 9:58:20 上午 org.ccnx.ccn.io.CCNAbstractOutputStream startWrite
信息: CCNAbstractOutputStream: startWrite -- searching for keys.
三月 16, 2015 9:58:20 上午 org.ccnx.ccn.profiles.security.access.AccessControlManager keysForOutput
信息: keysForOutput: found an acm: (null)
三月 16, 2015 9:58:20 上午 org.ccnx.ccn.impl.repo.RepositoryFlowControl startWrite
信息: RepositoryFlowControl.startWrite called for name /ccnx.org/test/CCNNetworkTestRepo-15-03-16-09.58.16/content_3948460777857713998/=FD0550638BCF06, shape STREAM
三月 16, 2015 9:58:20 上午 org.ccnx.ccn.impl.repo.RepositoryFlowControl handleContent
信息: handleContent: got potential repo message: /ccnx.org/test/CCNNetworkTestRepo-15-03-16-09.58.16/content_3948460777857713998/=FD0550638BCF06/%C1.R.sw/%C1.N=002C0EBAF9326EA1C2
三月 16, 2015 9:58:20 上午 org.ccnx.ccn.io.CCNOutputStream flushToNetwork
信息: flush: outputting to the segmenter, baseName /ccnx.org/test/CCNNetworkTestRepo-15-03-16-09.58.16/content_3948460777857713998/=FD0550638BCF06 basenameindex =00; 16 bytes written, holding back 16 flushing final blocks? false.
三月 16, 2015 9:58:20 上午 org.ccnx.ccn.io.CCNOutputStream flushToNetwork
信息: HEADER: CCNOutputStream: flushToNetwork: new _baseNameIndex 0
三月 16, 2015 9:58:20 上午 org.ccnx.ccn.io.CCNOutputStream flushToNetwork
信息: flush: outputting to the segmenter, baseName /ccnx.org/test/CCNNetworkTestRepo-15-03-16-09.58.16/content_3948460777857713998/=FD0550638BCF06 basenameindex =00; 16 bytes written, holding back 0 flushing final blocks? true.
三月 16, 2015 9:58:20 上午 org.ccnx.ccn.io.CCNOutputStream flushToNetwork
信息: HEADER: CCNOutputStream: flushToNetwork: new _baseNameIndex 1
三月 16, 2015 9:58:21 上午 org.ccnx.ccn.io.CCNOutputStream close
信息: CCNOutputStream close: /ccnx.org/test/CCNNetworkTestRepo-15-03-16-09.58.16/content_3948460777857713998/=FD0550638BCF06
三月 16, 2015 9:58:21 上午 org.ccnx.ccn.io.content.CCNNetworkObject createFlowController
信息: Created LOCALREPOSITORY flow controller, for prefix /ccnx.org/test/CCNNetworkTestRepo-15-03-16-09.58.16/content_3948460777857713998, save type LOCALREPOSITORY
三月 16, 2015 9:58:21 上午 org.ccnx.ccn.impl.CCNFlowControl addNameSpace
信息: Flow controller addNameSpace: added namespace: /ccnx.org/test/CCNNetworkTestRepo-15-03-16-09.58.16/content_3948460777857713998
三月 16, 2015 9:58:21 上午 org.ccnx.ccn.impl.security.keys.BasicKeyManager getKeyLocator
信息: getKeyLocator: returning locator NAME: /ccnx.org/Users/cb/Keys/%C1.M.K%00K=B082A16E5382FBAAA09FBE303E24E042E37E88C290E054292521DECA236523/=FD055059931000 KEY:itggagmsks2vela17tu60v29o22sdv8hgkgs1a2i991rr526p93 for key S7CCoW5TgvuqoJ++MD4k4ELjfojCkOBUKSUh3sojZSM=
三月 16, 2015 9:58:21 上午 org.ccnx.ccn.io.CCNAbstractOutputStream <init>
信息: CCNAbstractOutputStream: /ccnx.org/test/CCNNetworkTestRepo-15-03-16-09.58.16/content_3948460777857713998/=FD0550638BD087 blocksize is 4096
三月 16, 2015 9:58:21 上午 org.ccnx.ccn.io.CCNAbstractOutputStream startWrite
信息: CCNAbstractOutputStream: startWrite -- searching for keys.
三月 16, 2015 9:58:21 上午 org.ccnx.ccn.profiles.security.access.AccessControlManager keysForOutput
信息: keysForOutput: found an acm: (null)
三月 16, 2015 9:58:21 上午 org.ccnx.ccn.impl.repo.RepositoryFlowControl startWrite
信息: RepositoryFlowControl.startWrite called for name /ccnx.org/test/CCNNetworkTestRepo-15-03-16-09.58.16/content_3948460777857713998/=FD0550638BD087, shape STREAM
三月 16, 2015 9:58:21 上午 org.ccnx.ccn.impl.repo.RepositoryFlowControl handleContent
信息: handleContent: got potential repo message: /ccnx.org/test/CCNNetworkTestRepo-15-03-16-09.58.16/content_3948460777857713998/=FD0550638BD087/%C1.R.sw/%C1.N=00B77ACADA09B2477D
三月 16, 2015 9:58:21 上午 org.ccnx.ccn.io.CCNOutputStream flushToNetwork
信息: flush: outputting to the segmenter, baseName /ccnx.org/test/CCNNetworkTestRepo-15-03-16-09.58.16/content_3948460777857713998/=FD0550638BD087 basenameindex =00; 16 bytes written, holding back 16 flushing final blocks? false.
三月 16, 2015 9:58:21 上午 org.ccnx.ccn.io.CCNOutputStream flushToNetwork
信息: HEADER: CCNOutputStream: flushToNetwork: new _baseNameIndex 0
三月 16, 2015 9:58:21 上午 org.ccnx.ccn.io.CCNOutputStream flushToNetwork
信息: flush: outputting to the segmenter, baseName /ccnx.org/test/CCNNetworkTestRepo-15-03-16-09.58.16/content_3948460777857713998/=FD0550638BD087 basenameindex =00; 16 bytes written, holding back 0 flushing final blocks? true.
三月 16, 2015 9:58:21 上午 org.ccnx.ccn.io.CCNOutputStream flushToNetwork
信息: HEADER: CCNOutputStream: flushToNetwork: new _baseNameIndex 1
三月 16, 2015 9:58:21 上午 org.ccnx.ccn.io.CCNOutputStream close
信息: CCNOutputStream close: /ccnx.org/test/CCNNetworkTestRepo-15-03-16-09.58.16/content_3948460777857713998/=FD0550638BD087
三月 16, 2015 9:58:21 上午 org.ccnx.ccn.io.content.CCNNetworkObject createFlowController
信息: Created LOCALREPOSITORY flow controller, for prefix /ccnx.org/test/CCNNetworkTestRepo-15-03-16-09.58.16/content_3948460777857713998, save type LOCALREPOSITORY
三月 16, 2015 9:58:21 上午 org.ccnx.ccn.impl.CCNFlowControl addNameSpace
信息: Flow controller addNameSpace: added namespace: /ccnx.org/test/CCNNetworkTestRepo-15-03-16-09.58.16/content_3948460777857713998
三月 16, 2015 9:58:21 上午 org.ccnx.ccn.impl.security.keys.BasicKeyManager getKeyLocator
信息: getKeyLocator: returning locator NAME: /ccnx.org/Users/cb/Keys/%C1.M.K%00K=B082A16E5382FBAAA09FBE303E24E042E37E88C290E054292521DECA236523/=FD055059931000 KEY:itggagmsks2vela17tu60v29o22sdv8hgkgs1a2i991rr526p93 for key S7CCoW5TgvuqoJ++MD4k4ELjfojCkOBUKSUh3sojZSM=
三月 16, 2015 9:58:21 上午 org.ccnx.ccn.io.CCNAbstractOutputStream <init>
信息: CCNAbstractOutputStream: /ccnx.org/test/CCNNetworkTestRepo-15-03-16-09.58.16/content_3948460777857713998/=FD0550638BD214 blocksize is 4096
三月 16, 2015 9:58:21 上午 org.ccnx.ccn.io.CCNAbstractOutputStream startWrite
信息: CCNAbstractOutputStream: startWrite -- searching for keys.
三月 16, 2015 9:58:21 上午 org.ccnx.ccn.profiles.security.access.AccessControlManager keysForOutput
信息: keysForOutput: found an acm: (null)
三月 16, 2015 9:58:21 上午 org.ccnx.ccn.impl.repo.RepositoryFlowControl startWrite
信息: RepositoryFlowControl.startWrite called for name /ccnx.org/test/CCNNetworkTestRepo-15-03-16-09.58.16/content_3948460777857713998/=FD0550638BD214, shape STREAM
三月 16, 2015 9:58:21 上午 org.ccnx.ccn.impl.repo.RepositoryFlowControl handleContent
信息: handleContent: got potential repo message: /ccnx.org/test/CCNNetworkTestRepo-15-03-16-09.58.16/content_3948460777857713998/=FD0550638BD214/%C1.R.sw/%C1.N=00AA9B19D9B44F6511
三月 16, 2015 9:58:21 上午 org.ccnx.ccn.io.CCNOutputStream flushToNetwork
信息: flush: outputting to the segmenter, baseName /ccnx.org/test/CCNNetworkTestRepo-15-03-16-09.58.16/content_3948460777857713998/=FD0550638BD214 basenameindex =00; 16 bytes written, holding back 16 flushing final blocks? false.
三月 16, 2015 9:58:21 上午 org.ccnx.ccn.io.CCNOutputStream flushToNetwork
信息: HEADER: CCNOutputStream: flushToNetwork: new _baseNameIndex 0
三月 16, 2015 9:58:21 上午 org.ccnx.ccn.io.CCNOutputStream flushToNetwork
信息: flush: outputting to the segmenter, baseName /ccnx.org/test/CCNNetworkTestRepo-15-03-16-09.58.16/content_3948460777857713998/=FD0550638BD214 basenameindex =00; 16 bytes written, holding back 0 flushing final blocks? true.
三月 16, 2015 9:58:21 上午 org.ccnx.ccn.io.CCNOutputStream flushToNetwork
信息: HEADER: CCNOutputStream: flushToNetwork: new _baseNameIndex 1
三月 16, 2015 9:58:21 上午 org.ccnx.ccn.io.CCNOutputStream close
信息: CCNOutputStream close: /ccnx.org/test/CCNNetworkTestRepo-15-03-16-09.58.16/content_3948460777857713998/=FD0550638BD214
三月 16, 2015 9:58:21 上午 org.ccnx.ccn.io.content.CCNNetworkObject createFlowController
信息: Created LOCALREPOSITORY flow controller, for prefix /ccnx.org/test/CCNNetworkTestRepo-15-03-16-09.58.16/content_3948460777857713998, save type LOCALREPOSITORY
三月 16, 2015 9:58:21 上午 org.ccnx.ccn.impl.CCNFlowControl addNameSpace
信息: Flow controller addNameSpace: added namespace: /ccnx.org/test/CCNNetworkTestRepo-15-03-16-09.58.16/content_3948460777857713998
三月 16, 2015 9:58:21 上午 org.ccnx.ccn.impl.security.keys.BasicKeyManager getKeyLocator
信息: getKeyLocator: returning locator NAME: /ccnx.org/Users/cb/Keys/%C1.M.K%00K=B082A16E5382FBAAA09FBE303E24E042E37E88C290E054292521DECA236523/=FD055059931000 KEY:itggagmsks2vela17tu60v29o22sdv8hgkgs1a2i991rr526p93 for key S7CCoW5TgvuqoJ++MD4k4ELjfojCkOBUKSUh3sojZSM=
三月 16, 2015 9:58:21 上午 org.ccnx.ccn.io.CCNAbstractOutputStream <init>
信息: CCNAbstractOutputStream: /ccnx.org/test/CCNNetworkTestRepo-15-03-16-09.58.16/content_3948460777857713998/=FD0550638BD3B2 blocksize is 4096
三月 16, 2015 9:58:21 上午 org.ccnx.ccn.io.CCNAbstractOutputStream startWrite
信息: CCNAbstractOutputStream: startWrite -- searching for keys.
三月 16, 2015 9:58:21 上午 org.ccnx.ccn.profiles.security.access.AccessControlManager keysForOutput
信息: keysForOutput: found an acm: (null)
三月 16, 2015 9:58:21 上午 org.ccnx.ccn.impl.repo.RepositoryFlowControl startWrite
信息: RepositoryFlowControl.startWrite called for name /ccnx.org/test/CCNNetworkTestRepo-15-03-16-09.58.16/content_3948460777857713998/=FD0550638BD3B2, shape STREAM
三月 16, 2015 9:58:21 上午 org.ccnx.ccn.impl.repo.RepositoryFlowControl handleContent
信息: handleContent: got potential repo message: /ccnx.org/test/CCNNetworkTestRepo-15-03-16-09.58.16/content_3948460777857713998/=FD0550638BD3B2/%C1.R.sw/%C1.N=00964F9B575DB33813
三月 16, 2015 9:58:21 上午 org.ccnx.ccn.io.CCNOutputStream flushToNetwork
信息: flush: outputting to the segmenter, baseName /ccnx.org/test/CCNNetworkTestRepo-15-03-16-09.58.16/content_3948460777857713998/=FD0550638BD3B2 basenameindex =00; 16 bytes written, holding back 16 flushing final blocks? false.
三月 16, 2015 9:58:21 上午 org.ccnx.ccn.io.CCNOutputStream flushToNetwork
信息: HEADER: CCNOutputStream: flushToNetwork: new _baseNameIndex 0
三月 16, 2015 9:58:21 上午 org.ccnx.ccn.io.CCNOutputStream flushToNetwork
信息: flush: outputting to the segmenter, baseName /ccnx.org/test/CCNNetworkTestRepo-15-03-16-09.58.16/content_3948460777857713998/=FD0550638BD3B2 basenameindex =00; 16 bytes written, holding back 0 flushing final blocks? true.
三月 16, 2015 9:58:21 上午 org.ccnx.ccn.io.CCNOutputStream flushToNetwork
信息: HEADER: CCNOutputStream: flushToNetwork: new _baseNameIndex 1
三月 16, 2015 9:58:21 上午 org.ccnx.ccn.io.CCNOutputStream close
信息: CCNOutputStream close: /ccnx.org/test/CCNNetworkTestRepo-15-03-16-09.58.16/content_3948460777857713998/=FD0550638BD3B2
三月 16, 2015 9:58:21 上午 org.ccnx.ccn.io.content.CCNNetworkObject createFlowController
信息: Created LOCALREPOSITORY flow controller, for prefix /ccnx.org/test/CCNNetworkTestRepo-15-03-16-09.58.16/content_3948460777857713998, save type LOCALREPOSITORY
三月 16, 2015 9:58:21 上午 org.ccnx.ccn.impl.CCNFlowControl addNameSpace
信息: Flow controller addNameSpace: added namespace: /ccnx.org/test/CCNNetworkTestRepo-15-03-16-09.58.16/content_3948460777857713998
三月 16, 2015 9:58:21 上午 org.ccnx.ccn.impl.security.keys.BasicKeyManager getKeyLocator
信息: getKeyLocator: returning locator NAME: /ccnx.org/Users/cb/Keys/%C1.M.K%00K=B082A16E5382FBAAA09FBE303E24E042E37E88C290E054292521DECA236523/=FD055059931000 KEY:itggagmsks2vela17tu60v29o22sdv8hgkgs1a2i991rr526p93 for key S7CCoW5TgvuqoJ++MD4k4ELjfojCkOBUKSUh3sojZSM=
三月 16, 2015 9:58:21 上午 org.ccnx.ccn.io.CCNAbstractOutputStream <init>
信息: CCNAbstractOutputStream: /ccnx.org/test/CCNNetworkTestRepo-15-03-16-09.58.16/content_3948460777857713998/=FD0550638BD53B blocksize is 4096
三月 16, 2015 9:58:21 上午 org.ccnx.ccn.io.CCNAbstractOutputStream startWrite
信息: CCNAbstractOutputStream: startWrite -- searching for keys.
三月 16, 2015 9:58:21 上午 org.ccnx.ccn.profiles.security.access.AccessControlManager keysForOutput
信息: keysForOutput: found an acm: (null)
三月 16, 2015 9:58:21 上午 org.ccnx.ccn.impl.repo.RepositoryFlowControl startWrite
信息: RepositoryFlowControl.startWrite called for name /ccnx.org/test/CCNNetworkTestRepo-15-03-16-09.58.16/content_3948460777857713998/=FD0550638BD53B, shape STREAM
三月 16, 2015 9:58:21 上午 org.ccnx.ccn.impl.repo.RepositoryFlowControl handleContent
信息: handleContent: got potential repo message: /ccnx.org/test/CCNNetworkTestRepo-15-03-16-09.58.16/content_3948460777857713998/=FD0550638BD53B/%C1.R.sw/%C1.N=00D8B1D6E04059EDE6
三月 16, 2015 9:58:21 上午 org.ccnx.ccn.io.CCNOutputStream flushToNetwork
信息: flush: outputting to the segmenter, baseName /ccnx.org/test/CCNNetworkTestRepo-15-03-16-09.58.16/content_3948460777857713998/=FD0550638BD53B basenameindex =00; 16 bytes written, holding back 16 flushing final blocks? false.
三月 16, 2015 9:58:21 上午 org.ccnx.ccn.io.CCNOutputStream flushToNetwork
信息: HEADER: CCNOutputStream: flushToNetwork: new _baseNameIndex 0
三月 16, 2015 9:58:21 上午 org.ccnx.ccn.io.CCNOutputStream flushToNetwork
信息: flush: outputting to the segmenter, baseName /ccnx.org/test/CCNNetworkTestRepo-15-03-16-09.58.16/content_3948460777857713998/=FD0550638BD53B basenameindex =00; 16 bytes written, holding back 0 flushing final blocks? true.
三月 16, 2015 9:58:21 上午 org.ccnx.ccn.io.CCNOutputStream flushToNetwork
信息: HEADER: CCNOutputStream: flushToNetwork: new _baseNameIndex 1
三月 16, 2015 9:58:21 上午 org.ccnx.ccn.io.CCNOutputStream close
信息: CCNOutputStream close: /ccnx.org/test/CCNNetworkTestRepo-15-03-16-09.58.16/content_3948460777857713998/=FD0550638BD53B
三月 16, 2015 9:58:21 上午 org.ccnx.ccn.io.content.CCNNetworkObject createFlowController
信息: Created LOCALREPOSITORY flow controller, for prefix /ccnx.org/test/CCNNetworkTestRepo-15-03-16-09.58.16/content_3948460777857713998, save type LOCALREPOSITORY
三月 16, 2015 9:58:21 上午 org.ccnx.ccn.impl.CCNFlowControl addNameSpace
信息: Flow controller addNameSpace: added namespace: /ccnx.org/test/CCNNetworkTestRepo-15-03-16-09.58.16/content_3948460777857713998
三月 16, 2015 9:58:21 上午 org.ccnx.ccn.impl.security.keys.BasicKeyManager getKeyLocator
信息: getKeyLocator: returning locator NAME: /ccnx.org/Users/cb/Keys/%C1.M.K%00K=B082A16E5382FBAAA09FBE303E24E042E37E88C290E054292521DECA236523/=FD055059931000 KEY:itggagmsks2vela17tu60v29o22sdv8hgkgs1a2i991rr526p93 for key S7CCoW5TgvuqoJ++MD4k4ELjfojCkOBUKSUh3sojZSM=
三月 16, 2015 9:58:21 上午 org.ccnx.ccn.io.CCNAbstractOutputStream <init>
信息: CCNAbstractOutputStream: /ccnx.org/test/CCNNetworkTestRepo-15-03-16-09.58.16/content_3948460777857713998/=FD0550638BD6C5 blocksize is 4096
三月 16, 2015 9:58:21 上午 org.ccnx.ccn.io.CCNAbstractOutputStream startWrite
信息: CCNAbstractOutputStream: startWrite -- searching for keys.
三月 16, 2015 9:58:21 上午 org.ccnx.ccn.profiles.security.access.AccessControlManager keysForOutput
信息: keysForOutput: found an acm: (null)
三月 16, 2015 9:58:21 上午 org.ccnx.ccn.impl.repo.RepositoryFlowControl startWrite
信息: RepositoryFlowControl.startWrite called for name /ccnx.org/test/CCNNetworkTestRepo-15-03-16-09.58.16/content_3948460777857713998/=FD0550638BD6C5, shape STREAM
三月 16, 2015 9:58:21 上午 org.ccnx.ccn.impl.repo.RepositoryFlowControl handleContent
信息: handleContent: got potential repo message: /ccnx.org/test/CCNNetworkTestRepo-15-03-16-09.58.16/content_3948460777857713998/=FD0550638BD6C5/%C1.R.sw/%C1.N=00F94422AF99687079
三月 16, 2015 9:58:21 上午 org.ccnx.ccn.io.CCNOutputStream flushToNetwork
信息: flush: outputting to the segmenter, baseName /ccnx.org/test/CCNNetworkTestRepo-15-03-16-09.58.16/content_3948460777857713998/=FD0550638BD6C5 basenameindex =00; 16 bytes written, holding back 16 flushing final blocks? false.
三月 16, 2015 9:58:21 上午 org.ccnx.ccn.io.CCNOutputStream flushToNetwork
信息: HEADER: CCNOutputStream: flushToNetwork: new _baseNameIndex 0
三月 16, 2015 9:58:21 上午 org.ccnx.ccn.io.CCNOutputStream flushToNetwork
信息: flush: outputting to the segmenter, baseName /ccnx.org/test/CCNNetworkTestRepo-15-03-16-09.58.16/content_3948460777857713998/=FD0550638BD6C5 basenameindex =00; 16 bytes written, holding back 0 flushing final blocks? true.
三月 16, 2015 9:58:21 上午 org.ccnx.ccn.io.CCNOutputStream flushToNetwork
信息: HEADER: CCNOutputStream: flushToNetwork: new _baseNameIndex 1
三月 16, 2015 9:58:21 上午 org.ccnx.ccn.io.CCNOutputStream close
信息: CCNOutputStream close: /ccnx.org/test/CCNNetworkTestRepo-15-03-16-09.58.16/content_3948460777857713998/=FD0550638BD6C5
三月 16, 2015 9:58:21 上午 org.ccnx.ccn.io.content.CCNNetworkObject createFlowController
信息: Created LOCALREPOSITORY flow controller, for prefix /ccnx.org/test/CCNNetworkTestRepo-15-03-16-09.58.16/content_3948460777857713998, save type LOCALREPOSITORY
三月 16, 2015 9:58:21 上午 org.ccnx.ccn.impl.CCNFlowControl addNameSpace
信息: Flow controller addNameSpace: added namespace: /ccnx.org/test/CCNNetworkTestRepo-15-03-16-09.58.16/content_3948460777857713998
三月 16, 2015 9:58:21 上午 org.ccnx.ccn.impl.security.keys.BasicKeyManager getKeyLocator
信息: getKeyLocator: returning locator NAME: /ccnx.org/Users/cb/Keys/%C1.M.K%00K=B082A16E5382FBAAA09FBE303E24E042E37E88C290E054292521DECA236523/=FD055059931000 KEY:itggagmsks2vela17tu60v29o22sdv8hgkgs1a2i991rr526p93 for key S7CCoW5TgvuqoJ++MD4k4ELjfojCkOBUKSUh3sojZSM=
三月 16, 2015 9:58:21 上午 org.ccnx.ccn.io.CCNAbstractOutputStream <init>
信息: CCNAbstractOutputStream: /ccnx.org/test/CCNNetworkTestRepo-15-03-16-09.58.16/content_3948460777857713998/=FD0550638BD84E blocksize is 4096
三月 16, 2015 9:58:21 上午 org.ccnx.ccn.io.CCNAbstractOutputStream startWrite
信息: CCNAbstractOutputStream: startWrite -- searching for keys.
三月 16, 2015 9:58:21 上午 org.ccnx.ccn.profiles.security.access.AccessControlManager keysForOutput
信息: keysForOutput: found an acm: (null)
三月 16, 2015 9:58:21 上午 org.ccnx.ccn.impl.repo.RepositoryFlowControl startWrite
信息: RepositoryFlowControl.startWrite called for name /ccnx.org/test/CCNNetworkTestRepo-15-03-16-09.58.16/content_3948460777857713998/=FD0550638BD84E, shape STREAM
三月 16, 2015 9:58:21 上午 org.ccnx.ccn.impl.repo.RepositoryFlowControl handleContent
信息: handleContent: got potential repo message: /ccnx.org/test/CCNNetworkTestRepo-15-03-16-09.58.16/content_3948460777857713998/=FD0550638BD84E/%C1.R.sw/%C1.N=009E34A57E40D0ED79
三月 16, 2015 9:58:21 上午 org.ccnx.ccn.io.CCNOutputStream flushToNetwork
信息: flush: outputting to the segmenter, baseName /ccnx.org/test/CCNNetworkTestRepo-15-03-16-09.58.16/content_3948460777857713998/=FD0550638BD84E basenameindex =00; 16 bytes written, holding back 16 flushing final blocks? false.
三月 16, 2015 9:58:21 上午 org.ccnx.ccn.io.CCNOutputStream flushToNetwork
信息: HEADER: CCNOutputStream: flushToNetwork: new _baseNameIndex 0
三月 16, 2015 9:58:21 上午 org.ccnx.ccn.io.CCNOutputStream flushToNetwork
信息: flush: outputting to the segmenter, baseName /ccnx.org/test/CCNNetworkTestRepo-15-03-16-09.58.16/content_3948460777857713998/=FD0550638BD84E basenameindex =00; 16 bytes written, holding back 0 flushing final blocks? true.
三月 16, 2015 9:58:21 上午 org.ccnx.ccn.io.CCNOutputStream flushToNetwork
信息: HEADER: CCNOutputStream: flushToNetwork: new _baseNameIndex 1
三月 16, 2015 9:58:21 上午 org.ccnx.ccn.io.CCNOutputStream close
信息: CCNOutputStream close: /ccnx.org/test/CCNNetworkTestRepo-15-03-16-09.58.16/content_3948460777857713998/=FD0550638BD84E
三月 16, 2015 9:58:21 上午 org.ccnx.ccn.io.content.CCNNetworkObject createFlowController
信息: Created LOCALREPOSITORY flow controller, for prefix /ccnx.org/test/CCNNetworkTestRepo-15-03-16-09.58.16/content_3948460777857713998, save type LOCALREPOSITORY
三月 16, 2015 9:58:21 上午 org.ccnx.ccn.impl.CCNFlowControl addNameSpace
信息: Flow controller addNameSpace: added namespace: /ccnx.org/test/CCNNetworkTestRepo-15-03-16-09.58.16/content_3948460777857713998
三月 16, 2015 9:58:21 上午 org.ccnx.ccn.impl.security.keys.BasicKeyManager getKeyLocator
信息: getKeyLocator: returning locator NAME: /ccnx.org/Users/cb/Keys/%C1.M.K%00K=B082A16E5382FBAAA09FBE303E24E042E37E88C290E054292521DECA236523/=FD055059931000 KEY:itggagmsks2vela17tu60v29o22sdv8hgkgs1a2i991rr526p93 for key S7CCoW5TgvuqoJ++MD4k4ELjfojCkOBUKSUh3sojZSM=
三月 16, 2015 9:58:21 上午 org.ccnx.ccn.io.CCNAbstractOutputStream <init>
信息: CCNAbstractOutputStream: /ccnx.org/test/CCNNetworkTestRepo-15-03-16-09.58.16/content_3948460777857713998/=FD0550638BD9E7 blocksize is 4096
三月 16, 2015 9:58:21 上午 org.ccnx.ccn.io.CCNAbstractOutputStream startWrite
信息: CCNAbstractOutputStream: startWrite -- searching for keys.
三月 16, 2015 9:58:21 上午 org.ccnx.ccn.profiles.security.access.AccessControlManager keysForOutput
信息: keysForOutput: found an acm: (null)
三月 16, 2015 9:58:21 上午 org.ccnx.ccn.impl.repo.RepositoryFlowControl startWrite
信息: RepositoryFlowControl.startWrite called for name /ccnx.org/test/CCNNetworkTestRepo-15-03-16-09.58.16/content_3948460777857713998/=FD0550638BD9E7, shape STREAM
三月 16, 2015 9:58:21 上午 org.ccnx.ccn.impl.repo.RepositoryFlowControl handleContent
信息: handleContent: got potential repo message: /ccnx.org/test/CCNNetworkTestRepo-15-03-16-09.58.16/content_3948460777857713998/=FD0550638BD9E7/%C1.R.sw/%C1.N=00F46EFAA941D8DABD
三月 16, 2015 9:58:21 上午 org.ccnx.ccn.io.CCNOutputStream flushToNetwork
信息: flush: outputting to the segmenter, baseName /ccnx.org/test/CCNNetworkTestRepo-15-03-16-09.58.16/content_3948460777857713998/=FD0550638BD9E7 basenameindex =00; 16 bytes written, holding back 16 flushing final blocks? false.
三月 16, 2015 9:58:21 上午 org.ccnx.ccn.io.CCNOutputStream flushToNetwork
信息: HEADER: CCNOutputStream: flushToNetwork: new _baseNameIndex 0
三月 16, 2015 9:58:21 上午 org.ccnx.ccn.io.CCNOutputStream flushToNetwork
信息: flush: outputting to the segmenter, baseName /ccnx.org/test/CCNNetworkTestRepo-15-03-16-09.58.16/content_3948460777857713998/=FD0550638BD9E7 basenameindex =00; 16 bytes written, holding back 0 flushing final blocks? true.
三月 16, 2015 9:58:21 上午 org.ccnx.ccn.io.CCNOutputStream flushToNetwork
信息: HEADER: CCNOutputStream: flushToNetwork: new _baseNameIndex 1
三月 16, 2015 9:58:21 上午 org.ccnx.ccn.io.CCNOutputStream close
信息: CCNOutputStream close: /ccnx.org/test/CCNNetworkTestRepo-15-03-16-09.58.16/content_3948460777857713998/=FD0550638BD9E7
三月 16, 2015 9:58:21 上午 org.ccnx.ccn.io.content.CCNNetworkObject createFlowController
信息: Created LOCALREPOSITORY flow controller, for prefix /ccnx.org/test/CCNNetworkTestRepo-15-03-16-09.58.16/content_3948460777857713998, save type LOCALREPOSITORY
三月 16, 2015 9:58:21 上午 org.ccnx.ccn.impl.CCNFlowControl addNameSpace
信息: Flow controller addNameSpace: added namespace: /ccnx.org/test/CCNNetworkTestRepo-15-03-16-09.58.16/content_3948460777857713998
三月 16, 2015 9:58:21 上午 org.ccnx.ccn.impl.security.keys.BasicKeyManager getKeyLocator
信息: getKeyLocator: returning locator NAME: /ccnx.org/Users/cb/Keys/%C1.M.K%00K=B082A16E5382FBAAA09FBE303E24E042E37E88C290E054292521DECA236523/=FD055059931000 KEY:itggagmsks2vela17tu60v29o22sdv8hgkgs1a2i991rr526p93 for key S7CCoW5TgvuqoJ++MD4k4ELjfojCkOBUKSUh3sojZSM=
三月 16, 2015 9:58:21 上午 org.ccnx.ccn.io.CCNAbstractOutputStream <init>
信息: CCNAbstractOutputStream: /ccnx.org/test/CCNNetworkTestRepo-15-03-16-09.58.16/content_3948460777857713998/=FD0550638BDB81 blocksize is 4096
三月 16, 2015 9:58:21 上午 org.ccnx.ccn.io.CCNAbstractOutputStream startWrite
信息: CCNAbstractOutputStream: startWrite -- searching for keys.
三月 16, 2015 9:58:21 上午 org.ccnx.ccn.profiles.security.access.AccessControlManager keysForOutput
信息: keysForOutput: found an acm: (null)
三月 16, 2015 9:58:21 上午 org.ccnx.ccn.impl.repo.RepositoryFlowControl startWrite
信息: RepositoryFlowControl.startWrite called for name /ccnx.org/test/CCNNetworkTestRepo-15-03-16-09.58.16/content_3948460777857713998/=FD0550638BDB81, shape STREAM
三月 16, 2015 9:58:21 上午 org.ccnx.ccn.impl.repo.RepositoryFlowControl handleContent
信息: handleContent: got potential repo message: /ccnx.org/test/CCNNetworkTestRepo-15-03-16-09.58.16/content_3948460777857713998/=FD0550638BDB81/%C1.R.sw/%C1.N=0000A9802E340EF8D6
三月 16, 2015 9:58:21 上午 org.ccnx.ccn.io.CCNOutputStream flushToNetwork
信息: flush: outputting to the segmenter, baseName /ccnx.org/test/CCNNetworkTestRepo-15-03-16-09.58.16/content_3948460777857713998/=FD0550638BDB81 basenameindex =00; 16 bytes written, holding back 16 flushing final blocks? false.
三月 16, 2015 9:58:21 上午 org.ccnx.ccn.io.CCNOutputStream flushToNetwork
信息: HEADER: CCNOutputStream: flushToNetwork: new _baseNameIndex 0
三月 16, 2015 9:58:21 上午 org.ccnx.ccn.io.CCNOutputStream flushToNetwork
信息: flush: outputting to the segmenter, baseName /ccnx.org/test/CCNNetworkTestRepo-15-03-16-09.58.16/content_3948460777857713998/=FD0550638BDB81 basenameindex =00; 16 bytes written, holding back 0 flushing final blocks? true.
三月 16, 2015 9:58:21 上午 org.ccnx.ccn.io.CCNOutputStream flushToNetwork
信息: HEADER: CCNOutputStream: flushToNetwork: new _baseNameIndex 1
三月 16, 2015 9:58:21 上午 org.ccnx.ccn.io.CCNOutputStream close
信息: CCNOutputStream close: /ccnx.org/test/CCNNetworkTestRepo-15-03-16-09.58.16/content_3948460777857713998/=FD0550638BDB81
三月 16, 2015 9:58:21 上午 org.ccnx.ccn.io.content.CCNNetworkObject createFlowController
信息: Created LOCALREPOSITORY flow controller, for prefix /ccnx.org/test/CCNNetworkTestRepo-15-03-16-09.58.16/content_3948460777857713998, save type LOCALREPOSITORY
三月 16, 2015 9:58:21 上午 org.ccnx.ccn.impl.CCNFlowControl addNameSpace
信息: Flow controller addNameSpace: added namespace: /ccnx.org/test/CCNNetworkTestRepo-15-03-16-09.58.16/content_3948460777857713998
三月 16, 2015 9:58:21 上午 org.ccnx.ccn.impl.security.keys.BasicKeyManager getKeyLocator
信息: getKeyLocator: returning locator NAME: /ccnx.org/Users/cb/Keys/%C1.M.K%00K=B082A16E5382FBAAA09FBE303E24E042E37E88C290E054292521DECA236523/=FD055059931000 KEY:itggagmsks2vela17tu60v29o22sdv8hgkgs1a2i991rr526p93 for key S7CCoW5TgvuqoJ++MD4k4ELjfojCkOBUKSUh3sojZSM=
三月 16, 2015 9:58:21 上午 org.ccnx.ccn.io.CCNAbstractOutputStream <init>
信息: CCNAbstractOutputStream: /ccnx.org/test/CCNNetworkTestRepo-15-03-16-09.58.16/content_3948460777857713998/=FD0550638BDD2B blocksize is 4096
三月 16, 2015 9:58:21 上午 org.ccnx.ccn.io.CCNAbstractOutputStream startWrite
信息: CCNAbstractOutputStream: startWrite -- searching for keys.
三月 16, 2015 9:58:21 上午 org.ccnx.ccn.profiles.security.access.AccessControlManager keysForOutput
信息: keysForOutput: found an acm: (null)
三月 16, 2015 9:58:21 上午 org.ccnx.ccn.impl.repo.RepositoryFlowControl startWrite
信息: RepositoryFlowControl.startWrite called for name /ccnx.org/test/CCNNetworkTestRepo-15-03-16-09.58.16/content_3948460777857713998/=FD0550638BDD2B, shape STREAM
三月 16, 2015 9:58:21 上午 org.ccnx.ccn.impl.repo.RepositoryFlowControl handleContent
信息: handleContent: got potential repo message: /ccnx.org/test/CCNNetworkTestRepo-15-03-16-09.58.16/content_3948460777857713998/=FD0550638BDD2B/%C1.R.sw/%C1.N%00F=06A34B1E4EB247
三月 16, 2015 9:58:21 上午 org.ccnx.ccn.io.CCNOutputStream flushToNetwork
信息: flush: outputting to the segmenter, baseName /ccnx.org/test/CCNNetworkTestRepo-15-03-16-09.58.16/content_3948460777857713998/=FD0550638BDD2B basenameindex =00; 16 bytes written, holding back 16 flushing final blocks? false.
三月 16, 2015 9:58:21 上午 org.ccnx.ccn.io.CCNOutputStream flushToNetwork
信息: HEADER: CCNOutputStream: flushToNetwork: new _baseNameIndex 0
三月 16, 2015 9:58:21 上午 org.ccnx.ccn.io.CCNOutputStream flushToNetwork
信息: flush: outputting to the segmenter, baseName /ccnx.org/test/CCNNetworkTestRepo-15-03-16-09.58.16/content_3948460777857713998/=FD0550638BDD2B basenameindex =00; 16 bytes written, holding back 0 flushing final blocks? true.
三月 16, 2015 9:58:21 上午 org.ccnx.ccn.io.CCNOutputStream flushToNetwork
信息: HEADER: CCNOutputStream: flushToNetwork: new _baseNameIndex 1
三月 16, 2015 9:58:21 上午 org.ccnx.ccn.io.CCNOutputStream close
信息: CCNOutputStream close: /ccnx.org/test/CCNNetworkTestRepo-15-03-16-09.58.16/content_3948460777857713998/=FD0550638BDD2B
三月 16, 2015 9:58:21 上午 org.ccnx.ccn.io.content.CCNNetworkObject createFlowController
信息: Created LOCALREPOSITORY flow controller, for prefix /ccnx.org/test/CCNNetworkTestRepo-15-03-16-09.58.16/content_3948460777857713998, save type LOCALREPOSITORY
三月 16, 2015 9:58:21 上午 org.ccnx.ccn.impl.CCNFlowControl addNameSpace
信息: Flow controller addNameSpace: added namespace: /ccnx.org/test/CCNNetworkTestRepo-15-03-16-09.58.16/content_3948460777857713998
三月 16, 2015 9:58:21 上午 org.ccnx.ccn.impl.security.keys.BasicKeyManager getKeyLocator
信息: getKeyLocator: returning locator NAME: /ccnx.org/Users/cb/Keys/%C1.M.K%00K=B082A16E5382FBAAA09FBE303E24E042E37E88C290E054292521DECA236523/=FD055059931000 KEY:itggagmsks2vela17tu60v29o22sdv8hgkgs1a2i991rr526p93 for key S7CCoW5TgvuqoJ++MD4k4ELjfojCkOBUKSUh3sojZSM=
三月 16, 2015 9:58:21 上午 org.ccnx.ccn.io.CCNAbstractOutputStream <init>
信息: CCNAbstractOutputStream: /ccnx.org/test/CCNNetworkTestRepo-15-03-16-09.58.16/content_3948460777857713998/=FD0550638BDEA4 blocksize is 4096
三月 16, 2015 9:58:21 上午 org.ccnx.ccn.io.CCNAbstractOutputStream startWrite
信息: CCNAbstractOutputStream: startWrite -- searching for keys.
三月 16, 2015 9:58:21 上午 org.ccnx.ccn.profiles.security.access.AccessControlManager keysForOutput
信息: keysForOutput: found an acm: (null)
三月 16, 2015 9:58:21 上午 org.ccnx.ccn.impl.repo.RepositoryFlowControl startWrite
信息: RepositoryFlowControl.startWrite called for name /ccnx.org/test/CCNNetworkTestRepo-15-03-16-09.58.16/content_3948460777857713998/=FD0550638BDEA4, shape STREAM
三月 16, 2015 9:58:21 上午 org.ccnx.ccn.impl.repo.RepositoryFlowControl handleContent
信息: handleContent: got potential repo message: /ccnx.org/test/CCNNetworkTestRepo-15-03-16-09.58.16/content_3948460777857713998/=FD0550638BDEA4/%C1.R.sw/%C1.N=0092635E0F1F8004B1
三月 16, 2015 9:58:21 上午 org.ccnx.ccn.io.CCNOutputStream flushToNetwork
信息: flush: outputting to the segmenter, baseName /ccnx.org/test/CCNNetworkTestRepo-15-03-16-09.58.16/content_3948460777857713998/=FD0550638BDEA4 basenameindex =00; 16 bytes written, holding back 16 flushing final blocks? false.
三月 16, 2015 9:58:21 上午 org.ccnx.ccn.io.CCNOutputStream flushToNetwork
信息: HEADER: CCNOutputStream: flushToNetwork: new _baseNameIndex 0
三月 16, 2015 9:58:21 上午 org.ccnx.ccn.io.CCNOutputStream flushToNetwork
信息: flush: outputting to the segmenter, baseName /ccnx.org/test/CCNNetworkTestRepo-15-03-16-09.58.16/content_3948460777857713998/=FD0550638BDEA4 basenameindex =00; 16 bytes written, holding back 0 flushing final blocks? true.
三月 16, 2015 9:58:21 上午 org.ccnx.ccn.io.CCNOutputStream flushToNetwork
信息: HEADER: CCNOutputStream: flushToNetwork: new _baseNameIndex 1
三月 16, 2015 9:58:22 上午 org.ccnx.ccn.io.CCNOutputStream close
信息: CCNOutputStream close: /ccnx.org/test/CCNNetworkTestRepo-15-03-16-09.58.16/content_3948460777857713998/=FD0550638BDEA4
三月 16, 2015 9:58:22 上午 org.ccnx.ccn.io.content.CCNNetworkObject createFlowController
信息: Created LOCALREPOSITORY flow controller, for prefix /ccnx.org/test/CCNNetworkTestRepo-15-03-16-09.58.16/content_3948460777857713998, save type LOCALREPOSITORY
三月 16, 2015 9:58:22 上午 org.ccnx.ccn.impl.CCNFlowControl addNameSpace
信息: Flow controller addNameSpace: added namespace: /ccnx.org/test/CCNNetworkTestRepo-15-03-16-09.58.16/content_3948460777857713998
三月 16, 2015 9:58:22 上午 org.ccnx.ccn.impl.security.keys.BasicKeyManager getKeyLocator
信息: getKeyLocator: returning locator NAME: /ccnx.org/Users/cb/Keys/%C1.M.K%00K=B082A16E5382FBAAA09FBE303E24E042E37E88C290E054292521DECA236523/=FD055059931000 KEY:itggagmsks2vela17tu60v29o22sdv8hgkgs1a2i991rr526p93 for key S7CCoW5TgvuqoJ++MD4k4ELjfojCkOBUKSUh3sojZSM=
三月 16, 2015 9:58:22 上午 org.ccnx.ccn.io.CCNAbstractOutputStream <init>
信息: CCNAbstractOutputStream: /ccnx.org/test/CCNNetworkTestRepo-15-03-16-09.58.16/content_3948460777857713998/=FD0550638BE02D blocksize is 4096
三月 16, 2015 9:58:22 上午 org.ccnx.ccn.io.CCNAbstractOutputStream startWrite
信息: CCNAbstractOutputStream: startWrite -- searching for keys.
三月 16, 2015 9:58:22 上午 org.ccnx.ccn.profiles.security.access.AccessControlManager keysForOutput
信息: keysForOutput: found an acm: (null)
三月 16, 2015 9:58:22 上午 org.ccnx.ccn.impl.repo.RepositoryFlowControl startWrite
信息: RepositoryFlowControl.startWrite called for name /ccnx.org/test/CCNNetworkTestRepo-15-03-16-09.58.16/content_3948460777857713998/=FD0550638BE02D, shape STREAM
三月 16, 2015 9:58:22 上午 org.ccnx.ccn.impl.repo.RepositoryFlowControl handleContent
信息: handleContent: got potential repo message: /ccnx.org/test/CCNNetworkTestRepo-15-03-16-09.58.16/content_3948460777857713998/=FD0550638BE02D/%C1.R.sw/%C1.N=00F4FDE4C0410393D9
三月 16, 2015 9:58:22 上午 org.ccnx.ccn.io.CCNOutputStream flushToNetwork
信息: flush: outputting to the segmenter, baseName /ccnx.org/test/CCNNetworkTestRepo-15-03-16-09.58.16/content_3948460777857713998/=FD0550638BE02D basenameindex =00; 16 bytes written, holding back 16 flushing final blocks? false.
三月 16, 2015 9:58:22 上午 org.ccnx.ccn.io.CCNOutputStream flushToNetwork
信息: HEADER: CCNOutputStream: flushToNetwork: new _baseNameIndex 0
三月 16, 2015 9:58:22 上午 org.ccnx.ccn.io.CCNOutputStream flushToNetwork
信息: flush: outputting to the segmenter, baseName /ccnx.org/test/CCNNetworkTestRepo-15-03-16-09.58.16/content_3948460777857713998/=FD0550638BE02D basenameindex =00; 16 bytes written, holding back 0 flushing final blocks? true.
三月 16, 2015 9:58:22 上午 org.ccnx.ccn.io.CCNOutputStream flushToNetwork
信息: HEADER: CCNOutputStream: flushToNetwork: new _baseNameIndex 1
三月 16, 2015 9:58:22 上午 org.ccnx.ccn.io.CCNOutputStream close
信息: CCNOutputStream close: /ccnx.org/test/CCNNetworkTestRepo-15-03-16-09.58.16/content_3948460777857713998/=FD0550638BE02D
三月 16, 2015 9:58:22 上午 org.ccnx.ccn.io.content.CCNNetworkObject createFlowController
信息: Created LOCALREPOSITORY flow controller, for prefix /ccnx.org/test/CCNNetworkTestRepo-15-03-16-09.58.16/content_3948460777857713998, save type LOCALREPOSITORY
三月 16, 2015 9:58:22 上午 org.ccnx.ccn.impl.CCNFlowControl addNameSpace
信息: Flow controller addNameSpace: added namespace: /ccnx.org/test/CCNNetworkTestRepo-15-03-16-09.58.16/content_3948460777857713998
三月 16, 2015 9:58:22 上午 org.ccnx.ccn.impl.security.keys.BasicKeyManager getKeyLocator
信息: getKeyLocator: returning locator NAME: /ccnx.org/Users/cb/Keys/%C1.M.K%00K=B082A16E5382FBAAA09FBE303E24E042E37E88C290E054292521DECA236523/=FD055059931000 KEY:itggagmsks2vela17tu60v29o22sdv8hgkgs1a2i991rr526p93 for key S7CCoW5TgvuqoJ++MD4k4ELjfojCkOBUKSUh3sojZSM=
三月 16, 2015 9:58:22 上午 org.ccnx.ccn.io.CCNAbstractOutputStream <init>
信息: CCNAbstractOutputStream: /ccnx.org/test/CCNNetworkTestRepo-15-03-16-09.58.16/content_3948460777857713998/=FD0550638BE1B6 blocksize is 4096
三月 16, 2015 9:58:22 上午 org.ccnx.ccn.io.CCNAbstractOutputStream startWrite
信息: CCNAbstractOutputStream: startWrite -- searching for keys.
三月 16, 2015 9:58:22 上午 org.ccnx.ccn.profiles.security.access.AccessControlManager keysForOutput
信息: keysForOutput: found an acm: (null)
三月 16, 2015 9:58:22 上午 org.ccnx.ccn.impl.repo.RepositoryFlowControl startWrite
信息: RepositoryFlowControl.startWrite called for name /ccnx.org/test/CCNNetworkTestRepo-15-03-16-09.58.16/content_3948460777857713998/=FD0550638BE1B6, shape STREAM
三月 16, 2015 9:58:22 上午 org.ccnx.ccn.impl.repo.RepositoryFlowControl handleContent
信息: handleContent: got potential repo message: /ccnx.org/test/CCNNetworkTestRepo-15-03-16-09.58.16/content_3948460777857713998/=FD0550638BE1B6/%C1.R.sw/%C1.N=002BAA2FCA21B892D1
三月 16, 2015 9:58:22 上午 org.ccnx.ccn.io.CCNOutputStream flushToNetwork
信息: flush: outputting to the segmenter, baseName /ccnx.org/test/CCNNetworkTestRepo-15-03-16-09.58.16/content_3948460777857713998/=FD0550638BE1B6 basenameindex =00; 16 bytes written, holding back 16 flushing final blocks? false.
三月 16, 2015 9:58:22 上午 org.ccnx.ccn.io.CCNOutputStream flushToNetwork
信息: HEADER: CCNOutputStream: flushToNetwork: new _baseNameIndex 0
三月 16, 2015 9:58:22 上午 org.ccnx.ccn.io.CCNOutputStream flushToNetwork
信息: flush: outputting to the segmenter, baseName /ccnx.org/test/CCNNetworkTestRepo-15-03-16-09.58.16/content_3948460777857713998/=FD0550638BE1B6 basenameindex =00; 16 bytes written, holding back 0 flushing final blocks? true.
三月 16, 2015 9:58:22 上午 org.ccnx.ccn.io.CCNOutputStream flushToNetwork
信息: HEADER: CCNOutputStream: flushToNetwork: new _baseNameIndex 1
三月 16, 2015 9:58:22 上午 org.ccnx.ccn.io.CCNOutputStream close
信息: CCNOutputStream close: /ccnx.org/test/CCNNetworkTestRepo-15-03-16-09.58.16/content_3948460777857713998/=FD0550638BE1B6
三月 16, 2015 9:58:22 上午 org.ccnx.ccn.io.content.CCNNetworkObject createFlowController
信息: Created LOCALREPOSITORY flow controller, for prefix /ccnx.org/test/CCNNetworkTestRepo-15-03-16-09.58.16/content_3948460777857713998, save type LOCALREPOSITORY
三月 16, 2015 9:58:22 上午 org.ccnx.ccn.impl.CCNFlowControl addNameSpace
信息: Flow controller addNameSpace: added namespace: /ccnx.org/test/CCNNetworkTestRepo-15-03-16-09.58.16/content_3948460777857713998
三月 16, 2015 9:58:22 上午 org.ccnx.ccn.impl.security.keys.BasicKeyManager getKeyLocator
信息: getKeyLocator: returning locator NAME: /ccnx.org/Users/cb/Keys/%C1.M.K%00K=B082A16E5382FBAAA09FBE303E24E042E37E88C290E054292521DECA236523/=FD055059931000 KEY:itggagmsks2vela17tu60v29o22sdv8hgkgs1a2i991rr526p93 for key S7CCoW5TgvuqoJ++MD4k4ELjfojCkOBUKSUh3sojZSM=
三月 16, 2015 9:58:22 上午 org.ccnx.ccn.io.CCNAbstractOutputStream <init>
信息: CCNAbstractOutputStream: /ccnx.org/test/CCNNetworkTestRepo-15-03-16-09.58.16/content_3948460777857713998/=FD0550638BE33F blocksize is 4096
三月 16, 2015 9:58:22 上午 org.ccnx.ccn.io.CCNAbstractOutputStream startWrite
信息: CCNAbstractOutputStream: startWrite -- searching for keys.
三月 16, 2015 9:58:22 上午 org.ccnx.ccn.profiles.security.access.AccessControlManager keysForOutput
信息: keysForOutput: found an acm: (null)
三月 16, 2015 9:58:22 上午 org.ccnx.ccn.impl.repo.RepositoryFlowControl startWrite
信息: RepositoryFlowControl.startWrite called for name /ccnx.org/test/CCNNetworkTestRepo-15-03-16-09.58.16/content_3948460777857713998/=FD0550638BE33F, shape STREAM
三月 16, 2015 9:58:22 上午 org.ccnx.ccn.impl.repo.RepositoryFlowControl handleContent
信息: handleContent: got potential repo message: /ccnx.org/test/CCNNetworkTestRepo-15-03-16-09.58.16/content_3948460777857713998/=FD0550638BE33F/%C1.R.sw/%C1.N=0014DE836847C2D2BC
三月 16, 2015 9:58:22 上午 org.ccnx.ccn.io.CCNOutputStream flushToNetwork
信息: flush: outputting to the segmenter, baseName /ccnx.org/test/CCNNetworkTestRepo-15-03-16-09.58.16/content_3948460777857713998/=FD0550638BE33F basenameindex =00; 16 bytes written, holding back 16 flushing final blocks? false.
三月 16, 2015 9:58:22 上午 org.ccnx.ccn.io.CCNOutputStream flushToNetwork
信息: HEADER: CCNOutputStream: flushToNetwork: new _baseNameIndex 0
三月 16, 2015 9:58:22 上午 org.ccnx.ccn.io.CCNOutputStream flushToNetwork
信息: flush: outputting to the segmenter, baseName /ccnx.org/test/CCNNetworkTestRepo-15-03-16-09.58.16/content_3948460777857713998/=FD0550638BE33F basenameindex =00; 16 bytes written, holding back 0 flushing final blocks? true.
三月 16, 2015 9:58:22 上午 org.ccnx.ccn.io.CCNOutputStream flushToNetwork
信息: HEADER: CCNOutputStream: flushToNetwork: new _baseNameIndex 1
三月 16, 2015 9:58:22 上午 org.ccnx.ccn.io.CCNOutputStream close
信息: CCNOutputStream close: /ccnx.org/test/CCNNetworkTestRepo-15-03-16-09.58.16/content_3948460777857713998/=FD0550638BE33F
三月 16, 2015 9:58:22 上午 org.ccnx.ccn.io.content.CCNNetworkObject createFlowController
信息: Created LOCALREPOSITORY flow controller, for prefix /ccnx.org/test/CCNNetworkTestRepo-15-03-16-09.58.16/content_3948460777857713998, save type LOCALREPOSITORY
三月 16, 2015 9:58:22 上午 org.ccnx.ccn.impl.CCNFlowControl addNameSpace
信息: Flow controller addNameSpace: added namespace: /ccnx.org/test/CCNNetworkTestRepo-15-03-16-09.58.16/content_3948460777857713998
三月 16, 2015 9:58:22 上午 org.ccnx.ccn.impl.security.keys.BasicKeyManager getKeyLocator
信息: getKeyLocator: returning locator NAME: /ccnx.org/Users/cb/Keys/%C1.M.K%00K=B082A16E5382FBAAA09FBE303E24E042E37E88C290E054292521DECA236523/=FD055059931000 KEY:itggagmsks2vela17tu60v29o22sdv8hgkgs1a2i991rr526p93 for key S7CCoW5TgvuqoJ++MD4k4ELjfojCkOBUKSUh3sojZSM=
三月 16, 2015 9:58:22 上午 org.ccnx.ccn.io.CCNAbstractOutputStream <init>
信息: CCNAbstractOutputStream: /ccnx.org/test/CCNNetworkTestRepo-15-03-16-09.58.16/content_3948460777857713998/=FD0550638BE4C9 blocksize is 4096
三月 16, 2015 9:58:22 上午 org.ccnx.ccn.io.CCNAbstractOutputStream startWrite
信息: CCNAbstractOutputStream: startWrite -- searching for keys.
三月 16, 2015 9:58:22 上午 org.ccnx.ccn.profiles.security.access.AccessControlManager keysForOutput
信息: keysForOutput: found an acm: (null)
三月 16, 2015 9:58:22 上午 org.ccnx.ccn.impl.repo.RepositoryFlowControl startWrite
信息: RepositoryFlowControl.startWrite called for name /ccnx.org/test/CCNNetworkTestRepo-15-03-16-09.58.16/content_3948460777857713998/=FD0550638BE4C9, shape STREAM
三月 16, 2015 9:58:22 上午 org.ccnx.ccn.impl.repo.RepositoryFlowControl handleContent
信息: handleContent: got potential repo message: /ccnx.org/test/CCNNetworkTestRepo-15-03-16-09.58.16/content_3948460777857713998/=FD0550638BE4C9/%C1.R.sw/%C1.N=00D8BC772A657586B5
三月 16, 2015 9:58:22 上午 org.ccnx.ccn.io.CCNOutputStream flushToNetwork
信息: flush: outputting to the segmenter, baseName /ccnx.org/test/CCNNetworkTestRepo-15-03-16-09.58.16/content_3948460777857713998/=FD0550638BE4C9 basenameindex =00; 16 bytes written, holding back 16 flushing final blocks? false.
三月 16, 2015 9:58:22 上午 org.ccnx.ccn.io.CCNOutputStream flushToNetwork
信息: HEADER: CCNOutputStream: flushToNetwork: new _baseNameIndex 0
三月 16, 2015 9:58:22 上午 org.ccnx.ccn.io.CCNOutputStream flushToNetwork
信息: flush: outputting to the segmenter, baseName /ccnx.org/test/CCNNetworkTestRepo-15-03-16-09.58.16/content_3948460777857713998/=FD0550638BE4C9 basenameindex =00; 16 bytes written, holding back 0 flushing final blocks? true.
三月 16, 2015 9:58:22 上午 org.ccnx.ccn.io.CCNOutputStream flushToNetwork
信息: HEADER: CCNOutputStream: flushToNetwork: new _baseNameIndex 1
三月 16, 2015 9:58:22 上午 org.ccnx.ccn.io.CCNOutputStream close
信息: CCNOutputStream close: /ccnx.org/test/CCNNetworkTestRepo-15-03-16-09.58.16/content_3948460777857713998/=FD0550638BE4C9
三月 16, 2015 9:58:22 上午 org.ccnx.ccn.io.content.CCNNetworkObject createFlowController
信息: Created LOCALREPOSITORY flow controller, for prefix /ccnx.org/test/CCNNetworkTestRepo-15-03-16-09.58.16/content_3948460777857713998, save type LOCALREPOSITORY
三月 16, 2015 9:58:22 上午 org.ccnx.ccn.impl.CCNFlowControl addNameSpace
信息: Flow controller addNameSpace: added namespace: /ccnx.org/test/CCNNetworkTestRepo-15-03-16-09.58.16/content_3948460777857713998
三月 16, 2015 9:58:22 上午 org.ccnx.ccn.impl.security.keys.BasicKeyManager getKeyLocator
信息: getKeyLocator: returning locator NAME: /ccnx.org/Users/cb/Keys/%C1.M.K%00K=B082A16E5382FBAAA09FBE303E24E042E37E88C290E054292521DECA236523/=FD055059931000 KEY:itggagmsks2vela17tu60v29o22sdv8hgkgs1a2i991rr526p93 for key S7CCoW5TgvuqoJ++MD4k4ELjfojCkOBUKSUh3sojZSM=
三月 16, 2015 9:58:22 上午 org.ccnx.ccn.io.CCNAbstractOutputStream <init>
信息: CCNAbstractOutputStream: /ccnx.org/test/CCNNetworkTestRepo-15-03-16-09.58.16/content_3948460777857713998/=FD0550638BE662 blocksize is 4096
三月 16, 2015 9:58:22 上午 org.ccnx.ccn.io.CCNAbstractOutputStream startWrite
信息: CCNAbstractOutputStream: startWrite -- searching for keys.
三月 16, 2015 9:58:22 上午 org.ccnx.ccn.profiles.security.access.AccessControlManager keysForOutput
信息: keysForOutput: found an acm: (null)
三月 16, 2015 9:58:22 上午 org.ccnx.ccn.impl.repo.RepositoryFlowControl startWrite
信息: RepositoryFlowControl.startWrite called for name /ccnx.org/test/CCNNetworkTestRepo-15-03-16-09.58.16/content_3948460777857713998/=FD0550638BE662, shape STREAM
三月 16, 2015 9:58:22 上午 org.ccnx.ccn.impl.repo.RepositoryFlowControl handleContent
信息: handleContent: got potential repo message: /ccnx.org/test/CCNNetworkTestRepo-15-03-16-09.58.16/content_3948460777857713998/=FD0550638BE662/%C1.R.sw/%C1.N=00E9F7A030DD0BF8FF
三月 16, 2015 9:58:22 上午 org.ccnx.ccn.io.CCNOutputStream flushToNetwork
信息: flush: outputting to the segmenter, baseName /ccnx.org/test/CCNNetworkTestRepo-15-03-16-09.58.16/content_3948460777857713998/=FD0550638BE662 basenameindex =00; 16 bytes written, holding back 16 flushing final blocks? false.
三月 16, 2015 9:58:22 上午 org.ccnx.ccn.io.CCNOutputStream flushToNetwork
信息: HEADER: CCNOutputStream: flushToNetwork: new _baseNameIndex 0
三月 16, 2015 9:58:22 上午 org.ccnx.ccn.io.CCNOutputStream flushToNetwork
信息: flush: outputting to the segmenter, baseName /ccnx.org/test/CCNNetworkTestRepo-15-03-16-09.58.16/content_3948460777857713998/=FD0550638BE662 basenameindex =00; 16 bytes written, holding back 0 flushing final blocks? true.
三月 16, 2015 9:58:22 上午 org.ccnx.ccn.io.CCNOutputStream flushToNetwork
信息: HEADER: CCNOutputStream: flushToNetwork: new _baseNameIndex 1
三月 16, 2015 9:58:22 上午 org.ccnx.ccn.io.CCNOutputStream close
信息: CCNOutputStream close: /ccnx.org/test/CCNNetworkTestRepo-15-03-16-09.58.16/content_3948460777857713998/=FD0550638BE662
三月 16, 2015 9:58:22 上午 org.ccnx.ccn.io.content.CCNNetworkObject createFlowController
信息: Created LOCALREPOSITORY flow controller, for prefix /ccnx.org/test/CCNNetworkTestRepo-15-03-16-09.58.16/content_3948460777857713998, save type LOCALREPOSITORY
三月 16, 2015 9:58:22 上午 org.ccnx.ccn.impl.CCNFlowControl addNameSpace
信息: Flow controller addNameSpace: added namespace: /ccnx.org/test/CCNNetworkTestRepo-15-03-16-09.58.16/content_3948460777857713998
三月 16, 2015 9:58:22 上午 org.ccnx.ccn.impl.security.keys.BasicKeyManager getKeyLocator
信息: getKeyLocator: returning locator NAME: /ccnx.org/Users/cb/Keys/%C1.M.K%00K=B082A16E5382FBAAA09FBE303E24E042E37E88C290E054292521DECA236523/=FD055059931000 KEY:itggagmsks2vela17tu60v29o22sdv8hgkgs1a2i991rr526p93 for key S7CCoW5TgvuqoJ++MD4k4ELjfojCkOBUKSUh3sojZSM=
三月 16, 2015 9:58:22 上午 org.ccnx.ccn.io.CCNAbstractOutputStream <init>
信息: CCNAbstractOutputStream: /ccnx.org/test/CCNNetworkTestRepo-15-03-16-09.58.16/content_3948460777857713998/=FD0550638BE7C7 blocksize is 4096
三月 16, 2015 9:58:22 上午 org.ccnx.ccn.io.CCNAbstractOutputStream startWrite
信息: CCNAbstractOutputStream: startWrite -- searching for keys.
三月 16, 2015 9:58:22 上午 org.ccnx.ccn.profiles.security.access.AccessControlManager keysForOutput
信息: keysForOutput: found an acm: (null)
三月 16, 2015 9:58:22 上午 org.ccnx.ccn.impl.repo.RepositoryFlowControl startWrite
信息: RepositoryFlowControl.startWrite called for name /ccnx.org/test/CCNNetworkTestRepo-15-03-16-09.58.16/content_3948460777857713998/=FD0550638BE7C7, shape STREAM
三月 16, 2015 9:58:22 上午 org.ccnx.ccn.impl.repo.RepositoryFlowControl handleContent
信息: handleContent: got potential repo message: /ccnx.org/test/CCNNetworkTestRepo-15-03-16-09.58.16/content_3948460777857713998/=FD0550638BE7C7/%C1.R.sw/%C1.N=0014FA84E33CC6F254
三月 16, 2015 9:58:22 上午 org.ccnx.ccn.io.CCNOutputStream flushToNetwork
信息: flush: outputting to the segmenter, baseName /ccnx.org/test/CCNNetworkTestRepo-15-03-16-09.58.16/content_3948460777857713998/=FD0550638BE7C7 basenameindex =00; 16 bytes written, holding back 16 flushing final blocks? false.
三月 16, 2015 9:58:22 上午 org.ccnx.ccn.io.CCNOutputStream flushToNetwork
信息: HEADER: CCNOutputStream: flushToNetwork: new _baseNameIndex 0
三月 16, 2015 9:58:22 上午 org.ccnx.ccn.io.CCNOutputStream flushToNetwork
信息: flush: outputting to the segmenter, baseName /ccnx.org/test/CCNNetworkTestRepo-15-03-16-09.58.16/content_3948460777857713998/=FD0550638BE7C7 basenameindex =00; 16 bytes written, holding back 0 flushing final blocks? true.
三月 16, 2015 9:58:22 上午 org.ccnx.ccn.io.CCNOutputStream flushToNetwork
信息: HEADER: CCNOutputStream: flushToNetwork: new _baseNameIndex 1
三月 16, 2015 9:58:22 上午 org.ccnx.ccn.io.CCNOutputStream close
信息: CCNOutputStream close: /ccnx.org/test/CCNNetworkTestRepo-15-03-16-09.58.16/content_3948460777857713998/=FD0550638BE7C7
三月 16, 2015 9:58:22 上午 org.ccnx.ccn.io.content.CCNNetworkObject createFlowController
信息: Created LOCALREPOSITORY flow controller, for prefix /ccnx.org/test/CCNNetworkTestRepo-15-03-16-09.58.16/content_3948460777857713998, save type LOCALREPOSITORY
三月 16, 2015 9:58:22 上午 org.ccnx.ccn.impl.CCNFlowControl addNameSpace
信息: Flow controller addNameSpace: added namespace: /ccnx.org/test/CCNNetworkTestRepo-15-03-16-09.58.16/content_3948460777857713998
三月 16, 2015 9:58:22 上午 org.ccnx.ccn.impl.security.keys.BasicKeyManager getKeyLocator
信息: getKeyLocator: returning locator NAME: /ccnx.org/Users/cb/Keys/%C1.M.K%00K=B082A16E5382FBAAA09FBE303E24E042E37E88C290E054292521DECA236523/=FD055059931000 KEY:itggagmsks2vela17tu60v29o22sdv8hgkgs1a2i991rr526p93 for key S7CCoW5TgvuqoJ++MD4k4ELjfojCkOBUKSUh3sojZSM=
三月 16, 2015 9:58:22 上午 org.ccnx.ccn.io.CCNAbstractOutputStream <init>
信息: CCNAbstractOutputStream: /ccnx.org/test/CCNNetworkTestRepo-15-03-16-09.58.16/content_3948460777857713998/=FD0550638BE944 blocksize is 4096
三月 16, 2015 9:58:22 上午 org.ccnx.ccn.io.CCNAbstractOutputStream startWrite
信息: CCNAbstractOutputStream: startWrite -- searching for keys.
三月 16, 2015 9:58:22 上午 org.ccnx.ccn.profiles.security.access.AccessControlManager keysForOutput
信息: keysForOutput: found an acm: (null)
三月 16, 2015 9:58:22 上午 org.ccnx.ccn.impl.repo.RepositoryFlowControl startWrite
信息: RepositoryFlowControl.startWrite called for name /ccnx.org/test/CCNNetworkTestRepo-15-03-16-09.58.16/content_3948460777857713998/=FD0550638BE944, shape STREAM
三月 16, 2015 9:58:22 上午 org.ccnx.ccn.impl.repo.RepositoryFlowControl handleContent
信息: handleContent: got potential repo message: /ccnx.org/test/CCNNetworkTestRepo-15-03-16-09.58.16/content_3948460777857713998/=FD0550638BE944/%C1.R.sw/%C1.N%000G=15DA867FE075
三月 16, 2015 9:58:22 上午 org.ccnx.ccn.io.CCNOutputStream flushToNetwork
信息: flush: outputting to the segmenter, baseName /ccnx.org/test/CCNNetworkTestRepo-15-03-16-09.58.16/content_3948460777857713998/=FD0550638BE944 basenameindex =00; 16 bytes written, holding back 16 flushing final blocks? false.
三月 16, 2015 9:58:22 上午 org.ccnx.ccn.io.CCNOutputStream flushToNetwork
信息: HEADER: CCNOutputStream: flushToNetwork: new _baseNameIndex 0
三月 16, 2015 9:58:22 上午 org.ccnx.ccn.io.CCNOutputStream flushToNetwork
信息: flush: outputting to the segmenter, baseName /ccnx.org/test/CCNNetworkTestRepo-15-03-16-09.58.16/content_3948460777857713998/=FD0550638BE944 basenameindex =00; 16 bytes written, holding back 0 flushing final blocks? true.
三月 16, 2015 9:58:22 上午 org.ccnx.ccn.io.CCNOutputStream flushToNetwork
信息: HEADER: CCNOutputStream: flushToNetwork: new _baseNameIndex 1
三月 16, 2015 9:58:22 上午 org.ccnx.ccn.io.CCNOutputStream close
信息: CCNOutputStream close: /ccnx.org/test/CCNNetworkTestRepo-15-03-16-09.58.16/content_3948460777857713998/=FD0550638BE944
三月 16, 2015 9:58:22 上午 org.ccnx.ccn.io.content.CCNNetworkObject createFlowController
信息: Created LOCALREPOSITORY flow controller, for prefix /ccnx.org/test/CCNNetworkTestRepo-15-03-16-09.58.16/content_3948460777857713998, save type LOCALREPOSITORY
三月 16, 2015 9:58:22 上午 org.ccnx.ccn.impl.CCNFlowControl addNameSpace
信息: Flow controller addNameSpace: added namespace: /ccnx.org/test/CCNNetworkTestRepo-15-03-16-09.58.16/content_3948460777857713998
三月 16, 2015 9:58:22 上午 org.ccnx.ccn.impl.security.keys.BasicKeyManager getKeyLocator
信息: getKeyLocator: returning locator NAME: /ccnx.org/Users/cb/Keys/%C1.M.K%00K=B082A16E5382FBAAA09FBE303E24E042E37E88C290E054292521DECA236523/=FD055059931000 KEY:itggagmsks2vela17tu60v29o22sdv8hgkgs1a2i991rr526p93 for key S7CCoW5TgvuqoJ++MD4k4ELjfojCkOBUKSUh3sojZSM=
三月 16, 2015 9:58:22 上午 org.ccnx.ccn.io.CCNAbstractOutputStream <init>
信息: CCNAbstractOutputStream: /ccnx.org/test/CCNNetworkTestRepo-15-03-16-09.58.16/content_3948460777857713998/=FD0550638BEADD blocksize is 4096
三月 16, 2015 9:58:22 上午 org.ccnx.ccn.io.CCNAbstractOutputStream startWrite
信息: CCNAbstractOutputStream: startWrite -- searching for keys.
三月 16, 2015 9:58:22 上午 org.ccnx.ccn.profiles.security.access.AccessControlManager keysForOutput
信息: keysForOutput: found an acm: (null)
三月 16, 2015 9:58:22 上午 org.ccnx.ccn.impl.repo.RepositoryFlowControl startWrite
信息: RepositoryFlowControl.startWrite called for name /ccnx.org/test/CCNNetworkTestRepo-15-03-16-09.58.16/content_3948460777857713998/=FD0550638BEADD, shape STREAM
三月 16, 2015 9:58:22 上午 org.ccnx.ccn.impl.repo.RepositoryFlowControl handleContent
信息: handleContent: got potential repo message: /ccnx.org/test/CCNNetworkTestRepo-15-03-16-09.58.16/content_3948460777857713998/=FD0550638BEADD/%C1.R.sw/%C1.N%005=929B428AA87263
三月 16, 2015 9:58:22 上午 org.ccnx.ccn.io.CCNOutputStream flushToNetwork
信息: flush: outputting to the segmenter, baseName /ccnx.org/test/CCNNetworkTestRepo-15-03-16-09.58.16/content_3948460777857713998/=FD0550638BEADD basenameindex =00; 16 bytes written, holding back 16 flushing final blocks? false.
三月 16, 2015 9:58:22 上午 org.ccnx.ccn.io.CCNOutputStream flushToNetwork
信息: HEADER: CCNOutputStream: flushToNetwork: new _baseNameIndex 0
三月 16, 2015 9:58:22 上午 org.ccnx.ccn.io.CCNOutputStream flushToNetwork
信息: flush: outputting to the segmenter, baseName /ccnx.org/test/CCNNetworkTestRepo-15-03-16-09.58.16/content_3948460777857713998/=FD0550638BEADD basenameindex =00; 16 bytes written, holding back 0 flushing final blocks? true.
三月 16, 2015 9:58:22 上午 org.ccnx.ccn.io.CCNOutputStream flushToNetwork
信息: HEADER: CCNOutputStream: flushToNetwork: new _baseNameIndex 1
三月 16, 2015 9:58:22 上午 org.ccnx.ccn.io.CCNOutputStream close
信息: CCNOutputStream close: /ccnx.org/test/CCNNetworkTestRepo-15-03-16-09.58.16/content_3948460777857713998/=FD0550638BEADD
三月 16, 2015 9:58:22 上午 org.ccnx.ccn.io.content.CCNNetworkObject createFlowController
信息: Created LOCALREPOSITORY flow controller, for prefix /ccnx.org/test/CCNNetworkTestRepo-15-03-16-09.58.16/content_3948460777857713998, save type LOCALREPOSITORY
三月 16, 2015 9:58:22 上午 org.ccnx.ccn.impl.CCNFlowControl addNameSpace
信息: Flow controller addNameSpace: added namespace: /ccnx.org/test/CCNNetworkTestRepo-15-03-16-09.58.16/content_3948460777857713998
三月 16, 2015 9:58:22 上午 org.ccnx.ccn.impl.security.keys.BasicKeyManager getKeyLocator
信息: getKeyLocator: returning locator NAME: /ccnx.org/Users/cb/Keys/%C1.M.K%00K=B082A16E5382FBAAA09FBE303E24E042E37E88C290E054292521DECA236523/=FD055059931000 KEY:itggagmsks2vela17tu60v29o22sdv8hgkgs1a2i991rr526p93 for key S7CCoW5TgvuqoJ++MD4k4ELjfojCkOBUKSUh3sojZSM=
三月 16, 2015 9:58:22 上午 org.ccnx.ccn.io.CCNAbstractOutputStream <init>
信息: CCNAbstractOutputStream: /ccnx.org/test/CCNNetworkTestRepo-15-03-16-09.58.16/content_3948460777857713998/=FD0550638BEC6A blocksize is 4096
三月 16, 2015 9:58:22 上午 org.ccnx.ccn.io.CCNAbstractOutputStream startWrite
信息: CCNAbstractOutputStream: startWrite -- searching for keys.
三月 16, 2015 9:58:22 上午 org.ccnx.ccn.profiles.security.access.AccessControlManager keysForOutput
信息: keysForOutput: found an acm: (null)
三月 16, 2015 9:58:22 上午 org.ccnx.ccn.impl.repo.RepositoryFlowControl startWrite
信息: RepositoryFlowControl.startWrite called for name /ccnx.org/test/CCNNetworkTestRepo-15-03-16-09.58.16/content_3948460777857713998/=FD0550638BEC6A, shape STREAM
三月 16, 2015 9:58:22 上午 org.ccnx.ccn.impl.repo.RepositoryFlowControl handleContent
信息: handleContent: got potential repo message: /ccnx.org/test/CCNNetworkTestRepo-15-03-16-09.58.16/content_3948460777857713998/=FD0550638BEC6A/%C1.R.sw/%C1.N=00B99477929B8CDE05
三月 16, 2015 9:58:22 上午 org.ccnx.ccn.io.CCNOutputStream flushToNetwork
信息: flush: outputting to the segmenter, baseName /ccnx.org/test/CCNNetworkTestRepo-15-03-16-09.58.16/content_3948460777857713998/=FD0550638BEC6A basenameindex =00; 16 bytes written, holding back 16 flushing final blocks? false.
三月 16, 2015 9:58:22 上午 org.ccnx.ccn.io.CCNOutputStream flushToNetwork
信息: HEADER: CCNOutputStream: flushToNetwork: new _baseNameIndex 0
三月 16, 2015 9:58:22 上午 org.ccnx.ccn.io.CCNOutputStream flushToNetwork
信息: flush: outputting to the segmenter, baseName /ccnx.org/test/CCNNetworkTestRepo-15-03-16-09.58.16/content_3948460777857713998/=FD0550638BEC6A basenameindex =00; 16 bytes written, holding back 0 flushing final blocks? true.
三月 16, 2015 9:58:22 上午 org.ccnx.ccn.io.CCNOutputStream flushToNetwork
信息: HEADER: CCNOutputStream: flushToNetwork: new _baseNameIndex 1
三月 16, 2015 9:58:22 上午 org.ccnx.ccn.io.CCNOutputStream close
信息: CCNOutputStream close: /ccnx.org/test/CCNNetworkTestRepo-15-03-16-09.58.16/content_3948460777857713998/=FD0550638BEC6A
三月 16, 2015 9:58:22 上午 org.ccnx.ccn.io.content.CCNNetworkObject createFlowController
信息: Created LOCALREPOSITORY flow controller, for prefix /ccnx.org/test/CCNNetworkTestRepo-15-03-16-09.58.16/content_3948460777857713998, save type LOCALREPOSITORY
三月 16, 2015 9:58:22 上午 org.ccnx.ccn.impl.CCNFlowControl addNameSpace
信息: Flow controller addNameSpace: added namespace: /ccnx.org/test/CCNNetworkTestRepo-15-03-16-09.58.16/content_3948460777857713998
三月 16, 2015 9:58:22 上午 org.ccnx.ccn.impl.security.keys.BasicKeyManager getKeyLocator
信息: getKeyLocator: returning locator NAME: /ccnx.org/Users/cb/Keys/%C1.M.K%00K=B082A16E5382FBAAA09FBE303E24E042E37E88C290E054292521DECA236523/=FD055059931000 KEY:itggagmsks2vela17tu60v29o22sdv8hgkgs1a2i991rr526p93 for key S7CCoW5TgvuqoJ++MD4k4ELjfojCkOBUKSUh3sojZSM=
三月 16, 2015 9:58:22 上午 org.ccnx.ccn.io.CCNAbstractOutputStream <init>
信息: CCNAbstractOutputStream: /ccnx.org/test/CCNNetworkTestRepo-15-03-16-09.58.16/content_3948460777857713998/=FD0550638BEDEC blocksize is 4096
三月 16, 2015 9:58:22 上午 org.ccnx.ccn.io.CCNAbstractOutputStream startWrite
信息: CCNAbstractOutputStream: startWrite -- searching for keys.
三月 16, 2015 9:58:22 上午 org.ccnx.ccn.profiles.security.access.AccessControlManager keysForOutput
信息: keysForOutput: found an acm: (null)
三月 16, 2015 9:58:22 上午 org.ccnx.ccn.impl.repo.RepositoryFlowControl startWrite
信息: RepositoryFlowControl.startWrite called for name /ccnx.org/test/CCNNetworkTestRepo-15-03-16-09.58.16/content_3948460777857713998/=FD0550638BEDEC, shape STREAM
三月 16, 2015 9:58:22 上午 org.ccnx.ccn.impl.repo.RepositoryFlowControl handleContent
信息: handleContent: got potential repo message: /ccnx.org/test/CCNNetworkTestRepo-15-03-16-09.58.16/content_3948460777857713998/=FD0550638BEDEC/%C1.R.sw/%C1.N=00287E53A060CCC086
三月 16, 2015 9:58:22 上午 org.ccnx.ccn.io.CCNOutputStream flushToNetwork
信息: flush: outputting to the segmenter, baseName /ccnx.org/test/CCNNetworkTestRepo-15-03-16-09.58.16/content_3948460777857713998/=FD0550638BEDEC basenameindex =00; 16 bytes written, holding back 16 flushing final blocks? false.
三月 16, 2015 9:58:22 上午 org.ccnx.ccn.io.CCNOutputStream flushToNetwork
信息: HEADER: CCNOutputStream: flushToNetwork: new _baseNameIndex 0
三月 16, 2015 9:58:22 上午 org.ccnx.ccn.io.CCNOutputStream flushToNetwork
信息: flush: outputting to the segmenter, baseName /ccnx.org/test/CCNNetworkTestRepo-15-03-16-09.58.16/content_3948460777857713998/=FD0550638BEDEC basenameindex =00; 16 bytes written, holding back 0 flushing final blocks? true.
三月 16, 2015 9:58:22 上午 org.ccnx.ccn.io.CCNOutputStream flushToNetwork
信息: HEADER: CCNOutputStream: flushToNetwork: new _baseNameIndex 1
三月 16, 2015 9:58:22 上午 org.ccnx.ccn.io.CCNOutputStream close
信息: CCNOutputStream close: /ccnx.org/test/CCNNetworkTestRepo-15-03-16-09.58.16/content_3948460777857713998/=FD0550638BEDEC
三月 16, 2015 9:58:22 上午 org.ccnx.ccn.io.content.CCNNetworkObject createFlowController
信息: Created LOCALREPOSITORY flow controller, for prefix /ccnx.org/test/CCNNetworkTestRepo-15-03-16-09.58.16/content_3948460777857713998, save type LOCALREPOSITORY
三月 16, 2015 9:58:23 上午 org.ccnx.ccn.impl.CCNFlowControl addNameSpace
信息: Flow controller addNameSpace: added namespace: /ccnx.org/test/CCNNetworkTestRepo-15-03-16-09.58.16/content_3948460777857713998
三月 16, 2015 9:58:23 上午 org.ccnx.ccn.impl.security.keys.BasicKeyManager getKeyLocator
信息: getKeyLocator: returning locator NAME: /ccnx.org/Users/cb/Keys/%C1.M.K%00K=B082A16E5382FBAAA09FBE303E24E042E37E88C290E054292521DECA236523/=FD055059931000 KEY:itggagmsks2vela17tu60v29o22sdv8hgkgs1a2i991rr526p93 for key S7CCoW5TgvuqoJ++MD4k4ELjfojCkOBUKSUh3sojZSM=
三月 16, 2015 9:58:23 上午 org.ccnx.ccn.io.CCNAbstractOutputStream <init>
信息: CCNAbstractOutputStream: /ccnx.org/test/CCNNetworkTestRepo-15-03-16-09.58.16/content_3948460777857713998/=FD0550638BEF68 blocksize is 4096
三月 16, 2015 9:58:23 上午 org.ccnx.ccn.io.CCNAbstractOutputStream startWrite
信息: CCNAbstractOutputStream: startWrite -- searching for keys.
三月 16, 2015 9:58:23 上午 org.ccnx.ccn.profiles.security.access.AccessControlManager keysForOutput
信息: keysForOutput: found an acm: (null)
三月 16, 2015 9:58:23 上午 org.ccnx.ccn.impl.repo.RepositoryFlowControl startWrite
信息: RepositoryFlowControl.startWrite called for name /ccnx.org/test/CCNNetworkTestRepo-15-03-16-09.58.16/content_3948460777857713998/=FD0550638BEF68, shape STREAM
三月 16, 2015 9:58:23 上午 org.ccnx.ccn.impl.repo.RepositoryFlowControl handleContent
信息: handleContent: got potential repo message: /ccnx.org/test/CCNNetworkTestRepo-15-03-16-09.58.16/content_3948460777857713998/=FD0550638BEF68/%C1.R.sw/%C1.N%008=AEC93293AF124B
三月 16, 2015 9:58:23 上午 org.ccnx.ccn.io.CCNOutputStream flushToNetwork
信息: flush: outputting to the segmenter, baseName /ccnx.org/test/CCNNetworkTestRepo-15-03-16-09.58.16/content_3948460777857713998/=FD0550638BEF68 basenameindex =00; 16 bytes written, holding back 16 flushing final blocks? false.
三月 16, 2015 9:58:23 上午 org.ccnx.ccn.io.CCNOutputStream flushToNetwork
信息: HEADER: CCNOutputStream: flushToNetwork: new _baseNameIndex 0
三月 16, 2015 9:58:23 上午 org.ccnx.ccn.io.CCNOutputStream flushToNetwork
信息: flush: outputting to the segmenter, baseName /ccnx.org/test/CCNNetworkTestRepo-15-03-16-09.58.16/content_3948460777857713998/=FD0550638BEF68 basenameindex =00; 16 bytes written, holding back 0 flushing final blocks? true.
三月 16, 2015 9:58:23 上午 org.ccnx.ccn.io.CCNOutputStream flushToNetwork
信息: HEADER: CCNOutputStream: flushToNetwork: new _baseNameIndex 1
三月 16, 2015 9:58:23 上午 org.ccnx.ccn.io.CCNOutputStream close
信息: CCNOutputStream close: /ccnx.org/test/CCNNetworkTestRepo-15-03-16-09.58.16/content_3948460777857713998/=FD0550638BEF68
三月 16, 2015 9:58:23 上午 org.ccnx.ccn.io.content.CCNNetworkObject createFlowController
信息: Created LOCALREPOSITORY flow controller, for prefix /ccnx.org/test/CCNNetworkTestRepo-15-03-16-09.58.16/content_3948460777857713998, save type LOCALREPOSITORY
三月 16, 2015 9:58:23 上午 org.ccnx.ccn.impl.CCNFlowControl addNameSpace
信息: Flow controller addNameSpace: added namespace: /ccnx.org/test/CCNNetworkTestRepo-15-03-16-09.58.16/content_3948460777857713998
三月 16, 2015 9:58:23 上午 org.ccnx.ccn.impl.security.keys.BasicKeyManager getKeyLocator
信息: getKeyLocator: returning locator NAME: /ccnx.org/Users/cb/Keys/%C1.M.K%00K=B082A16E5382FBAAA09FBE303E24E042E37E88C290E054292521DECA236523/=FD055059931000 KEY:itggagmsks2vela17tu60v29o22sdv8hgkgs1a2i991rr526p93 for key S7CCoW5TgvuqoJ++MD4k4ELjfojCkOBUKSUh3sojZSM=
三月 16, 2015 9:58:23 上午 org.ccnx.ccn.io.CCNAbstractOutputStream <init>
信息: CCNAbstractOutputStream: /ccnx.org/test/CCNNetworkTestRepo-15-03-16-09.58.16/content_3948460777857713998/=FD0550638BF102 blocksize is 4096
三月 16, 2015 9:58:23 上午 org.ccnx.ccn.io.CCNAbstractOutputStream startWrite
信息: CCNAbstractOutputStream: startWrite -- searching for keys.
三月 16, 2015 9:58:23 上午 org.ccnx.ccn.profiles.security.access.AccessControlManager keysForOutput
信息: keysForOutput: found an acm: (null)
三月 16, 2015 9:58:23 上午 org.ccnx.ccn.impl.repo.RepositoryFlowControl startWrite
信息: RepositoryFlowControl.startWrite called for name /ccnx.org/test/CCNNetworkTestRepo-15-03-16-09.58.16/content_3948460777857713998/=FD0550638BF102, shape STREAM
三月 16, 2015 9:58:23 上午 org.ccnx.ccn.impl.repo.RepositoryFlowControl handleContent
信息: handleContent: got potential repo message: /ccnx.org/test/CCNNetworkTestRepo-15-03-16-09.58.16/content_3948460777857713998/=FD0550638BF102/%C1.R.sw/%C1.N=0060AD52D9EA5C36F8
三月 16, 2015 9:58:23 上午 org.ccnx.ccn.io.CCNOutputStream flushToNetwork
信息: flush: outputting to the segmenter, baseName /ccnx.org/test/CCNNetworkTestRepo-15-03-16-09.58.16/content_3948460777857713998/=FD0550638BF102 basenameindex =00; 16 bytes written, holding back 16 flushing final blocks? false.
三月 16, 2015 9:58:23 上午 org.ccnx.ccn.io.CCNOutputStream flushToNetwork
信息: HEADER: CCNOutputStream: flushToNetwork: new _baseNameIndex 0
三月 16, 2015 9:58:23 上午 org.ccnx.ccn.io.CCNOutputStream flushToNetwork
信息: flush: outputting to the segmenter, baseName /ccnx.org/test/CCNNetworkTestRepo-15-03-16-09.58.16/content_3948460777857713998/=FD0550638BF102 basenameindex =00; 16 bytes written, holding back 0 flushing final blocks? true.
三月 16, 2015 9:58:23 上午 org.ccnx.ccn.io.CCNOutputStream flushToNetwork
信息: HEADER: CCNOutputStream: flushToNetwork: new _baseNameIndex 1
三月 16, 2015 9:58:23 上午 org.ccnx.ccn.io.CCNOutputStream close
信息: CCNOutputStream close: /ccnx.org/test/CCNNetworkTestRepo-15-03-16-09.58.16/content_3948460777857713998/=FD0550638BF102
三月 16, 2015 9:58:23 上午 org.ccnx.ccn.io.content.CCNNetworkObject createFlowController
信息: Created LOCALREPOSITORY flow controller, for prefix /ccnx.org/test/CCNNetworkTestRepo-15-03-16-09.58.16/content_3948460777857713998, save type LOCALREPOSITORY
三月 16, 2015 9:58:23 上午 org.ccnx.ccn.impl.CCNFlowControl addNameSpace
信息: Flow controller addNameSpace: added namespace: /ccnx.org/test/CCNNetworkTestRepo-15-03-16-09.58.16/content_3948460777857713998
三月 16, 2015 9:58:23 上午 org.ccnx.ccn.impl.security.keys.BasicKeyManager getKeyLocator
信息: getKeyLocator: returning locator NAME: /ccnx.org/Users/cb/Keys/%C1.M.K%00K=B082A16E5382FBAAA09FBE303E24E042E37E88C290E054292521DECA236523/=FD055059931000 KEY:itggagmsks2vela17tu60v29o22sdv8hgkgs1a2i991rr526p93 for key S7CCoW5TgvuqoJ++MD4k4ELjfojCkOBUKSUh3sojZSM=
三月 16, 2015 9:58:23 上午 org.ccnx.ccn.io.CCNAbstractOutputStream <init>
信息: CCNAbstractOutputStream: /ccnx.org/test/CCNNetworkTestRepo-15-03-16-09.58.16/content_3948460777857713998/=FD0550638BF29C blocksize is 4096
三月 16, 2015 9:58:23 上午 org.ccnx.ccn.io.CCNAbstractOutputStream startWrite
信息: CCNAbstractOutputStream: startWrite -- searching for keys.
三月 16, 2015 9:58:23 上午 org.ccnx.ccn.profiles.security.access.AccessControlManager keysForOutput
信息: keysForOutput: found an acm: (null)
三月 16, 2015 9:58:23 上午 org.ccnx.ccn.impl.repo.RepositoryFlowControl startWrite
信息: RepositoryFlowControl.startWrite called for name /ccnx.org/test/CCNNetworkTestRepo-15-03-16-09.58.16/content_3948460777857713998/=FD0550638BF29C, shape STREAM
三月 16, 2015 9:58:23 上午 org.ccnx.ccn.impl.repo.RepositoryFlowControl handleContent
信息: handleContent: got potential repo message: /ccnx.org/test/CCNNetworkTestRepo-15-03-16-09.58.16/content_3948460777857713998/=FD0550638BF29C/%C1.R.sw/%C1.N=005CC720D584BFC46A
三月 16, 2015 9:58:23 上午 org.ccnx.ccn.io.CCNOutputStream flushToNetwork
信息: flush: outputting to the segmenter, baseName /ccnx.org/test/CCNNetworkTestRepo-15-03-16-09.58.16/content_3948460777857713998/=FD0550638BF29C basenameindex =00; 16 bytes written, holding back 16 flushing final blocks? false.
三月 16, 2015 9:58:23 上午 org.ccnx.ccn.io.CCNOutputStream flushToNetwork
信息: HEADER: CCNOutputStream: flushToNetwork: new _baseNameIndex 0
三月 16, 2015 9:58:23 上午 org.ccnx.ccn.io.CCNOutputStream flushToNetwork
信息: flush: outputting to the segmenter, baseName /ccnx.org/test/CCNNetworkTestRepo-15-03-16-09.58.16/content_3948460777857713998/=FD0550638BF29C basenameindex =00; 16 bytes written, holding back 0 flushing final blocks? true.
三月 16, 2015 9:58:23 上午 org.ccnx.ccn.io.CCNOutputStream flushToNetwork
信息: HEADER: CCNOutputStream: flushToNetwork: new _baseNameIndex 1
三月 16, 2015 9:58:23 上午 org.ccnx.ccn.io.CCNOutputStream close
信息: CCNOutputStream close: /ccnx.org/test/CCNNetworkTestRepo-15-03-16-09.58.16/content_3948460777857713998/=FD0550638BF29C
三月 16, 2015 9:58:23 上午 org.ccnx.ccn.io.content.CCNNetworkObject createFlowController
信息: Created LOCALREPOSITORY flow controller, for prefix /ccnx.org/test/CCNNetworkTestRepo-15-03-16-09.58.16/content_3948460777857713998, save type LOCALREPOSITORY
三月 16, 2015 9:58:23 上午 org.ccnx.ccn.impl.CCNFlowControl addNameSpace
信息: Flow controller addNameSpace: added namespace: /ccnx.org/test/CCNNetworkTestRepo-15-03-16-09.58.16/content_3948460777857713998
三月 16, 2015 9:58:23 上午 org.ccnx.ccn.impl.security.keys.BasicKeyManager getKeyLocator
信息: getKeyLocator: returning locator NAME: /ccnx.org/Users/cb/Keys/%C1.M.K%00K=B082A16E5382FBAAA09FBE303E24E042E37E88C290E054292521DECA236523/=FD055059931000 KEY:itggagmsks2vela17tu60v29o22sdv8hgkgs1a2i991rr526p93 for key S7CCoW5TgvuqoJ++MD4k4ELjfojCkOBUKSUh3sojZSM=
三月 16, 2015 9:58:23 上午 org.ccnx.ccn.io.CCNAbstractOutputStream <init>
信息: CCNAbstractOutputStream: /ccnx.org/test/CCNNetworkTestRepo-15-03-16-09.58.16/content_3948460777857713998/=FD0550638BF421 blocksize is 4096
三月 16, 2015 9:58:23 上午 org.ccnx.ccn.io.CCNAbstractOutputStream startWrite
信息: CCNAbstractOutputStream: startWrite -- searching for keys.
三月 16, 2015 9:58:23 上午 org.ccnx.ccn.profiles.security.access.AccessControlManager keysForOutput
信息: keysForOutput: found an acm: (null)
三月 16, 2015 9:58:23 上午 org.ccnx.ccn.impl.repo.RepositoryFlowControl startWrite
信息: RepositoryFlowControl.startWrite called for name /ccnx.org/test/CCNNetworkTestRepo-15-03-16-09.58.16/content_3948460777857713998/=FD0550638BF421, shape STREAM
三月 16, 2015 9:58:23 上午 org.ccnx.ccn.impl.repo.RepositoryFlowControl handleContent
信息: handleContent: got potential repo message: /ccnx.org/test/CCNNetworkTestRepo-15-03-16-09.58.16/content_3948460777857713998/=FD0550638BF421/%C1.R.sw/%C1.N=000B9FA7BB8BF3F2CD
三月 16, 2015 9:58:23 上午 org.ccnx.ccn.io.CCNOutputStream flushToNetwork
信息: flush: outputting to the segmenter, baseName /ccnx.org/test/CCNNetworkTestRepo-15-03-16-09.58.16/content_3948460777857713998/=FD0550638BF421 basenameindex =00; 16 bytes written, holding back 16 flushing final blocks? false.
三月 16, 2015 9:58:23 上午 org.ccnx.ccn.io.CCNOutputStream flushToNetwork
信息: HEADER: CCNOutputStream: flushToNetwork: new _baseNameIndex 0
三月 16, 2015 9:58:23 上午 org.ccnx.ccn.io.CCNOutputStream flushToNetwork
信息: flush: outputting to the segmenter, baseName /ccnx.org/test/CCNNetworkTestRepo-15-03-16-09.58.16/content_3948460777857713998/=FD0550638BF421 basenameindex =00; 16 bytes written, holding back 0 flushing final blocks? true.
三月 16, 2015 9:58:23 上午 org.ccnx.ccn.io.CCNOutputStream flushToNetwork
信息: HEADER: CCNOutputStream: flushToNetwork: new _baseNameIndex 1
三月 16, 2015 9:58:23 上午 org.ccnx.ccn.io.CCNOutputStream close
信息: CCNOutputStream close: /ccnx.org/test/CCNNetworkTestRepo-15-03-16-09.58.16/content_3948460777857713998/=FD0550638BF421
三月 16, 2015 9:58:23 上午 org.ccnx.ccn.io.content.CCNNetworkObject createFlowController
信息: Created LOCALREPOSITORY flow controller, for prefix /ccnx.org/test/CCNNetworkTestRepo-15-03-16-09.58.16/content_3948460777857713998, save type LOCALREPOSITORY
三月 16, 2015 9:58:23 上午 org.ccnx.ccn.impl.CCNFlowControl addNameSpace
信息: Flow controller addNameSpace: added namespace: /ccnx.org/test/CCNNetworkTestRepo-15-03-16-09.58.16/content_3948460777857713998
三月 16, 2015 9:58:23 上午 org.ccnx.ccn.impl.security.keys.BasicKeyManager getKeyLocator
信息: getKeyLocator: returning locator NAME: /ccnx.org/Users/cb/Keys/%C1.M.K%00K=B082A16E5382FBAAA09FBE303E24E042E37E88C290E054292521DECA236523/=FD055059931000 KEY:itggagmsks2vela17tu60v29o22sdv8hgkgs1a2i991rr526p93 for key S7CCoW5TgvuqoJ++MD4k4ELjfojCkOBUKSUh3sojZSM=
三月 16, 2015 9:58:23 上午 org.ccnx.ccn.io.CCNAbstractOutputStream <init>
信息: CCNAbstractOutputStream: /ccnx.org/test/CCNNetworkTestRepo-15-03-16-09.58.16/content_3948460777857713998/=FD0550638BF5AA blocksize is 4096
三月 16, 2015 9:58:23 上午 org.ccnx.ccn.io.CCNAbstractOutputStream startWrite
信息: CCNAbstractOutputStream: startWrite -- searching for keys.
三月 16, 2015 9:58:23 上午 org.ccnx.ccn.profiles.security.access.AccessControlManager keysForOutput
信息: keysForOutput: found an acm: (null)
三月 16, 2015 9:58:23 上午 org.ccnx.ccn.impl.repo.RepositoryFlowControl startWrite
信息: RepositoryFlowControl.startWrite called for name /ccnx.org/test/CCNNetworkTestRepo-15-03-16-09.58.16/content_3948460777857713998/=FD0550638BF5AA, shape STREAM
三月 16, 2015 9:58:23 上午 org.ccnx.ccn.impl.repo.RepositoryFlowControl handleContent
信息: handleContent: got potential repo message: /ccnx.org/test/CCNNetworkTestRepo-15-03-16-09.58.16/content_3948460777857713998/=FD0550638BF5AA/%C1.R.sw/%C1.N=0021584A3CEA0FC622
三月 16, 2015 9:58:23 上午 org.ccnx.ccn.io.CCNOutputStream flushToNetwork
信息: flush: outputting to the segmenter, baseName /ccnx.org/test/CCNNetworkTestRepo-15-03-16-09.58.16/content_3948460777857713998/=FD0550638BF5AA basenameindex =00; 16 bytes written, holding back 16 flushing final blocks? false.
三月 16, 2015 9:58:23 上午 org.ccnx.ccn.io.CCNOutputStream flushToNetwork
信息: HEADER: CCNOutputStream: flushToNetwork: new _baseNameIndex 0
三月 16, 2015 9:58:23 上午 org.ccnx.ccn.io.CCNOutputStream flushToNetwork
信息: flush: outputting to the segmenter, baseName /ccnx.org/test/CCNNetworkTestRepo-15-03-16-09.58.16/content_3948460777857713998/=FD0550638BF5AA basenameindex =00; 16 bytes written, holding back 0 flushing final blocks? true.
三月 16, 2015 9:58:23 上午 org.ccnx.ccn.io.CCNOutputStream flushToNetwork
信息: HEADER: CCNOutputStream: flushToNetwork: new _baseNameIndex 1
三月 16, 2015 9:58:23 上午 org.ccnx.ccn.io.CCNOutputStream close
信息: CCNOutputStream close: /ccnx.org/test/CCNNetworkTestRepo-15-03-16-09.58.16/content_3948460777857713998/=FD0550638BF5AA
三月 16, 2015 9:58:23 上午 org.ccnx.ccn.io.content.CCNNetworkObject createFlowController
信息: Created LOCALREPOSITORY flow controller, for prefix /ccnx.org/test/CCNNetworkTestRepo-15-03-16-09.58.16/content_3948460777857713998, save type LOCALREPOSITORY
三月 16, 2015 9:58:23 上午 org.ccnx.ccn.impl.CCNFlowControl addNameSpace
信息: Flow controller addNameSpace: added namespace: /ccnx.org/test/CCNNetworkTestRepo-15-03-16-09.58.16/content_3948460777857713998
三月 16, 2015 9:58:23 上午 org.ccnx.ccn.impl.security.keys.BasicKeyManager getKeyLocator
信息: getKeyLocator: returning locator NAME: /ccnx.org/Users/cb/Keys/%C1.M.K%00K=B082A16E5382FBAAA09FBE303E24E042E37E88C290E054292521DECA236523/=FD055059931000 KEY:itggagmsks2vela17tu60v29o22sdv8hgkgs1a2i991rr526p93 for key S7CCoW5TgvuqoJ++MD4k4ELjfojCkOBUKSUh3sojZSM=
三月 16, 2015 9:58:23 上午 org.ccnx.ccn.io.CCNAbstractOutputStream <init>
信息: CCNAbstractOutputStream: /ccnx.org/test/CCNNetworkTestRepo-15-03-16-09.58.16/content_3948460777857713998/=FD0550638BF748 blocksize is 4096
三月 16, 2015 9:58:23 上午 org.ccnx.ccn.io.CCNAbstractOutputStream startWrite
信息: CCNAbstractOutputStream: startWrite -- searching for keys.
三月 16, 2015 9:58:23 上午 org.ccnx.ccn.profiles.security.access.AccessControlManager keysForOutput
信息: keysForOutput: found an acm: (null)
三月 16, 2015 9:58:23 上午 org.ccnx.ccn.impl.repo.RepositoryFlowControl startWrite
信息: RepositoryFlowControl.startWrite called for name /ccnx.org/test/CCNNetworkTestRepo-15-03-16-09.58.16/content_3948460777857713998/=FD0550638BF748, shape STREAM
三月 16, 2015 9:58:23 上午 org.ccnx.ccn.impl.repo.RepositoryFlowControl handleContent
信息: handleContent: got potential repo message: /ccnx.org/test/CCNNetworkTestRepo-15-03-16-09.58.16/content_3948460777857713998/=FD0550638BF748/%C1.R.sw/%C1.N=0086DA97694619EE2F
三月 16, 2015 9:58:23 上午 org.ccnx.ccn.io.CCNOutputStream flushToNetwork
信息: flush: outputting to the segmenter, baseName /ccnx.org/test/CCNNetworkTestRepo-15-03-16-09.58.16/content_3948460777857713998/=FD0550638BF748 basenameindex =00; 16 bytes written, holding back 16 flushing final blocks? false.
三月 16, 2015 9:58:23 上午 org.ccnx.ccn.io.CCNOutputStream flushToNetwork
信息: HEADER: CCNOutputStream: flushToNetwork: new _baseNameIndex 0
三月 16, 2015 9:58:23 上午 org.ccnx.ccn.io.CCNOutputStream flushToNetwork
信息: flush: outputting to the segmenter, baseName /ccnx.org/test/CCNNetworkTestRepo-15-03-16-09.58.16/content_3948460777857713998/=FD0550638BF748 basenameindex =00; 16 bytes written, holding back 0 flushing final blocks? true.
三月 16, 2015 9:58:23 上午 org.ccnx.ccn.io.CCNOutputStream flushToNetwork
信息: HEADER: CCNOutputStream: flushToNetwork: new _baseNameIndex 1
三月 16, 2015 9:58:23 上午 org.ccnx.ccn.io.CCNOutputStream close
信息: CCNOutputStream close: /ccnx.org/test/CCNNetworkTestRepo-15-03-16-09.58.16/content_3948460777857713998/=FD0550638BF748
三月 16, 2015 9:58:23 上午 org.ccnx.ccn.io.content.CCNNetworkObject createFlowController
信息: Created LOCALREPOSITORY flow controller, for prefix /ccnx.org/test/CCNNetworkTestRepo-15-03-16-09.58.16/content_3948460777857713998, save type LOCALREPOSITORY
三月 16, 2015 9:58:23 上午 org.ccnx.ccn.impl.CCNFlowControl addNameSpace
信息: Flow controller addNameSpace: added namespace: /ccnx.org/test/CCNNetworkTestRepo-15-03-16-09.58.16/content_3948460777857713998
三月 16, 2015 9:58:23 上午 org.ccnx.ccn.impl.security.keys.BasicKeyManager getKeyLocator
信息: getKeyLocator: returning locator NAME: /ccnx.org/Users/cb/Keys/%C1.M.K%00K=B082A16E5382FBAAA09FBE303E24E042E37E88C290E054292521DECA236523/=FD055059931000 KEY:itggagmsks2vela17tu60v29o22sdv8hgkgs1a2i991rr526p93 for key S7CCoW5TgvuqoJ++MD4k4ELjfojCkOBUKSUh3sojZSM=
三月 16, 2015 9:58:23 上午 org.ccnx.ccn.io.CCNAbstractOutputStream <init>
信息: CCNAbstractOutputStream: /ccnx.org/test/CCNNetworkTestRepo-15-03-16-09.58.16/content_3948460777857713998/=FD0550638BF8AC blocksize is 4096
三月 16, 2015 9:58:23 上午 org.ccnx.ccn.io.CCNAbstractOutputStream startWrite
信息: CCNAbstractOutputStream: startWrite -- searching for keys.
三月 16, 2015 9:58:23 上午 org.ccnx.ccn.profiles.security.access.AccessControlManager keysForOutput
信息: keysForOutput: found an acm: (null)
三月 16, 2015 9:58:23 上午 org.ccnx.ccn.impl.repo.RepositoryFlowControl startWrite
信息: RepositoryFlowControl.startWrite called for name /ccnx.org/test/CCNNetworkTestRepo-15-03-16-09.58.16/content_3948460777857713998/=FD0550638BF8AC, shape STREAM
三月 16, 2015 9:58:23 上午 org.ccnx.ccn.impl.repo.RepositoryFlowControl handleContent
信息: handleContent: got potential repo message: /ccnx.org/test/CCNNetworkTestRepo-15-03-16-09.58.16/content_3948460777857713998/=FD0550638BF8AC/%C1.R.sw/%C1.N%00b=0CB026A66A2D12
三月 16, 2015 9:58:23 上午 org.ccnx.ccn.io.CCNOutputStream flushToNetwork
信息: flush: outputting to the segmenter, baseName /ccnx.org/test/CCNNetworkTestRepo-15-03-16-09.58.16/content_3948460777857713998/=FD0550638BF8AC basenameindex =00; 16 bytes written, holding back 16 flushing final blocks? false.
三月 16, 2015 9:58:23 上午 org.ccnx.ccn.io.CCNOutputStream flushToNetwork
信息: HEADER: CCNOutputStream: flushToNetwork: new _baseNameIndex 0
三月 16, 2015 9:58:23 上午 org.ccnx.ccn.io.CCNOutputStream flushToNetwork
信息: flush: outputting to the segmenter, baseName /ccnx.org/test/CCNNetworkTestRepo-15-03-16-09.58.16/content_3948460777857713998/=FD0550638BF8AC basenameindex =00; 16 bytes written, holding back 0 flushing final blocks? true.
三月 16, 2015 9:58:23 上午 org.ccnx.ccn.io.CCNOutputStream flushToNetwork
信息: HEADER: CCNOutputStream: flushToNetwork: new _baseNameIndex 1
三月 16, 2015 9:58:23 上午 org.ccnx.ccn.io.CCNOutputStream close
信息: CCNOutputStream close: /ccnx.org/test/CCNNetworkTestRepo-15-03-16-09.58.16/content_3948460777857713998/=FD0550638BF8AC
三月 16, 2015 9:58:23 上午 org.ccnx.ccn.io.content.CCNNetworkObject createFlowController
信息: Created LOCALREPOSITORY flow controller, for prefix /ccnx.org/test/CCNNetworkTestRepo-15-03-16-09.58.16/content_3948460777857713998, save type LOCALREPOSITORY
三月 16, 2015 9:58:23 上午 org.ccnx.ccn.impl.CCNFlowControl addNameSpace
信息: Flow controller addNameSpace: added namespace: /ccnx.org/test/CCNNetworkTestRepo-15-03-16-09.58.16/content_3948460777857713998
三月 16, 2015 9:58:23 上午 org.ccnx.ccn.impl.security.keys.BasicKeyManager getKeyLocator
信息: getKeyLocator: returning locator NAME: /ccnx.org/Users/cb/Keys/%C1.M.K%00K=B082A16E5382FBAAA09FBE303E24E042E37E88C290E054292521DECA236523/=FD055059931000 KEY:itggagmsks2vela17tu60v29o22sdv8hgkgs1a2i991rr526p93 for key S7CCoW5TgvuqoJ++MD4k4ELjfojCkOBUKSUh3sojZSM=
三月 16, 2015 9:58:23 上午 org.ccnx.ccn.io.CCNAbstractOutputStream <init>
信息: CCNAbstractOutputStream: /ccnx.org/test/CCNNetworkTestRepo-15-03-16-09.58.16/content_3948460777857713998/=FD0550638BFA4A blocksize is 4096
三月 16, 2015 9:58:23 上午 org.ccnx.ccn.io.CCNAbstractOutputStream startWrite
信息: CCNAbstractOutputStream: startWrite -- searching for keys.
三月 16, 2015 9:58:23 上午 org.ccnx.ccn.profiles.security.access.AccessControlManager keysForOutput
信息: keysForOutput: found an acm: (null)
三月 16, 2015 9:58:23 上午 org.ccnx.ccn.impl.repo.RepositoryFlowControl startWrite
信息: RepositoryFlowControl.startWrite called for name /ccnx.org/test/CCNNetworkTestRepo-15-03-16-09.58.16/content_3948460777857713998/=FD0550638BFA4A, shape STREAM
三月 16, 2015 9:58:23 上午 org.ccnx.ccn.impl.repo.RepositoryFlowControl handleContent
信息: handleContent: got potential repo message: /ccnx.org/test/CCNNetworkTestRepo-15-03-16-09.58.16/content_3948460777857713998/=FD0550638BFA4A/%C1.R.sw/%C1.N=0013FBF8275FFA5416
三月 16, 2015 9:58:23 上午 org.ccnx.ccn.io.CCNOutputStream flushToNetwork
信息: flush: outputting to the segmenter, baseName /ccnx.org/test/CCNNetworkTestRepo-15-03-16-09.58.16/content_3948460777857713998/=FD0550638BFA4A basenameindex =00; 16 bytes written, holding back 16 flushing final blocks? false.
三月 16, 2015 9:58:23 上午 org.ccnx.ccn.io.CCNOutputStream flushToNetwork
信息: HEADER: CCNOutputStream: flushToNetwork: new _baseNameIndex 0
三月 16, 2015 9:58:23 上午 org.ccnx.ccn.io.CCNOutputStream flushToNetwork
信息: flush: outputting to the segmenter, baseName /ccnx.org/test/CCNNetworkTestRepo-15-03-16-09.58.16/content_3948460777857713998/=FD0550638BFA4A basenameindex =00; 16 bytes written, holding back 0 flushing final blocks? true.
三月 16, 2015 9:58:23 上午 org.ccnx.ccn.io.CCNOutputStream flushToNetwork
信息: HEADER: CCNOutputStream: flushToNetwork: new _baseNameIndex 1
三月 16, 2015 9:58:23 上午 org.ccnx.ccn.io.CCNOutputStream close
信息: CCNOutputStream close: /ccnx.org/test/CCNNetworkTestRepo-15-03-16-09.58.16/content_3948460777857713998/=FD0550638BFA4A
三月 16, 2015 9:58:23 上午 org.ccnx.ccn.io.content.CCNNetworkObject createFlowController
信息: Created LOCALREPOSITORY flow controller, for prefix /ccnx.org/test/CCNNetworkTestRepo-15-03-16-09.58.16/content_3948460777857713998, save type LOCALREPOSITORY
三月 16, 2015 9:58:23 上午 org.ccnx.ccn.impl.CCNFlowControl addNameSpace
信息: Flow controller addNameSpace: added namespace: /ccnx.org/test/CCNNetworkTestRepo-15-03-16-09.58.16/content_3948460777857713998
三月 16, 2015 9:58:23 上午 org.ccnx.ccn.impl.security.keys.BasicKeyManager getKeyLocator
信息: getKeyLocator: returning locator NAME: /ccnx.org/Users/cb/Keys/%C1.M.K%00K=B082A16E5382FBAAA09FBE303E24E042E37E88C290E054292521DECA236523/=FD055059931000 KEY:itggagmsks2vela17tu60v29o22sdv8hgkgs1a2i991rr526p93 for key S7CCoW5TgvuqoJ++MD4k4ELjfojCkOBUKSUh3sojZSM=
三月 16, 2015 9:58:23 上午 org.ccnx.ccn.io.CCNAbstractOutputStream <init>
信息: CCNAbstractOutputStream: /ccnx.org/test/CCNNetworkTestRepo-15-03-16-09.58.16/content_3948460777857713998/=FD0550638BFBC7 blocksize is 4096
三月 16, 2015 9:58:23 上午 org.ccnx.ccn.io.CCNAbstractOutputStream startWrite
信息: CCNAbstractOutputStream: startWrite -- searching for keys.
三月 16, 2015 9:58:23 上午 org.ccnx.ccn.profiles.security.access.AccessControlManager keysForOutput
信息: keysForOutput: found an acm: (null)
三月 16, 2015 9:58:23 上午 org.ccnx.ccn.impl.repo.RepositoryFlowControl startWrite
信息: RepositoryFlowControl.startWrite called for name /ccnx.org/test/CCNNetworkTestRepo-15-03-16-09.58.16/content_3948460777857713998/=FD0550638BFBC7, shape STREAM
三月 16, 2015 9:58:23 上午 org.ccnx.ccn.impl.repo.RepositoryFlowControl handleContent
信息: handleContent: got potential repo message: /ccnx.org/test/CCNNetworkTestRepo-15-03-16-09.58.16/content_3948460777857713998/=FD0550638BFBC7/%C1.R.sw/%C1.N=00B198D25E48264A24
三月 16, 2015 9:58:23 上午 org.ccnx.ccn.io.CCNOutputStream flushToNetwork
信息: flush: outputting to the segmenter, baseName /ccnx.org/test/CCNNetworkTestRepo-15-03-16-09.58.16/content_3948460777857713998/=FD0550638BFBC7 basenameindex =00; 16 bytes written, holding back 16 flushing final blocks? false.
三月 16, 2015 9:58:23 上午 org.ccnx.ccn.io.CCNOutputStream flushToNetwork
信息: HEADER: CCNOutputStream: flushToNetwork: new _baseNameIndex 0
三月 16, 2015 9:58:23 上午 org.ccnx.ccn.io.CCNOutputStream flushToNetwork
信息: flush: outputting to the segmenter, baseName /ccnx.org/test/CCNNetworkTestRepo-15-03-16-09.58.16/content_3948460777857713998/=FD0550638BFBC7 basenameindex =00; 16 bytes written, holding back 0 flushing final blocks? true.
三月 16, 2015 9:58:23 上午 org.ccnx.ccn.io.CCNOutputStream flushToNetwork
信息: HEADER: CCNOutputStream: flushToNetwork: new _baseNameIndex 1
三月 16, 2015 9:58:23 上午 org.ccnx.ccn.io.CCNOutputStream close
信息: CCNOutputStream close: /ccnx.org/test/CCNNetworkTestRepo-15-03-16-09.58.16/content_3948460777857713998/=FD0550638BFBC7
三月 16, 2015 9:58:23 上午 org.ccnx.ccn.io.content.CCNNetworkObject createFlowController
信息: Created LOCALREPOSITORY flow controller, for prefix /ccnx.org/test/CCNNetworkTestRepo-15-03-16-09.58.16/content_3948460777857713998, save type LOCALREPOSITORY
三月 16, 2015 9:58:23 上午 org.ccnx.ccn.impl.CCNFlowControl addNameSpace
信息: Flow controller addNameSpace: added namespace: /ccnx.org/test/CCNNetworkTestRepo-15-03-16-09.58.16/content_3948460777857713998
三月 16, 2015 9:58:23 上午 org.ccnx.ccn.impl.security.keys.BasicKeyManager getKeyLocator
信息: getKeyLocator: returning locator NAME: /ccnx.org/Users/cb/Keys/%C1.M.K%00K=B082A16E5382FBAAA09FBE303E24E042E37E88C290E054292521DECA236523/=FD055059931000 KEY:itggagmsks2vela17tu60v29o22sdv8hgkgs1a2i991rr526p93 for key S7CCoW5TgvuqoJ++MD4k4ELjfojCkOBUKSUh3sojZSM=
三月 16, 2015 9:58:23 上午 org.ccnx.ccn.io.CCNAbstractOutputStream <init>
信息: CCNAbstractOutputStream: /ccnx.org/test/CCNNetworkTestRepo-15-03-16-09.58.16/content_3948460777857713998/=FD0550638BFD5C blocksize is 4096
三月 16, 2015 9:58:23 上午 org.ccnx.ccn.io.CCNAbstractOutputStream startWrite
信息: CCNAbstractOutputStream: startWrite -- searching for keys.
三月 16, 2015 9:58:23 上午 org.ccnx.ccn.profiles.security.access.AccessControlManager keysForOutput
信息: keysForOutput: found an acm: (null)
三月 16, 2015 9:58:23 上午 org.ccnx.ccn.impl.repo.RepositoryFlowControl startWrite
信息: RepositoryFlowControl.startWrite called for name /ccnx.org/test/CCNNetworkTestRepo-15-03-16-09.58.16/content_3948460777857713998/=FD0550638BFD5C, shape STREAM
三月 16, 2015 9:58:23 上午 org.ccnx.ccn.impl.repo.RepositoryFlowControl handleContent
信息: handleContent: got potential repo message: /ccnx.org/test/CCNNetworkTestRepo-15-03-16-09.58.16/content_3948460777857713998/=FD0550638BFD5C/%C1.R.sw/%C1.N=00C94262CC41309DCF
三月 16, 2015 9:58:23 上午 org.ccnx.ccn.io.CCNOutputStream flushToNetwork
信息: flush: outputting to the segmenter, baseName /ccnx.org/test/CCNNetworkTestRepo-15-03-16-09.58.16/content_3948460777857713998/=FD0550638BFD5C basenameindex =00; 16 bytes written, holding back 16 flushing final blocks? false.
三月 16, 2015 9:58:23 上午 org.ccnx.ccn.io.CCNOutputStream flushToNetwork
信息: HEADER: CCNOutputStream: flushToNetwork: new _baseNameIndex 0
三月 16, 2015 9:58:23 上午 org.ccnx.ccn.io.CCNOutputStream flushToNetwork
信息: flush: outputting to the segmenter, baseName /ccnx.org/test/CCNNetworkTestRepo-15-03-16-09.58.16/content_3948460777857713998/=FD0550638BFD5C basenameindex =00; 16 bytes written, holding back 0 flushing final blocks? true.
三月 16, 2015 9:58:23 上午 org.ccnx.ccn.io.CCNOutputStream flushToNetwork
信息: HEADER: CCNOutputStream: flushToNetwork: new _baseNameIndex 1
三月 16, 2015 9:58:23 上午 org.ccnx.ccn.io.CCNOutputStream close
信息: CCNOutputStream close: /ccnx.org/test/CCNNetworkTestRepo-15-03-16-09.58.16/content_3948460777857713998/=FD0550638BFD5C
三月 16, 2015 9:58:23 上午 org.ccnx.ccn.io.content.CCNNetworkObject createFlowController
信息: Created LOCALREPOSITORY flow controller, for prefix /ccnx.org/test/CCNNetworkTestRepo-15-03-16-09.58.16/content_3948460777857713998, save type LOCALREPOSITORY
三月 16, 2015 9:58:23 上午 org.ccnx.ccn.impl.CCNFlowControl addNameSpace
信息: Flow controller addNameSpace: added namespace: /ccnx.org/test/CCNNetworkTestRepo-15-03-16-09.58.16/content_3948460777857713998
三月 16, 2015 9:58:23 上午 org.ccnx.ccn.impl.security.keys.BasicKeyManager getKeyLocator
信息: getKeyLocator: returning locator NAME: /ccnx.org/Users/cb/Keys/%C1.M.K%00K=B082A16E5382FBAAA09FBE303E24E042E37E88C290E054292521DECA236523/=FD055059931000 KEY:itggagmsks2vela17tu60v29o22sdv8hgkgs1a2i991rr526p93 for key S7CCoW5TgvuqoJ++MD4k4ELjfojCkOBUKSUh3sojZSM=
三月 16, 2015 9:58:23 上午 org.ccnx.ccn.io.CCNAbstractOutputStream <init>
信息: CCNAbstractOutputStream: /ccnx.org/test/CCNNetworkTestRepo-15-03-16-09.58.16/content_3948460777857713998/=FD0550638BFEFA blocksize is 4096
三月 16, 2015 9:58:23 上午 org.ccnx.ccn.io.CCNAbstractOutputStream startWrite
信息: CCNAbstractOutputStream: startWrite -- searching for keys.
三月 16, 2015 9:58:23 上午 org.ccnx.ccn.profiles.security.access.AccessControlManager keysForOutput
信息: keysForOutput: found an acm: (null)
三月 16, 2015 9:58:23 上午 org.ccnx.ccn.impl.repo.RepositoryFlowControl startWrite
信息: RepositoryFlowControl.startWrite called for name /ccnx.org/test/CCNNetworkTestRepo-15-03-16-09.58.16/content_3948460777857713998/=FD0550638BFEFA, shape STREAM
三月 16, 2015 9:58:23 上午 org.ccnx.ccn.impl.repo.RepositoryFlowControl handleContent
信息: handleContent: got potential repo message: /ccnx.org/test/CCNNetworkTestRepo-15-03-16-09.58.16/content_3948460777857713998/=FD0550638BFEFA/%C1.R.sw/%C1.N%00j=88DC8890DCBB4F
三月 16, 2015 9:58:23 上午 org.ccnx.ccn.io.CCNOutputStream flushToNetwork
信息: flush: outputting to the segmenter, baseName /ccnx.org/test/CCNNetworkTestRepo-15-03-16-09.58.16/content_3948460777857713998/=FD0550638BFEFA basenameindex =00; 16 bytes written, holding back 16 flushing final blocks? false.
三月 16, 2015 9:58:23 上午 org.ccnx.ccn.io.CCNOutputStream flushToNetwork
信息: HEADER: CCNOutputStream: flushToNetwork: new _baseNameIndex 0
三月 16, 2015 9:58:23 上午 org.ccnx.ccn.io.CCNOutputStream flushToNetwork
信息: flush: outputting to the segmenter, baseName /ccnx.org/test/CCNNetworkTestRepo-15-03-16-09.58.16/content_3948460777857713998/=FD0550638BFEFA basenameindex =00; 16 bytes written, holding back 0 flushing final blocks? true.
三月 16, 2015 9:58:23 上午 org.ccnx.ccn.io.CCNOutputStream flushToNetwork
信息: HEADER: CCNOutputStream: flushToNetwork: new _baseNameIndex 1
三月 16, 2015 9:58:24 上午 org.ccnx.ccn.io.CCNOutputStream close
信息: CCNOutputStream close: /ccnx.org/test/CCNNetworkTestRepo-15-03-16-09.58.16/content_3948460777857713998/=FD0550638BFEFA
三月 16, 2015 9:58:24 上午 org.ccnx.ccn.io.content.CCNNetworkObject createFlowController
信息: Created LOCALREPOSITORY flow controller, for prefix /ccnx.org/test/CCNNetworkTestRepo-15-03-16-09.58.16/content_3948460777857713998, save type LOCALREPOSITORY
三月 16, 2015 9:58:24 上午 org.ccnx.ccn.impl.CCNFlowControl addNameSpace
信息: Flow controller addNameSpace: added namespace: /ccnx.org/test/CCNNetworkTestRepo-15-03-16-09.58.16/content_3948460777857713998
三月 16, 2015 9:58:24 上午 org.ccnx.ccn.impl.security.keys.BasicKeyManager getKeyLocator
信息: getKeyLocator: returning locator NAME: /ccnx.org/Users/cb/Keys/%C1.M.K%00K=B082A16E5382FBAAA09FBE303E24E042E37E88C290E054292521DECA236523/=FD055059931000 KEY:itggagmsks2vela17tu60v29o22sdv8hgkgs1a2i991rr526p93 for key S7CCoW5TgvuqoJ++MD4k4ELjfojCkOBUKSUh3sojZSM=
三月 16, 2015 9:58:24 上午 org.ccnx.ccn.io.CCNAbstractOutputStream <init>
信息: CCNAbstractOutputStream: /ccnx.org/test/CCNNetworkTestRepo-15-03-16-09.58.16/content_3948460777857713998/=FD0550638C004A blocksize is 4096
三月 16, 2015 9:58:24 上午 org.ccnx.ccn.io.CCNAbstractOutputStream startWrite
信息: CCNAbstractOutputStream: startWrite -- searching for keys.
三月 16, 2015 9:58:24 上午 org.ccnx.ccn.profiles.security.access.AccessControlManager keysForOutput
信息: keysForOutput: found an acm: (null)
三月 16, 2015 9:58:24 上午 org.ccnx.ccn.impl.repo.RepositoryFlowControl startWrite
信息: RepositoryFlowControl.startWrite called for name /ccnx.org/test/CCNNetworkTestRepo-15-03-16-09.58.16/content_3948460777857713998/=FD0550638C004A, shape STREAM
三月 16, 2015 9:58:24 上午 org.ccnx.ccn.impl.repo.RepositoryFlowControl handleContent
信息: handleContent: got potential repo message: /ccnx.org/test/CCNNetworkTestRepo-15-03-16-09.58.16/content_3948460777857713998/=FD0550638C004A/%C1.R.sw/%C1.N=00CBE8EF21A2C5DF8F
三月 16, 2015 9:58:24 上午 org.ccnx.ccn.io.CCNOutputStream flushToNetwork
信息: flush: outputting to the segmenter, baseName /ccnx.org/test/CCNNetworkTestRepo-15-03-16-09.58.16/content_3948460777857713998/=FD0550638C004A basenameindex =00; 16 bytes written, holding back 16 flushing final blocks? false.
三月 16, 2015 9:58:24 上午 org.ccnx.ccn.io.CCNOutputStream flushToNetwork
信息: HEADER: CCNOutputStream: flushToNetwork: new _baseNameIndex 0
三月 16, 2015 9:58:24 上午 org.ccnx.ccn.io.CCNOutputStream flushToNetwork
信息: flush: outputting to the segmenter, baseName /ccnx.org/test/CCNNetworkTestRepo-15-03-16-09.58.16/content_3948460777857713998/=FD0550638C004A basenameindex =00; 16 bytes written, holding back 0 flushing final blocks? true.
三月 16, 2015 9:58:24 上午 org.ccnx.ccn.io.CCNOutputStream flushToNetwork
信息: HEADER: CCNOutputStream: flushToNetwork: new _baseNameIndex 1
三月 16, 2015 9:58:24 上午 org.ccnx.ccn.io.CCNOutputStream close
信息: CCNOutputStream close: /ccnx.org/test/CCNNetworkTestRepo-15-03-16-09.58.16/content_3948460777857713998/=FD0550638C004A
三月 16, 2015 9:58:24 上午 org.ccnx.ccn.io.content.CCNNetworkObject createFlowController
信息: Created LOCALREPOSITORY flow controller, for prefix /ccnx.org/test/CCNNetworkTestRepo-15-03-16-09.58.16/content_3948460777857713998, save type LOCALREPOSITORY
三月 16, 2015 9:58:24 上午 org.ccnx.ccn.impl.CCNFlowControl addNameSpace
信息: Flow controller addNameSpace: added namespace: /ccnx.org/test/CCNNetworkTestRepo-15-03-16-09.58.16/content_3948460777857713998
三月 16, 2015 9:58:24 上午 org.ccnx.ccn.impl.security.keys.BasicKeyManager getKeyLocator
信息: getKeyLocator: returning locator NAME: /ccnx.org/Users/cb/Keys/%C1.M.K%00K=B082A16E5382FBAAA09FBE303E24E042E37E88C290E054292521DECA236523/=FD055059931000 KEY:itggagmsks2vela17tu60v29o22sdv8hgkgs1a2i991rr526p93 for key S7CCoW5TgvuqoJ++MD4k4ELjfojCkOBUKSUh3sojZSM=
三月 16, 2015 9:58:24 上午 org.ccnx.ccn.io.CCNAbstractOutputStream <init>
信息: CCNAbstractOutputStream: /ccnx.org/test/CCNNetworkTestRepo-15-03-16-09.58.16/content_3948460777857713998/=FD0550638C01B2 blocksize is 4096
三月 16, 2015 9:58:24 上午 org.ccnx.ccn.io.CCNAbstractOutputStream startWrite
信息: CCNAbstractOutputStream: startWrite -- searching for keys.
三月 16, 2015 9:58:24 上午 org.ccnx.ccn.profiles.security.access.AccessControlManager keysForOutput
信息: keysForOutput: found an acm: (null)
三月 16, 2015 9:58:24 上午 org.ccnx.ccn.impl.repo.RepositoryFlowControl startWrite
信息: RepositoryFlowControl.startWrite called for name /ccnx.org/test/CCNNetworkTestRepo-15-03-16-09.58.16/content_3948460777857713998/=FD0550638C01B2, shape STREAM
三月 16, 2015 9:58:24 上午 org.ccnx.ccn.impl.repo.RepositoryFlowControl handleContent
信息: handleContent: got potential repo message: /ccnx.org/test/CCNNetworkTestRepo-15-03-16-09.58.16/content_3948460777857713998/=FD0550638C01B2/%C1.R.sw/%C1.N=0005594BFB318570CE
三月 16, 2015 9:58:24 上午 org.ccnx.ccn.io.CCNOutputStream flushToNetwork
信息: flush: outputting to the segmenter, baseName /ccnx.org/test/CCNNetworkTestRepo-15-03-16-09.58.16/content_3948460777857713998/=FD0550638C01B2 basenameindex =00; 16 bytes written, holding back 16 flushing final blocks? false.
三月 16, 2015 9:58:24 上午 org.ccnx.ccn.io.CCNOutputStream flushToNetwork
信息: HEADER: CCNOutputStream: flushToNetwork: new _baseNameIndex 0
三月 16, 2015 9:58:24 上午 org.ccnx.ccn.io.CCNOutputStream flushToNetwork
信息: flush: outputting to the segmenter, baseName /ccnx.org/test/CCNNetworkTestRepo-15-03-16-09.58.16/content_3948460777857713998/=FD0550638C01B2 basenameindex =00; 16 bytes written, holding back 0 flushing final blocks? true.
三月 16, 2015 9:58:24 上午 org.ccnx.ccn.io.CCNOutputStream flushToNetwork
信息: HEADER: CCNOutputStream: flushToNetwork: new _baseNameIndex 1
三月 16, 2015 9:58:24 上午 org.ccnx.ccn.io.CCNOutputStream close
信息: CCNOutputStream close: /ccnx.org/test/CCNNetworkTestRepo-15-03-16-09.58.16/content_3948460777857713998/=FD0550638C01B2
三月 16, 2015 9:58:24 上午 org.ccnx.ccn.io.content.CCNNetworkObject createFlowController
信息: Created LOCALREPOSITORY flow controller, for prefix /ccnx.org/test/CCNNetworkTestRepo-15-03-16-09.58.16/content_3948460777857713998, save type LOCALREPOSITORY
三月 16, 2015 9:58:24 上午 org.ccnx.ccn.impl.CCNFlowControl addNameSpace
信息: Flow controller addNameSpace: added namespace: /ccnx.org/test/CCNNetworkTestRepo-15-03-16-09.58.16/content_3948460777857713998
三月 16, 2015 9:58:24 上午 org.ccnx.ccn.impl.security.keys.BasicKeyManager getKeyLocator
信息: getKeyLocator: returning locator NAME: /ccnx.org/Users/cb/Keys/%C1.M.K%00K=B082A16E5382FBAAA09FBE303E24E042E37E88C290E054292521DECA236523/=FD055059931000 KEY:itggagmsks2vela17tu60v29o22sdv8hgkgs1a2i991rr526p93 for key S7CCoW5TgvuqoJ++MD4k4ELjfojCkOBUKSUh3sojZSM=
三月 16, 2015 9:58:24 上午 org.ccnx.ccn.io.CCNAbstractOutputStream <init>
信息: CCNAbstractOutputStream: /ccnx.org/test/CCNNetworkTestRepo-15-03-16-09.58.16/content_3948460777857713998/=FD0550638C032B blocksize is 4096
三月 16, 2015 9:58:24 上午 org.ccnx.ccn.io.CCNAbstractOutputStream startWrite
信息: CCNAbstractOutputStream: startWrite -- searching for keys.
三月 16, 2015 9:58:24 上午 org.ccnx.ccn.profiles.security.access.AccessControlManager keysForOutput
信息: keysForOutput: found an acm: (null)
三月 16, 2015 9:58:24 上午 org.ccnx.ccn.impl.repo.RepositoryFlowControl startWrite
信息: RepositoryFlowControl.startWrite called for name /ccnx.org/test/CCNNetworkTestRepo-15-03-16-09.58.16/content_3948460777857713998/=FD0550638C032B, shape STREAM
三月 16, 2015 9:58:24 上午 org.ccnx.ccn.impl.repo.RepositoryFlowControl handleContent
信息: handleContent: got potential repo message: /ccnx.org/test/CCNNetworkTestRepo-15-03-16-09.58.16/content_3948460777857713998/=FD0550638C032B/%C1.R.sw/%C1.N=00BC9630B1E4D89D2E
三月 16, 2015 9:58:24 上午 org.ccnx.ccn.io.CCNOutputStream flushToNetwork
信息: flush: outputting to the segmenter, baseName /ccnx.org/test/CCNNetworkTestRepo-15-03-16-09.58.16/content_3948460777857713998/=FD0550638C032B basenameindex =00; 16 bytes written, holding back 16 flushing final blocks? false.
三月 16, 2015 9:58:24 上午 org.ccnx.ccn.io.CCNOutputStream flushToNetwork
信息: HEADER: CCNOutputStream: flushToNetwork: new _baseNameIndex 0
三月 16, 2015 9:58:24 上午 org.ccnx.ccn.io.CCNOutputStream flushToNetwork
信息: flush: outputting to the segmenter, baseName /ccnx.org/test/CCNNetworkTestRepo-15-03-16-09.58.16/content_3948460777857713998/=FD0550638C032B basenameindex =00; 16 bytes written, holding back 0 flushing final blocks? true.
三月 16, 2015 9:58:24 上午 org.ccnx.ccn.io.CCNOutputStream flushToNetwork
信息: HEADER: CCNOutputStream: flushToNetwork: new _baseNameIndex 1
三月 16, 2015 9:58:24 上午 org.ccnx.ccn.io.CCNOutputStream close
信息: CCNOutputStream close: /ccnx.org/test/CCNNetworkTestRepo-15-03-16-09.58.16/content_3948460777857713998/=FD0550638C032B
三月 16, 2015 9:58:24 上午 org.ccnx.ccn.io.content.CCNNetworkObject createFlowController
信息: Created LOCALREPOSITORY flow controller, for prefix /ccnx.org/test/CCNNetworkTestRepo-15-03-16-09.58.16/content_3948460777857713998, save type LOCALREPOSITORY
三月 16, 2015 9:58:24 上午 org.ccnx.ccn.impl.CCNFlowControl addNameSpace
信息: Flow controller addNameSpace: added namespace: /ccnx.org/test/CCNNetworkTestRepo-15-03-16-09.58.16/content_3948460777857713998
三月 16, 2015 9:58:24 上午 org.ccnx.ccn.impl.security.keys.BasicKeyManager getKeyLocator
信息: getKeyLocator: returning locator NAME: /ccnx.org/Users/cb/Keys/%C1.M.K%00K=B082A16E5382FBAAA09FBE303E24E042E37E88C290E054292521DECA236523/=FD055059931000 KEY:itggagmsks2vela17tu60v29o22sdv8hgkgs1a2i991rr526p93 for key S7CCoW5TgvuqoJ++MD4k4ELjfojCkOBUKSUh3sojZSM=
三月 16, 2015 9:58:24 上午 org.ccnx.ccn.io.CCNAbstractOutputStream <init>
信息: CCNAbstractOutputStream: /ccnx.org/test/CCNNetworkTestRepo-15-03-16-09.58.16/content_3948460777857713998/=FD0550638C04A4 blocksize is 4096
三月 16, 2015 9:58:24 上午 org.ccnx.ccn.io.CCNAbstractOutputStream startWrite
信息: CCNAbstractOutputStream: startWrite -- searching for keys.
三月 16, 2015 9:58:24 上午 org.ccnx.ccn.profiles.security.access.AccessControlManager keysForOutput
信息: keysForOutput: found an acm: (null)
三月 16, 2015 9:58:24 上午 org.ccnx.ccn.impl.repo.RepositoryFlowControl startWrite
信息: RepositoryFlowControl.startWrite called for name /ccnx.org/test/CCNNetworkTestRepo-15-03-16-09.58.16/content_3948460777857713998/=FD0550638C04A4, shape STREAM
三月 16, 2015 9:58:24 上午 org.ccnx.ccn.impl.repo.RepositoryFlowControl handleContent
信息: handleContent: got potential repo message: /ccnx.org/test/CCNNetworkTestRepo-15-03-16-09.58.16/content_3948460777857713998/=FD0550638C04A4/%C1.R.sw/%C1.N=00AC76BEA1D9F822D7
三月 16, 2015 9:58:24 上午 org.ccnx.ccn.io.CCNOutputStream flushToNetwork
信息: flush: outputting to the segmenter, baseName /ccnx.org/test/CCNNetworkTestRepo-15-03-16-09.58.16/content_3948460777857713998/=FD0550638C04A4 basenameindex =00; 16 bytes written, holding back 16 flushing final blocks? false.
三月 16, 2015 9:58:24 上午 org.ccnx.ccn.io.CCNOutputStream flushToNetwork
信息: HEADER: CCNOutputStream: flushToNetwork: new _baseNameIndex 0
三月 16, 2015 9:58:24 上午 org.ccnx.ccn.io.CCNOutputStream flushToNetwork
信息: flush: outputting to the segmenter, baseName /ccnx.org/test/CCNNetworkTestRepo-15-03-16-09.58.16/content_3948460777857713998/=FD0550638C04A4 basenameindex =00; 16 bytes written, holding back 0 flushing final blocks? true.
三月 16, 2015 9:58:24 上午 org.ccnx.ccn.io.CCNOutputStream flushToNetwork
信息: HEADER: CCNOutputStream: flushToNetwork: new _baseNameIndex 1
三月 16, 2015 9:58:24 上午 org.ccnx.ccn.io.CCNOutputStream close
信息: CCNOutputStream close: /ccnx.org/test/CCNNetworkTestRepo-15-03-16-09.58.16/content_3948460777857713998/=FD0550638C04A4
三月 16, 2015 9:58:24 上午 org.ccnx.ccn.io.content.CCNNetworkObject createFlowController
信息: Created LOCALREPOSITORY flow controller, for prefix /ccnx.org/test/CCNNetworkTestRepo-15-03-16-09.58.16/content_3948460777857713998, save type LOCALREPOSITORY
三月 16, 2015 9:58:24 上午 org.ccnx.ccn.impl.CCNFlowControl addNameSpace
信息: Flow controller addNameSpace: added namespace: /ccnx.org/test/CCNNetworkTestRepo-15-03-16-09.58.16/content_3948460777857713998
三月 16, 2015 9:58:24 上午 org.ccnx.ccn.impl.security.keys.BasicKeyManager getKeyLocator
信息: getKeyLocator: returning locator NAME: /ccnx.org/Users/cb/Keys/%C1.M.K%00K=B082A16E5382FBAAA09FBE303E24E042E37E88C290E054292521DECA236523/=FD055059931000 KEY:itggagmsks2vela17tu60v29o22sdv8hgkgs1a2i991rr526p93 for key S7CCoW5TgvuqoJ++MD4k4ELjfojCkOBUKSUh3sojZSM=
三月 16, 2015 9:58:24 上午 org.ccnx.ccn.io.CCNAbstractOutputStream <init>
信息: CCNAbstractOutputStream: /ccnx.org/test/CCNNetworkTestRepo-15-03-16-09.58.16/content_3948460777857713998/=FD0550638C060C blocksize is 4096
三月 16, 2015 9:58:24 上午 org.ccnx.ccn.io.CCNAbstractOutputStream startWrite
信息: CCNAbstractOutputStream: startWrite -- searching for keys.
三月 16, 2015 9:58:24 上午 org.ccnx.ccn.profiles.security.access.AccessControlManager keysForOutput
信息: keysForOutput: found an acm: (null)
三月 16, 2015 9:58:24 上午 org.ccnx.ccn.impl.repo.RepositoryFlowControl startWrite
信息: RepositoryFlowControl.startWrite called for name /ccnx.org/test/CCNNetworkTestRepo-15-03-16-09.58.16/content_3948460777857713998/=FD0550638C060C, shape STREAM
三月 16, 2015 9:58:24 上午 org.ccnx.ccn.impl.repo.RepositoryFlowControl handleContent
信息: handleContent: got potential repo message: /ccnx.org/test/CCNNetworkTestRepo-15-03-16-09.58.16/content_3948460777857713998/=FD0550638C060C/%C1.R.sw/%C1.N%00r%C9h=A4BE80421E
三月 16, 2015 9:58:24 上午 org.ccnx.ccn.io.CCNOutputStream flushToNetwork
信息: flush: outputting to the segmenter, baseName /ccnx.org/test/CCNNetworkTestRepo-15-03-16-09.58.16/content_3948460777857713998/=FD0550638C060C basenameindex =00; 16 bytes written, holding back 16 flushing final blocks? false.
三月 16, 2015 9:58:24 上午 org.ccnx.ccn.io.CCNOutputStream flushToNetwork
信息: HEADER: CCNOutputStream: flushToNetwork: new _baseNameIndex 0
三月 16, 2015 9:58:24 上午 org.ccnx.ccn.io.CCNOutputStream flushToNetwork
信息: flush: outputting to the segmenter, baseName /ccnx.org/test/CCNNetworkTestRepo-15-03-16-09.58.16/content_3948460777857713998/=FD0550638C060C basenameindex =00; 16 bytes written, holding back 0 flushing final blocks? true.
三月 16, 2015 9:58:24 上午 org.ccnx.ccn.io.CCNOutputStream flushToNetwork
信息: HEADER: CCNOutputStream: flushToNetwork: new _baseNameIndex 1
三月 16, 2015 9:58:24 上午 org.ccnx.ccn.io.CCNOutputStream close
信息: CCNOutputStream close: /ccnx.org/test/CCNNetworkTestRepo-15-03-16-09.58.16/content_3948460777857713998/=FD0550638C060C
三月 16, 2015 9:58:24 上午 org.ccnx.ccn.io.content.CCNNetworkObject createFlowController
信息: Created LOCALREPOSITORY flow controller, for prefix /ccnx.org/test/CCNNetworkTestRepo-15-03-16-09.58.16/content_3948460777857713998, save type LOCALREPOSITORY
三月 16, 2015 9:58:24 上午 org.ccnx.ccn.impl.CCNFlowControl addNameSpace
信息: Flow controller addNameSpace: added namespace: /ccnx.org/test/CCNNetworkTestRepo-15-03-16-09.58.16/content_3948460777857713998
三月 16, 2015 9:58:24 上午 org.ccnx.ccn.impl.security.keys.BasicKeyManager getKeyLocator
信息: getKeyLocator: returning locator NAME: /ccnx.org/Users/cb/Keys/%C1.M.K%00K=B082A16E5382FBAAA09FBE303E24E042E37E88C290E054292521DECA236523/=FD055059931000 KEY:itggagmsks2vela17tu60v29o22sdv8hgkgs1a2i991rr526p93 for key S7CCoW5TgvuqoJ++MD4k4ELjfojCkOBUKSUh3sojZSM=
三月 16, 2015 9:58:24 上午 org.ccnx.ccn.io.CCNAbstractOutputStream <init>
信息: CCNAbstractOutputStream: /ccnx.org/test/CCNNetworkTestRepo-15-03-16-09.58.16/content_3948460777857713998/=FD0550638C079A blocksize is 4096
三月 16, 2015 9:58:24 上午 org.ccnx.ccn.io.CCNAbstractOutputStream startWrite
信息: CCNAbstractOutputStream: startWrite -- searching for keys.
三月 16, 2015 9:58:24 上午 org.ccnx.ccn.profiles.security.access.AccessControlManager keysForOutput
信息: keysForOutput: found an acm: (null)
三月 16, 2015 9:58:24 上午 org.ccnx.ccn.impl.repo.RepositoryFlowControl startWrite
信息: RepositoryFlowControl.startWrite called for name /ccnx.org/test/CCNNetworkTestRepo-15-03-16-09.58.16/content_3948460777857713998/=FD0550638C079A, shape STREAM
三月 16, 2015 9:58:24 上午 org.ccnx.ccn.impl.repo.RepositoryFlowControl handleContent
信息: handleContent: got potential repo message: /ccnx.org/test/CCNNetworkTestRepo-15-03-16-09.58.16/content_3948460777857713998/=FD0550638C079A/%C1.R.sw/%C1.N=000DEEE0116D201042
三月 16, 2015 9:58:24 上午 org.ccnx.ccn.io.CCNOutputStream flushToNetwork
信息: flush: outputting to the segmenter, baseName /ccnx.org/test/CCNNetworkTestRepo-15-03-16-09.58.16/content_3948460777857713998/=FD0550638C079A basenameindex =00; 16 bytes written, holding back 16 flushing final blocks? false.
三月 16, 2015 9:58:24 上午 org.ccnx.ccn.io.CCNOutputStream flushToNetwork
信息: HEADER: CCNOutputStream: flushToNetwork: new _baseNameIndex 0
三月 16, 2015 9:58:24 上午 org.ccnx.ccn.io.CCNOutputStream flushToNetwork
信息: flush: outputting to the segmenter, baseName /ccnx.org/test/CCNNetworkTestRepo-15-03-16-09.58.16/content_3948460777857713998/=FD0550638C079A basenameindex =00; 16 bytes written, holding back 0 flushing final blocks? true.
三月 16, 2015 9:58:24 上午 org.ccnx.ccn.io.CCNOutputStream flushToNetwork
信息: HEADER: CCNOutputStream: flushToNetwork: new _baseNameIndex 1
三月 16, 2015 9:58:24 上午 org.ccnx.ccn.io.CCNOutputStream close
信息: CCNOutputStream close: /ccnx.org/test/CCNNetworkTestRepo-15-03-16-09.58.16/content_3948460777857713998/=FD0550638C079A
三月 16, 2015 9:58:24 上午 org.ccnx.ccn.io.content.CCNNetworkObject createFlowController
信息: Created LOCALREPOSITORY flow controller, for prefix /ccnx.org/test/CCNNetworkTestRepo-15-03-16-09.58.16/content_3948460777857713998, save type LOCALREPOSITORY
三月 16, 2015 9:58:24 上午 org.ccnx.ccn.impl.CCNFlowControl addNameSpace
信息: Flow controller addNameSpace: added namespace: /ccnx.org/test/CCNNetworkTestRepo-15-03-16-09.58.16/content_3948460777857713998
三月 16, 2015 9:58:24 上午 org.ccnx.ccn.impl.security.keys.BasicKeyManager getKeyLocator
信息: getKeyLocator: returning locator NAME: /ccnx.org/Users/cb/Keys/%C1.M.K%00K=B082A16E5382FBAAA09FBE303E24E042E37E88C290E054292521DECA236523/=FD055059931000 KEY:itggagmsks2vela17tu60v29o22sdv8hgkgs1a2i991rr526p93 for key S7CCoW5TgvuqoJ++MD4k4ELjfojCkOBUKSUh3sojZSM=
三月 16, 2015 9:58:24 上午 org.ccnx.ccn.io.CCNAbstractOutputStream <init>
信息: CCNAbstractOutputStream: /ccnx.org/test/CCNNetworkTestRepo-15-03-16-09.58.16/content_3948460777857713998/=FD0550638C0933 blocksize is 4096
三月 16, 2015 9:58:24 上午 org.ccnx.ccn.io.CCNAbstractOutputStream startWrite
信息: CCNAbstractOutputStream: startWrite -- searching for keys.
三月 16, 2015 9:58:24 上午 org.ccnx.ccn.profiles.security.access.AccessControlManager keysForOutput
信息: keysForOutput: found an acm: (null)
三月 16, 2015 9:58:24 上午 org.ccnx.ccn.impl.repo.RepositoryFlowControl startWrite
信息: RepositoryFlowControl.startWrite called for name /ccnx.org/test/CCNNetworkTestRepo-15-03-16-09.58.16/content_3948460777857713998/=FD0550638C0933, shape STREAM
三月 16, 2015 9:58:24 上午 org.ccnx.ccn.impl.repo.RepositoryFlowControl handleContent
信息: handleContent: got potential repo message: /ccnx.org/test/CCNNetworkTestRepo-15-03-16-09.58.16/content_3948460777857713998/=FD0550638C0933/%C1.R.sw/%C1.N=00E908DF3B1BD7CB97
三月 16, 2015 9:58:24 上午 org.ccnx.ccn.io.CCNOutputStream flushToNetwork
信息: flush: outputting to the segmenter, baseName /ccnx.org/test/CCNNetworkTestRepo-15-03-16-09.58.16/content_3948460777857713998/=FD0550638C0933 basenameindex =00; 16 bytes written, holding back 16 flushing final blocks? false.
三月 16, 2015 9:58:24 上午 org.ccnx.ccn.io.CCNOutputStream flushToNetwork
信息: HEADER: CCNOutputStream: flushToNetwork: new _baseNameIndex 0
三月 16, 2015 9:58:24 上午 org.ccnx.ccn.io.CCNOutputStream flushToNetwork
信息: flush: outputting to the segmenter, baseName /ccnx.org/test/CCNNetworkTestRepo-15-03-16-09.58.16/content_3948460777857713998/=FD0550638C0933 basenameindex =00; 16 bytes written, holding back 0 flushing final blocks? true.
三月 16, 2015 9:58:24 上午 org.ccnx.ccn.io.CCNOutputStream flushToNetwork
信息: HEADER: CCNOutputStream: flushToNetwork: new _baseNameIndex 1
三月 16, 2015 9:58:24 上午 org.ccnx.ccn.io.CCNOutputStream close
信息: CCNOutputStream close: /ccnx.org/test/CCNNetworkTestRepo-15-03-16-09.58.16/content_3948460777857713998/=FD0550638C0933
三月 16, 2015 9:58:24 上午 org.ccnx.ccn.io.content.CCNNetworkObject createFlowController
信息: Created LOCALREPOSITORY flow controller, for prefix /ccnx.org/test/CCNNetworkTestRepo-15-03-16-09.58.16/content_3948460777857713998, save type LOCALREPOSITORY
三月 16, 2015 9:58:24 上午 org.ccnx.ccn.impl.CCNFlowControl addNameSpace
信息: Flow controller addNameSpace: added namespace: /ccnx.org/test/CCNNetworkTestRepo-15-03-16-09.58.16/content_3948460777857713998
三月 16, 2015 9:58:24 上午 org.ccnx.ccn.impl.security.keys.BasicKeyManager getKeyLocator
信息: getKeyLocator: returning locator NAME: /ccnx.org/Users/cb/Keys/%C1.M.K%00K=B082A16E5382FBAAA09FBE303E24E042E37E88C290E054292521DECA236523/=FD055059931000 KEY:itggagmsks2vela17tu60v29o22sdv8hgkgs1a2i991rr526p93 for key S7CCoW5TgvuqoJ++MD4k4ELjfojCkOBUKSUh3sojZSM=
三月 16, 2015 9:58:24 上午 org.ccnx.ccn.io.CCNAbstractOutputStream <init>
信息: CCNAbstractOutputStream: /ccnx.org/test/CCNNetworkTestRepo-15-03-16-09.58.16/content_3948460777857713998/=FD0550638C0AB8 blocksize is 4096
三月 16, 2015 9:58:24 上午 org.ccnx.ccn.io.CCNAbstractOutputStream startWrite
信息: CCNAbstractOutputStream: startWrite -- searching for keys.
三月 16, 2015 9:58:24 上午 org.ccnx.ccn.profiles.security.access.AccessControlManager keysForOutput
信息: keysForOutput: found an acm: (null)
三月 16, 2015 9:58:24 上午 org.ccnx.ccn.impl.repo.RepositoryFlowControl startWrite
信息: RepositoryFlowControl.startWrite called for name /ccnx.org/test/CCNNetworkTestRepo-15-03-16-09.58.16/content_3948460777857713998/=FD0550638C0AB8, shape STREAM
三月 16, 2015 9:58:24 上午 org.ccnx.ccn.impl.repo.RepositoryFlowControl handleContent
信息: handleContent: got potential repo message: /ccnx.org/test/CCNNetworkTestRepo-15-03-16-09.58.16/content_3948460777857713998/=FD0550638C0AB8/%C1.R.sw/%C1.N%00p=E75BC499543971
三月 16, 2015 9:58:24 上午 org.ccnx.ccn.io.CCNOutputStream flushToNetwork
信息: flush: outputting to the segmenter, baseName /ccnx.org/test/CCNNetworkTestRepo-15-03-16-09.58.16/content_3948460777857713998/=FD0550638C0AB8 basenameindex =00; 16 bytes written, holding back 16 flushing final blocks? false.
三月 16, 2015 9:58:24 上午 org.ccnx.ccn.io.CCNOutputStream flushToNetwork
信息: HEADER: CCNOutputStream: flushToNetwork: new _baseNameIndex 0
三月 16, 2015 9:58:24 上午 org.ccnx.ccn.io.CCNOutputStream flushToNetwork
信息: flush: outputting to the segmenter, baseName /ccnx.org/test/CCNNetworkTestRepo-15-03-16-09.58.16/content_3948460777857713998/=FD0550638C0AB8 basenameindex =00; 16 bytes written, holding back 0 flushing final blocks? true.
三月 16, 2015 9:58:24 上午 org.ccnx.ccn.io.CCNOutputStream flushToNetwork
信息: HEADER: CCNOutputStream: flushToNetwork: new _baseNameIndex 1
三月 16, 2015 9:58:24 上午 org.ccnx.ccn.io.CCNOutputStream close
信息: CCNOutputStream close: /ccnx.org/test/CCNNetworkTestRepo-15-03-16-09.58.16/content_3948460777857713998/=FD0550638C0AB8
三月 16, 2015 9:58:24 上午 org.ccnx.ccn.io.content.CCNNetworkObject createFlowController
信息: Created LOCALREPOSITORY flow controller, for prefix /ccnx.org/test/CCNNetworkTestRepo-15-03-16-09.58.16/content_3948460777857713998, save type LOCALREPOSITORY
三月 16, 2015 9:58:24 上午 org.ccnx.ccn.impl.CCNFlowControl addNameSpace
信息: Flow controller addNameSpace: added namespace: /ccnx.org/test/CCNNetworkTestRepo-15-03-16-09.58.16/content_3948460777857713998
三月 16, 2015 9:58:24 上午 org.ccnx.ccn.impl.security.keys.BasicKeyManager getKeyLocator
信息: getKeyLocator: returning locator NAME: /ccnx.org/Users/cb/Keys/%C1.M.K%00K=B082A16E5382FBAAA09FBE303E24E042E37E88C290E054292521DECA236523/=FD055059931000 KEY:itggagmsks2vela17tu60v29o22sdv8hgkgs1a2i991rr526p93 for key S7CCoW5TgvuqoJ++MD4k4ELjfojCkOBUKSUh3sojZSM=
三月 16, 2015 9:58:24 上午 org.ccnx.ccn.io.CCNAbstractOutputStream <init>
信息: CCNAbstractOutputStream: /ccnx.org/test/CCNNetworkTestRepo-15-03-16-09.58.16/content_3948460777857713998/=FD0550638C0C21 blocksize is 4096
三月 16, 2015 9:58:24 上午 org.ccnx.ccn.io.CCNAbstractOutputStream startWrite
信息: CCNAbstractOutputStream: startWrite -- searching for keys.
三月 16, 2015 9:58:24 上午 org.ccnx.ccn.profiles.security.access.AccessControlManager keysForOutput
信息: keysForOutput: found an acm: (null)
三月 16, 2015 9:58:24 上午 org.ccnx.ccn.impl.repo.RepositoryFlowControl startWrite
信息: RepositoryFlowControl.startWrite called for name /ccnx.org/test/CCNNetworkTestRepo-15-03-16-09.58.16/content_3948460777857713998/=FD0550638C0C21, shape STREAM
三月 16, 2015 9:58:24 上午 org.ccnx.ccn.impl.repo.RepositoryFlowControl handleContent
信息: handleContent: got potential repo message: /ccnx.org/test/CCNNetworkTestRepo-15-03-16-09.58.16/content_3948460777857713998/=FD0550638C0C21/%C1.R.sw/%C1.N%00y=2B9FD9424E3F17
三月 16, 2015 9:58:24 上午 org.ccnx.ccn.io.CCNOutputStream flushToNetwork
信息: flush: outputting to the segmenter, baseName /ccnx.org/test/CCNNetworkTestRepo-15-03-16-09.58.16/content_3948460777857713998/=FD0550638C0C21 basenameindex =00; 16 bytes written, holding back 16 flushing final blocks? false.
三月 16, 2015 9:58:24 上午 org.ccnx.ccn.io.CCNOutputStream flushToNetwork
信息: HEADER: CCNOutputStream: flushToNetwork: new _baseNameIndex 0
三月 16, 2015 9:58:24 上午 org.ccnx.ccn.io.CCNOutputStream flushToNetwork
信息: flush: outputting to the segmenter, baseName /ccnx.org/test/CCNNetworkTestRepo-15-03-16-09.58.16/content_3948460777857713998/=FD0550638C0C21 basenameindex =00; 16 bytes written, holding back 0 flushing final blocks? true.
三月 16, 2015 9:58:24 上午 org.ccnx.ccn.io.CCNOutputStream flushToNetwork
信息: HEADER: CCNOutputStream: flushToNetwork: new _baseNameIndex 1
三月 16, 2015 9:58:24 上午 org.ccnx.ccn.io.CCNOutputStream close
信息: CCNOutputStream close: /ccnx.org/test/CCNNetworkTestRepo-15-03-16-09.58.16/content_3948460777857713998/=FD0550638C0C21
三月 16, 2015 9:58:24 上午 org.ccnx.ccn.io.content.CCNNetworkObject createFlowController
信息: Created LOCALREPOSITORY flow controller, for prefix /ccnx.org/test/CCNNetworkTestRepo-15-03-16-09.58.16/content_3948460777857713998, save type LOCALREPOSITORY
三月 16, 2015 9:58:24 上午 org.ccnx.ccn.impl.CCNFlowControl addNameSpace
信息: Flow controller addNameSpace: added namespace: /ccnx.org/test/CCNNetworkTestRepo-15-03-16-09.58.16/content_3948460777857713998
三月 16, 2015 9:58:24 上午 org.ccnx.ccn.impl.security.keys.BasicKeyManager getKeyLocator
信息: getKeyLocator: returning locator NAME: /ccnx.org/Users/cb/Keys/%C1.M.K%00K=B082A16E5382FBAAA09FBE303E24E042E37E88C290E054292521DECA236523/=FD055059931000 KEY:itggagmsks2vela17tu60v29o22sdv8hgkgs1a2i991rr526p93 for key S7CCoW5TgvuqoJ++MD4k4ELjfojCkOBUKSUh3sojZSM=
三月 16, 2015 9:58:24 上午 org.ccnx.ccn.io.CCNAbstractOutputStream <init>
信息: CCNAbstractOutputStream: /ccnx.org/test/CCNNetworkTestRepo-15-03-16-09.58.16/content_3948460777857713998/=FD0550638C0D9A blocksize is 4096
三月 16, 2015 9:58:24 上午 org.ccnx.ccn.io.CCNAbstractOutputStream startWrite
信息: CCNAbstractOutputStream: startWrite -- searching for keys.
三月 16, 2015 9:58:24 上午 org.ccnx.ccn.profiles.security.access.AccessControlManager keysForOutput
信息: keysForOutput: found an acm: (null)
三月 16, 2015 9:58:24 上午 org.ccnx.ccn.impl.repo.RepositoryFlowControl startWrite
信息: RepositoryFlowControl.startWrite called for name /ccnx.org/test/CCNNetworkTestRepo-15-03-16-09.58.16/content_3948460777857713998/=FD0550638C0D9A, shape STREAM
三月 16, 2015 9:58:24 上午 org.ccnx.ccn.impl.repo.RepositoryFlowControl handleContent
信息: handleContent: got potential repo message: /ccnx.org/test/CCNNetworkTestRepo-15-03-16-09.58.16/content_3948460777857713998/=FD0550638C0D9A/%C1.R.sw/%C1.N=000B3F0D4C87B1EE24
三月 16, 2015 9:58:24 上午 org.ccnx.ccn.io.CCNOutputStream flushToNetwork
信息: flush: outputting to the segmenter, baseName /ccnx.org/test/CCNNetworkTestRepo-15-03-16-09.58.16/content_3948460777857713998/=FD0550638C0D9A basenameindex =00; 16 bytes written, holding back 16 flushing final blocks? false.
三月 16, 2015 9:58:24 上午 org.ccnx.ccn.io.CCNOutputStream flushToNetwork
信息: HEADER: CCNOutputStream: flushToNetwork: new _baseNameIndex 0
三月 16, 2015 9:58:24 上午 org.ccnx.ccn.io.CCNOutputStream flushToNetwork
信息: flush: outputting to the segmenter, baseName /ccnx.org/test/CCNNetworkTestRepo-15-03-16-09.58.16/content_3948460777857713998/=FD0550638C0D9A basenameindex =00; 16 bytes written, holding back 0 flushing final blocks? true.
三月 16, 2015 9:58:24 上午 org.ccnx.ccn.io.CCNOutputStream flushToNetwork
信息: HEADER: CCNOutputStream: flushToNetwork: new _baseNameIndex 1
三月 16, 2015 9:58:24 上午 org.ccnx.ccn.io.CCNOutputStream close
信息: CCNOutputStream close: /ccnx.org/test/CCNNetworkTestRepo-15-03-16-09.58.16/content_3948460777857713998/=FD0550638C0D9A
三月 16, 2015 9:58:24 上午 org.ccnx.ccn.io.content.CCNNetworkObject createFlowController
信息: Created LOCALREPOSITORY flow controller, for prefix /ccnx.org/test/CCNNetworkTestRepo-15-03-16-09.58.16/content_3948460777857713998, save type LOCALREPOSITORY
三月 16, 2015 9:58:24 上午 org.ccnx.ccn.impl.CCNFlowControl addNameSpace
信息: Flow controller addNameSpace: added namespace: /ccnx.org/test/CCNNetworkTestRepo-15-03-16-09.58.16/content_3948460777857713998
三月 16, 2015 9:58:24 上午 org.ccnx.ccn.impl.security.keys.BasicKeyManager getKeyLocator
信息: getKeyLocator: returning locator NAME: /ccnx.org/Users/cb/Keys/%C1.M.K%00K=B082A16E5382FBAAA09FBE303E24E042E37E88C290E054292521DECA236523/=FD055059931000 KEY:itggagmsks2vela17tu60v29o22sdv8hgkgs1a2i991rr526p93 for key S7CCoW5TgvuqoJ++MD4k4ELjfojCkOBUKSUh3sojZSM=
三月 16, 2015 9:58:24 上午 org.ccnx.ccn.io.CCNAbstractOutputStream <init>
信息: CCNAbstractOutputStream: /ccnx.org/test/CCNNetworkTestRepo-15-03-16-09.58.16/content_3948460777857713998/=FD0550638C0F33 blocksize is 4096
三月 16, 2015 9:58:24 上午 org.ccnx.ccn.io.CCNAbstractOutputStream startWrite
信息: CCNAbstractOutputStream: startWrite -- searching for keys.
三月 16, 2015 9:58:24 上午 org.ccnx.ccn.profiles.security.access.AccessControlManager keysForOutput
信息: keysForOutput: found an acm: (null)
三月 16, 2015 9:58:24 上午 org.ccnx.ccn.impl.repo.RepositoryFlowControl startWrite
信息: RepositoryFlowControl.startWrite called for name /ccnx.org/test/CCNNetworkTestRepo-15-03-16-09.58.16/content_3948460777857713998/=FD0550638C0F33, shape STREAM
三月 16, 2015 9:58:25 上午 org.ccnx.ccn.impl.repo.RepositoryFlowControl handleContent
信息: handleContent: got potential repo message: /ccnx.org/test/CCNNetworkTestRepo-15-03-16-09.58.16/content_3948460777857713998/=FD0550638C0F33/%C1.R.sw/%C1.N%00K%18R%F86=B42B29
三月 16, 2015 9:58:25 上午 org.ccnx.ccn.io.CCNOutputStream flushToNetwork
信息: flush: outputting to the segmenter, baseName /ccnx.org/test/CCNNetworkTestRepo-15-03-16-09.58.16/content_3948460777857713998/=FD0550638C0F33 basenameindex =00; 16 bytes written, holding back 16 flushing final blocks? false.
三月 16, 2015 9:58:25 上午 org.ccnx.ccn.io.CCNOutputStream flushToNetwork
信息: HEADER: CCNOutputStream: flushToNetwork: new _baseNameIndex 0
三月 16, 2015 9:58:25 上午 org.ccnx.ccn.io.CCNOutputStream flushToNetwork
信息: flush: outputting to the segmenter, baseName /ccnx.org/test/CCNNetworkTestRepo-15-03-16-09.58.16/content_3948460777857713998/=FD0550638C0F33 basenameindex =00; 16 bytes written, holding back 0 flushing final blocks? true.
三月 16, 2015 9:58:25 上午 org.ccnx.ccn.io.CCNOutputStream flushToNetwork
信息: HEADER: CCNOutputStream: flushToNetwork: new _baseNameIndex 1
三月 16, 2015 9:58:25 上午 org.ccnx.ccn.io.CCNOutputStream close
信息: CCNOutputStream close: /ccnx.org/test/CCNNetworkTestRepo-15-03-16-09.58.16/content_3948460777857713998/=FD0550638C0F33
三月 16, 2015 9:58:25 上午 org.ccnx.ccn.io.content.CCNNetworkObject createFlowController
信息: Created LOCALREPOSITORY flow controller, for prefix /ccnx.org/test/CCNNetworkTestRepo-15-03-16-09.58.16/content_3948460777857713998, save type LOCALREPOSITORY
三月 16, 2015 9:58:25 上午 org.ccnx.ccn.impl.CCNFlowControl addNameSpace
信息: Flow controller addNameSpace: added namespace: /ccnx.org/test/CCNNetworkTestRepo-15-03-16-09.58.16/content_3948460777857713998
三月 16, 2015 9:58:25 上午 org.ccnx.ccn.impl.security.keys.BasicKeyManager getKeyLocator
信息: getKeyLocator: returning locator NAME: /ccnx.org/Users/cb/Keys/%C1.M.K%00K=B082A16E5382FBAAA09FBE303E24E042E37E88C290E054292521DECA236523/=FD055059931000 KEY:itggagmsks2vela17tu60v29o22sdv8hgkgs1a2i991rr526p93 for key S7CCoW5TgvuqoJ++MD4k4ELjfojCkOBUKSUh3sojZSM=
三月 16, 2015 9:58:25 上午 org.ccnx.ccn.io.CCNAbstractOutputStream <init>
信息: CCNAbstractOutputStream: /ccnx.org/test/CCNNetworkTestRepo-15-03-16-09.58.16/content_3948460777857713998/=FD0550638C10C1 blocksize is 4096
三月 16, 2015 9:58:25 上午 org.ccnx.ccn.io.CCNAbstractOutputStream startWrite
信息: CCNAbstractOutputStream: startWrite -- searching for keys.
三月 16, 2015 9:58:25 上午 org.ccnx.ccn.profiles.security.access.AccessControlManager keysForOutput
信息: keysForOutput: found an acm: (null)
三月 16, 2015 9:58:25 上午 org.ccnx.ccn.impl.repo.RepositoryFlowControl startWrite
信息: RepositoryFlowControl.startWrite called for name /ccnx.org/test/CCNNetworkTestRepo-15-03-16-09.58.16/content_3948460777857713998/=FD0550638C10C1, shape STREAM
三月 16, 2015 9:58:25 上午 org.ccnx.ccn.impl.repo.RepositoryFlowControl handleContent
信息: handleContent: got potential repo message: /ccnx.org/test/CCNNetworkTestRepo-15-03-16-09.58.16/content_3948460777857713998/=FD0550638C10C1/%C1.R.sw/%C1.N=0095CE9E7DED62C46F
三月 16, 2015 9:58:25 上午 org.ccnx.ccn.io.CCNOutputStream flushToNetwork
信息: flush: outputting to the segmenter, baseName /ccnx.org/test/CCNNetworkTestRepo-15-03-16-09.58.16/content_3948460777857713998/=FD0550638C10C1 basenameindex =00; 16 bytes written, holding back 16 flushing final blocks? false.
三月 16, 2015 9:58:25 上午 org.ccnx.ccn.io.CCNOutputStream flushToNetwork
信息: HEADER: CCNOutputStream: flushToNetwork: new _baseNameIndex 0
三月 16, 2015 9:58:25 上午 org.ccnx.ccn.io.CCNOutputStream flushToNetwork
信息: flush: outputting to the segmenter, baseName /ccnx.org/test/CCNNetworkTestRepo-15-03-16-09.58.16/content_3948460777857713998/=FD0550638C10C1 basenameindex =00; 16 bytes written, holding back 0 flushing final blocks? true.
三月 16, 2015 9:58:25 上午 org.ccnx.ccn.io.CCNOutputStream flushToNetwork
信息: HEADER: CCNOutputStream: flushToNetwork: new _baseNameIndex 1
三月 16, 2015 9:58:25 上午 org.ccnx.ccn.io.CCNOutputStream close
信息: CCNOutputStream close: /ccnx.org/test/CCNNetworkTestRepo-15-03-16-09.58.16/content_3948460777857713998/=FD0550638C10C1
三月 16, 2015 9:58:25 上午 org.ccnx.ccn.io.content.CCNNetworkObject createFlowController
信息: Created LOCALREPOSITORY flow controller, for prefix /ccnx.org/test/CCNNetworkTestRepo-15-03-16-09.58.16/content_3948460777857713998, save type LOCALREPOSITORY
三月 16, 2015 9:58:25 上午 org.ccnx.ccn.impl.CCNFlowControl addNameSpace
信息: Flow controller addNameSpace: added namespace: /ccnx.org/test/CCNNetworkTestRepo-15-03-16-09.58.16/content_3948460777857713998
三月 16, 2015 9:58:25 上午 org.ccnx.ccn.impl.security.keys.BasicKeyManager getKeyLocator
信息: getKeyLocator: returning locator NAME: /ccnx.org/Users/cb/Keys/%C1.M.K%00K=B082A16E5382FBAAA09FBE303E24E042E37E88C290E054292521DECA236523/=FD055059931000 KEY:itggagmsks2vela17tu60v29o22sdv8hgkgs1a2i991rr526p93 for key S7CCoW5TgvuqoJ++MD4k4ELjfojCkOBUKSUh3sojZSM=
三月 16, 2015 9:58:25 上午 org.ccnx.ccn.io.CCNAbstractOutputStream <init>
信息: CCNAbstractOutputStream: /ccnx.org/test/CCNNetworkTestRepo-15-03-16-09.58.16/content_3948460777857713998/=FD0550638C124A blocksize is 4096
三月 16, 2015 9:58:25 上午 org.ccnx.ccn.io.CCNAbstractOutputStream startWrite
信息: CCNAbstractOutputStream: startWrite -- searching for keys.
三月 16, 2015 9:58:25 上午 org.ccnx.ccn.profiles.security.access.AccessControlManager keysForOutput
信息: keysForOutput: found an acm: (null)
三月 16, 2015 9:58:25 上午 org.ccnx.ccn.impl.repo.RepositoryFlowControl startWrite
信息: RepositoryFlowControl.startWrite called for name /ccnx.org/test/CCNNetworkTestRepo-15-03-16-09.58.16/content_3948460777857713998/=FD0550638C124A, shape STREAM
三月 16, 2015 9:58:25 上午 org.ccnx.ccn.impl.repo.RepositoryFlowControl handleContent
信息: handleContent: got potential repo message: /ccnx.org/test/CCNNetworkTestRepo-15-03-16-09.58.16/content_3948460777857713998/=FD0550638C124A/%C1.R.sw/%C1.N=0009BDAAF85F88BD60
三月 16, 2015 9:58:25 上午 org.ccnx.ccn.io.CCNOutputStream flushToNetwork
信息: flush: outputting to the segmenter, baseName /ccnx.org/test/CCNNetworkTestRepo-15-03-16-09.58.16/content_3948460777857713998/=FD0550638C124A basenameindex =00; 16 bytes written, holding back 16 flushing final blocks? false.
三月 16, 2015 9:58:25 上午 org.ccnx.ccn.io.CCNOutputStream flushToNetwork
信息: HEADER: CCNOutputStream: flushToNetwork: new _baseNameIndex 0
三月 16, 2015 9:58:25 上午 org.ccnx.ccn.io.CCNOutputStream flushToNetwork
信息: flush: outputting to the segmenter, baseName /ccnx.org/test/CCNNetworkTestRepo-15-03-16-09.58.16/content_3948460777857713998/=FD0550638C124A basenameindex =00; 16 bytes written, holding back 0 flushing final blocks? true.
三月 16, 2015 9:58:25 上午 org.ccnx.ccn.io.CCNOutputStream flushToNetwork
信息: HEADER: CCNOutputStream: flushToNetwork: new _baseNameIndex 1
三月 16, 2015 9:58:25 上午 org.ccnx.ccn.io.CCNOutputStream close
信息: CCNOutputStream close: /ccnx.org/test/CCNNetworkTestRepo-15-03-16-09.58.16/content_3948460777857713998/=FD0550638C124A
三月 16, 2015 9:58:25 上午 org.ccnx.ccn.io.content.CCNNetworkObject createFlowController
信息: Created LOCALREPOSITORY flow controller, for prefix /ccnx.org/test/CCNNetworkTestRepo-15-03-16-09.58.16/content_3948460777857713998, save type LOCALREPOSITORY
三月 16, 2015 9:58:25 上午 org.ccnx.ccn.impl.CCNFlowControl addNameSpace
信息: Flow controller addNameSpace: added namespace: /ccnx.org/test/CCNNetworkTestRepo-15-03-16-09.58.16/content_3948460777857713998
三月 16, 2015 9:58:25 上午 org.ccnx.ccn.impl.security.keys.BasicKeyManager getKeyLocator
信息: getKeyLocator: returning locator NAME: /ccnx.org/Users/cb/Keys/%C1.M.K%00K=B082A16E5382FBAAA09FBE303E24E042E37E88C290E054292521DECA236523/=FD055059931000 KEY:itggagmsks2vela17tu60v29o22sdv8hgkgs1a2i991rr526p93 for key S7CCoW5TgvuqoJ++MD4k4ELjfojCkOBUKSUh3sojZSM=
三月 16, 2015 9:58:25 上午 org.ccnx.ccn.io.CCNAbstractOutputStream <init>
信息: CCNAbstractOutputStream: /ccnx.org/test/CCNNetworkTestRepo-15-03-16-09.58.16/content_3948460777857713998/=FD0550638C13D3 blocksize is 4096
三月 16, 2015 9:58:25 上午 org.ccnx.ccn.io.CCNAbstractOutputStream startWrite
信息: CCNAbstractOutputStream: startWrite -- searching for keys.
三月 16, 2015 9:58:25 上午 org.ccnx.ccn.profiles.security.access.AccessControlManager keysForOutput
信息: keysForOutput: found an acm: (null)
三月 16, 2015 9:58:25 上午 org.ccnx.ccn.impl.repo.RepositoryFlowControl startWrite
信息: RepositoryFlowControl.startWrite called for name /ccnx.org/test/CCNNetworkTestRepo-15-03-16-09.58.16/content_3948460777857713998/=FD0550638C13D3, shape STREAM
三月 16, 2015 9:58:25 上午 org.ccnx.ccn.impl.repo.RepositoryFlowControl handleContent
信息: handleContent: got potential repo message: /ccnx.org/test/CCNNetworkTestRepo-15-03-16-09.58.16/content_3948460777857713998/=FD0550638C13D3/%C1.R.sw/%C1.N=00183C50A64D2CC2DD
三月 16, 2015 9:58:25 上午 org.ccnx.ccn.io.CCNOutputStream flushToNetwork
信息: flush: outputting to the segmenter, baseName /ccnx.org/test/CCNNetworkTestRepo-15-03-16-09.58.16/content_3948460777857713998/=FD0550638C13D3 basenameindex =00; 16 bytes written, holding back 16 flushing final blocks? false.
三月 16, 2015 9:58:25 上午 org.ccnx.ccn.io.CCNOutputStream flushToNetwork
信息: HEADER: CCNOutputStream: flushToNetwork: new _baseNameIndex 0
三月 16, 2015 9:58:25 上午 org.ccnx.ccn.io.CCNOutputStream flushToNetwork
信息: flush: outputting to the segmenter, baseName /ccnx.org/test/CCNNetworkTestRepo-15-03-16-09.58.16/content_3948460777857713998/=FD0550638C13D3 basenameindex =00; 16 bytes written, holding back 0 flushing final blocks? true.
三月 16, 2015 9:58:25 上午 org.ccnx.ccn.io.CCNOutputStream flushToNetwork
信息: HEADER: CCNOutputStream: flushToNetwork: new _baseNameIndex 1
三月 16, 2015 9:58:25 上午 org.ccnx.ccn.io.CCNOutputStream close
信息: CCNOutputStream close: /ccnx.org/test/CCNNetworkTestRepo-15-03-16-09.58.16/content_3948460777857713998/=FD0550638C13D3
三月 16, 2015 9:58:25 上午 org.ccnx.ccn.io.content.CCNNetworkObject createFlowController
信息: Created LOCALREPOSITORY flow controller, for prefix /ccnx.org/test/CCNNetworkTestRepo-15-03-16-09.58.16/content_3948460777857713998, save type LOCALREPOSITORY
三月 16, 2015 9:58:25 上午 org.ccnx.ccn.impl.CCNFlowControl addNameSpace
信息: Flow controller addNameSpace: added namespace: /ccnx.org/test/CCNNetworkTestRepo-15-03-16-09.58.16/content_3948460777857713998
三月 16, 2015 9:58:25 上午 org.ccnx.ccn.impl.security.keys.BasicKeyManager getKeyLocator
信息: getKeyLocator: returning locator NAME: /ccnx.org/Users/cb/Keys/%C1.M.K%00K=B082A16E5382FBAAA09FBE303E24E042E37E88C290E054292521DECA236523/=FD055059931000 KEY:itggagmsks2vela17tu60v29o22sdv8hgkgs1a2i991rr526p93 for key S7CCoW5TgvuqoJ++MD4k4ELjfojCkOBUKSUh3sojZSM=
三月 16, 2015 9:58:25 上午 org.ccnx.ccn.io.CCNAbstractOutputStream <init>
信息: CCNAbstractOutputStream: /ccnx.org/test/CCNNetworkTestRepo-15-03-16-09.58.16/content_3948460777857713998/=FD0550638C154C blocksize is 4096
三月 16, 2015 9:58:25 上午 org.ccnx.ccn.io.CCNAbstractOutputStream startWrite
信息: CCNAbstractOutputStream: startWrite -- searching for keys.
三月 16, 2015 9:58:25 上午 org.ccnx.ccn.profiles.security.access.AccessControlManager keysForOutput
信息: keysForOutput: found an acm: (null)
三月 16, 2015 9:58:25 上午 org.ccnx.ccn.impl.repo.RepositoryFlowControl startWrite
信息: RepositoryFlowControl.startWrite called for name /ccnx.org/test/CCNNetworkTestRepo-15-03-16-09.58.16/content_3948460777857713998/=FD0550638C154C, shape STREAM
三月 16, 2015 9:58:25 上午 org.ccnx.ccn.impl.repo.RepositoryFlowControl handleContent
信息: handleContent: got potential repo message: /ccnx.org/test/CCNNetworkTestRepo-15-03-16-09.58.16/content_3948460777857713998/=FD0550638C154C/%C1.R.sw/%C1.N=00D42AC01B6987102F
三月 16, 2015 9:58:25 上午 org.ccnx.ccn.io.CCNOutputStream flushToNetwork
信息: flush: outputting to the segmenter, baseName /ccnx.org/test/CCNNetworkTestRepo-15-03-16-09.58.16/content_3948460777857713998/=FD0550638C154C basenameindex =00; 16 bytes written, holding back 16 flushing final blocks? false.
三月 16, 2015 9:58:25 上午 org.ccnx.ccn.io.CCNOutputStream flushToNetwork
信息: HEADER: CCNOutputStream: flushToNetwork: new _baseNameIndex 0
三月 16, 2015 9:58:25 上午 org.ccnx.ccn.io.CCNOutputStream flushToNetwork
信息: flush: outputting to the segmenter, baseName /ccnx.org/test/CCNNetworkTestRepo-15-03-16-09.58.16/content_3948460777857713998/=FD0550638C154C basenameindex =00; 16 bytes written, holding back 0 flushing final blocks? true.
三月 16, 2015 9:58:25 上午 org.ccnx.ccn.io.CCNOutputStream flushToNetwork
信息: HEADER: CCNOutputStream: flushToNetwork: new _baseNameIndex 1
三月 16, 2015 9:58:25 上午 org.ccnx.ccn.io.CCNOutputStream close
信息: CCNOutputStream close: /ccnx.org/test/CCNNetworkTestRepo-15-03-16-09.58.16/content_3948460777857713998/=FD0550638C154C
三月 16, 2015 9:58:25 上午 org.ccnx.ccn.io.content.CCNNetworkObject createFlowController
信息: Created LOCALREPOSITORY flow controller, for prefix /ccnx.org/test/CCNNetworkTestRepo-15-03-16-09.58.16/content_3948460777857713998, save type LOCALREPOSITORY
三月 16, 2015 9:58:25 上午 org.ccnx.ccn.impl.CCNFlowControl addNameSpace
信息: Flow controller addNameSpace: added namespace: /ccnx.org/test/CCNNetworkTestRepo-15-03-16-09.58.16/content_3948460777857713998
三月 16, 2015 9:58:25 上午 org.ccnx.ccn.impl.security.keys.BasicKeyManager getKeyLocator
信息: getKeyLocator: returning locator NAME: /ccnx.org/Users/cb/Keys/%C1.M.K%00K=B082A16E5382FBAAA09FBE303E24E042E37E88C290E054292521DECA236523/=FD055059931000 KEY:itggagmsks2vela17tu60v29o22sdv8hgkgs1a2i991rr526p93 for key S7CCoW5TgvuqoJ++MD4k4ELjfojCkOBUKSUh3sojZSM=
三月 16, 2015 9:58:25 上午 org.ccnx.ccn.io.CCNAbstractOutputStream <init>
信息: CCNAbstractOutputStream: /ccnx.org/test/CCNNetworkTestRepo-15-03-16-09.58.16/content_3948460777857713998/=FD0550638C16D1 blocksize is 4096
三月 16, 2015 9:58:25 上午 org.ccnx.ccn.io.CCNAbstractOutputStream startWrite
信息: CCNAbstractOutputStream: startWrite -- searching for keys.
三月 16, 2015 9:58:25 上午 org.ccnx.ccn.profiles.security.access.AccessControlManager keysForOutput
信息: keysForOutput: found an acm: (null)
三月 16, 2015 9:58:25 上午 org.ccnx.ccn.impl.repo.RepositoryFlowControl startWrite
信息: RepositoryFlowControl.startWrite called for name /ccnx.org/test/CCNNetworkTestRepo-15-03-16-09.58.16/content_3948460777857713998/=FD0550638C16D1, shape STREAM
三月 16, 2015 9:58:25 上午 org.ccnx.ccn.impl.repo.RepositoryFlowControl handleContent
信息: handleContent: got potential repo message: /ccnx.org/test/CCNNetworkTestRepo-15-03-16-09.58.16/content_3948460777857713998/=FD0550638C16D1/%C1.R.sw/%C1.N=000B628E2B78B1CCB9
三月 16, 2015 9:58:25 上午 org.ccnx.ccn.io.CCNOutputStream flushToNetwork
信息: flush: outputting to the segmenter, baseName /ccnx.org/test/CCNNetworkTestRepo-15-03-16-09.58.16/content_3948460777857713998/=FD0550638C16D1 basenameindex =00; 16 bytes written, holding back 16 flushing final blocks? false.
三月 16, 2015 9:58:25 上午 org.ccnx.ccn.io.CCNOutputStream flushToNetwork
信息: HEADER: CCNOutputStream: flushToNetwork: new _baseNameIndex 0
三月 16, 2015 9:58:25 上午 org.ccnx.ccn.io.CCNOutputStream flushToNetwork
信息: flush: outputting to the segmenter, baseName /ccnx.org/test/CCNNetworkTestRepo-15-03-16-09.58.16/content_3948460777857713998/=FD0550638C16D1 basenameindex =00; 16 bytes written, holding back 0 flushing final blocks? true.
三月 16, 2015 9:58:25 上午 org.ccnx.ccn.io.CCNOutputStream flushToNetwork
信息: HEADER: CCNOutputStream: flushToNetwork: new _baseNameIndex 1
三月 16, 2015 9:58:25 上午 org.ccnx.ccn.io.CCNOutputStream close
信息: CCNOutputStream close: /ccnx.org/test/CCNNetworkTestRepo-15-03-16-09.58.16/content_3948460777857713998/=FD0550638C16D1
三月 16, 2015 9:58:25 上午 org.ccnx.ccn.io.content.CCNNetworkObject createFlowController
信息: Created LOCALREPOSITORY flow controller, for prefix /ccnx.org/test/CCNNetworkTestRepo-15-03-16-09.58.16/content_3948460777857713998, save type LOCALREPOSITORY
三月 16, 2015 9:58:25 上午 org.ccnx.ccn.impl.CCNFlowControl addNameSpace
信息: Flow controller addNameSpace: added namespace: /ccnx.org/test/CCNNetworkTestRepo-15-03-16-09.58.16/content_3948460777857713998
三月 16, 2015 9:58:25 上午 org.ccnx.ccn.impl.security.keys.BasicKeyManager getKeyLocator
信息: getKeyLocator: returning locator NAME: /ccnx.org/Users/cb/Keys/%C1.M.K%00K=B082A16E5382FBAAA09FBE303E24E042E37E88C290E054292521DECA236523/=FD055059931000 KEY:itggagmsks2vela17tu60v29o22sdv8hgkgs1a2i991rr526p93 for key S7CCoW5TgvuqoJ++MD4k4ELjfojCkOBUKSUh3sojZSM=
三月 16, 2015 9:58:25 上午 org.ccnx.ccn.io.CCNAbstractOutputStream <init>
信息: CCNAbstractOutputStream: /ccnx.org/test/CCNNetworkTestRepo-15-03-16-09.58.16/content_3948460777857713998/=FD0550638C1839 blocksize is 4096
三月 16, 2015 9:58:25 上午 org.ccnx.ccn.io.CCNAbstractOutputStream startWrite
信息: CCNAbstractOutputStream: startWrite -- searching for keys.
三月 16, 2015 9:58:25 上午 org.ccnx.ccn.profiles.security.access.AccessControlManager keysForOutput
信息: keysForOutput: found an acm: (null)
三月 16, 2015 9:58:25 上午 org.ccnx.ccn.impl.repo.RepositoryFlowControl startWrite
信息: RepositoryFlowControl.startWrite called for name /ccnx.org/test/CCNNetworkTestRepo-15-03-16-09.58.16/content_3948460777857713998/=FD0550638C1839, shape STREAM
三月 16, 2015 9:58:25 上午 org.ccnx.ccn.impl.repo.RepositoryFlowControl handleContent
信息: handleContent: got potential repo message: /ccnx.org/test/CCNNetworkTestRepo-15-03-16-09.58.16/content_3948460777857713998/=FD0550638C1839/%C1.R.sw/%C1.N=007B0EB8F96B91B379
三月 16, 2015 9:58:25 上午 org.ccnx.ccn.io.CCNOutputStream flushToNetwork
信息: flush: outputting to the segmenter, baseName /ccnx.org/test/CCNNetworkTestRepo-15-03-16-09.58.16/content_3948460777857713998/=FD0550638C1839 basenameindex =00; 16 bytes written, holding back 16 flushing final blocks? false.
三月 16, 2015 9:58:25 上午 org.ccnx.ccn.io.CCNOutputStream flushToNetwork
信息: HEADER: CCNOutputStream: flushToNetwork: new _baseNameIndex 0
三月 16, 2015 9:58:25 上午 org.ccnx.ccn.io.CCNOutputStream flushToNetwork
信息: flush: outputting to the segmenter, baseName /ccnx.org/test/CCNNetworkTestRepo-15-03-16-09.58.16/content_3948460777857713998/=FD0550638C1839 basenameindex =00; 16 bytes written, holding back 0 flushing final blocks? true.
三月 16, 2015 9:58:25 上午 org.ccnx.ccn.io.CCNOutputStream flushToNetwork
信息: HEADER: CCNOutputStream: flushToNetwork: new _baseNameIndex 1
三月 16, 2015 9:58:25 上午 org.ccnx.ccn.io.CCNOutputStream close
信息: CCNOutputStream close: /ccnx.org/test/CCNNetworkTestRepo-15-03-16-09.58.16/content_3948460777857713998/=FD0550638C1839
三月 16, 2015 9:58:25 上午 org.ccnx.ccn.io.content.CCNNetworkObject createFlowController
信息: Created LOCALREPOSITORY flow controller, for prefix /ccnx.org/test/CCNNetworkTestRepo-15-03-16-09.58.16/content_3948460777857713998, save type LOCALREPOSITORY
三月 16, 2015 9:58:25 上午 org.ccnx.ccn.impl.CCNFlowControl addNameSpace
信息: Flow controller addNameSpace: added namespace: /ccnx.org/test/CCNNetworkTestRepo-15-03-16-09.58.16/content_3948460777857713998
三月 16, 2015 9:58:25 上午 org.ccnx.ccn.impl.security.keys.BasicKeyManager getKeyLocator
信息: getKeyLocator: returning locator NAME: /ccnx.org/Users/cb/Keys/%C1.M.K%00K=B082A16E5382FBAAA09FBE303E24E042E37E88C290E054292521DECA236523/=FD055059931000 KEY:itggagmsks2vela17tu60v29o22sdv8hgkgs1a2i991rr526p93 for key S7CCoW5TgvuqoJ++MD4k4ELjfojCkOBUKSUh3sojZSM=
三月 16, 2015 9:58:25 上午 org.ccnx.ccn.io.CCNAbstractOutputStream <init>
信息: CCNAbstractOutputStream: /ccnx.org/test/CCNNetworkTestRepo-15-03-16-09.58.16/content_3948460777857713998/=FD0550638C19AE blocksize is 4096
三月 16, 2015 9:58:25 上午 org.ccnx.ccn.io.CCNAbstractOutputStream startWrite
信息: CCNAbstractOutputStream: startWrite -- searching for keys.
三月 16, 2015 9:58:25 上午 org.ccnx.ccn.profiles.security.access.AccessControlManager keysForOutput
信息: keysForOutput: found an acm: (null)
三月 16, 2015 9:58:25 上午 org.ccnx.ccn.impl.repo.RepositoryFlowControl startWrite
信息: RepositoryFlowControl.startWrite called for name /ccnx.org/test/CCNNetworkTestRepo-15-03-16-09.58.16/content_3948460777857713998/=FD0550638C19AE, shape STREAM
三月 16, 2015 9:58:25 上午 org.ccnx.ccn.impl.repo.RepositoryFlowControl handleContent
信息: handleContent: got potential repo message: /ccnx.org/test/CCNNetworkTestRepo-15-03-16-09.58.16/content_3948460777857713998/=FD0550638C19AE/%C1.R.sw/%C1.N=009FA4108353433C8E
三月 16, 2015 9:58:25 上午 org.ccnx.ccn.io.CCNOutputStream flushToNetwork
信息: flush: outputting to the segmenter, baseName /ccnx.org/test/CCNNetworkTestRepo-15-03-16-09.58.16/content_3948460777857713998/=FD0550638C19AE basenameindex =00; 16 bytes written, holding back 16 flushing final blocks? false.
三月 16, 2015 9:58:25 上午 org.ccnx.ccn.io.CCNOutputStream flushToNetwork
信息: HEADER: CCNOutputStream: flushToNetwork: new _baseNameIndex 0
三月 16, 2015 9:58:25 上午 org.ccnx.ccn.io.CCNOutputStream flushToNetwork
信息: flush: outputting to the segmenter, baseName /ccnx.org/test/CCNNetworkTestRepo-15-03-16-09.58.16/content_3948460777857713998/=FD0550638C19AE basenameindex =00; 16 bytes written, holding back 0 flushing final blocks? true.
三月 16, 2015 9:58:25 上午 org.ccnx.ccn.io.CCNOutputStream flushToNetwork
信息: HEADER: CCNOutputStream: flushToNetwork: new _baseNameIndex 1
三月 16, 2015 9:58:25 上午 org.ccnx.ccn.io.CCNOutputStream close
信息: CCNOutputStream close: /ccnx.org/test/CCNNetworkTestRepo-15-03-16-09.58.16/content_3948460777857713998/=FD0550638C19AE
三月 16, 2015 9:58:25 上午 org.ccnx.ccn.io.content.CCNNetworkObject createFlowController
信息: Created LOCALREPOSITORY flow controller, for prefix /ccnx.org/test/CCNNetworkTestRepo-15-03-16-09.58.16/content_3948460777857713998, save type LOCALREPOSITORY
三月 16, 2015 9:58:25 上午 org.ccnx.ccn.impl.CCNFlowControl addNameSpace
信息: Flow controller addNameSpace: added namespace: /ccnx.org/test/CCNNetworkTestRepo-15-03-16-09.58.16/content_3948460777857713998
三月 16, 2015 9:58:25 上午 org.ccnx.ccn.impl.security.keys.BasicKeyManager getKeyLocator
信息: getKeyLocator: returning locator NAME: /ccnx.org/Users/cb/Keys/%C1.M.K%00K=B082A16E5382FBAAA09FBE303E24E042E37E88C290E054292521DECA236523/=FD055059931000 KEY:itggagmsks2vela17tu60v29o22sdv8hgkgs1a2i991rr526p93 for key S7CCoW5TgvuqoJ++MD4k4ELjfojCkOBUKSUh3sojZSM=
三月 16, 2015 9:58:25 上午 org.ccnx.ccn.io.CCNAbstractOutputStream <init>
信息: CCNAbstractOutputStream: /ccnx.org/test/CCNNetworkTestRepo-15-03-16-09.58.16/content_3948460777857713998/=FD0550638C1B3B blocksize is 4096
三月 16, 2015 9:58:25 上午 org.ccnx.ccn.io.CCNAbstractOutputStream startWrite
信息: CCNAbstractOutputStream: startWrite -- searching for keys.
三月 16, 2015 9:58:25 上午 org.ccnx.ccn.profiles.security.access.AccessControlManager keysForOutput
信息: keysForOutput: found an acm: (null)
三月 16, 2015 9:58:25 上午 org.ccnx.ccn.impl.repo.RepositoryFlowControl startWrite
信息: RepositoryFlowControl.startWrite called for name /ccnx.org/test/CCNNetworkTestRepo-15-03-16-09.58.16/content_3948460777857713998/=FD0550638C1B3B, shape STREAM
三月 16, 2015 9:58:25 上午 org.ccnx.ccn.impl.repo.RepositoryFlowControl handleContent
信息: handleContent: got potential repo message: /ccnx.org/test/CCNNetworkTestRepo-15-03-16-09.58.16/content_3948460777857713998/=FD0550638C1B3B/%C1.R.sw/%C1.N=00E8F7A37A4C4E02D6
三月 16, 2015 9:58:25 上午 org.ccnx.ccn.io.CCNOutputStream flushToNetwork
信息: flush: outputting to the segmenter, baseName /ccnx.org/test/CCNNetworkTestRepo-15-03-16-09.58.16/content_3948460777857713998/=FD0550638C1B3B basenameindex =00; 16 bytes written, holding back 16 flushing final blocks? false.
三月 16, 2015 9:58:25 上午 org.ccnx.ccn.io.CCNOutputStream flushToNetwork
信息: HEADER: CCNOutputStream: flushToNetwork: new _baseNameIndex 0
三月 16, 2015 9:58:25 上午 org.ccnx.ccn.io.CCNOutputStream flushToNetwork
信息: flush: outputting to the segmenter, baseName /ccnx.org/test/CCNNetworkTestRepo-15-03-16-09.58.16/content_3948460777857713998/=FD0550638C1B3B basenameindex =00; 16 bytes written, holding back 0 flushing final blocks? true.
三月 16, 2015 9:58:25 上午 org.ccnx.ccn.io.CCNOutputStream flushToNetwork
信息: HEADER: CCNOutputStream: flushToNetwork: new _baseNameIndex 1
三月 16, 2015 9:58:25 上午 org.ccnx.ccn.io.CCNOutputStream close
信息: CCNOutputStream close: /ccnx.org/test/CCNNetworkTestRepo-15-03-16-09.58.16/content_3948460777857713998/=FD0550638C1B3B
三月 16, 2015 9:58:25 上午 org.ccnx.ccn.io.content.CCNNetworkObject createFlowController
信息: Created LOCALREPOSITORY flow controller, for prefix /ccnx.org/test/CCNNetworkTestRepo-15-03-16-09.58.16/content_3948460777857713998, save type LOCALREPOSITORY
三月 16, 2015 9:58:25 上午 org.ccnx.ccn.impl.CCNFlowControl addNameSpace
信息: Flow controller addNameSpace: added namespace: /ccnx.org/test/CCNNetworkTestRepo-15-03-16-09.58.16/content_3948460777857713998
三月 16, 2015 9:58:25 上午 org.ccnx.ccn.impl.security.keys.BasicKeyManager getKeyLocator
信息: getKeyLocator: returning locator NAME: /ccnx.org/Users/cb/Keys/%C1.M.K%00K=B082A16E5382FBAAA09FBE303E24E042E37E88C290E054292521DECA236523/=FD055059931000 KEY:itggagmsks2vela17tu60v29o22sdv8hgkgs1a2i991rr526p93 for key S7CCoW5TgvuqoJ++MD4k4ELjfojCkOBUKSUh3sojZSM=
三月 16, 2015 9:58:25 上午 org.ccnx.ccn.io.CCNAbstractOutputStream <init>
信息: CCNAbstractOutputStream: /ccnx.org/test/CCNNetworkTestRepo-15-03-16-09.58.16/content_3948460777857713998/=FD0550638C1CC5 blocksize is 4096
三月 16, 2015 9:58:25 上午 org.ccnx.ccn.io.CCNAbstractOutputStream startWrite
信息: CCNAbstractOutputStream: startWrite -- searching for keys.
三月 16, 2015 9:58:25 上午 org.ccnx.ccn.profiles.security.access.AccessControlManager keysForOutput
信息: keysForOutput: found an acm: (null)
三月 16, 2015 9:58:25 上午 org.ccnx.ccn.impl.repo.RepositoryFlowControl startWrite
信息: RepositoryFlowControl.startWrite called for name /ccnx.org/test/CCNNetworkTestRepo-15-03-16-09.58.16/content_3948460777857713998/=FD0550638C1CC5, shape STREAM
三月 16, 2015 9:58:25 上午 org.ccnx.ccn.impl.repo.RepositoryFlowControl handleContent
信息: handleContent: got potential repo message: /ccnx.org/test/CCNNetworkTestRepo-15-03-16-09.58.16/content_3948460777857713998/=FD0550638C1CC5/%C1.R.sw/%C1.N%00Y=C8E545DD348DF2
三月 16, 2015 9:58:25 上午 org.ccnx.ccn.io.CCNOutputStream flushToNetwork
信息: flush: outputting to the segmenter, baseName /ccnx.org/test/CCNNetworkTestRepo-15-03-16-09.58.16/content_3948460777857713998/=FD0550638C1CC5 basenameindex =00; 16 bytes written, holding back 16 flushing final blocks? false.
三月 16, 2015 9:58:25 上午 org.ccnx.ccn.io.CCNOutputStream flushToNetwork
信息: HEADER: CCNOutputStream: flushToNetwork: new _baseNameIndex 0
三月 16, 2015 9:58:25 上午 org.ccnx.ccn.io.CCNOutputStream flushToNetwork
信息: flush: outputting to the segmenter, baseName /ccnx.org/test/CCNNetworkTestRepo-15-03-16-09.58.16/content_3948460777857713998/=FD0550638C1CC5 basenameindex =00; 16 bytes written, holding back 0 flushing final blocks? true.
三月 16, 2015 9:58:25 上午 org.ccnx.ccn.io.CCNOutputStream flushToNetwork
信息: HEADER: CCNOutputStream: flushToNetwork: new _baseNameIndex 1
三月 16, 2015 9:58:25 上午 org.ccnx.ccn.io.CCNOutputStream close
信息: CCNOutputStream close: /ccnx.org/test/CCNNetworkTestRepo-15-03-16-09.58.16/content_3948460777857713998/=FD0550638C1CC5
三月 16, 2015 9:58:25 上午 org.ccnx.ccn.io.content.CCNNetworkObject createFlowController
信息: Created LOCALREPOSITORY flow controller, for prefix /ccnx.org/test/CCNNetworkTestRepo-15-03-16-09.58.16/content_3948460777857713998, save type LOCALREPOSITORY
三月 16, 2015 9:58:25 上午 org.ccnx.ccn.impl.CCNFlowControl addNameSpace
信息: Flow controller addNameSpace: added namespace: /ccnx.org/test/CCNNetworkTestRepo-15-03-16-09.58.16/content_3948460777857713998
三月 16, 2015 9:58:25 上午 org.ccnx.ccn.impl.security.keys.BasicKeyManager getKeyLocator
信息: getKeyLocator: returning locator NAME: /ccnx.org/Users/cb/Keys/%C1.M.K%00K=B082A16E5382FBAAA09FBE303E24E042E37E88C290E054292521DECA236523/=FD055059931000 KEY:itggagmsks2vela17tu60v29o22sdv8hgkgs1a2i991rr526p93 for key S7CCoW5TgvuqoJ++MD4k4ELjfojCkOBUKSUh3sojZSM=
三月 16, 2015 9:58:25 上午 org.ccnx.ccn.io.CCNAbstractOutputStream <init>
信息: CCNAbstractOutputStream: /ccnx.org/test/CCNNetworkTestRepo-15-03-16-09.58.16/content_3948460777857713998/=FD0550638C1E4E blocksize is 4096
三月 16, 2015 9:58:25 上午 org.ccnx.ccn.io.CCNAbstractOutputStream startWrite
信息: CCNAbstractOutputStream: startWrite -- searching for keys.
三月 16, 2015 9:58:25 上午 org.ccnx.ccn.profiles.security.access.AccessControlManager keysForOutput
信息: keysForOutput: found an acm: (null)
三月 16, 2015 9:58:25 上午 org.ccnx.ccn.impl.repo.RepositoryFlowControl startWrite
信息: RepositoryFlowControl.startWrite called for name /ccnx.org/test/CCNNetworkTestRepo-15-03-16-09.58.16/content_3948460777857713998/=FD0550638C1E4E, shape STREAM
三月 16, 2015 9:58:25 上午 org.ccnx.ccn.impl.repo.RepositoryFlowControl handleContent
信息: handleContent: got potential repo message: /ccnx.org/test/CCNNetworkTestRepo-15-03-16-09.58.16/content_3948460777857713998/=FD0550638C1E4E/%C1.R.sw/%C1.N=00DD24A7AE62344A7B
三月 16, 2015 9:58:25 上午 org.ccnx.ccn.io.CCNOutputStream flushToNetwork
信息: flush: outputting to the segmenter, baseName /ccnx.org/test/CCNNetworkTestRepo-15-03-16-09.58.16/content_3948460777857713998/=FD0550638C1E4E basenameindex =00; 16 bytes written, holding back 16 flushing final blocks? false.
三月 16, 2015 9:58:25 上午 org.ccnx.ccn.io.CCNOutputStream flushToNetwork
信息: HEADER: CCNOutputStream: flushToNetwork: new _baseNameIndex 0
三月 16, 2015 9:58:25 上午 org.ccnx.ccn.io.CCNOutputStream flushToNetwork
信息: flush: outputting to the segmenter, baseName /ccnx.org/test/CCNNetworkTestRepo-15-03-16-09.58.16/content_3948460777857713998/=FD0550638C1E4E basenameindex =00; 16 bytes written, holding back 0 flushing final blocks? true.
三月 16, 2015 9:58:25 上午 org.ccnx.ccn.io.CCNOutputStream flushToNetwork
信息: HEADER: CCNOutputStream: flushToNetwork: new _baseNameIndex 1
三月 16, 2015 9:58:25 上午 org.ccnx.ccn.io.CCNOutputStream close
信息: CCNOutputStream close: /ccnx.org/test/CCNNetworkTestRepo-15-03-16-09.58.16/content_3948460777857713998/=FD0550638C1E4E
三月 16, 2015 9:58:25 上午 org.ccnx.ccn.io.content.CCNNetworkObject createFlowController
信息: Created LOCALREPOSITORY flow controller, for prefix /ccnx.org/test/CCNNetworkTestRepo-15-03-16-09.58.16/content_3948460777857713998, save type LOCALREPOSITORY
三月 16, 2015 9:58:26 上午 org.ccnx.ccn.impl.CCNFlowControl addNameSpace
信息: Flow controller addNameSpace: added namespace: /ccnx.org/test/CCNNetworkTestRepo-15-03-16-09.58.16/content_3948460777857713998
三月 16, 2015 9:58:26 上午 org.ccnx.ccn.impl.security.keys.BasicKeyManager getKeyLocator
信息: getKeyLocator: returning locator NAME: /ccnx.org/Users/cb/Keys/%C1.M.K%00K=B082A16E5382FBAAA09FBE303E24E042E37E88C290E054292521DECA236523/=FD055059931000 KEY:itggagmsks2vela17tu60v29o22sdv8hgkgs1a2i991rr526p93 for key S7CCoW5TgvuqoJ++MD4k4ELjfojCkOBUKSUh3sojZSM=
三月 16, 2015 9:58:26 上午 org.ccnx.ccn.io.CCNAbstractOutputStream <init>
信息: CCNAbstractOutputStream: /ccnx.org/test/CCNNetworkTestRepo-15-03-16-09.58.16/content_3948460777857713998/=FD0550638C1FD7 blocksize is 4096
三月 16, 2015 9:58:26 上午 org.ccnx.ccn.io.CCNAbstractOutputStream startWrite
信息: CCNAbstractOutputStream: startWrite -- searching for keys.
三月 16, 2015 9:58:26 上午 org.ccnx.ccn.profiles.security.access.AccessControlManager keysForOutput
信息: keysForOutput: found an acm: (null)
三月 16, 2015 9:58:26 上午 org.ccnx.ccn.impl.repo.RepositoryFlowControl startWrite
信息: RepositoryFlowControl.startWrite called for name /ccnx.org/test/CCNNetworkTestRepo-15-03-16-09.58.16/content_3948460777857713998/=FD0550638C1FD7, shape STREAM
三月 16, 2015 9:58:26 上午 org.ccnx.ccn.impl.repo.RepositoryFlowControl handleContent
信息: handleContent: got potential repo message: /ccnx.org/test/CCNNetworkTestRepo-15-03-16-09.58.16/content_3948460777857713998/=FD0550638C1FD7/%C1.R.sw/%C1.N=00E01D5FE570FC511C
三月 16, 2015 9:58:26 上午 org.ccnx.ccn.io.CCNOutputStream flushToNetwork
信息: flush: outputting to the segmenter, baseName /ccnx.org/test/CCNNetworkTestRepo-15-03-16-09.58.16/content_3948460777857713998/=FD0550638C1FD7 basenameindex =00; 16 bytes written, holding back 16 flushing final blocks? false.
三月 16, 2015 9:58:26 上午 org.ccnx.ccn.io.CCNOutputStream flushToNetwork
信息: HEADER: CCNOutputStream: flushToNetwork: new _baseNameIndex 0
三月 16, 2015 9:58:26 上午 org.ccnx.ccn.io.CCNOutputStream flushToNetwork
信息: flush: outputting to the segmenter, baseName /ccnx.org/test/CCNNetworkTestRepo-15-03-16-09.58.16/content_3948460777857713998/=FD0550638C1FD7 basenameindex =00; 16 bytes written, holding back 0 flushing final blocks? true.
三月 16, 2015 9:58:26 上午 org.ccnx.ccn.io.CCNOutputStream flushToNetwork
信息: HEADER: CCNOutputStream: flushToNetwork: new _baseNameIndex 1
三月 16, 2015 9:58:26 上午 org.ccnx.ccn.io.CCNOutputStream close
信息: CCNOutputStream close: /ccnx.org/test/CCNNetworkTestRepo-15-03-16-09.58.16/content_3948460777857713998/=FD0550638C1FD7
三月 16, 2015 9:58:26 上午 org.ccnx.ccn.io.content.CCNNetworkObject createFlowController
信息: Created LOCALREPOSITORY flow controller, for prefix /ccnx.org/test/CCNNetworkTestRepo-15-03-16-09.58.16/content_3948460777857713998, save type LOCALREPOSITORY
三月 16, 2015 9:58:26 上午 org.ccnx.ccn.impl.CCNFlowControl addNameSpace
信息: Flow controller addNameSpace: added namespace: /ccnx.org/test/CCNNetworkTestRepo-15-03-16-09.58.16/content_3948460777857713998
三月 16, 2015 9:58:26 上午 org.ccnx.ccn.impl.security.keys.BasicKeyManager getKeyLocator
信息: getKeyLocator: returning locator NAME: /ccnx.org/Users/cb/Keys/%C1.M.K%00K=B082A16E5382FBAAA09FBE303E24E042E37E88C290E054292521DECA236523/=FD055059931000 KEY:itggagmsks2vela17tu60v29o22sdv8hgkgs1a2i991rr526p93 for key S7CCoW5TgvuqoJ++MD4k4ELjfojCkOBUKSUh3sojZSM=
三月 16, 2015 9:58:26 上午 org.ccnx.ccn.io.CCNAbstractOutputStream <init>
信息: CCNAbstractOutputStream: /ccnx.org/test/CCNNetworkTestRepo-15-03-16-09.58.16/content_3948460777857713998/=FD0550638C2164 blocksize is 4096
三月 16, 2015 9:58:26 上午 org.ccnx.ccn.io.CCNAbstractOutputStream startWrite
信息: CCNAbstractOutputStream: startWrite -- searching for keys.
三月 16, 2015 9:58:26 上午 org.ccnx.ccn.profiles.security.access.AccessControlManager keysForOutput
信息: keysForOutput: found an acm: (null)
三月 16, 2015 9:58:26 上午 org.ccnx.ccn.impl.repo.RepositoryFlowControl startWrite
信息: RepositoryFlowControl.startWrite called for name /ccnx.org/test/CCNNetworkTestRepo-15-03-16-09.58.16/content_3948460777857713998/=FD0550638C2164, shape STREAM
三月 16, 2015 9:58:26 上午 org.ccnx.ccn.impl.repo.RepositoryFlowControl handleContent
信息: handleContent: got potential repo message: /ccnx.org/test/CCNNetworkTestRepo-15-03-16-09.58.16/content_3948460777857713998/=FD0550638C2164/%C1.R.sw/%C1.N=00E0C2A1B15BD5E674
三月 16, 2015 9:58:26 上午 org.ccnx.ccn.io.CCNOutputStream flushToNetwork
信息: flush: outputting to the segmenter, baseName /ccnx.org/test/CCNNetworkTestRepo-15-03-16-09.58.16/content_3948460777857713998/=FD0550638C2164 basenameindex =00; 16 bytes written, holding back 16 flushing final blocks? false.
三月 16, 2015 9:58:26 上午 org.ccnx.ccn.io.CCNOutputStream flushToNetwork
信息: HEADER: CCNOutputStream: flushToNetwork: new _baseNameIndex 0
三月 16, 2015 9:58:26 上午 org.ccnx.ccn.io.CCNOutputStream flushToNetwork
信息: flush: outputting to the segmenter, baseName /ccnx.org/test/CCNNetworkTestRepo-15-03-16-09.58.16/content_3948460777857713998/=FD0550638C2164 basenameindex =00; 16 bytes written, holding back 0 flushing final blocks? true.
三月 16, 2015 9:58:26 上午 org.ccnx.ccn.io.CCNOutputStream flushToNetwork
信息: HEADER: CCNOutputStream: flushToNetwork: new _baseNameIndex 1
三月 16, 2015 9:58:26 上午 org.ccnx.ccn.io.CCNOutputStream close
信息: CCNOutputStream close: /ccnx.org/test/CCNNetworkTestRepo-15-03-16-09.58.16/content_3948460777857713998/=FD0550638C2164
三月 16, 2015 9:58:26 上午 org.ccnx.ccn.io.content.CCNNetworkObject createFlowController
信息: Created LOCALREPOSITORY flow controller, for prefix /ccnx.org/test/CCNNetworkTestRepo-15-03-16-09.58.16/content_3948460777857713998, save type LOCALREPOSITORY
三月 16, 2015 9:58:26 上午 org.ccnx.ccn.impl.CCNFlowControl addNameSpace
信息: Flow controller addNameSpace: added namespace: /ccnx.org/test/CCNNetworkTestRepo-15-03-16-09.58.16/content_3948460777857713998
三月 16, 2015 9:58:26 上午 org.ccnx.ccn.impl.security.keys.BasicKeyManager getKeyLocator
信息: getKeyLocator: returning locator NAME: /ccnx.org/Users/cb/Keys/%C1.M.K%00K=B082A16E5382FBAAA09FBE303E24E042E37E88C290E054292521DECA236523/=FD055059931000 KEY:itggagmsks2vela17tu60v29o22sdv8hgkgs1a2i991rr526p93 for key S7CCoW5TgvuqoJ++MD4k4ELjfojCkOBUKSUh3sojZSM=
三月 16, 2015 9:58:26 上午 org.ccnx.ccn.io.CCNAbstractOutputStream <init>
信息: CCNAbstractOutputStream: /ccnx.org/test/CCNNetworkTestRepo-15-03-16-09.58.16/content_3948460777857713998/=FD0550638C22E9 blocksize is 4096
三月 16, 2015 9:58:26 上午 org.ccnx.ccn.io.CCNAbstractOutputStream startWrite
信息: CCNAbstractOutputStream: startWrite -- searching for keys.
三月 16, 2015 9:58:26 上午 org.ccnx.ccn.profiles.security.access.AccessControlManager keysForOutput
信息: keysForOutput: found an acm: (null)
三月 16, 2015 9:58:26 上午 org.ccnx.ccn.impl.repo.RepositoryFlowControl startWrite
信息: RepositoryFlowControl.startWrite called for name /ccnx.org/test/CCNNetworkTestRepo-15-03-16-09.58.16/content_3948460777857713998/=FD0550638C22E9, shape STREAM
三月 16, 2015 9:58:26 上午 org.ccnx.ccn.impl.repo.RepositoryFlowControl handleContent
信息: handleContent: got potential repo message: /ccnx.org/test/CCNNetworkTestRepo-15-03-16-09.58.16/content_3948460777857713998/=FD0550638C22E9/%C1.R.sw/%C1.N=001817620846A54FAD
三月 16, 2015 9:58:26 上午 org.ccnx.ccn.io.CCNOutputStream flushToNetwork
信息: flush: outputting to the segmenter, baseName /ccnx.org/test/CCNNetworkTestRepo-15-03-16-09.58.16/content_3948460777857713998/=FD0550638C22E9 basenameindex =00; 16 bytes written, holding back 16 flushing final blocks? false.
三月 16, 2015 9:58:26 上午 org.ccnx.ccn.io.CCNOutputStream flushToNetwork
信息: HEADER: CCNOutputStream: flushToNetwork: new _baseNameIndex 0
三月 16, 2015 9:58:26 上午 org.ccnx.ccn.io.CCNOutputStream flushToNetwork
信息: flush: outputting to the segmenter, baseName /ccnx.org/test/CCNNetworkTestRepo-15-03-16-09.58.16/content_3948460777857713998/=FD0550638C22E9 basenameindex =00; 16 bytes written, holding back 0 flushing final blocks? true.
三月 16, 2015 9:58:26 上午 org.ccnx.ccn.io.CCNOutputStream flushToNetwork
信息: HEADER: CCNOutputStream: flushToNetwork: new _baseNameIndex 1
三月 16, 2015 9:58:26 上午 org.ccnx.ccn.io.CCNOutputStream close
信息: CCNOutputStream close: /ccnx.org/test/CCNNetworkTestRepo-15-03-16-09.58.16/content_3948460777857713998/=FD0550638C22E9
三月 16, 2015 9:58:26 上午 org.ccnx.ccn.io.content.CCNNetworkObject createFlowController
信息: Created LOCALREPOSITORY flow controller, for prefix /ccnx.org/test/CCNNetworkTestRepo-15-03-16-09.58.16/content_3948460777857713998, save type LOCALREPOSITORY
三月 16, 2015 9:58:26 上午 org.ccnx.ccn.impl.CCNFlowControl addNameSpace
信息: Flow controller addNameSpace: added namespace: /ccnx.org/test/CCNNetworkTestRepo-15-03-16-09.58.16/content_3948460777857713998
三月 16, 2015 9:58:26 上午 org.ccnx.ccn.impl.security.keys.BasicKeyManager getKeyLocator
信息: getKeyLocator: returning locator NAME: /ccnx.org/Users/cb/Keys/%C1.M.K%00K=B082A16E5382FBAAA09FBE303E24E042E37E88C290E054292521DECA236523/=FD055059931000 KEY:itggagmsks2vela17tu60v29o22sdv8hgkgs1a2i991rr526p93 for key S7CCoW5TgvuqoJ++MD4k4ELjfojCkOBUKSUh3sojZSM=
三月 16, 2015 9:58:26 上午 org.ccnx.ccn.io.CCNAbstractOutputStream <init>
信息: CCNAbstractOutputStream: /ccnx.org/test/CCNNetworkTestRepo-15-03-16-09.58.16/content_3948460777857713998/=FD0550638C2473 blocksize is 4096
三月 16, 2015 9:58:26 上午 org.ccnx.ccn.io.CCNAbstractOutputStream startWrite
信息: CCNAbstractOutputStream: startWrite -- searching for keys.
三月 16, 2015 9:58:26 上午 org.ccnx.ccn.profiles.security.access.AccessControlManager keysForOutput
信息: keysForOutput: found an acm: (null)
三月 16, 2015 9:58:26 上午 org.ccnx.ccn.impl.repo.RepositoryFlowControl startWrite
信息: RepositoryFlowControl.startWrite called for name /ccnx.org/test/CCNNetworkTestRepo-15-03-16-09.58.16/content_3948460777857713998/=FD0550638C2473, shape STREAM
三月 16, 2015 9:58:26 上午 org.ccnx.ccn.impl.repo.RepositoryFlowControl handleContent
信息: handleContent: got potential repo message: /ccnx.org/test/CCNNetworkTestRepo-15-03-16-09.58.16/content_3948460777857713998/=FD0550638C2473/%C1.R.sw/%C1.N%00t=DCF9186095DBA9
三月 16, 2015 9:58:26 上午 org.ccnx.ccn.io.CCNOutputStream flushToNetwork
信息: flush: outputting to the segmenter, baseName /ccnx.org/test/CCNNetworkTestRepo-15-03-16-09.58.16/content_3948460777857713998/=FD0550638C2473 basenameindex =00; 16 bytes written, holding back 16 flushing final blocks? false.
三月 16, 2015 9:58:26 上午 org.ccnx.ccn.io.CCNOutputStream flushToNetwork
信息: HEADER: CCNOutputStream: flushToNetwork: new _baseNameIndex 0
三月 16, 2015 9:58:26 上午 org.ccnx.ccn.io.CCNOutputStream flushToNetwork
信息: flush: outputting to the segmenter, baseName /ccnx.org/test/CCNNetworkTestRepo-15-03-16-09.58.16/content_3948460777857713998/=FD0550638C2473 basenameindex =00; 16 bytes written, holding back 0 flushing final blocks? true.
三月 16, 2015 9:58:26 上午 org.ccnx.ccn.io.CCNOutputStream flushToNetwork
信息: HEADER: CCNOutputStream: flushToNetwork: new _baseNameIndex 1
三月 16, 2015 9:58:26 上午 org.ccnx.ccn.io.CCNOutputStream close
信息: CCNOutputStream close: /ccnx.org/test/CCNNetworkTestRepo-15-03-16-09.58.16/content_3948460777857713998/=FD0550638C2473
三月 16, 2015 9:58:26 上午 org.ccnx.ccn.io.content.CCNNetworkObject createFlowController
信息: Created LOCALREPOSITORY flow controller, for prefix /ccnx.org/test/CCNNetworkTestRepo-15-03-16-09.58.16/content_3948460777857713998, save type LOCALREPOSITORY
三月 16, 2015 9:58:26 上午 org.ccnx.ccn.impl.CCNFlowControl addNameSpace
信息: Flow controller addNameSpace: added namespace: /ccnx.org/test/CCNNetworkTestRepo-15-03-16-09.58.16/content_3948460777857713998
三月 16, 2015 9:58:26 上午 org.ccnx.ccn.impl.security.keys.BasicKeyManager getKeyLocator
信息: getKeyLocator: returning locator NAME: /ccnx.org/Users/cb/Keys/%C1.M.K%00K=B082A16E5382FBAAA09FBE303E24E042E37E88C290E054292521DECA236523/=FD055059931000 KEY:itggagmsks2vela17tu60v29o22sdv8hgkgs1a2i991rr526p93 for key S7CCoW5TgvuqoJ++MD4k4ELjfojCkOBUKSUh3sojZSM=
三月 16, 2015 9:58:26 上午 org.ccnx.ccn.io.CCNAbstractOutputStream <init>
信息: CCNAbstractOutputStream: /ccnx.org/test/CCNNetworkTestRepo-15-03-16-09.58.16/content_3948460777857713998/=FD0550638C25FC blocksize is 4096
三月 16, 2015 9:58:26 上午 org.ccnx.ccn.io.CCNAbstractOutputStream startWrite
信息: CCNAbstractOutputStream: startWrite -- searching for keys.
三月 16, 2015 9:58:26 上午 org.ccnx.ccn.profiles.security.access.AccessControlManager keysForOutput
信息: keysForOutput: found an acm: (null)
三月 16, 2015 9:58:26 上午 org.ccnx.ccn.impl.repo.RepositoryFlowControl startWrite
信息: RepositoryFlowControl.startWrite called for name /ccnx.org/test/CCNNetworkTestRepo-15-03-16-09.58.16/content_3948460777857713998/=FD0550638C25FC, shape STREAM
三月 16, 2015 9:58:26 上午 org.ccnx.ccn.impl.repo.RepositoryFlowControl handleContent
信息: handleContent: got potential repo message: /ccnx.org/test/CCNNetworkTestRepo-15-03-16-09.58.16/content_3948460777857713998/=FD0550638C25FC/%C1.R.sw/%C1.N%00n=9995EF3E5531D0
三月 16, 2015 9:58:26 上午 org.ccnx.ccn.io.CCNOutputStream flushToNetwork
信息: flush: outputting to the segmenter, baseName /ccnx.org/test/CCNNetworkTestRepo-15-03-16-09.58.16/content_3948460777857713998/=FD0550638C25FC basenameindex =00; 16 bytes written, holding back 16 flushing final blocks? false.
三月 16, 2015 9:58:26 上午 org.ccnx.ccn.io.CCNOutputStream flushToNetwork
信息: HEADER: CCNOutputStream: flushToNetwork: new _baseNameIndex 0
三月 16, 2015 9:58:26 上午 org.ccnx.ccn.io.CCNOutputStream flushToNetwork
信息: flush: outputting to the segmenter, baseName /ccnx.org/test/CCNNetworkTestRepo-15-03-16-09.58.16/content_3948460777857713998/=FD0550638C25FC basenameindex =00; 16 bytes written, holding back 0 flushing final blocks? true.
三月 16, 2015 9:58:26 上午 org.ccnx.ccn.io.CCNOutputStream flushToNetwork
信息: HEADER: CCNOutputStream: flushToNetwork: new _baseNameIndex 1
三月 16, 2015 9:58:26 上午 org.ccnx.ccn.io.CCNOutputStream close
信息: CCNOutputStream close: /ccnx.org/test/CCNNetworkTestRepo-15-03-16-09.58.16/content_3948460777857713998/=FD0550638C25FC
三月 16, 2015 9:58:26 上午 org.ccnx.ccn.io.content.CCNNetworkObject createFlowController
信息: Created LOCALREPOSITORY flow controller, for prefix /ccnx.org/test/CCNNetworkTestRepo-15-03-16-09.58.16/content_3948460777857713998, save type LOCALREPOSITORY
三月 16, 2015 9:58:26 上午 org.ccnx.ccn.impl.CCNFlowControl addNameSpace
信息: Flow controller addNameSpace: added namespace: /ccnx.org/test/CCNNetworkTestRepo-15-03-16-09.58.16/content_3948460777857713998
三月 16, 2015 9:58:26 上午 org.ccnx.ccn.impl.security.keys.BasicKeyManager getKeyLocator
信息: getKeyLocator: returning locator NAME: /ccnx.org/Users/cb/Keys/%C1.M.K%00K=B082A16E5382FBAAA09FBE303E24E042E37E88C290E054292521DECA236523/=FD055059931000 KEY:itggagmsks2vela17tu60v29o22sdv8hgkgs1a2i991rr526p93 for key S7CCoW5TgvuqoJ++MD4k4ELjfojCkOBUKSUh3sojZSM=
三月 16, 2015 9:58:26 上午 org.ccnx.ccn.io.CCNAbstractOutputStream <init>
信息: CCNAbstractOutputStream: /ccnx.org/test/CCNNetworkTestRepo-15-03-16-09.58.16/content_3948460777857713998/=FD0550638C2781 blocksize is 4096
三月 16, 2015 9:58:26 上午 org.ccnx.ccn.io.CCNAbstractOutputStream startWrite
信息: CCNAbstractOutputStream: startWrite -- searching for keys.
三月 16, 2015 9:58:26 上午 org.ccnx.ccn.profiles.security.access.AccessControlManager keysForOutput
信息: keysForOutput: found an acm: (null)
三月 16, 2015 9:58:26 上午 org.ccnx.ccn.impl.repo.RepositoryFlowControl startWrite
信息: RepositoryFlowControl.startWrite called for name /ccnx.org/test/CCNNetworkTestRepo-15-03-16-09.58.16/content_3948460777857713998/=FD0550638C2781, shape STREAM
三月 16, 2015 9:58:26 上午 org.ccnx.ccn.impl.repo.RepositoryFlowControl handleContent
信息: handleContent: got potential repo message: /ccnx.org/test/CCNNetworkTestRepo-15-03-16-09.58.16/content_3948460777857713998/=FD0550638C2781/%C1.R.sw/%C1.N=008965E9BE77302F9F
三月 16, 2015 9:58:26 上午 org.ccnx.ccn.io.CCNOutputStream flushToNetwork
信息: flush: outputting to the segmenter, baseName /ccnx.org/test/CCNNetworkTestRepo-15-03-16-09.58.16/content_3948460777857713998/=FD0550638C2781 basenameindex =00; 16 bytes written, holding back 16 flushing final blocks? false.
三月 16, 2015 9:58:26 上午 org.ccnx.ccn.io.CCNOutputStream flushToNetwork
信息: HEADER: CCNOutputStream: flushToNetwork: new _baseNameIndex 0
三月 16, 2015 9:58:26 上午 org.ccnx.ccn.io.CCNOutputStream flushToNetwork
信息: flush: outputting to the segmenter, baseName /ccnx.org/test/CCNNetworkTestRepo-15-03-16-09.58.16/content_3948460777857713998/=FD0550638C2781 basenameindex =00; 16 bytes written, holding back 0 flushing final blocks? true.
三月 16, 2015 9:58:26 上午 org.ccnx.ccn.io.CCNOutputStream flushToNetwork
信息: HEADER: CCNOutputStream: flushToNetwork: new _baseNameIndex 1
三月 16, 2015 9:58:26 上午 org.ccnx.ccn.io.CCNOutputStream close
信息: CCNOutputStream close: /ccnx.org/test/CCNNetworkTestRepo-15-03-16-09.58.16/content_3948460777857713998/=FD0550638C2781
三月 16, 2015 9:58:26 上午 org.ccnx.ccn.io.content.CCNNetworkObject createFlowController
信息: Created LOCALREPOSITORY flow controller, for prefix /ccnx.org/test/CCNNetworkTestRepo-15-03-16-09.58.16/content_3948460777857713998, save type LOCALREPOSITORY
三月 16, 2015 9:58:26 上午 org.ccnx.ccn.impl.CCNFlowControl addNameSpace
信息: Flow controller addNameSpace: added namespace: /ccnx.org/test/CCNNetworkTestRepo-15-03-16-09.58.16/content_3948460777857713998
三月 16, 2015 9:58:26 上午 org.ccnx.ccn.impl.security.keys.BasicKeyManager getKeyLocator
信息: getKeyLocator: returning locator NAME: /ccnx.org/Users/cb/Keys/%C1.M.K%00K=B082A16E5382FBAAA09FBE303E24E042E37E88C290E054292521DECA236523/=FD055059931000 KEY:itggagmsks2vela17tu60v29o22sdv8hgkgs1a2i991rr526p93 for key S7CCoW5TgvuqoJ++MD4k4ELjfojCkOBUKSUh3sojZSM=
三月 16, 2015 9:58:26 上午 org.ccnx.ccn.io.CCNAbstractOutputStream <init>
信息: CCNAbstractOutputStream: /ccnx.org/test/CCNNetworkTestRepo-15-03-16-09.58.16/content_3948460777857713998/=FD0550638C290E blocksize is 4096
三月 16, 2015 9:58:26 上午 org.ccnx.ccn.io.CCNAbstractOutputStream startWrite
信息: CCNAbstractOutputStream: startWrite -- searching for keys.
三月 16, 2015 9:58:26 上午 org.ccnx.ccn.profiles.security.access.AccessControlManager keysForOutput
信息: keysForOutput: found an acm: (null)
三月 16, 2015 9:58:26 上午 org.ccnx.ccn.impl.repo.RepositoryFlowControl startWrite
信息: RepositoryFlowControl.startWrite called for name /ccnx.org/test/CCNNetworkTestRepo-15-03-16-09.58.16/content_3948460777857713998/=FD0550638C290E, shape STREAM
三月 16, 2015 9:58:26 上午 org.ccnx.ccn.impl.repo.RepositoryFlowControl handleContent
信息: handleContent: got potential repo message: /ccnx.org/test/CCNNetworkTestRepo-15-03-16-09.58.16/content_3948460777857713998/=FD0550638C290E/%C1.R.sw/%C1.N%00u%A1a=20E0EAC7D8
三月 16, 2015 9:58:26 上午 org.ccnx.ccn.io.CCNOutputStream flushToNetwork
信息: flush: outputting to the segmenter, baseName /ccnx.org/test/CCNNetworkTestRepo-15-03-16-09.58.16/content_3948460777857713998/=FD0550638C290E basenameindex =00; 16 bytes written, holding back 16 flushing final blocks? false.
三月 16, 2015 9:58:26 上午 org.ccnx.ccn.io.CCNOutputStream flushToNetwork
信息: HEADER: CCNOutputStream: flushToNetwork: new _baseNameIndex 0
三月 16, 2015 9:58:26 上午 org.ccnx.ccn.io.CCNOutputStream flushToNetwork
信息: flush: outputting to the segmenter, baseName /ccnx.org/test/CCNNetworkTestRepo-15-03-16-09.58.16/content_3948460777857713998/=FD0550638C290E basenameindex =00; 16 bytes written, holding back 0 flushing final blocks? true.
三月 16, 2015 9:58:26 上午 org.ccnx.ccn.io.CCNOutputStream flushToNetwork
信息: HEADER: CCNOutputStream: flushToNetwork: new _baseNameIndex 1
三月 16, 2015 9:58:26 上午 org.ccnx.ccn.io.CCNOutputStream close
信息: CCNOutputStream close: /ccnx.org/test/CCNNetworkTestRepo-15-03-16-09.58.16/content_3948460777857713998/=FD0550638C290E
三月 16, 2015 9:58:26 上午 org.ccnx.ccn.io.content.CCNNetworkObject createFlowController
信息: Created LOCALREPOSITORY flow controller, for prefix /ccnx.org/test/CCNNetworkTestRepo-15-03-16-09.58.16/content_3948460777857713998, save type LOCALREPOSITORY
三月 16, 2015 9:58:26 上午 org.ccnx.ccn.impl.CCNFlowControl addNameSpace
信息: Flow controller addNameSpace: added namespace: /ccnx.org/test/CCNNetworkTestRepo-15-03-16-09.58.16/content_3948460777857713998
三月 16, 2015 9:58:26 上午 org.ccnx.ccn.impl.security.keys.BasicKeyManager getKeyLocator
信息: getKeyLocator: returning locator NAME: /ccnx.org/Users/cb/Keys/%C1.M.K%00K=B082A16E5382FBAAA09FBE303E24E042E37E88C290E054292521DECA236523/=FD055059931000 KEY:itggagmsks2vela17tu60v29o22sdv8hgkgs1a2i991rr526p93 for key S7CCoW5TgvuqoJ++MD4k4ELjfojCkOBUKSUh3sojZSM=
三月 16, 2015 9:58:26 上午 org.ccnx.ccn.io.CCNAbstractOutputStream <init>
信息: CCNAbstractOutputStream: /ccnx.org/test/CCNNetworkTestRepo-15-03-16-09.58.16/content_3948460777857713998/=FD0550638C2A98 blocksize is 4096
三月 16, 2015 9:58:26 上午 org.ccnx.ccn.io.CCNAbstractOutputStream startWrite
信息: CCNAbstractOutputStream: startWrite -- searching for keys.
三月 16, 2015 9:58:26 上午 org.ccnx.ccn.profiles.security.access.AccessControlManager keysForOutput
信息: keysForOutput: found an acm: (null)
三月 16, 2015 9:58:26 上午 org.ccnx.ccn.impl.repo.RepositoryFlowControl startWrite
信息: RepositoryFlowControl.startWrite called for name /ccnx.org/test/CCNNetworkTestRepo-15-03-16-09.58.16/content_3948460777857713998/=FD0550638C2A98, shape STREAM
三月 16, 2015 9:58:26 上午 org.ccnx.ccn.impl.repo.RepositoryFlowControl handleContent
信息: handleContent: got potential repo message: /ccnx.org/test/CCNNetworkTestRepo-15-03-16-09.58.16/content_3948460777857713998/=FD0550638C2A98/%C1.R.sw/%C1.N%004=1B3C4928B2AFBF
三月 16, 2015 9:58:26 上午 org.ccnx.ccn.io.CCNOutputStream flushToNetwork
信息: flush: outputting to the segmenter, baseName /ccnx.org/test/CCNNetworkTestRepo-15-03-16-09.58.16/content_3948460777857713998/=FD0550638C2A98 basenameindex =00; 16 bytes written, holding back 16 flushing final blocks? false.
三月 16, 2015 9:58:26 上午 org.ccnx.ccn.io.CCNOutputStream flushToNetwork
信息: HEADER: CCNOutputStream: flushToNetwork: new _baseNameIndex 0
三月 16, 2015 9:58:26 上午 org.ccnx.ccn.io.CCNOutputStream flushToNetwork
信息: flush: outputting to the segmenter, baseName /ccnx.org/test/CCNNetworkTestRepo-15-03-16-09.58.16/content_3948460777857713998/=FD0550638C2A98 basenameindex =00; 16 bytes written, holding back 0 flushing final blocks? true.
三月 16, 2015 9:58:26 上午 org.ccnx.ccn.io.CCNOutputStream flushToNetwork
信息: HEADER: CCNOutputStream: flushToNetwork: new _baseNameIndex 1
三月 16, 2015 9:58:26 上午 org.ccnx.ccn.io.CCNOutputStream close
信息: CCNOutputStream close: /ccnx.org/test/CCNNetworkTestRepo-15-03-16-09.58.16/content_3948460777857713998/=FD0550638C2A98
三月 16, 2015 9:58:26 上午 org.ccnx.ccn.io.content.CCNNetworkObject createFlowController
信息: Created LOCALREPOSITORY flow controller, for prefix /ccnx.org/test/CCNNetworkTestRepo-15-03-16-09.58.16/content_3948460777857713998, save type LOCALREPOSITORY
三月 16, 2015 9:58:26 上午 org.ccnx.ccn.impl.CCNFlowControl addNameSpace
信息: Flow controller addNameSpace: added namespace: /ccnx.org/test/CCNNetworkTestRepo-15-03-16-09.58.16/content_3948460777857713998
三月 16, 2015 9:58:26 上午 org.ccnx.ccn.impl.security.keys.BasicKeyManager getKeyLocator
信息: getKeyLocator: returning locator NAME: /ccnx.org/Users/cb/Keys/%C1.M.K%00K=B082A16E5382FBAAA09FBE303E24E042E37E88C290E054292521DECA236523/=FD055059931000 KEY:itggagmsks2vela17tu60v29o22sdv8hgkgs1a2i991rr526p93 for key S7CCoW5TgvuqoJ++MD4k4ELjfojCkOBUKSUh3sojZSM=
三月 16, 2015 9:58:26 上午 org.ccnx.ccn.io.CCNAbstractOutputStream <init>
信息: CCNAbstractOutputStream: /ccnx.org/test/CCNNetworkTestRepo-15-03-16-09.58.16/content_3948460777857713998/=FD0550638C2C1D blocksize is 4096
三月 16, 2015 9:58:26 上午 org.ccnx.ccn.io.CCNAbstractOutputStream startWrite
信息: CCNAbstractOutputStream: startWrite -- searching for keys.
三月 16, 2015 9:58:26 上午 org.ccnx.ccn.profiles.security.access.AccessControlManager keysForOutput
信息: keysForOutput: found an acm: (null)
三月 16, 2015 9:58:26 上午 org.ccnx.ccn.impl.repo.RepositoryFlowControl startWrite
信息: RepositoryFlowControl.startWrite called for name /ccnx.org/test/CCNNetworkTestRepo-15-03-16-09.58.16/content_3948460777857713998/=FD0550638C2C1D, shape STREAM
三月 16, 2015 9:58:26 上午 org.ccnx.ccn.impl.repo.RepositoryFlowControl handleContent
信息: handleContent: got potential repo message: /ccnx.org/test/CCNNetworkTestRepo-15-03-16-09.58.16/content_3948460777857713998/=FD0550638C2C1D/%C1.R.sw/%C1.N=00B20B0D879EF79688
三月 16, 2015 9:58:26 上午 org.ccnx.ccn.io.CCNOutputStream flushToNetwork
信息: flush: outputting to the segmenter, baseName /ccnx.org/test/CCNNetworkTestRepo-15-03-16-09.58.16/content_3948460777857713998/=FD0550638C2C1D basenameindex =00; 16 bytes written, holding back 16 flushing final blocks? false.
三月 16, 2015 9:58:26 上午 org.ccnx.ccn.io.CCNOutputStream flushToNetwork
信息: HEADER: CCNOutputStream: flushToNetwork: new _baseNameIndex 0
三月 16, 2015 9:58:26 上午 org.ccnx.ccn.io.CCNOutputStream flushToNetwork
信息: flush: outputting to the segmenter, baseName /ccnx.org/test/CCNNetworkTestRepo-15-03-16-09.58.16/content_3948460777857713998/=FD0550638C2C1D basenameindex =00; 16 bytes written, holding back 0 flushing final blocks? true.
三月 16, 2015 9:58:26 上午 org.ccnx.ccn.io.CCNOutputStream flushToNetwork
信息: HEADER: CCNOutputStream: flushToNetwork: new _baseNameIndex 1
三月 16, 2015 9:58:26 上午 org.ccnx.ccn.io.CCNOutputStream close
信息: CCNOutputStream close: /ccnx.org/test/CCNNetworkTestRepo-15-03-16-09.58.16/content_3948460777857713998/=FD0550638C2C1D
三月 16, 2015 9:58:26 上午 org.ccnx.ccn.io.content.CCNNetworkObject createFlowController
信息: Created LOCALREPOSITORY flow controller, for prefix /ccnx.org/test/CCNNetworkTestRepo-15-03-16-09.58.16/content_3948460777857713998, save type LOCALREPOSITORY
三月 16, 2015 9:58:26 上午 org.ccnx.ccn.impl.CCNFlowControl addNameSpace
信息: Flow controller addNameSpace: added namespace: /ccnx.org/test/CCNNetworkTestRepo-15-03-16-09.58.16/content_3948460777857713998
三月 16, 2015 9:58:26 上午 org.ccnx.ccn.impl.security.keys.BasicKeyManager getKeyLocator
信息: getKeyLocator: returning locator NAME: /ccnx.org/Users/cb/Keys/%C1.M.K%00K=B082A16E5382FBAAA09FBE303E24E042E37E88C290E054292521DECA236523/=FD055059931000 KEY:itggagmsks2vela17tu60v29o22sdv8hgkgs1a2i991rr526p93 for key S7CCoW5TgvuqoJ++MD4k4ELjfojCkOBUKSUh3sojZSM=
三月 16, 2015 9:58:26 上午 org.ccnx.ccn.io.CCNAbstractOutputStream <init>
信息: CCNAbstractOutputStream: /ccnx.org/test/CCNNetworkTestRepo-15-03-16-09.58.16/content_3948460777857713998/=FD0550638C2DBA blocksize is 4096
三月 16, 2015 9:58:26 上午 org.ccnx.ccn.io.CCNAbstractOutputStream startWrite
信息: CCNAbstractOutputStream: startWrite -- searching for keys.
三月 16, 2015 9:58:26 上午 org.ccnx.ccn.profiles.security.access.AccessControlManager keysForOutput
信息: keysForOutput: found an acm: (null)
三月 16, 2015 9:58:26 上午 org.ccnx.ccn.impl.repo.RepositoryFlowControl startWrite
信息: RepositoryFlowControl.startWrite called for name /ccnx.org/test/CCNNetworkTestRepo-15-03-16-09.58.16/content_3948460777857713998/=FD0550638C2DBA, shape STREAM
三月 16, 2015 9:58:26 上午 org.ccnx.ccn.impl.repo.RepositoryFlowControl handleContent
信息: handleContent: got potential repo message: /ccnx.org/test/CCNNetworkTestRepo-15-03-16-09.58.16/content_3948460777857713998/=FD0550638C2DBA/%C1.R.sw/%C1.N=00A22ADFB063C30BA5
三月 16, 2015 9:58:26 上午 org.ccnx.ccn.io.CCNOutputStream flushToNetwork
信息: flush: outputting to the segmenter, baseName /ccnx.org/test/CCNNetworkTestRepo-15-03-16-09.58.16/content_3948460777857713998/=FD0550638C2DBA basenameindex =00; 16 bytes written, holding back 16 flushing final blocks? false.
三月 16, 2015 9:58:26 上午 org.ccnx.ccn.io.CCNOutputStream flushToNetwork
信息: HEADER: CCNOutputStream: flushToNetwork: new _baseNameIndex 0
三月 16, 2015 9:58:26 上午 org.ccnx.ccn.io.CCNOutputStream flushToNetwork
信息: flush: outputting to the segmenter, baseName /ccnx.org/test/CCNNetworkTestRepo-15-03-16-09.58.16/content_3948460777857713998/=FD0550638C2DBA basenameindex =00; 16 bytes written, holding back 0 flushing final blocks? true.
三月 16, 2015 9:58:26 上午 org.ccnx.ccn.io.CCNOutputStream flushToNetwork
信息: HEADER: CCNOutputStream: flushToNetwork: new _baseNameIndex 1
三月 16, 2015 9:58:26 上午 org.ccnx.ccn.io.CCNOutputStream close
信息: CCNOutputStream close: /ccnx.org/test/CCNNetworkTestRepo-15-03-16-09.58.16/content_3948460777857713998/=FD0550638C2DBA
三月 16, 2015 9:58:26 上午 org.ccnx.ccn.io.content.CCNNetworkObject createFlowController
信息: Created LOCALREPOSITORY flow controller, for prefix /ccnx.org/test/CCNNetworkTestRepo-15-03-16-09.58.16/content_3948460777857713998, save type LOCALREPOSITORY
三月 16, 2015 9:58:26 上午 org.ccnx.ccn.impl.CCNFlowControl addNameSpace
信息: Flow controller addNameSpace: added namespace: /ccnx.org/test/CCNNetworkTestRepo-15-03-16-09.58.16/content_3948460777857713998
三月 16, 2015 9:58:26 上午 org.ccnx.ccn.impl.security.keys.BasicKeyManager getKeyLocator
信息: getKeyLocator: returning locator NAME: /ccnx.org/Users/cb/Keys/%C1.M.K%00K=B082A16E5382FBAAA09FBE303E24E042E37E88C290E054292521DECA236523/=FD055059931000 KEY:itggagmsks2vela17tu60v29o22sdv8hgkgs1a2i991rr526p93 for key S7CCoW5TgvuqoJ++MD4k4ELjfojCkOBUKSUh3sojZSM=
三月 16, 2015 9:58:26 上午 org.ccnx.ccn.io.CCNAbstractOutputStream <init>
信息: CCNAbstractOutputStream: /ccnx.org/test/CCNNetworkTestRepo-15-03-16-09.58.16/content_3948460777857713998/=FD0550638C2F44 blocksize is 4096
三月 16, 2015 9:58:26 上午 org.ccnx.ccn.io.CCNAbstractOutputStream startWrite
信息: CCNAbstractOutputStream: startWrite -- searching for keys.
三月 16, 2015 9:58:26 上午 org.ccnx.ccn.profiles.security.access.AccessControlManager keysForOutput
信息: keysForOutput: found an acm: (null)
三月 16, 2015 9:58:26 上午 org.ccnx.ccn.impl.repo.RepositoryFlowControl startWrite
信息: RepositoryFlowControl.startWrite called for name /ccnx.org/test/CCNNetworkTestRepo-15-03-16-09.58.16/content_3948460777857713998/=FD0550638C2F44, shape STREAM
三月 16, 2015 9:58:27 上午 org.ccnx.ccn.impl.repo.RepositoryFlowControl handleContent
信息: handleContent: got potential repo message: /ccnx.org/test/CCNNetworkTestRepo-15-03-16-09.58.16/content_3948460777857713998/=FD0550638C2F44/%C1.R.sw/%C1.N=00B396AED85C9AC08C
三月 16, 2015 9:58:27 上午 org.ccnx.ccn.io.CCNOutputStream flushToNetwork
信息: flush: outputting to the segmenter, baseName /ccnx.org/test/CCNNetworkTestRepo-15-03-16-09.58.16/content_3948460777857713998/=FD0550638C2F44 basenameindex =00; 16 bytes written, holding back 16 flushing final blocks? false.
三月 16, 2015 9:58:27 上午 org.ccnx.ccn.io.CCNOutputStream flushToNetwork
信息: HEADER: CCNOutputStream: flushToNetwork: new _baseNameIndex 0
三月 16, 2015 9:58:27 上午 org.ccnx.ccn.io.CCNOutputStream flushToNetwork
信息: flush: outputting to the segmenter, baseName /ccnx.org/test/CCNNetworkTestRepo-15-03-16-09.58.16/content_3948460777857713998/=FD0550638C2F44 basenameindex =00; 16 bytes written, holding back 0 flushing final blocks? true.
三月 16, 2015 9:58:27 上午 org.ccnx.ccn.io.CCNOutputStream flushToNetwork
信息: HEADER: CCNOutputStream: flushToNetwork: new _baseNameIndex 1
三月 16, 2015 9:58:27 上午 org.ccnx.ccn.io.CCNOutputStream close
信息: CCNOutputStream close: /ccnx.org/test/CCNNetworkTestRepo-15-03-16-09.58.16/content_3948460777857713998/=FD0550638C2F44
三月 16, 2015 9:58:27 上午 org.ccnx.ccn.io.content.CCNNetworkObject createFlowController
信息: Created LOCALREPOSITORY flow controller, for prefix /ccnx.org/test/CCNNetworkTestRepo-15-03-16-09.58.16/content_3948460777857713998, save type LOCALREPOSITORY
三月 16, 2015 9:58:27 上午 org.ccnx.ccn.impl.CCNFlowControl addNameSpace
信息: Flow controller addNameSpace: added namespace: /ccnx.org/test/CCNNetworkTestRepo-15-03-16-09.58.16/content_3948460777857713998
三月 16, 2015 9:58:27 上午 org.ccnx.ccn.impl.security.keys.BasicKeyManager getKeyLocator
信息: getKeyLocator: returning locator NAME: /ccnx.org/Users/cb/Keys/%C1.M.K%00K=B082A16E5382FBAAA09FBE303E24E042E37E88C290E054292521DECA236523/=FD055059931000 KEY:itggagmsks2vela17tu60v29o22sdv8hgkgs1a2i991rr526p93 for key S7CCoW5TgvuqoJ++MD4k4ELjfojCkOBUKSUh3sojZSM=
三月 16, 2015 9:58:27 上午 org.ccnx.ccn.io.CCNAbstractOutputStream <init>
信息: CCNAbstractOutputStream: /ccnx.org/test/CCNNetworkTestRepo-15-03-16-09.58.16/content_3948460777857713998/=FD0550638C30CD blocksize is 4096
三月 16, 2015 9:58:27 上午 org.ccnx.ccn.io.CCNAbstractOutputStream startWrite
信息: CCNAbstractOutputStream: startWrite -- searching for keys.
三月 16, 2015 9:58:27 上午 org.ccnx.ccn.profiles.security.access.AccessControlManager keysForOutput
信息: keysForOutput: found an acm: (null)
三月 16, 2015 9:58:27 上午 org.ccnx.ccn.impl.repo.RepositoryFlowControl startWrite
信息: RepositoryFlowControl.startWrite called for name /ccnx.org/test/CCNNetworkTestRepo-15-03-16-09.58.16/content_3948460777857713998/=FD0550638C30CD, shape STREAM
三月 16, 2015 9:58:27 上午 org.ccnx.ccn.impl.repo.RepositoryFlowControl handleContent
信息: handleContent: got potential repo message: /ccnx.org/test/CCNNetworkTestRepo-15-03-16-09.58.16/content_3948460777857713998/=FD0550638C30CD/%C1.R.sw/%C1.N%00J%D3O=AFA07298B5
三月 16, 2015 9:58:27 上午 org.ccnx.ccn.io.CCNOutputStream flushToNetwork
信息: flush: outputting to the segmenter, baseName /ccnx.org/test/CCNNetworkTestRepo-15-03-16-09.58.16/content_3948460777857713998/=FD0550638C30CD basenameindex =00; 16 bytes written, holding back 16 flushing final blocks? false.
三月 16, 2015 9:58:27 上午 org.ccnx.ccn.io.CCNOutputStream flushToNetwork
信息: HEADER: CCNOutputStream: flushToNetwork: new _baseNameIndex 0
三月 16, 2015 9:58:27 上午 org.ccnx.ccn.io.CCNOutputStream flushToNetwork
信息: flush: outputting to the segmenter, baseName /ccnx.org/test/CCNNetworkTestRepo-15-03-16-09.58.16/content_3948460777857713998/=FD0550638C30CD basenameindex =00; 16 bytes written, holding back 0 flushing final blocks? true.
三月 16, 2015 9:58:27 上午 org.ccnx.ccn.io.CCNOutputStream flushToNetwork
信息: HEADER: CCNOutputStream: flushToNetwork: new _baseNameIndex 1
三月 16, 2015 9:58:27 上午 org.ccnx.ccn.io.CCNOutputStream close
信息: CCNOutputStream close: /ccnx.org/test/CCNNetworkTestRepo-15-03-16-09.58.16/content_3948460777857713998/=FD0550638C30CD
三月 16, 2015 9:58:27 上午 org.ccnx.ccn.impl.CCNNetworkTestRepo testObjectIOLoop
信息: Completed testObjectIOLoop
三月 16, 2015 9:58:27 上午 org.ccnx.ccn.impl.CCNNetworkTestRepo testBadCallback
信息: Starting testBadCallback
三月 16, 2015 9:58:27 上午 org.ccnx.ccn.impl.CCNNetworkManager run
信息: NetworkManager 2: CCNNetworkManager processing thread started for port: 63000
三月 16, 2015 9:58:28 上午 org.ccnx.ccn.impl.CCNNetworkManager run
信息: NetworkManager 3: CCNNetworkManager processing thread started for port: 63000
三月 16, 2015 9:58:28 上午 org.ccnx.ccn.io.content.CCNNetworkObject createFlowController
信息: Created REPOSITORY flow controller, for prefix /ccnx.org/test/CCNNetworkTestRepo-15-03-16-09.58.16/networkTestRepo/bogus, save type REPOSITORY
三月 16, 2015 9:58:28 上午 org.ccnx.ccn.impl.CCNFlowControl addNameSpace
信息: Flow controller addNameSpace: added namespace: /ccnx.org/test/CCNNetworkTestRepo-15-03-16-09.58.16/networkTestRepo/bogus
三月 16, 2015 9:58:28 上午 org.ccnx.ccn.impl.security.keys.BasicKeyManager getKeyLocator
信息: getKeyLocator: returning locator NAME: /ccnx.org/Users/cb/Keys/%C1.M.K%00K=B082A16E5382FBAAA09FBE303E24E042E37E88C290E054292521DECA236523/=FD055059931000 KEY:itggagmsks2vela17tu60v29o22sdv8hgkgs1a2i991rr526p93 for key S7CCoW5TgvuqoJ++MD4k4ELjfojCkOBUKSUh3sojZSM=
三月 16, 2015 9:58:28 上午 org.ccnx.ccn.io.CCNAbstractOutputStream <init>
信息: CCNAbstractOutputStream: /ccnx.org/test/CCNNetworkTestRepo-15-03-16-09.58.16/networkTestRepo/bogus/=FD0550638C4287 blocksize is 4096
三月 16, 2015 9:58:28 上午 org.ccnx.ccn.io.CCNAbstractOutputStream startWrite
信息: CCNAbstractOutputStream: startWrite -- searching for keys.
三月 16, 2015 9:58:28 上午 org.ccnx.ccn.profiles.security.access.AccessControlManager keysForOutput
信息: keysForOutput: found an acm: (null)
三月 16, 2015 9:58:28 上午 org.ccnx.ccn.impl.repo.RepositoryFlowControl startWrite
信息: RepositoryFlowControl.startWrite called for name /ccnx.org/test/CCNNetworkTestRepo-15-03-16-09.58.16/networkTestRepo/bogus/=FD0550638C4287, shape STREAM
三月 16, 2015 9:58:29 上午 org.ccnx.ccn.impl.support.Log logStackTrace
严重: java.lang.Throwable: Testing handler dump - this is expected
	at java.lang.Object.wait(Native Method)
	at java.lang.Object.wait(Object.java:503)
	at org.ccnx.ccn.impl.support.ConcurrencyUtils$Waiter.wait(ConcurrencyUtils.java:67)
	at org.ccnx.ccn.impl.repo.RepositoryFlowControl.startWrite(RepositoryFlowControl.java:220)
	at org.ccnx.ccn.io.CCNOutputStream.startWrite(CCNOutputStream.java:239)
	at org.ccnx.ccn.io.CCNOutputStream.<init>(CCNOutputStream.java:233)
	at org.ccnx.ccn.io.CCNOutputStream.<init>(CCNOutputStream.java:200)
	at org.ccnx.ccn.io.CCNVersionedOutputStream.<init>(CCNVersionedOutputStream.java:145)
	at org.ccnx.ccn.io.content.CCNNetworkObject.saveInternal(CCNNetworkObject.java:1014)
	at org.ccnx.ccn.io.content.CCNNetworkObject.save(CCNNetworkObject.java:894)
	at org.ccnx.ccn.impl.CCNNetworkTestRepo$BogusFilterListener.handleInterest(CCNNetworkTestRepo.java:132)
	at org.ccnx.ccn.AssertionCCNHandle$AssertionInterestHandler.handleInterest(AssertionCCNHandle.java:216)
	at org.ccnx.ccn.impl.CCNNetworkManager$Filter.deliver(CCNNetworkManager.java:538)
	at org.ccnx.ccn.impl.CCNNetworkManager.deliverInterest(CCNNetworkManager.java:1306)
	at org.ccnx.ccn.impl.CCNNetworkManager.run(CCNNetworkManager.java:1273)
	at java.lang.Thread.run(Thread.java:745)

三月 16, 2015 9:58:40 上午 org.ccnx.ccn.impl.support.Log logStackTrace
严重: java.lang.Throwable: Handler took too long to return - stack trace follows
	at java.lang.Object.wait(Native Method)
	at java.lang.Object.wait(Object.java:503)
	at org.ccnx.ccn.impl.support.ConcurrencyUtils$Waiter.wait(ConcurrencyUtils.java:67)
	at org.ccnx.ccn.impl.repo.RepositoryFlowControl.startWrite(RepositoryFlowControl.java:220)
	at org.ccnx.ccn.io.CCNOutputStream.startWrite(CCNOutputStream.java:239)
	at org.ccnx.ccn.io.CCNOutputStream.<init>(CCNOutputStream.java:233)
	at org.ccnx.ccn.io.CCNOutputStream.<init>(CCNOutputStream.java:200)
	at org.ccnx.ccn.io.CCNVersionedOutputStream.<init>(CCNVersionedOutputStream.java:145)
	at org.ccnx.ccn.io.content.CCNNetworkObject.saveInternal(CCNNetworkObject.java:1014)
	at org.ccnx.ccn.io.content.CCNNetworkObject.save(CCNNetworkObject.java:894)
	at org.ccnx.ccn.impl.CCNNetworkTestRepo$BogusFilterListener.handleInterest(CCNNetworkTestRepo.java:132)
	at org.ccnx.ccn.AssertionCCNHandle$AssertionInterestHandler.handleInterest(AssertionCCNHandle.java:216)
	at org.ccnx.ccn.impl.CCNNetworkManager$Filter.deliver(CCNNetworkManager.java:538)
	at org.ccnx.ccn.impl.CCNNetworkManager.deliverInterest(CCNNetworkManager.java:1306)
	at org.ccnx.ccn.impl.CCNNetworkManager.run(CCNNetworkManager.java:1273)
	at java.lang.Thread.run(Thread.java:745)

三月 16, 2015 9:58:40 上午 org.ccnx.ccn.impl.repo.RepositoryFlowControl startWrite
警告: class java.lang.InterruptedException : null
三月 16, 2015 9:58:40 上午 org.ccnx.ccn.impl.repo.RepositoryFlowControl startWrite
警告: No response from a repository, cannot add name space : /ccnx.org/test/CCNNetworkTestRepo-15-03-16-09.58.16/networkTestRepo/bogus/=FD0550638C4287
三月 16, 2015 9:58:40 上午 org.ccnx.ccn.impl.repo.RepositoryFlowControl handleContent
信息: handleContent: got potential repo message: /ccnx.org/test/CCNNetworkTestRepo-15-03-16-09.58.16/networkTestRepo/bogus/=FD0550638C4287/%C1.R.sw/%C1.N%00frc%2B2%FEuK
三月 16, 2015 9:58:40 上午 org.ccnx.ccn.io.content.CCNNetworkObject createFlowController
信息: Created REPOSITORY flow controller, for prefix /ccnx.org/test/CCNNetworkTestRepo-15-03-16-09.58.16/networkTestRepo/bogus, save type REPOSITORY
三月 16, 2015 9:58:40 上午 org.ccnx.ccn.impl.CCNFlowControl addNameSpace
信息: Flow controller addNameSpace: added namespace: /ccnx.org/test/CCNNetworkTestRepo-15-03-16-09.58.16/networkTestRepo/bogus
三月 16, 2015 9:58:40 上午 org.ccnx.ccn.impl.security.keys.BasicKeyManager getKeyLocator
信息: getKeyLocator: returning locator NAME: /ccnx.org/Users/cb/Keys/%C1.M.K%00K=B082A16E5382FBAAA09FBE303E24E042E37E88C290E054292521DECA236523/=FD055059931000 KEY:itggagmsks2vela17tu60v29o22sdv8hgkgs1a2i991rr526p93 for key S7CCoW5TgvuqoJ++MD4k4ELjfojCkOBUKSUh3sojZSM=
三月 16, 2015 9:58:40 上午 org.ccnx.ccn.io.CCNAbstractOutputStream <init>
信息: CCNAbstractOutputStream: /ccnx.org/test/CCNNetworkTestRepo-15-03-16-09.58.16/networkTestRepo/bogus/=FD0550638D02B0 blocksize is 4096
三月 16, 2015 9:58:40 上午 org.ccnx.ccn.io.CCNAbstractOutputStream startWrite
信息: CCNAbstractOutputStream: startWrite -- searching for keys.
三月 16, 2015 9:58:40 上午 org.ccnx.ccn.profiles.security.access.AccessControlManager keysForOutput
信息: keysForOutput: found an acm: (null)
三月 16, 2015 9:58:40 上午 org.ccnx.ccn.impl.repo.RepositoryFlowControl startWrite
信息: RepositoryFlowControl.startWrite called for name /ccnx.org/test/CCNNetworkTestRepo-15-03-16-09.58.16/networkTestRepo/bogus/=FD0550638D02B0, shape STREAM
三月 16, 2015 9:58:41 上午 org.ccnx.ccn.impl.CCNNetworkTestRepo testBadCallback
信息: Completed testBadCallback
三月 16, 2015 9:58:41 上午 org.ccnx.ccn.impl.CCNNetworkManager shutdown
信息: NetworkManager 2: Shutdown requested
三月 16, 2015 9:58:41 上午 org.ccnx.ccn.impl.CCNNetworkChannel close
信息: NetworkChannel 2: close(false)
三月 16, 2015 9:58:41 上午 org.ccnx.ccn.impl.repo.RepositoryFlowControl startWrite
警告: class java.lang.InterruptedException : null
三月 16, 2015 9:58:41 上午 org.ccnx.ccn.impl.repo.RepositoryFlowControl startWrite
警告: No response from a repository, cannot add name space : /ccnx.org/test/CCNNetworkTestRepo-15-03-16-09.58.16/networkTestRepo/bogus/=FD0550638D02B0
三月 16, 2015 9:58:41 上午 org.ccnx.ccn.impl.CCNNetworkManager run
信息: NetworkManager 2: Shutdown complete for port: 63000
三月 16, 2015 9:58:41 上午 org.ccnx.ccn.impl.CCNNetworkManager shutdown
信息: NetworkManager 3: Shutdown requested
三月 16, 2015 9:58:41 上午 org.ccnx.ccn.impl.CCNNetworkChannel close
信息: NetworkChannel 3: close(false)
三月 16, 2015 9:58:41 上午 org.ccnx.ccn.impl.CCNNetworkManager run
信息: NetworkManager 3: Shutdown complete for port: 63000
三月 16, 2015 9:58:41 上午 org.ccnx.ccn.impl.CCNNetworkManager shutdown
信息: NetworkManager 1: Shutdown requested
三月 16, 2015 9:58:41 上午 org.ccnx.ccn.impl.CCNNetworkChannel close
信息: NetworkChannel 1: close(false)
三月 16, 2015 9:58:41 上午 org.ccnx.ccn.impl.CCNNetworkManager run
信息: NetworkManager 1: Shutdown complete for port: 63000
三月 16, 2015 9:58:41 上午 org.ccnx.ccn.impl.security.keys.BasicKeyManager saveSecureKeyCache
信息: Not saving key manager secure key cache data in response to user configuration variable.
]]></system-err>
</testsuite>
