<?xml version="1.0" encoding="UTF-8" ?>
<testsuite errors="0" failures="0" hostname="cb-ThinkPad-X240" name="org.ccnx.ccn.profiles.sync.SyncTestRepo" skipped="0" tests="9" time="90.238" timestamp="2015-03-16T01:59:21">
  <properties>
    <property name="env.DESKTOP_SESSION" value="ubuntu" />
    <property name="env.OLDPWD" value="/home/cb/work/ccnx-0.8.2" />
    <property name="file.encoding.pkg" value="sun.io" />
    <property name="env.SELINUX_INIT" value="YES" />
    <property name="REPO_LOCAL_ROOT" value="repotest" />
    <property name="repozip" value="repotest.zip" />
    <property name="java.home" value="/home/cb/work/java/jdk1.7.0_75/jre" />
    <property name="bcprov-jar" value="/home/cb/work/ccnx-0.8.2/javasrc/lib/bcprov-jdk16-143.jar" />
    <property name="env.GDM_LANG" value="zh_CN" />
    <property name="src.test.dir" value="/home/cb/work/ccnx-0.8.2/javasrc/src/test" />
    <property name="env.DISPLAY" value=":0" />
    <property name="PROTOCOL_KEY" value="ccn.agent.protocol" />
    <property name="env.LS_COLORS" value="rs=0:di=01;34:ln=01;36:mh=00:pi=40;33:so=01;35:do=01;35:bd=40;33;01:cd=40;33;01:or=40;31;01:su=37;41:sg=30;43:ca=30;41:tw=30;42:ow=34;42:st=37;44:ex=01;32:*.tar=01;31:*.tgz=01;31:*.arj=01;31:*.taz=01;31:*.lzh=01;31:*.lzma=01;31:*.tlz=01;31:*.txz=01;31:*.zip=01;31:*.z=01;31:*.Z=01;31:*.dz=01;31:*.gz=01;31:*.lz=01;31:*.xz=01;31:*.bz2=01;31:*.bz=01;31:*.tbz=01;31:*.tbz2=01;31:*.tz=01;31:*.deb=01;31:*.rpm=01;31:*.jar=01;31:*.war=01;31:*.ear=01;31:*.sar=01;31:*.rar=01;31:*.ace=01;31:*.zoo=01;31:*.cpio=01;31:*.7z=01;31:*.rz=01;31:*.jpg=01;35:*.jpeg=01;35:*.gif=01;35:*.bmp=01;35:*.pbm=01;35:*.pgm=01;35:*.ppm=01;35:*.tga=01;35:*.xbm=01;35:*.xpm=01;35:*.tif=01;35:*.tiff=01;35:*.png=01;35:*.svg=01;35:*.svgz=01;35:*.mng=01;35:*.pcx=01;35:*.mov=01;35:*.mpg=01;35:*.mpeg=01;35:*.m2v=01;35:*.mkv=01;35:*.webm=01;35:*.ogm=01;35:*.mp4=01;35:*.m4v=01;35:*.mp4v=01;35:*.vob=01;35:*.qt=01;35:*.nuv=01;35:*.wmv=01;35:*.asf=01;35:*.rm=01;35:*.rmvb=01;35:*.flc=01;35:*.avi=01;35:*.fli=01;35:*.flv=01;35:*.gl=01;35:*.dl=01;35:*.xcf=01;35:*.xwd=01;35:*.yuv=01;35:*.cgm=01;35:*.emf=01;35:*.axv=01;35:*.anx=01;35:*.ogv=01;35:*.ogx=01;35:*.aac=00;36:*.au=00;36:*.flac=00;36:*.mid=00;36:*.midi=00;36:*.mka=00;36:*.mp3=00;36:*.mpc=00;36:*.ogg=00;36:*.ra=00;36:*.wav=00;36:*.axa=00;36:*.oga=00;36:*.spx=00;36:*.xspf=00;36:" />
    <property name="env.XDG_VTNR" value="7" />
    <property name="env.XDG_GREETER_DATA_DIR" value="/var/lib/lightdm-data/cb" />
    <property name="jarfile" value="/home/cb/work/ccnx-0.8.2/javasrc/ccn.jar" />
    <property name="java.endorsed.dirs" value="/home/cb/work/java/jdk1.7.0_75/jre/lib/endorsed" />
    <property name="env.LOGNAME" value="cb" />
    <property name="env.UBUNTU_MENUPROXY" value="1" />
    <property name="src.dir" value="/home/cb/work/ccnx-0.8.2/javasrc/src/main" />
    <property name="env.XDG_SEAT" value="seat0" />
    <property name="build-excludes" value="bin/**, log/**, lib/**, libsrc/**, repository/**, build/**, testout/**, ktrace.out, CCN_DEBUG_DATA/**" />
    <property name="env.LC_PAPER" value="zh_CN.UTF-8" />
    <property name="sun.os.patch.level" value="unknown" />
    <property name="java.vendor.url" value="http://java.oracle.com/" />
    <property name="env.XDG_SEAT_PATH" value="/org/freedesktop/DisplayManager/Seat0" />
    <property name="env.MANDATORY_PATH" value="/usr/share/gconf/ubuntu.mandatory.path" />
    <property name="java.version" value="1.7.0_75" />
    <property name="java.vendor.url.bug" value="http://bugreport.sun.com/bugreport/" />
    <property name="env.LANGUAGE" value="zh_CN:zh:en_US:en" />
    <property name="REPO_ROOT" value="/home/cb/work/ccnx-0.8.2/javasrc/testout/repotest" />
    <property name="ant.project.invoked-targets" value="test" />
    <property name="env.XDG_DATA_DIRS" value="/usr/share/ubuntu:/usr/share/gnome:/usr/local/share/:/usr/share/" />
    <property name="env.GNOME_KEYRING_CONTROL" value="/run/user/1000/keyring-jvPvKj" />
    <property name="USE_KEY_CONFIG_KEY" value="org.ccnx.config.UseKeyConfiguration" />
    <property name="env.UPSTART_SESSION" value="unix:abstract=/com/ubuntu/upstart-session/1000/1640" />
    <property name="user.name" value="cb" />
    <property name="env.LANG" value="zh_CN.UTF-8" />
    <property name="ccn.agent.port" value="63000" />
    <property name="env.LC_MONETARY" value="zh_CN.UTF-8" />
    <property name="sun.io.unicode.encoding" value="UnicodeLittle" />
    <property name="sun.jnu.encoding" value="UTF-8" />
    <property name="env.DBUS_SESSION_BUS_ADDRESS" value="unix:abstract=/tmp/dbus-rsLQ7IJ5pU" />
    <property name="java.runtime.name" value="Java(TM) SE Runtime Environment" />
    <property name="env.LC_NAME" value="zh_CN.UTF-8" />
    <property name="REPO_ROOT2" value="/home/cb/work/ccnx-0.8.2/javasrc/testout/repotest2" />
    <property name="java.specification.name" value="Java Platform API Specification" />
    <property name="ant.file.ccn-libs" value="/home/cb/work/ccnx-0.8.2/javasrc/libs.xml" />
    <property name="user.timezone" value="" />
    <property name="env.LESSOPEN" value="| /usr/bin/lesspipe %s" />
    <property name="path.separator" value=":" />
    <property name="junit-jar" value="/home/cb/work/ccnx-0.8.2/javasrc/lib/junit-4.3.1.jar" />
    <property name="env.XMODIFIERS" value="@im=fcitx" />
    <property name="file.encoding" value="UTF-8" />
    <property name="ant.project.default-target" value="jar" />
    <property name="build" value="/home/cb/work/ccnx-0.8.2/javasrc/build" />
    <property name="lib" value="/home/cb/work/ccnx-0.8.2/javasrc/lib" />
    <property name="env.HOME" value="/home/cb" />
    <property name="sun.java.command" value="org.apache.tools.ant.taskdefs.optional.junit.JUnitTestRunner org.ccnx.ccn.profiles.sync.SyncTestRepo skipNonTests=false filtertrace=true haltOnError=false haltOnFailure=true formatter=org.apache.tools.ant.taskdefs.optional.junit.SummaryJUnitResultFormatter showoutput=false outputtoformatters=true logfailedtests=true logtestlistenerevents=false formatter=org.apache.tools.ant.taskdefs.optional.junit.XMLJUnitResultFormatter,/home/cb/work/ccnx-0.8.2/javasrc/testout/TEST-org.ccnx.ccn.profiles.sync.SyncTestRepo.xml crashfile=/home/cb/work/ccnx-0.8.2/javasrc/junitvmwatcher2850944769364453509.properties propsfile=/home/cb/work/ccnx-0.8.2/javasrc/junit6448841125966135682.properties" />
    <property name="ant.file" value="/home/cb/work/ccnx-0.8.2/javasrc/build.xml" />
    <property name="env.LC_TELEPHONE" value="zh_CN.UTF-8" />
    <property name="env._" value="/usr/bin/make" />
    <property name="org.ccnx.ccn.LogDir" value="/home/cb/work/ccnx-0.8.2/javasrc/testout/log" />
    <property name="java.io.tmpdir" value="/tmp" />
    <property name="env.LC_IDENTIFICATION" value="zh_CN.UTF-8" />
    <property name="env.GNOME_KEYRING_PID" value="1635" />
    <property name="user.language" value="zh" />
    <property name="EXIT_ON_ERROR" value="org.ccnx.ExitOnNetworkError" />
    <property name="env.UPSTART_EVENTS" value="started starting" />
    <property name="line.separator" value="&#xa;" />
    <property name="ant.file.type" value="file" />
    <property name="env.SSH_AGENT_LAUNCHER" value="upstart" />
    <property name="env.SSH_AGENT_PID" value="1693" />
    <property name="env.CLUTTER_IM_MODULE" value="xim" />
    <property name="java.vm.info" value="mixed mode" />
    <property name="LOGDIR_KEY" value="org.ccnx.ccn.LogDir" />
    <property name="sun.desktop" value="gnome" />
    <property name="java.vm.specification.name" value="Java Virtual Machine Specification" />
    <property name="env.COLORTERM" value="gnome-terminal" />
    <property name="TEST_PORT" value="63000" />
    <property name="env.TEXTDOMAIN" value="im-config" />
    <property name="env.LC_MEASUREMENT" value="zh_CN.UTF-8" />
    <property name="env.IM_CONFIG_PHASE" value="1" />
    <property name="org.ccnx.ccn.LogLevel.Test" value="INFO" />
    <property name="org.ccnx.config.UseKeyConfiguration" value="false" />
    <property name="env.LC_TIME" value="zh_CN.UTF-8" />
    <property name="env.GDMSESSION" value="ubuntu" />
    <property name="java.awt.printerjob" value="sun.print.PSPrinterJob" />
    <property name="env.VTE_VERSION" value="3409" />
    <property name="env.DEFAULTS_PATH" value="/usr/share/gconf/ubuntu.default.path" />
    <property name="ant.version" value="Apache Ant(TM) version 1.9.3 compiled on April 8 2014" />
    <property name="org.ccnx.ccn.LogLevel.Sync" value="INFO" />
    <property name="env.WINDOWID" value="20971532" />
    <property name="REPO_LOCAL" value="TestRepository" />
    <property name="env.COMPIZ_CONFIG_PROFILE" value="ubuntu" />
    <property name="env.XDG_SESSION_PATH" value="/org/freedesktop/DisplayManager/Session0" />
    <property name="env.JOB" value="gnome-session" />
    <property name="ant.file.type.java-ccnx" value="file" />
    <property name="env.MAKEFLAGS" value="w" />
    <property name="env.CLASSPATH" value=".:.:$CLASSPATH:$JAVA_HOME/lib:$JAVA_HOME/jre/lib:/home/cb/work/java/jdk1.7.0_75/lib:/home/cb/work/java/jdk1.7.0_75/jre/lib" />
    <property name="os.name" value="Linux" />
    <property name="java.specification.vendor" value="Oracle Corporation" />
    <property name="xml-jar" value="/home/cb/work/ccnx-0.8.2/javasrc/lib/kxml2-2.3.0.jar" />
    <property name="env.TERM" value="xterm" />
    <property name="java.vm.name" value="Java HotSpot(TM) 64-Bit Server VM" />
    <property name="env.QT_IM_MODULE" value="xim" />
    <property name="java.library.path" value="/usr/java/packages/lib/amd64:/usr/lib64:/lib64:/lib:/usr/lib" />
    <property name="env.PATH" value="/home/cb/work/java/jdk1.7.0_75/bin:/home/cb/work/java/jdk1.7.0_75/jre/bin:/usr/local/sbin:/usr/local/bin:/usr/sbin:/usr/bin:/sbin:/bin:/usr/games:/usr/local/games:/home/cb/bin" />
    <property name="CCND_CAP" value="50000" />
    <property name="env.LESSCLOSE" value="/usr/bin/lesspipe %s %s" />
    <property name="ant.java.version" value="1.7" />
    <property name="env.TEXTDOMAINDIR" value="/usr/share/locale/" />
    <property name="basedir" value="/home/cb/work/ccnx-0.8.2/javasrc" />
    <property name="java.class.version" value="51.0" />
    <property name="env.SHLVL" value="1" />
    <property name="ant.home" value="/usr/share/ant" />
    <property name="DEBUG_OPTIONS" value="" />
    <property name="org.ccnx.ExitOnNetworkError" value="true" />
    <property name="repo2" value="true" />
    <property name="env.UPSTART_JOB" value="unity-settings-daemon" />
    <property name="CCND_CMD" value="../../csrc/ccnd/ccnd" />
    <property name="JAVA_MEMORY" value="1g" />
    <property name="src.systemtest.dir" value="/home/cb/work/ccnx-0.8.2/javasrc/src/systemtest" />
    <property name="sun.boot.library.path" value="/home/cb/work/java/jdk1.7.0_75/jre/lib/amd64" />
    <property name="sun.management.compiler" value="HotSpot 64-Bit Tiered Compilers" />
    <property name="java.awt.graphicsenv" value="sun.awt.X11GraphicsEnvironment" />
    <property name="env.USER" value="cb" />
    <property name="env.GTK_IM_MODULE" value="fcitx" />
    <property name="env.GTK_MODULES" value="overlay-scrollbar:unity-gtk-module" />
    <property name="env.JRE_HOME" value="/home/cb/work/java/jdk1.7.0_75/jre" />
    <property name="ant.project.name" value="java-ccnx" />
    <property name="env.SESSIONTYPE" value="gnome-session" />
    <property name="java.vm.specification.version" value="1.7" />
    <property name="UNIT_TOP_DIR" value="../src/test" />
    <property name="SYNC_NOISY" value="INFO" />
    <property name="env.NLSPATH" value="/usr/dt/lib/nls/msg/%L/%N.cat" />
    <property name="awt.toolkit" value="sun.awt.X11.XToolkit" />
    <property name="sun.cpu.isalist" value="" />
    <property name="cmddir" value="/home/cb/work/ccnx-0.8.2/csrc/cmd" />
    <property name="java.ext.dirs" value="/home/cb/work/java/jdk1.7.0_75/jre/lib/ext:/usr/java/packages/lib/ext" />
    <property name="os.version" value="3.13.0-32-generic" />
    <property name="env.QT_QPA_PLATFORMTHEME" value="appmenu-qt5" />
    <property name="user.home" value="/home/cb" />
    <property name="env.XDG_CURRENT_DESKTOP" value="Unity" />
    <property name="ant.file.type.ccn-libs" value="file" />
    <property name="java.vm.vendor" value="Oracle Corporation" />
    <property name="env.JAVA_HOME" value="/home/cb/work/java/jdk1.7.0_75" />
    <property name="env.XDG_SESSION_ID" value="c2" />
    <property name="env.XAUTHORITY" value="/home/cb/.Xauthority" />
    <property name="REPO_GLOBAL" value="/parc.com/csl/ccn/repositories/TestRepository" />
    <property name="user.dir" value="/home/cb/work/ccnx-0.8.2/javasrc/testout" />
    <property name="env.XFILESEARCHPATH" value="/usr/dt/app-defaults/%L/Dt" />
    <property name="TOP_DIR" value="../src/systemtest" />
    <property name="env.PWD" value="/home/cb/work/ccnx-0.8.2/javasrc" />
    <property name="env.MAKELEVEL" value="2" />
    <property name="sun.cpu.endian" value="little" />
    <property name="env.MFLAGS" value="-w" />
    <property name="testout" value="/home/cb/work/ccnx-0.8.2/javasrc/testout" />
    <property name="java.vm.version" value="24.75-b04" />
    <property name="java.class.path" value="/home/cb/work/ccnx-0.8.2/javasrc/lib/bcprov-jdk16-143.jar:/home/cb/work/ccnx-0.8.2/javasrc/lib/kxml2-2.3.0.jar:/home/cb/work/ccnx-0.8.2/javasrc/lib/junit-4.3.1.jar:/home/cb/work/ccnx-0.8.2/javasrc/ccn.jar:/home/cb/work/ccnx-0.8.2/javasrc:/home/cb/work/java/jdk1.7.0_75/lib:/home/cb/work/java/jdk1.7.0_75/jre/lib:/usr/share/java/ant-launcher-1.9.3.jar:/usr/share/ant/lib/ant.jar:/usr/share/ant/lib/ant-junit.jar:/usr/share/ant/lib/ant-junit4.jar" />
    <property name="env.LC_ADDRESS" value="zh_CN.UTF-8" />
    <property name="ant.library.dir" value="/usr/share/ant/lib" />
    <property name="ccnr" value="/home/cb/work/ccnx-0.8.2/csrc/ccnr/ccnr" />
    <property name="os.arch" value="amd64" />
    <property name="env.LC_NUMERIC" value="zh_CN.UTF-8" />
    <property name="jarfile-base" value="ccn.jar" />
    <property name="sun.java.launcher" value="SUN_STANDARD" />
    <property name="testoutlog" value="/home/cb/work/ccnx-0.8.2/javasrc/testout/log" />
    <property name="ccnd" value="/home/cb/work/ccnx-0.8.2/csrc/ccnd/ccnd" />
    <property name="ant.core.lib" value="/usr/share/ant/lib/ant.jar" />
    <property name="java.vm.specification.vendor" value="Oracle Corporation" />
    <property name="env.UPSTART_INSTANCE" value="" />
    <property name="ccn-libs-basedir" value="/home/cb/work/ccnx-0.8.2/javasrc" />
    <property name="file.separator" value="/" />
    <property name="ant.file.java-ccnx" value="/home/cb/work/ccnx-0.8.2/javasrc/build.xml" />
    <property name="java.runtime.version" value="1.7.0_75-b13" />
    <property name="sun.boot.class.path" value="/home/cb/work/java/jdk1.7.0_75/jre/lib/resources.jar:/home/cb/work/java/jdk1.7.0_75/jre/lib/rt.jar:/home/cb/work/java/jdk1.7.0_75/jre/lib/sunrsasign.jar:/home/cb/work/java/jdk1.7.0_75/jre/lib/jsse.jar:/home/cb/work/java/jdk1.7.0_75/jre/lib/jce.jar:/home/cb/work/java/jdk1.7.0_75/jre/lib/charsets.jar:/home/cb/work/java/jdk1.7.0_75/jre/lib/jfr.jar:/home/cb/work/java/jdk1.7.0_75/jre/classes" />
    <property name="env.SSH_AUTH_SOCK" value="/run/user/1000/keyring-jvPvKj/ssh" />
    <property name="env.QT4_IM_MODULE" value="fcitx" />
    <property name="env.XDG_RUNTIME_DIR" value="/run/user/1000" />
    <property name="env.XDG_CONFIG_DIRS" value="/etc/xdg/xdg-ubuntu:/usr/share/upstart/xdg:/etc/xdg" />
    <property name="USE_KEY_CONFIG_VAL" value="false" />
    <property name="user.country" value="CN" />
    <property name="env.SHELL" value="/bin/bash" />
    <property name="env.INSTANCE" value="Unity" />
    <property name="java.vendor" value="Oracle Corporation" />
    <property name="showoutput" value="no" />
    <property name="CCND_DEBUG" value="87" />
    <property name="env.GPG_AGENT_INFO" value="/run/user/1000/keyring-jvPvKj/gpg:0:1" />
    <property name="java.specification.version" value="1.7" />
    <property name="sun.arch.data.model" value="64" />
    <property name="env.GNOME_DESKTOP_SESSION_ID" value="this-is-deprecated" />
  </properties>
  <testcase classname="org.ccnx.ccn.profiles.sync.SyncTestRepo" name="testSyncStartWithoutHandle" time="0.389" />
  <testcase classname="org.ccnx.ccn.profiles.sync.SyncTestRepo" name="testSyncClose" time="18.221" />
  <testcase classname="org.ccnx.ccn.profiles.sync.SyncTestRepo" name="testCallbackRegistration" time="5.076" />
  <testcase classname="org.ccnx.ccn.profiles.sync.SyncTestRepo" name="testSyncRestart" time="17.988" />
  <testcase classname="org.ccnx.ccn.profiles.sync.SyncTestRepo" name="testSyncRoot" time="13.878" />
  <testcase classname="org.ccnx.ccn.profiles.sync.SyncTestRepo" name="testSyncStartName" time="5.085" />
  <testcase classname="org.ccnx.ccn.profiles.sync.SyncTestRepo" name="testMultiSync" time="7.143" />
  <testcase classname="org.ccnx.ccn.profiles.sync.SyncTestRepo" name="testSyncRecovery" time="16.964" />
  <testcase classname="org.ccnx.ccn.profiles.sync.SyncTestRepo" name="testSyncStartWithHandle" time="0.414" />
  <system-out><![CDATA[Writing log records to /home/cb/work/ccnx-0.8.2/javasrc/testout/log/ccn_15-03-16-095921-5111.log
]]></system-out>
  <system-err><![CDATA[三月 16, 2015 9:59:21 上午 org.ccnx.ccn.CCNTestHelper <init>
信息: Initializing test org.ccnx.ccn.profiles.sync.SyncTestRepo, data can be found under /ccnx.org/test/SyncTestRepo-15-03-16-09.59.21.
三月 16, 2015 9:59:22 上午 org.ccnx.ccn.impl.security.keys.BasicKeyManager loadKeyStore
信息: Loading CCN key store from /home/cb/.ccnx/.ccnx_keystore...last modified 1426430257000(ms).
三月 16, 2015 9:59:22 上午 org.ccnx.ccn.impl.security.keys.BasicKeyManager readKeyStore
信息: Loading CCN key store...
三月 16, 2015 9:59:22 上午 org.ccnx.ccn.impl.security.keys.BasicKeyManager loadKeyStore
信息: Loaded CCN key store from /home/cb/.ccnx/.ccnx_keystore...version 2015-03-15 22:37:37.0 ms: 1426430257000
三月 16, 2015 9:59:22 上午 org.ccnx.ccn.impl.security.keys.BasicKeyManager loadValuesFromKeystore
信息: Loading key store file:/home/cb/.ccnx/.ccnx_keystore version 2015-03-15 22:37:37.0 version component =FD055059931000 millis 1426430257000
三月 16, 2015 9:59:22 上午 org.ccnx.ccn.impl.security.keys.BasicKeyManager loadValuesFromKeystore
信息: Default key ID for user cb: S7CCoW5TgvuqoJ++MD4k4ELjfojCkOBUKSUh3sojZSM=
三月 16, 2015 9:59:22 上午 org.ccnx.ccn.impl.security.keys.SecureKeyCache loadKeyStore
信息: KeyCache: loading signing key S7CCoW5TgvuqoJ++MD4k4ELjfojCkOBUKSUh3sojZSM=, remembering public key in public key cache.
三月 16, 2015 9:59:22 上午 org.ccnx.ccn.impl.security.keys.SecureKeyCache addMySigningKey
信息: SecureKeyCache: adding my private key 4bb082a16e5382fbaaa09fbe303e24e042e37e88c290e054292521deca236523
三月 16, 2015 9:59:22 上午 org.ccnx.ccn.impl.security.keys.BasicKeyManager loadValuesFromConfiguration
信息: Not loading key manager configuration data in response to user configuration variable.
三月 16, 2015 9:59:22 上午 org.ccnx.ccn.impl.CCNNetworkManager <init>
警告: NetworkManager 1: Non-standard CCN agent port 63000 per property ccn.agent.port
三月 16, 2015 9:59:22 上午 org.ccnx.ccn.impl.CCNNetworkManager <init>
信息: NetworkManager 1: Contacting CCN agent at localhost:63000
三月 16, 2015 9:59:22 上午 org.ccnx.ccn.impl.CCNNetworkChannel <init>
信息: NetworkChannel 1: Starting up CCNNetworkChannel using TCP.
三月 16, 2015 9:59:22 上午 org.ccnx.ccn.impl.CCNNetworkChannel open
信息: NetworkChannel 1: open()
三月 16, 2015 9:59:22 上午 org.ccnx.ccn.impl.CCNNetworkChannel open
信息: NetworkChannel 1: Contacting CCN agent at localhost:63000 on local port 49894
三月 16, 2015 9:59:22 上午 org.ccnx.ccn.CCNHandle <init>
信息: CCNHandle 1: Handle is now open
三月 16, 2015 9:59:22 上午 org.ccnx.ccn.impl.CCNNetworkManager run
信息: NetworkManager 1: CCNNetworkManager processing thread started for port: 63000
三月 16, 2015 9:59:22 上午 org.ccnx.ccn.impl.security.keys.PublicKeyCache getPublicKeyObject
信息: Retrieved key iJPI7Cmegb1Hcmae9Dh1J+cJOpYkf1b+DGlC3el8x9w= using locator NAME: /%C1.M.S.localhost/%C1.M.SRV/ccnd/KEY/%C1.M.K=008893C8EC299E81BD4772669EF4387527E7093A96247F56FE0C6942DDE97CC7DC/=FD055063717EB3.
三月 16, 2015 9:59:22 上午 org.ccnx.ccn.impl.security.keys.PublicKeyCache getPublicKeyObject
信息: Retrieved key iJPI7Cmegb1Hcmae9Dh1J+cJOpYkf1b+DGlC3el8x9w= using locator NAME: /%C1.M.S.localhost/%C1.M.SRV/ccnd/KEY/%C1.M.K=008893C8EC299E81BD4772669EF4387527E7093A96247F56FE0C6942DDE97CC7DC/=FD055063717EB3 - got /%C1.M.S.localhost/%C1.M.SRV/ccnd/KEY/%C1.M.K=008893C8EC299E81BD4772669EF4387527E7093A96247F56FE0C6942DDE97CC7DC/=FD055063717EB3/=00
三月 16, 2015 9:59:22 上午 org.ccnx.ccn.io.CCNAbstractInputStream <init>
信息: CCNAbstractInputStream: /%C1.M.S.localhost/%C1.M.SRV/ccnd/KEY/%C1.M.K=008893C8EC299E81BD4772669EF4387527E7093A96247F56FE0C6942DDE97CC7DC/=FD055063717EB3 segment 0
三月 16, 2015 9:59:22 上午 org.ccnx.ccn.impl.security.keys.PublicKeyCache getPublicKeyObject
信息: Retrieved public key using name: /%C1.M.S.localhost/%C1.M.SRV/ccnd/KEY/%C1.M.K=008893C8EC299E81BD4772669EF4387527E7093A96247F56FE0C6942DDE97CC7DC/=FD055063717EB3
三月 16, 2015 9:59:22 上午 org.ccnx.ccn.impl.security.keys.PublicKeyCache getPublicKey
信息: Retrieved key iJPI7Cmegb1Hcmae9Dh1J+cJOpYkf1b+DGlC3el8x9w= from network with locator NAME: /%C1.M.S.localhost/%C1.M.SRV/ccnd/KEY/%C1.M.K=008893C8EC299E81BD4772669EF4387527E7093A96247F56FE0C6942DDE97CC7DC/=FD055063717EB3!
三月 16, 2015 9:59:22 上午 org.ccnx.ccn.config.PlatformConfiguration <clinit>
信息: BC provider: BC
三月 16, 2015 9:59:22 上午 org.ccnx.ccn.config.PlatformConfiguration <clinit>
信息: Provider info: BouncyCastle Security Provider v1.43 version: 1.43
三月 16, 2015 9:59:22 上午 org.ccnx.ccn.config.PlatformConfiguration <clinit>
信息: java.vm.name = Java HotSpot(TM) 64-Bit Server VM
三月 16, 2015 9:59:22 上午 org.ccnx.ccn.impl.CCNFlowControl addNameSpace
信息: Flow controller addNameSpace: added namespace: /ccnx.org/Users/cb/Keys/%C1.M.K%00K=B082A16E5382FBAAA09FBE303E24E042E37E88C290E054292521DECA236523/=FD055059931000
三月 16, 2015 9:59:22 上午 org.ccnx.ccn.impl.security.keys.BasicKeyManager getKeyLocator
信息: getKeyLocator: returning locator KEY: S7CCoW5TgvuqoJ++MD4k4ELjfojCkOBUKSUh3sojZSM= for key S7CCoW5TgvuqoJ++MD4k4ELjfojCkOBUKSUh3sojZSM=
三月 16, 2015 9:59:22 上午 org.ccnx.ccn.KeyManager publishKey
信息: publishKey: key not previously published, making new key object /ccnx.org/Users/cb/Keys/%C1.M.K%00K=B082A16E5382FBAAA09FBE303E24E042E37E88C290E054292521DECA236523 with version 2015-03-15 22:37:37.0 displayed as =FD055059931000
三月 16, 2015 9:59:22 上午 org.ccnx.ccn.io.CCNAbstractOutputStream <init>
信息: CCNAbstractOutputStream: /ccnx.org/Users/cb/Keys/%C1.M.K%00K=B082A16E5382FBAAA09FBE303E24E042E37E88C290E054292521DECA236523/=FD055059931000 blocksize is 4096
三月 16, 2015 9:59:22 上午 org.ccnx.ccn.io.CCNAbstractOutputStream startWrite
信息: CCNAbstractOutputStream: startWrite -- searching for keys.
三月 16, 2015 9:59:22 上午 org.ccnx.ccn.profiles.security.access.AccessControlManager keysForOutput
信息: keysForOutput: found an acm: (null)
三月 16, 2015 9:59:22 上午 org.ccnx.ccn.io.CCNOutputStream flushToNetwork
信息: flush: outputting to the segmenter, baseName /ccnx.org/Users/cb/Keys/%C1.M.K%00K=B082A16E5382FBAAA09FBE303E24E042E37E88C290E054292521DECA236523/=FD055059931000 basenameindex =00; 162 bytes written, holding back 162 flushing final blocks? false.
三月 16, 2015 9:59:22 上午 org.ccnx.ccn.io.CCNOutputStream flushToNetwork
信息: HEADER: CCNOutputStream: flushToNetwork: new _baseNameIndex 0
三月 16, 2015 9:59:22 上午 org.ccnx.ccn.io.CCNOutputStream flushToNetwork
信息: flush: outputting to the segmenter, baseName /ccnx.org/Users/cb/Keys/%C1.M.K%00K=B082A16E5382FBAAA09FBE303E24E042E37E88C290E054292521DECA236523/=FD055059931000 basenameindex =00; 162 bytes written, holding back 0 flushing final blocks? true.
三月 16, 2015 9:59:22 上午 org.ccnx.ccn.io.CCNOutputStream flushToNetwork
信息: HEADER: CCNOutputStream: flushToNetwork: new _baseNameIndex 1
三月 16, 2015 9:59:22 上午 org.ccnx.ccn.io.CCNOutputStream close
信息: CCNOutputStream close: /ccnx.org/Users/cb/Keys/%C1.M.K%00K=B082A16E5382FBAAA09FBE303E24E042E37E88C290E054292521DECA236523/=FD055059931000
三月 16, 2015 9:59:22 上午 org.ccnx.ccn.KeyManager publishKey
信息: Published key Sun RSA public key, 1024 bits
  modulus: 117279129325874211277607356849787251715570373721560580642141461638097818254948829770352070726044644268881781743762722938404103804101201617552769856641473514762103364862280112139804873614111497411688991215437978547538300080789649372572822228902620566756781843183599945687014465640524444441393207286473746734631
  public exponent: 65537 to name /ccnx.org/Users/cb/Keys/%C1.M.K%00K=B082A16E5382FBAAA09FBE303E24E042E37E88C290E054292521DECA236523/=FD055059931000 with key locator NAME: /ccnx.org/Users/cb/Keys/%C1.M.K%00K=B082A16E5382FBAAA09FBE303E24E042E37E88C290E054292521DECA236523/=FD055059931000 KEY:itggagmsks2vela17tu60v29o22sdv8hgkgs1a2i991rr526p93; ephemeral digest u%847=FC1E7E5718B412C13E5D0EB76C75EB3B3225BC0B24A5A124BC0EC0A526.
三月 16, 2015 9:59:22 上午 org.ccnx.ccn.impl.security.keys.BasicKeyManager publishKey
信息: publishKey: published key S7CCoW5TgvuqoJ++MD4k4ELjfojCkOBUKSUh3sojZSM=
 under specified key name /ccnx.org/Users/cb/Keys/%C1.M.K%00K=B082A16E5382FBAAA09FBE303E24E042E37E88C290E054292521DECA236523/=FD055059931000
 key locator: NAME: /ccnx.org/Users/cb/Keys/%C1.M.K%00K=B082A16E5382FBAAA09FBE303E24E042E37E88C290E054292521DECA236523/=FD055059931000 KEY:itggagmsks2vela17tu60v29o22sdv8hgkgs1a2i991rr526p93
三月 16, 2015 9:59:22 上午 org.ccnx.ccn.impl.security.keys.BasicKeyManager publishKey
信息: publishKey: storing key locator S7CCoW5TgvuqoJ++MD4k4ELjfojCkOBUKSUh3sojZSM= for key NAME: /ccnx.org/Users/cb/Keys/%C1.M.K%00K=B082A16E5382FBAAA09FBE303E24E042E37E88C290E054292521DECA236523/=FD055059931000 KEY:itggagmsks2vela17tu60v29o22sdv8hgkgs1a2i991rr526p93
三月 16, 2015 9:59:22 上午 org.ccnx.ccn.impl.CCNNetworkManager <init>
警告: NetworkManager 2: Non-standard CCN agent port 63000 per property ccn.agent.port
三月 16, 2015 9:59:22 上午 org.ccnx.ccn.impl.CCNNetworkManager <init>
信息: NetworkManager 2: Contacting CCN agent at localhost:63000
三月 16, 2015 9:59:22 上午 org.ccnx.ccn.impl.CCNNetworkChannel <init>
信息: NetworkChannel 2: Starting up CCNNetworkChannel using TCP.
三月 16, 2015 9:59:22 上午 org.ccnx.ccn.impl.CCNNetworkChannel open
信息: NetworkChannel 2: open()
三月 16, 2015 9:59:22 上午 org.ccnx.ccn.impl.CCNNetworkChannel open
信息: NetworkChannel 2: Contacting CCN agent at localhost:63000 on local port 49895
三月 16, 2015 9:59:22 上午 org.ccnx.ccn.CCNHandle <init>
信息: CCNHandle 2: Handle is now open
三月 16, 2015 9:59:22 上午 org.ccnx.ccn.impl.CCNNetworkManager <init>
警告: NetworkManager 3: Non-standard CCN agent port 63000 per property ccn.agent.port
三月 16, 2015 9:59:22 上午 org.ccnx.ccn.impl.CCNNetworkManager <init>
信息: NetworkManager 3: Contacting CCN agent at localhost:63000
三月 16, 2015 9:59:22 上午 org.ccnx.ccn.impl.CCNNetworkChannel <init>
信息: NetworkChannel 3: Starting up CCNNetworkChannel using TCP.
三月 16, 2015 9:59:22 上午 org.ccnx.ccn.impl.CCNNetworkChannel open
信息: NetworkChannel 3: open()
三月 16, 2015 9:59:22 上午 org.ccnx.ccn.impl.CCNNetworkChannel open
信息: NetworkChannel 3: Contacting CCN agent at localhost:63000 on local port 49896
三月 16, 2015 9:59:22 上午 org.ccnx.ccn.CCNHandle <init>
信息: CCNHandle 3: Handle is now open
三月 16, 2015 9:59:22 上午 org.ccnx.ccn.profiles.sync.SyncTestRepo testSyncStartWithoutHandle
信息: Starting testSyncStartWithoutHandle
三月 16, 2015 9:59:22 上午 org.ccnx.ccn.io.content.CCNNetworkObject createFlowController
信息: Created LOCALREPOSITORY flow controller, for prefix /%C1.M.S.localhost/%C1.S.cs/k%93O=B72921DE47C0F2D94DB537A365327BA0CB9D1174B78536D110F1C120BB, save type LOCALREPOSITORY
三月 16, 2015 9:59:22 上午 org.ccnx.ccn.impl.CCNNetworkManager run
信息: NetworkManager 3: CCNNetworkManager processing thread started for port: 63000
三月 16, 2015 9:59:22 上午 org.ccnx.ccn.profiles.VersioningProfile getLatestVersion
信息: getFirstBlockOfLatestVersion: no block available for later version of /%C1.M.S.localhost/%C1.S.cs/k%93O=B72921DE47C0F2D94DB537A365327BA0CB9D1174B78536D110F1C120BB
三月 16, 2015 9:59:22 上午 org.ccnx.ccn.impl.CCNFlowControl addNameSpace
信息: Flow controller addNameSpace: added namespace: /%C1.M.S.localhost/%C1.S.cs/k%93O=B72921DE47C0F2D94DB537A365327BA0CB9D1174B78536D110F1C120BB
三月 16, 2015 9:59:22 上午 org.ccnx.ccn.impl.security.keys.BasicKeyManager getKeyLocator
信息: getKeyLocator: returning locator NAME: /ccnx.org/Users/cb/Keys/%C1.M.K%00K=B082A16E5382FBAAA09FBE303E24E042E37E88C290E054292521DECA236523/=FD055059931000 KEY:itggagmsks2vela17tu60v29o22sdv8hgkgs1a2i991rr526p93 for key S7CCoW5TgvuqoJ++MD4k4ELjfojCkOBUKSUh3sojZSM=
三月 16, 2015 9:59:22 上午 org.ccnx.ccn.io.CCNAbstractOutputStream <init>
信息: CCNAbstractOutputStream: /%C1.M.S.localhost/%C1.S.cs/k%93O=B72921DE47C0F2D94DB537A365327BA0CB9D1174B78536D110F1C120BB/=FD0550638FAB27 blocksize is 4096
三月 16, 2015 9:59:22 上午 org.ccnx.ccn.io.CCNAbstractOutputStream startWrite
信息: CCNAbstractOutputStream: startWrite -- searching for keys.
三月 16, 2015 9:59:22 上午 org.ccnx.ccn.profiles.security.access.AccessControlManager keysForOutput
信息: keysForOutput: found an acm: (null)
三月 16, 2015 9:59:22 上午 org.ccnx.ccn.impl.repo.RepositoryFlowControl startWrite
信息: RepositoryFlowControl.startWrite called for name /%C1.M.S.localhost/%C1.S.cs/k%93O=B72921DE47C0F2D94DB537A365327BA0CB9D1174B78536D110F1C120BB/=FD0550638FAB27, shape STREAM
三月 16, 2015 9:59:22 上午 org.ccnx.ccn.impl.repo.RepositoryFlowControl handleContent
信息: handleContent: got potential repo message: /%C1.M.S.localhost/%C1.S.cs/k%93O=B72921DE47C0F2D94DB537A365327BA0CB9D1174B78536D110F1C120BB/=FD0550638FAB27/%C1.R.sw/%C1.N%00d=D4182217FEECAE
三月 16, 2015 9:59:22 上午 org.ccnx.ccn.io.CCNOutputStream flushToNetwork
信息: flush: outputting to the segmenter, baseName /%C1.M.S.localhost/%C1.S.cs/k%93O=B72921DE47C0F2D94DB537A365327BA0CB9D1174B78536D110F1C120BB/=FD0550638FAB27 basenameindex =00; 162 bytes written, holding back 162 flushing final blocks? false.
三月 16, 2015 9:59:22 上午 org.ccnx.ccn.io.CCNOutputStream flushToNetwork
信息: HEADER: CCNOutputStream: flushToNetwork: new _baseNameIndex 0
三月 16, 2015 9:59:22 上午 org.ccnx.ccn.io.CCNOutputStream flushToNetwork
信息: flush: outputting to the segmenter, baseName /%C1.M.S.localhost/%C1.S.cs/k%93O=B72921DE47C0F2D94DB537A365327BA0CB9D1174B78536D110F1C120BB/=FD0550638FAB27 basenameindex =00; 162 bytes written, holding back 0 flushing final blocks? true.
三月 16, 2015 9:59:22 上午 org.ccnx.ccn.io.CCNOutputStream flushToNetwork
信息: HEADER: CCNOutputStream: flushToNetwork: new _baseNameIndex 1
三月 16, 2015 9:59:22 上午 org.ccnx.ccn.io.CCNOutputStream close
信息: CCNOutputStream close: /%C1.M.S.localhost/%C1.S.cs/k%93O=B72921DE47C0F2D94DB537A365327BA0CB9D1174B78536D110F1C120BB/=FD0550638FAB27
三月 16, 2015 9:59:22 上午 org.ccnx.ccn.impl.sync.SliceComparator <init>
信息: Beginning sync monitoring from start
三月 16, 2015 9:59:22 上午 org.ccnx.ccn.CCNSync startSync
信息: Started sync with topo: /ccnx.org/test/SyncTestRepo-15-03-16-09.59.21/topoPrefix and prefix: /ccnx.org/test/SyncTestRepo-15-03-16-09.59.21/ccnSyncTest/slice2
三月 16, 2015 9:59:22 上午 org.ccnx.ccn.impl.sync.ProtocolBasedSyncMonitor shutdown
信息: Shutting down sync on slice: /ccnx.org/test/SyncTestRepo-15-03-16-09.59.21/ccnSyncTest/slice2
三月 16, 2015 9:59:22 上午 org.ccnx.ccn.profiles.sync.SyncTestRepo testSyncStartWithoutHandle
信息: Finished running testSyncStartWithoutHandle
三月 16, 2015 9:59:22 上午 org.ccnx.ccn.profiles.sync.SyncTestRepo testSyncClose
信息: Starting testSyncClose
三月 16, 2015 9:59:22 上午 org.ccnx.ccn.io.content.CCNNetworkObject createFlowController
信息: Created LOCALREPOSITORY flow controller, for prefix /%C1.M.S.localhost/%C1.S.cs/%A9G=AC9ED2F3BC5E6CFBF4C4D39CAE41DC9CB440D6B752EFFF09142A04FD71C4, save type LOCALREPOSITORY
三月 16, 2015 9:59:23 上午 org.ccnx.ccn.profiles.VersioningProfile getLatestVersion
信息: getFirstBlockOfLatestVersion: no block available for later version of /%C1.M.S.localhost/%C1.S.cs/%A9G=AC9ED2F3BC5E6CFBF4C4D39CAE41DC9CB440D6B752EFFF09142A04FD71C4
三月 16, 2015 9:59:23 上午 org.ccnx.ccn.impl.CCNFlowControl addNameSpace
信息: Flow controller addNameSpace: added namespace: /%C1.M.S.localhost/%C1.S.cs/%A9G=AC9ED2F3BC5E6CFBF4C4D39CAE41DC9CB440D6B752EFFF09142A04FD71C4
三月 16, 2015 9:59:23 上午 org.ccnx.ccn.impl.security.keys.BasicKeyManager getKeyLocator
信息: getKeyLocator: returning locator NAME: /ccnx.org/Users/cb/Keys/%C1.M.K%00K=B082A16E5382FBAAA09FBE303E24E042E37E88C290E054292521DECA236523/=FD055059931000 KEY:itggagmsks2vela17tu60v29o22sdv8hgkgs1a2i991rr526p93 for key S7CCoW5TgvuqoJ++MD4k4ELjfojCkOBUKSUh3sojZSM=
三月 16, 2015 9:59:23 上午 org.ccnx.ccn.io.CCNAbstractOutputStream <init>
信息: CCNAbstractOutputStream: /%C1.M.S.localhost/%C1.S.cs/%A9G=AC9ED2F3BC5E6CFBF4C4D39CAE41DC9CB440D6B752EFFF09142A04FD71C4/=FD0550638FB13F blocksize is 4096
三月 16, 2015 9:59:23 上午 org.ccnx.ccn.io.CCNAbstractOutputStream startWrite
信息: CCNAbstractOutputStream: startWrite -- searching for keys.
三月 16, 2015 9:59:23 上午 org.ccnx.ccn.profiles.security.access.AccessControlManager keysForOutput
信息: keysForOutput: found an acm: (null)
三月 16, 2015 9:59:23 上午 org.ccnx.ccn.impl.repo.RepositoryFlowControl startWrite
信息: RepositoryFlowControl.startWrite called for name /%C1.M.S.localhost/%C1.S.cs/%A9G=AC9ED2F3BC5E6CFBF4C4D39CAE41DC9CB440D6B752EFFF09142A04FD71C4/=FD0550638FB13F, shape STREAM
三月 16, 2015 9:59:23 上午 org.ccnx.ccn.impl.repo.RepositoryFlowControl handleContent
信息: handleContent: got potential repo message: /%C1.M.S.localhost/%C1.S.cs/%A9G=AC9ED2F3BC5E6CFBF4C4D39CAE41DC9CB440D6B752EFFF09142A04FD71C4/=FD0550638FB13F/%C1.R.sw/%C1.N=00AA1956230823785E
三月 16, 2015 9:59:23 上午 org.ccnx.ccn.io.CCNOutputStream flushToNetwork
信息: flush: outputting to the segmenter, baseName /%C1.M.S.localhost/%C1.S.cs/%A9G=AC9ED2F3BC5E6CFBF4C4D39CAE41DC9CB440D6B752EFFF09142A04FD71C4/=FD0550638FB13F basenameindex =00; 162 bytes written, holding back 162 flushing final blocks? false.
三月 16, 2015 9:59:23 上午 org.ccnx.ccn.io.CCNOutputStream flushToNetwork
信息: HEADER: CCNOutputStream: flushToNetwork: new _baseNameIndex 0
三月 16, 2015 9:59:23 上午 org.ccnx.ccn.io.CCNOutputStream flushToNetwork
信息: flush: outputting to the segmenter, baseName /%C1.M.S.localhost/%C1.S.cs/%A9G=AC9ED2F3BC5E6CFBF4C4D39CAE41DC9CB440D6B752EFFF09142A04FD71C4/=FD0550638FB13F basenameindex =00; 162 bytes written, holding back 0 flushing final blocks? true.
三月 16, 2015 9:59:23 上午 org.ccnx.ccn.io.CCNOutputStream flushToNetwork
信息: HEADER: CCNOutputStream: flushToNetwork: new _baseNameIndex 1
三月 16, 2015 9:59:23 上午 org.ccnx.ccn.io.CCNOutputStream close
信息: CCNOutputStream close: /%C1.M.S.localhost/%C1.S.cs/%A9G=AC9ED2F3BC5E6CFBF4C4D39CAE41DC9CB440D6B752EFFF09142A04FD71C4/=FD0550638FB13F
三月 16, 2015 9:59:23 上午 org.ccnx.ccn.impl.sync.SliceComparator <init>
信息: Beginning sync monitoring from start
三月 16, 2015 9:59:23 上午 org.ccnx.ccn.CCNSync startSync
信息: Started sync with topo: /ccnx.org/test/SyncTestRepo-15-03-16-09.59.21/topoPrefix and prefix: /ccnx.org/test/SyncTestRepo-15-03-16-09.59.21/ccnSyncTest/slice3
三月 16, 2015 9:59:23 上午 org.ccnx.ccn.impl.CCNFlowControl <init>
信息: adding namespace: /ccnx.org/test/SyncTestRepo-15-03-16-09.59.21/ccnSyncTest/slice3/randomFile
三月 16, 2015 9:59:23 上午 org.ccnx.ccn.impl.CCNNetworkManager run
信息: NetworkManager 2: CCNNetworkManager processing thread started for port: 63000
三月 16, 2015 9:59:23 上午 org.ccnx.ccn.impl.security.keys.BasicKeyManager getKeyLocator
信息: getKeyLocator: returning locator NAME: /ccnx.org/Users/cb/Keys/%C1.M.K%00K=B082A16E5382FBAAA09FBE303E24E042E37E88C290E054292521DECA236523/=FD055059931000 KEY:itggagmsks2vela17tu60v29o22sdv8hgkgs1a2i991rr526p93 for key S7CCoW5TgvuqoJ++MD4k4ELjfojCkOBUKSUh3sojZSM=
三月 16, 2015 9:59:23 上午 org.ccnx.ccn.io.CCNAbstractOutputStream <init>
信息: CCNAbstractOutputStream: /ccnx.org/test/SyncTestRepo-15-03-16-09.59.21/ccnSyncTest/slice3/randomFile/=FD0550638FB350 blocksize is 4096
三月 16, 2015 9:59:23 上午 org.ccnx.ccn.io.CCNAbstractOutputStream startWrite
信息: CCNAbstractOutputStream: startWrite -- searching for keys.
三月 16, 2015 9:59:23 上午 org.ccnx.ccn.profiles.security.access.AccessControlManager keysForOutput
信息: keysForOutput: found an acm: (null)
三月 16, 2015 9:59:23 上午 org.ccnx.ccn.impl.repo.RepositoryFlowControl startWrite
信息: RepositoryFlowControl.startWrite called for name /ccnx.org/test/SyncTestRepo-15-03-16-09.59.21/ccnSyncTest/slice3/randomFile/=FD0550638FB350, shape STREAM
三月 16, 2015 9:59:23 上午 org.ccnx.ccn.impl.repo.RepositoryFlowControl handleContent
信息: handleContent: got potential repo message: /ccnx.org/test/SyncTestRepo-15-03-16-09.59.21/ccnSyncTest/slice3/randomFile/=FD0550638FB350/%C1.R.sw/%C1.N=00C6E0432E0EC7F7B7
三月 16, 2015 9:59:23 上午 org.ccnx.ccn.io.CCNOutputStream flushToNetwork
信息: flush: outputting to the segmenter, baseName /ccnx.org/test/SyncTestRepo-15-03-16-09.59.21/ccnSyncTest/slice3/randomFile/=FD0550638FB350 basenameindex =0063; 4096 bytes written, holding back 4096 flushing final blocks? false.
三月 16, 2015 9:59:23 上午 org.ccnx.ccn.impl.CCNSegmenter outputCurrentBlocks
信息: flush: putting merkle tree to the network, name starts with /ccnx.org/test/SyncTestRepo-15-03-16-09.59.21/ccnSyncTest/slice3/randomFile/=FD0550638FB350/=00; 99 blocks
三月 16, 2015 9:59:23 上午 org.ccnx.ccn.impl.security.crypto.CCNMerkleTreeSigner signBlocks
信息: Signed tree of 99 leaves, 197 nodes.
三月 16, 2015 9:59:23 上午 org.ccnx.ccn.io.CCNOutputStream flushToNetwork
信息: HEADER: CCNOutputStream: flushToNetwork: new _baseNameIndex 99
三月 16, 2015 9:59:23 上午 org.ccnx.ccn.io.CCNOutputStream flushToNetwork
信息: flush: outputting to the segmenter, baseName /ccnx.org/test/SyncTestRepo-15-03-16-09.59.21/ccnSyncTest/slice3/randomFile/=FD0550638FB350 basenameindex =0063; 4096 bytes written, holding back 4096 flushing final blocks? false.
三月 16, 2015 9:59:23 上午 org.ccnx.ccn.io.CCNOutputStream flushToNetwork
信息: HEADER: CCNOutputStream: flushToNetwork: new _baseNameIndex 99
三月 16, 2015 9:59:23 上午 org.ccnx.ccn.io.CCNOutputStream flushToNetwork
信息: flush: outputting to the segmenter, baseName /ccnx.org/test/SyncTestRepo-15-03-16-09.59.21/ccnSyncTest/slice3/randomFile/=FD0550638FB350 basenameindex =0063; 4096 bytes written, holding back 0 flushing final blocks? true.
三月 16, 2015 9:59:23 上午 org.ccnx.ccn.io.CCNOutputStream flushToNetwork
信息: HEADER: CCNOutputStream: flushToNetwork: new _baseNameIndex 100
三月 16, 2015 9:59:23 上午 org.ccnx.ccn.io.CCNAbstractOutputStream <init>
信息: CCNAbstractOutputStream: /ccnx.org/test/SyncTestRepo-15-03-16-09.59.21/ccnSyncTest/slice3/randomFile/=FD0550638FB350/%C1.META.M/.header/=FD0550638FB4A8 blocksize is 4096
三月 16, 2015 9:59:23 上午 org.ccnx.ccn.io.CCNAbstractOutputStream startWrite
信息: CCNAbstractOutputStream: startWrite -- searching for keys.
三月 16, 2015 9:59:23 上午 org.ccnx.ccn.profiles.security.access.AccessControlManager keysForOutput
信息: keysForOutput: found an acm: (null)
三月 16, 2015 9:59:23 上午 org.ccnx.ccn.impl.repo.RepositoryFlowControl startWrite
信息: RepositoryFlowControl.startWrite called for name /ccnx.org/test/SyncTestRepo-15-03-16-09.59.21/ccnSyncTest/slice3/randomFile/=FD0550638FB350/%C1.META.M/.header/=FD0550638FB4A8, shape STREAM
三月 16, 2015 9:59:23 上午 org.ccnx.ccn.impl.repo.RepositoryFlowControl handleContent
信息: handleContent: got potential repo message: /ccnx.org/test/SyncTestRepo-15-03-16-09.59.21/ccnSyncTest/slice3/randomFile/=FD0550638FB350/%C1.META.M/.header/=FD0550638FB4A8/%C1.R.sw/%C1.N=00A61DBED58877D942
三月 16, 2015 9:59:23 上午 org.ccnx.ccn.io.CCNOutputStream flushToNetwork
信息: flush: outputting to the segmenter, baseName /ccnx.org/test/SyncTestRepo-15-03-16-09.59.21/ccnSyncTest/slice3/randomFile/=FD0550638FB350/%C1.META.M/.header/=FD0550638FB4A8 basenameindex =00; 70 bytes written, holding back 70 flushing final blocks? false.
三月 16, 2015 9:59:23 上午 org.ccnx.ccn.io.CCNOutputStream flushToNetwork
信息: HEADER: CCNOutputStream: flushToNetwork: new _baseNameIndex 0
三月 16, 2015 9:59:23 上午 org.ccnx.ccn.io.CCNOutputStream flushToNetwork
信息: flush: outputting to the segmenter, baseName /ccnx.org/test/SyncTestRepo-15-03-16-09.59.21/ccnSyncTest/slice3/randomFile/=FD0550638FB350/%C1.META.M/.header/=FD0550638FB4A8 basenameindex =00; 70 bytes written, holding back 70 flushing final blocks? false.
三月 16, 2015 9:59:23 上午 org.ccnx.ccn.io.CCNOutputStream flushToNetwork
信息: HEADER: CCNOutputStream: flushToNetwork: new _baseNameIndex 0
三月 16, 2015 9:59:23 上午 org.ccnx.ccn.io.CCNOutputStream flushToNetwork
信息: flush: outputting to the segmenter, baseName /ccnx.org/test/SyncTestRepo-15-03-16-09.59.21/ccnSyncTest/slice3/randomFile/=FD0550638FB350/%C1.META.M/.header/=FD0550638FB4A8 basenameindex =00; 70 bytes written, holding back 0 flushing final blocks? true.
三月 16, 2015 9:59:23 上午 org.ccnx.ccn.io.CCNOutputStream flushToNetwork
信息: HEADER: CCNOutputStream: flushToNetwork: new _baseNameIndex 1
三月 16, 2015 9:59:23 上午 org.ccnx.ccn.io.CCNOutputStream close
信息: CCNOutputStream close: /ccnx.org/test/SyncTestRepo-15-03-16-09.59.21/ccnSyncTest/slice3/randomFile/=FD0550638FB350/%C1.META.M/.header/=FD0550638FB4A8
三月 16, 2015 9:59:23 上午 org.ccnx.ccn.io.CCNOutputStream close
信息: CCNOutputStream close: /ccnx.org/test/SyncTestRepo-15-03-16-09.59.21/ccnSyncTest/slice3/randomFile/=FD0550638FB350
三月 16, 2015 9:59:23 上午 org.ccnx.ccn.profiles.sync.SyncTestCommon writeFile
信息: Wrote file to repository: /ccnx.org/test/SyncTestRepo-15-03-16-09.59.21/ccnSyncTest/slice3/randomFile/=FD0550638FB350 with 101 segments
三月 16, 2015 9:59:27 上午 org.ccnx.ccn.impl.sync.ProtocolBasedSyncMonitor handleContent
信息: Saw new content from sync: /ccnx.org/test/SyncTestRepo-15-03-16-09.59.21/topoPrefix/%C1.S.ra/%A9G=AC9ED2F3BC5E6CFBF4C4D39CAE41DC9CB440D6B752EFFF09142A04FD71C4/.../13a%13kj=1191D4D176AC06E920A2B8030E6BD100369929D2F5DAB94F4333CB
三月 16, 2015 9:59:27 上午 org.ccnx.ccn.impl.encoding.BinaryXMLDecoder setElement
信息: Reset decode array sizes to 150
三月 16, 2015 9:59:27 上午 org.ccnx.ccn.impl.sync.SliceComparator run
信息: Starting new round with X = null and Y = 13a%13kj=1191D4D176AC06E920A2B8030E6BD100369929D2F5DAB94F4333CB
三月 16, 2015 9:59:27 上午 org.ccnx.ccn.profiles.sync.SyncTestRepo doHandleContentName
信息: Number 1: Callback for name: /ccnx.org/test/SyncTestRepo-15-03-16-09.59.21/ccnSyncTest/slice3/randomFile/=FD0550638FB350/=00 - number is 0
三月 16, 2015 9:59:27 上午 org.ccnx.ccn.profiles.sync.SyncTestRepo doHandleContentName
信息: Number 1: Callback for name: /ccnx.org/test/SyncTestRepo-15-03-16-09.59.21/ccnSyncTest/slice3/randomFile/=FD0550638FB350/=0001 - number is 1
三月 16, 2015 9:59:27 上午 org.ccnx.ccn.profiles.sync.SyncTestRepo doHandleContentName
信息: Number 1: Callback for name: /ccnx.org/test/SyncTestRepo-15-03-16-09.59.21/ccnSyncTest/slice3/randomFile/=FD0550638FB350/=0002 - number is 2
三月 16, 2015 9:59:27 上午 org.ccnx.ccn.profiles.sync.SyncTestRepo doHandleContentName
信息: Number 1: Callback for name: /ccnx.org/test/SyncTestRepo-15-03-16-09.59.21/ccnSyncTest/slice3/randomFile/=FD0550638FB350/=0003 - number is 3
三月 16, 2015 9:59:27 上午 org.ccnx.ccn.profiles.sync.SyncTestRepo doHandleContentName
信息: Number 1: Callback for name: /ccnx.org/test/SyncTestRepo-15-03-16-09.59.21/ccnSyncTest/slice3/randomFile/=FD0550638FB350/=0004 - number is 4
三月 16, 2015 9:59:27 上午 org.ccnx.ccn.profiles.sync.SyncTestRepo doHandleContentName
信息: Number 1: Callback for name: /ccnx.org/test/SyncTestRepo-15-03-16-09.59.21/ccnSyncTest/slice3/randomFile/=FD0550638FB350/=0005 - number is 5
三月 16, 2015 9:59:27 上午 org.ccnx.ccn.profiles.sync.SyncTestRepo doHandleContentName
信息: Number 1: Callback for name: /ccnx.org/test/SyncTestRepo-15-03-16-09.59.21/ccnSyncTest/slice3/randomFile/=FD0550638FB350/=0006 - number is 6
三月 16, 2015 9:59:27 上午 org.ccnx.ccn.profiles.sync.SyncTestRepo doHandleContentName
信息: Number 1: Callback for name: /ccnx.org/test/SyncTestRepo-15-03-16-09.59.21/ccnSyncTest/slice3/randomFile/=FD0550638FB350/=0007 - number is 7
三月 16, 2015 9:59:27 上午 org.ccnx.ccn.profiles.sync.SyncTestRepo doHandleContentName
信息: Number 1: Callback for name: /ccnx.org/test/SyncTestRepo-15-03-16-09.59.21/ccnSyncTest/slice3/randomFile/=FD0550638FB350/=0008 - number is 8
三月 16, 2015 9:59:27 上午 org.ccnx.ccn.profiles.sync.SyncTestRepo doHandleContentName
信息: Number 1: Callback for name: /ccnx.org/test/SyncTestRepo-15-03-16-09.59.21/ccnSyncTest/slice3/randomFile/=FD0550638FB350/=0009 - number is 9
三月 16, 2015 9:59:27 上午 org.ccnx.ccn.profiles.sync.SyncTestRepo doHandleContentName
信息: Number 1: Callback for name: /ccnx.org/test/SyncTestRepo-15-03-16-09.59.21/ccnSyncTest/slice3/randomFile/=FD0550638FB350/=000A - number is 10
三月 16, 2015 9:59:27 上午 org.ccnx.ccn.profiles.sync.SyncTestRepo doHandleContentName
信息: Number 1: Callback for name: /ccnx.org/test/SyncTestRepo-15-03-16-09.59.21/ccnSyncTest/slice3/randomFile/=FD0550638FB350/=000B - number is 11
三月 16, 2015 9:59:27 上午 org.ccnx.ccn.profiles.sync.SyncTestRepo doHandleContentName
信息: Number 1: Callback for name: /ccnx.org/test/SyncTestRepo-15-03-16-09.59.21/ccnSyncTest/slice3/randomFile/=FD0550638FB350/=000C - number is 12
三月 16, 2015 9:59:27 上午 org.ccnx.ccn.profiles.sync.SyncTestRepo doHandleContentName
信息: Number 1: Callback for name: /ccnx.org/test/SyncTestRepo-15-03-16-09.59.21/ccnSyncTest/slice3/randomFile/=FD0550638FB350/=000D - number is 13
三月 16, 2015 9:59:27 上午 org.ccnx.ccn.profiles.sync.SyncTestRepo doHandleContentName
信息: Number 1: Callback for name: /ccnx.org/test/SyncTestRepo-15-03-16-09.59.21/ccnSyncTest/slice3/randomFile/=FD0550638FB350/=000E - number is 14
三月 16, 2015 9:59:27 上午 org.ccnx.ccn.profiles.sync.SyncTestRepo doHandleContentName
信息: Number 1: Callback for name: /ccnx.org/test/SyncTestRepo-15-03-16-09.59.21/ccnSyncTest/slice3/randomFile/=FD0550638FB350/=000F - number is 15
三月 16, 2015 9:59:27 上午 org.ccnx.ccn.profiles.sync.SyncTestRepo doHandleContentName
信息: Number 1: Callback for name: /ccnx.org/test/SyncTestRepo-15-03-16-09.59.21/ccnSyncTest/slice3/randomFile/=FD0550638FB350/=0010 - number is 16
三月 16, 2015 9:59:27 上午 org.ccnx.ccn.profiles.sync.SyncTestRepo doHandleContentName
信息: Number 1: Callback for name: /ccnx.org/test/SyncTestRepo-15-03-16-09.59.21/ccnSyncTest/slice3/randomFile/=FD0550638FB350/=0011 - number is 17
三月 16, 2015 9:59:27 上午 org.ccnx.ccn.profiles.sync.SyncTestRepo doHandleContentName
信息: Number 1: Callback for name: /ccnx.org/test/SyncTestRepo-15-03-16-09.59.21/ccnSyncTest/slice3/randomFile/=FD0550638FB350/=0012 - number is 18
三月 16, 2015 9:59:27 上午 org.ccnx.ccn.profiles.sync.SyncTestRepo doHandleContentName
信息: Number 1: Callback for name: /ccnx.org/test/SyncTestRepo-15-03-16-09.59.21/ccnSyncTest/slice3/randomFile/=FD0550638FB350/=0013 - number is 19
三月 16, 2015 9:59:27 上午 org.ccnx.ccn.profiles.sync.SyncTestRepo doHandleContentName
信息: Number 1: Callback for name: /ccnx.org/test/SyncTestRepo-15-03-16-09.59.21/ccnSyncTest/slice3/randomFile/=FD0550638FB350/=0014 - number is 20
三月 16, 2015 9:59:27 上午 org.ccnx.ccn.profiles.sync.SyncTestRepo doHandleContentName
信息: Number 1: Callback for name: /ccnx.org/test/SyncTestRepo-15-03-16-09.59.21/ccnSyncTest/slice3/randomFile/=FD0550638FB350/=0015 - number is 21
三月 16, 2015 9:59:27 上午 org.ccnx.ccn.profiles.sync.SyncTestRepo doHandleContentName
信息: Number 1: Callback for name: /ccnx.org/test/SyncTestRepo-15-03-16-09.59.21/ccnSyncTest/slice3/randomFile/=FD0550638FB350/=0016 - number is 22
三月 16, 2015 9:59:27 上午 org.ccnx.ccn.profiles.sync.SyncTestRepo doHandleContentName
信息: Number 1: Callback for name: /ccnx.org/test/SyncTestRepo-15-03-16-09.59.21/ccnSyncTest/slice3/randomFile/=FD0550638FB350/=0017 - number is 23
三月 16, 2015 9:59:27 上午 org.ccnx.ccn.profiles.sync.SyncTestRepo doHandleContentName
信息: Number 1: Callback for name: /ccnx.org/test/SyncTestRepo-15-03-16-09.59.21/ccnSyncTest/slice3/randomFile/=FD0550638FB350/=0018 - number is 24
三月 16, 2015 9:59:27 上午 org.ccnx.ccn.profiles.sync.SyncTestRepo doHandleContentName
信息: Number 1: Callback for name: /ccnx.org/test/SyncTestRepo-15-03-16-09.59.21/ccnSyncTest/slice3/randomFile/=FD0550638FB350/=0019 - number is 25
三月 16, 2015 9:59:27 上午 org.ccnx.ccn.profiles.sync.SyncTestRepo doHandleContentName
信息: Number 1: Callback for name: /ccnx.org/test/SyncTestRepo-15-03-16-09.59.21/ccnSyncTest/slice3/randomFile/=FD0550638FB350/=001A - number is 26
三月 16, 2015 9:59:27 上午 org.ccnx.ccn.profiles.sync.SyncTestRepo doHandleContentName
信息: Number 1: Callback for name: /ccnx.org/test/SyncTestRepo-15-03-16-09.59.21/ccnSyncTest/slice3/randomFile/=FD0550638FB350/=001B - number is 27
三月 16, 2015 9:59:27 上午 org.ccnx.ccn.profiles.sync.SyncTestRepo doHandleContentName
信息: Number 1: Callback for name: /ccnx.org/test/SyncTestRepo-15-03-16-09.59.21/ccnSyncTest/slice3/randomFile/=FD0550638FB350/=001C - number is 28
三月 16, 2015 9:59:27 上午 org.ccnx.ccn.profiles.sync.SyncTestRepo doHandleContentName
信息: Number 1: Callback for name: /ccnx.org/test/SyncTestRepo-15-03-16-09.59.21/ccnSyncTest/slice3/randomFile/=FD0550638FB350/=001D - number is 29
三月 16, 2015 9:59:27 上午 org.ccnx.ccn.profiles.sync.SyncTestRepo doHandleContentName
信息: Number 1: Callback for name: /ccnx.org/test/SyncTestRepo-15-03-16-09.59.21/ccnSyncTest/slice3/randomFile/=FD0550638FB350/=001E - number is 30
三月 16, 2015 9:59:27 上午 org.ccnx.ccn.profiles.sync.SyncTestRepo doHandleContentName
信息: Number 1: Callback for name: /ccnx.org/test/SyncTestRepo-15-03-16-09.59.21/ccnSyncTest/slice3/randomFile/=FD0550638FB350/=001F - number is 31
三月 16, 2015 9:59:27 上午 org.ccnx.ccn.profiles.sync.SyncTestRepo doHandleContentName
信息: Number 1: Callback for name: /ccnx.org/test/SyncTestRepo-15-03-16-09.59.21/ccnSyncTest/slice3/randomFile/=FD0550638FB350/=0020 - number is 32
三月 16, 2015 9:59:27 上午 org.ccnx.ccn.profiles.sync.SyncTestRepo doHandleContentName
信息: Number 1: Callback for name: /ccnx.org/test/SyncTestRepo-15-03-16-09.59.21/ccnSyncTest/slice3/randomFile/=FD0550638FB350/=0021 - number is 33
三月 16, 2015 9:59:27 上午 org.ccnx.ccn.profiles.sync.SyncTestRepo doHandleContentName
信息: Number 1: Callback for name: /ccnx.org/test/SyncTestRepo-15-03-16-09.59.21/ccnSyncTest/slice3/randomFile/=FD0550638FB350/=0022 - number is 34
三月 16, 2015 9:59:27 上午 org.ccnx.ccn.profiles.sync.SyncTestRepo doHandleContentName
信息: Number 1: Callback for name: /ccnx.org/test/SyncTestRepo-15-03-16-09.59.21/ccnSyncTest/slice3/randomFile/=FD0550638FB350/=0023 - number is 35
三月 16, 2015 9:59:27 上午 org.ccnx.ccn.profiles.sync.SyncTestRepo doHandleContentName
信息: Number 1: Callback for name: /ccnx.org/test/SyncTestRepo-15-03-16-09.59.21/ccnSyncTest/slice3/randomFile/=FD0550638FB350/=0024 - number is 36
三月 16, 2015 9:59:27 上午 org.ccnx.ccn.profiles.sync.SyncTestRepo doHandleContentName
信息: Number 1: Callback for name: /ccnx.org/test/SyncTestRepo-15-03-16-09.59.21/ccnSyncTest/slice3/randomFile/=FD0550638FB350/=0025 - number is 37
三月 16, 2015 9:59:27 上午 org.ccnx.ccn.profiles.sync.SyncTestRepo doHandleContentName
信息: Number 1: Callback for name: /ccnx.org/test/SyncTestRepo-15-03-16-09.59.21/ccnSyncTest/slice3/randomFile/=FD0550638FB350/=0026 - number is 38
三月 16, 2015 9:59:27 上午 org.ccnx.ccn.profiles.sync.SyncTestRepo doHandleContentName
信息: Number 1: Callback for name: /ccnx.org/test/SyncTestRepo-15-03-16-09.59.21/ccnSyncTest/slice3/randomFile/=FD0550638FB350/=0027 - number is 39
三月 16, 2015 9:59:27 上午 org.ccnx.ccn.profiles.sync.SyncTestRepo doHandleContentName
信息: Number 1: Callback for name: /ccnx.org/test/SyncTestRepo-15-03-16-09.59.21/ccnSyncTest/slice3/randomFile/=FD0550638FB350/=0028 - number is 40
三月 16, 2015 9:59:27 上午 org.ccnx.ccn.profiles.sync.SyncTestRepo doHandleContentName
信息: Number 1: Callback for name: /ccnx.org/test/SyncTestRepo-15-03-16-09.59.21/ccnSyncTest/slice3/randomFile/=FD0550638FB350/=0029 - number is 41
三月 16, 2015 9:59:27 上午 org.ccnx.ccn.profiles.sync.SyncTestRepo doHandleContentName
信息: Number 1: Callback for name: /ccnx.org/test/SyncTestRepo-15-03-16-09.59.21/ccnSyncTest/slice3/randomFile/=FD0550638FB350/=002A - number is 42
三月 16, 2015 9:59:27 上午 org.ccnx.ccn.profiles.sync.SyncTestRepo doHandleContentName
信息: Number 1: Callback for name: /ccnx.org/test/SyncTestRepo-15-03-16-09.59.21/ccnSyncTest/slice3/randomFile/=FD0550638FB350/=002B - number is 43
三月 16, 2015 9:59:27 上午 org.ccnx.ccn.profiles.sync.SyncTestRepo doHandleContentName
信息: Number 1: Callback for name: /ccnx.org/test/SyncTestRepo-15-03-16-09.59.21/ccnSyncTest/slice3/randomFile/=FD0550638FB350/=002C - number is 44
三月 16, 2015 9:59:27 上午 org.ccnx.ccn.profiles.sync.SyncTestRepo doHandleContentName
信息: Number 1: Callback for name: /ccnx.org/test/SyncTestRepo-15-03-16-09.59.21/ccnSyncTest/slice3/randomFile/=FD0550638FB350/=002D - number is 45
三月 16, 2015 9:59:27 上午 org.ccnx.ccn.profiles.sync.SyncTestRepo doHandleContentName
信息: Number 1: Callback for name: /ccnx.org/test/SyncTestRepo-15-03-16-09.59.21/ccnSyncTest/slice3/randomFile/=FD0550638FB350/=002E - number is 46
三月 16, 2015 9:59:27 上午 org.ccnx.ccn.profiles.sync.SyncTestRepo doHandleContentName
信息: Number 1: Callback for name: /ccnx.org/test/SyncTestRepo-15-03-16-09.59.21/ccnSyncTest/slice3/randomFile/=FD0550638FB350/=002F - number is 47
三月 16, 2015 9:59:27 上午 org.ccnx.ccn.profiles.sync.SyncTestRepo doHandleContentName
信息: Number 1: Callback for name: /ccnx.org/test/SyncTestRepo-15-03-16-09.59.21/ccnSyncTest/slice3/randomFile/=FD0550638FB350/=0030 - number is 48
三月 16, 2015 9:59:27 上午 org.ccnx.ccn.profiles.sync.SyncTestRepo doHandleContentName
信息: Number 1: Callback for name: /ccnx.org/test/SyncTestRepo-15-03-16-09.59.21/ccnSyncTest/slice3/randomFile/=FD0550638FB350/=0031 - number is 49
三月 16, 2015 9:59:27 上午 org.ccnx.ccn.profiles.sync.SyncTestRepo doHandleContentName
信息: Number 1: Callback for name: /ccnx.org/test/SyncTestRepo-15-03-16-09.59.21/ccnSyncTest/slice3/randomFile/=FD0550638FB350/=0032 - number is 50
三月 16, 2015 9:59:27 上午 org.ccnx.ccn.profiles.sync.SyncTestRepo doHandleContentName
信息: Number 1: Callback for name: /ccnx.org/test/SyncTestRepo-15-03-16-09.59.21/ccnSyncTest/slice3/randomFile/=FD0550638FB350/=0033 - number is 51
三月 16, 2015 9:59:27 上午 org.ccnx.ccn.profiles.sync.SyncTestRepo doHandleContentName
信息: Number 1: Callback for name: /ccnx.org/test/SyncTestRepo-15-03-16-09.59.21/ccnSyncTest/slice3/randomFile/=FD0550638FB350/=0034 - number is 52
三月 16, 2015 9:59:27 上午 org.ccnx.ccn.profiles.sync.SyncTestRepo doHandleContentName
信息: Number 1: Callback for name: /ccnx.org/test/SyncTestRepo-15-03-16-09.59.21/ccnSyncTest/slice3/randomFile/=FD0550638FB350/=0035 - number is 53
三月 16, 2015 9:59:27 上午 org.ccnx.ccn.profiles.sync.SyncTestRepo doHandleContentName
信息: Number 1: Callback for name: /ccnx.org/test/SyncTestRepo-15-03-16-09.59.21/ccnSyncTest/slice3/randomFile/=FD0550638FB350/=0036 - number is 54
三月 16, 2015 9:59:27 上午 org.ccnx.ccn.profiles.sync.SyncTestRepo doHandleContentName
信息: Number 1: Callback for name: /ccnx.org/test/SyncTestRepo-15-03-16-09.59.21/ccnSyncTest/slice3/randomFile/=FD0550638FB350/=0037 - number is 55
三月 16, 2015 9:59:27 上午 org.ccnx.ccn.profiles.sync.SyncTestRepo doHandleContentName
信息: Number 1: Callback for name: /ccnx.org/test/SyncTestRepo-15-03-16-09.59.21/ccnSyncTest/slice3/randomFile/=FD0550638FB350/=0038 - number is 56
三月 16, 2015 9:59:27 上午 org.ccnx.ccn.profiles.sync.SyncTestRepo doHandleContentName
信息: Number 1: Callback for name: /ccnx.org/test/SyncTestRepo-15-03-16-09.59.21/ccnSyncTest/slice3/randomFile/=FD0550638FB350/=0039 - number is 57
三月 16, 2015 9:59:27 上午 org.ccnx.ccn.profiles.sync.SyncTestRepo doHandleContentName
信息: Number 1: Callback for name: /ccnx.org/test/SyncTestRepo-15-03-16-09.59.21/ccnSyncTest/slice3/randomFile/=FD0550638FB350/=003A - number is 58
三月 16, 2015 9:59:27 上午 org.ccnx.ccn.profiles.sync.SyncTestRepo doHandleContentName
信息: Number 1: Callback for name: /ccnx.org/test/SyncTestRepo-15-03-16-09.59.21/ccnSyncTest/slice3/randomFile/=FD0550638FB350/=003B - number is 59
三月 16, 2015 9:59:27 上午 org.ccnx.ccn.profiles.sync.SyncTestRepo doHandleContentName
信息: Number 1: Callback for name: /ccnx.org/test/SyncTestRepo-15-03-16-09.59.21/ccnSyncTest/slice3/randomFile/=FD0550638FB350/=003C - number is 60
三月 16, 2015 9:59:27 上午 org.ccnx.ccn.profiles.sync.SyncTestRepo doHandleContentName
信息: Number 1: Callback for name: /ccnx.org/test/SyncTestRepo-15-03-16-09.59.21/ccnSyncTest/slice3/randomFile/=FD0550638FB350/=003D - number is 61
三月 16, 2015 9:59:27 上午 org.ccnx.ccn.profiles.sync.SyncTestRepo doHandleContentName
信息: Number 1: Callback for name: /ccnx.org/test/SyncTestRepo-15-03-16-09.59.21/ccnSyncTest/slice3/randomFile/=FD0550638FB350/=003E - number is 62
三月 16, 2015 9:59:27 上午 org.ccnx.ccn.profiles.sync.SyncTestRepo doHandleContentName
信息: Number 1: Callback for name: /ccnx.org/test/SyncTestRepo-15-03-16-09.59.21/ccnSyncTest/slice3/randomFile/=FD0550638FB350/=003F - number is 63
三月 16, 2015 9:59:27 上午 org.ccnx.ccn.profiles.sync.SyncTestRepo doHandleContentName
信息: Number 1: Callback for name: /ccnx.org/test/SyncTestRepo-15-03-16-09.59.21/ccnSyncTest/slice3/randomFile/=FD0550638FB350/=0040 - number is 64
三月 16, 2015 9:59:27 上午 org.ccnx.ccn.profiles.sync.SyncTestRepo doHandleContentName
信息: Number 1: Callback for name: /ccnx.org/test/SyncTestRepo-15-03-16-09.59.21/ccnSyncTest/slice3/randomFile/=FD0550638FB350/=0041 - number is 65
三月 16, 2015 9:59:27 上午 org.ccnx.ccn.profiles.sync.SyncTestRepo doHandleContentName
信息: Number 1: Callback for name: /ccnx.org/test/SyncTestRepo-15-03-16-09.59.21/ccnSyncTest/slice3/randomFile/=FD0550638FB350/=0042 - number is 66
三月 16, 2015 9:59:27 上午 org.ccnx.ccn.profiles.sync.SyncTestRepo doHandleContentName
信息: Number 1: Callback for name: /ccnx.org/test/SyncTestRepo-15-03-16-09.59.21/ccnSyncTest/slice3/randomFile/=FD0550638FB350/=0043 - number is 67
三月 16, 2015 9:59:27 上午 org.ccnx.ccn.profiles.sync.SyncTestRepo doHandleContentName
信息: Number 1: Callback for name: /ccnx.org/test/SyncTestRepo-15-03-16-09.59.21/ccnSyncTest/slice3/randomFile/=FD0550638FB350/=0044 - number is 68
三月 16, 2015 9:59:27 上午 org.ccnx.ccn.profiles.sync.SyncTestRepo doHandleContentName
信息: Number 1: Callback for name: /ccnx.org/test/SyncTestRepo-15-03-16-09.59.21/ccnSyncTest/slice3/randomFile/=FD0550638FB350/=0045 - number is 69
三月 16, 2015 9:59:27 上午 org.ccnx.ccn.profiles.sync.SyncTestRepo doHandleContentName
信息: Number 1: Callback for name: /ccnx.org/test/SyncTestRepo-15-03-16-09.59.21/ccnSyncTest/slice3/randomFile/=FD0550638FB350/=0046 - number is 70
三月 16, 2015 9:59:27 上午 org.ccnx.ccn.profiles.sync.SyncTestRepo doHandleContentName
信息: Number 1: Callback for name: /ccnx.org/test/SyncTestRepo-15-03-16-09.59.21/ccnSyncTest/slice3/randomFile/=FD0550638FB350/=0047 - number is 71
三月 16, 2015 9:59:27 上午 org.ccnx.ccn.profiles.sync.SyncTestRepo doHandleContentName
信息: Number 1: Callback for name: /ccnx.org/test/SyncTestRepo-15-03-16-09.59.21/ccnSyncTest/slice3/randomFile/=FD0550638FB350/=0048 - number is 72
三月 16, 2015 9:59:27 上午 org.ccnx.ccn.profiles.sync.SyncTestRepo doHandleContentName
信息: Number 1: Callback for name: /ccnx.org/test/SyncTestRepo-15-03-16-09.59.21/ccnSyncTest/slice3/randomFile/=FD0550638FB350/=0049 - number is 73
三月 16, 2015 9:59:27 上午 org.ccnx.ccn.profiles.sync.SyncTestRepo doHandleContentName
信息: Number 1: Callback for name: /ccnx.org/test/SyncTestRepo-15-03-16-09.59.21/ccnSyncTest/slice3/randomFile/=FD0550638FB350/=004A - number is 74
三月 16, 2015 9:59:27 上午 org.ccnx.ccn.profiles.sync.SyncTestRepo doHandleContentName
信息: Number 1: Callback for name: /ccnx.org/test/SyncTestRepo-15-03-16-09.59.21/ccnSyncTest/slice3/randomFile/=FD0550638FB350/=004B - number is 75
三月 16, 2015 9:59:27 上午 org.ccnx.ccn.profiles.sync.SyncTestRepo doHandleContentName
信息: Number 1: Callback for name: /ccnx.org/test/SyncTestRepo-15-03-16-09.59.21/ccnSyncTest/slice3/randomFile/=FD0550638FB350/=004C - number is 76
三月 16, 2015 9:59:27 上午 org.ccnx.ccn.profiles.sync.SyncTestRepo doHandleContentName
信息: Number 1: Callback for name: /ccnx.org/test/SyncTestRepo-15-03-16-09.59.21/ccnSyncTest/slice3/randomFile/=FD0550638FB350/=004D - number is 77
三月 16, 2015 9:59:27 上午 org.ccnx.ccn.profiles.sync.SyncTestRepo doHandleContentName
信息: Number 1: Callback for name: /ccnx.org/test/SyncTestRepo-15-03-16-09.59.21/ccnSyncTest/slice3/randomFile/=FD0550638FB350/=004E - number is 78
三月 16, 2015 9:59:27 上午 org.ccnx.ccn.profiles.sync.SyncTestRepo doHandleContentName
信息: Number 1: Callback for name: /ccnx.org/test/SyncTestRepo-15-03-16-09.59.21/ccnSyncTest/slice3/randomFile/=FD0550638FB350/=004F - number is 79
三月 16, 2015 9:59:27 上午 org.ccnx.ccn.profiles.sync.SyncTestRepo doHandleContentName
信息: Number 1: Callback for name: /ccnx.org/test/SyncTestRepo-15-03-16-09.59.21/ccnSyncTest/slice3/randomFile/=FD0550638FB350/=0050 - number is 80
三月 16, 2015 9:59:27 上午 org.ccnx.ccn.profiles.sync.SyncTestRepo doHandleContentName
信息: Number 1: Callback for name: /ccnx.org/test/SyncTestRepo-15-03-16-09.59.21/ccnSyncTest/slice3/randomFile/=FD0550638FB350/=0051 - number is 81
三月 16, 2015 9:59:27 上午 org.ccnx.ccn.profiles.sync.SyncTestRepo doHandleContentName
信息: Number 1: Callback for name: /ccnx.org/test/SyncTestRepo-15-03-16-09.59.21/ccnSyncTest/slice3/randomFile/=FD0550638FB350/=0052 - number is 82
三月 16, 2015 9:59:27 上午 org.ccnx.ccn.profiles.sync.SyncTestRepo doHandleContentName
信息: Number 1: Callback for name: /ccnx.org/test/SyncTestRepo-15-03-16-09.59.21/ccnSyncTest/slice3/randomFile/=FD0550638FB350/=0053 - number is 83
三月 16, 2015 9:59:27 上午 org.ccnx.ccn.profiles.sync.SyncTestRepo doHandleContentName
信息: Number 1: Callback for name: /ccnx.org/test/SyncTestRepo-15-03-16-09.59.21/ccnSyncTest/slice3/randomFile/=FD0550638FB350/=0054 - number is 84
三月 16, 2015 9:59:27 上午 org.ccnx.ccn.profiles.sync.SyncTestRepo doHandleContentName
信息: Number 1: Callback for name: /ccnx.org/test/SyncTestRepo-15-03-16-09.59.21/ccnSyncTest/slice3/randomFile/=FD0550638FB350/=0055 - number is 85
三月 16, 2015 9:59:27 上午 org.ccnx.ccn.profiles.sync.SyncTestRepo doHandleContentName
信息: Number 1: Callback for name: /ccnx.org/test/SyncTestRepo-15-03-16-09.59.21/ccnSyncTest/slice3/randomFile/=FD0550638FB350/=0056 - number is 86
三月 16, 2015 9:59:27 上午 org.ccnx.ccn.profiles.sync.SyncTestRepo doHandleContentName
信息: Number 1: Callback for name: /ccnx.org/test/SyncTestRepo-15-03-16-09.59.21/ccnSyncTest/slice3/randomFile/=FD0550638FB350/=0057 - number is 87
三月 16, 2015 9:59:27 上午 org.ccnx.ccn.profiles.sync.SyncTestRepo doHandleContentName
信息: Number 1: Callback for name: /ccnx.org/test/SyncTestRepo-15-03-16-09.59.21/ccnSyncTest/slice3/randomFile/=FD0550638FB350/=0058 - number is 88
三月 16, 2015 9:59:27 上午 org.ccnx.ccn.profiles.sync.SyncTestRepo doHandleContentName
信息: Number 1: Callback for name: /ccnx.org/test/SyncTestRepo-15-03-16-09.59.21/ccnSyncTest/slice3/randomFile/=FD0550638FB350/=0059 - number is 89
三月 16, 2015 9:59:27 上午 org.ccnx.ccn.profiles.sync.SyncTestRepo doHandleContentName
信息: Number 1: Callback for name: /ccnx.org/test/SyncTestRepo-15-03-16-09.59.21/ccnSyncTest/slice3/randomFile/=FD0550638FB350/=005A - number is 90
三月 16, 2015 9:59:27 上午 org.ccnx.ccn.profiles.sync.SyncTestRepo doHandleContentName
信息: Number 1: Callback for name: /ccnx.org/test/SyncTestRepo-15-03-16-09.59.21/ccnSyncTest/slice3/randomFile/=FD0550638FB350/=005B - number is 91
三月 16, 2015 9:59:27 上午 org.ccnx.ccn.profiles.sync.SyncTestRepo doHandleContentName
信息: Number 1: Callback for name: /ccnx.org/test/SyncTestRepo-15-03-16-09.59.21/ccnSyncTest/slice3/randomFile/=FD0550638FB350/=005C - number is 92
三月 16, 2015 9:59:27 上午 org.ccnx.ccn.profiles.sync.SyncTestRepo doHandleContentName
信息: Number 1: Callback for name: /ccnx.org/test/SyncTestRepo-15-03-16-09.59.21/ccnSyncTest/slice3/randomFile/=FD0550638FB350/=005D - number is 93
三月 16, 2015 9:59:27 上午 org.ccnx.ccn.profiles.sync.SyncTestRepo doHandleContentName
信息: Number 1: Callback for name: /ccnx.org/test/SyncTestRepo-15-03-16-09.59.21/ccnSyncTest/slice3/randomFile/=FD0550638FB350/=005E - number is 94
三月 16, 2015 9:59:27 上午 org.ccnx.ccn.profiles.sync.SyncTestRepo doHandleContentName
信息: Number 1: Callback for name: /ccnx.org/test/SyncTestRepo-15-03-16-09.59.21/ccnSyncTest/slice3/randomFile/=FD0550638FB350/=005F - number is 95
三月 16, 2015 9:59:27 上午 org.ccnx.ccn.profiles.sync.SyncTestRepo doHandleContentName
信息: Number 1: Callback for name: /ccnx.org/test/SyncTestRepo-15-03-16-09.59.21/ccnSyncTest/slice3/randomFile/=FD0550638FB350/=0060 - number is 96
三月 16, 2015 9:59:27 上午 org.ccnx.ccn.profiles.sync.SyncTestRepo doHandleContentName
信息: Number 1: Callback for name: /ccnx.org/test/SyncTestRepo-15-03-16-09.59.21/ccnSyncTest/slice3/randomFile/=FD0550638FB350/=0061 - number is 97
三月 16, 2015 9:59:27 上午 org.ccnx.ccn.profiles.sync.SyncTestRepo doHandleContentName
信息: Number 1: Callback for name: /ccnx.org/test/SyncTestRepo-15-03-16-09.59.21/ccnSyncTest/slice3/randomFile/=FD0550638FB350/=0062 - number is 98
三月 16, 2015 9:59:27 上午 org.ccnx.ccn.profiles.sync.SyncTestRepo doHandleContentName
信息: Number 1: Callback for name: /ccnx.org/test/SyncTestRepo-15-03-16-09.59.21/ccnSyncTest/slice3/randomFile/=FD0550638FB350/=0063 - number is 99
三月 16, 2015 9:59:27 上午 org.ccnx.ccn.profiles.sync.SyncTestRepo doHandleContentName
信息: Number 1: Callback for name: /ccnx.org/test/SyncTestRepo-15-03-16-09.59.21/ccnSyncTest/slice3/randomFile/=FD0550638FB350/%C1.META.M/.header/=FD0550638FB4A8/=00 - number is header
三月 16, 2015 9:59:27 上午 org.ccnx.ccn.impl.sync.ProtocolBasedSyncMonitor removeCallback
信息: Removing callback on slice: /ccnx.org/test/SyncTestRepo-15-03-16-09.59.21/ccnSyncTest/slice3
三月 16, 2015 9:59:27 上午 org.ccnx.ccn.impl.CCNFlowControl <init>
信息: adding namespace: /ccnx.org/test/SyncTestRepo-15-03-16-09.59.21/ccnSyncTest/slice3/round2/randomFile
三月 16, 2015 9:59:27 上午 org.ccnx.ccn.impl.security.keys.BasicKeyManager getKeyLocator
信息: getKeyLocator: returning locator NAME: /ccnx.org/Users/cb/Keys/%C1.M.K%00K=B082A16E5382FBAAA09FBE303E24E042E37E88C290E054292521DECA236523/=FD055059931000 KEY:itggagmsks2vela17tu60v29o22sdv8hgkgs1a2i991rr526p93 for key S7CCoW5TgvuqoJ++MD4k4ELjfojCkOBUKSUh3sojZSM=
三月 16, 2015 9:59:27 上午 org.ccnx.ccn.io.CCNAbstractOutputStream <init>
信息: CCNAbstractOutputStream: /ccnx.org/test/SyncTestRepo-15-03-16-09.59.21/ccnSyncTest/slice3/round2/randomFile/=FD0550638FFE4A blocksize is 4096
三月 16, 2015 9:59:27 上午 org.ccnx.ccn.io.CCNAbstractOutputStream startWrite
信息: CCNAbstractOutputStream: startWrite -- searching for keys.
三月 16, 2015 9:59:27 上午 org.ccnx.ccn.profiles.security.access.AccessControlManager keysForOutput
信息: keysForOutput: found an acm: (null)
三月 16, 2015 9:59:27 上午 org.ccnx.ccn.impl.repo.RepositoryFlowControl startWrite
信息: RepositoryFlowControl.startWrite called for name /ccnx.org/test/SyncTestRepo-15-03-16-09.59.21/ccnSyncTest/slice3/round2/randomFile/=FD0550638FFE4A, shape STREAM
三月 16, 2015 9:59:27 上午 org.ccnx.ccn.impl.repo.RepositoryFlowControl handleContent
信息: handleContent: got potential repo message: /ccnx.org/test/SyncTestRepo-15-03-16-09.59.21/ccnSyncTest/slice3/round2/randomFile/=FD0550638FFE4A/%C1.R.sw/%C1.N=00CD1356364D1C0298
三月 16, 2015 9:59:27 上午 org.ccnx.ccn.io.CCNOutputStream flushToNetwork
信息: flush: outputting to the segmenter, baseName /ccnx.org/test/SyncTestRepo-15-03-16-09.59.21/ccnSyncTest/slice3/round2/randomFile/=FD0550638FFE4A basenameindex =0001; 2757 bytes written, holding back 2757 flushing final blocks? false.
三月 16, 2015 9:59:27 上午 org.ccnx.ccn.io.CCNOutputStream flushToNetwork
信息: HEADER: CCNOutputStream: flushToNetwork: new _baseNameIndex 1
三月 16, 2015 9:59:27 上午 org.ccnx.ccn.io.CCNOutputStream flushToNetwork
信息: flush: outputting to the segmenter, baseName /ccnx.org/test/SyncTestRepo-15-03-16-09.59.21/ccnSyncTest/slice3/round2/randomFile/=FD0550638FFE4A basenameindex =0001; 2757 bytes written, holding back 2757 flushing final blocks? false.
三月 16, 2015 9:59:27 上午 org.ccnx.ccn.io.CCNOutputStream flushToNetwork
信息: HEADER: CCNOutputStream: flushToNetwork: new _baseNameIndex 1
三月 16, 2015 9:59:27 上午 org.ccnx.ccn.io.CCNOutputStream flushToNetwork
信息: flush: outputting to the segmenter, baseName /ccnx.org/test/SyncTestRepo-15-03-16-09.59.21/ccnSyncTest/slice3/round2/randomFile/=FD0550638FFE4A basenameindex =0001; 2757 bytes written, holding back 0 flushing final blocks? true.
三月 16, 2015 9:59:27 上午 org.ccnx.ccn.io.CCNOutputStream flushToNetwork
信息: HEADER: CCNOutputStream: flushToNetwork: new _baseNameIndex 2
三月 16, 2015 9:59:27 上午 org.ccnx.ccn.io.CCNAbstractOutputStream <init>
信息: CCNAbstractOutputStream: /ccnx.org/test/SyncTestRepo-15-03-16-09.59.21/ccnSyncTest/slice3/round2/randomFile/=FD0550638FFE4A/%C1.META.M/.header/=FD0550638FFE93 blocksize is 4096
三月 16, 2015 9:59:27 上午 org.ccnx.ccn.io.CCNAbstractOutputStream startWrite
信息: CCNAbstractOutputStream: startWrite -- searching for keys.
三月 16, 2015 9:59:27 上午 org.ccnx.ccn.profiles.security.access.AccessControlManager keysForOutput
信息: keysForOutput: found an acm: (null)
三月 16, 2015 9:59:27 上午 org.ccnx.ccn.impl.repo.RepositoryFlowControl startWrite
信息: RepositoryFlowControl.startWrite called for name /ccnx.org/test/SyncTestRepo-15-03-16-09.59.21/ccnSyncTest/slice3/round2/randomFile/=FD0550638FFE4A/%C1.META.M/.header/=FD0550638FFE93, shape STREAM
三月 16, 2015 9:59:27 上午 org.ccnx.ccn.impl.repo.RepositoryFlowControl handleContent
信息: handleContent: got potential repo message: /ccnx.org/test/SyncTestRepo-15-03-16-09.59.21/ccnSyncTest/slice3/round2/randomFile/=FD0550638FFE4A/%C1.META.M/.header/=FD0550638FFE93/%C1.R.sw/%C1.N%00n=0728D057E546BB
三月 16, 2015 9:59:27 上午 org.ccnx.ccn.io.CCNOutputStream flushToNetwork
信息: flush: outputting to the segmenter, baseName /ccnx.org/test/SyncTestRepo-15-03-16-09.59.21/ccnSyncTest/slice3/round2/randomFile/=FD0550638FFE4A/%C1.META.M/.header/=FD0550638FFE93 basenameindex =00; 66 bytes written, holding back 66 flushing final blocks? false.
三月 16, 2015 9:59:27 上午 org.ccnx.ccn.io.CCNOutputStream flushToNetwork
信息: HEADER: CCNOutputStream: flushToNetwork: new _baseNameIndex 0
三月 16, 2015 9:59:27 上午 org.ccnx.ccn.io.CCNOutputStream flushToNetwork
信息: flush: outputting to the segmenter, baseName /ccnx.org/test/SyncTestRepo-15-03-16-09.59.21/ccnSyncTest/slice3/round2/randomFile/=FD0550638FFE4A/%C1.META.M/.header/=FD0550638FFE93 basenameindex =00; 66 bytes written, holding back 66 flushing final blocks? false.
三月 16, 2015 9:59:27 上午 org.ccnx.ccn.io.CCNOutputStream flushToNetwork
信息: HEADER: CCNOutputStream: flushToNetwork: new _baseNameIndex 0
三月 16, 2015 9:59:27 上午 org.ccnx.ccn.io.CCNOutputStream flushToNetwork
信息: flush: outputting to the segmenter, baseName /ccnx.org/test/SyncTestRepo-15-03-16-09.59.21/ccnSyncTest/slice3/round2/randomFile/=FD0550638FFE4A/%C1.META.M/.header/=FD0550638FFE93 basenameindex =00; 66 bytes written, holding back 0 flushing final blocks? true.
三月 16, 2015 9:59:27 上午 org.ccnx.ccn.io.CCNOutputStream flushToNetwork
信息: HEADER: CCNOutputStream: flushToNetwork: new _baseNameIndex 1
三月 16, 2015 9:59:27 上午 org.ccnx.ccn.io.CCNOutputStream close
信息: CCNOutputStream close: /ccnx.org/test/SyncTestRepo-15-03-16-09.59.21/ccnSyncTest/slice3/round2/randomFile/=FD0550638FFE4A/%C1.META.M/.header/=FD0550638FFE93
三月 16, 2015 9:59:27 上午 org.ccnx.ccn.io.CCNOutputStream close
信息: CCNOutputStream close: /ccnx.org/test/SyncTestRepo-15-03-16-09.59.21/ccnSyncTest/slice3/round2/randomFile/=FD0550638FFE4A
三月 16, 2015 9:59:27 上午 org.ccnx.ccn.profiles.sync.SyncTestCommon writeFile
信息: Wrote file to repository: /ccnx.org/test/SyncTestRepo-15-03-16-09.59.21/ccnSyncTest/slice3/round2/randomFile/=FD0550638FFE4A with 3 segments
三月 16, 2015 9:59:28 上午 org.ccnx.ccn.impl.sync.ProtocolBasedSyncMonitor handleContent
信息: Saw new content from sync: /ccnx.org/test/SyncTestRepo-15-03-16-09.59.21/topoPrefix/%C1.S.ra/%A9G=AC9ED2F3BC5E6CFBF4C4D39CAE41DC9CB440D6B752EFFF09142A04FD71C4/13a%13kj=1191D4D176AC06E920A2B8030E6BD100369929D2F5DAB94F4333CB/2B%EE3%ED~A=D59939ED16A45476CECE89958035F752D70902941921F25D5615
三月 16, 2015 9:59:28 上午 org.ccnx.ccn.impl.encoding.BinaryXMLDecoder setElement
信息: Reset decode array sizes to 150
三月 16, 2015 9:59:28 上午 org.ccnx.ccn.impl.sync.SliceComparator run
信息: Starting new round with X = 13a%13kj=1191D4D176AC06E920A2B8030E6BD100369929D2F5DAB94F4333CB and Y = 2B%EE3%ED~A=D59939ED16A45476CECE89958035F752D70902941921F25D5615
三月 16, 2015 9:59:28 上午 org.ccnx.ccn.impl.sync.SliceComparator updateCurrent
信息: Resetting current to created head: 2B%EE3%ED~A=D59939ED16A45476CECE89958035F752D70902941921F25D5615
三月 16, 2015 9:59:40 上午 org.ccnx.ccn.profiles.sync.SyncTestRepo checkCallbacks
信息: 3 outstanding segments = 0, 1, header 
三月 16, 2015 9:59:40 上午 org.ccnx.ccn.impl.sync.ProtocolBasedSyncMonitor shutdown
信息: Shutting down sync on slice: /ccnx.org/test/SyncTestRepo-15-03-16-09.59.21/ccnSyncTest/slice3
三月 16, 2015 9:59:40 上午 org.ccnx.ccn.profiles.sync.SyncTestRepo testSyncClose
信息: Finished running testSyncStop
三月 16, 2015 9:59:40 上午 org.ccnx.ccn.profiles.sync.SyncTestRepo testCallbackRegistration
信息: Starting testCallbackRegistration
三月 16, 2015 9:59:40 上午 org.ccnx.ccn.io.content.CCNNetworkObject createFlowController
信息: Created LOCALREPOSITORY flow controller, for prefix /%C1.M.S.localhost/%C1.S.cs/K7GW%12aXJB=F4B0341275065893FF931C35B61F17E2C0C6CD8BE029E5, save type LOCALREPOSITORY
三月 16, 2015 9:59:41 上午 org.ccnx.ccn.profiles.VersioningProfile getLatestVersion
信息: getFirstBlockOfLatestVersion: no block available for later version of /%C1.M.S.localhost/%C1.S.cs/K7GW%12aXJB=F4B0341275065893FF931C35B61F17E2C0C6CD8BE029E5
三月 16, 2015 9:59:41 上午 org.ccnx.ccn.impl.CCNFlowControl addNameSpace
信息: Flow controller addNameSpace: added namespace: /%C1.M.S.localhost/%C1.S.cs/K7GW%12aXJB=F4B0341275065893FF931C35B61F17E2C0C6CD8BE029E5
三月 16, 2015 9:59:41 上午 org.ccnx.ccn.impl.security.keys.BasicKeyManager getKeyLocator
信息: getKeyLocator: returning locator NAME: /ccnx.org/Users/cb/Keys/%C1.M.K%00K=B082A16E5382FBAAA09FBE303E24E042E37E88C290E054292521DECA236523/=FD055059931000 KEY:itggagmsks2vela17tu60v29o22sdv8hgkgs1a2i991rr526p93 for key S7CCoW5TgvuqoJ++MD4k4ELjfojCkOBUKSUh3sojZSM=
三月 16, 2015 9:59:41 上午 org.ccnx.ccn.io.CCNAbstractOutputStream <init>
信息: CCNAbstractOutputStream: /%C1.M.S.localhost/%C1.S.cs/K7GW%12aXJB=F4B0341275065893FF931C35B61F17E2C0C6CD8BE029E5/=FD05506390D4D5 blocksize is 4096
三月 16, 2015 9:59:41 上午 org.ccnx.ccn.io.CCNAbstractOutputStream startWrite
信息: CCNAbstractOutputStream: startWrite -- searching for keys.
三月 16, 2015 9:59:41 上午 org.ccnx.ccn.profiles.security.access.AccessControlManager keysForOutput
信息: keysForOutput: found an acm: (null)
三月 16, 2015 9:59:41 上午 org.ccnx.ccn.impl.repo.RepositoryFlowControl startWrite
信息: RepositoryFlowControl.startWrite called for name /%C1.M.S.localhost/%C1.S.cs/K7GW%12aXJB=F4B0341275065893FF931C35B61F17E2C0C6CD8BE029E5/=FD05506390D4D5, shape STREAM
三月 16, 2015 9:59:41 上午 org.ccnx.ccn.impl.repo.RepositoryFlowControl handleContent
信息: handleContent: got potential repo message: /%C1.M.S.localhost/%C1.S.cs/K7GW%12aXJB=F4B0341275065893FF931C35B61F17E2C0C6CD8BE029E5/=FD05506390D4D5/%C1.R.sw/%C1.N=002FE187A65A603B91
三月 16, 2015 9:59:41 上午 org.ccnx.ccn.io.CCNOutputStream flushToNetwork
信息: flush: outputting to the segmenter, baseName /%C1.M.S.localhost/%C1.S.cs/K7GW%12aXJB=F4B0341275065893FF931C35B61F17E2C0C6CD8BE029E5/=FD05506390D4D5 basenameindex =00; 162 bytes written, holding back 162 flushing final blocks? false.
三月 16, 2015 9:59:41 上午 org.ccnx.ccn.io.CCNOutputStream flushToNetwork
信息: HEADER: CCNOutputStream: flushToNetwork: new _baseNameIndex 0
三月 16, 2015 9:59:41 上午 org.ccnx.ccn.io.CCNOutputStream flushToNetwork
信息: flush: outputting to the segmenter, baseName /%C1.M.S.localhost/%C1.S.cs/K7GW%12aXJB=F4B0341275065893FF931C35B61F17E2C0C6CD8BE029E5/=FD05506390D4D5 basenameindex =00; 162 bytes written, holding back 0 flushing final blocks? true.
三月 16, 2015 9:59:41 上午 org.ccnx.ccn.io.CCNOutputStream flushToNetwork
信息: HEADER: CCNOutputStream: flushToNetwork: new _baseNameIndex 1
三月 16, 2015 9:59:41 上午 org.ccnx.ccn.io.CCNOutputStream close
信息: CCNOutputStream close: /%C1.M.S.localhost/%C1.S.cs/K7GW%12aXJB=F4B0341275065893FF931C35B61F17E2C0C6CD8BE029E5/=FD05506390D4D5
三月 16, 2015 9:59:41 上午 org.ccnx.ccn.impl.sync.SliceComparator <init>
信息: Beginning sync monitoring from start
三月 16, 2015 9:59:41 上午 org.ccnx.ccn.CCNSync startSync
信息: Started sync with topo: /ccnx.org/test/SyncTestRepo-15-03-16-09.59.21/topoPrefix and prefix: /ccnx.org/test/SyncTestRepo-15-03-16-09.59.21/ccnSyncTest/slice4
三月 16, 2015 9:59:41 上午 org.ccnx.ccn.io.content.CCNNetworkObject createFlowController
信息: Created LOCALREPOSITORY flow controller, for prefix /%C1.M.S.localhost/%C1.S.cs/=1ADA7FEE78E98E8AC4FA414EFB7AAECB1E82E3CE48020ABEF74906CEE90CAA93, save type LOCALREPOSITORY
三月 16, 2015 9:59:41 上午 org.ccnx.ccn.profiles.VersioningProfile getLatestVersion
信息: getFirstBlockOfLatestVersion: no block available for later version of /%C1.M.S.localhost/%C1.S.cs/=1ADA7FEE78E98E8AC4FA414EFB7AAECB1E82E3CE48020ABEF74906CEE90CAA93
三月 16, 2015 9:59:41 上午 org.ccnx.ccn.impl.CCNFlowControl addNameSpace
信息: Flow controller addNameSpace: added namespace: /%C1.M.S.localhost/%C1.S.cs/=1ADA7FEE78E98E8AC4FA414EFB7AAECB1E82E3CE48020ABEF74906CEE90CAA93
三月 16, 2015 9:59:41 上午 org.ccnx.ccn.impl.security.keys.BasicKeyManager getKeyLocator
信息: getKeyLocator: returning locator NAME: /ccnx.org/Users/cb/Keys/%C1.M.K%00K=B082A16E5382FBAAA09FBE303E24E042E37E88C290E054292521DECA236523/=FD055059931000 KEY:itggagmsks2vela17tu60v29o22sdv8hgkgs1a2i991rr526p93 for key S7CCoW5TgvuqoJ++MD4k4ELjfojCkOBUKSUh3sojZSM=
三月 16, 2015 9:59:41 上午 org.ccnx.ccn.io.CCNAbstractOutputStream <init>
信息: CCNAbstractOutputStream: /%C1.M.S.localhost/%C1.S.cs/=1ADA7FEE78E98E8AC4FA414EFB7AAECB1E82E3CE48020ABEF74906CEE90CAA93/=FD05506390DBAA blocksize is 4096
三月 16, 2015 9:59:41 上午 org.ccnx.ccn.io.CCNAbstractOutputStream startWrite
信息: CCNAbstractOutputStream: startWrite -- searching for keys.
三月 16, 2015 9:59:41 上午 org.ccnx.ccn.profiles.security.access.AccessControlManager keysForOutput
信息: keysForOutput: found an acm: (null)
三月 16, 2015 9:59:41 上午 org.ccnx.ccn.impl.repo.RepositoryFlowControl startWrite
信息: RepositoryFlowControl.startWrite called for name /%C1.M.S.localhost/%C1.S.cs/=1ADA7FEE78E98E8AC4FA414EFB7AAECB1E82E3CE48020ABEF74906CEE90CAA93/=FD05506390DBAA, shape STREAM
三月 16, 2015 9:59:41 上午 org.ccnx.ccn.impl.repo.RepositoryFlowControl handleContent
信息: handleContent: got potential repo message: /%C1.M.S.localhost/%C1.S.cs/=1ADA7FEE78E98E8AC4FA414EFB7AAECB1E82E3CE48020ABEF74906CEE90CAA93/=FD05506390DBAA/%C1.R.sw/%C1.N=003CF3B13DEA835C87
三月 16, 2015 9:59:41 上午 org.ccnx.ccn.io.CCNOutputStream flushToNetwork
信息: flush: outputting to the segmenter, baseName /%C1.M.S.localhost/%C1.S.cs/=1ADA7FEE78E98E8AC4FA414EFB7AAECB1E82E3CE48020ABEF74906CEE90CAA93/=FD05506390DBAA basenameindex =00; 162 bytes written, holding back 162 flushing final blocks? false.
三月 16, 2015 9:59:41 上午 org.ccnx.ccn.io.CCNOutputStream flushToNetwork
信息: HEADER: CCNOutputStream: flushToNetwork: new _baseNameIndex 0
三月 16, 2015 9:59:41 上午 org.ccnx.ccn.io.CCNOutputStream flushToNetwork
信息: flush: outputting to the segmenter, baseName /%C1.M.S.localhost/%C1.S.cs/=1ADA7FEE78E98E8AC4FA414EFB7AAECB1E82E3CE48020ABEF74906CEE90CAA93/=FD05506390DBAA basenameindex =00; 162 bytes written, holding back 0 flushing final blocks? true.
三月 16, 2015 9:59:41 上午 org.ccnx.ccn.io.CCNOutputStream flushToNetwork
信息: HEADER: CCNOutputStream: flushToNetwork: new _baseNameIndex 1
三月 16, 2015 9:59:41 上午 org.ccnx.ccn.io.CCNOutputStream close
信息: CCNOutputStream close: /%C1.M.S.localhost/%C1.S.cs/=1ADA7FEE78E98E8AC4FA414EFB7AAECB1E82E3CE48020ABEF74906CEE90CAA93/=FD05506390DBAA
三月 16, 2015 9:59:41 上午 org.ccnx.ccn.impl.sync.SliceComparator <init>
信息: Beginning sync monitoring from start
三月 16, 2015 9:59:41 上午 org.ccnx.ccn.CCNSync startSync
信息: Started sync with topo: /ccnx.org/test/SyncTestRepo-15-03-16-09.59.21/topoPrefix and prefix: /ccnx.org/test/SyncTestRepo-15-03-16-09.59.21/ccnSyncTest/slice5
三月 16, 2015 9:59:41 上午 org.ccnx.ccn.impl.CCNFlowControl <init>
信息: adding namespace: /ccnx.org/test/SyncTestRepo-15-03-16-09.59.21/ccnSyncTest/slice4/randomFile
三月 16, 2015 9:59:41 上午 org.ccnx.ccn.impl.security.keys.BasicKeyManager getKeyLocator
信息: getKeyLocator: returning locator NAME: /ccnx.org/Users/cb/Keys/%C1.M.K%00K=B082A16E5382FBAAA09FBE303E24E042E37E88C290E054292521DECA236523/=FD055059931000 KEY:itggagmsks2vela17tu60v29o22sdv8hgkgs1a2i991rr526p93 for key S7CCoW5TgvuqoJ++MD4k4ELjfojCkOBUKSUh3sojZSM=
三月 16, 2015 9:59:41 上午 org.ccnx.ccn.io.CCNAbstractOutputStream <init>
信息: CCNAbstractOutputStream: /ccnx.org/test/SyncTestRepo-15-03-16-09.59.21/ccnSyncTest/slice4/randomFile/=FD05506390DDC7 blocksize is 4096
三月 16, 2015 9:59:41 上午 org.ccnx.ccn.io.CCNAbstractOutputStream startWrite
信息: CCNAbstractOutputStream: startWrite -- searching for keys.
三月 16, 2015 9:59:41 上午 org.ccnx.ccn.profiles.security.access.AccessControlManager keysForOutput
信息: keysForOutput: found an acm: (null)
三月 16, 2015 9:59:41 上午 org.ccnx.ccn.impl.repo.RepositoryFlowControl startWrite
信息: RepositoryFlowControl.startWrite called for name /ccnx.org/test/SyncTestRepo-15-03-16-09.59.21/ccnSyncTest/slice4/randomFile/=FD05506390DDC7, shape STREAM
三月 16, 2015 9:59:41 上午 org.ccnx.ccn.impl.repo.RepositoryFlowControl handleContent
信息: handleContent: got potential repo message: /ccnx.org/test/SyncTestRepo-15-03-16-09.59.21/ccnSyncTest/slice4/randomFile/=FD05506390DDC7/%C1.R.sw/%C1.N=009292DA43D14CD378
三月 16, 2015 9:59:41 上午 org.ccnx.ccn.io.CCNOutputStream flushToNetwork
信息: flush: outputting to the segmenter, baseName /ccnx.org/test/SyncTestRepo-15-03-16-09.59.21/ccnSyncTest/slice4/randomFile/=FD05506390DDC7 basenameindex =0001; 2465 bytes written, holding back 2465 flushing final blocks? false.
三月 16, 2015 9:59:41 上午 org.ccnx.ccn.io.CCNOutputStream flushToNetwork
信息: HEADER: CCNOutputStream: flushToNetwork: new _baseNameIndex 1
三月 16, 2015 9:59:41 上午 org.ccnx.ccn.io.CCNOutputStream flushToNetwork
信息: flush: outputting to the segmenter, baseName /ccnx.org/test/SyncTestRepo-15-03-16-09.59.21/ccnSyncTest/slice4/randomFile/=FD05506390DDC7 basenameindex =0001; 2465 bytes written, holding back 2465 flushing final blocks? false.
三月 16, 2015 9:59:41 上午 org.ccnx.ccn.io.CCNOutputStream flushToNetwork
信息: HEADER: CCNOutputStream: flushToNetwork: new _baseNameIndex 1
三月 16, 2015 9:59:41 上午 org.ccnx.ccn.io.CCNOutputStream flushToNetwork
信息: flush: outputting to the segmenter, baseName /ccnx.org/test/SyncTestRepo-15-03-16-09.59.21/ccnSyncTest/slice4/randomFile/=FD05506390DDC7 basenameindex =0001; 2465 bytes written, holding back 0 flushing final blocks? true.
三月 16, 2015 9:59:41 上午 org.ccnx.ccn.io.CCNOutputStream flushToNetwork
信息: HEADER: CCNOutputStream: flushToNetwork: new _baseNameIndex 2
三月 16, 2015 9:59:41 上午 org.ccnx.ccn.io.CCNAbstractOutputStream <init>
信息: CCNAbstractOutputStream: /ccnx.org/test/SyncTestRepo-15-03-16-09.59.21/ccnSyncTest/slice4/randomFile/=FD05506390DDC7/%C1.META.M/.header/=FD05506390DE08 blocksize is 4096
三月 16, 2015 9:59:41 上午 org.ccnx.ccn.io.CCNAbstractOutputStream startWrite
信息: CCNAbstractOutputStream: startWrite -- searching for keys.
三月 16, 2015 9:59:41 上午 org.ccnx.ccn.profiles.security.access.AccessControlManager keysForOutput
信息: keysForOutput: found an acm: (null)
三月 16, 2015 9:59:41 上午 org.ccnx.ccn.impl.repo.RepositoryFlowControl startWrite
信息: RepositoryFlowControl.startWrite called for name /ccnx.org/test/SyncTestRepo-15-03-16-09.59.21/ccnSyncTest/slice4/randomFile/=FD05506390DDC7/%C1.META.M/.header/=FD05506390DE08, shape STREAM
三月 16, 2015 9:59:41 上午 org.ccnx.ccn.impl.repo.RepositoryFlowControl handleContent
信息: handleContent: got potential repo message: /ccnx.org/test/SyncTestRepo-15-03-16-09.59.21/ccnSyncTest/slice4/randomFile/=FD05506390DDC7/%C1.META.M/.header/=FD05506390DE08/%C1.R.sw/%C1.N=00AFF5CCE1C10BF9B6
三月 16, 2015 9:59:41 上午 org.ccnx.ccn.io.CCNOutputStream flushToNetwork
信息: flush: outputting to the segmenter, baseName /ccnx.org/test/SyncTestRepo-15-03-16-09.59.21/ccnSyncTest/slice4/randomFile/=FD05506390DDC7/%C1.META.M/.header/=FD05506390DE08 basenameindex =00; 66 bytes written, holding back 66 flushing final blocks? false.
三月 16, 2015 9:59:41 上午 org.ccnx.ccn.io.CCNOutputStream flushToNetwork
信息: HEADER: CCNOutputStream: flushToNetwork: new _baseNameIndex 0
三月 16, 2015 9:59:41 上午 org.ccnx.ccn.io.CCNOutputStream flushToNetwork
信息: flush: outputting to the segmenter, baseName /ccnx.org/test/SyncTestRepo-15-03-16-09.59.21/ccnSyncTest/slice4/randomFile/=FD05506390DDC7/%C1.META.M/.header/=FD05506390DE08 basenameindex =00; 66 bytes written, holding back 66 flushing final blocks? false.
三月 16, 2015 9:59:41 上午 org.ccnx.ccn.io.CCNOutputStream flushToNetwork
信息: HEADER: CCNOutputStream: flushToNetwork: new _baseNameIndex 0
三月 16, 2015 9:59:41 上午 org.ccnx.ccn.io.CCNOutputStream flushToNetwork
信息: flush: outputting to the segmenter, baseName /ccnx.org/test/SyncTestRepo-15-03-16-09.59.21/ccnSyncTest/slice4/randomFile/=FD05506390DDC7/%C1.META.M/.header/=FD05506390DE08 basenameindex =00; 66 bytes written, holding back 0 flushing final blocks? true.
三月 16, 2015 9:59:41 上午 org.ccnx.ccn.io.CCNOutputStream flushToNetwork
信息: HEADER: CCNOutputStream: flushToNetwork: new _baseNameIndex 1
三月 16, 2015 9:59:41 上午 org.ccnx.ccn.io.CCNOutputStream close
信息: CCNOutputStream close: /ccnx.org/test/SyncTestRepo-15-03-16-09.59.21/ccnSyncTest/slice4/randomFile/=FD05506390DDC7/%C1.META.M/.header/=FD05506390DE08
三月 16, 2015 9:59:41 上午 org.ccnx.ccn.io.CCNOutputStream close
信息: CCNOutputStream close: /ccnx.org/test/SyncTestRepo-15-03-16-09.59.21/ccnSyncTest/slice4/randomFile/=FD05506390DDC7
三月 16, 2015 9:59:41 上午 org.ccnx.ccn.profiles.sync.SyncTestCommon writeFile
信息: Wrote file to repository: /ccnx.org/test/SyncTestRepo-15-03-16-09.59.21/ccnSyncTest/slice4/randomFile/=FD05506390DDC7 with 3 segments
三月 16, 2015 9:59:41 上午 org.ccnx.ccn.impl.CCNFlowControl <init>
信息: adding namespace: /ccnx.org/test/SyncTestRepo-15-03-16-09.59.21/ccnSyncTest/slice5/randomFile
三月 16, 2015 9:59:41 上午 org.ccnx.ccn.impl.security.keys.BasicKeyManager getKeyLocator
信息: getKeyLocator: returning locator NAME: /ccnx.org/Users/cb/Keys/%C1.M.K%00K=B082A16E5382FBAAA09FBE303E24E042E37E88C290E054292521DECA236523/=FD055059931000 KEY:itggagmsks2vela17tu60v29o22sdv8hgkgs1a2i991rr526p93 for key S7CCoW5TgvuqoJ++MD4k4ELjfojCkOBUKSUh3sojZSM=
三月 16, 2015 9:59:41 上午 org.ccnx.ccn.io.CCNAbstractOutputStream <init>
信息: CCNAbstractOutputStream: /ccnx.org/test/SyncTestRepo-15-03-16-09.59.21/ccnSyncTest/slice5/randomFile/=FD05506390DF96 blocksize is 4096
三月 16, 2015 9:59:41 上午 org.ccnx.ccn.io.CCNAbstractOutputStream startWrite
信息: CCNAbstractOutputStream: startWrite -- searching for keys.
三月 16, 2015 9:59:41 上午 org.ccnx.ccn.profiles.security.access.AccessControlManager keysForOutput
信息: keysForOutput: found an acm: (null)
三月 16, 2015 9:59:41 上午 org.ccnx.ccn.impl.repo.RepositoryFlowControl startWrite
信息: RepositoryFlowControl.startWrite called for name /ccnx.org/test/SyncTestRepo-15-03-16-09.59.21/ccnSyncTest/slice5/randomFile/=FD05506390DF96, shape STREAM
三月 16, 2015 9:59:41 上午 org.ccnx.ccn.impl.repo.RepositoryFlowControl handleContent
信息: handleContent: got potential repo message: /ccnx.org/test/SyncTestRepo-15-03-16-09.59.21/ccnSyncTest/slice5/randomFile/=FD05506390DF96/%C1.R.sw/%C1.N=00075263969804108E
三月 16, 2015 9:59:41 上午 org.ccnx.ccn.io.CCNOutputStream flushToNetwork
信息: flush: outputting to the segmenter, baseName /ccnx.org/test/SyncTestRepo-15-03-16-09.59.21/ccnSyncTest/slice5/randomFile/=FD05506390DF96 basenameindex =0002; 775 bytes written, holding back 775 flushing final blocks? false.
三月 16, 2015 9:59:41 上午 org.ccnx.ccn.impl.CCNSegmenter outputCurrentBlocks
信息: flush: putting merkle tree to the network, name starts with /ccnx.org/test/SyncTestRepo-15-03-16-09.59.21/ccnSyncTest/slice5/randomFile/=FD05506390DF96/=00; 2 blocks
三月 16, 2015 9:59:41 上午 org.ccnx.ccn.impl.security.crypto.CCNMerkleTreeSigner signBlocks
信息: Signed tree of 2 leaves, 3 nodes.
三月 16, 2015 9:59:41 上午 org.ccnx.ccn.io.CCNOutputStream flushToNetwork
信息: HEADER: CCNOutputStream: flushToNetwork: new _baseNameIndex 2
三月 16, 2015 9:59:41 上午 org.ccnx.ccn.io.CCNOutputStream flushToNetwork
信息: flush: outputting to the segmenter, baseName /ccnx.org/test/SyncTestRepo-15-03-16-09.59.21/ccnSyncTest/slice5/randomFile/=FD05506390DF96 basenameindex =0002; 775 bytes written, holding back 775 flushing final blocks? false.
三月 16, 2015 9:59:41 上午 org.ccnx.ccn.io.CCNOutputStream flushToNetwork
信息: HEADER: CCNOutputStream: flushToNetwork: new _baseNameIndex 2
三月 16, 2015 9:59:41 上午 org.ccnx.ccn.io.CCNOutputStream flushToNetwork
信息: flush: outputting to the segmenter, baseName /ccnx.org/test/SyncTestRepo-15-03-16-09.59.21/ccnSyncTest/slice5/randomFile/=FD05506390DF96 basenameindex =0002; 775 bytes written, holding back 0 flushing final blocks? true.
三月 16, 2015 9:59:42 上午 org.ccnx.ccn.io.CCNOutputStream flushToNetwork
信息: HEADER: CCNOutputStream: flushToNetwork: new _baseNameIndex 3
三月 16, 2015 9:59:42 上午 org.ccnx.ccn.io.CCNAbstractOutputStream <init>
信息: CCNAbstractOutputStream: /ccnx.org/test/SyncTestRepo-15-03-16-09.59.21/ccnSyncTest/slice5/randomFile/=FD05506390DF96/%C1.META.M/.header/=FD05506390E000 blocksize is 4096
三月 16, 2015 9:59:42 上午 org.ccnx.ccn.io.CCNAbstractOutputStream startWrite
信息: CCNAbstractOutputStream: startWrite -- searching for keys.
三月 16, 2015 9:59:42 上午 org.ccnx.ccn.profiles.security.access.AccessControlManager keysForOutput
信息: keysForOutput: found an acm: (null)
三月 16, 2015 9:59:42 上午 org.ccnx.ccn.impl.repo.RepositoryFlowControl startWrite
信息: RepositoryFlowControl.startWrite called for name /ccnx.org/test/SyncTestRepo-15-03-16-09.59.21/ccnSyncTest/slice5/randomFile/=FD05506390DF96/%C1.META.M/.header/=FD05506390E000, shape STREAM
三月 16, 2015 9:59:42 上午 org.ccnx.ccn.impl.repo.RepositoryFlowControl handleContent
信息: handleContent: got potential repo message: /ccnx.org/test/SyncTestRepo-15-03-16-09.59.21/ccnSyncTest/slice5/randomFile/=FD05506390DF96/%C1.META.M/.header/=FD05506390E000/%C1.R.sw/%C1.N=00EF93ED60B9558122
三月 16, 2015 9:59:42 上午 org.ccnx.ccn.io.CCNOutputStream flushToNetwork
信息: flush: outputting to the segmenter, baseName /ccnx.org/test/SyncTestRepo-15-03-16-09.59.21/ccnSyncTest/slice5/randomFile/=FD05506390DF96/%C1.META.M/.header/=FD05506390E000 basenameindex =00; 66 bytes written, holding back 66 flushing final blocks? false.
三月 16, 2015 9:59:42 上午 org.ccnx.ccn.io.CCNOutputStream flushToNetwork
信息: HEADER: CCNOutputStream: flushToNetwork: new _baseNameIndex 0
三月 16, 2015 9:59:42 上午 org.ccnx.ccn.io.CCNOutputStream flushToNetwork
信息: flush: outputting to the segmenter, baseName /ccnx.org/test/SyncTestRepo-15-03-16-09.59.21/ccnSyncTest/slice5/randomFile/=FD05506390DF96/%C1.META.M/.header/=FD05506390E000 basenameindex =00; 66 bytes written, holding back 66 flushing final blocks? false.
三月 16, 2015 9:59:42 上午 org.ccnx.ccn.io.CCNOutputStream flushToNetwork
信息: HEADER: CCNOutputStream: flushToNetwork: new _baseNameIndex 0
三月 16, 2015 9:59:42 上午 org.ccnx.ccn.io.CCNOutputStream flushToNetwork
信息: flush: outputting to the segmenter, baseName /ccnx.org/test/SyncTestRepo-15-03-16-09.59.21/ccnSyncTest/slice5/randomFile/=FD05506390DF96/%C1.META.M/.header/=FD05506390E000 basenameindex =00; 66 bytes written, holding back 0 flushing final blocks? true.
三月 16, 2015 9:59:42 上午 org.ccnx.ccn.io.CCNOutputStream flushToNetwork
信息: HEADER: CCNOutputStream: flushToNetwork: new _baseNameIndex 1
三月 16, 2015 9:59:42 上午 org.ccnx.ccn.io.CCNOutputStream close
信息: CCNOutputStream close: /ccnx.org/test/SyncTestRepo-15-03-16-09.59.21/ccnSyncTest/slice5/randomFile/=FD05506390DF96/%C1.META.M/.header/=FD05506390E000
三月 16, 2015 9:59:42 上午 org.ccnx.ccn.io.CCNOutputStream close
信息: CCNOutputStream close: /ccnx.org/test/SyncTestRepo-15-03-16-09.59.21/ccnSyncTest/slice5/randomFile/=FD05506390DF96
三月 16, 2015 9:59:42 上午 org.ccnx.ccn.profiles.sync.SyncTestCommon writeFile
信息: Wrote file to repository: /ccnx.org/test/SyncTestRepo-15-03-16-09.59.21/ccnSyncTest/slice5/randomFile/=FD05506390DF96 with 4 segments
三月 16, 2015 9:59:45 上午 org.ccnx.ccn.impl.sync.ProtocolBasedSyncMonitor handleContent
信息: Saw new content from sync: /ccnx.org/test/SyncTestRepo-15-03-16-09.59.21/topoPrefix/%C1.S.ra/K7GW%12aXJB=F4B0341275065893FF931C35B61F17E2C0C6CD8BE029E5/.../=01254BB589C7CA98B946CB8822FE86ECDB9D0CB1DD82DB567561761B856DC4F786
三月 16, 2015 9:59:45 上午 org.ccnx.ccn.impl.encoding.BinaryXMLDecoder setElement
信息: Reset decode array sizes to 150
三月 16, 2015 9:59:45 上午 org.ccnx.ccn.impl.encoding.BinaryXMLDecoder setElement
信息: Reset decode array sizes to 225
三月 16, 2015 9:59:45 上午 org.ccnx.ccn.impl.sync.SliceComparator run
信息: Starting new round with X = null and Y = =01254BB589C7CA98B946CB8822FE86ECDB9D0CB1DD82DB567561761B856DC4F786
三月 16, 2015 9:59:45 上午 org.ccnx.ccn.profiles.sync.SyncTestRepo doHandleContentName
信息: Number 1: Callback for name: /ccnx.org/test/SyncTestRepo-15-03-16-09.59.21/ccnSyncTest/slice4/randomFile/=FD05506390DDC7/=00 - number is 0
三月 16, 2015 9:59:45 上午 org.ccnx.ccn.profiles.sync.SyncTestRepo doHandleContentName
信息: Number 1: Callback for name: /ccnx.org/test/SyncTestRepo-15-03-16-09.59.21/ccnSyncTest/slice4/randomFile/=FD05506390DDC7/=0001 - number is 1
三月 16, 2015 9:59:45 上午 org.ccnx.ccn.profiles.sync.SyncTestRepo doHandleContentName
信息: Number 1: Callback for name: /ccnx.org/test/SyncTestRepo-15-03-16-09.59.21/ccnSyncTest/slice4/randomFile/=FD05506390DDC7/%C1.META.M/.header/=FD05506390DE08/=00 - number is header
三月 16, 2015 9:59:45 上午 org.ccnx.ccn.impl.sync.ProtocolBasedSyncMonitor handleContent
信息: Saw new content from sync: /ccnx.org/test/SyncTestRepo-15-03-16-09.59.21/topoPrefix/%C1.S.ra/=1ADA7FEE78E98E8AC4FA414EFB7AAECB1E82E3CE48020ABEF74906CEE90CAA93/.../%02K=8F04506F2FE4AF9D25FB9A00BF4BCE94D2E0DAE63BE7F6E6BB292A9AD57CE8
三月 16, 2015 9:59:45 上午 org.ccnx.ccn.impl.encoding.BinaryXMLDecoder setElement
信息: Reset decode array sizes to 150
三月 16, 2015 9:59:45 上午 org.ccnx.ccn.impl.encoding.BinaryXMLDecoder setElement
信息: Reset decode array sizes to 225
三月 16, 2015 9:59:45 上午 org.ccnx.ccn.impl.sync.SliceComparator run
信息: Starting new round with X = null and Y = %02K=8F04506F2FE4AF9D25FB9A00BF4BCE94D2E0DAE63BE7F6E6BB292A9AD57CE8
三月 16, 2015 9:59:45 上午 org.ccnx.ccn.profiles.sync.SyncTestRepo doHandleContentName
信息: Number 1: Callback for name: /ccnx.org/test/SyncTestRepo-15-03-16-09.59.21/ccnSyncTest/slice5/randomFile/=FD05506390DF96/=00 - number is 0
三月 16, 2015 9:59:45 上午 org.ccnx.ccn.profiles.sync.SyncTestRepo doHandleContentName
信息: Number 1: Callback for name: /ccnx.org/test/SyncTestRepo-15-03-16-09.59.21/ccnSyncTest/slice5/randomFile/=FD05506390DF96/=0001 - number is 1
三月 16, 2015 9:59:45 上午 org.ccnx.ccn.profiles.sync.SyncTestRepo doHandleContentName
信息: Number 1: Callback for name: /ccnx.org/test/SyncTestRepo-15-03-16-09.59.21/ccnSyncTest/slice5/randomFile/=FD05506390DF96/=0002 - number is 2
三月 16, 2015 9:59:45 上午 org.ccnx.ccn.profiles.sync.SyncTestRepo doHandleContentName
信息: Number 1: Callback for name: /ccnx.org/test/SyncTestRepo-15-03-16-09.59.21/ccnSyncTest/slice5/randomFile/=FD05506390DF96/%C1.META.M/.header/=FD05506390E000/=00 - number is header
三月 16, 2015 9:59:46 上午 org.ccnx.ccn.impl.sync.ProtocolBasedSyncMonitor shutdown
信息: Shutting down sync on slice: /ccnx.org/test/SyncTestRepo-15-03-16-09.59.21/ccnSyncTest/slice4
三月 16, 2015 9:59:46 上午 org.ccnx.ccn.impl.sync.ProtocolBasedSyncMonitor shutdown
信息: Shutting down sync on slice: /ccnx.org/test/SyncTestRepo-15-03-16-09.59.21/ccnSyncTest/slice5
三月 16, 2015 9:59:46 上午 org.ccnx.ccn.profiles.sync.SyncTestRepo testCallbackRegistration
信息: Finished running testSyncStop
三月 16, 2015 9:59:46 上午 org.ccnx.ccn.profiles.sync.SyncTestRepo testSyncRestart
信息: Starting testSyncRestart
三月 16, 2015 9:59:46 上午 org.ccnx.ccn.io.content.CCNNetworkObject createFlowController
信息: Created LOCALREPOSITORY flow controller, for prefix /%C1.M.S.localhost/%C1.S.cs/=2F0E042296DA480E4F6D58225A5628B1544FBFAE84790740F08367B5F5A76805, save type LOCALREPOSITORY
三月 16, 2015 9:59:46 上午 org.ccnx.ccn.profiles.VersioningProfile getLatestVersion
信息: getFirstBlockOfLatestVersion: no block available for later version of /%C1.M.S.localhost/%C1.S.cs/=2F0E042296DA480E4F6D58225A5628B1544FBFAE84790740F08367B5F5A76805
三月 16, 2015 9:59:46 上午 org.ccnx.ccn.impl.CCNFlowControl addNameSpace
信息: Flow controller addNameSpace: added namespace: /%C1.M.S.localhost/%C1.S.cs/=2F0E042296DA480E4F6D58225A5628B1544FBFAE84790740F08367B5F5A76805
三月 16, 2015 9:59:46 上午 org.ccnx.ccn.impl.security.keys.BasicKeyManager getKeyLocator
信息: getKeyLocator: returning locator NAME: /ccnx.org/Users/cb/Keys/%C1.M.K%00K=B082A16E5382FBAAA09FBE303E24E042E37E88C290E054292521DECA236523/=FD055059931000 KEY:itggagmsks2vela17tu60v29o22sdv8hgkgs1a2i991rr526p93 for key S7CCoW5TgvuqoJ++MD4k4ELjfojCkOBUKSUh3sojZSM=
三月 16, 2015 9:59:46 上午 org.ccnx.ccn.io.CCNAbstractOutputStream <init>
信息: CCNAbstractOutputStream: /%C1.M.S.localhost/%C1.S.cs/=2F0E042296DA480E4F6D58225A5628B1544FBFAE84790740F08367B5F5A76805/=FD05506391260C blocksize is 4096
三月 16, 2015 9:59:46 上午 org.ccnx.ccn.io.CCNAbstractOutputStream startWrite
信息: CCNAbstractOutputStream: startWrite -- searching for keys.
三月 16, 2015 9:59:46 上午 org.ccnx.ccn.profiles.security.access.AccessControlManager keysForOutput
信息: keysForOutput: found an acm: (null)
三月 16, 2015 9:59:46 上午 org.ccnx.ccn.impl.repo.RepositoryFlowControl startWrite
信息: RepositoryFlowControl.startWrite called for name /%C1.M.S.localhost/%C1.S.cs/=2F0E042296DA480E4F6D58225A5628B1544FBFAE84790740F08367B5F5A76805/=FD05506391260C, shape STREAM
三月 16, 2015 9:59:46 上午 org.ccnx.ccn.impl.repo.RepositoryFlowControl handleContent
信息: handleContent: got potential repo message: /%C1.M.S.localhost/%C1.S.cs/=2F0E042296DA480E4F6D58225A5628B1544FBFAE84790740F08367B5F5A76805/=FD05506391260C/%C1.R.sw/%C1.N=00D7D8DDFB56957640
三月 16, 2015 9:59:46 上午 org.ccnx.ccn.io.CCNOutputStream flushToNetwork
信息: flush: outputting to the segmenter, baseName /%C1.M.S.localhost/%C1.S.cs/=2F0E042296DA480E4F6D58225A5628B1544FBFAE84790740F08367B5F5A76805/=FD05506391260C basenameindex =00; 162 bytes written, holding back 162 flushing final blocks? false.
三月 16, 2015 9:59:46 上午 org.ccnx.ccn.io.CCNOutputStream flushToNetwork
信息: HEADER: CCNOutputStream: flushToNetwork: new _baseNameIndex 0
三月 16, 2015 9:59:46 上午 org.ccnx.ccn.io.CCNOutputStream flushToNetwork
信息: flush: outputting to the segmenter, baseName /%C1.M.S.localhost/%C1.S.cs/=2F0E042296DA480E4F6D58225A5628B1544FBFAE84790740F08367B5F5A76805/=FD05506391260C basenameindex =00; 162 bytes written, holding back 0 flushing final blocks? true.
三月 16, 2015 9:59:46 上午 org.ccnx.ccn.io.CCNOutputStream flushToNetwork
信息: HEADER: CCNOutputStream: flushToNetwork: new _baseNameIndex 1
三月 16, 2015 9:59:46 上午 org.ccnx.ccn.io.CCNOutputStream close
信息: CCNOutputStream close: /%C1.M.S.localhost/%C1.S.cs/=2F0E042296DA480E4F6D58225A5628B1544FBFAE84790740F08367B5F5A76805/=FD05506391260C
三月 16, 2015 9:59:46 上午 org.ccnx.ccn.impl.sync.SliceComparator <init>
信息: Beginning sync monitoring from start
三月 16, 2015 9:59:46 上午 org.ccnx.ccn.CCNSync startSync
信息: Started sync with topo: /ccnx.org/test/SyncTestRepo-15-03-16-09.59.21/topoPrefix and prefix: /ccnx.org/test/SyncTestRepo-15-03-16-09.59.21/ccnSyncTest/slice6
三月 16, 2015 9:59:46 上午 org.ccnx.ccn.impl.CCNFlowControl <init>
信息: adding namespace: /ccnx.org/test/SyncTestRepo-15-03-16-09.59.21/ccnSyncTest/slice6/randomFile
三月 16, 2015 9:59:46 上午 org.ccnx.ccn.impl.security.keys.BasicKeyManager getKeyLocator
信息: getKeyLocator: returning locator NAME: /ccnx.org/Users/cb/Keys/%C1.M.K%00K=B082A16E5382FBAAA09FBE303E24E042E37E88C290E054292521DECA236523/=FD055059931000 KEY:itggagmsks2vela17tu60v29o22sdv8hgkgs1a2i991rr526p93 for key S7CCoW5TgvuqoJ++MD4k4ELjfojCkOBUKSUh3sojZSM=
三月 16, 2015 9:59:46 上午 org.ccnx.ccn.io.CCNAbstractOutputStream <init>
信息: CCNAbstractOutputStream: /ccnx.org/test/SyncTestRepo-15-03-16-09.59.21/ccnSyncTest/slice6/randomFile/=FD055063912819 blocksize is 4096
三月 16, 2015 9:59:46 上午 org.ccnx.ccn.io.CCNAbstractOutputStream startWrite
信息: CCNAbstractOutputStream: startWrite -- searching for keys.
三月 16, 2015 9:59:46 上午 org.ccnx.ccn.profiles.security.access.AccessControlManager keysForOutput
信息: keysForOutput: found an acm: (null)
三月 16, 2015 9:59:46 上午 org.ccnx.ccn.impl.repo.RepositoryFlowControl startWrite
信息: RepositoryFlowControl.startWrite called for name /ccnx.org/test/SyncTestRepo-15-03-16-09.59.21/ccnSyncTest/slice6/randomFile/=FD055063912819, shape STREAM
三月 16, 2015 9:59:46 上午 org.ccnx.ccn.impl.repo.RepositoryFlowControl handleContent
信息: handleContent: got potential repo message: /ccnx.org/test/SyncTestRepo-15-03-16-09.59.21/ccnSyncTest/slice6/randomFile/=FD055063912819/%C1.R.sw/%C1.N=00141A09F39EFB0B62
三月 16, 2015 9:59:46 上午 org.ccnx.ccn.io.CCNOutputStream flushToNetwork
信息: flush: outputting to the segmenter, baseName /ccnx.org/test/SyncTestRepo-15-03-16-09.59.21/ccnSyncTest/slice6/randomFile/=FD055063912819 basenameindex =0001; 211 bytes written, holding back 211 flushing final blocks? false.
三月 16, 2015 9:59:46 上午 org.ccnx.ccn.io.CCNOutputStream flushToNetwork
信息: HEADER: CCNOutputStream: flushToNetwork: new _baseNameIndex 1
三月 16, 2015 9:59:46 上午 org.ccnx.ccn.io.CCNOutputStream flushToNetwork
信息: flush: outputting to the segmenter, baseName /ccnx.org/test/SyncTestRepo-15-03-16-09.59.21/ccnSyncTest/slice6/randomFile/=FD055063912819 basenameindex =0001; 211 bytes written, holding back 211 flushing final blocks? false.
三月 16, 2015 9:59:46 上午 org.ccnx.ccn.io.CCNOutputStream flushToNetwork
信息: HEADER: CCNOutputStream: flushToNetwork: new _baseNameIndex 1
三月 16, 2015 9:59:46 上午 org.ccnx.ccn.io.CCNOutputStream flushToNetwork
信息: flush: outputting to the segmenter, baseName /ccnx.org/test/SyncTestRepo-15-03-16-09.59.21/ccnSyncTest/slice6/randomFile/=FD055063912819 basenameindex =0001; 211 bytes written, holding back 0 flushing final blocks? true.
三月 16, 2015 9:59:46 上午 org.ccnx.ccn.io.CCNOutputStream flushToNetwork
信息: HEADER: CCNOutputStream: flushToNetwork: new _baseNameIndex 2
三月 16, 2015 9:59:46 上午 org.ccnx.ccn.io.CCNAbstractOutputStream <init>
信息: CCNAbstractOutputStream: /ccnx.org/test/SyncTestRepo-15-03-16-09.59.21/ccnSyncTest/slice6/randomFile/=FD055063912819/%C1.META.M/.header/=FD05506391286A blocksize is 4096
三月 16, 2015 9:59:46 上午 org.ccnx.ccn.io.CCNAbstractOutputStream startWrite
信息: CCNAbstractOutputStream: startWrite -- searching for keys.
三月 16, 2015 9:59:46 上午 org.ccnx.ccn.profiles.security.access.AccessControlManager keysForOutput
信息: keysForOutput: found an acm: (null)
三月 16, 2015 9:59:46 上午 org.ccnx.ccn.impl.repo.RepositoryFlowControl startWrite
信息: RepositoryFlowControl.startWrite called for name /ccnx.org/test/SyncTestRepo-15-03-16-09.59.21/ccnSyncTest/slice6/randomFile/=FD055063912819/%C1.META.M/.header/=FD05506391286A, shape STREAM
三月 16, 2015 9:59:46 上午 org.ccnx.ccn.impl.repo.RepositoryFlowControl handleContent
信息: handleContent: got potential repo message: /ccnx.org/test/SyncTestRepo-15-03-16-09.59.21/ccnSyncTest/slice6/randomFile/=FD055063912819/%C1.META.M/.header/=FD05506391286A/%C1.R.sw/%C1.N=0082C6F477259C758C
三月 16, 2015 9:59:46 上午 org.ccnx.ccn.io.CCNOutputStream flushToNetwork
信息: flush: outputting to the segmenter, baseName /ccnx.org/test/SyncTestRepo-15-03-16-09.59.21/ccnSyncTest/slice6/randomFile/=FD055063912819/%C1.META.M/.header/=FD05506391286A basenameindex =00; 66 bytes written, holding back 66 flushing final blocks? false.
三月 16, 2015 9:59:46 上午 org.ccnx.ccn.io.CCNOutputStream flushToNetwork
信息: HEADER: CCNOutputStream: flushToNetwork: new _baseNameIndex 0
三月 16, 2015 9:59:46 上午 org.ccnx.ccn.io.CCNOutputStream flushToNetwork
信息: flush: outputting to the segmenter, baseName /ccnx.org/test/SyncTestRepo-15-03-16-09.59.21/ccnSyncTest/slice6/randomFile/=FD055063912819/%C1.META.M/.header/=FD05506391286A basenameindex =00; 66 bytes written, holding back 66 flushing final blocks? false.
三月 16, 2015 9:59:46 上午 org.ccnx.ccn.io.CCNOutputStream flushToNetwork
信息: HEADER: CCNOutputStream: flushToNetwork: new _baseNameIndex 0
三月 16, 2015 9:59:46 上午 org.ccnx.ccn.io.CCNOutputStream flushToNetwork
信息: flush: outputting to the segmenter, baseName /ccnx.org/test/SyncTestRepo-15-03-16-09.59.21/ccnSyncTest/slice6/randomFile/=FD055063912819/%C1.META.M/.header/=FD05506391286A basenameindex =00; 66 bytes written, holding back 0 flushing final blocks? true.
三月 16, 2015 9:59:46 上午 org.ccnx.ccn.io.CCNOutputStream flushToNetwork
信息: HEADER: CCNOutputStream: flushToNetwork: new _baseNameIndex 1
三月 16, 2015 9:59:46 上午 org.ccnx.ccn.io.CCNOutputStream close
信息: CCNOutputStream close: /ccnx.org/test/SyncTestRepo-15-03-16-09.59.21/ccnSyncTest/slice6/randomFile/=FD055063912819/%C1.META.M/.header/=FD05506391286A
三月 16, 2015 9:59:46 上午 org.ccnx.ccn.io.CCNOutputStream close
信息: CCNOutputStream close: /ccnx.org/test/SyncTestRepo-15-03-16-09.59.21/ccnSyncTest/slice6/randomFile/=FD055063912819
三月 16, 2015 9:59:46 上午 org.ccnx.ccn.profiles.sync.SyncTestCommon writeFile
信息: Wrote file to repository: /ccnx.org/test/SyncTestRepo-15-03-16-09.59.21/ccnSyncTest/slice6/randomFile/=FD055063912819 with 3 segments
三月 16, 2015 9:59:50 上午 org.ccnx.ccn.impl.sync.ProtocolBasedSyncMonitor handleContent
信息: Saw new content from sync: /ccnx.org/test/SyncTestRepo-15-03-16-09.59.21/topoPrefix/%C1.S.ra/=2F0E042296DA480E4F6D58225A5628B1544FBFAE84790740F08367B5F5A76805/.../%016C=CC2CA27E33CC5218A1CA76DB199FACDAA098592E69546E4C47F611CD7972
三月 16, 2015 9:59:50 上午 org.ccnx.ccn.impl.encoding.BinaryXMLDecoder setElement
信息: Reset decode array sizes to 150
三月 16, 2015 9:59:50 上午 org.ccnx.ccn.impl.encoding.BinaryXMLDecoder setElement
信息: Reset decode array sizes to 225
三月 16, 2015 9:59:50 上午 org.ccnx.ccn.impl.sync.SliceComparator run
信息: Starting new round with X = null and Y = %016C=CC2CA27E33CC5218A1CA76DB199FACDAA098592E69546E4C47F611CD7972
三月 16, 2015 9:59:50 上午 org.ccnx.ccn.profiles.sync.SyncTestRepo doHandleContentName
信息: Number 1: Callback for name: /ccnx.org/test/SyncTestRepo-15-03-16-09.59.21/ccnSyncTest/slice6/randomFile/=FD055063912819/=00 - number is 0
三月 16, 2015 9:59:50 上午 org.ccnx.ccn.profiles.sync.SyncTestRepo doHandleContentName
信息: Number 1: Callback for name: /ccnx.org/test/SyncTestRepo-15-03-16-09.59.21/ccnSyncTest/slice6/randomFile/=FD055063912819/=0001 - number is 1
三月 16, 2015 9:59:50 上午 org.ccnx.ccn.profiles.sync.SyncTestRepo doHandleContentName
信息: Number 1: Callback for name: /ccnx.org/test/SyncTestRepo-15-03-16-09.59.21/ccnSyncTest/slice6/randomFile/=FD055063912819/%C1.META.M/.header/=FD05506391286A/=00 - number is header
三月 16, 2015 9:59:51 上午 org.ccnx.ccn.impl.sync.ProtocolBasedSyncMonitor shutdown
信息: Shutting down sync on slice: /ccnx.org/test/SyncTestRepo-15-03-16-09.59.21/ccnSyncTest/slice6
三月 16, 2015 9:59:51 上午 org.ccnx.ccn.impl.CCNFlowControl <init>
信息: adding namespace: /ccnx.org/test/SyncTestRepo-15-03-16-09.59.21/ccnSyncTest/slice6/round2/randomFile
三月 16, 2015 9:59:51 上午 org.ccnx.ccn.impl.security.keys.BasicKeyManager getKeyLocator
信息: getKeyLocator: returning locator NAME: /ccnx.org/Users/cb/Keys/%C1.M.K%00K=B082A16E5382FBAAA09FBE303E24E042E37E88C290E054292521DECA236523/=FD055059931000 KEY:itggagmsks2vela17tu60v29o22sdv8hgkgs1a2i991rr526p93 for key S7CCoW5TgvuqoJ++MD4k4ELjfojCkOBUKSUh3sojZSM=
三月 16, 2015 9:59:51 上午 org.ccnx.ccn.io.CCNAbstractOutputStream <init>
信息: CCNAbstractOutputStream: /ccnx.org/test/SyncTestRepo-15-03-16-09.59.21/ccnSyncTest/slice6/round2/randomFile/=FD05506391717D blocksize is 4096
三月 16, 2015 9:59:51 上午 org.ccnx.ccn.io.CCNAbstractOutputStream startWrite
信息: CCNAbstractOutputStream: startWrite -- searching for keys.
三月 16, 2015 9:59:51 上午 org.ccnx.ccn.profiles.security.access.AccessControlManager keysForOutput
信息: keysForOutput: found an acm: (null)
三月 16, 2015 9:59:51 上午 org.ccnx.ccn.impl.repo.RepositoryFlowControl startWrite
信息: RepositoryFlowControl.startWrite called for name /ccnx.org/test/SyncTestRepo-15-03-16-09.59.21/ccnSyncTest/slice6/round2/randomFile/=FD05506391717D, shape STREAM
三月 16, 2015 9:59:51 上午 org.ccnx.ccn.impl.repo.RepositoryFlowControl handleContent
信息: handleContent: got potential repo message: /ccnx.org/test/SyncTestRepo-15-03-16-09.59.21/ccnSyncTest/slice6/round2/randomFile/=FD05506391717D/%C1.R.sw/%C1.N=00C773271604EE4DCD
三月 16, 2015 9:59:51 上午 org.ccnx.ccn.io.CCNOutputStream flushToNetwork
信息: flush: outputting to the segmenter, baseName /ccnx.org/test/SyncTestRepo-15-03-16-09.59.21/ccnSyncTest/slice6/round2/randomFile/=FD05506391717D basenameindex =00; 3109 bytes written, holding back 3109 flushing final blocks? false.
三月 16, 2015 9:59:51 上午 org.ccnx.ccn.io.CCNOutputStream flushToNetwork
信息: HEADER: CCNOutputStream: flushToNetwork: new _baseNameIndex 0
三月 16, 2015 9:59:51 上午 org.ccnx.ccn.io.CCNOutputStream flushToNetwork
信息: flush: outputting to the segmenter, baseName /ccnx.org/test/SyncTestRepo-15-03-16-09.59.21/ccnSyncTest/slice6/round2/randomFile/=FD05506391717D basenameindex =00; 3109 bytes written, holding back 3109 flushing final blocks? false.
三月 16, 2015 9:59:51 上午 org.ccnx.ccn.io.CCNOutputStream flushToNetwork
信息: HEADER: CCNOutputStream: flushToNetwork: new _baseNameIndex 0
三月 16, 2015 9:59:51 上午 org.ccnx.ccn.io.CCNOutputStream flushToNetwork
信息: flush: outputting to the segmenter, baseName /ccnx.org/test/SyncTestRepo-15-03-16-09.59.21/ccnSyncTest/slice6/round2/randomFile/=FD05506391717D basenameindex =00; 3109 bytes written, holding back 0 flushing final blocks? true.
三月 16, 2015 9:59:51 上午 org.ccnx.ccn.io.CCNOutputStream flushToNetwork
信息: HEADER: CCNOutputStream: flushToNetwork: new _baseNameIndex 1
三月 16, 2015 9:59:51 上午 org.ccnx.ccn.io.CCNAbstractOutputStream <init>
信息: CCNAbstractOutputStream: /ccnx.org/test/SyncTestRepo-15-03-16-09.59.21/ccnSyncTest/slice6/round2/randomFile/=FD05506391717D/%C1.META.M/.header/=FD0550639171BE blocksize is 4096
三月 16, 2015 9:59:51 上午 org.ccnx.ccn.io.CCNAbstractOutputStream startWrite
信息: CCNAbstractOutputStream: startWrite -- searching for keys.
三月 16, 2015 9:59:51 上午 org.ccnx.ccn.profiles.security.access.AccessControlManager keysForOutput
信息: keysForOutput: found an acm: (null)
三月 16, 2015 9:59:51 上午 org.ccnx.ccn.impl.repo.RepositoryFlowControl startWrite
信息: RepositoryFlowControl.startWrite called for name /ccnx.org/test/SyncTestRepo-15-03-16-09.59.21/ccnSyncTest/slice6/round2/randomFile/=FD05506391717D/%C1.META.M/.header/=FD0550639171BE, shape STREAM
三月 16, 2015 9:59:51 上午 org.ccnx.ccn.impl.repo.RepositoryFlowControl handleContent
信息: handleContent: got potential repo message: /ccnx.org/test/SyncTestRepo-15-03-16-09.59.21/ccnSyncTest/slice6/round2/randomFile/=FD05506391717D/%C1.META.M/.header/=FD0550639171BE/%C1.R.sw/%C1.N=0004E409328501C970
三月 16, 2015 9:59:51 上午 org.ccnx.ccn.io.CCNOutputStream flushToNetwork
信息: flush: outputting to the segmenter, baseName /ccnx.org/test/SyncTestRepo-15-03-16-09.59.21/ccnSyncTest/slice6/round2/randomFile/=FD05506391717D/%C1.META.M/.header/=FD0550639171BE basenameindex =00; 66 bytes written, holding back 66 flushing final blocks? false.
三月 16, 2015 9:59:51 上午 org.ccnx.ccn.io.CCNOutputStream flushToNetwork
信息: HEADER: CCNOutputStream: flushToNetwork: new _baseNameIndex 0
三月 16, 2015 9:59:51 上午 org.ccnx.ccn.io.CCNOutputStream flushToNetwork
信息: flush: outputting to the segmenter, baseName /ccnx.org/test/SyncTestRepo-15-03-16-09.59.21/ccnSyncTest/slice6/round2/randomFile/=FD05506391717D/%C1.META.M/.header/=FD0550639171BE basenameindex =00; 66 bytes written, holding back 66 flushing final blocks? false.
三月 16, 2015 9:59:51 上午 org.ccnx.ccn.io.CCNOutputStream flushToNetwork
信息: HEADER: CCNOutputStream: flushToNetwork: new _baseNameIndex 0
三月 16, 2015 9:59:51 上午 org.ccnx.ccn.io.CCNOutputStream flushToNetwork
信息: flush: outputting to the segmenter, baseName /ccnx.org/test/SyncTestRepo-15-03-16-09.59.21/ccnSyncTest/slice6/round2/randomFile/=FD05506391717D/%C1.META.M/.header/=FD0550639171BE basenameindex =00; 66 bytes written, holding back 0 flushing final blocks? true.
三月 16, 2015 9:59:51 上午 org.ccnx.ccn.io.CCNOutputStream flushToNetwork
信息: HEADER: CCNOutputStream: flushToNetwork: new _baseNameIndex 1
三月 16, 2015 9:59:51 上午 org.ccnx.ccn.io.CCNOutputStream close
信息: CCNOutputStream close: /ccnx.org/test/SyncTestRepo-15-03-16-09.59.21/ccnSyncTest/slice6/round2/randomFile/=FD05506391717D/%C1.META.M/.header/=FD0550639171BE
三月 16, 2015 9:59:51 上午 org.ccnx.ccn.io.CCNOutputStream close
信息: CCNOutputStream close: /ccnx.org/test/SyncTestRepo-15-03-16-09.59.21/ccnSyncTest/slice6/round2/randomFile/=FD05506391717D
三月 16, 2015 9:59:51 上午 org.ccnx.ccn.profiles.sync.SyncTestCommon writeFile
信息: Wrote file to repository: /ccnx.org/test/SyncTestRepo-15-03-16-09.59.21/ccnSyncTest/slice6/round2/randomFile/=FD05506391717D with 2 segments
三月 16, 2015 9:59:51 上午 org.ccnx.ccn.impl.sync.ProtocolBasedSyncMonitor handleContent
信息: Saw new content from sync: /ccnx.org/test/SyncTestRepo-15-03-16-09.59.21/topoPrefix/%C1.S.ra/=2F0E042296DA480E4F6D58225A5628B1544FBFAE84790740F08367B5F5A76805/%016C=CC2CA27E33CC5218A1CA76DB199FACDAA098592E69546E4C47F611CD7972/%02Am%83O%9Cg%94c=156067915F7F6ABD9B6B1D7FE5507076C1A5A19D66FD909E
三月 16, 2015 10:00:03 上午 org.ccnx.ccn.profiles.sync.SyncTestRepo checkCallbacks
信息: 2 outstanding segments = 0, header 
三月 16, 2015 10:00:03 上午 org.ccnx.ccn.io.content.CCNNetworkObject createFlowController
信息: Created LOCALREPOSITORY flow controller, for prefix /%C1.M.S.localhost/%C1.S.cs/=2F0E042296DA480E4F6D58225A5628B1544FBFAE84790740F08367B5F5A76805, save type LOCALREPOSITORY
三月 16, 2015 10:00:03 上午 org.ccnx.ccn.profiles.VersioningProfile getLatestVersion
信息: gLV getLatestVersion: retrieved latest version object /%C1.M.S.localhost/%C1.S.cs/=2F0E042296DA480E4F6D58225A5628B1544FBFAE84790740F08367B5F5A76805/=FD05506391260C/=00 type: DATA
三月 16, 2015 10:00:03 上午 org.ccnx.ccn.profiles.VersioningProfile getLatestVersion
信息: getFirstBlockOfLatestVersion: no block available for later version of /%C1.M.S.localhost/%C1.S.cs/=2F0E042296DA480E4F6D58225A5628B1544FBFAE84790740F08367B5F5A76805/=FD05506391260C
三月 16, 2015 10:00:03 上午 org.ccnx.ccn.io.CCNAbstractInputStream <init>
信息: CCNAbstractInputStream: /%C1.M.S.localhost/%C1.S.cs/=2F0E042296DA480E4F6D58225A5628B1544FBFAE84790740F08367B5F5A76805/=FD05506391260C segment 0
三月 16, 2015 10:00:03 上午 org.ccnx.ccn.impl.sync.SliceComparator <init>
信息: Beginning sync monitoring from start
三月 16, 2015 10:00:03 上午 org.ccnx.ccn.CCNSync startSync
信息: Started sync with topo: /ccnx.org/test/SyncTestRepo-15-03-16-09.59.21/topoPrefix and prefix: /ccnx.org/test/SyncTestRepo-15-03-16-09.59.21/ccnSyncTest/slice6
三月 16, 2015 10:00:03 上午 org.ccnx.ccn.impl.CCNFlowControl <init>
信息: adding namespace: /ccnx.org/test/SyncTestRepo-15-03-16-09.59.21/ccnSyncTest/slice6/round3/randomFile
三月 16, 2015 10:00:03 上午 org.ccnx.ccn.impl.sync.ProtocolBasedSyncMonitor handleContent
信息: Saw new content from sync: /ccnx.org/test/SyncTestRepo-15-03-16-09.59.21/topoPrefix/%C1.S.ra/=2F0E042296DA480E4F6D58225A5628B1544FBFAE84790740F08367B5F5A76805/.../%02Am%83O%9Cg%94c=156067915F7F6ABD9B6B1D7FE5507076C1A5A19D66FD909E
三月 16, 2015 10:00:03 上午 org.ccnx.ccn.impl.security.keys.BasicKeyManager getKeyLocator
信息: getKeyLocator: returning locator NAME: /ccnx.org/Users/cb/Keys/%C1.M.K%00K=B082A16E5382FBAAA09FBE303E24E042E37E88C290E054292521DECA236523/=FD055059931000 KEY:itggagmsks2vela17tu60v29o22sdv8hgkgs1a2i991rr526p93 for key S7CCoW5TgvuqoJ++MD4k4ELjfojCkOBUKSUh3sojZSM=
三月 16, 2015 10:00:03 上午 org.ccnx.ccn.io.CCNAbstractOutputStream <init>
信息: CCNAbstractOutputStream: /ccnx.org/test/SyncTestRepo-15-03-16-09.59.21/ccnSyncTest/slice6/round3/randomFile/=FD0550639237D7 blocksize is 4096
三月 16, 2015 10:00:03 上午 org.ccnx.ccn.io.CCNAbstractOutputStream startWrite
信息: CCNAbstractOutputStream: startWrite -- searching for keys.
三月 16, 2015 10:00:03 上午 org.ccnx.ccn.profiles.security.access.AccessControlManager keysForOutput
信息: keysForOutput: found an acm: (null)
三月 16, 2015 10:00:03 上午 org.ccnx.ccn.impl.repo.RepositoryFlowControl startWrite
信息: RepositoryFlowControl.startWrite called for name /ccnx.org/test/SyncTestRepo-15-03-16-09.59.21/ccnSyncTest/slice6/round3/randomFile/=FD0550639237D7, shape STREAM
三月 16, 2015 10:00:03 上午 org.ccnx.ccn.impl.repo.RepositoryFlowControl handleContent
信息: handleContent: got potential repo message: /ccnx.org/test/SyncTestRepo-15-03-16-09.59.21/ccnSyncTest/slice6/round3/randomFile/=FD0550639237D7/%C1.R.sw/%C1.N=002A6BA70156135A92
三月 16, 2015 10:00:03 上午 org.ccnx.ccn.io.CCNOutputStream flushToNetwork
信息: flush: outputting to the segmenter, baseName /ccnx.org/test/SyncTestRepo-15-03-16-09.59.21/ccnSyncTest/slice6/round3/randomFile/=FD0550639237D7 basenameindex =00; 1069 bytes written, holding back 1069 flushing final blocks? false.
三月 16, 2015 10:00:03 上午 org.ccnx.ccn.io.CCNOutputStream flushToNetwork
信息: HEADER: CCNOutputStream: flushToNetwork: new _baseNameIndex 0
三月 16, 2015 10:00:03 上午 org.ccnx.ccn.io.CCNOutputStream flushToNetwork
信息: flush: outputting to the segmenter, baseName /ccnx.org/test/SyncTestRepo-15-03-16-09.59.21/ccnSyncTest/slice6/round3/randomFile/=FD0550639237D7 basenameindex =00; 1069 bytes written, holding back 1069 flushing final blocks? false.
三月 16, 2015 10:00:03 上午 org.ccnx.ccn.io.CCNOutputStream flushToNetwork
信息: HEADER: CCNOutputStream: flushToNetwork: new _baseNameIndex 0
三月 16, 2015 10:00:03 上午 org.ccnx.ccn.io.CCNOutputStream flushToNetwork
信息: flush: outputting to the segmenter, baseName /ccnx.org/test/SyncTestRepo-15-03-16-09.59.21/ccnSyncTest/slice6/round3/randomFile/=FD0550639237D7 basenameindex =00; 1069 bytes written, holding back 0 flushing final blocks? true.
三月 16, 2015 10:00:03 上午 org.ccnx.ccn.io.CCNOutputStream flushToNetwork
信息: HEADER: CCNOutputStream: flushToNetwork: new _baseNameIndex 1
三月 16, 2015 10:00:03 上午 org.ccnx.ccn.io.CCNAbstractOutputStream <init>
信息: CCNAbstractOutputStream: /ccnx.org/test/SyncTestRepo-15-03-16-09.59.21/ccnSyncTest/slice6/round3/randomFile/=FD0550639237D7/%C1.META.M/.header/=FD055063923810 blocksize is 4096
三月 16, 2015 10:00:03 上午 org.ccnx.ccn.io.CCNAbstractOutputStream startWrite
信息: CCNAbstractOutputStream: startWrite -- searching for keys.
三月 16, 2015 10:00:03 上午 org.ccnx.ccn.profiles.security.access.AccessControlManager keysForOutput
信息: keysForOutput: found an acm: (null)
三月 16, 2015 10:00:03 上午 org.ccnx.ccn.impl.repo.RepositoryFlowControl startWrite
信息: RepositoryFlowControl.startWrite called for name /ccnx.org/test/SyncTestRepo-15-03-16-09.59.21/ccnSyncTest/slice6/round3/randomFile/=FD0550639237D7/%C1.META.M/.header/=FD055063923810, shape STREAM
三月 16, 2015 10:00:03 上午 org.ccnx.ccn.impl.sync.ProtocolBasedSyncMonitor handleContent
信息: Saw new content from sync: /ccnx.org/test/SyncTestRepo-15-03-16-09.59.21/topoPrefix/%C1.S.ra/=2F0E042296DA480E4F6D58225A5628B1544FBFAE84790740F08367B5F5A76805/%02Am%83O%9Cg%94c=156067915F7F6ABD9B6B1D7FE5507076C1A5A19D66FD909E/=02E358B58163C4E574378BED41E4B3CDB1DA0BEA7D9274006E8BBB44F22FAE4F79
三月 16, 2015 10:00:03 上午 org.ccnx.ccn.impl.repo.RepositoryFlowControl handleContent
信息: handleContent: got potential repo message: /ccnx.org/test/SyncTestRepo-15-03-16-09.59.21/ccnSyncTest/slice6/round3/randomFile/=FD0550639237D7/%C1.META.M/.header/=FD055063923810/%C1.R.sw/%C1.N%00Z=D7284C9400C976
三月 16, 2015 10:00:03 上午 org.ccnx.ccn.io.CCNOutputStream flushToNetwork
信息: flush: outputting to the segmenter, baseName /ccnx.org/test/SyncTestRepo-15-03-16-09.59.21/ccnSyncTest/slice6/round3/randomFile/=FD0550639237D7/%C1.META.M/.header/=FD055063923810 basenameindex =00; 66 bytes written, holding back 66 flushing final blocks? false.
三月 16, 2015 10:00:03 上午 org.ccnx.ccn.io.CCNOutputStream flushToNetwork
信息: HEADER: CCNOutputStream: flushToNetwork: new _baseNameIndex 0
三月 16, 2015 10:00:03 上午 org.ccnx.ccn.io.CCNOutputStream flushToNetwork
信息: flush: outputting to the segmenter, baseName /ccnx.org/test/SyncTestRepo-15-03-16-09.59.21/ccnSyncTest/slice6/round3/randomFile/=FD0550639237D7/%C1.META.M/.header/=FD055063923810 basenameindex =00; 66 bytes written, holding back 66 flushing final blocks? false.
三月 16, 2015 10:00:03 上午 org.ccnx.ccn.io.CCNOutputStream flushToNetwork
信息: HEADER: CCNOutputStream: flushToNetwork: new _baseNameIndex 0
三月 16, 2015 10:00:03 上午 org.ccnx.ccn.io.CCNOutputStream flushToNetwork
信息: flush: outputting to the segmenter, baseName /ccnx.org/test/SyncTestRepo-15-03-16-09.59.21/ccnSyncTest/slice6/round3/randomFile/=FD0550639237D7/%C1.META.M/.header/=FD055063923810 basenameindex =00; 66 bytes written, holding back 0 flushing final blocks? true.
三月 16, 2015 10:00:03 上午 org.ccnx.ccn.io.CCNOutputStream flushToNetwork
信息: HEADER: CCNOutputStream: flushToNetwork: new _baseNameIndex 1
三月 16, 2015 10:00:03 上午 org.ccnx.ccn.io.CCNOutputStream close
信息: CCNOutputStream close: /ccnx.org/test/SyncTestRepo-15-03-16-09.59.21/ccnSyncTest/slice6/round3/randomFile/=FD0550639237D7/%C1.META.M/.header/=FD055063923810
三月 16, 2015 10:00:03 上午 org.ccnx.ccn.io.CCNOutputStream close
信息: CCNOutputStream close: /ccnx.org/test/SyncTestRepo-15-03-16-09.59.21/ccnSyncTest/slice6/round3/randomFile/=FD0550639237D7
三月 16, 2015 10:00:03 上午 org.ccnx.ccn.profiles.sync.SyncTestCommon writeFile
信息: Wrote file to repository: /ccnx.org/test/SyncTestRepo-15-03-16-09.59.21/ccnSyncTest/slice6/round3/randomFile/=FD0550639237D7 with 2 segments
三月 16, 2015 10:00:03 上午 org.ccnx.ccn.impl.encoding.BinaryXMLDecoder setElement
信息: Reset decode array sizes to 150
三月 16, 2015 10:00:03 上午 org.ccnx.ccn.impl.encoding.BinaryXMLDecoder setElement
信息: Reset decode array sizes to 225
三月 16, 2015 10:00:03 上午 org.ccnx.ccn.impl.encoding.BinaryXMLDecoder setElement
信息: Reset decode array sizes to 337
三月 16, 2015 10:00:03 上午 org.ccnx.ccn.impl.encoding.BinaryXMLDecoder setElement
信息: Reset decode array sizes to 150
三月 16, 2015 10:00:03 上午 org.ccnx.ccn.impl.encoding.BinaryXMLDecoder setElement
信息: Reset decode array sizes to 225
三月 16, 2015 10:00:03 上午 org.ccnx.ccn.impl.encoding.BinaryXMLDecoder setElement
信息: Reset decode array sizes to 337
三月 16, 2015 10:00:03 上午 org.ccnx.ccn.impl.sync.SliceComparator run
信息: Starting new round with X = null and Y = =02E358B58163C4E574378BED41E4B3CDB1DA0BEA7D9274006E8BBB44F22FAE4F79
三月 16, 2015 10:00:03 上午 org.ccnx.ccn.profiles.sync.SyncTestRepo doHandleContentName
信息: Number 1: Callback for name: /ccnx.org/test/SyncTestRepo-15-03-16-09.59.21/ccnSyncTest/slice6/round2/randomFile/=FD05506391717D/=00 - number is 0
三月 16, 2015 10:00:03 上午 org.ccnx.ccn.profiles.sync.SyncTestRepo doHandleContentName
信息: Number 1: Callback for name: /ccnx.org/test/SyncTestRepo-15-03-16-09.59.21/ccnSyncTest/slice6/round2/randomFile/=FD05506391717D/%C1.META.M/.header/=FD0550639171BE/=00 - number is header
三月 16, 2015 10:00:03 上午 org.ccnx.ccn.profiles.sync.SyncTestRepo doHandleContentName
信息: Number 1: Callback for name: /ccnx.org/test/SyncTestRepo-15-03-16-09.59.21/ccnSyncTest/slice6/round3/randomFile/=FD0550639237D7/=00 - number is 0
三月 16, 2015 10:00:03 上午 org.ccnx.ccn.profiles.sync.SyncTestRepo doHandleContentName
信息: Number 1: Callback for name: /ccnx.org/test/SyncTestRepo-15-03-16-09.59.21/ccnSyncTest/slice6/randomFile/=FD055063912819/=00 - number is 0
三月 16, 2015 10:00:03 上午 org.ccnx.ccn.profiles.sync.SyncTestRepo doHandleContentName
信息: Number 1: Callback for name: /ccnx.org/test/SyncTestRepo-15-03-16-09.59.21/ccnSyncTest/slice6/randomFile/=FD055063912819/=0001 - number is 1
三月 16, 2015 10:00:03 上午 org.ccnx.ccn.profiles.sync.SyncTestRepo doHandleContentName
信息: Number 1: Callback for name: /ccnx.org/test/SyncTestRepo-15-03-16-09.59.21/ccnSyncTest/slice6/randomFile/=FD055063912819/%C1.META.M/.header/=FD05506391286A/=00 - number is header
三月 16, 2015 10:00:03 上午 org.ccnx.ccn.impl.sync.SliceComparator run
信息: Starting new round with X = =02E358B58163C4E574378BED41E4B3CDB1DA0BEA7D9274006E8BBB44F22FAE4F79 and Y = %02Am%83O%9Cg%94c=156067915F7F6ABD9B6B1D7FE5507076C1A5A19D66FD909E
三月 16, 2015 10:00:03 上午 org.ccnx.ccn.impl.sync.ProtocolBasedSyncMonitor handleContent
信息: Saw new content from sync: /ccnx.org/test/SyncTestRepo-15-03-16-09.59.21/topoPrefix/%C1.S.ra/=2F0E042296DA480E4F6D58225A5628B1544FBFAE84790740F08367B5F5A76805/=02E358B58163C4E574378BED41E4B3CDB1DA0BEA7D9274006E8BBB44F22FAE4F79/%03Z%EDl=9909C97EF7A7D12CC85780D74B2E128D320AD490EC1C735DCBDFC358FC
三月 16, 2015 10:00:03 上午 org.ccnx.ccn.impl.encoding.BinaryXMLDecoder setElement
信息: Reset decode array sizes to 150
三月 16, 2015 10:00:03 上午 org.ccnx.ccn.impl.encoding.BinaryXMLDecoder setElement
信息: Reset decode array sizes to 225
三月 16, 2015 10:00:03 上午 org.ccnx.ccn.impl.encoding.BinaryXMLDecoder setElement
信息: Reset decode array sizes to 337
三月 16, 2015 10:00:03 上午 org.ccnx.ccn.impl.sync.SliceComparator run
信息: Starting new round with X = =02E358B58163C4E574378BED41E4B3CDB1DA0BEA7D9274006E8BBB44F22FAE4F79 and Y = %03Z%EDl=9909C97EF7A7D12CC85780D74B2E128D320AD490EC1C735DCBDFC358FC
三月 16, 2015 10:00:03 上午 org.ccnx.ccn.profiles.sync.SyncTestRepo doHandleContentName
信息: Number 1: Callback for name: /ccnx.org/test/SyncTestRepo-15-03-16-09.59.21/ccnSyncTest/slice6/round3/randomFile/=FD0550639237D7/%C1.META.M/.header/=FD055063923810/=00 - number is header
三月 16, 2015 10:00:03 上午 org.ccnx.ccn.impl.sync.SliceComparator updateCurrent
信息: Resetting current to created head: %03Z%EDl=9909C97EF7A7D12CC85780D74B2E128D320AD490EC1C735DCBDFC358FC
三月 16, 2015 10:00:04 上午 org.ccnx.ccn.impl.sync.ProtocolBasedSyncMonitor shutdown
信息: Shutting down sync on slice: /ccnx.org/test/SyncTestRepo-15-03-16-09.59.21/ccnSyncTest/slice6
三月 16, 2015 10:00:04 上午 org.ccnx.ccn.profiles.sync.SyncTestRepo testSyncRestart
信息: Finished running testSyncRestart
三月 16, 2015 10:00:04 上午 org.ccnx.ccn.profiles.sync.SyncTestRepo testSyncRoot
信息: Starting testSyncRoot
三月 16, 2015 10:00:04 上午 org.ccnx.ccn.io.content.CCNNetworkObject createFlowController
信息: Created LOCALREPOSITORY flow controller, for prefix /%C1.M.S.localhost/%C1.S.cs/q-=AB263074701D094B06818879B46C928DCF693B64F3603515024FAB422BDB, save type LOCALREPOSITORY
三月 16, 2015 10:00:04 上午 org.ccnx.ccn.profiles.VersioningProfile getLatestVersion
信息: getFirstBlockOfLatestVersion: no block available for later version of /%C1.M.S.localhost/%C1.S.cs/q-=AB263074701D094B06818879B46C928DCF693B64F3603515024FAB422BDB
三月 16, 2015 10:00:04 上午 org.ccnx.ccn.impl.CCNFlowControl addNameSpace
信息: Flow controller addNameSpace: added namespace: /%C1.M.S.localhost/%C1.S.cs/q-=AB263074701D094B06818879B46C928DCF693B64F3603515024FAB422BDB
三月 16, 2015 10:00:04 上午 org.ccnx.ccn.impl.security.keys.BasicKeyManager getKeyLocator
信息: getKeyLocator: returning locator NAME: /ccnx.org/Users/cb/Keys/%C1.M.K%00K=B082A16E5382FBAAA09FBE303E24E042E37E88C290E054292521DECA236523/=FD055059931000 KEY:itggagmsks2vela17tu60v29o22sdv8hgkgs1a2i991rr526p93 for key S7CCoW5TgvuqoJ++MD4k4ELjfojCkOBUKSUh3sojZSM=
三月 16, 2015 10:00:04 上午 org.ccnx.ccn.io.CCNAbstractOutputStream <init>
信息: CCNAbstractOutputStream: /%C1.M.S.localhost/%C1.S.cs/q-=AB263074701D094B06818879B46C928DCF693B64F3603515024FAB422BDB/=FD0550639245DB blocksize is 4096
三月 16, 2015 10:00:04 上午 org.ccnx.ccn.io.CCNAbstractOutputStream startWrite
信息: CCNAbstractOutputStream: startWrite -- searching for keys.
三月 16, 2015 10:00:04 上午 org.ccnx.ccn.profiles.security.access.AccessControlManager keysForOutput
信息: keysForOutput: found an acm: (null)
三月 16, 2015 10:00:04 上午 org.ccnx.ccn.impl.repo.RepositoryFlowControl startWrite
信息: RepositoryFlowControl.startWrite called for name /%C1.M.S.localhost/%C1.S.cs/q-=AB263074701D094B06818879B46C928DCF693B64F3603515024FAB422BDB/=FD0550639245DB, shape STREAM
三月 16, 2015 10:00:04 上午 org.ccnx.ccn.impl.repo.RepositoryFlowControl handleContent
信息: handleContent: got potential repo message: /%C1.M.S.localhost/%C1.S.cs/q-=AB263074701D094B06818879B46C928DCF693B64F3603515024FAB422BDB/=FD0550639245DB/%C1.R.sw/%C1.N=00F5714D6C2F44D3F7
三月 16, 2015 10:00:04 上午 org.ccnx.ccn.io.CCNOutputStream flushToNetwork
信息: flush: outputting to the segmenter, baseName /%C1.M.S.localhost/%C1.S.cs/q-=AB263074701D094B06818879B46C928DCF693B64F3603515024FAB422BDB/=FD0550639245DB basenameindex =00; 162 bytes written, holding back 162 flushing final blocks? false.
三月 16, 2015 10:00:04 上午 org.ccnx.ccn.io.CCNOutputStream flushToNetwork
信息: HEADER: CCNOutputStream: flushToNetwork: new _baseNameIndex 0
三月 16, 2015 10:00:04 上午 org.ccnx.ccn.io.CCNOutputStream flushToNetwork
信息: flush: outputting to the segmenter, baseName /%C1.M.S.localhost/%C1.S.cs/q-=AB263074701D094B06818879B46C928DCF693B64F3603515024FAB422BDB/=FD0550639245DB basenameindex =00; 162 bytes written, holding back 0 flushing final blocks? true.
三月 16, 2015 10:00:04 上午 org.ccnx.ccn.io.CCNOutputStream flushToNetwork
信息: HEADER: CCNOutputStream: flushToNetwork: new _baseNameIndex 1
三月 16, 2015 10:00:04 上午 org.ccnx.ccn.io.CCNOutputStream close
信息: CCNOutputStream close: /%C1.M.S.localhost/%C1.S.cs/q-=AB263074701D094B06818879B46C928DCF693B64F3603515024FAB422BDB/=FD0550639245DB
三月 16, 2015 10:00:04 上午 org.ccnx.ccn.impl.sync.SliceComparator <init>
信息: Beginning sync monitoring from start
三月 16, 2015 10:00:04 上午 org.ccnx.ccn.CCNSync startSync
信息: Started sync with topo: /ccnx.org/test/SyncTestRepo-15-03-16-09.59.21/topoPrefix and prefix: /ccnx.org/test/SyncTestRepo-15-03-16-09.59.21/ccnSyncTest/slice7
三月 16, 2015 10:00:04 上午 org.ccnx.ccn.impl.CCNFlowControl <init>
信息: adding namespace: /ccnx.org/test/SyncTestRepo-15-03-16-09.59.21/ccnSyncTest/slice7/round1/randomFile
三月 16, 2015 10:00:04 上午 org.ccnx.ccn.impl.security.keys.BasicKeyManager getKeyLocator
信息: getKeyLocator: returning locator NAME: /ccnx.org/Users/cb/Keys/%C1.M.K%00K=B082A16E5382FBAAA09FBE303E24E042E37E88C290E054292521DECA236523/=FD055059931000 KEY:itggagmsks2vela17tu60v29o22sdv8hgkgs1a2i991rr526p93 for key S7CCoW5TgvuqoJ++MD4k4ELjfojCkOBUKSUh3sojZSM=
三月 16, 2015 10:00:04 上午 org.ccnx.ccn.io.CCNAbstractOutputStream <init>
信息: CCNAbstractOutputStream: /ccnx.org/test/SyncTestRepo-15-03-16-09.59.21/ccnSyncTest/slice7/round1/randomFile/=FD0550639247DF blocksize is 4096
三月 16, 2015 10:00:04 上午 org.ccnx.ccn.io.CCNAbstractOutputStream startWrite
信息: CCNAbstractOutputStream: startWrite -- searching for keys.
三月 16, 2015 10:00:04 上午 org.ccnx.ccn.profiles.security.access.AccessControlManager keysForOutput
信息: keysForOutput: found an acm: (null)
三月 16, 2015 10:00:04 上午 org.ccnx.ccn.impl.repo.RepositoryFlowControl startWrite
信息: RepositoryFlowControl.startWrite called for name /ccnx.org/test/SyncTestRepo-15-03-16-09.59.21/ccnSyncTest/slice7/round1/randomFile/=FD0550639247DF, shape STREAM
三月 16, 2015 10:00:04 上午 org.ccnx.ccn.impl.repo.RepositoryFlowControl handleContent
信息: handleContent: got potential repo message: /ccnx.org/test/SyncTestRepo-15-03-16-09.59.21/ccnSyncTest/slice7/round1/randomFile/=FD0550639247DF/%C1.R.sw/%C1.N%00C%0Bsp=7BED457C
三月 16, 2015 10:00:04 上午 org.ccnx.ccn.io.CCNOutputStream flushToNetwork
信息: flush: outputting to the segmenter, baseName /ccnx.org/test/SyncTestRepo-15-03-16-09.59.21/ccnSyncTest/slice7/round1/randomFile/=FD0550639247DF basenameindex =0001; 1720 bytes written, holding back 1720 flushing final blocks? false.
三月 16, 2015 10:00:04 上午 org.ccnx.ccn.io.CCNOutputStream flushToNetwork
信息: HEADER: CCNOutputStream: flushToNetwork: new _baseNameIndex 1
三月 16, 2015 10:00:04 上午 org.ccnx.ccn.io.CCNOutputStream flushToNetwork
信息: flush: outputting to the segmenter, baseName /ccnx.org/test/SyncTestRepo-15-03-16-09.59.21/ccnSyncTest/slice7/round1/randomFile/=FD0550639247DF basenameindex =0001; 1720 bytes written, holding back 1720 flushing final blocks? false.
三月 16, 2015 10:00:04 上午 org.ccnx.ccn.io.CCNOutputStream flushToNetwork
信息: HEADER: CCNOutputStream: flushToNetwork: new _baseNameIndex 1
三月 16, 2015 10:00:04 上午 org.ccnx.ccn.io.CCNOutputStream flushToNetwork
信息: flush: outputting to the segmenter, baseName /ccnx.org/test/SyncTestRepo-15-03-16-09.59.21/ccnSyncTest/slice7/round1/randomFile/=FD0550639247DF basenameindex =0001; 1720 bytes written, holding back 0 flushing final blocks? true.
三月 16, 2015 10:00:04 上午 org.ccnx.ccn.io.CCNOutputStream flushToNetwork
信息: HEADER: CCNOutputStream: flushToNetwork: new _baseNameIndex 2
三月 16, 2015 10:00:04 上午 org.ccnx.ccn.io.CCNAbstractOutputStream <init>
信息: CCNAbstractOutputStream: /ccnx.org/test/SyncTestRepo-15-03-16-09.59.21/ccnSyncTest/slice7/round1/randomFile/=FD0550639247DF/%C1.META.M/.header/=FD055063924825 blocksize is 4096
三月 16, 2015 10:00:04 上午 org.ccnx.ccn.io.CCNAbstractOutputStream startWrite
信息: CCNAbstractOutputStream: startWrite -- searching for keys.
三月 16, 2015 10:00:04 上午 org.ccnx.ccn.profiles.security.access.AccessControlManager keysForOutput
信息: keysForOutput: found an acm: (null)
三月 16, 2015 10:00:04 上午 org.ccnx.ccn.impl.repo.RepositoryFlowControl startWrite
信息: RepositoryFlowControl.startWrite called for name /ccnx.org/test/SyncTestRepo-15-03-16-09.59.21/ccnSyncTest/slice7/round1/randomFile/=FD0550639247DF/%C1.META.M/.header/=FD055063924825, shape STREAM
三月 16, 2015 10:00:04 上午 org.ccnx.ccn.impl.repo.RepositoryFlowControl handleContent
信息: handleContent: got potential repo message: /ccnx.org/test/SyncTestRepo-15-03-16-09.59.21/ccnSyncTest/slice7/round1/randomFile/=FD0550639247DF/%C1.META.M/.header/=FD055063924825/%C1.R.sw/%C1.N=00E158137EE83851B9
三月 16, 2015 10:00:04 上午 org.ccnx.ccn.io.CCNOutputStream flushToNetwork
信息: flush: outputting to the segmenter, baseName /ccnx.org/test/SyncTestRepo-15-03-16-09.59.21/ccnSyncTest/slice7/round1/randomFile/=FD0550639247DF/%C1.META.M/.header/=FD055063924825 basenameindex =00; 66 bytes written, holding back 66 flushing final blocks? false.
三月 16, 2015 10:00:04 上午 org.ccnx.ccn.io.CCNOutputStream flushToNetwork
信息: HEADER: CCNOutputStream: flushToNetwork: new _baseNameIndex 0
三月 16, 2015 10:00:04 上午 org.ccnx.ccn.io.CCNOutputStream flushToNetwork
信息: flush: outputting to the segmenter, baseName /ccnx.org/test/SyncTestRepo-15-03-16-09.59.21/ccnSyncTest/slice7/round1/randomFile/=FD0550639247DF/%C1.META.M/.header/=FD055063924825 basenameindex =00; 66 bytes written, holding back 66 flushing final blocks? false.
三月 16, 2015 10:00:04 上午 org.ccnx.ccn.io.CCNOutputStream flushToNetwork
信息: HEADER: CCNOutputStream: flushToNetwork: new _baseNameIndex 0
三月 16, 2015 10:00:04 上午 org.ccnx.ccn.io.CCNOutputStream flushToNetwork
信息: flush: outputting to the segmenter, baseName /ccnx.org/test/SyncTestRepo-15-03-16-09.59.21/ccnSyncTest/slice7/round1/randomFile/=FD0550639247DF/%C1.META.M/.header/=FD055063924825 basenameindex =00; 66 bytes written, holding back 0 flushing final blocks? true.
三月 16, 2015 10:00:04 上午 org.ccnx.ccn.io.CCNOutputStream flushToNetwork
信息: HEADER: CCNOutputStream: flushToNetwork: new _baseNameIndex 1
三月 16, 2015 10:00:04 上午 org.ccnx.ccn.io.CCNOutputStream close
信息: CCNOutputStream close: /ccnx.org/test/SyncTestRepo-15-03-16-09.59.21/ccnSyncTest/slice7/round1/randomFile/=FD0550639247DF/%C1.META.M/.header/=FD055063924825
三月 16, 2015 10:00:04 上午 org.ccnx.ccn.io.CCNOutputStream close
信息: CCNOutputStream close: /ccnx.org/test/SyncTestRepo-15-03-16-09.59.21/ccnSyncTest/slice7/round1/randomFile/=FD0550639247DF
三月 16, 2015 10:00:04 上午 org.ccnx.ccn.profiles.sync.SyncTestCommon writeFile
信息: Wrote file to repository: /ccnx.org/test/SyncTestRepo-15-03-16-09.59.21/ccnSyncTest/slice7/round1/randomFile/=FD0550639247DF with 3 segments
三月 16, 2015 10:00:08 上午 org.ccnx.ccn.impl.sync.ProtocolBasedSyncMonitor handleContent
信息: Saw new content from sync: /ccnx.org/test/SyncTestRepo-15-03-16-09.59.21/topoPrefix/%C1.S.ra/q-=AB263074701D094B06818879B46C928DCF693B64F3603515024FAB422BDB/.../=D8E416B947BFDE40247628F0AC4CA383BB673F0C302D76867E1FEBBBB98DE9DB
三月 16, 2015 10:00:08 上午 org.ccnx.ccn.impl.encoding.BinaryXMLDecoder setElement
信息: Reset decode array sizes to 150
三月 16, 2015 10:00:08 上午 org.ccnx.ccn.impl.encoding.BinaryXMLDecoder setElement
信息: Reset decode array sizes to 225
三月 16, 2015 10:00:08 上午 org.ccnx.ccn.impl.sync.SliceComparator run
信息: Starting new round with X = null and Y = =D8E416B947BFDE40247628F0AC4CA383BB673F0C302D76867E1FEBBBB98DE9DB
三月 16, 2015 10:00:08 上午 org.ccnx.ccn.profiles.sync.SyncTestRepo doHandleContentName
信息: Number 1: Callback for name: /ccnx.org/test/SyncTestRepo-15-03-16-09.59.21/ccnSyncTest/slice7/round1/randomFile/=FD0550639247DF/=00 - number is 0
三月 16, 2015 10:00:08 上午 org.ccnx.ccn.profiles.sync.SyncTestRepo doHandleContentName
信息: Number 1: Callback for name: /ccnx.org/test/SyncTestRepo-15-03-16-09.59.21/ccnSyncTest/slice7/round1/randomFile/=FD0550639247DF/=0001 - number is 1
三月 16, 2015 10:00:08 上午 org.ccnx.ccn.profiles.sync.SyncTestRepo doHandleContentName
信息: Number 1: Callback for name: /ccnx.org/test/SyncTestRepo-15-03-16-09.59.21/ccnSyncTest/slice7/round1/randomFile/=FD0550639247DF/%C1.META.M/.header/=FD055063924825/=00 - number is header
三月 16, 2015 10:00:09 上午 org.ccnx.ccn.impl.sync.ProtocolBasedSyncMonitor removeCallback
信息: Removing callback on slice: /ccnx.org/test/SyncTestRepo-15-03-16-09.59.21/ccnSyncTest/slice7
三月 16, 2015 10:00:09 上午 org.ccnx.ccn.profiles.sync.SyncTestRepo testSyncRoot
信息: Starting sync for empty root
三月 16, 2015 10:00:09 上午 org.ccnx.ccn.io.content.CCNNetworkObject createFlowController
信息: Created LOCALREPOSITORY flow controller, for prefix /%C1.M.S.localhost/%C1.S.cs/q-=AB263074701D094B06818879B46C928DCF693B64F3603515024FAB422BDB, save type LOCALREPOSITORY
三月 16, 2015 10:00:09 上午 org.ccnx.ccn.profiles.VersioningProfile getLatestVersion
信息: gLV getLatestVersion: retrieved latest version object /%C1.M.S.localhost/%C1.S.cs/q-=AB263074701D094B06818879B46C928DCF693B64F3603515024FAB422BDB/=FD0550639245DB/=00 type: DATA
三月 16, 2015 10:00:09 上午 org.ccnx.ccn.profiles.VersioningProfile getLatestVersion
信息: getFirstBlockOfLatestVersion: no block available for later version of /%C1.M.S.localhost/%C1.S.cs/q-=AB263074701D094B06818879B46C928DCF693B64F3603515024FAB422BDB/=FD0550639245DB
三月 16, 2015 10:00:09 上午 org.ccnx.ccn.io.CCNAbstractInputStream <init>
信息: CCNAbstractInputStream: /%C1.M.S.localhost/%C1.S.cs/q-=AB263074701D094B06818879B46C928DCF693B64F3603515024FAB422BDB/=FD0550639245DB segment 0
三月 16, 2015 10:00:09 上午 org.ccnx.ccn.CCNSync startSync
信息: Started sync with topo: /ccnx.org/test/SyncTestRepo-15-03-16-09.59.21/topoPrefix and prefix: /ccnx.org/test/SyncTestRepo-15-03-16-09.59.21/ccnSyncTest/slice7
三月 16, 2015 10:00:13 上午 org.ccnx.ccn.impl.CCNFlowControl <init>
信息: adding namespace: /ccnx.org/test/SyncTestRepo-15-03-16-09.59.21/ccnSyncTest/slice7/round2/randomFile
三月 16, 2015 10:00:13 上午 org.ccnx.ccn.impl.security.keys.BasicKeyManager getKeyLocator
信息: getKeyLocator: returning locator NAME: /ccnx.org/Users/cb/Keys/%C1.M.K%00K=B082A16E5382FBAAA09FBE303E24E042E37E88C290E054292521DECA236523/=FD055059931000 KEY:itggagmsks2vela17tu60v29o22sdv8hgkgs1a2i991rr526p93 for key S7CCoW5TgvuqoJ++MD4k4ELjfojCkOBUKSUh3sojZSM=
三月 16, 2015 10:00:13 上午 org.ccnx.ccn.io.CCNAbstractOutputStream <init>
信息: CCNAbstractOutputStream: /ccnx.org/test/SyncTestRepo-15-03-16-09.59.21/ccnSyncTest/slice7/round2/randomFile/=FD05506392D164 blocksize is 4096
三月 16, 2015 10:00:13 上午 org.ccnx.ccn.io.CCNAbstractOutputStream startWrite
信息: CCNAbstractOutputStream: startWrite -- searching for keys.
三月 16, 2015 10:00:13 上午 org.ccnx.ccn.profiles.security.access.AccessControlManager keysForOutput
信息: keysForOutput: found an acm: (null)
三月 16, 2015 10:00:13 上午 org.ccnx.ccn.impl.repo.RepositoryFlowControl startWrite
信息: RepositoryFlowControl.startWrite called for name /ccnx.org/test/SyncTestRepo-15-03-16-09.59.21/ccnSyncTest/slice7/round2/randomFile/=FD05506392D164, shape STREAM
三月 16, 2015 10:00:13 上午 org.ccnx.ccn.impl.repo.RepositoryFlowControl handleContent
信息: handleContent: got potential repo message: /ccnx.org/test/SyncTestRepo-15-03-16-09.59.21/ccnSyncTest/slice7/round2/randomFile/=FD05506392D164/%C1.R.sw/%C1.N%00K=CFFB312B6FB5B1
三月 16, 2015 10:00:13 上午 org.ccnx.ccn.io.CCNOutputStream flushToNetwork
信息: flush: outputting to the segmenter, baseName /ccnx.org/test/SyncTestRepo-15-03-16-09.59.21/ccnSyncTest/slice7/round2/randomFile/=FD05506392D164 basenameindex =0001; 3619 bytes written, holding back 3619 flushing final blocks? false.
三月 16, 2015 10:00:13 上午 org.ccnx.ccn.io.CCNOutputStream flushToNetwork
信息: HEADER: CCNOutputStream: flushToNetwork: new _baseNameIndex 1
三月 16, 2015 10:00:13 上午 org.ccnx.ccn.io.CCNOutputStream flushToNetwork
信息: flush: outputting to the segmenter, baseName /ccnx.org/test/SyncTestRepo-15-03-16-09.59.21/ccnSyncTest/slice7/round2/randomFile/=FD05506392D164 basenameindex =0001; 3619 bytes written, holding back 3619 flushing final blocks? false.
三月 16, 2015 10:00:13 上午 org.ccnx.ccn.io.CCNOutputStream flushToNetwork
信息: HEADER: CCNOutputStream: flushToNetwork: new _baseNameIndex 1
三月 16, 2015 10:00:13 上午 org.ccnx.ccn.io.CCNOutputStream flushToNetwork
信息: flush: outputting to the segmenter, baseName /ccnx.org/test/SyncTestRepo-15-03-16-09.59.21/ccnSyncTest/slice7/round2/randomFile/=FD05506392D164 basenameindex =0001; 3619 bytes written, holding back 0 flushing final blocks? true.
三月 16, 2015 10:00:13 上午 org.ccnx.ccn.io.CCNOutputStream flushToNetwork
信息: HEADER: CCNOutputStream: flushToNetwork: new _baseNameIndex 2
三月 16, 2015 10:00:13 上午 org.ccnx.ccn.io.CCNAbstractOutputStream <init>
信息: CCNAbstractOutputStream: /ccnx.org/test/SyncTestRepo-15-03-16-09.59.21/ccnSyncTest/slice7/round2/randomFile/=FD05506392D164/%C1.META.M/.header/=FD05506392D1A2 blocksize is 4096
三月 16, 2015 10:00:13 上午 org.ccnx.ccn.io.CCNAbstractOutputStream startWrite
信息: CCNAbstractOutputStream: startWrite -- searching for keys.
三月 16, 2015 10:00:13 上午 org.ccnx.ccn.profiles.security.access.AccessControlManager keysForOutput
信息: keysForOutput: found an acm: (null)
三月 16, 2015 10:00:13 上午 org.ccnx.ccn.impl.repo.RepositoryFlowControl startWrite
信息: RepositoryFlowControl.startWrite called for name /ccnx.org/test/SyncTestRepo-15-03-16-09.59.21/ccnSyncTest/slice7/round2/randomFile/=FD05506392D164/%C1.META.M/.header/=FD05506392D1A2, shape STREAM
三月 16, 2015 10:00:13 上午 org.ccnx.ccn.impl.sync.ProtocolBasedSyncMonitor handleContent
信息: Saw new content from sync: /ccnx.org/test/SyncTestRepo-15-03-16-09.59.21/topoPrefix/%C1.S.ra/q-=AB263074701D094B06818879B46C928DCF693B64F3603515024FAB422BDB/=D8E416B947BFDE40247628F0AC4CA383BB673F0C302D76867E1FEBBBB98DE9DB/=020FB7E319A3D51EFBDA4129A5D565A88D36058E35625A16AAA0CB19EFDE3108E0
三月 16, 2015 10:00:13 上午 org.ccnx.ccn.impl.repo.RepositoryFlowControl handleContent
信息: handleContent: got potential repo message: /ccnx.org/test/SyncTestRepo-15-03-16-09.59.21/ccnSyncTest/slice7/round2/randomFile/=FD05506392D164/%C1.META.M/.header/=FD05506392D1A2/%C1.R.sw/%C1.N%00H%991%F5q=3CAE3F
三月 16, 2015 10:00:13 上午 org.ccnx.ccn.io.CCNOutputStream flushToNetwork
信息: flush: outputting to the segmenter, baseName /ccnx.org/test/SyncTestRepo-15-03-16-09.59.21/ccnSyncTest/slice7/round2/randomFile/=FD05506392D164/%C1.META.M/.header/=FD05506392D1A2 basenameindex =00; 66 bytes written, holding back 66 flushing final blocks? false.
三月 16, 2015 10:00:13 上午 org.ccnx.ccn.io.CCNOutputStream flushToNetwork
信息: HEADER: CCNOutputStream: flushToNetwork: new _baseNameIndex 0
三月 16, 2015 10:00:13 上午 org.ccnx.ccn.io.CCNOutputStream flushToNetwork
信息: flush: outputting to the segmenter, baseName /ccnx.org/test/SyncTestRepo-15-03-16-09.59.21/ccnSyncTest/slice7/round2/randomFile/=FD05506392D164/%C1.META.M/.header/=FD05506392D1A2 basenameindex =00; 66 bytes written, holding back 66 flushing final blocks? false.
三月 16, 2015 10:00:13 上午 org.ccnx.ccn.io.CCNOutputStream flushToNetwork
信息: HEADER: CCNOutputStream: flushToNetwork: new _baseNameIndex 0
三月 16, 2015 10:00:13 上午 org.ccnx.ccn.io.CCNOutputStream flushToNetwork
信息: flush: outputting to the segmenter, baseName /ccnx.org/test/SyncTestRepo-15-03-16-09.59.21/ccnSyncTest/slice7/round2/randomFile/=FD05506392D164/%C1.META.M/.header/=FD05506392D1A2 basenameindex =00; 66 bytes written, holding back 0 flushing final blocks? true.
三月 16, 2015 10:00:13 上午 org.ccnx.ccn.io.CCNOutputStream flushToNetwork
信息: HEADER: CCNOutputStream: flushToNetwork: new _baseNameIndex 1
三月 16, 2015 10:00:13 上午 org.ccnx.ccn.io.CCNOutputStream close
信息: CCNOutputStream close: /ccnx.org/test/SyncTestRepo-15-03-16-09.59.21/ccnSyncTest/slice7/round2/randomFile/=FD05506392D164/%C1.META.M/.header/=FD05506392D1A2
三月 16, 2015 10:00:13 上午 org.ccnx.ccn.io.CCNOutputStream close
信息: CCNOutputStream close: /ccnx.org/test/SyncTestRepo-15-03-16-09.59.21/ccnSyncTest/slice7/round2/randomFile/=FD05506392D164
三月 16, 2015 10:00:13 上午 org.ccnx.ccn.profiles.sync.SyncTestCommon writeFile
信息: Wrote file to repository: /ccnx.org/test/SyncTestRepo-15-03-16-09.59.21/ccnSyncTest/slice7/round2/randomFile/=FD05506392D164 with 3 segments
三月 16, 2015 10:00:13 上午 org.ccnx.ccn.impl.encoding.BinaryXMLDecoder setElement
信息: Reset decode array sizes to 150
三月 16, 2015 10:00:13 上午 org.ccnx.ccn.impl.encoding.BinaryXMLDecoder setElement
信息: Reset decode array sizes to 225
三月 16, 2015 10:00:13 上午 org.ccnx.ccn.impl.encoding.BinaryXMLDecoder setElement
信息: Reset decode array sizes to 337
三月 16, 2015 10:00:13 上午 org.ccnx.ccn.impl.sync.SliceComparator run
信息: Starting new round with X = =D8E416B947BFDE40247628F0AC4CA383BB673F0C302D76867E1FEBBBB98DE9DB and Y = =020FB7E319A3D51EFBDA4129A5D565A88D36058E35625A16AAA0CB19EFDE3108E0
三月 16, 2015 10:00:13 上午 org.ccnx.ccn.profiles.sync.SyncTestRepo doHandleContentName
信息: Number 1: Callback for name: /ccnx.org/test/SyncTestRepo-15-03-16-09.59.21/ccnSyncTest/slice7/round2/randomFile/=FD05506392D164/=00 - number is 0
三月 16, 2015 10:00:13 上午 org.ccnx.ccn.profiles.sync.SyncTestRepo doHandleContentName
信息: Number 1: Callback for name: /ccnx.org/test/SyncTestRepo-15-03-16-09.59.21/ccnSyncTest/slice7/round2/randomFile/=FD05506392D164/=0001 - number is 1
三月 16, 2015 10:00:13 上午 org.ccnx.ccn.impl.sync.SliceComparator updateCurrent
信息: Resetting current to created head: =020FB7E319A3D51EFBDA4129A5D565A88D36058E35625A16AAA0CB19EFDE3108E0
三月 16, 2015 10:00:13 上午 org.ccnx.ccn.impl.sync.ProtocolBasedSyncMonitor handleContent
信息: Saw new content from sync: /ccnx.org/test/SyncTestRepo-15-03-16-09.59.21/topoPrefix/%C1.S.ra/q-=AB263074701D094B06818879B46C928DCF693B64F3603515024FAB422BDB/=020FB7E319A3D51EFBDA4129A5D565A88D36058E35625A16AAA0CB19EFDE3108E0/%02Q=89A806D8D1DAD9F63296D0F5843B53BF99AEBCAA8C95CC9657E32EC31D9E9D
三月 16, 2015 10:00:13 上午 org.ccnx.ccn.impl.encoding.BinaryXMLDecoder setElement
信息: Reset decode array sizes to 150
三月 16, 2015 10:00:13 上午 org.ccnx.ccn.impl.encoding.BinaryXMLDecoder setElement
信息: Reset decode array sizes to 225
三月 16, 2015 10:00:13 上午 org.ccnx.ccn.impl.encoding.BinaryXMLDecoder setElement
信息: Reset decode array sizes to 337
三月 16, 2015 10:00:13 上午 org.ccnx.ccn.impl.sync.SliceComparator run
信息: Starting new round with X = =020FB7E319A3D51EFBDA4129A5D565A88D36058E35625A16AAA0CB19EFDE3108E0 and Y = %02Q=89A806D8D1DAD9F63296D0F5843B53BF99AEBCAA8C95CC9657E32EC31D9E9D
三月 16, 2015 10:00:13 上午 org.ccnx.ccn.profiles.sync.SyncTestRepo doHandleContentName
信息: Number 1: Callback for name: /ccnx.org/test/SyncTestRepo-15-03-16-09.59.21/ccnSyncTest/slice7/round2/randomFile/=FD05506392D164/%C1.META.M/.header/=FD05506392D1A2/=00 - number is header
三月 16, 2015 10:00:13 上午 org.ccnx.ccn.impl.sync.SliceComparator updateCurrent
信息: Resetting current to created head: %02Q=89A806D8D1DAD9F63296D0F5843B53BF99AEBCAA8C95CC9657E32EC31D9E9D
三月 16, 2015 10:00:13 上午 org.ccnx.ccn.impl.sync.ProtocolBasedSyncMonitor removeCallback
信息: Removing callback on slice: /ccnx.org/test/SyncTestRepo-15-03-16-09.59.21/ccnSyncTest/slice7
三月 16, 2015 10:00:13 上午 org.ccnx.ccn.impl.encoding.BinaryXMLDecoder setElement
信息: Reset decode array sizes to 150
三月 16, 2015 10:00:13 上午 org.ccnx.ccn.impl.encoding.BinaryXMLDecoder setElement
信息: Reset decode array sizes to 225
三月 16, 2015 10:00:13 上午 org.ccnx.ccn.profiles.sync.SyncTestRepo testSyncRoot
信息: Starting sync for predefined root: =D8E416B947BFDE40247628F0AC4CA383BB673F0C302D76867E1FEBBBB98DE9DB
三月 16, 2015 10:00:13 上午 org.ccnx.ccn.io.content.CCNNetworkObject createFlowController
信息: Created LOCALREPOSITORY flow controller, for prefix /%C1.M.S.localhost/%C1.S.cs/q-=AB263074701D094B06818879B46C928DCF693B64F3603515024FAB422BDB, save type LOCALREPOSITORY
三月 16, 2015 10:00:13 上午 org.ccnx.ccn.profiles.VersioningProfile getLatestVersion
信息: gLV getLatestVersion: retrieved latest version object /%C1.M.S.localhost/%C1.S.cs/q-=AB263074701D094B06818879B46C928DCF693B64F3603515024FAB422BDB/=FD0550639245DB/=00 type: DATA
三月 16, 2015 10:00:13 上午 org.ccnx.ccn.profiles.VersioningProfile getLatestVersion
信息: getFirstBlockOfLatestVersion: no block available for later version of /%C1.M.S.localhost/%C1.S.cs/q-=AB263074701D094B06818879B46C928DCF693B64F3603515024FAB422BDB/=FD0550639245DB
三月 16, 2015 10:00:13 上午 org.ccnx.ccn.io.CCNAbstractInputStream <init>
信息: CCNAbstractInputStream: /%C1.M.S.localhost/%C1.S.cs/q-=AB263074701D094B06818879B46C928DCF693B64F3603515024FAB422BDB/=FD0550639245DB segment 0
三月 16, 2015 10:00:13 上午 org.ccnx.ccn.impl.sync.SliceComparator <init>
信息: Beginning sync monitoring starting with: =D8E416B947BFDE40247628F0AC4CA383BB673F0C302D76867E1FEBBBB98DE9DB
三月 16, 2015 10:00:13 上午 org.ccnx.ccn.CCNSync startSync
信息: Started sync with topo: /ccnx.org/test/SyncTestRepo-15-03-16-09.59.21/topoPrefix and prefix: /ccnx.org/test/SyncTestRepo-15-03-16-09.59.21/ccnSyncTest/slice7
三月 16, 2015 10:00:13 上午 org.ccnx.ccn.impl.CCNFlowControl <init>
信息: adding namespace: /ccnx.org/test/SyncTestRepo-15-03-16-09.59.21/ccnSyncTest/slice7/round3/randomFile
三月 16, 2015 10:00:13 上午 org.ccnx.ccn.impl.sync.ProtocolBasedSyncMonitor handleContent
信息: Saw new content from sync: /ccnx.org/test/SyncTestRepo-15-03-16-09.59.21/topoPrefix/%C1.S.ra/q-=AB263074701D094B06818879B46C928DCF693B64F3603515024FAB422BDB/.../%02Q=89A806D8D1DAD9F63296D0F5843B53BF99AEBCAA8C95CC9657E32EC31D9E9D
三月 16, 2015 10:00:13 上午 org.ccnx.ccn.impl.security.keys.BasicKeyManager getKeyLocator
信息: getKeyLocator: returning locator NAME: /ccnx.org/Users/cb/Keys/%C1.M.K%00K=B082A16E5382FBAAA09FBE303E24E042E37E88C290E054292521DECA236523/=FD055059931000 KEY:itggagmsks2vela17tu60v29o22sdv8hgkgs1a2i991rr526p93 for key S7CCoW5TgvuqoJ++MD4k4ELjfojCkOBUKSUh3sojZSM=
三月 16, 2015 10:00:13 上午 org.ccnx.ccn.io.CCNAbstractOutputStream <init>
信息: CCNAbstractOutputStream: /ccnx.org/test/SyncTestRepo-15-03-16-09.59.21/ccnSyncTest/slice7/round3/randomFile/=FD05506392DFAE blocksize is 4096
三月 16, 2015 10:00:13 上午 org.ccnx.ccn.io.CCNAbstractOutputStream startWrite
信息: CCNAbstractOutputStream: startWrite -- searching for keys.
三月 16, 2015 10:00:13 上午 org.ccnx.ccn.profiles.security.access.AccessControlManager keysForOutput
信息: keysForOutput: found an acm: (null)
三月 16, 2015 10:00:13 上午 org.ccnx.ccn.impl.repo.RepositoryFlowControl startWrite
信息: RepositoryFlowControl.startWrite called for name /ccnx.org/test/SyncTestRepo-15-03-16-09.59.21/ccnSyncTest/slice7/round3/randomFile/=FD05506392DFAE, shape STREAM
三月 16, 2015 10:00:13 上午 org.ccnx.ccn.impl.repo.RepositoryFlowControl handleContent
信息: handleContent: got potential repo message: /ccnx.org/test/SyncTestRepo-15-03-16-09.59.21/ccnSyncTest/slice7/round3/randomFile/=FD05506392DFAE/%C1.R.sw/%C1.N=0004F4F78749208DDA
三月 16, 2015 10:00:13 上午 org.ccnx.ccn.io.CCNOutputStream flushToNetwork
信息: flush: outputting to the segmenter, baseName /ccnx.org/test/SyncTestRepo-15-03-16-09.59.21/ccnSyncTest/slice7/round3/randomFile/=FD05506392DFAE basenameindex =0001; 3532 bytes written, holding back 3532 flushing final blocks? false.
三月 16, 2015 10:00:13 上午 org.ccnx.ccn.io.CCNOutputStream flushToNetwork
信息: HEADER: CCNOutputStream: flushToNetwork: new _baseNameIndex 1
三月 16, 2015 10:00:13 上午 org.ccnx.ccn.io.CCNOutputStream flushToNetwork
信息: flush: outputting to the segmenter, baseName /ccnx.org/test/SyncTestRepo-15-03-16-09.59.21/ccnSyncTest/slice7/round3/randomFile/=FD05506392DFAE basenameindex =0001; 3532 bytes written, holding back 3532 flushing final blocks? false.
三月 16, 2015 10:00:13 上午 org.ccnx.ccn.io.CCNOutputStream flushToNetwork
信息: HEADER: CCNOutputStream: flushToNetwork: new _baseNameIndex 1
三月 16, 2015 10:00:13 上午 org.ccnx.ccn.io.CCNOutputStream flushToNetwork
信息: flush: outputting to the segmenter, baseName /ccnx.org/test/SyncTestRepo-15-03-16-09.59.21/ccnSyncTest/slice7/round3/randomFile/=FD05506392DFAE basenameindex =0001; 3532 bytes written, holding back 0 flushing final blocks? true.
三月 16, 2015 10:00:13 上午 org.ccnx.ccn.io.CCNOutputStream flushToNetwork
信息: HEADER: CCNOutputStream: flushToNetwork: new _baseNameIndex 2
三月 16, 2015 10:00:13 上午 org.ccnx.ccn.io.CCNAbstractOutputStream <init>
信息: CCNAbstractOutputStream: /ccnx.org/test/SyncTestRepo-15-03-16-09.59.21/ccnSyncTest/slice7/round3/randomFile/=FD05506392DFAE/%C1.META.M/.header/=FD05506392DFFC blocksize is 4096
三月 16, 2015 10:00:13 上午 org.ccnx.ccn.io.CCNAbstractOutputStream startWrite
信息: CCNAbstractOutputStream: startWrite -- searching for keys.
三月 16, 2015 10:00:14 上午 org.ccnx.ccn.profiles.security.access.AccessControlManager keysForOutput
信息: keysForOutput: found an acm: (null)
三月 16, 2015 10:00:14 上午 org.ccnx.ccn.impl.repo.RepositoryFlowControl startWrite
信息: RepositoryFlowControl.startWrite called for name /ccnx.org/test/SyncTestRepo-15-03-16-09.59.21/ccnSyncTest/slice7/round3/randomFile/=FD05506392DFAE/%C1.META.M/.header/=FD05506392DFFC, shape STREAM
三月 16, 2015 10:00:14 上午 org.ccnx.ccn.impl.repo.RepositoryFlowControl handleContent
信息: handleContent: got potential repo message: /ccnx.org/test/SyncTestRepo-15-03-16-09.59.21/ccnSyncTest/slice7/round3/randomFile/=FD05506392DFAE/%C1.META.M/.header/=FD05506392DFFC/%C1.R.sw/%C1.N=000D1541F264B8FC7B
三月 16, 2015 10:00:14 上午 org.ccnx.ccn.io.CCNOutputStream flushToNetwork
信息: flush: outputting to the segmenter, baseName /ccnx.org/test/SyncTestRepo-15-03-16-09.59.21/ccnSyncTest/slice7/round3/randomFile/=FD05506392DFAE/%C1.META.M/.header/=FD05506392DFFC basenameindex =00; 66 bytes written, holding back 66 flushing final blocks? false.
三月 16, 2015 10:00:14 上午 org.ccnx.ccn.io.CCNOutputStream flushToNetwork
信息: HEADER: CCNOutputStream: flushToNetwork: new _baseNameIndex 0
三月 16, 2015 10:00:14 上午 org.ccnx.ccn.io.CCNOutputStream flushToNetwork
信息: flush: outputting to the segmenter, baseName /ccnx.org/test/SyncTestRepo-15-03-16-09.59.21/ccnSyncTest/slice7/round3/randomFile/=FD05506392DFAE/%C1.META.M/.header/=FD05506392DFFC basenameindex =00; 66 bytes written, holding back 66 flushing final blocks? false.
三月 16, 2015 10:00:14 上午 org.ccnx.ccn.io.CCNOutputStream flushToNetwork
信息: HEADER: CCNOutputStream: flushToNetwork: new _baseNameIndex 0
三月 16, 2015 10:00:14 上午 org.ccnx.ccn.io.CCNOutputStream flushToNetwork
信息: flush: outputting to the segmenter, baseName /ccnx.org/test/SyncTestRepo-15-03-16-09.59.21/ccnSyncTest/slice7/round3/randomFile/=FD05506392DFAE/%C1.META.M/.header/=FD05506392DFFC basenameindex =00; 66 bytes written, holding back 0 flushing final blocks? true.
三月 16, 2015 10:00:14 上午 org.ccnx.ccn.io.CCNOutputStream flushToNetwork
信息: HEADER: CCNOutputStream: flushToNetwork: new _baseNameIndex 1
三月 16, 2015 10:00:14 上午 org.ccnx.ccn.io.CCNOutputStream close
信息: CCNOutputStream close: /ccnx.org/test/SyncTestRepo-15-03-16-09.59.21/ccnSyncTest/slice7/round3/randomFile/=FD05506392DFAE/%C1.META.M/.header/=FD05506392DFFC
三月 16, 2015 10:00:14 上午 org.ccnx.ccn.io.CCNOutputStream close
信息: CCNOutputStream close: /ccnx.org/test/SyncTestRepo-15-03-16-09.59.21/ccnSyncTest/slice7/round3/randomFile/=FD05506392DFAE
三月 16, 2015 10:00:14 上午 org.ccnx.ccn.profiles.sync.SyncTestCommon writeFile
信息: Wrote file to repository: /ccnx.org/test/SyncTestRepo-15-03-16-09.59.21/ccnSyncTest/slice7/round3/randomFile/=FD05506392DFAE with 3 segments
三月 16, 2015 10:00:14 上午 org.ccnx.ccn.impl.encoding.BinaryXMLDecoder setElement
信息: Reset decode array sizes to 150
三月 16, 2015 10:00:14 上午 org.ccnx.ccn.impl.encoding.BinaryXMLDecoder setElement
信息: Reset decode array sizes to 150
三月 16, 2015 10:00:14 上午 org.ccnx.ccn.impl.encoding.BinaryXMLDecoder setElement
信息: Reset decode array sizes to 225
三月 16, 2015 10:00:14 上午 org.ccnx.ccn.impl.encoding.BinaryXMLDecoder setElement
信息: Reset decode array sizes to 225
三月 16, 2015 10:00:14 上午 org.ccnx.ccn.impl.encoding.BinaryXMLDecoder setElement
信息: Reset decode array sizes to 337
三月 16, 2015 10:00:14 上午 org.ccnx.ccn.impl.encoding.BinaryXMLDecoder setElement
信息: Reset decode array sizes to 337
三月 16, 2015 10:00:14 上午 org.ccnx.ccn.impl.sync.SliceComparator run
信息: Starting new round with X = =D8E416B947BFDE40247628F0AC4CA383BB673F0C302D76867E1FEBBBB98DE9DB and Y = %02Q=89A806D8D1DAD9F63296D0F5843B53BF99AEBCAA8C95CC9657E32EC31D9E9D
三月 16, 2015 10:00:14 上午 org.ccnx.ccn.profiles.sync.SyncTestRepo doHandleContentName
信息: Number 1: Callback for name: /ccnx.org/test/SyncTestRepo-15-03-16-09.59.21/ccnSyncTest/slice7/round2/randomFile/=FD05506392D164/=00 - number is 0
三月 16, 2015 10:00:14 上午 org.ccnx.ccn.profiles.sync.SyncTestRepo doHandleContentName
信息: Number 1: Callback for name: /ccnx.org/test/SyncTestRepo-15-03-16-09.59.21/ccnSyncTest/slice7/round2/randomFile/=FD05506392D164/=0001 - number is 1
三月 16, 2015 10:00:14 上午 org.ccnx.ccn.profiles.sync.SyncTestRepo doHandleContentName
信息: Number 1: Callback for name: /ccnx.org/test/SyncTestRepo-15-03-16-09.59.21/ccnSyncTest/slice7/round2/randomFile/=FD05506392D164/%C1.META.M/.header/=FD05506392D1A2/=00 - number is header
三月 16, 2015 10:00:14 上午 org.ccnx.ccn.impl.sync.SliceComparator updateCurrent
信息: Resetting current to created head: %02Q=89A806D8D1DAD9F63296D0F5843B53BF99AEBCAA8C95CC9657E32EC31D9E9D
三月 16, 2015 10:00:14 上午 org.ccnx.ccn.impl.sync.SliceComparator run
信息: Moving 1 callbacks to lead comparator
三月 16, 2015 10:00:14 上午 org.ccnx.ccn.impl.sync.ProtocolBasedSyncMonitor handleContent
信息: Saw new content from sync: /ccnx.org/test/SyncTestRepo-15-03-16-09.59.21/topoPrefix/%C1.S.ra/q-=AB263074701D094B06818879B46C928DCF693B64F3603515024FAB422BDB/%02Q=89A806D8D1DAD9F63296D0F5843B53BF99AEBCAA8C95CC9657E32EC31D9E9D/=03A45595840E6D1C4047AC78CF0FBC453180AD0FE16B9EC2492BAB3A90CE2D4DD4
三月 16, 2015 10:00:14 上午 org.ccnx.ccn.impl.sync.ProtocolBasedSyncMonitor handleContent
信息: Saw new content from sync: /ccnx.org/test/SyncTestRepo-15-03-16-09.59.21/topoPrefix/%C1.S.ra/q-=AB263074701D094B06818879B46C928DCF693B64F3603515024FAB422BDB/%02Q=89A806D8D1DAD9F63296D0F5843B53BF99AEBCAA8C95CC9657E32EC31D9E9D/=03A45595840E6D1C4047AC78CF0FBC453180AD0FE16B9EC2492BAB3A90CE2D4DD4
三月 16, 2015 10:00:14 上午 org.ccnx.ccn.impl.encoding.BinaryXMLDecoder setElement
信息: Reset decode array sizes to 150
三月 16, 2015 10:00:14 上午 org.ccnx.ccn.impl.encoding.BinaryXMLDecoder setElement
信息: Reset decode array sizes to 225
三月 16, 2015 10:00:14 上午 org.ccnx.ccn.impl.encoding.BinaryXMLDecoder setElement
信息: Reset decode array sizes to 337
三月 16, 2015 10:00:14 上午 org.ccnx.ccn.impl.encoding.BinaryXMLDecoder setElement
信息: Reset decode array sizes to 505
三月 16, 2015 10:00:14 上午 org.ccnx.ccn.impl.encoding.BinaryXMLDecoder setElement
信息: Reset decode array sizes to 150
三月 16, 2015 10:00:14 上午 org.ccnx.ccn.impl.encoding.BinaryXMLDecoder setElement
信息: Reset decode array sizes to 225
三月 16, 2015 10:00:14 上午 org.ccnx.ccn.impl.encoding.BinaryXMLDecoder setElement
信息: Reset decode array sizes to 337
三月 16, 2015 10:00:14 上午 org.ccnx.ccn.impl.encoding.BinaryXMLDecoder setElement
信息: Reset decode array sizes to 505
三月 16, 2015 10:00:14 上午 org.ccnx.ccn.impl.sync.SliceComparator run
信息: Starting new round with X = %02Q=89A806D8D1DAD9F63296D0F5843B53BF99AEBCAA8C95CC9657E32EC31D9E9D and Y = =03A45595840E6D1C4047AC78CF0FBC453180AD0FE16B9EC2492BAB3A90CE2D4DD4
三月 16, 2015 10:00:14 上午 org.ccnx.ccn.profiles.sync.SyncTestRepo doHandleContentName
信息: Number 1: Callback for name: /ccnx.org/test/SyncTestRepo-15-03-16-09.59.21/ccnSyncTest/slice7/round3/randomFile/=FD05506392DFAE/=00 - number is 0
三月 16, 2015 10:00:14 上午 org.ccnx.ccn.profiles.sync.SyncTestRepo doHandleContentName
信息: Number 1: Callback for name: /ccnx.org/test/SyncTestRepo-15-03-16-09.59.21/ccnSyncTest/slice7/round3/randomFile/=FD05506392DFAE/=0001 - number is 1
三月 16, 2015 10:00:14 上午 org.ccnx.ccn.profiles.sync.SyncTestRepo doHandleContentName
信息: Number 1: Callback for name: /ccnx.org/test/SyncTestRepo-15-03-16-09.59.21/ccnSyncTest/slice7/round3/randomFile/=FD05506392DFAE/%C1.META.M/.header/=FD05506392DFFC/=00 - number is header
三月 16, 2015 10:00:14 上午 org.ccnx.ccn.impl.sync.SliceComparator updateCurrent
信息: Resetting current to created head: =03A45595840E6D1C4047AC78CF0FBC453180AD0FE16B9EC2492BAB3A90CE2D4DD4
三月 16, 2015 10:00:15 上午 org.ccnx.ccn.impl.sync.ProtocolBasedSyncMonitor shutdown
信息: Shutting down sync on slice: /ccnx.org/test/SyncTestRepo-15-03-16-09.59.21/ccnSyncTest/slice7
三月 16, 2015 10:00:15 上午 org.ccnx.ccn.profiles.sync.SyncTestRepo testSyncRoot
信息: Testing predefined root after total shutdown: =D8E416B947BFDE40247628F0AC4CA383BB673F0C302D76867E1FEBBBB98DE9DB
三月 16, 2015 10:00:15 上午 org.ccnx.ccn.io.content.CCNNetworkObject createFlowController
信息: Created LOCALREPOSITORY flow controller, for prefix /%C1.M.S.localhost/%C1.S.cs/q-=AB263074701D094B06818879B46C928DCF693B64F3603515024FAB422BDB, save type LOCALREPOSITORY
三月 16, 2015 10:00:15 上午 org.ccnx.ccn.profiles.VersioningProfile getLatestVersion
信息: gLV getLatestVersion: retrieved latest version object /%C1.M.S.localhost/%C1.S.cs/q-=AB263074701D094B06818879B46C928DCF693B64F3603515024FAB422BDB/=FD0550639245DB/=00 type: DATA
三月 16, 2015 10:00:15 上午 org.ccnx.ccn.profiles.VersioningProfile getLatestVersion
信息: getFirstBlockOfLatestVersion: no block available for later version of /%C1.M.S.localhost/%C1.S.cs/q-=AB263074701D094B06818879B46C928DCF693B64F3603515024FAB422BDB/=FD0550639245DB
三月 16, 2015 10:00:15 上午 org.ccnx.ccn.io.CCNAbstractInputStream <init>
信息: CCNAbstractInputStream: /%C1.M.S.localhost/%C1.S.cs/q-=AB263074701D094B06818879B46C928DCF693B64F3603515024FAB422BDB/=FD0550639245DB segment 0
三月 16, 2015 10:00:15 上午 org.ccnx.ccn.impl.sync.SliceComparator <init>
信息: Beginning sync monitoring starting with: =D8E416B947BFDE40247628F0AC4CA383BB673F0C302D76867E1FEBBBB98DE9DB
三月 16, 2015 10:00:15 上午 org.ccnx.ccn.CCNSync startSync
信息: Started sync with topo: /ccnx.org/test/SyncTestRepo-15-03-16-09.59.21/topoPrefix and prefix: /ccnx.org/test/SyncTestRepo-15-03-16-09.59.21/ccnSyncTest/slice7
三月 16, 2015 10:00:15 上午 org.ccnx.ccn.impl.CCNFlowControl <init>
信息: adding namespace: /ccnx.org/test/SyncTestRepo-15-03-16-09.59.21/ccnSyncTest/slice7/round4/randomFile
三月 16, 2015 10:00:15 上午 org.ccnx.ccn.impl.sync.ProtocolBasedSyncMonitor handleContent
信息: Saw new content from sync: /ccnx.org/test/SyncTestRepo-15-03-16-09.59.21/topoPrefix/%C1.S.ra/q-=AB263074701D094B06818879B46C928DCF693B64F3603515024FAB422BDB/.../=03A45595840E6D1C4047AC78CF0FBC453180AD0FE16B9EC2492BAB3A90CE2D4DD4
三月 16, 2015 10:00:15 上午 org.ccnx.ccn.impl.security.keys.BasicKeyManager getKeyLocator
信息: getKeyLocator: returning locator NAME: /ccnx.org/Users/cb/Keys/%C1.M.K%00K=B082A16E5382FBAAA09FBE303E24E042E37E88C290E054292521DECA236523/=FD055059931000 KEY:itggagmsks2vela17tu60v29o22sdv8hgkgs1a2i991rr526p93 for key S7CCoW5TgvuqoJ++MD4k4ELjfojCkOBUKSUh3sojZSM=
三月 16, 2015 10:00:15 上午 org.ccnx.ccn.io.CCNAbstractOutputStream <init>
信息: CCNAbstractOutputStream: /ccnx.org/test/SyncTestRepo-15-03-16-09.59.21/ccnSyncTest/slice7/round4/randomFile/=FD05506392F5EC blocksize is 4096
三月 16, 2015 10:00:15 上午 org.ccnx.ccn.io.CCNAbstractOutputStream startWrite
信息: CCNAbstractOutputStream: startWrite -- searching for keys.
三月 16, 2015 10:00:15 上午 org.ccnx.ccn.profiles.security.access.AccessControlManager keysForOutput
信息: keysForOutput: found an acm: (null)
三月 16, 2015 10:00:15 上午 org.ccnx.ccn.impl.repo.RepositoryFlowControl startWrite
信息: RepositoryFlowControl.startWrite called for name /ccnx.org/test/SyncTestRepo-15-03-16-09.59.21/ccnSyncTest/slice7/round4/randomFile/=FD05506392F5EC, shape STREAM
三月 16, 2015 10:00:15 上午 org.ccnx.ccn.impl.repo.RepositoryFlowControl handleContent
信息: handleContent: got potential repo message: /ccnx.org/test/SyncTestRepo-15-03-16-09.59.21/ccnSyncTest/slice7/round4/randomFile/=FD05506392F5EC/%C1.R.sw/%C1.N=009667941E66CBF14A
三月 16, 2015 10:00:15 上午 org.ccnx.ccn.io.CCNOutputStream flushToNetwork
信息: flush: outputting to the segmenter, baseName /ccnx.org/test/SyncTestRepo-15-03-16-09.59.21/ccnSyncTest/slice7/round4/randomFile/=FD05506392F5EC basenameindex =0002; 1234 bytes written, holding back 1234 flushing final blocks? false.
三月 16, 2015 10:00:15 上午 org.ccnx.ccn.impl.CCNSegmenter outputCurrentBlocks
信息: flush: putting merkle tree to the network, name starts with /ccnx.org/test/SyncTestRepo-15-03-16-09.59.21/ccnSyncTest/slice7/round4/randomFile/=FD05506392F5EC/=00; 2 blocks
三月 16, 2015 10:00:15 上午 org.ccnx.ccn.impl.security.crypto.CCNMerkleTreeSigner signBlocks
信息: Signed tree of 2 leaves, 3 nodes.
三月 16, 2015 10:00:15 上午 org.ccnx.ccn.io.CCNOutputStream flushToNetwork
信息: HEADER: CCNOutputStream: flushToNetwork: new _baseNameIndex 2
三月 16, 2015 10:00:15 上午 org.ccnx.ccn.io.CCNOutputStream flushToNetwork
信息: flush: outputting to the segmenter, baseName /ccnx.org/test/SyncTestRepo-15-03-16-09.59.21/ccnSyncTest/slice7/round4/randomFile/=FD05506392F5EC basenameindex =0002; 1234 bytes written, holding back 1234 flushing final blocks? false.
三月 16, 2015 10:00:15 上午 org.ccnx.ccn.io.CCNOutputStream flushToNetwork
信息: HEADER: CCNOutputStream: flushToNetwork: new _baseNameIndex 2
三月 16, 2015 10:00:15 上午 org.ccnx.ccn.io.CCNOutputStream flushToNetwork
信息: flush: outputting to the segmenter, baseName /ccnx.org/test/SyncTestRepo-15-03-16-09.59.21/ccnSyncTest/slice7/round4/randomFile/=FD05506392F5EC basenameindex =0002; 1234 bytes written, holding back 0 flushing final blocks? true.
三月 16, 2015 10:00:15 上午 org.ccnx.ccn.io.CCNOutputStream flushToNetwork
信息: HEADER: CCNOutputStream: flushToNetwork: new _baseNameIndex 3
三月 16, 2015 10:00:15 上午 org.ccnx.ccn.io.CCNAbstractOutputStream <init>
信息: CCNAbstractOutputStream: /ccnx.org/test/SyncTestRepo-15-03-16-09.59.21/ccnSyncTest/slice7/round4/randomFile/=FD05506392F5EC/%C1.META.M/.header/=FD05506392F625 blocksize is 4096
三月 16, 2015 10:00:15 上午 org.ccnx.ccn.io.CCNAbstractOutputStream startWrite
信息: CCNAbstractOutputStream: startWrite -- searching for keys.
三月 16, 2015 10:00:15 上午 org.ccnx.ccn.profiles.security.access.AccessControlManager keysForOutput
信息: keysForOutput: found an acm: (null)
三月 16, 2015 10:00:15 上午 org.ccnx.ccn.impl.repo.RepositoryFlowControl startWrite
信息: RepositoryFlowControl.startWrite called for name /ccnx.org/test/SyncTestRepo-15-03-16-09.59.21/ccnSyncTest/slice7/round4/randomFile/=FD05506392F5EC/%C1.META.M/.header/=FD05506392F625, shape STREAM
三月 16, 2015 10:00:15 上午 org.ccnx.ccn.impl.repo.RepositoryFlowControl handleContent
信息: handleContent: got potential repo message: /ccnx.org/test/SyncTestRepo-15-03-16-09.59.21/ccnSyncTest/slice7/round4/randomFile/=FD05506392F5EC/%C1.META.M/.header/=FD05506392F625/%C1.R.sw/%C1.N=00B970DE0357EE40F0
三月 16, 2015 10:00:15 上午 org.ccnx.ccn.io.CCNOutputStream flushToNetwork
信息: flush: outputting to the segmenter, baseName /ccnx.org/test/SyncTestRepo-15-03-16-09.59.21/ccnSyncTest/slice7/round4/randomFile/=FD05506392F5EC/%C1.META.M/.header/=FD05506392F625 basenameindex =00; 66 bytes written, holding back 66 flushing final blocks? false.
三月 16, 2015 10:00:15 上午 org.ccnx.ccn.io.CCNOutputStream flushToNetwork
信息: HEADER: CCNOutputStream: flushToNetwork: new _baseNameIndex 0
三月 16, 2015 10:00:15 上午 org.ccnx.ccn.io.CCNOutputStream flushToNetwork
信息: flush: outputting to the segmenter, baseName /ccnx.org/test/SyncTestRepo-15-03-16-09.59.21/ccnSyncTest/slice7/round4/randomFile/=FD05506392F5EC/%C1.META.M/.header/=FD05506392F625 basenameindex =00; 66 bytes written, holding back 66 flushing final blocks? false.
三月 16, 2015 10:00:15 上午 org.ccnx.ccn.io.CCNOutputStream flushToNetwork
信息: HEADER: CCNOutputStream: flushToNetwork: new _baseNameIndex 0
三月 16, 2015 10:00:15 上午 org.ccnx.ccn.io.CCNOutputStream flushToNetwork
信息: flush: outputting to the segmenter, baseName /ccnx.org/test/SyncTestRepo-15-03-16-09.59.21/ccnSyncTest/slice7/round4/randomFile/=FD05506392F5EC/%C1.META.M/.header/=FD05506392F625 basenameindex =00; 66 bytes written, holding back 0 flushing final blocks? true.
三月 16, 2015 10:00:15 上午 org.ccnx.ccn.io.CCNOutputStream flushToNetwork
信息: HEADER: CCNOutputStream: flushToNetwork: new _baseNameIndex 1
三月 16, 2015 10:00:15 上午 org.ccnx.ccn.io.CCNOutputStream close
信息: CCNOutputStream close: /ccnx.org/test/SyncTestRepo-15-03-16-09.59.21/ccnSyncTest/slice7/round4/randomFile/=FD05506392F5EC/%C1.META.M/.header/=FD05506392F625
三月 16, 2015 10:00:15 上午 org.ccnx.ccn.io.CCNOutputStream close
信息: CCNOutputStream close: /ccnx.org/test/SyncTestRepo-15-03-16-09.59.21/ccnSyncTest/slice7/round4/randomFile/=FD05506392F5EC
三月 16, 2015 10:00:15 上午 org.ccnx.ccn.profiles.sync.SyncTestCommon writeFile
信息: Wrote file to repository: /ccnx.org/test/SyncTestRepo-15-03-16-09.59.21/ccnSyncTest/slice7/round4/randomFile/=FD05506392F5EC with 4 segments
三月 16, 2015 10:00:15 上午 org.ccnx.ccn.impl.encoding.BinaryXMLDecoder setElement
信息: Reset decode array sizes to 150
三月 16, 2015 10:00:15 上午 org.ccnx.ccn.impl.encoding.BinaryXMLDecoder setElement
信息: Reset decode array sizes to 225
三月 16, 2015 10:00:15 上午 org.ccnx.ccn.impl.encoding.BinaryXMLDecoder setElement
信息: Reset decode array sizes to 337
三月 16, 2015 10:00:15 上午 org.ccnx.ccn.impl.encoding.BinaryXMLDecoder setElement
信息: Reset decode array sizes to 505
三月 16, 2015 10:00:15 上午 org.ccnx.ccn.impl.sync.SliceComparator run
信息: Starting new round with X = =D8E416B947BFDE40247628F0AC4CA383BB673F0C302D76867E1FEBBBB98DE9DB and Y = =03A45595840E6D1C4047AC78CF0FBC453180AD0FE16B9EC2492BAB3A90CE2D4DD4
三月 16, 2015 10:00:15 上午 org.ccnx.ccn.impl.sync.ProtocolBasedSyncMonitor handleContent
信息: Saw new content from sync: /ccnx.org/test/SyncTestRepo-15-03-16-09.59.21/topoPrefix/%C1.S.ra/q-=AB263074701D094B06818879B46C928DCF693B64F3603515024FAB422BDB/=03A45595840E6D1C4047AC78CF0FBC453180AD0FE16B9EC2492BAB3A90CE2D4DD4/=063E0DE903230D6085D175A9762F88B439A21FF5150E266400881A7BFD96A04930
三月 16, 2015 10:00:15 上午 org.ccnx.ccn.impl.sync.ProtocolBasedSyncMonitor handleContent
信息: Saw new content from sync: /ccnx.org/test/SyncTestRepo-15-03-16-09.59.21/topoPrefix/%C1.S.ra/q-=AB263074701D094B06818879B46C928DCF693B64F3603515024FAB422BDB/=03A45595840E6D1C4047AC78CF0FBC453180AD0FE16B9EC2492BAB3A90CE2D4DD4/=063E0DE903230D6085D175A9762F88B439A21FF5150E266400881A7BFD96A04930
三月 16, 2015 10:00:15 上午 org.ccnx.ccn.impl.sync.ProtocolBasedSyncMonitor handleContent
信息: Saw new content from sync: /ccnx.org/test/SyncTestRepo-15-03-16-09.59.21/topoPrefix/%C1.S.ra/q-=AB263074701D094B06818879B46C928DCF693B64F3603515024FAB422BDB/=03A45595840E6D1C4047AC78CF0FBC453180AD0FE16B9EC2492BAB3A90CE2D4DD4/=063E0DE903230D6085D175A9762F88B439A21FF5150E266400881A7BFD96A04930
三月 16, 2015 10:00:15 上午 org.ccnx.ccn.profiles.sync.SyncTestRepo doHandleContentName
信息: Number 1: Callback for name: /ccnx.org/test/SyncTestRepo-15-03-16-09.59.21/ccnSyncTest/slice7/round2/randomFile/=FD05506392D164/=00 - number is 0
三月 16, 2015 10:00:15 上午 org.ccnx.ccn.profiles.sync.SyncTestRepo doHandleContentName
信息: Number 1: Callback for name: /ccnx.org/test/SyncTestRepo-15-03-16-09.59.21/ccnSyncTest/slice7/round2/randomFile/=FD05506392D164/=0001 - number is 1
三月 16, 2015 10:00:15 上午 org.ccnx.ccn.profiles.sync.SyncTestRepo doHandleContentName
信息: Number 1: Callback for name: /ccnx.org/test/SyncTestRepo-15-03-16-09.59.21/ccnSyncTest/slice7/round2/randomFile/=FD05506392D164/%C1.META.M/.header/=FD05506392D1A2/=00 - number is header
三月 16, 2015 10:00:15 上午 org.ccnx.ccn.profiles.sync.SyncTestRepo doHandleContentName
信息: Number 1: Callback for name: /ccnx.org/test/SyncTestRepo-15-03-16-09.59.21/ccnSyncTest/slice7/round3/randomFile/=FD05506392DFAE/=00 - number is 0
三月 16, 2015 10:00:15 上午 org.ccnx.ccn.profiles.sync.SyncTestRepo doHandleContentName
信息: Number 1: Callback for name: /ccnx.org/test/SyncTestRepo-15-03-16-09.59.21/ccnSyncTest/slice7/round3/randomFile/=FD05506392DFAE/=0001 - number is 1
三月 16, 2015 10:00:15 上午 org.ccnx.ccn.profiles.sync.SyncTestRepo doHandleContentName
信息: Number 1: Callback for name: /ccnx.org/test/SyncTestRepo-15-03-16-09.59.21/ccnSyncTest/slice7/round3/randomFile/=FD05506392DFAE/%C1.META.M/.header/=FD05506392DFFC/=00 - number is header
三月 16, 2015 10:00:15 上午 org.ccnx.ccn.impl.sync.SliceComparator updateCurrent
信息: Resetting current to created head: =03A45595840E6D1C4047AC78CF0FBC453180AD0FE16B9EC2492BAB3A90CE2D4DD4
三月 16, 2015 10:00:15 上午 org.ccnx.ccn.impl.encoding.BinaryXMLDecoder setElement
信息: Reset decode array sizes to 150
三月 16, 2015 10:00:15 上午 org.ccnx.ccn.impl.encoding.BinaryXMLDecoder setElement
信息: Reset decode array sizes to 225
三月 16, 2015 10:00:15 上午 org.ccnx.ccn.impl.encoding.BinaryXMLDecoder setElement
信息: Reset decode array sizes to 337
三月 16, 2015 10:00:15 上午 org.ccnx.ccn.impl.encoding.BinaryXMLDecoder setElement
信息: Reset decode array sizes to 505
三月 16, 2015 10:00:15 上午 org.ccnx.ccn.impl.encoding.BinaryXMLDecoder setElement
信息: Reset decode array sizes to 757
三月 16, 2015 10:00:15 上午 org.ccnx.ccn.impl.encoding.BinaryXMLDecoder setElement
信息: Reset decode array sizes to 150
三月 16, 2015 10:00:15 上午 org.ccnx.ccn.impl.encoding.BinaryXMLDecoder setElement
信息: Reset decode array sizes to 225
三月 16, 2015 10:00:15 上午 org.ccnx.ccn.impl.encoding.BinaryXMLDecoder setElement
信息: Reset decode array sizes to 337
三月 16, 2015 10:00:15 上午 org.ccnx.ccn.impl.encoding.BinaryXMLDecoder setElement
信息: Reset decode array sizes to 505
三月 16, 2015 10:00:15 上午 org.ccnx.ccn.impl.encoding.BinaryXMLDecoder setElement
信息: Reset decode array sizes to 757
三月 16, 2015 10:00:15 上午 org.ccnx.ccn.impl.encoding.BinaryXMLDecoder setElement
信息: Reset decode array sizes to 150
三月 16, 2015 10:00:15 上午 org.ccnx.ccn.impl.encoding.BinaryXMLDecoder setElement
信息: Reset decode array sizes to 225
三月 16, 2015 10:00:15 上午 org.ccnx.ccn.impl.encoding.BinaryXMLDecoder setElement
信息: Reset decode array sizes to 337
三月 16, 2015 10:00:15 上午 org.ccnx.ccn.impl.encoding.BinaryXMLDecoder setElement
信息: Reset decode array sizes to 505
三月 16, 2015 10:00:15 上午 org.ccnx.ccn.impl.encoding.BinaryXMLDecoder setElement
信息: Reset decode array sizes to 757
三月 16, 2015 10:00:15 上午 org.ccnx.ccn.impl.sync.SliceComparator run
信息: Starting new round with X = =03A45595840E6D1C4047AC78CF0FBC453180AD0FE16B9EC2492BAB3A90CE2D4DD4 and Y = =063E0DE903230D6085D175A9762F88B439A21FF5150E266400881A7BFD96A04930
三月 16, 2015 10:00:15 上午 org.ccnx.ccn.profiles.sync.SyncTestRepo doHandleContentName
信息: Number 1: Callback for name: /ccnx.org/test/SyncTestRepo-15-03-16-09.59.21/ccnSyncTest/slice7/round4/randomFile/=FD05506392F5EC/=00 - number is 0
三月 16, 2015 10:00:15 上午 org.ccnx.ccn.profiles.sync.SyncTestRepo doHandleContentName
信息: Number 1: Callback for name: /ccnx.org/test/SyncTestRepo-15-03-16-09.59.21/ccnSyncTest/slice7/round4/randomFile/=FD05506392F5EC/=0001 - number is 1
三月 16, 2015 10:00:15 上午 org.ccnx.ccn.profiles.sync.SyncTestRepo doHandleContentName
信息: Number 1: Callback for name: /ccnx.org/test/SyncTestRepo-15-03-16-09.59.21/ccnSyncTest/slice7/round4/randomFile/=FD05506392F5EC/=0002 - number is 2
三月 16, 2015 10:00:15 上午 org.ccnx.ccn.profiles.sync.SyncTestRepo doHandleContentName
信息: Number 1: Callback for name: /ccnx.org/test/SyncTestRepo-15-03-16-09.59.21/ccnSyncTest/slice7/round4/randomFile/=FD05506392F5EC/%C1.META.M/.header/=FD05506392F625/=00 - number is header
三月 16, 2015 10:00:15 上午 org.ccnx.ccn.impl.sync.SliceComparator updateCurrent
信息: Resetting current to created head: =063E0DE903230D6085D175A9762F88B439A21FF5150E266400881A7BFD96A04930
三月 16, 2015 10:00:16 上午 org.ccnx.ccn.impl.sync.ProtocolBasedSyncMonitor shutdown
信息: Shutting down sync on slice: /ccnx.org/test/SyncTestRepo-15-03-16-09.59.21/ccnSyncTest/slice7
三月 16, 2015 10:00:16 上午 org.ccnx.ccn.profiles.sync.SyncTestRepo testSyncRoot
信息: Testing zero length hash after total shutdown: =D8E416B947BFDE40247628F0AC4CA383BB673F0C302D76867E1FEBBBB98DE9DB
三月 16, 2015 10:00:17 上午 org.ccnx.ccn.impl.encoding.BinaryXMLDecoder setElement
信息: Reset decode array sizes to 150
三月 16, 2015 10:00:17 上午 org.ccnx.ccn.impl.encoding.BinaryXMLDecoder setElement
信息: Reset decode array sizes to 225
三月 16, 2015 10:00:17 上午 org.ccnx.ccn.impl.encoding.BinaryXMLDecoder setElement
信息: Reset decode array sizes to 337
三月 16, 2015 10:00:17 上午 org.ccnx.ccn.impl.encoding.BinaryXMLDecoder setElement
信息: Reset decode array sizes to 505
三月 16, 2015 10:00:17 上午 org.ccnx.ccn.profiles.sync.SyncTestRepo testSyncRoot
信息: Too bad - We're running the poorer version of this test
三月 16, 2015 10:00:17 上午 org.ccnx.ccn.io.content.CCNNetworkObject createFlowController
信息: Created LOCALREPOSITORY flow controller, for prefix /%C1.M.S.localhost/%C1.S.cs/q-=AB263074701D094B06818879B46C928DCF693B64F3603515024FAB422BDB, save type LOCALREPOSITORY
三月 16, 2015 10:00:17 上午 org.ccnx.ccn.profiles.VersioningProfile getLatestVersion
信息: gLV getLatestVersion: retrieved latest version object /%C1.M.S.localhost/%C1.S.cs/q-=AB263074701D094B06818879B46C928DCF693B64F3603515024FAB422BDB/=FD0550639245DB/=00 type: DATA
三月 16, 2015 10:00:17 上午 org.ccnx.ccn.profiles.VersioningProfile getLatestVersion
信息: getFirstBlockOfLatestVersion: no block available for later version of /%C1.M.S.localhost/%C1.S.cs/q-=AB263074701D094B06818879B46C928DCF693B64F3603515024FAB422BDB/=FD0550639245DB
三月 16, 2015 10:00:17 上午 org.ccnx.ccn.io.CCNAbstractInputStream <init>
信息: CCNAbstractInputStream: /%C1.M.S.localhost/%C1.S.cs/q-=AB263074701D094B06818879B46C928DCF693B64F3603515024FAB422BDB/=FD0550639245DB segment 0
三月 16, 2015 10:00:17 上午 org.ccnx.ccn.impl.sync.SliceComparator <init>
信息: Beginning sync monitoring starting with: ...
三月 16, 2015 10:00:17 上午 org.ccnx.ccn.CCNSync startSync
信息: Started sync with topo: /ccnx.org/test/SyncTestRepo-15-03-16-09.59.21/topoPrefix and prefix: /ccnx.org/test/SyncTestRepo-15-03-16-09.59.21/ccnSyncTest/slice7
三月 16, 2015 10:00:17 上午 org.ccnx.ccn.impl.sync.ProtocolBasedSyncMonitor handleContent
信息: Saw new content from sync: /ccnx.org/test/SyncTestRepo-15-03-16-09.59.21/topoPrefix/%C1.S.ra/q-=AB263074701D094B06818879B46C928DCF693B64F3603515024FAB422BDB/.../=03A45595840E6D1C4047AC78CF0FBC453180AD0FE16B9EC2492BAB3A90CE2D4DD4
三月 16, 2015 10:00:17 上午 org.ccnx.ccn.impl.encoding.BinaryXMLDecoder setElement
信息: Reset decode array sizes to 150
三月 16, 2015 10:00:17 上午 org.ccnx.ccn.impl.encoding.BinaryXMLDecoder setElement
信息: Reset decode array sizes to 225
三月 16, 2015 10:00:17 上午 org.ccnx.ccn.impl.encoding.BinaryXMLDecoder setElement
信息: Reset decode array sizes to 337
三月 16, 2015 10:00:17 上午 org.ccnx.ccn.impl.sync.ProtocolBasedSyncMonitor handleContent
信息: Saw new content from sync: /ccnx.org/test/SyncTestRepo-15-03-16-09.59.21/topoPrefix/%C1.S.ra/q-=AB263074701D094B06818879B46C928DCF693B64F3603515024FAB422BDB/=03A45595840E6D1C4047AC78CF0FBC453180AD0FE16B9EC2492BAB3A90CE2D4DD4/=063E0DE903230D6085D175A9762F88B439A21FF5150E266400881A7BFD96A04930
三月 16, 2015 10:00:17 上午 org.ccnx.ccn.impl.encoding.BinaryXMLDecoder setElement
信息: Reset decode array sizes to 505
三月 16, 2015 10:00:17 上午 org.ccnx.ccn.impl.CCNFlowControl <init>
信息: adding namespace: /ccnx.org/test/SyncTestRepo-15-03-16-09.59.21/ccnSyncTest/slice7/round5/randomFile
三月 16, 2015 10:00:17 上午 org.ccnx.ccn.impl.security.keys.BasicKeyManager getKeyLocator
信息: getKeyLocator: returning locator NAME: /ccnx.org/Users/cb/Keys/%C1.M.K%00K=B082A16E5382FBAAA09FBE303E24E042E37E88C290E054292521DECA236523/=FD055059931000 KEY:itggagmsks2vela17tu60v29o22sdv8hgkgs1a2i991rr526p93 for key S7CCoW5TgvuqoJ++MD4k4ELjfojCkOBUKSUh3sojZSM=
三月 16, 2015 10:00:17 上午 org.ccnx.ccn.io.CCNAbstractOutputStream <init>
信息: CCNAbstractOutputStream: /ccnx.org/test/SyncTestRepo-15-03-16-09.59.21/ccnSyncTest/slice7/round5/randomFile/=FD0550639315DB blocksize is 4096
三月 16, 2015 10:00:17 上午 org.ccnx.ccn.io.CCNAbstractOutputStream startWrite
信息: CCNAbstractOutputStream: startWrite -- searching for keys.
三月 16, 2015 10:00:17 上午 org.ccnx.ccn.profiles.security.access.AccessControlManager keysForOutput
信息: keysForOutput: found an acm: (null)
三月 16, 2015 10:00:17 上午 org.ccnx.ccn.impl.repo.RepositoryFlowControl startWrite
信息: RepositoryFlowControl.startWrite called for name /ccnx.org/test/SyncTestRepo-15-03-16-09.59.21/ccnSyncTest/slice7/round5/randomFile/=FD0550639315DB, shape STREAM
三月 16, 2015 10:00:17 上午 org.ccnx.ccn.impl.repo.RepositoryFlowControl handleContent
信息: handleContent: got potential repo message: /ccnx.org/test/SyncTestRepo-15-03-16-09.59.21/ccnSyncTest/slice7/round5/randomFile/=FD0550639315DB/%C1.R.sw/%C1.N%00z=96FB9B73B6A14C
三月 16, 2015 10:00:17 上午 org.ccnx.ccn.io.CCNOutputStream flushToNetwork
信息: flush: outputting to the segmenter, baseName /ccnx.org/test/SyncTestRepo-15-03-16-09.59.21/ccnSyncTest/slice7/round5/randomFile/=FD0550639315DB basenameindex =00; 1255 bytes written, holding back 1255 flushing final blocks? false.
三月 16, 2015 10:00:17 上午 org.ccnx.ccn.io.CCNOutputStream flushToNetwork
信息: HEADER: CCNOutputStream: flushToNetwork: new _baseNameIndex 0
三月 16, 2015 10:00:17 上午 org.ccnx.ccn.io.CCNOutputStream flushToNetwork
信息: flush: outputting to the segmenter, baseName /ccnx.org/test/SyncTestRepo-15-03-16-09.59.21/ccnSyncTest/slice7/round5/randomFile/=FD0550639315DB basenameindex =00; 1255 bytes written, holding back 1255 flushing final blocks? false.
三月 16, 2015 10:00:17 上午 org.ccnx.ccn.io.CCNOutputStream flushToNetwork
信息: HEADER: CCNOutputStream: flushToNetwork: new _baseNameIndex 0
三月 16, 2015 10:00:17 上午 org.ccnx.ccn.io.CCNOutputStream flushToNetwork
信息: flush: outputting to the segmenter, baseName /ccnx.org/test/SyncTestRepo-15-03-16-09.59.21/ccnSyncTest/slice7/round5/randomFile/=FD0550639315DB basenameindex =00; 1255 bytes written, holding back 0 flushing final blocks? true.
三月 16, 2015 10:00:17 上午 org.ccnx.ccn.io.CCNOutputStream flushToNetwork
信息: HEADER: CCNOutputStream: flushToNetwork: new _baseNameIndex 1
三月 16, 2015 10:00:17 上午 org.ccnx.ccn.io.CCNAbstractOutputStream <init>
信息: CCNAbstractOutputStream: /ccnx.org/test/SyncTestRepo-15-03-16-09.59.21/ccnSyncTest/slice7/round5/randomFile/=FD0550639315DB/%C1.META.M/.header/=FD055063931625 blocksize is 4096
三月 16, 2015 10:00:17 上午 org.ccnx.ccn.io.CCNAbstractOutputStream startWrite
信息: CCNAbstractOutputStream: startWrite -- searching for keys.
三月 16, 2015 10:00:17 上午 org.ccnx.ccn.profiles.security.access.AccessControlManager keysForOutput
信息: keysForOutput: found an acm: (null)
三月 16, 2015 10:00:17 上午 org.ccnx.ccn.impl.repo.RepositoryFlowControl startWrite
信息: RepositoryFlowControl.startWrite called for name /ccnx.org/test/SyncTestRepo-15-03-16-09.59.21/ccnSyncTest/slice7/round5/randomFile/=FD0550639315DB/%C1.META.M/.header/=FD055063931625, shape STREAM
三月 16, 2015 10:00:17 上午 org.ccnx.ccn.impl.repo.RepositoryFlowControl handleContent
信息: handleContent: got potential repo message: /ccnx.org/test/SyncTestRepo-15-03-16-09.59.21/ccnSyncTest/slice7/round5/randomFile/=FD0550639315DB/%C1.META.M/.header/=FD055063931625/%C1.R.sw/%C1.N=00E66B26C57172FC15
三月 16, 2015 10:00:17 上午 org.ccnx.ccn.io.CCNOutputStream flushToNetwork
信息: flush: outputting to the segmenter, baseName /ccnx.org/test/SyncTestRepo-15-03-16-09.59.21/ccnSyncTest/slice7/round5/randomFile/=FD0550639315DB/%C1.META.M/.header/=FD055063931625 basenameindex =00; 66 bytes written, holding back 66 flushing final blocks? false.
三月 16, 2015 10:00:17 上午 org.ccnx.ccn.io.CCNOutputStream flushToNetwork
信息: HEADER: CCNOutputStream: flushToNetwork: new _baseNameIndex 0
三月 16, 2015 10:00:17 上午 org.ccnx.ccn.io.CCNOutputStream flushToNetwork
信息: flush: outputting to the segmenter, baseName /ccnx.org/test/SyncTestRepo-15-03-16-09.59.21/ccnSyncTest/slice7/round5/randomFile/=FD0550639315DB/%C1.META.M/.header/=FD055063931625 basenameindex =00; 66 bytes written, holding back 66 flushing final blocks? false.
三月 16, 2015 10:00:17 上午 org.ccnx.ccn.io.CCNOutputStream flushToNetwork
信息: HEADER: CCNOutputStream: flushToNetwork: new _baseNameIndex 0
三月 16, 2015 10:00:17 上午 org.ccnx.ccn.io.CCNOutputStream flushToNetwork
信息: flush: outputting to the segmenter, baseName /ccnx.org/test/SyncTestRepo-15-03-16-09.59.21/ccnSyncTest/slice7/round5/randomFile/=FD0550639315DB/%C1.META.M/.header/=FD055063931625 basenameindex =00; 66 bytes written, holding back 0 flushing final blocks? true.
三月 16, 2015 10:00:17 上午 org.ccnx.ccn.io.CCNOutputStream flushToNetwork
信息: HEADER: CCNOutputStream: flushToNetwork: new _baseNameIndex 1
三月 16, 2015 10:00:17 上午 org.ccnx.ccn.io.CCNOutputStream close
信息: CCNOutputStream close: /ccnx.org/test/SyncTestRepo-15-03-16-09.59.21/ccnSyncTest/slice7/round5/randomFile/=FD0550639315DB/%C1.META.M/.header/=FD055063931625
三月 16, 2015 10:00:17 上午 org.ccnx.ccn.io.CCNOutputStream close
信息: CCNOutputStream close: /ccnx.org/test/SyncTestRepo-15-03-16-09.59.21/ccnSyncTest/slice7/round5/randomFile/=FD0550639315DB
三月 16, 2015 10:00:17 上午 org.ccnx.ccn.profiles.sync.SyncTestCommon writeFile
信息: Wrote file to repository: /ccnx.org/test/SyncTestRepo-15-03-16-09.59.21/ccnSyncTest/slice7/round5/randomFile/=FD0550639315DB with 2 segments
三月 16, 2015 10:00:17 上午 org.ccnx.ccn.impl.encoding.BinaryXMLDecoder setElement
信息: Reset decode array sizes to 150
三月 16, 2015 10:00:17 上午 org.ccnx.ccn.impl.encoding.BinaryXMLDecoder setElement
信息: Reset decode array sizes to 225
三月 16, 2015 10:00:17 上午 org.ccnx.ccn.impl.encoding.BinaryXMLDecoder setElement
信息: Reset decode array sizes to 337
三月 16, 2015 10:00:17 上午 org.ccnx.ccn.impl.encoding.BinaryXMLDecoder setElement
信息: Reset decode array sizes to 505
三月 16, 2015 10:00:17 上午 org.ccnx.ccn.impl.encoding.BinaryXMLDecoder setElement
信息: Reset decode array sizes to 150
三月 16, 2015 10:00:17 上午 org.ccnx.ccn.impl.encoding.BinaryXMLDecoder setElement
信息: Reset decode array sizes to 225
三月 16, 2015 10:00:17 上午 org.ccnx.ccn.impl.encoding.BinaryXMLDecoder setElement
信息: Reset decode array sizes to 337
三月 16, 2015 10:00:17 上午 org.ccnx.ccn.impl.encoding.BinaryXMLDecoder setElement
信息: Reset decode array sizes to 505
三月 16, 2015 10:00:17 上午 org.ccnx.ccn.impl.encoding.BinaryXMLDecoder setElement
信息: Reset decode array sizes to 757
三月 16, 2015 10:00:17 上午 org.ccnx.ccn.impl.sync.SliceComparator run
信息: Starting new round with X = =03A45595840E6D1C4047AC78CF0FBC453180AD0FE16B9EC2492BAB3A90CE2D4DD4 and Y = =063E0DE903230D6085D175A9762F88B439A21FF5150E266400881A7BFD96A04930
三月 16, 2015 10:00:17 上午 org.ccnx.ccn.profiles.sync.SyncTestRepo doHandleContentName
信息: Number 1: Callback for name: /ccnx.org/test/SyncTestRepo-15-03-16-09.59.21/ccnSyncTest/slice7/round4/randomFile/=FD05506392F5EC/=00 - number is 0
三月 16, 2015 10:00:17 上午 org.ccnx.ccn.profiles.sync.SyncTestRepo doHandleContentName
信息: Number 1: Callback for name: /ccnx.org/test/SyncTestRepo-15-03-16-09.59.21/ccnSyncTest/slice7/round4/randomFile/=FD05506392F5EC/=0001 - number is 1
三月 16, 2015 10:00:17 上午 org.ccnx.ccn.profiles.sync.SyncTestRepo doHandleContentName
信息: Number 1: Callback for name: /ccnx.org/test/SyncTestRepo-15-03-16-09.59.21/ccnSyncTest/slice7/round4/randomFile/=FD05506392F5EC/=0002 - number is 2
三月 16, 2015 10:00:17 上午 org.ccnx.ccn.profiles.sync.SyncTestRepo doHandleContentName
信息: Number 1: Callback for name: /ccnx.org/test/SyncTestRepo-15-03-16-09.59.21/ccnSyncTest/slice7/round4/randomFile/=FD05506392F5EC/%C1.META.M/.header/=FD05506392F625/=00 - number is header
三月 16, 2015 10:00:17 上午 org.ccnx.ccn.impl.sync.SliceComparator updateCurrent
信息: Resetting current to created head: =063E0DE903230D6085D175A9762F88B439A21FF5150E266400881A7BFD96A04930
三月 16, 2015 10:00:17 上午 org.ccnx.ccn.impl.sync.ProtocolBasedSyncMonitor handleContent
信息: Saw new content from sync: /ccnx.org/test/SyncTestRepo-15-03-16-09.59.21/topoPrefix/%C1.S.ra/q-=AB263074701D094B06818879B46C928DCF693B64F3603515024FAB422BDB/=063E0DE903230D6085D175A9762F88B439A21FF5150E266400881A7BFD96A04930/=06B11BCE36F412C6FB96DBB21488D7F58F183146693288E295EEF5DF73ADB8088F
三月 16, 2015 10:00:17 上午 org.ccnx.ccn.impl.sync.ProtocolBasedSyncMonitor handleContent
信息: Saw new content from sync: /ccnx.org/test/SyncTestRepo-15-03-16-09.59.21/topoPrefix/%C1.S.ra/q-=AB263074701D094B06818879B46C928DCF693B64F3603515024FAB422BDB/=063E0DE903230D6085D175A9762F88B439A21FF5150E266400881A7BFD96A04930/=06B11BCE36F412C6FB96DBB21488D7F58F183146693288E295EEF5DF73ADB8088F
三月 16, 2015 10:00:17 上午 org.ccnx.ccn.impl.sync.ProtocolBasedSyncMonitor handleContent
信息: Saw new content from sync: /ccnx.org/test/SyncTestRepo-15-03-16-09.59.21/topoPrefix/%C1.S.ra/q-=AB263074701D094B06818879B46C928DCF693B64F3603515024FAB422BDB/=063E0DE903230D6085D175A9762F88B439A21FF5150E266400881A7BFD96A04930/=06B11BCE36F412C6FB96DBB21488D7F58F183146693288E295EEF5DF73ADB8088F
三月 16, 2015 10:00:17 上午 org.ccnx.ccn.impl.sync.ProtocolBasedSyncMonitor handleContent
信息: Saw new content from sync: /ccnx.org/test/SyncTestRepo-15-03-16-09.59.21/topoPrefix/%C1.S.ra/q-=AB263074701D094B06818879B46C928DCF693B64F3603515024FAB422BDB/=063E0DE903230D6085D175A9762F88B439A21FF5150E266400881A7BFD96A04930/=06B11BCE36F412C6FB96DBB21488D7F58F183146693288E295EEF5DF73ADB8088F
三月 16, 2015 10:00:17 上午 org.ccnx.ccn.impl.encoding.BinaryXMLDecoder setElement
信息: Reset decode array sizes to 150
三月 16, 2015 10:00:17 上午 org.ccnx.ccn.impl.encoding.BinaryXMLDecoder setElement
信息: Reset decode array sizes to 225
三月 16, 2015 10:00:17 上午 org.ccnx.ccn.impl.encoding.BinaryXMLDecoder setElement
信息: Reset decode array sizes to 337
三月 16, 2015 10:00:17 上午 org.ccnx.ccn.impl.encoding.BinaryXMLDecoder setElement
信息: Reset decode array sizes to 505
三月 16, 2015 10:00:17 上午 org.ccnx.ccn.impl.encoding.BinaryXMLDecoder setElement
信息: Reset decode array sizes to 757
三月 16, 2015 10:00:17 上午 org.ccnx.ccn.impl.encoding.BinaryXMLDecoder setElement
信息: Reset decode array sizes to 150
三月 16, 2015 10:00:17 上午 org.ccnx.ccn.impl.encoding.BinaryXMLDecoder setElement
信息: Reset decode array sizes to 225
三月 16, 2015 10:00:17 上午 org.ccnx.ccn.impl.encoding.BinaryXMLDecoder setElement
信息: Reset decode array sizes to 337
三月 16, 2015 10:00:17 上午 org.ccnx.ccn.impl.encoding.BinaryXMLDecoder setElement
信息: Reset decode array sizes to 505
三月 16, 2015 10:00:17 上午 org.ccnx.ccn.impl.encoding.BinaryXMLDecoder setElement
信息: Reset decode array sizes to 757
三月 16, 2015 10:00:17 上午 org.ccnx.ccn.impl.encoding.BinaryXMLDecoder setElement
信息: Reset decode array sizes to 150
三月 16, 2015 10:00:17 上午 org.ccnx.ccn.impl.encoding.BinaryXMLDecoder setElement
信息: Reset decode array sizes to 225
三月 16, 2015 10:00:17 上午 org.ccnx.ccn.impl.encoding.BinaryXMLDecoder setElement
信息: Reset decode array sizes to 337
三月 16, 2015 10:00:17 上午 org.ccnx.ccn.impl.encoding.BinaryXMLDecoder setElement
信息: Reset decode array sizes to 505
三月 16, 2015 10:00:17 上午 org.ccnx.ccn.impl.encoding.BinaryXMLDecoder setElement
信息: Reset decode array sizes to 757
三月 16, 2015 10:00:17 上午 org.ccnx.ccn.impl.encoding.BinaryXMLDecoder setElement
信息: Reset decode array sizes to 150
三月 16, 2015 10:00:17 上午 org.ccnx.ccn.impl.encoding.BinaryXMLDecoder setElement
信息: Reset decode array sizes to 225
三月 16, 2015 10:00:17 上午 org.ccnx.ccn.impl.encoding.BinaryXMLDecoder setElement
信息: Reset decode array sizes to 337
三月 16, 2015 10:00:17 上午 org.ccnx.ccn.impl.encoding.BinaryXMLDecoder setElement
信息: Reset decode array sizes to 505
三月 16, 2015 10:00:17 上午 org.ccnx.ccn.impl.encoding.BinaryXMLDecoder setElement
信息: Reset decode array sizes to 757
三月 16, 2015 10:00:17 上午 org.ccnx.ccn.impl.sync.SliceComparator run
信息: Starting new round with X = =063E0DE903230D6085D175A9762F88B439A21FF5150E266400881A7BFD96A04930 and Y = =06B11BCE36F412C6FB96DBB21488D7F58F183146693288E295EEF5DF73ADB8088F
三月 16, 2015 10:00:17 上午 org.ccnx.ccn.profiles.sync.SyncTestRepo doHandleContentName
信息: Number 1: Callback for name: /ccnx.org/test/SyncTestRepo-15-03-16-09.59.21/ccnSyncTest/slice7/round5/randomFile/=FD0550639315DB/=00 - number is 0
三月 16, 2015 10:00:17 上午 org.ccnx.ccn.profiles.sync.SyncTestRepo doHandleContentName
信息: Number 1: Callback for name: /ccnx.org/test/SyncTestRepo-15-03-16-09.59.21/ccnSyncTest/slice7/round5/randomFile/=FD0550639315DB/%C1.META.M/.header/=FD055063931625/=00 - number is header
三月 16, 2015 10:00:17 上午 org.ccnx.ccn.impl.sync.SliceComparator updateCurrent
信息: Resetting current to created head: =06B11BCE36F412C6FB96DBB21488D7F58F183146693288E295EEF5DF73ADB8088F
三月 16, 2015 10:00:17 上午 org.ccnx.ccn.impl.sync.ProtocolBasedSyncMonitor shutdown
信息: Shutting down sync on slice: /ccnx.org/test/SyncTestRepo-15-03-16-09.59.21/ccnSyncTest/slice7
三月 16, 2015 10:00:17 上午 org.ccnx.ccn.profiles.sync.SyncTestRepo testSyncRoot
信息: Finished running testSyncRoot
三月 16, 2015 10:00:17 上午 org.ccnx.ccn.profiles.sync.SyncTestRepo testSyncStartName
信息: Starting testSyncStartName
三月 16, 2015 10:00:17 上午 org.ccnx.ccn.impl.CCNFlowControl <init>
信息: adding namespace: /ccnx.org/test/SyncTestRepo-15-03-16-09.59.21/ccnSyncTest/slice8/randomFile
三月 16, 2015 10:00:17 上午 org.ccnx.ccn.impl.security.keys.BasicKeyManager getKeyLocator
信息: getKeyLocator: returning locator NAME: /ccnx.org/Users/cb/Keys/%C1.M.K%00K=B082A16E5382FBAAA09FBE303E24E042E37E88C290E054292521DECA236523/=FD055059931000 KEY:itggagmsks2vela17tu60v29o22sdv8hgkgs1a2i991rr526p93 for key S7CCoW5TgvuqoJ++MD4k4ELjfojCkOBUKSUh3sojZSM=
三月 16, 2015 10:00:17 上午 org.ccnx.ccn.io.CCNAbstractOutputStream <init>
信息: CCNAbstractOutputStream: /ccnx.org/test/SyncTestRepo-15-03-16-09.59.21/ccnSyncTest/slice8/randomFile/=FD055063931F2F blocksize is 4096
三月 16, 2015 10:00:17 上午 org.ccnx.ccn.io.CCNAbstractOutputStream startWrite
信息: CCNAbstractOutputStream: startWrite -- searching for keys.
三月 16, 2015 10:00:17 上午 org.ccnx.ccn.profiles.security.access.AccessControlManager keysForOutput
信息: keysForOutput: found an acm: (null)
三月 16, 2015 10:00:17 上午 org.ccnx.ccn.impl.repo.RepositoryFlowControl startWrite
信息: RepositoryFlowControl.startWrite called for name /ccnx.org/test/SyncTestRepo-15-03-16-09.59.21/ccnSyncTest/slice8/randomFile/=FD055063931F2F, shape STREAM
三月 16, 2015 10:00:17 上午 org.ccnx.ccn.impl.repo.RepositoryFlowControl handleContent
信息: handleContent: got potential repo message: /ccnx.org/test/SyncTestRepo-15-03-16-09.59.21/ccnSyncTest/slice8/randomFile/=FD055063931F2F/%C1.R.sw/%C1.N=00829449F273B173A8
三月 16, 2015 10:00:17 上午 org.ccnx.ccn.io.CCNOutputStream flushToNetwork
信息: flush: outputting to the segmenter, baseName /ccnx.org/test/SyncTestRepo-15-03-16-09.59.21/ccnSyncTest/slice8/randomFile/=FD055063931F2F basenameindex =0063; 4096 bytes written, holding back 4096 flushing final blocks? false.
三月 16, 2015 10:00:17 上午 org.ccnx.ccn.impl.CCNSegmenter outputCurrentBlocks
信息: flush: putting merkle tree to the network, name starts with /ccnx.org/test/SyncTestRepo-15-03-16-09.59.21/ccnSyncTest/slice8/randomFile/=FD055063931F2F/=00; 99 blocks
三月 16, 2015 10:00:17 上午 org.ccnx.ccn.impl.security.crypto.CCNMerkleTreeSigner signBlocks
信息: Signed tree of 99 leaves, 197 nodes.
三月 16, 2015 10:00:18 上午 org.ccnx.ccn.io.CCNOutputStream flushToNetwork
信息: HEADER: CCNOutputStream: flushToNetwork: new _baseNameIndex 99
三月 16, 2015 10:00:18 上午 org.ccnx.ccn.io.CCNOutputStream flushToNetwork
信息: flush: outputting to the segmenter, baseName /ccnx.org/test/SyncTestRepo-15-03-16-09.59.21/ccnSyncTest/slice8/randomFile/=FD055063931F2F basenameindex =0063; 4096 bytes written, holding back 4096 flushing final blocks? false.
三月 16, 2015 10:00:18 上午 org.ccnx.ccn.io.CCNOutputStream flushToNetwork
信息: HEADER: CCNOutputStream: flushToNetwork: new _baseNameIndex 99
三月 16, 2015 10:00:18 上午 org.ccnx.ccn.io.CCNOutputStream flushToNetwork
信息: flush: outputting to the segmenter, baseName /ccnx.org/test/SyncTestRepo-15-03-16-09.59.21/ccnSyncTest/slice8/randomFile/=FD055063931F2F basenameindex =0063; 4096 bytes written, holding back 0 flushing final blocks? true.
三月 16, 2015 10:00:18 上午 org.ccnx.ccn.io.CCNOutputStream flushToNetwork
信息: HEADER: CCNOutputStream: flushToNetwork: new _baseNameIndex 100
三月 16, 2015 10:00:18 上午 org.ccnx.ccn.io.CCNAbstractOutputStream <init>
信息: CCNAbstractOutputStream: /ccnx.org/test/SyncTestRepo-15-03-16-09.59.21/ccnSyncTest/slice8/randomFile/=FD055063931F2F/%C1.META.M/.header/=FD05506393201D blocksize is 4096
三月 16, 2015 10:00:18 上午 org.ccnx.ccn.io.CCNAbstractOutputStream startWrite
信息: CCNAbstractOutputStream: startWrite -- searching for keys.
三月 16, 2015 10:00:18 上午 org.ccnx.ccn.profiles.security.access.AccessControlManager keysForOutput
信息: keysForOutput: found an acm: (null)
三月 16, 2015 10:00:18 上午 org.ccnx.ccn.impl.repo.RepositoryFlowControl startWrite
信息: RepositoryFlowControl.startWrite called for name /ccnx.org/test/SyncTestRepo-15-03-16-09.59.21/ccnSyncTest/slice8/randomFile/=FD055063931F2F/%C1.META.M/.header/=FD05506393201D, shape STREAM
三月 16, 2015 10:00:18 上午 org.ccnx.ccn.impl.repo.RepositoryFlowControl handleContent
信息: handleContent: got potential repo message: /ccnx.org/test/SyncTestRepo-15-03-16-09.59.21/ccnSyncTest/slice8/randomFile/=FD055063931F2F/%C1.META.M/.header/=FD05506393201D/%C1.R.sw/%C1.N=00DFDBF4353F3B5ECD
三月 16, 2015 10:00:18 上午 org.ccnx.ccn.io.CCNOutputStream flushToNetwork
信息: flush: outputting to the segmenter, baseName /ccnx.org/test/SyncTestRepo-15-03-16-09.59.21/ccnSyncTest/slice8/randomFile/=FD055063931F2F/%C1.META.M/.header/=FD05506393201D basenameindex =00; 70 bytes written, holding back 70 flushing final blocks? false.
三月 16, 2015 10:00:18 上午 org.ccnx.ccn.io.CCNOutputStream flushToNetwork
信息: HEADER: CCNOutputStream: flushToNetwork: new _baseNameIndex 0
三月 16, 2015 10:00:18 上午 org.ccnx.ccn.io.CCNOutputStream flushToNetwork
信息: flush: outputting to the segmenter, baseName /ccnx.org/test/SyncTestRepo-15-03-16-09.59.21/ccnSyncTest/slice8/randomFile/=FD055063931F2F/%C1.META.M/.header/=FD05506393201D basenameindex =00; 70 bytes written, holding back 70 flushing final blocks? false.
三月 16, 2015 10:00:18 上午 org.ccnx.ccn.io.CCNOutputStream flushToNetwork
信息: HEADER: CCNOutputStream: flushToNetwork: new _baseNameIndex 0
三月 16, 2015 10:00:18 上午 org.ccnx.ccn.io.CCNOutputStream flushToNetwork
信息: flush: outputting to the segmenter, baseName /ccnx.org/test/SyncTestRepo-15-03-16-09.59.21/ccnSyncTest/slice8/randomFile/=FD055063931F2F/%C1.META.M/.header/=FD05506393201D basenameindex =00; 70 bytes written, holding back 0 flushing final blocks? true.
三月 16, 2015 10:00:18 上午 org.ccnx.ccn.io.CCNOutputStream flushToNetwork
信息: HEADER: CCNOutputStream: flushToNetwork: new _baseNameIndex 1
三月 16, 2015 10:00:18 上午 org.ccnx.ccn.io.CCNOutputStream close
信息: CCNOutputStream close: /ccnx.org/test/SyncTestRepo-15-03-16-09.59.21/ccnSyncTest/slice8/randomFile/=FD055063931F2F/%C1.META.M/.header/=FD05506393201D
三月 16, 2015 10:00:18 上午 org.ccnx.ccn.io.CCNOutputStream close
信息: CCNOutputStream close: /ccnx.org/test/SyncTestRepo-15-03-16-09.59.21/ccnSyncTest/slice8/randomFile/=FD055063931F2F
三月 16, 2015 10:00:18 上午 org.ccnx.ccn.profiles.sync.SyncTestCommon writeFile
信息: Wrote file to repository: /ccnx.org/test/SyncTestRepo-15-03-16-09.59.21/ccnSyncTest/slice8/randomFile/=FD055063931F2F with 101 segments
三月 16, 2015 10:00:18 上午 org.ccnx.ccn.io.content.CCNNetworkObject createFlowController
信息: Created LOCALREPOSITORY flow controller, for prefix /%C1.M.S.localhost/%C1.S.cs/%EB_~=AE85639838E1DB62CA887174DF662AC2BDD0D741278B41487F9C2C91A1, save type LOCALREPOSITORY
三月 16, 2015 10:00:18 上午 org.ccnx.ccn.profiles.VersioningProfile getLatestVersion
信息: getFirstBlockOfLatestVersion: no block available for later version of /%C1.M.S.localhost/%C1.S.cs/%EB_~=AE85639838E1DB62CA887174DF662AC2BDD0D741278B41487F9C2C91A1
三月 16, 2015 10:00:18 上午 org.ccnx.ccn.impl.CCNFlowControl addNameSpace
信息: Flow controller addNameSpace: added namespace: /%C1.M.S.localhost/%C1.S.cs/%EB_~=AE85639838E1DB62CA887174DF662AC2BDD0D741278B41487F9C2C91A1
三月 16, 2015 10:00:18 上午 org.ccnx.ccn.impl.security.keys.BasicKeyManager getKeyLocator
信息: getKeyLocator: returning locator NAME: /ccnx.org/Users/cb/Keys/%C1.M.K%00K=B082A16E5382FBAAA09FBE303E24E042E37E88C290E054292521DECA236523/=FD055059931000 KEY:itggagmsks2vela17tu60v29o22sdv8hgkgs1a2i991rr526p93 for key S7CCoW5TgvuqoJ++MD4k4ELjfojCkOBUKSUh3sojZSM=
三月 16, 2015 10:00:18 上午 org.ccnx.ccn.io.CCNAbstractOutputStream <init>
信息: CCNAbstractOutputStream: /%C1.M.S.localhost/%C1.S.cs/%EB_~=AE85639838E1DB62CA887174DF662AC2BDD0D741278B41487F9C2C91A1/=FD055063932656 blocksize is 4096
三月 16, 2015 10:00:18 上午 org.ccnx.ccn.io.CCNAbstractOutputStream startWrite
信息: CCNAbstractOutputStream: startWrite -- searching for keys.
三月 16, 2015 10:00:18 上午 org.ccnx.ccn.profiles.security.access.AccessControlManager keysForOutput
信息: keysForOutput: found an acm: (null)
三月 16, 2015 10:00:18 上午 org.ccnx.ccn.impl.repo.RepositoryFlowControl startWrite
信息: RepositoryFlowControl.startWrite called for name /%C1.M.S.localhost/%C1.S.cs/%EB_~=AE85639838E1DB62CA887174DF662AC2BDD0D741278B41487F9C2C91A1/=FD055063932656, shape STREAM
三月 16, 2015 10:00:18 上午 org.ccnx.ccn.impl.repo.RepositoryFlowControl handleContent
信息: handleContent: got potential repo message: /%C1.M.S.localhost/%C1.S.cs/%EB_~=AE85639838E1DB62CA887174DF662AC2BDD0D741278B41487F9C2C91A1/=FD055063932656/%C1.R.sw/%C1.N=001C52AB5472DC2B21
三月 16, 2015 10:00:18 上午 org.ccnx.ccn.io.CCNOutputStream flushToNetwork
信息: flush: outputting to the segmenter, baseName /%C1.M.S.localhost/%C1.S.cs/%EB_~=AE85639838E1DB62CA887174DF662AC2BDD0D741278B41487F9C2C91A1/=FD055063932656 basenameindex =00; 162 bytes written, holding back 162 flushing final blocks? false.
三月 16, 2015 10:00:18 上午 org.ccnx.ccn.io.CCNOutputStream flushToNetwork
信息: HEADER: CCNOutputStream: flushToNetwork: new _baseNameIndex 0
三月 16, 2015 10:00:18 上午 org.ccnx.ccn.io.CCNOutputStream flushToNetwork
信息: flush: outputting to the segmenter, baseName /%C1.M.S.localhost/%C1.S.cs/%EB_~=AE85639838E1DB62CA887174DF662AC2BDD0D741278B41487F9C2C91A1/=FD055063932656 basenameindex =00; 162 bytes written, holding back 0 flushing final blocks? true.
三月 16, 2015 10:00:18 上午 org.ccnx.ccn.io.CCNOutputStream flushToNetwork
信息: HEADER: CCNOutputStream: flushToNetwork: new _baseNameIndex 1
三月 16, 2015 10:00:18 上午 org.ccnx.ccn.io.CCNOutputStream close
信息: CCNOutputStream close: /%C1.M.S.localhost/%C1.S.cs/%EB_~=AE85639838E1DB62CA887174DF662AC2BDD0D741278B41487F9C2C91A1/=FD055063932656
三月 16, 2015 10:00:18 上午 org.ccnx.ccn.impl.sync.SliceComparator <init>
信息: Beginning sync monitoring from start
三月 16, 2015 10:00:18 上午 org.ccnx.ccn.CCNSync startSync
信息: Started sync with topo: /ccnx.org/test/SyncTestRepo-15-03-16-09.59.21/topoPrefix and prefix: /ccnx.org/test/SyncTestRepo-15-03-16-09.59.21/ccnSyncTest/slice8
三月 16, 2015 10:00:22 上午 org.ccnx.ccn.impl.sync.ProtocolBasedSyncMonitor handleContent
信息: Saw new content from sync: /ccnx.org/test/SyncTestRepo-15-03-16-09.59.21/topoPrefix/%C1.S.ra/%EB_~=AE85639838E1DB62CA887174DF662AC2BDD0D741278B41487F9C2C91A1/.../=2F13DE48D669DDF1DA475606F6521478F28409C28161CEACAFC0592B0B92C9A3A4
三月 16, 2015 10:00:22 上午 org.ccnx.ccn.impl.encoding.BinaryXMLDecoder setElement
信息: Reset decode array sizes to 150
三月 16, 2015 10:00:22 上午 org.ccnx.ccn.impl.sync.SliceComparator run
信息: Starting new round with X = null and Y = =2F13DE48D669DDF1DA475606F6521478F28409C28161CEACAFC0592B0B92C9A3A4
三月 16, 2015 10:00:22 上午 org.ccnx.ccn.profiles.sync.SyncTestRepo doHandleContentName
信息: Number 1: Callback for name: /ccnx.org/test/SyncTestRepo-15-03-16-09.59.21/ccnSyncTest/slice8/randomFile/=FD055063931F2F/=0014 - number is 20
三月 16, 2015 10:00:22 上午 org.ccnx.ccn.profiles.sync.SyncTestRepo doHandleContentName
信息: Number 1: Callback for name: /ccnx.org/test/SyncTestRepo-15-03-16-09.59.21/ccnSyncTest/slice8/randomFile/=FD055063931F2F/=0015 - number is 21
三月 16, 2015 10:00:22 上午 org.ccnx.ccn.profiles.sync.SyncTestRepo doHandleContentName
信息: Number 1: Callback for name: /ccnx.org/test/SyncTestRepo-15-03-16-09.59.21/ccnSyncTest/slice8/randomFile/=FD055063931F2F/=0016 - number is 22
三月 16, 2015 10:00:22 上午 org.ccnx.ccn.profiles.sync.SyncTestRepo doHandleContentName
信息: Number 1: Callback for name: /ccnx.org/test/SyncTestRepo-15-03-16-09.59.21/ccnSyncTest/slice8/randomFile/=FD055063931F2F/=0017 - number is 23
三月 16, 2015 10:00:22 上午 org.ccnx.ccn.profiles.sync.SyncTestRepo doHandleContentName
信息: Number 1: Callback for name: /ccnx.org/test/SyncTestRepo-15-03-16-09.59.21/ccnSyncTest/slice8/randomFile/=FD055063931F2F/=0018 - number is 24
三月 16, 2015 10:00:22 上午 org.ccnx.ccn.profiles.sync.SyncTestRepo doHandleContentName
信息: Number 1: Callback for name: /ccnx.org/test/SyncTestRepo-15-03-16-09.59.21/ccnSyncTest/slice8/randomFile/=FD055063931F2F/=0019 - number is 25
三月 16, 2015 10:00:22 上午 org.ccnx.ccn.profiles.sync.SyncTestRepo doHandleContentName
信息: Number 1: Callback for name: /ccnx.org/test/SyncTestRepo-15-03-16-09.59.21/ccnSyncTest/slice8/randomFile/=FD055063931F2F/=001A - number is 26
三月 16, 2015 10:00:22 上午 org.ccnx.ccn.profiles.sync.SyncTestRepo doHandleContentName
信息: Number 1: Callback for name: /ccnx.org/test/SyncTestRepo-15-03-16-09.59.21/ccnSyncTest/slice8/randomFile/=FD055063931F2F/=001B - number is 27
三月 16, 2015 10:00:22 上午 org.ccnx.ccn.profiles.sync.SyncTestRepo doHandleContentName
信息: Number 1: Callback for name: /ccnx.org/test/SyncTestRepo-15-03-16-09.59.21/ccnSyncTest/slice8/randomFile/=FD055063931F2F/=001C - number is 28
三月 16, 2015 10:00:22 上午 org.ccnx.ccn.profiles.sync.SyncTestRepo doHandleContentName
信息: Number 1: Callback for name: /ccnx.org/test/SyncTestRepo-15-03-16-09.59.21/ccnSyncTest/slice8/randomFile/=FD055063931F2F/=001D - number is 29
三月 16, 2015 10:00:22 上午 org.ccnx.ccn.profiles.sync.SyncTestRepo doHandleContentName
信息: Number 1: Callback for name: /ccnx.org/test/SyncTestRepo-15-03-16-09.59.21/ccnSyncTest/slice8/randomFile/=FD055063931F2F/=001E - number is 30
三月 16, 2015 10:00:22 上午 org.ccnx.ccn.profiles.sync.SyncTestRepo doHandleContentName
信息: Number 1: Callback for name: /ccnx.org/test/SyncTestRepo-15-03-16-09.59.21/ccnSyncTest/slice8/randomFile/=FD055063931F2F/=001F - number is 31
三月 16, 2015 10:00:22 上午 org.ccnx.ccn.profiles.sync.SyncTestRepo doHandleContentName
信息: Number 1: Callback for name: /ccnx.org/test/SyncTestRepo-15-03-16-09.59.21/ccnSyncTest/slice8/randomFile/=FD055063931F2F/=0020 - number is 32
三月 16, 2015 10:00:22 上午 org.ccnx.ccn.profiles.sync.SyncTestRepo doHandleContentName
信息: Number 1: Callback for name: /ccnx.org/test/SyncTestRepo-15-03-16-09.59.21/ccnSyncTest/slice8/randomFile/=FD055063931F2F/=0021 - number is 33
三月 16, 2015 10:00:22 上午 org.ccnx.ccn.profiles.sync.SyncTestRepo doHandleContentName
信息: Number 1: Callback for name: /ccnx.org/test/SyncTestRepo-15-03-16-09.59.21/ccnSyncTest/slice8/randomFile/=FD055063931F2F/=0022 - number is 34
三月 16, 2015 10:00:22 上午 org.ccnx.ccn.profiles.sync.SyncTestRepo doHandleContentName
信息: Number 1: Callback for name: /ccnx.org/test/SyncTestRepo-15-03-16-09.59.21/ccnSyncTest/slice8/randomFile/=FD055063931F2F/=0023 - number is 35
三月 16, 2015 10:00:22 上午 org.ccnx.ccn.profiles.sync.SyncTestRepo doHandleContentName
信息: Number 1: Callback for name: /ccnx.org/test/SyncTestRepo-15-03-16-09.59.21/ccnSyncTest/slice8/randomFile/=FD055063931F2F/=0024 - number is 36
三月 16, 2015 10:00:22 上午 org.ccnx.ccn.profiles.sync.SyncTestRepo doHandleContentName
信息: Number 1: Callback for name: /ccnx.org/test/SyncTestRepo-15-03-16-09.59.21/ccnSyncTest/slice8/randomFile/=FD055063931F2F/=0025 - number is 37
三月 16, 2015 10:00:22 上午 org.ccnx.ccn.profiles.sync.SyncTestRepo doHandleContentName
信息: Number 1: Callback for name: /ccnx.org/test/SyncTestRepo-15-03-16-09.59.21/ccnSyncTest/slice8/randomFile/=FD055063931F2F/=0026 - number is 38
三月 16, 2015 10:00:22 上午 org.ccnx.ccn.profiles.sync.SyncTestRepo doHandleContentName
信息: Number 1: Callback for name: /ccnx.org/test/SyncTestRepo-15-03-16-09.59.21/ccnSyncTest/slice8/randomFile/=FD055063931F2F/=0027 - number is 39
三月 16, 2015 10:00:22 上午 org.ccnx.ccn.profiles.sync.SyncTestRepo doHandleContentName
信息: Number 1: Callback for name: /ccnx.org/test/SyncTestRepo-15-03-16-09.59.21/ccnSyncTest/slice8/randomFile/=FD055063931F2F/=0028 - number is 40
三月 16, 2015 10:00:22 上午 org.ccnx.ccn.profiles.sync.SyncTestRepo doHandleContentName
信息: Number 1: Callback for name: /ccnx.org/test/SyncTestRepo-15-03-16-09.59.21/ccnSyncTest/slice8/randomFile/=FD055063931F2F/=0029 - number is 41
三月 16, 2015 10:00:22 上午 org.ccnx.ccn.profiles.sync.SyncTestRepo doHandleContentName
信息: Number 1: Callback for name: /ccnx.org/test/SyncTestRepo-15-03-16-09.59.21/ccnSyncTest/slice8/randomFile/=FD055063931F2F/=002A - number is 42
三月 16, 2015 10:00:22 上午 org.ccnx.ccn.profiles.sync.SyncTestRepo doHandleContentName
信息: Number 1: Callback for name: /ccnx.org/test/SyncTestRepo-15-03-16-09.59.21/ccnSyncTest/slice8/randomFile/=FD055063931F2F/=002B - number is 43
三月 16, 2015 10:00:22 上午 org.ccnx.ccn.profiles.sync.SyncTestRepo doHandleContentName
信息: Number 1: Callback for name: /ccnx.org/test/SyncTestRepo-15-03-16-09.59.21/ccnSyncTest/slice8/randomFile/=FD055063931F2F/=002C - number is 44
三月 16, 2015 10:00:22 上午 org.ccnx.ccn.profiles.sync.SyncTestRepo doHandleContentName
信息: Number 1: Callback for name: /ccnx.org/test/SyncTestRepo-15-03-16-09.59.21/ccnSyncTest/slice8/randomFile/=FD055063931F2F/=002D - number is 45
三月 16, 2015 10:00:22 上午 org.ccnx.ccn.profiles.sync.SyncTestRepo doHandleContentName
信息: Number 1: Callback for name: /ccnx.org/test/SyncTestRepo-15-03-16-09.59.21/ccnSyncTest/slice8/randomFile/=FD055063931F2F/=002E - number is 46
三月 16, 2015 10:00:22 上午 org.ccnx.ccn.profiles.sync.SyncTestRepo doHandleContentName
信息: Number 1: Callback for name: /ccnx.org/test/SyncTestRepo-15-03-16-09.59.21/ccnSyncTest/slice8/randomFile/=FD055063931F2F/=002F - number is 47
三月 16, 2015 10:00:22 上午 org.ccnx.ccn.profiles.sync.SyncTestRepo doHandleContentName
信息: Number 1: Callback for name: /ccnx.org/test/SyncTestRepo-15-03-16-09.59.21/ccnSyncTest/slice8/randomFile/=FD055063931F2F/=0030 - number is 48
三月 16, 2015 10:00:22 上午 org.ccnx.ccn.profiles.sync.SyncTestRepo doHandleContentName
信息: Number 1: Callback for name: /ccnx.org/test/SyncTestRepo-15-03-16-09.59.21/ccnSyncTest/slice8/randomFile/=FD055063931F2F/=0031 - number is 49
三月 16, 2015 10:00:22 上午 org.ccnx.ccn.profiles.sync.SyncTestRepo doHandleContentName
信息: Number 1: Callback for name: /ccnx.org/test/SyncTestRepo-15-03-16-09.59.21/ccnSyncTest/slice8/randomFile/=FD055063931F2F/=0032 - number is 50
三月 16, 2015 10:00:22 上午 org.ccnx.ccn.profiles.sync.SyncTestRepo doHandleContentName
信息: Number 1: Callback for name: /ccnx.org/test/SyncTestRepo-15-03-16-09.59.21/ccnSyncTest/slice8/randomFile/=FD055063931F2F/=0033 - number is 51
三月 16, 2015 10:00:22 上午 org.ccnx.ccn.profiles.sync.SyncTestRepo doHandleContentName
信息: Number 1: Callback for name: /ccnx.org/test/SyncTestRepo-15-03-16-09.59.21/ccnSyncTest/slice8/randomFile/=FD055063931F2F/=0034 - number is 52
三月 16, 2015 10:00:22 上午 org.ccnx.ccn.profiles.sync.SyncTestRepo doHandleContentName
信息: Number 1: Callback for name: /ccnx.org/test/SyncTestRepo-15-03-16-09.59.21/ccnSyncTest/slice8/randomFile/=FD055063931F2F/=0035 - number is 53
三月 16, 2015 10:00:22 上午 org.ccnx.ccn.profiles.sync.SyncTestRepo doHandleContentName
信息: Number 1: Callback for name: /ccnx.org/test/SyncTestRepo-15-03-16-09.59.21/ccnSyncTest/slice8/randomFile/=FD055063931F2F/=0036 - number is 54
三月 16, 2015 10:00:22 上午 org.ccnx.ccn.profiles.sync.SyncTestRepo doHandleContentName
信息: Number 1: Callback for name: /ccnx.org/test/SyncTestRepo-15-03-16-09.59.21/ccnSyncTest/slice8/randomFile/=FD055063931F2F/=0037 - number is 55
三月 16, 2015 10:00:22 上午 org.ccnx.ccn.profiles.sync.SyncTestRepo doHandleContentName
信息: Number 1: Callback for name: /ccnx.org/test/SyncTestRepo-15-03-16-09.59.21/ccnSyncTest/slice8/randomFile/=FD055063931F2F/=0038 - number is 56
三月 16, 2015 10:00:22 上午 org.ccnx.ccn.profiles.sync.SyncTestRepo doHandleContentName
信息: Number 1: Callback for name: /ccnx.org/test/SyncTestRepo-15-03-16-09.59.21/ccnSyncTest/slice8/randomFile/=FD055063931F2F/=0039 - number is 57
三月 16, 2015 10:00:22 上午 org.ccnx.ccn.profiles.sync.SyncTestRepo doHandleContentName
信息: Number 1: Callback for name: /ccnx.org/test/SyncTestRepo-15-03-16-09.59.21/ccnSyncTest/slice8/randomFile/=FD055063931F2F/=003A - number is 58
三月 16, 2015 10:00:22 上午 org.ccnx.ccn.profiles.sync.SyncTestRepo doHandleContentName
信息: Number 1: Callback for name: /ccnx.org/test/SyncTestRepo-15-03-16-09.59.21/ccnSyncTest/slice8/randomFile/=FD055063931F2F/=003B - number is 59
三月 16, 2015 10:00:22 上午 org.ccnx.ccn.profiles.sync.SyncTestRepo doHandleContentName
信息: Number 1: Callback for name: /ccnx.org/test/SyncTestRepo-15-03-16-09.59.21/ccnSyncTest/slice8/randomFile/=FD055063931F2F/=003C - number is 60
三月 16, 2015 10:00:22 上午 org.ccnx.ccn.profiles.sync.SyncTestRepo doHandleContentName
信息: Number 1: Callback for name: /ccnx.org/test/SyncTestRepo-15-03-16-09.59.21/ccnSyncTest/slice8/randomFile/=FD055063931F2F/=003D - number is 61
三月 16, 2015 10:00:22 上午 org.ccnx.ccn.profiles.sync.SyncTestRepo doHandleContentName
信息: Number 1: Callback for name: /ccnx.org/test/SyncTestRepo-15-03-16-09.59.21/ccnSyncTest/slice8/randomFile/=FD055063931F2F/=003E - number is 62
三月 16, 2015 10:00:22 上午 org.ccnx.ccn.profiles.sync.SyncTestRepo doHandleContentName
信息: Number 1: Callback for name: /ccnx.org/test/SyncTestRepo-15-03-16-09.59.21/ccnSyncTest/slice8/randomFile/=FD055063931F2F/=003F - number is 63
三月 16, 2015 10:00:22 上午 org.ccnx.ccn.profiles.sync.SyncTestRepo doHandleContentName
信息: Number 1: Callback for name: /ccnx.org/test/SyncTestRepo-15-03-16-09.59.21/ccnSyncTest/slice8/randomFile/=FD055063931F2F/=0040 - number is 64
三月 16, 2015 10:00:22 上午 org.ccnx.ccn.profiles.sync.SyncTestRepo doHandleContentName
信息: Number 1: Callback for name: /ccnx.org/test/SyncTestRepo-15-03-16-09.59.21/ccnSyncTest/slice8/randomFile/=FD055063931F2F/=0041 - number is 65
三月 16, 2015 10:00:22 上午 org.ccnx.ccn.profiles.sync.SyncTestRepo doHandleContentName
信息: Number 1: Callback for name: /ccnx.org/test/SyncTestRepo-15-03-16-09.59.21/ccnSyncTest/slice8/randomFile/=FD055063931F2F/=0042 - number is 66
三月 16, 2015 10:00:22 上午 org.ccnx.ccn.profiles.sync.SyncTestRepo doHandleContentName
信息: Number 1: Callback for name: /ccnx.org/test/SyncTestRepo-15-03-16-09.59.21/ccnSyncTest/slice8/randomFile/=FD055063931F2F/=0043 - number is 67
三月 16, 2015 10:00:22 上午 org.ccnx.ccn.profiles.sync.SyncTestRepo doHandleContentName
信息: Number 1: Callback for name: /ccnx.org/test/SyncTestRepo-15-03-16-09.59.21/ccnSyncTest/slice8/randomFile/=FD055063931F2F/=0044 - number is 68
三月 16, 2015 10:00:22 上午 org.ccnx.ccn.profiles.sync.SyncTestRepo doHandleContentName
信息: Number 1: Callback for name: /ccnx.org/test/SyncTestRepo-15-03-16-09.59.21/ccnSyncTest/slice8/randomFile/=FD055063931F2F/=0045 - number is 69
三月 16, 2015 10:00:22 上午 org.ccnx.ccn.profiles.sync.SyncTestRepo doHandleContentName
信息: Number 1: Callback for name: /ccnx.org/test/SyncTestRepo-15-03-16-09.59.21/ccnSyncTest/slice8/randomFile/=FD055063931F2F/=0046 - number is 70
三月 16, 2015 10:00:22 上午 org.ccnx.ccn.profiles.sync.SyncTestRepo doHandleContentName
信息: Number 1: Callback for name: /ccnx.org/test/SyncTestRepo-15-03-16-09.59.21/ccnSyncTest/slice8/randomFile/=FD055063931F2F/=0047 - number is 71
三月 16, 2015 10:00:22 上午 org.ccnx.ccn.profiles.sync.SyncTestRepo doHandleContentName
信息: Number 1: Callback for name: /ccnx.org/test/SyncTestRepo-15-03-16-09.59.21/ccnSyncTest/slice8/randomFile/=FD055063931F2F/=0048 - number is 72
三月 16, 2015 10:00:22 上午 org.ccnx.ccn.profiles.sync.SyncTestRepo doHandleContentName
信息: Number 1: Callback for name: /ccnx.org/test/SyncTestRepo-15-03-16-09.59.21/ccnSyncTest/slice8/randomFile/=FD055063931F2F/=0049 - number is 73
三月 16, 2015 10:00:22 上午 org.ccnx.ccn.profiles.sync.SyncTestRepo doHandleContentName
信息: Number 1: Callback for name: /ccnx.org/test/SyncTestRepo-15-03-16-09.59.21/ccnSyncTest/slice8/randomFile/=FD055063931F2F/=004A - number is 74
三月 16, 2015 10:00:22 上午 org.ccnx.ccn.profiles.sync.SyncTestRepo doHandleContentName
信息: Number 1: Callback for name: /ccnx.org/test/SyncTestRepo-15-03-16-09.59.21/ccnSyncTest/slice8/randomFile/=FD055063931F2F/=004B - number is 75
三月 16, 2015 10:00:22 上午 org.ccnx.ccn.profiles.sync.SyncTestRepo doHandleContentName
信息: Number 1: Callback for name: /ccnx.org/test/SyncTestRepo-15-03-16-09.59.21/ccnSyncTest/slice8/randomFile/=FD055063931F2F/=004C - number is 76
三月 16, 2015 10:00:22 上午 org.ccnx.ccn.profiles.sync.SyncTestRepo doHandleContentName
信息: Number 1: Callback for name: /ccnx.org/test/SyncTestRepo-15-03-16-09.59.21/ccnSyncTest/slice8/randomFile/=FD055063931F2F/=004D - number is 77
三月 16, 2015 10:00:22 上午 org.ccnx.ccn.profiles.sync.SyncTestRepo doHandleContentName
信息: Number 1: Callback for name: /ccnx.org/test/SyncTestRepo-15-03-16-09.59.21/ccnSyncTest/slice8/randomFile/=FD055063931F2F/=004E - number is 78
三月 16, 2015 10:00:22 上午 org.ccnx.ccn.profiles.sync.SyncTestRepo doHandleContentName
信息: Number 1: Callback for name: /ccnx.org/test/SyncTestRepo-15-03-16-09.59.21/ccnSyncTest/slice8/randomFile/=FD055063931F2F/=004F - number is 79
三月 16, 2015 10:00:22 上午 org.ccnx.ccn.profiles.sync.SyncTestRepo doHandleContentName
信息: Number 1: Callback for name: /ccnx.org/test/SyncTestRepo-15-03-16-09.59.21/ccnSyncTest/slice8/randomFile/=FD055063931F2F/=0050 - number is 80
三月 16, 2015 10:00:22 上午 org.ccnx.ccn.profiles.sync.SyncTestRepo doHandleContentName
信息: Number 1: Callback for name: /ccnx.org/test/SyncTestRepo-15-03-16-09.59.21/ccnSyncTest/slice8/randomFile/=FD055063931F2F/=0051 - number is 81
三月 16, 2015 10:00:22 上午 org.ccnx.ccn.profiles.sync.SyncTestRepo doHandleContentName
信息: Number 1: Callback for name: /ccnx.org/test/SyncTestRepo-15-03-16-09.59.21/ccnSyncTest/slice8/randomFile/=FD055063931F2F/=0052 - number is 82
三月 16, 2015 10:00:22 上午 org.ccnx.ccn.profiles.sync.SyncTestRepo doHandleContentName
信息: Number 1: Callback for name: /ccnx.org/test/SyncTestRepo-15-03-16-09.59.21/ccnSyncTest/slice8/randomFile/=FD055063931F2F/=0053 - number is 83
三月 16, 2015 10:00:22 上午 org.ccnx.ccn.profiles.sync.SyncTestRepo doHandleContentName
信息: Number 1: Callback for name: /ccnx.org/test/SyncTestRepo-15-03-16-09.59.21/ccnSyncTest/slice8/randomFile/=FD055063931F2F/=0054 - number is 84
三月 16, 2015 10:00:22 上午 org.ccnx.ccn.profiles.sync.SyncTestRepo doHandleContentName
信息: Number 1: Callback for name: /ccnx.org/test/SyncTestRepo-15-03-16-09.59.21/ccnSyncTest/slice8/randomFile/=FD055063931F2F/=0055 - number is 85
三月 16, 2015 10:00:22 上午 org.ccnx.ccn.profiles.sync.SyncTestRepo doHandleContentName
信息: Number 1: Callback for name: /ccnx.org/test/SyncTestRepo-15-03-16-09.59.21/ccnSyncTest/slice8/randomFile/=FD055063931F2F/=0056 - number is 86
三月 16, 2015 10:00:22 上午 org.ccnx.ccn.profiles.sync.SyncTestRepo doHandleContentName
信息: Number 1: Callback for name: /ccnx.org/test/SyncTestRepo-15-03-16-09.59.21/ccnSyncTest/slice8/randomFile/=FD055063931F2F/=0057 - number is 87
三月 16, 2015 10:00:22 上午 org.ccnx.ccn.profiles.sync.SyncTestRepo doHandleContentName
信息: Number 1: Callback for name: /ccnx.org/test/SyncTestRepo-15-03-16-09.59.21/ccnSyncTest/slice8/randomFile/=FD055063931F2F/=0058 - number is 88
三月 16, 2015 10:00:22 上午 org.ccnx.ccn.profiles.sync.SyncTestRepo doHandleContentName
信息: Number 1: Callback for name: /ccnx.org/test/SyncTestRepo-15-03-16-09.59.21/ccnSyncTest/slice8/randomFile/=FD055063931F2F/=0059 - number is 89
三月 16, 2015 10:00:22 上午 org.ccnx.ccn.profiles.sync.SyncTestRepo doHandleContentName
信息: Number 1: Callback for name: /ccnx.org/test/SyncTestRepo-15-03-16-09.59.21/ccnSyncTest/slice8/randomFile/=FD055063931F2F/=005A - number is 90
三月 16, 2015 10:00:22 上午 org.ccnx.ccn.profiles.sync.SyncTestRepo doHandleContentName
信息: Number 1: Callback for name: /ccnx.org/test/SyncTestRepo-15-03-16-09.59.21/ccnSyncTest/slice8/randomFile/=FD055063931F2F/=005B - number is 91
三月 16, 2015 10:00:22 上午 org.ccnx.ccn.profiles.sync.SyncTestRepo doHandleContentName
信息: Number 1: Callback for name: /ccnx.org/test/SyncTestRepo-15-03-16-09.59.21/ccnSyncTest/slice8/randomFile/=FD055063931F2F/=005C - number is 92
三月 16, 2015 10:00:22 上午 org.ccnx.ccn.profiles.sync.SyncTestRepo doHandleContentName
信息: Number 1: Callback for name: /ccnx.org/test/SyncTestRepo-15-03-16-09.59.21/ccnSyncTest/slice8/randomFile/=FD055063931F2F/=005D - number is 93
三月 16, 2015 10:00:22 上午 org.ccnx.ccn.profiles.sync.SyncTestRepo doHandleContentName
信息: Number 1: Callback for name: /ccnx.org/test/SyncTestRepo-15-03-16-09.59.21/ccnSyncTest/slice8/randomFile/=FD055063931F2F/=005E - number is 94
三月 16, 2015 10:00:22 上午 org.ccnx.ccn.profiles.sync.SyncTestRepo doHandleContentName
信息: Number 1: Callback for name: /ccnx.org/test/SyncTestRepo-15-03-16-09.59.21/ccnSyncTest/slice8/randomFile/=FD055063931F2F/=005F - number is 95
三月 16, 2015 10:00:22 上午 org.ccnx.ccn.profiles.sync.SyncTestRepo doHandleContentName
信息: Number 1: Callback for name: /ccnx.org/test/SyncTestRepo-15-03-16-09.59.21/ccnSyncTest/slice8/randomFile/=FD055063931F2F/=0060 - number is 96
三月 16, 2015 10:00:22 上午 org.ccnx.ccn.profiles.sync.SyncTestRepo doHandleContentName
信息: Number 1: Callback for name: /ccnx.org/test/SyncTestRepo-15-03-16-09.59.21/ccnSyncTest/slice8/randomFile/=FD055063931F2F/=0061 - number is 97
三月 16, 2015 10:00:22 上午 org.ccnx.ccn.profiles.sync.SyncTestRepo doHandleContentName
信息: Number 1: Callback for name: /ccnx.org/test/SyncTestRepo-15-03-16-09.59.21/ccnSyncTest/slice8/randomFile/=FD055063931F2F/=0062 - number is 98
三月 16, 2015 10:00:22 上午 org.ccnx.ccn.profiles.sync.SyncTestRepo doHandleContentName
信息: Number 1: Callback for name: /ccnx.org/test/SyncTestRepo-15-03-16-09.59.21/ccnSyncTest/slice8/randomFile/=FD055063931F2F/=0063 - number is 99
三月 16, 2015 10:00:22 上午 org.ccnx.ccn.profiles.sync.SyncTestRepo doHandleContentName
信息: Number 1: Callback for name: /ccnx.org/test/SyncTestRepo-15-03-16-09.59.21/ccnSyncTest/slice8/randomFile/=FD055063931F2F/%C1.META.M/.header/=FD05506393201D/=00 - number is header
三月 16, 2015 10:00:23 上午 org.ccnx.ccn.impl.sync.ProtocolBasedSyncMonitor shutdown
信息: Shutting down sync on slice: /ccnx.org/test/SyncTestRepo-15-03-16-09.59.21/ccnSyncTest/slice8
三月 16, 2015 10:00:23 上午 org.ccnx.ccn.profiles.sync.SyncTestRepo testSyncStartName
信息: Finished running testSyncStartName
三月 16, 2015 10:00:23 上午 org.ccnx.ccn.profiles.sync.SyncTestRepo testMultiSync
信息: Starting testMultiSync
三月 16, 2015 10:00:23 上午 org.ccnx.ccn.impl.CCNFlowControl <init>
信息: adding namespace: /ccnx.org/test/SyncTestRepo-15-03-16-09.59.21/ccnSyncTest/slice9/randomFile
三月 16, 2015 10:00:23 上午 org.ccnx.ccn.impl.security.keys.BasicKeyManager getKeyLocator
信息: getKeyLocator: returning locator NAME: /ccnx.org/Users/cb/Keys/%C1.M.K%00K=B082A16E5382FBAAA09FBE303E24E042E37E88C290E054292521DECA236523/=FD055059931000 KEY:itggagmsks2vela17tu60v29o22sdv8hgkgs1a2i991rr526p93 for key S7CCoW5TgvuqoJ++MD4k4ELjfojCkOBUKSUh3sojZSM=
三月 16, 2015 10:00:23 上午 org.ccnx.ccn.io.CCNAbstractOutputStream <init>
信息: CCNAbstractOutputStream: /ccnx.org/test/SyncTestRepo-15-03-16-09.59.21/ccnSyncTest/slice9/randomFile/=FD055063937073 blocksize is 4096
三月 16, 2015 10:00:23 上午 org.ccnx.ccn.io.CCNAbstractOutputStream startWrite
信息: CCNAbstractOutputStream: startWrite -- searching for keys.
三月 16, 2015 10:00:23 上午 org.ccnx.ccn.profiles.security.access.AccessControlManager keysForOutput
信息: keysForOutput: found an acm: (null)
三月 16, 2015 10:00:23 上午 org.ccnx.ccn.impl.repo.RepositoryFlowControl startWrite
信息: RepositoryFlowControl.startWrite called for name /ccnx.org/test/SyncTestRepo-15-03-16-09.59.21/ccnSyncTest/slice9/randomFile/=FD055063937073, shape STREAM
三月 16, 2015 10:00:23 上午 org.ccnx.ccn.impl.repo.RepositoryFlowControl handleContent
信息: handleContent: got potential repo message: /ccnx.org/test/SyncTestRepo-15-03-16-09.59.21/ccnSyncTest/slice9/randomFile/=FD055063937073/%C1.R.sw/%C1.N=00882C4646C85AC3D9
三月 16, 2015 10:00:23 上午 org.ccnx.ccn.io.CCNOutputStream flushToNetwork
信息: flush: outputting to the segmenter, baseName /ccnx.org/test/SyncTestRepo-15-03-16-09.59.21/ccnSyncTest/slice9/randomFile/=FD055063937073 basenameindex =0027; 4096 bytes written, holding back 4096 flushing final blocks? false.
三月 16, 2015 10:00:23 上午 org.ccnx.ccn.impl.CCNSegmenter outputCurrentBlocks
信息: flush: putting merkle tree to the network, name starts with /ccnx.org/test/SyncTestRepo-15-03-16-09.59.21/ccnSyncTest/slice9/randomFile/=FD055063937073/=00; 39 blocks
三月 16, 2015 10:00:23 上午 org.ccnx.ccn.impl.security.crypto.CCNMerkleTreeSigner signBlocks
信息: Signed tree of 39 leaves, 77 nodes.
三月 16, 2015 10:00:23 上午 org.ccnx.ccn.io.CCNOutputStream flushToNetwork
信息: HEADER: CCNOutputStream: flushToNetwork: new _baseNameIndex 39
三月 16, 2015 10:00:23 上午 org.ccnx.ccn.io.CCNOutputStream flushToNetwork
信息: flush: outputting to the segmenter, baseName /ccnx.org/test/SyncTestRepo-15-03-16-09.59.21/ccnSyncTest/slice9/randomFile/=FD055063937073 basenameindex =0027; 4096 bytes written, holding back 4096 flushing final blocks? false.
三月 16, 2015 10:00:23 上午 org.ccnx.ccn.io.CCNOutputStream flushToNetwork
信息: HEADER: CCNOutputStream: flushToNetwork: new _baseNameIndex 39
三月 16, 2015 10:00:23 上午 org.ccnx.ccn.io.CCNOutputStream flushToNetwork
信息: flush: outputting to the segmenter, baseName /ccnx.org/test/SyncTestRepo-15-03-16-09.59.21/ccnSyncTest/slice9/randomFile/=FD055063937073 basenameindex =0027; 4096 bytes written, holding back 0 flushing final blocks? true.
三月 16, 2015 10:00:23 上午 org.ccnx.ccn.io.CCNOutputStream flushToNetwork
信息: HEADER: CCNOutputStream: flushToNetwork: new _baseNameIndex 40
三月 16, 2015 10:00:23 上午 org.ccnx.ccn.io.CCNAbstractOutputStream <init>
信息: CCNAbstractOutputStream: /ccnx.org/test/SyncTestRepo-15-03-16-09.59.21/ccnSyncTest/slice9/randomFile/=FD055063937073/%C1.META.M/.header/=FD0550639370D9 blocksize is 4096
三月 16, 2015 10:00:23 上午 org.ccnx.ccn.io.CCNAbstractOutputStream startWrite
信息: CCNAbstractOutputStream: startWrite -- searching for keys.
三月 16, 2015 10:00:23 上午 org.ccnx.ccn.profiles.security.access.AccessControlManager keysForOutput
信息: keysForOutput: found an acm: (null)
三月 16, 2015 10:00:23 上午 org.ccnx.ccn.impl.repo.RepositoryFlowControl startWrite
信息: RepositoryFlowControl.startWrite called for name /ccnx.org/test/SyncTestRepo-15-03-16-09.59.21/ccnSyncTest/slice9/randomFile/=FD055063937073/%C1.META.M/.header/=FD0550639370D9, shape STREAM
三月 16, 2015 10:00:23 上午 org.ccnx.ccn.impl.repo.RepositoryFlowControl handleContent
信息: handleContent: got potential repo message: /ccnx.org/test/SyncTestRepo-15-03-16-09.59.21/ccnSyncTest/slice9/randomFile/=FD055063937073/%C1.META.M/.header/=FD0550639370D9/%C1.R.sw/%C1.N=00D661E5D6B5580203
三月 16, 2015 10:00:23 上午 org.ccnx.ccn.io.CCNOutputStream flushToNetwork
信息: flush: outputting to the segmenter, baseName /ccnx.org/test/SyncTestRepo-15-03-16-09.59.21/ccnSyncTest/slice9/randomFile/=FD055063937073/%C1.META.M/.header/=FD0550639370D9 basenameindex =00; 69 bytes written, holding back 69 flushing final blocks? false.
三月 16, 2015 10:00:23 上午 org.ccnx.ccn.io.CCNOutputStream flushToNetwork
信息: HEADER: CCNOutputStream: flushToNetwork: new _baseNameIndex 0
三月 16, 2015 10:00:23 上午 org.ccnx.ccn.io.CCNOutputStream flushToNetwork
信息: flush: outputting to the segmenter, baseName /ccnx.org/test/SyncTestRepo-15-03-16-09.59.21/ccnSyncTest/slice9/randomFile/=FD055063937073/%C1.META.M/.header/=FD0550639370D9 basenameindex =00; 69 bytes written, holding back 69 flushing final blocks? false.
三月 16, 2015 10:00:23 上午 org.ccnx.ccn.io.CCNOutputStream flushToNetwork
信息: HEADER: CCNOutputStream: flushToNetwork: new _baseNameIndex 0
三月 16, 2015 10:00:23 上午 org.ccnx.ccn.io.CCNOutputStream flushToNetwork
信息: flush: outputting to the segmenter, baseName /ccnx.org/test/SyncTestRepo-15-03-16-09.59.21/ccnSyncTest/slice9/randomFile/=FD055063937073/%C1.META.M/.header/=FD0550639370D9 basenameindex =00; 69 bytes written, holding back 0 flushing final blocks? true.
三月 16, 2015 10:00:23 上午 org.ccnx.ccn.io.CCNOutputStream flushToNetwork
信息: HEADER: CCNOutputStream: flushToNetwork: new _baseNameIndex 1
三月 16, 2015 10:00:23 上午 org.ccnx.ccn.io.CCNOutputStream close
信息: CCNOutputStream close: /ccnx.org/test/SyncTestRepo-15-03-16-09.59.21/ccnSyncTest/slice9/randomFile/=FD055063937073/%C1.META.M/.header/=FD0550639370D9
三月 16, 2015 10:00:23 上午 org.ccnx.ccn.io.CCNOutputStream close
信息: CCNOutputStream close: /ccnx.org/test/SyncTestRepo-15-03-16-09.59.21/ccnSyncTest/slice9/randomFile/=FD055063937073
三月 16, 2015 10:00:23 上午 org.ccnx.ccn.profiles.sync.SyncTestCommon writeFile
信息: Wrote file to repository: /ccnx.org/test/SyncTestRepo-15-03-16-09.59.21/ccnSyncTest/slice9/randomFile/=FD055063937073 with 41 segments
三月 16, 2015 10:00:23 上午 org.ccnx.ccn.io.content.CCNNetworkObject createFlowController
信息: Created LOCALREPOSITORY flow controller, for prefix /%C1.M.S.localhost/%C1.S.cs/=05E3FB4FAF0510BBF5BF29496DDF80A4A0DA958121B8E27B4AEF3E3F32665B8C, save type LOCALREPOSITORY
三月 16, 2015 10:00:23 上午 org.ccnx.ccn.profiles.VersioningProfile getLatestVersion
信息: getFirstBlockOfLatestVersion: no block available for later version of /%C1.M.S.localhost/%C1.S.cs/=05E3FB4FAF0510BBF5BF29496DDF80A4A0DA958121B8E27B4AEF3E3F32665B8C
三月 16, 2015 10:00:23 上午 org.ccnx.ccn.impl.CCNFlowControl addNameSpace
信息: Flow controller addNameSpace: added namespace: /%C1.M.S.localhost/%C1.S.cs/=05E3FB4FAF0510BBF5BF29496DDF80A4A0DA958121B8E27B4AEF3E3F32665B8C
三月 16, 2015 10:00:23 上午 org.ccnx.ccn.impl.security.keys.BasicKeyManager getKeyLocator
信息: getKeyLocator: returning locator NAME: /ccnx.org/Users/cb/Keys/%C1.M.K%00K=B082A16E5382FBAAA09FBE303E24E042E37E88C290E054292521DECA236523/=FD055059931000 KEY:itggagmsks2vela17tu60v29o22sdv8hgkgs1a2i991rr526p93 for key S7CCoW5TgvuqoJ++MD4k4ELjfojCkOBUKSUh3sojZSM=
三月 16, 2015 10:00:23 上午 org.ccnx.ccn.io.CCNAbstractOutputStream <init>
信息: CCNAbstractOutputStream: /%C1.M.S.localhost/%C1.S.cs/=05E3FB4FAF0510BBF5BF29496DDF80A4A0DA958121B8E27B4AEF3E3F32665B8C/=FD05506393760C blocksize is 4096
三月 16, 2015 10:00:23 上午 org.ccnx.ccn.io.CCNAbstractOutputStream startWrite
信息: CCNAbstractOutputStream: startWrite -- searching for keys.
三月 16, 2015 10:00:23 上午 org.ccnx.ccn.profiles.security.access.AccessControlManager keysForOutput
信息: keysForOutput: found an acm: (null)
三月 16, 2015 10:00:23 上午 org.ccnx.ccn.impl.repo.RepositoryFlowControl startWrite
信息: RepositoryFlowControl.startWrite called for name /%C1.M.S.localhost/%C1.S.cs/=05E3FB4FAF0510BBF5BF29496DDF80A4A0DA958121B8E27B4AEF3E3F32665B8C/=FD05506393760C, shape STREAM
三月 16, 2015 10:00:23 上午 org.ccnx.ccn.impl.repo.RepositoryFlowControl handleContent
信息: handleContent: got potential repo message: /%C1.M.S.localhost/%C1.S.cs/=05E3FB4FAF0510BBF5BF29496DDF80A4A0DA958121B8E27B4AEF3E3F32665B8C/=FD05506393760C/%C1.R.sw/%C1.N=007B8BB569DEB46106
三月 16, 2015 10:00:23 上午 org.ccnx.ccn.io.CCNOutputStream flushToNetwork
信息: flush: outputting to the segmenter, baseName /%C1.M.S.localhost/%C1.S.cs/=05E3FB4FAF0510BBF5BF29496DDF80A4A0DA958121B8E27B4AEF3E3F32665B8C/=FD05506393760C basenameindex =00; 162 bytes written, holding back 162 flushing final blocks? false.
三月 16, 2015 10:00:23 上午 org.ccnx.ccn.io.CCNOutputStream flushToNetwork
信息: HEADER: CCNOutputStream: flushToNetwork: new _baseNameIndex 0
三月 16, 2015 10:00:23 上午 org.ccnx.ccn.io.CCNOutputStream flushToNetwork
信息: flush: outputting to the segmenter, baseName /%C1.M.S.localhost/%C1.S.cs/=05E3FB4FAF0510BBF5BF29496DDF80A4A0DA958121B8E27B4AEF3E3F32665B8C/=FD05506393760C basenameindex =00; 162 bytes written, holding back 0 flushing final blocks? true.
三月 16, 2015 10:00:23 上午 org.ccnx.ccn.io.CCNOutputStream flushToNetwork
信息: HEADER: CCNOutputStream: flushToNetwork: new _baseNameIndex 1
三月 16, 2015 10:00:23 上午 org.ccnx.ccn.io.CCNOutputStream close
信息: CCNOutputStream close: /%C1.M.S.localhost/%C1.S.cs/=05E3FB4FAF0510BBF5BF29496DDF80A4A0DA958121B8E27B4AEF3E3F32665B8C/=FD05506393760C
三月 16, 2015 10:00:23 上午 org.ccnx.ccn.impl.sync.SliceComparator <init>
信息: Beginning sync monitoring from start
三月 16, 2015 10:00:23 上午 org.ccnx.ccn.CCNSync startSync
信息: Started sync with topo: /ccnx.org/test/SyncTestRepo-15-03-16-09.59.21/topoPrefix and prefix: /ccnx.org/test/SyncTestRepo-15-03-16-09.59.21/ccnSyncTest/slice9
三月 16, 2015 10:00:23 上午 org.ccnx.ccn.io.content.CCNNetworkObject createFlowController
信息: Created LOCALREPOSITORY flow controller, for prefix /%C1.M.S.localhost/%C1.S.cs/=05E3FB4FAF0510BBF5BF29496DDF80A4A0DA958121B8E27B4AEF3E3F32665B8C, save type LOCALREPOSITORY
三月 16, 2015 10:00:23 上午 org.ccnx.ccn.profiles.VersioningProfile getLatestVersion
信息: gLV getLatestVersion: retrieved latest version object /%C1.M.S.localhost/%C1.S.cs/=05E3FB4FAF0510BBF5BF29496DDF80A4A0DA958121B8E27B4AEF3E3F32665B8C/=FD05506393760C/=00 type: DATA
三月 16, 2015 10:00:23 上午 org.ccnx.ccn.profiles.VersioningProfile getLatestVersion
信息: getFirstBlockOfLatestVersion: no block available for later version of /%C1.M.S.localhost/%C1.S.cs/=05E3FB4FAF0510BBF5BF29496DDF80A4A0DA958121B8E27B4AEF3E3F32665B8C/=FD05506393760C
三月 16, 2015 10:00:23 上午 org.ccnx.ccn.io.CCNAbstractInputStream <init>
信息: CCNAbstractInputStream: /%C1.M.S.localhost/%C1.S.cs/=05E3FB4FAF0510BBF5BF29496DDF80A4A0DA958121B8E27B4AEF3E3F32665B8C/=FD05506393760C segment 0
三月 16, 2015 10:00:23 上午 org.ccnx.ccn.impl.sync.SliceComparator <init>
信息: Beginning sync monitoring from start
三月 16, 2015 10:00:23 上午 org.ccnx.ccn.CCNSync startSync
信息: Started sync with topo: /ccnx.org/test/SyncTestRepo-15-03-16-09.59.21/topoPrefix and prefix: /ccnx.org/test/SyncTestRepo-15-03-16-09.59.21/ccnSyncTest/slice9
三月 16, 2015 10:00:23 上午 org.ccnx.ccn.io.content.CCNNetworkObject createFlowController
信息: Created LOCALREPOSITORY flow controller, for prefix /%C1.M.S.localhost/%C1.S.cs/=05E3FB4FAF0510BBF5BF29496DDF80A4A0DA958121B8E27B4AEF3E3F32665B8C, save type LOCALREPOSITORY
三月 16, 2015 10:00:23 上午 org.ccnx.ccn.profiles.VersioningProfile getLatestVersion
信息: gLV getLatestVersion: retrieved latest version object /%C1.M.S.localhost/%C1.S.cs/=05E3FB4FAF0510BBF5BF29496DDF80A4A0DA958121B8E27B4AEF3E3F32665B8C/=FD05506393760C/=00 type: DATA
三月 16, 2015 10:00:24 上午 org.ccnx.ccn.profiles.VersioningProfile getLatestVersion
信息: getFirstBlockOfLatestVersion: no block available for later version of /%C1.M.S.localhost/%C1.S.cs/=05E3FB4FAF0510BBF5BF29496DDF80A4A0DA958121B8E27B4AEF3E3F32665B8C/=FD05506393760C
三月 16, 2015 10:00:24 上午 org.ccnx.ccn.io.CCNAbstractInputStream <init>
信息: CCNAbstractInputStream: /%C1.M.S.localhost/%C1.S.cs/=05E3FB4FAF0510BBF5BF29496DDF80A4A0DA958121B8E27B4AEF3E3F32665B8C/=FD05506393760C segment 0
三月 16, 2015 10:00:24 上午 org.ccnx.ccn.impl.sync.SliceComparator <init>
信息: Beginning sync monitoring from start
三月 16, 2015 10:00:24 上午 org.ccnx.ccn.CCNSync startSync
信息: Started sync with topo: /ccnx.org/test/SyncTestRepo-15-03-16-09.59.21/topoPrefix and prefix: /ccnx.org/test/SyncTestRepo-15-03-16-09.59.21/ccnSyncTest/slice9
三月 16, 2015 10:00:27 上午 org.ccnx.ccn.impl.sync.ProtocolBasedSyncMonitor handleContent
信息: Saw new content from sync: /ccnx.org/test/SyncTestRepo-15-03-16-09.59.21/topoPrefix/%C1.S.ra/=05E3FB4FAF0510BBF5BF29496DDF80A4A0DA958121B8E27B4AEF3E3F32665B8C/.../=129A2579D0210097FA0D8A6BCCF5980C6A14B9BCFF60C6E64C128E63204F0F7675
三月 16, 2015 10:00:27 上午 org.ccnx.ccn.impl.sync.ProtocolBasedSyncMonitor handleContent
信息: Saw new content from sync: /ccnx.org/test/SyncTestRepo-15-03-16-09.59.21/topoPrefix/%C1.S.ra/=05E3FB4FAF0510BBF5BF29496DDF80A4A0DA958121B8E27B4AEF3E3F32665B8C/.../=129A2579D0210097FA0D8A6BCCF5980C6A14B9BCFF60C6E64C128E63204F0F7675
三月 16, 2015 10:00:27 上午 org.ccnx.ccn.impl.sync.ProtocolBasedSyncMonitor handleContent
信息: Saw new content from sync: /ccnx.org/test/SyncTestRepo-15-03-16-09.59.21/topoPrefix/%C1.S.ra/=05E3FB4FAF0510BBF5BF29496DDF80A4A0DA958121B8E27B4AEF3E3F32665B8C/.../=129A2579D0210097FA0D8A6BCCF5980C6A14B9BCFF60C6E64C128E63204F0F7675
三月 16, 2015 10:00:27 上午 org.ccnx.ccn.impl.sync.SliceComparator run
信息: Starting new round with X = null and Y = =129A2579D0210097FA0D8A6BCCF5980C6A14B9BCFF60C6E64C128E63204F0F7675
三月 16, 2015 10:00:27 上午 org.ccnx.ccn.impl.sync.SliceComparator run
信息: Starting new round with X = null and Y = =129A2579D0210097FA0D8A6BCCF5980C6A14B9BCFF60C6E64C128E63204F0F7675
三月 16, 2015 10:00:27 上午 org.ccnx.ccn.impl.sync.SliceComparator run
信息: Starting new round with X = null and Y = =129A2579D0210097FA0D8A6BCCF5980C6A14B9BCFF60C6E64C128E63204F0F7675
三月 16, 2015 10:00:27 上午 org.ccnx.ccn.profiles.sync.SyncTestRepo doHandleContentName
信息: Number 3: Callback for name: /ccnx.org/test/SyncTestRepo-15-03-16-09.59.21/ccnSyncTest/slice9/randomFile/=FD055063937073/=00 - number is 0
三月 16, 2015 10:00:27 上午 org.ccnx.ccn.profiles.sync.SyncTestRepo doHandleContentName
信息: Number 1: Callback for name: /ccnx.org/test/SyncTestRepo-15-03-16-09.59.21/ccnSyncTest/slice9/randomFile/=FD055063937073/=00 - number is 0
三月 16, 2015 10:00:27 上午 org.ccnx.ccn.profiles.sync.SyncTestRepo doHandleContentName
信息: Number 2: Callback for name: /ccnx.org/test/SyncTestRepo-15-03-16-09.59.21/ccnSyncTest/slice9/randomFile/=FD055063937073/=00 - number is 0
三月 16, 2015 10:00:27 上午 org.ccnx.ccn.profiles.sync.SyncTestRepo doHandleContentName
信息: Number 3: Callback for name: /ccnx.org/test/SyncTestRepo-15-03-16-09.59.21/ccnSyncTest/slice9/randomFile/=FD055063937073/=0001 - number is 1
三月 16, 2015 10:00:27 上午 org.ccnx.ccn.profiles.sync.SyncTestRepo doHandleContentName
信息: Number 2: Callback for name: /ccnx.org/test/SyncTestRepo-15-03-16-09.59.21/ccnSyncTest/slice9/randomFile/=FD055063937073/=0001 - number is 1
三月 16, 2015 10:00:27 上午 org.ccnx.ccn.profiles.sync.SyncTestRepo doHandleContentName
信息: Number 1: Callback for name: /ccnx.org/test/SyncTestRepo-15-03-16-09.59.21/ccnSyncTest/slice9/randomFile/=FD055063937073/=0001 - number is 1
三月 16, 2015 10:00:27 上午 org.ccnx.ccn.profiles.sync.SyncTestRepo doHandleContentName
信息: Number 2: Callback for name: /ccnx.org/test/SyncTestRepo-15-03-16-09.59.21/ccnSyncTest/slice9/randomFile/=FD055063937073/=0002 - number is 2
三月 16, 2015 10:00:27 上午 org.ccnx.ccn.profiles.sync.SyncTestRepo doHandleContentName
信息: Number 1: Callback for name: /ccnx.org/test/SyncTestRepo-15-03-16-09.59.21/ccnSyncTest/slice9/randomFile/=FD055063937073/=0002 - number is 2
三月 16, 2015 10:00:27 上午 org.ccnx.ccn.profiles.sync.SyncTestRepo doHandleContentName
信息: Number 2: Callback for name: /ccnx.org/test/SyncTestRepo-15-03-16-09.59.21/ccnSyncTest/slice9/randomFile/=FD055063937073/=0003 - number is 3
三月 16, 2015 10:00:27 上午 org.ccnx.ccn.profiles.sync.SyncTestRepo doHandleContentName
信息: Number 3: Callback for name: /ccnx.org/test/SyncTestRepo-15-03-16-09.59.21/ccnSyncTest/slice9/randomFile/=FD055063937073/=0002 - number is 2
三月 16, 2015 10:00:27 上午 org.ccnx.ccn.profiles.sync.SyncTestRepo doHandleContentName
信息: Number 1: Callback for name: /ccnx.org/test/SyncTestRepo-15-03-16-09.59.21/ccnSyncTest/slice9/randomFile/=FD055063937073/=0003 - number is 3
三月 16, 2015 10:00:27 上午 org.ccnx.ccn.profiles.sync.SyncTestRepo doHandleContentName
信息: Number 2: Callback for name: /ccnx.org/test/SyncTestRepo-15-03-16-09.59.21/ccnSyncTest/slice9/randomFile/=FD055063937073/=0004 - number is 4
三月 16, 2015 10:00:27 上午 org.ccnx.ccn.profiles.sync.SyncTestRepo doHandleContentName
信息: Number 3: Callback for name: /ccnx.org/test/SyncTestRepo-15-03-16-09.59.21/ccnSyncTest/slice9/randomFile/=FD055063937073/=0003 - number is 3
三月 16, 2015 10:00:27 上午 org.ccnx.ccn.profiles.sync.SyncTestRepo doHandleContentName
信息: Number 1: Callback for name: /ccnx.org/test/SyncTestRepo-15-03-16-09.59.21/ccnSyncTest/slice9/randomFile/=FD055063937073/=0004 - number is 4
三月 16, 2015 10:00:27 上午 org.ccnx.ccn.profiles.sync.SyncTestRepo doHandleContentName
信息: Number 2: Callback for name: /ccnx.org/test/SyncTestRepo-15-03-16-09.59.21/ccnSyncTest/slice9/randomFile/=FD055063937073/=0005 - number is 5
三月 16, 2015 10:00:27 上午 org.ccnx.ccn.profiles.sync.SyncTestRepo doHandleContentName
信息: Number 3: Callback for name: /ccnx.org/test/SyncTestRepo-15-03-16-09.59.21/ccnSyncTest/slice9/randomFile/=FD055063937073/=0004 - number is 4
三月 16, 2015 10:00:27 上午 org.ccnx.ccn.profiles.sync.SyncTestRepo doHandleContentName
信息: Number 1: Callback for name: /ccnx.org/test/SyncTestRepo-15-03-16-09.59.21/ccnSyncTest/slice9/randomFile/=FD055063937073/=0005 - number is 5
三月 16, 2015 10:00:27 上午 org.ccnx.ccn.profiles.sync.SyncTestRepo doHandleContentName
信息: Number 2: Callback for name: /ccnx.org/test/SyncTestRepo-15-03-16-09.59.21/ccnSyncTest/slice9/randomFile/=FD055063937073/=0006 - number is 6
三月 16, 2015 10:00:27 上午 org.ccnx.ccn.profiles.sync.SyncTestRepo doHandleContentName
信息: Number 3: Callback for name: /ccnx.org/test/SyncTestRepo-15-03-16-09.59.21/ccnSyncTest/slice9/randomFile/=FD055063937073/=0005 - number is 5
三月 16, 2015 10:00:27 上午 org.ccnx.ccn.profiles.sync.SyncTestRepo doHandleContentName
信息: Number 1: Callback for name: /ccnx.org/test/SyncTestRepo-15-03-16-09.59.21/ccnSyncTest/slice9/randomFile/=FD055063937073/=0006 - number is 6
三月 16, 2015 10:00:27 上午 org.ccnx.ccn.profiles.sync.SyncTestRepo doHandleContentName
信息: Number 2: Callback for name: /ccnx.org/test/SyncTestRepo-15-03-16-09.59.21/ccnSyncTest/slice9/randomFile/=FD055063937073/=0007 - number is 7
三月 16, 2015 10:00:27 上午 org.ccnx.ccn.profiles.sync.SyncTestRepo doHandleContentName
信息: Number 3: Callback for name: /ccnx.org/test/SyncTestRepo-15-03-16-09.59.21/ccnSyncTest/slice9/randomFile/=FD055063937073/=0006 - number is 6
三月 16, 2015 10:00:27 上午 org.ccnx.ccn.profiles.sync.SyncTestRepo doHandleContentName
信息: Number 1: Callback for name: /ccnx.org/test/SyncTestRepo-15-03-16-09.59.21/ccnSyncTest/slice9/randomFile/=FD055063937073/=0007 - number is 7
三月 16, 2015 10:00:27 上午 org.ccnx.ccn.profiles.sync.SyncTestRepo doHandleContentName
信息: Number 2: Callback for name: /ccnx.org/test/SyncTestRepo-15-03-16-09.59.21/ccnSyncTest/slice9/randomFile/=FD055063937073/=0008 - number is 8
三月 16, 2015 10:00:27 上午 org.ccnx.ccn.profiles.sync.SyncTestRepo doHandleContentName
信息: Number 3: Callback for name: /ccnx.org/test/SyncTestRepo-15-03-16-09.59.21/ccnSyncTest/slice9/randomFile/=FD055063937073/=0007 - number is 7
三月 16, 2015 10:00:27 上午 org.ccnx.ccn.profiles.sync.SyncTestRepo doHandleContentName
信息: Number 1: Callback for name: /ccnx.org/test/SyncTestRepo-15-03-16-09.59.21/ccnSyncTest/slice9/randomFile/=FD055063937073/=0008 - number is 8
三月 16, 2015 10:00:27 上午 org.ccnx.ccn.profiles.sync.SyncTestRepo doHandleContentName
信息: Number 2: Callback for name: /ccnx.org/test/SyncTestRepo-15-03-16-09.59.21/ccnSyncTest/slice9/randomFile/=FD055063937073/=0009 - number is 9
三月 16, 2015 10:00:27 上午 org.ccnx.ccn.profiles.sync.SyncTestRepo doHandleContentName
信息: Number 3: Callback for name: /ccnx.org/test/SyncTestRepo-15-03-16-09.59.21/ccnSyncTest/slice9/randomFile/=FD055063937073/=0008 - number is 8
三月 16, 2015 10:00:27 上午 org.ccnx.ccn.profiles.sync.SyncTestRepo doHandleContentName
信息: Number 1: Callback for name: /ccnx.org/test/SyncTestRepo-15-03-16-09.59.21/ccnSyncTest/slice9/randomFile/=FD055063937073/=0009 - number is 9
三月 16, 2015 10:00:27 上午 org.ccnx.ccn.profiles.sync.SyncTestRepo doHandleContentName
信息: Number 2: Callback for name: /ccnx.org/test/SyncTestRepo-15-03-16-09.59.21/ccnSyncTest/slice9/randomFile/=FD055063937073/=000A - number is 10
三月 16, 2015 10:00:27 上午 org.ccnx.ccn.profiles.sync.SyncTestRepo doHandleContentName
信息: Number 3: Callback for name: /ccnx.org/test/SyncTestRepo-15-03-16-09.59.21/ccnSyncTest/slice9/randomFile/=FD055063937073/=0009 - number is 9
三月 16, 2015 10:00:27 上午 org.ccnx.ccn.profiles.sync.SyncTestRepo doHandleContentName
信息: Number 1: Callback for name: /ccnx.org/test/SyncTestRepo-15-03-16-09.59.21/ccnSyncTest/slice9/randomFile/=FD055063937073/=000A - number is 10
三月 16, 2015 10:00:27 上午 org.ccnx.ccn.profiles.sync.SyncTestRepo doHandleContentName
信息: Number 2: Callback for name: /ccnx.org/test/SyncTestRepo-15-03-16-09.59.21/ccnSyncTest/slice9/randomFile/=FD055063937073/=000B - number is 11
三月 16, 2015 10:00:27 上午 org.ccnx.ccn.profiles.sync.SyncTestRepo doHandleContentName
信息: Number 3: Callback for name: /ccnx.org/test/SyncTestRepo-15-03-16-09.59.21/ccnSyncTest/slice9/randomFile/=FD055063937073/=000A - number is 10
三月 16, 2015 10:00:27 上午 org.ccnx.ccn.profiles.sync.SyncTestRepo doHandleContentName
信息: Number 1: Callback for name: /ccnx.org/test/SyncTestRepo-15-03-16-09.59.21/ccnSyncTest/slice9/randomFile/=FD055063937073/=000B - number is 11
三月 16, 2015 10:00:27 上午 org.ccnx.ccn.profiles.sync.SyncTestRepo doHandleContentName
信息: Number 2: Callback for name: /ccnx.org/test/SyncTestRepo-15-03-16-09.59.21/ccnSyncTest/slice9/randomFile/=FD055063937073/=000C - number is 12
三月 16, 2015 10:00:27 上午 org.ccnx.ccn.profiles.sync.SyncTestRepo doHandleContentName
信息: Number 3: Callback for name: /ccnx.org/test/SyncTestRepo-15-03-16-09.59.21/ccnSyncTest/slice9/randomFile/=FD055063937073/=000B - number is 11
三月 16, 2015 10:00:27 上午 org.ccnx.ccn.profiles.sync.SyncTestRepo doHandleContentName
信息: Number 1: Callback for name: /ccnx.org/test/SyncTestRepo-15-03-16-09.59.21/ccnSyncTest/slice9/randomFile/=FD055063937073/=000C - number is 12
三月 16, 2015 10:00:27 上午 org.ccnx.ccn.profiles.sync.SyncTestRepo doHandleContentName
信息: Number 2: Callback for name: /ccnx.org/test/SyncTestRepo-15-03-16-09.59.21/ccnSyncTest/slice9/randomFile/=FD055063937073/=000D - number is 13
三月 16, 2015 10:00:27 上午 org.ccnx.ccn.profiles.sync.SyncTestRepo doHandleContentName
信息: Number 3: Callback for name: /ccnx.org/test/SyncTestRepo-15-03-16-09.59.21/ccnSyncTest/slice9/randomFile/=FD055063937073/=000C - number is 12
三月 16, 2015 10:00:27 上午 org.ccnx.ccn.profiles.sync.SyncTestRepo doHandleContentName
信息: Number 1: Callback for name: /ccnx.org/test/SyncTestRepo-15-03-16-09.59.21/ccnSyncTest/slice9/randomFile/=FD055063937073/=000D - number is 13
三月 16, 2015 10:00:27 上午 org.ccnx.ccn.profiles.sync.SyncTestRepo doHandleContentName
信息: Number 2: Callback for name: /ccnx.org/test/SyncTestRepo-15-03-16-09.59.21/ccnSyncTest/slice9/randomFile/=FD055063937073/=000E - number is 14
三月 16, 2015 10:00:27 上午 org.ccnx.ccn.profiles.sync.SyncTestRepo doHandleContentName
信息: Number 3: Callback for name: /ccnx.org/test/SyncTestRepo-15-03-16-09.59.21/ccnSyncTest/slice9/randomFile/=FD055063937073/=000D - number is 13
三月 16, 2015 10:00:27 上午 org.ccnx.ccn.profiles.sync.SyncTestRepo doHandleContentName
信息: Number 1: Callback for name: /ccnx.org/test/SyncTestRepo-15-03-16-09.59.21/ccnSyncTest/slice9/randomFile/=FD055063937073/=000E - number is 14
三月 16, 2015 10:00:27 上午 org.ccnx.ccn.profiles.sync.SyncTestRepo doHandleContentName
信息: Number 2: Callback for name: /ccnx.org/test/SyncTestRepo-15-03-16-09.59.21/ccnSyncTest/slice9/randomFile/=FD055063937073/=000F - number is 15
三月 16, 2015 10:00:27 上午 org.ccnx.ccn.profiles.sync.SyncTestRepo doHandleContentName
信息: Number 3: Callback for name: /ccnx.org/test/SyncTestRepo-15-03-16-09.59.21/ccnSyncTest/slice9/randomFile/=FD055063937073/=000E - number is 14
三月 16, 2015 10:00:27 上午 org.ccnx.ccn.profiles.sync.SyncTestRepo doHandleContentName
信息: Number 1: Callback for name: /ccnx.org/test/SyncTestRepo-15-03-16-09.59.21/ccnSyncTest/slice9/randomFile/=FD055063937073/=000F - number is 15
三月 16, 2015 10:00:27 上午 org.ccnx.ccn.profiles.sync.SyncTestRepo doHandleContentName
信息: Number 2: Callback for name: /ccnx.org/test/SyncTestRepo-15-03-16-09.59.21/ccnSyncTest/slice9/randomFile/=FD055063937073/=0010 - number is 16
三月 16, 2015 10:00:27 上午 org.ccnx.ccn.profiles.sync.SyncTestRepo doHandleContentName
信息: Number 3: Callback for name: /ccnx.org/test/SyncTestRepo-15-03-16-09.59.21/ccnSyncTest/slice9/randomFile/=FD055063937073/=000F - number is 15
三月 16, 2015 10:00:27 上午 org.ccnx.ccn.profiles.sync.SyncTestRepo doHandleContentName
信息: Number 1: Callback for name: /ccnx.org/test/SyncTestRepo-15-03-16-09.59.21/ccnSyncTest/slice9/randomFile/=FD055063937073/=0010 - number is 16
三月 16, 2015 10:00:27 上午 org.ccnx.ccn.profiles.sync.SyncTestRepo doHandleContentName
信息: Number 2: Callback for name: /ccnx.org/test/SyncTestRepo-15-03-16-09.59.21/ccnSyncTest/slice9/randomFile/=FD055063937073/=0011 - number is 17
三月 16, 2015 10:00:27 上午 org.ccnx.ccn.profiles.sync.SyncTestRepo doHandleContentName
信息: Number 3: Callback for name: /ccnx.org/test/SyncTestRepo-15-03-16-09.59.21/ccnSyncTest/slice9/randomFile/=FD055063937073/=0010 - number is 16
三月 16, 2015 10:00:27 上午 org.ccnx.ccn.profiles.sync.SyncTestRepo doHandleContentName
信息: Number 1: Callback for name: /ccnx.org/test/SyncTestRepo-15-03-16-09.59.21/ccnSyncTest/slice9/randomFile/=FD055063937073/=0011 - number is 17
三月 16, 2015 10:00:27 上午 org.ccnx.ccn.profiles.sync.SyncTestRepo doHandleContentName
信息: Number 3: Callback for name: /ccnx.org/test/SyncTestRepo-15-03-16-09.59.21/ccnSyncTest/slice9/randomFile/=FD055063937073/=0011 - number is 17
三月 16, 2015 10:00:27 上午 org.ccnx.ccn.profiles.sync.SyncTestRepo doHandleContentName
信息: Number 2: Callback for name: /ccnx.org/test/SyncTestRepo-15-03-16-09.59.21/ccnSyncTest/slice9/randomFile/=FD055063937073/=0012 - number is 18
三月 16, 2015 10:00:27 上午 org.ccnx.ccn.profiles.sync.SyncTestRepo doHandleContentName
信息: Number 1: Callback for name: /ccnx.org/test/SyncTestRepo-15-03-16-09.59.21/ccnSyncTest/slice9/randomFile/=FD055063937073/=0012 - number is 18
三月 16, 2015 10:00:27 上午 org.ccnx.ccn.profiles.sync.SyncTestRepo doHandleContentName
信息: Number 3: Callback for name: /ccnx.org/test/SyncTestRepo-15-03-16-09.59.21/ccnSyncTest/slice9/randomFile/=FD055063937073/=0012 - number is 18
三月 16, 2015 10:00:27 上午 org.ccnx.ccn.profiles.sync.SyncTestRepo doHandleContentName
信息: Number 2: Callback for name: /ccnx.org/test/SyncTestRepo-15-03-16-09.59.21/ccnSyncTest/slice9/randomFile/=FD055063937073/=0013 - number is 19
三月 16, 2015 10:00:27 上午 org.ccnx.ccn.profiles.sync.SyncTestRepo doHandleContentName
信息: Number 1: Callback for name: /ccnx.org/test/SyncTestRepo-15-03-16-09.59.21/ccnSyncTest/slice9/randomFile/=FD055063937073/=0013 - number is 19
三月 16, 2015 10:00:27 上午 org.ccnx.ccn.profiles.sync.SyncTestRepo doHandleContentName
信息: Number 3: Callback for name: /ccnx.org/test/SyncTestRepo-15-03-16-09.59.21/ccnSyncTest/slice9/randomFile/=FD055063937073/=0013 - number is 19
三月 16, 2015 10:00:27 上午 org.ccnx.ccn.profiles.sync.SyncTestRepo doHandleContentName
信息: Number 2: Callback for name: /ccnx.org/test/SyncTestRepo-15-03-16-09.59.21/ccnSyncTest/slice9/randomFile/=FD055063937073/=0014 - number is 20
三月 16, 2015 10:00:27 上午 org.ccnx.ccn.profiles.sync.SyncTestRepo doHandleContentName
信息: Number 1: Callback for name: /ccnx.org/test/SyncTestRepo-15-03-16-09.59.21/ccnSyncTest/slice9/randomFile/=FD055063937073/=0014 - number is 20
三月 16, 2015 10:00:27 上午 org.ccnx.ccn.profiles.sync.SyncTestRepo doHandleContentName
信息: Number 3: Callback for name: /ccnx.org/test/SyncTestRepo-15-03-16-09.59.21/ccnSyncTest/slice9/randomFile/=FD055063937073/=0014 - number is 20
三月 16, 2015 10:00:27 上午 org.ccnx.ccn.profiles.sync.SyncTestRepo doHandleContentName
信息: Number 2: Callback for name: /ccnx.org/test/SyncTestRepo-15-03-16-09.59.21/ccnSyncTest/slice9/randomFile/=FD055063937073/=0015 - number is 21
三月 16, 2015 10:00:27 上午 org.ccnx.ccn.profiles.sync.SyncTestRepo doHandleContentName
信息: Number 1: Callback for name: /ccnx.org/test/SyncTestRepo-15-03-16-09.59.21/ccnSyncTest/slice9/randomFile/=FD055063937073/=0015 - number is 21
三月 16, 2015 10:00:27 上午 org.ccnx.ccn.profiles.sync.SyncTestRepo doHandleContentName
信息: Number 3: Callback for name: /ccnx.org/test/SyncTestRepo-15-03-16-09.59.21/ccnSyncTest/slice9/randomFile/=FD055063937073/=0015 - number is 21
三月 16, 2015 10:00:27 上午 org.ccnx.ccn.profiles.sync.SyncTestRepo doHandleContentName
信息: Number 2: Callback for name: /ccnx.org/test/SyncTestRepo-15-03-16-09.59.21/ccnSyncTest/slice9/randomFile/=FD055063937073/=0016 - number is 22
三月 16, 2015 10:00:27 上午 org.ccnx.ccn.profiles.sync.SyncTestRepo doHandleContentName
信息: Number 1: Callback for name: /ccnx.org/test/SyncTestRepo-15-03-16-09.59.21/ccnSyncTest/slice9/randomFile/=FD055063937073/=0016 - number is 22
三月 16, 2015 10:00:27 上午 org.ccnx.ccn.profiles.sync.SyncTestRepo doHandleContentName
信息: Number 3: Callback for name: /ccnx.org/test/SyncTestRepo-15-03-16-09.59.21/ccnSyncTest/slice9/randomFile/=FD055063937073/=0016 - number is 22
三月 16, 2015 10:00:27 上午 org.ccnx.ccn.profiles.sync.SyncTestRepo doHandleContentName
信息: Number 1: Callback for name: /ccnx.org/test/SyncTestRepo-15-03-16-09.59.21/ccnSyncTest/slice9/randomFile/=FD055063937073/=0017 - number is 23
三月 16, 2015 10:00:27 上午 org.ccnx.ccn.profiles.sync.SyncTestRepo doHandleContentName
信息: Number 3: Callback for name: /ccnx.org/test/SyncTestRepo-15-03-16-09.59.21/ccnSyncTest/slice9/randomFile/=FD055063937073/=0017 - number is 23
三月 16, 2015 10:00:27 上午 org.ccnx.ccn.profiles.sync.SyncTestRepo doHandleContentName
信息: Number 2: Callback for name: /ccnx.org/test/SyncTestRepo-15-03-16-09.59.21/ccnSyncTest/slice9/randomFile/=FD055063937073/=0017 - number is 23
三月 16, 2015 10:00:27 上午 org.ccnx.ccn.profiles.sync.SyncTestRepo doHandleContentName
信息: Number 1: Callback for name: /ccnx.org/test/SyncTestRepo-15-03-16-09.59.21/ccnSyncTest/slice9/randomFile/=FD055063937073/=0018 - number is 24
三月 16, 2015 10:00:27 上午 org.ccnx.ccn.profiles.sync.SyncTestRepo doHandleContentName
信息: Number 3: Callback for name: /ccnx.org/test/SyncTestRepo-15-03-16-09.59.21/ccnSyncTest/slice9/randomFile/=FD055063937073/=0018 - number is 24
三月 16, 2015 10:00:27 上午 org.ccnx.ccn.profiles.sync.SyncTestRepo doHandleContentName
信息: Number 2: Callback for name: /ccnx.org/test/SyncTestRepo-15-03-16-09.59.21/ccnSyncTest/slice9/randomFile/=FD055063937073/=0018 - number is 24
三月 16, 2015 10:00:27 上午 org.ccnx.ccn.profiles.sync.SyncTestRepo doHandleContentName
信息: Number 1: Callback for name: /ccnx.org/test/SyncTestRepo-15-03-16-09.59.21/ccnSyncTest/slice9/randomFile/=FD055063937073/=0019 - number is 25
三月 16, 2015 10:00:27 上午 org.ccnx.ccn.profiles.sync.SyncTestRepo doHandleContentName
信息: Number 3: Callback for name: /ccnx.org/test/SyncTestRepo-15-03-16-09.59.21/ccnSyncTest/slice9/randomFile/=FD055063937073/=0019 - number is 25
三月 16, 2015 10:00:27 上午 org.ccnx.ccn.profiles.sync.SyncTestRepo doHandleContentName
信息: Number 1: Callback for name: /ccnx.org/test/SyncTestRepo-15-03-16-09.59.21/ccnSyncTest/slice9/randomFile/=FD055063937073/=001A - number is 26
三月 16, 2015 10:00:27 上午 org.ccnx.ccn.profiles.sync.SyncTestRepo doHandleContentName
信息: Number 2: Callback for name: /ccnx.org/test/SyncTestRepo-15-03-16-09.59.21/ccnSyncTest/slice9/randomFile/=FD055063937073/=0019 - number is 25
三月 16, 2015 10:00:27 上午 org.ccnx.ccn.profiles.sync.SyncTestRepo doHandleContentName
信息: Number 3: Callback for name: /ccnx.org/test/SyncTestRepo-15-03-16-09.59.21/ccnSyncTest/slice9/randomFile/=FD055063937073/=001A - number is 26
三月 16, 2015 10:00:27 上午 org.ccnx.ccn.profiles.sync.SyncTestRepo doHandleContentName
信息: Number 1: Callback for name: /ccnx.org/test/SyncTestRepo-15-03-16-09.59.21/ccnSyncTest/slice9/randomFile/=FD055063937073/=001B - number is 27
三月 16, 2015 10:00:27 上午 org.ccnx.ccn.profiles.sync.SyncTestRepo doHandleContentName
信息: Number 2: Callback for name: /ccnx.org/test/SyncTestRepo-15-03-16-09.59.21/ccnSyncTest/slice9/randomFile/=FD055063937073/=001A - number is 26
三月 16, 2015 10:00:27 上午 org.ccnx.ccn.profiles.sync.SyncTestRepo doHandleContentName
信息: Number 3: Callback for name: /ccnx.org/test/SyncTestRepo-15-03-16-09.59.21/ccnSyncTest/slice9/randomFile/=FD055063937073/=001B - number is 27
三月 16, 2015 10:00:27 上午 org.ccnx.ccn.profiles.sync.SyncTestRepo doHandleContentName
信息: Number 1: Callback for name: /ccnx.org/test/SyncTestRepo-15-03-16-09.59.21/ccnSyncTest/slice9/randomFile/=FD055063937073/=001C - number is 28
三月 16, 2015 10:00:27 上午 org.ccnx.ccn.profiles.sync.SyncTestRepo doHandleContentName
信息: Number 2: Callback for name: /ccnx.org/test/SyncTestRepo-15-03-16-09.59.21/ccnSyncTest/slice9/randomFile/=FD055063937073/=001B - number is 27
三月 16, 2015 10:00:27 上午 org.ccnx.ccn.profiles.sync.SyncTestRepo doHandleContentName
信息: Number 3: Callback for name: /ccnx.org/test/SyncTestRepo-15-03-16-09.59.21/ccnSyncTest/slice9/randomFile/=FD055063937073/=001C - number is 28
三月 16, 2015 10:00:27 上午 org.ccnx.ccn.profiles.sync.SyncTestRepo doHandleContentName
信息: Number 1: Callback for name: /ccnx.org/test/SyncTestRepo-15-03-16-09.59.21/ccnSyncTest/slice9/randomFile/=FD055063937073/=001D - number is 29
三月 16, 2015 10:00:27 上午 org.ccnx.ccn.profiles.sync.SyncTestRepo doHandleContentName
信息: Number 2: Callback for name: /ccnx.org/test/SyncTestRepo-15-03-16-09.59.21/ccnSyncTest/slice9/randomFile/=FD055063937073/=001C - number is 28
三月 16, 2015 10:00:27 上午 org.ccnx.ccn.profiles.sync.SyncTestRepo doHandleContentName
信息: Number 1: Callback for name: /ccnx.org/test/SyncTestRepo-15-03-16-09.59.21/ccnSyncTest/slice9/randomFile/=FD055063937073/=001E - number is 30
三月 16, 2015 10:00:27 上午 org.ccnx.ccn.profiles.sync.SyncTestRepo doHandleContentName
信息: Number 2: Callback for name: /ccnx.org/test/SyncTestRepo-15-03-16-09.59.21/ccnSyncTest/slice9/randomFile/=FD055063937073/=001D - number is 29
三月 16, 2015 10:00:27 上午 org.ccnx.ccn.profiles.sync.SyncTestRepo doHandleContentName
信息: Number 2: Callback for name: /ccnx.org/test/SyncTestRepo-15-03-16-09.59.21/ccnSyncTest/slice9/randomFile/=FD055063937073/=001E - number is 30
三月 16, 2015 10:00:27 上午 org.ccnx.ccn.profiles.sync.SyncTestRepo doHandleContentName
信息: Number 2: Callback for name: /ccnx.org/test/SyncTestRepo-15-03-16-09.59.21/ccnSyncTest/slice9/randomFile/=FD055063937073/=001F - number is 31
三月 16, 2015 10:00:27 上午 org.ccnx.ccn.profiles.sync.SyncTestRepo doHandleContentName
信息: Number 2: Callback for name: /ccnx.org/test/SyncTestRepo-15-03-16-09.59.21/ccnSyncTest/slice9/randomFile/=FD055063937073/=0020 - number is 32
三月 16, 2015 10:00:27 上午 org.ccnx.ccn.profiles.sync.SyncTestRepo doHandleContentName
信息: Number 2: Callback for name: /ccnx.org/test/SyncTestRepo-15-03-16-09.59.21/ccnSyncTest/slice9/randomFile/=FD055063937073/=0021 - number is 33
三月 16, 2015 10:00:27 上午 org.ccnx.ccn.profiles.sync.SyncTestRepo doHandleContentName
信息: Number 2: Callback for name: /ccnx.org/test/SyncTestRepo-15-03-16-09.59.21/ccnSyncTest/slice9/randomFile/=FD055063937073/=0022 - number is 34
三月 16, 2015 10:00:27 上午 org.ccnx.ccn.profiles.sync.SyncTestRepo doHandleContentName
信息: Number 2: Callback for name: /ccnx.org/test/SyncTestRepo-15-03-16-09.59.21/ccnSyncTest/slice9/randomFile/=FD055063937073/=0023 - number is 35
三月 16, 2015 10:00:27 上午 org.ccnx.ccn.profiles.sync.SyncTestRepo doHandleContentName
信息: Number 2: Callback for name: /ccnx.org/test/SyncTestRepo-15-03-16-09.59.21/ccnSyncTest/slice9/randomFile/=FD055063937073/=0024 - number is 36
三月 16, 2015 10:00:27 上午 org.ccnx.ccn.profiles.sync.SyncTestRepo doHandleContentName
信息: Number 2: Callback for name: /ccnx.org/test/SyncTestRepo-15-03-16-09.59.21/ccnSyncTest/slice9/randomFile/=FD055063937073/=0025 - number is 37
三月 16, 2015 10:00:27 上午 org.ccnx.ccn.profiles.sync.SyncTestRepo doHandleContentName
信息: Number 2: Callback for name: /ccnx.org/test/SyncTestRepo-15-03-16-09.59.21/ccnSyncTest/slice9/randomFile/=FD055063937073/=0026 - number is 38
三月 16, 2015 10:00:27 上午 org.ccnx.ccn.profiles.sync.SyncTestRepo doHandleContentName
信息: Number 2: Callback for name: /ccnx.org/test/SyncTestRepo-15-03-16-09.59.21/ccnSyncTest/slice9/randomFile/=FD055063937073/=0027 - number is 39
三月 16, 2015 10:00:27 上午 org.ccnx.ccn.profiles.sync.SyncTestRepo doHandleContentName
信息: Number 3: Callback for name: /ccnx.org/test/SyncTestRepo-15-03-16-09.59.21/ccnSyncTest/slice9/randomFile/=FD055063937073/=001D - number is 29
三月 16, 2015 10:00:27 上午 org.ccnx.ccn.profiles.sync.SyncTestRepo doHandleContentName
信息: Number 1: Callback for name: /ccnx.org/test/SyncTestRepo-15-03-16-09.59.21/ccnSyncTest/slice9/randomFile/=FD055063937073/=001F - number is 31
三月 16, 2015 10:00:27 上午 org.ccnx.ccn.profiles.sync.SyncTestRepo doHandleContentName
信息: Number 2: Callback for name: /ccnx.org/test/SyncTestRepo-15-03-16-09.59.21/ccnSyncTest/slice9/randomFile/=FD055063937073/%C1.META.M/.header/=FD0550639370D9/=00 - number is header
三月 16, 2015 10:00:27 上午 org.ccnx.ccn.profiles.sync.SyncTestRepo doHandleContentName
信息: Number 3: Callback for name: /ccnx.org/test/SyncTestRepo-15-03-16-09.59.21/ccnSyncTest/slice9/randomFile/=FD055063937073/=001E - number is 30
三月 16, 2015 10:00:27 上午 org.ccnx.ccn.profiles.sync.SyncTestRepo doHandleContentName
信息: Number 1: Callback for name: /ccnx.org/test/SyncTestRepo-15-03-16-09.59.21/ccnSyncTest/slice9/randomFile/=FD055063937073/=0020 - number is 32
三月 16, 2015 10:00:27 上午 org.ccnx.ccn.profiles.sync.SyncTestRepo doHandleContentName
信息: Number 3: Callback for name: /ccnx.org/test/SyncTestRepo-15-03-16-09.59.21/ccnSyncTest/slice9/randomFile/=FD055063937073/=001F - number is 31
三月 16, 2015 10:00:27 上午 org.ccnx.ccn.profiles.sync.SyncTestRepo doHandleContentName
信息: Number 1: Callback for name: /ccnx.org/test/SyncTestRepo-15-03-16-09.59.21/ccnSyncTest/slice9/randomFile/=FD055063937073/=0021 - number is 33
三月 16, 2015 10:00:27 上午 org.ccnx.ccn.profiles.sync.SyncTestRepo doHandleContentName
信息: Number 3: Callback for name: /ccnx.org/test/SyncTestRepo-15-03-16-09.59.21/ccnSyncTest/slice9/randomFile/=FD055063937073/=0020 - number is 32
三月 16, 2015 10:00:27 上午 org.ccnx.ccn.profiles.sync.SyncTestRepo doHandleContentName
信息: Number 1: Callback for name: /ccnx.org/test/SyncTestRepo-15-03-16-09.59.21/ccnSyncTest/slice9/randomFile/=FD055063937073/=0022 - number is 34
三月 16, 2015 10:00:27 上午 org.ccnx.ccn.profiles.sync.SyncTestRepo doHandleContentName
信息: Number 3: Callback for name: /ccnx.org/test/SyncTestRepo-15-03-16-09.59.21/ccnSyncTest/slice9/randomFile/=FD055063937073/=0021 - number is 33
三月 16, 2015 10:00:27 上午 org.ccnx.ccn.profiles.sync.SyncTestRepo doHandleContentName
信息: Number 1: Callback for name: /ccnx.org/test/SyncTestRepo-15-03-16-09.59.21/ccnSyncTest/slice9/randomFile/=FD055063937073/=0023 - number is 35
三月 16, 2015 10:00:27 上午 org.ccnx.ccn.profiles.sync.SyncTestRepo doHandleContentName
信息: Number 3: Callback for name: /ccnx.org/test/SyncTestRepo-15-03-16-09.59.21/ccnSyncTest/slice9/randomFile/=FD055063937073/=0022 - number is 34
三月 16, 2015 10:00:27 上午 org.ccnx.ccn.profiles.sync.SyncTestRepo doHandleContentName
信息: Number 1: Callback for name: /ccnx.org/test/SyncTestRepo-15-03-16-09.59.21/ccnSyncTest/slice9/randomFile/=FD055063937073/=0024 - number is 36
三月 16, 2015 10:00:27 上午 org.ccnx.ccn.profiles.sync.SyncTestRepo doHandleContentName
信息: Number 3: Callback for name: /ccnx.org/test/SyncTestRepo-15-03-16-09.59.21/ccnSyncTest/slice9/randomFile/=FD055063937073/=0023 - number is 35
三月 16, 2015 10:00:27 上午 org.ccnx.ccn.profiles.sync.SyncTestRepo doHandleContentName
信息: Number 1: Callback for name: /ccnx.org/test/SyncTestRepo-15-03-16-09.59.21/ccnSyncTest/slice9/randomFile/=FD055063937073/=0025 - number is 37
三月 16, 2015 10:00:27 上午 org.ccnx.ccn.profiles.sync.SyncTestRepo doHandleContentName
信息: Number 3: Callback for name: /ccnx.org/test/SyncTestRepo-15-03-16-09.59.21/ccnSyncTest/slice9/randomFile/=FD055063937073/=0024 - number is 36
三月 16, 2015 10:00:27 上午 org.ccnx.ccn.profiles.sync.SyncTestRepo doHandleContentName
信息: Number 1: Callback for name: /ccnx.org/test/SyncTestRepo-15-03-16-09.59.21/ccnSyncTest/slice9/randomFile/=FD055063937073/=0026 - number is 38
三月 16, 2015 10:00:27 上午 org.ccnx.ccn.profiles.sync.SyncTestRepo doHandleContentName
信息: Number 3: Callback for name: /ccnx.org/test/SyncTestRepo-15-03-16-09.59.21/ccnSyncTest/slice9/randomFile/=FD055063937073/=0025 - number is 37
三月 16, 2015 10:00:27 上午 org.ccnx.ccn.profiles.sync.SyncTestRepo doHandleContentName
信息: Number 1: Callback for name: /ccnx.org/test/SyncTestRepo-15-03-16-09.59.21/ccnSyncTest/slice9/randomFile/=FD055063937073/=0027 - number is 39
三月 16, 2015 10:00:27 上午 org.ccnx.ccn.profiles.sync.SyncTestRepo doHandleContentName
信息: Number 3: Callback for name: /ccnx.org/test/SyncTestRepo-15-03-16-09.59.21/ccnSyncTest/slice9/randomFile/=FD055063937073/=0026 - number is 38
三月 16, 2015 10:00:27 上午 org.ccnx.ccn.profiles.sync.SyncTestRepo doHandleContentName
信息: Number 1: Callback for name: /ccnx.org/test/SyncTestRepo-15-03-16-09.59.21/ccnSyncTest/slice9/randomFile/=FD055063937073/%C1.META.M/.header/=FD0550639370D9/=00 - number is header
三月 16, 2015 10:00:27 上午 org.ccnx.ccn.profiles.sync.SyncTestRepo doHandleContentName
信息: Number 3: Callback for name: /ccnx.org/test/SyncTestRepo-15-03-16-09.59.21/ccnSyncTest/slice9/randomFile/=FD055063937073/=0027 - number is 39
三月 16, 2015 10:00:27 上午 org.ccnx.ccn.profiles.sync.SyncTestRepo doHandleContentName
信息: Number 3: Callback for name: /ccnx.org/test/SyncTestRepo-15-03-16-09.59.21/ccnSyncTest/slice9/randomFile/=FD055063937073/%C1.META.M/.header/=FD0550639370D9/=00 - number is header
三月 16, 2015 10:00:27 上午 org.ccnx.ccn.impl.sync.SliceComparator run
信息: Moving 1 callbacks to lead comparator
三月 16, 2015 10:00:29 上午 org.ccnx.ccn.impl.sync.ProtocolBasedSyncMonitor removeCallback
信息: Removing callback on slice: /ccnx.org/test/SyncTestRepo-15-03-16-09.59.21/ccnSyncTest/slice9
三月 16, 2015 10:00:29 上午 org.ccnx.ccn.impl.CCNFlowControl <init>
信息: adding namespace: /ccnx.org/test/SyncTestRepo-15-03-16-09.59.21/ccnSyncTest/slice9/round2/randomFile
三月 16, 2015 10:00:29 上午 org.ccnx.ccn.impl.security.keys.BasicKeyManager getKeyLocator
信息: getKeyLocator: returning locator NAME: /ccnx.org/Users/cb/Keys/%C1.M.K%00K=B082A16E5382FBAAA09FBE303E24E042E37E88C290E054292521DECA236523/=FD055059931000 KEY:itggagmsks2vela17tu60v29o22sdv8hgkgs1a2i991rr526p93 for key S7CCoW5TgvuqoJ++MD4k4ELjfojCkOBUKSUh3sojZSM=
三月 16, 2015 10:00:29 上午 org.ccnx.ccn.io.CCNAbstractOutputStream <init>
信息: CCNAbstractOutputStream: /ccnx.org/test/SyncTestRepo-15-03-16-09.59.21/ccnSyncTest/slice9/round2/randomFile/=FD05506393D1BE blocksize is 4096
三月 16, 2015 10:00:29 上午 org.ccnx.ccn.io.CCNAbstractOutputStream startWrite
信息: CCNAbstractOutputStream: startWrite -- searching for keys.
三月 16, 2015 10:00:29 上午 org.ccnx.ccn.profiles.security.access.AccessControlManager keysForOutput
信息: keysForOutput: found an acm: (null)
三月 16, 2015 10:00:29 上午 org.ccnx.ccn.impl.repo.RepositoryFlowControl startWrite
信息: RepositoryFlowControl.startWrite called for name /ccnx.org/test/SyncTestRepo-15-03-16-09.59.21/ccnSyncTest/slice9/round2/randomFile/=FD05506393D1BE, shape STREAM
三月 16, 2015 10:00:29 上午 org.ccnx.ccn.impl.repo.RepositoryFlowControl handleContent
信息: handleContent: got potential repo message: /ccnx.org/test/SyncTestRepo-15-03-16-09.59.21/ccnSyncTest/slice9/round2/randomFile/=FD05506393D1BE/%C1.R.sw/%C1.N=002512435732594748
三月 16, 2015 10:00:29 上午 org.ccnx.ccn.io.CCNOutputStream flushToNetwork
信息: flush: outputting to the segmenter, baseName /ccnx.org/test/SyncTestRepo-15-03-16-09.59.21/ccnSyncTest/slice9/round2/randomFile/=FD05506393D1BE basenameindex =0027; 4096 bytes written, holding back 4096 flushing final blocks? false.
三月 16, 2015 10:00:29 上午 org.ccnx.ccn.impl.CCNSegmenter outputCurrentBlocks
信息: flush: putting merkle tree to the network, name starts with /ccnx.org/test/SyncTestRepo-15-03-16-09.59.21/ccnSyncTest/slice9/round2/randomFile/=FD05506393D1BE/=00; 39 blocks
三月 16, 2015 10:00:29 上午 org.ccnx.ccn.impl.security.crypto.CCNMerkleTreeSigner signBlocks
信息: Signed tree of 39 leaves, 77 nodes.
三月 16, 2015 10:00:29 上午 org.ccnx.ccn.io.CCNOutputStream flushToNetwork
信息: HEADER: CCNOutputStream: flushToNetwork: new _baseNameIndex 39
三月 16, 2015 10:00:29 上午 org.ccnx.ccn.io.CCNOutputStream flushToNetwork
信息: flush: outputting to the segmenter, baseName /ccnx.org/test/SyncTestRepo-15-03-16-09.59.21/ccnSyncTest/slice9/round2/randomFile/=FD05506393D1BE basenameindex =0027; 4096 bytes written, holding back 4096 flushing final blocks? false.
三月 16, 2015 10:00:29 上午 org.ccnx.ccn.io.CCNOutputStream flushToNetwork
信息: HEADER: CCNOutputStream: flushToNetwork: new _baseNameIndex 39
三月 16, 2015 10:00:29 上午 org.ccnx.ccn.io.CCNOutputStream flushToNetwork
信息: flush: outputting to the segmenter, baseName /ccnx.org/test/SyncTestRepo-15-03-16-09.59.21/ccnSyncTest/slice9/round2/randomFile/=FD05506393D1BE basenameindex =0027; 4096 bytes written, holding back 0 flushing final blocks? true.
三月 16, 2015 10:00:29 上午 org.ccnx.ccn.io.CCNOutputStream flushToNetwork
信息: HEADER: CCNOutputStream: flushToNetwork: new _baseNameIndex 40
三月 16, 2015 10:00:29 上午 org.ccnx.ccn.io.CCNAbstractOutputStream <init>
信息: CCNAbstractOutputStream: /ccnx.org/test/SyncTestRepo-15-03-16-09.59.21/ccnSyncTest/slice9/round2/randomFile/=FD05506393D1BE/%C1.META.M/.header/=FD05506393D239 blocksize is 4096
三月 16, 2015 10:00:29 上午 org.ccnx.ccn.io.CCNAbstractOutputStream startWrite
信息: CCNAbstractOutputStream: startWrite -- searching for keys.
三月 16, 2015 10:00:29 上午 org.ccnx.ccn.profiles.security.access.AccessControlManager keysForOutput
信息: keysForOutput: found an acm: (null)
三月 16, 2015 10:00:29 上午 org.ccnx.ccn.impl.repo.RepositoryFlowControl startWrite
信息: RepositoryFlowControl.startWrite called for name /ccnx.org/test/SyncTestRepo-15-03-16-09.59.21/ccnSyncTest/slice9/round2/randomFile/=FD05506393D1BE/%C1.META.M/.header/=FD05506393D239, shape STREAM
三月 16, 2015 10:00:29 上午 org.ccnx.ccn.impl.repo.RepositoryFlowControl handleContent
信息: handleContent: got potential repo message: /ccnx.org/test/SyncTestRepo-15-03-16-09.59.21/ccnSyncTest/slice9/round2/randomFile/=FD05506393D1BE/%C1.META.M/.header/=FD05506393D239/%C1.R.sw/%C1.N%00t=21105BB646B751
三月 16, 2015 10:00:29 上午 org.ccnx.ccn.io.CCNOutputStream flushToNetwork
信息: flush: outputting to the segmenter, baseName /ccnx.org/test/SyncTestRepo-15-03-16-09.59.21/ccnSyncTest/slice9/round2/randomFile/=FD05506393D1BE/%C1.META.M/.header/=FD05506393D239 basenameindex =00; 69 bytes written, holding back 69 flushing final blocks? false.
三月 16, 2015 10:00:29 上午 org.ccnx.ccn.io.CCNOutputStream flushToNetwork
信息: HEADER: CCNOutputStream: flushToNetwork: new _baseNameIndex 0
三月 16, 2015 10:00:29 上午 org.ccnx.ccn.io.CCNOutputStream flushToNetwork
信息: flush: outputting to the segmenter, baseName /ccnx.org/test/SyncTestRepo-15-03-16-09.59.21/ccnSyncTest/slice9/round2/randomFile/=FD05506393D1BE/%C1.META.M/.header/=FD05506393D239 basenameindex =00; 69 bytes written, holding back 69 flushing final blocks? false.
三月 16, 2015 10:00:29 上午 org.ccnx.ccn.io.CCNOutputStream flushToNetwork
信息: HEADER: CCNOutputStream: flushToNetwork: new _baseNameIndex 0
三月 16, 2015 10:00:29 上午 org.ccnx.ccn.io.CCNOutputStream flushToNetwork
信息: flush: outputting to the segmenter, baseName /ccnx.org/test/SyncTestRepo-15-03-16-09.59.21/ccnSyncTest/slice9/round2/randomFile/=FD05506393D1BE/%C1.META.M/.header/=FD05506393D239 basenameindex =00; 69 bytes written, holding back 0 flushing final blocks? true.
三月 16, 2015 10:00:29 上午 org.ccnx.ccn.io.CCNOutputStream flushToNetwork
信息: HEADER: CCNOutputStream: flushToNetwork: new _baseNameIndex 1
三月 16, 2015 10:00:29 上午 org.ccnx.ccn.io.CCNOutputStream close
信息: CCNOutputStream close: /ccnx.org/test/SyncTestRepo-15-03-16-09.59.21/ccnSyncTest/slice9/round2/randomFile/=FD05506393D1BE/%C1.META.M/.header/=FD05506393D239
三月 16, 2015 10:00:29 上午 org.ccnx.ccn.io.CCNOutputStream close
信息: CCNOutputStream close: /ccnx.org/test/SyncTestRepo-15-03-16-09.59.21/ccnSyncTest/slice9/round2/randomFile/=FD05506393D1BE
三月 16, 2015 10:00:29 上午 org.ccnx.ccn.profiles.sync.SyncTestCommon writeFile
信息: Wrote file to repository: /ccnx.org/test/SyncTestRepo-15-03-16-09.59.21/ccnSyncTest/slice9/round2/randomFile/=FD05506393D1BE with 41 segments
三月 16, 2015 10:00:29 上午 org.ccnx.ccn.impl.sync.ProtocolBasedSyncMonitor handleContent
信息: Saw new content from sync: /ccnx.org/test/SyncTestRepo-15-03-16-09.59.21/topoPrefix/%C1.S.ra/=05E3FB4FAF0510BBF5BF29496DDF80A4A0DA958121B8E27B4AEF3E3F32665B8C/=129A2579D0210097FA0D8A6BCCF5980C6A14B9BCFF60C6E64C128E63204F0F7675/=28AF9DA103E259AD6F0FD518EAAA5AE55ABAD43F59CB2EC19E12F19717EB960BC6
三月 16, 2015 10:00:29 上午 org.ccnx.ccn.impl.sync.ProtocolBasedSyncMonitor handleContent
信息: Saw new content from sync: /ccnx.org/test/SyncTestRepo-15-03-16-09.59.21/topoPrefix/%C1.S.ra/=05E3FB4FAF0510BBF5BF29496DDF80A4A0DA958121B8E27B4AEF3E3F32665B8C/=129A2579D0210097FA0D8A6BCCF5980C6A14B9BCFF60C6E64C128E63204F0F7675/=28AF9DA103E259AD6F0FD518EAAA5AE55ABAD43F59CB2EC19E12F19717EB960BC6
三月 16, 2015 10:00:29 上午 org.ccnx.ccn.impl.sync.ProtocolBasedSyncMonitor handleContent
信息: Saw new content from sync: /ccnx.org/test/SyncTestRepo-15-03-16-09.59.21/topoPrefix/%C1.S.ra/=05E3FB4FAF0510BBF5BF29496DDF80A4A0DA958121B8E27B4AEF3E3F32665B8C/=129A2579D0210097FA0D8A6BCCF5980C6A14B9BCFF60C6E64C128E63204F0F7675/=28AF9DA103E259AD6F0FD518EAAA5AE55ABAD43F59CB2EC19E12F19717EB960BC6
三月 16, 2015 10:00:29 上午 org.ccnx.ccn.impl.encoding.BinaryXMLDecoder setElement
信息: Reset decode array sizes to 150
三月 16, 2015 10:00:29 上午 org.ccnx.ccn.impl.encoding.BinaryXMLDecoder setElement
信息: Reset decode array sizes to 150
三月 16, 2015 10:00:29 上午 org.ccnx.ccn.impl.encoding.BinaryXMLDecoder setElement
信息: Reset decode array sizes to 150
三月 16, 2015 10:00:29 上午 org.ccnx.ccn.impl.encoding.BinaryXMLDecoder setElement
信息: Reset decode array sizes to 150
三月 16, 2015 10:00:29 上午 org.ccnx.ccn.impl.encoding.BinaryXMLDecoder setElement
信息: Reset decode array sizes to 150
三月 16, 2015 10:00:29 上午 org.ccnx.ccn.impl.encoding.BinaryXMLDecoder setElement
信息: Reset decode array sizes to 150
三月 16, 2015 10:00:29 上午 org.ccnx.ccn.impl.sync.SliceComparator run
信息: Starting new round with X = =129A2579D0210097FA0D8A6BCCF5980C6A14B9BCFF60C6E64C128E63204F0F7675 and Y = =28AF9DA103E259AD6F0FD518EAAA5AE55ABAD43F59CB2EC19E12F19717EB960BC6
三月 16, 2015 10:00:29 上午 org.ccnx.ccn.impl.sync.SliceComparator run
信息: Starting new round with X = =129A2579D0210097FA0D8A6BCCF5980C6A14B9BCFF60C6E64C128E63204F0F7675 and Y = =28AF9DA103E259AD6F0FD518EAAA5AE55ABAD43F59CB2EC19E12F19717EB960BC6
三月 16, 2015 10:00:29 上午 org.ccnx.ccn.profiles.sync.SyncTestRepo doHandleContentName
信息: Number 2: Callback for name: /ccnx.org/test/SyncTestRepo-15-03-16-09.59.21/ccnSyncTest/slice9/round2/randomFile/=FD05506393D1BE/=00 - number is 0
三月 16, 2015 10:00:29 上午 org.ccnx.ccn.profiles.sync.SyncTestRepo doHandleContentName
信息: Number 3: Callback for name: /ccnx.org/test/SyncTestRepo-15-03-16-09.59.21/ccnSyncTest/slice9/round2/randomFile/=FD05506393D1BE/=00 - number is 0
三月 16, 2015 10:00:29 上午 org.ccnx.ccn.profiles.sync.SyncTestRepo doHandleContentName
信息: Number 2: Callback for name: /ccnx.org/test/SyncTestRepo-15-03-16-09.59.21/ccnSyncTest/slice9/round2/randomFile/=FD05506393D1BE/=0001 - number is 1
三月 16, 2015 10:00:29 上午 org.ccnx.ccn.profiles.sync.SyncTestRepo doHandleContentName
信息: Number 3: Callback for name: /ccnx.org/test/SyncTestRepo-15-03-16-09.59.21/ccnSyncTest/slice9/round2/randomFile/=FD05506393D1BE/=0001 - number is 1
三月 16, 2015 10:00:29 上午 org.ccnx.ccn.profiles.sync.SyncTestRepo doHandleContentName
信息: Number 2: Callback for name: /ccnx.org/test/SyncTestRepo-15-03-16-09.59.21/ccnSyncTest/slice9/round2/randomFile/=FD05506393D1BE/=0002 - number is 2
三月 16, 2015 10:00:29 上午 org.ccnx.ccn.profiles.sync.SyncTestRepo doHandleContentName
信息: Number 3: Callback for name: /ccnx.org/test/SyncTestRepo-15-03-16-09.59.21/ccnSyncTest/slice9/round2/randomFile/=FD05506393D1BE/=0002 - number is 2
三月 16, 2015 10:00:29 上午 org.ccnx.ccn.profiles.sync.SyncTestRepo doHandleContentName
信息: Number 2: Callback for name: /ccnx.org/test/SyncTestRepo-15-03-16-09.59.21/ccnSyncTest/slice9/round2/randomFile/=FD05506393D1BE/=0003 - number is 3
三月 16, 2015 10:00:29 上午 org.ccnx.ccn.profiles.sync.SyncTestRepo doHandleContentName
信息: Number 3: Callback for name: /ccnx.org/test/SyncTestRepo-15-03-16-09.59.21/ccnSyncTest/slice9/round2/randomFile/=FD05506393D1BE/=0003 - number is 3
三月 16, 2015 10:00:29 上午 org.ccnx.ccn.profiles.sync.SyncTestRepo doHandleContentName
信息: Number 2: Callback for name: /ccnx.org/test/SyncTestRepo-15-03-16-09.59.21/ccnSyncTest/slice9/round2/randomFile/=FD05506393D1BE/=0004 - number is 4
三月 16, 2015 10:00:29 上午 org.ccnx.ccn.profiles.sync.SyncTestRepo doHandleContentName
信息: Number 3: Callback for name: /ccnx.org/test/SyncTestRepo-15-03-16-09.59.21/ccnSyncTest/slice9/round2/randomFile/=FD05506393D1BE/=0004 - number is 4
三月 16, 2015 10:00:29 上午 org.ccnx.ccn.profiles.sync.SyncTestRepo doHandleContentName
信息: Number 3: Callback for name: /ccnx.org/test/SyncTestRepo-15-03-16-09.59.21/ccnSyncTest/slice9/round2/randomFile/=FD05506393D1BE/=0005 - number is 5
三月 16, 2015 10:00:29 上午 org.ccnx.ccn.profiles.sync.SyncTestRepo doHandleContentName
信息: Number 2: Callback for name: /ccnx.org/test/SyncTestRepo-15-03-16-09.59.21/ccnSyncTest/slice9/round2/randomFile/=FD05506393D1BE/=0005 - number is 5
三月 16, 2015 10:00:29 上午 org.ccnx.ccn.profiles.sync.SyncTestRepo doHandleContentName
信息: Number 3: Callback for name: /ccnx.org/test/SyncTestRepo-15-03-16-09.59.21/ccnSyncTest/slice9/round2/randomFile/=FD05506393D1BE/=0006 - number is 6
三月 16, 2015 10:00:29 上午 org.ccnx.ccn.profiles.sync.SyncTestRepo doHandleContentName
信息: Number 2: Callback for name: /ccnx.org/test/SyncTestRepo-15-03-16-09.59.21/ccnSyncTest/slice9/round2/randomFile/=FD05506393D1BE/=0006 - number is 6
三月 16, 2015 10:00:29 上午 org.ccnx.ccn.profiles.sync.SyncTestRepo doHandleContentName
信息: Number 2: Callback for name: /ccnx.org/test/SyncTestRepo-15-03-16-09.59.21/ccnSyncTest/slice9/round2/randomFile/=FD05506393D1BE/=0007 - number is 7
三月 16, 2015 10:00:29 上午 org.ccnx.ccn.profiles.sync.SyncTestRepo doHandleContentName
信息: Number 3: Callback for name: /ccnx.org/test/SyncTestRepo-15-03-16-09.59.21/ccnSyncTest/slice9/round2/randomFile/=FD05506393D1BE/=0007 - number is 7
三月 16, 2015 10:00:29 上午 org.ccnx.ccn.profiles.sync.SyncTestRepo doHandleContentName
信息: Number 2: Callback for name: /ccnx.org/test/SyncTestRepo-15-03-16-09.59.21/ccnSyncTest/slice9/round2/randomFile/=FD05506393D1BE/=0008 - number is 8
三月 16, 2015 10:00:29 上午 org.ccnx.ccn.profiles.sync.SyncTestRepo doHandleContentName
信息: Number 3: Callback for name: /ccnx.org/test/SyncTestRepo-15-03-16-09.59.21/ccnSyncTest/slice9/round2/randomFile/=FD05506393D1BE/=0008 - number is 8
三月 16, 2015 10:00:29 上午 org.ccnx.ccn.profiles.sync.SyncTestRepo doHandleContentName
信息: Number 2: Callback for name: /ccnx.org/test/SyncTestRepo-15-03-16-09.59.21/ccnSyncTest/slice9/round2/randomFile/=FD05506393D1BE/=0009 - number is 9
三月 16, 2015 10:00:29 上午 org.ccnx.ccn.profiles.sync.SyncTestRepo doHandleContentName
信息: Number 3: Callback for name: /ccnx.org/test/SyncTestRepo-15-03-16-09.59.21/ccnSyncTest/slice9/round2/randomFile/=FD05506393D1BE/=0009 - number is 9
三月 16, 2015 10:00:29 上午 org.ccnx.ccn.profiles.sync.SyncTestRepo doHandleContentName
信息: Number 2: Callback for name: /ccnx.org/test/SyncTestRepo-15-03-16-09.59.21/ccnSyncTest/slice9/round2/randomFile/=FD05506393D1BE/=000A - number is 10
三月 16, 2015 10:00:29 上午 org.ccnx.ccn.profiles.sync.SyncTestRepo doHandleContentName
信息: Number 3: Callback for name: /ccnx.org/test/SyncTestRepo-15-03-16-09.59.21/ccnSyncTest/slice9/round2/randomFile/=FD05506393D1BE/=000A - number is 10
三月 16, 2015 10:00:29 上午 org.ccnx.ccn.profiles.sync.SyncTestRepo doHandleContentName
信息: Number 2: Callback for name: /ccnx.org/test/SyncTestRepo-15-03-16-09.59.21/ccnSyncTest/slice9/round2/randomFile/=FD05506393D1BE/=000B - number is 11
三月 16, 2015 10:00:29 上午 org.ccnx.ccn.profiles.sync.SyncTestRepo doHandleContentName
信息: Number 3: Callback for name: /ccnx.org/test/SyncTestRepo-15-03-16-09.59.21/ccnSyncTest/slice9/round2/randomFile/=FD05506393D1BE/=000B - number is 11
三月 16, 2015 10:00:29 上午 org.ccnx.ccn.profiles.sync.SyncTestRepo doHandleContentName
信息: Number 3: Callback for name: /ccnx.org/test/SyncTestRepo-15-03-16-09.59.21/ccnSyncTest/slice9/round2/randomFile/=FD05506393D1BE/=000C - number is 12
三月 16, 2015 10:00:29 上午 org.ccnx.ccn.profiles.sync.SyncTestRepo doHandleContentName
信息: Number 2: Callback for name: /ccnx.org/test/SyncTestRepo-15-03-16-09.59.21/ccnSyncTest/slice9/round2/randomFile/=FD05506393D1BE/=000C - number is 12
三月 16, 2015 10:00:29 上午 org.ccnx.ccn.profiles.sync.SyncTestRepo doHandleContentName
信息: Number 3: Callback for name: /ccnx.org/test/SyncTestRepo-15-03-16-09.59.21/ccnSyncTest/slice9/round2/randomFile/=FD05506393D1BE/=000D - number is 13
三月 16, 2015 10:00:29 上午 org.ccnx.ccn.profiles.sync.SyncTestRepo doHandleContentName
信息: Number 2: Callback for name: /ccnx.org/test/SyncTestRepo-15-03-16-09.59.21/ccnSyncTest/slice9/round2/randomFile/=FD05506393D1BE/=000D - number is 13
三月 16, 2015 10:00:29 上午 org.ccnx.ccn.profiles.sync.SyncTestRepo doHandleContentName
信息: Number 3: Callback for name: /ccnx.org/test/SyncTestRepo-15-03-16-09.59.21/ccnSyncTest/slice9/round2/randomFile/=FD05506393D1BE/=000E - number is 14
三月 16, 2015 10:00:29 上午 org.ccnx.ccn.profiles.sync.SyncTestRepo doHandleContentName
信息: Number 2: Callback for name: /ccnx.org/test/SyncTestRepo-15-03-16-09.59.21/ccnSyncTest/slice9/round2/randomFile/=FD05506393D1BE/=000E - number is 14
三月 16, 2015 10:00:29 上午 org.ccnx.ccn.profiles.sync.SyncTestRepo doHandleContentName
信息: Number 3: Callback for name: /ccnx.org/test/SyncTestRepo-15-03-16-09.59.21/ccnSyncTest/slice9/round2/randomFile/=FD05506393D1BE/=000F - number is 15
三月 16, 2015 10:00:29 上午 org.ccnx.ccn.profiles.sync.SyncTestRepo doHandleContentName
信息: Number 2: Callback for name: /ccnx.org/test/SyncTestRepo-15-03-16-09.59.21/ccnSyncTest/slice9/round2/randomFile/=FD05506393D1BE/=000F - number is 15
三月 16, 2015 10:00:29 上午 org.ccnx.ccn.profiles.sync.SyncTestRepo doHandleContentName
信息: Number 3: Callback for name: /ccnx.org/test/SyncTestRepo-15-03-16-09.59.21/ccnSyncTest/slice9/round2/randomFile/=FD05506393D1BE/=0010 - number is 16
三月 16, 2015 10:00:29 上午 org.ccnx.ccn.profiles.sync.SyncTestRepo doHandleContentName
信息: Number 2: Callback for name: /ccnx.org/test/SyncTestRepo-15-03-16-09.59.21/ccnSyncTest/slice9/round2/randomFile/=FD05506393D1BE/=0010 - number is 16
三月 16, 2015 10:00:29 上午 org.ccnx.ccn.profiles.sync.SyncTestRepo doHandleContentName
信息: Number 2: Callback for name: /ccnx.org/test/SyncTestRepo-15-03-16-09.59.21/ccnSyncTest/slice9/round2/randomFile/=FD05506393D1BE/=0011 - number is 17
三月 16, 2015 10:00:29 上午 org.ccnx.ccn.profiles.sync.SyncTestRepo doHandleContentName
信息: Number 3: Callback for name: /ccnx.org/test/SyncTestRepo-15-03-16-09.59.21/ccnSyncTest/slice9/round2/randomFile/=FD05506393D1BE/=0011 - number is 17
三月 16, 2015 10:00:29 上午 org.ccnx.ccn.profiles.sync.SyncTestRepo doHandleContentName
信息: Number 2: Callback for name: /ccnx.org/test/SyncTestRepo-15-03-16-09.59.21/ccnSyncTest/slice9/round2/randomFile/=FD05506393D1BE/=0012 - number is 18
三月 16, 2015 10:00:29 上午 org.ccnx.ccn.profiles.sync.SyncTestRepo doHandleContentName
信息: Number 3: Callback for name: /ccnx.org/test/SyncTestRepo-15-03-16-09.59.21/ccnSyncTest/slice9/round2/randomFile/=FD05506393D1BE/=0012 - number is 18
三月 16, 2015 10:00:29 上午 org.ccnx.ccn.profiles.sync.SyncTestRepo doHandleContentName
信息: Number 2: Callback for name: /ccnx.org/test/SyncTestRepo-15-03-16-09.59.21/ccnSyncTest/slice9/round2/randomFile/=FD05506393D1BE/=0013 - number is 19
三月 16, 2015 10:00:29 上午 org.ccnx.ccn.profiles.sync.SyncTestRepo doHandleContentName
信息: Number 3: Callback for name: /ccnx.org/test/SyncTestRepo-15-03-16-09.59.21/ccnSyncTest/slice9/round2/randomFile/=FD05506393D1BE/=0013 - number is 19
三月 16, 2015 10:00:29 上午 org.ccnx.ccn.profiles.sync.SyncTestRepo doHandleContentName
信息: Number 2: Callback for name: /ccnx.org/test/SyncTestRepo-15-03-16-09.59.21/ccnSyncTest/slice9/round2/randomFile/=FD05506393D1BE/=0014 - number is 20
三月 16, 2015 10:00:29 上午 org.ccnx.ccn.profiles.sync.SyncTestRepo doHandleContentName
信息: Number 3: Callback for name: /ccnx.org/test/SyncTestRepo-15-03-16-09.59.21/ccnSyncTest/slice9/round2/randomFile/=FD05506393D1BE/=0014 - number is 20
三月 16, 2015 10:00:29 上午 org.ccnx.ccn.profiles.sync.SyncTestRepo doHandleContentName
信息: Number 2: Callback for name: /ccnx.org/test/SyncTestRepo-15-03-16-09.59.21/ccnSyncTest/slice9/round2/randomFile/=FD05506393D1BE/=0015 - number is 21
三月 16, 2015 10:00:29 上午 org.ccnx.ccn.profiles.sync.SyncTestRepo doHandleContentName
信息: Number 3: Callback for name: /ccnx.org/test/SyncTestRepo-15-03-16-09.59.21/ccnSyncTest/slice9/round2/randomFile/=FD05506393D1BE/=0015 - number is 21
三月 16, 2015 10:00:29 上午 org.ccnx.ccn.profiles.sync.SyncTestRepo doHandleContentName
信息: Number 2: Callback for name: /ccnx.org/test/SyncTestRepo-15-03-16-09.59.21/ccnSyncTest/slice9/round2/randomFile/=FD05506393D1BE/=0016 - number is 22
三月 16, 2015 10:00:29 上午 org.ccnx.ccn.profiles.sync.SyncTestRepo doHandleContentName
信息: Number 3: Callback for name: /ccnx.org/test/SyncTestRepo-15-03-16-09.59.21/ccnSyncTest/slice9/round2/randomFile/=FD05506393D1BE/=0016 - number is 22
三月 16, 2015 10:00:29 上午 org.ccnx.ccn.profiles.sync.SyncTestRepo doHandleContentName
信息: Number 3: Callback for name: /ccnx.org/test/SyncTestRepo-15-03-16-09.59.21/ccnSyncTest/slice9/round2/randomFile/=FD05506393D1BE/=0017 - number is 23
三月 16, 2015 10:00:29 上午 org.ccnx.ccn.profiles.sync.SyncTestRepo doHandleContentName
信息: Number 2: Callback for name: /ccnx.org/test/SyncTestRepo-15-03-16-09.59.21/ccnSyncTest/slice9/round2/randomFile/=FD05506393D1BE/=0017 - number is 23
三月 16, 2015 10:00:29 上午 org.ccnx.ccn.profiles.sync.SyncTestRepo doHandleContentName
信息: Number 3: Callback for name: /ccnx.org/test/SyncTestRepo-15-03-16-09.59.21/ccnSyncTest/slice9/round2/randomFile/=FD05506393D1BE/=0018 - number is 24
三月 16, 2015 10:00:29 上午 org.ccnx.ccn.profiles.sync.SyncTestRepo doHandleContentName
信息: Number 2: Callback for name: /ccnx.org/test/SyncTestRepo-15-03-16-09.59.21/ccnSyncTest/slice9/round2/randomFile/=FD05506393D1BE/=0018 - number is 24
三月 16, 2015 10:00:29 上午 org.ccnx.ccn.profiles.sync.SyncTestRepo doHandleContentName
信息: Number 2: Callback for name: /ccnx.org/test/SyncTestRepo-15-03-16-09.59.21/ccnSyncTest/slice9/round2/randomFile/=FD05506393D1BE/=0019 - number is 25
三月 16, 2015 10:00:29 上午 org.ccnx.ccn.profiles.sync.SyncTestRepo doHandleContentName
信息: Number 3: Callback for name: /ccnx.org/test/SyncTestRepo-15-03-16-09.59.21/ccnSyncTest/slice9/round2/randomFile/=FD05506393D1BE/=0019 - number is 25
三月 16, 2015 10:00:29 上午 org.ccnx.ccn.profiles.sync.SyncTestRepo doHandleContentName
信息: Number 2: Callback for name: /ccnx.org/test/SyncTestRepo-15-03-16-09.59.21/ccnSyncTest/slice9/round2/randomFile/=FD05506393D1BE/=001A - number is 26
三月 16, 2015 10:00:29 上午 org.ccnx.ccn.profiles.sync.SyncTestRepo doHandleContentName
信息: Number 3: Callback for name: /ccnx.org/test/SyncTestRepo-15-03-16-09.59.21/ccnSyncTest/slice9/round2/randomFile/=FD05506393D1BE/=001A - number is 26
三月 16, 2015 10:00:29 上午 org.ccnx.ccn.profiles.sync.SyncTestRepo doHandleContentName
信息: Number 2: Callback for name: /ccnx.org/test/SyncTestRepo-15-03-16-09.59.21/ccnSyncTest/slice9/round2/randomFile/=FD05506393D1BE/=001B - number is 27
三月 16, 2015 10:00:29 上午 org.ccnx.ccn.profiles.sync.SyncTestRepo doHandleContentName
信息: Number 3: Callback for name: /ccnx.org/test/SyncTestRepo-15-03-16-09.59.21/ccnSyncTest/slice9/round2/randomFile/=FD05506393D1BE/=001B - number is 27
三月 16, 2015 10:00:29 上午 org.ccnx.ccn.profiles.sync.SyncTestRepo doHandleContentName
信息: Number 2: Callback for name: /ccnx.org/test/SyncTestRepo-15-03-16-09.59.21/ccnSyncTest/slice9/round2/randomFile/=FD05506393D1BE/=001C - number is 28
三月 16, 2015 10:00:29 上午 org.ccnx.ccn.profiles.sync.SyncTestRepo doHandleContentName
信息: Number 3: Callback for name: /ccnx.org/test/SyncTestRepo-15-03-16-09.59.21/ccnSyncTest/slice9/round2/randomFile/=FD05506393D1BE/=001C - number is 28
三月 16, 2015 10:00:29 上午 org.ccnx.ccn.profiles.sync.SyncTestRepo doHandleContentName
信息: Number 3: Callback for name: /ccnx.org/test/SyncTestRepo-15-03-16-09.59.21/ccnSyncTest/slice9/round2/randomFile/=FD05506393D1BE/=001D - number is 29
三月 16, 2015 10:00:29 上午 org.ccnx.ccn.profiles.sync.SyncTestRepo doHandleContentName
信息: Number 2: Callback for name: /ccnx.org/test/SyncTestRepo-15-03-16-09.59.21/ccnSyncTest/slice9/round2/randomFile/=FD05506393D1BE/=001D - number is 29
三月 16, 2015 10:00:29 上午 org.ccnx.ccn.profiles.sync.SyncTestRepo doHandleContentName
信息: Number 3: Callback for name: /ccnx.org/test/SyncTestRepo-15-03-16-09.59.21/ccnSyncTest/slice9/round2/randomFile/=FD05506393D1BE/=001E - number is 30
三月 16, 2015 10:00:29 上午 org.ccnx.ccn.profiles.sync.SyncTestRepo doHandleContentName
信息: Number 2: Callback for name: /ccnx.org/test/SyncTestRepo-15-03-16-09.59.21/ccnSyncTest/slice9/round2/randomFile/=FD05506393D1BE/=001E - number is 30
三月 16, 2015 10:00:29 上午 org.ccnx.ccn.profiles.sync.SyncTestRepo doHandleContentName
信息: Number 3: Callback for name: /ccnx.org/test/SyncTestRepo-15-03-16-09.59.21/ccnSyncTest/slice9/round2/randomFile/=FD05506393D1BE/=001F - number is 31
三月 16, 2015 10:00:29 上午 org.ccnx.ccn.profiles.sync.SyncTestRepo doHandleContentName
信息: Number 2: Callback for name: /ccnx.org/test/SyncTestRepo-15-03-16-09.59.21/ccnSyncTest/slice9/round2/randomFile/=FD05506393D1BE/=001F - number is 31
三月 16, 2015 10:00:29 上午 org.ccnx.ccn.profiles.sync.SyncTestRepo doHandleContentName
信息: Number 3: Callback for name: /ccnx.org/test/SyncTestRepo-15-03-16-09.59.21/ccnSyncTest/slice9/round2/randomFile/=FD05506393D1BE/=0020 - number is 32
三月 16, 2015 10:00:29 上午 org.ccnx.ccn.profiles.sync.SyncTestRepo doHandleContentName
信息: Number 2: Callback for name: /ccnx.org/test/SyncTestRepo-15-03-16-09.59.21/ccnSyncTest/slice9/round2/randomFile/=FD05506393D1BE/=0020 - number is 32
三月 16, 2015 10:00:29 上午 org.ccnx.ccn.profiles.sync.SyncTestRepo doHandleContentName
信息: Number 3: Callback for name: /ccnx.org/test/SyncTestRepo-15-03-16-09.59.21/ccnSyncTest/slice9/round2/randomFile/=FD05506393D1BE/=0021 - number is 33
三月 16, 2015 10:00:29 上午 org.ccnx.ccn.profiles.sync.SyncTestRepo doHandleContentName
信息: Number 2: Callback for name: /ccnx.org/test/SyncTestRepo-15-03-16-09.59.21/ccnSyncTest/slice9/round2/randomFile/=FD05506393D1BE/=0021 - number is 33
三月 16, 2015 10:00:29 上午 org.ccnx.ccn.profiles.sync.SyncTestRepo doHandleContentName
信息: Number 2: Callback for name: /ccnx.org/test/SyncTestRepo-15-03-16-09.59.21/ccnSyncTest/slice9/round2/randomFile/=FD05506393D1BE/=0022 - number is 34
三月 16, 2015 10:00:29 上午 org.ccnx.ccn.profiles.sync.SyncTestRepo doHandleContentName
信息: Number 3: Callback for name: /ccnx.org/test/SyncTestRepo-15-03-16-09.59.21/ccnSyncTest/slice9/round2/randomFile/=FD05506393D1BE/=0022 - number is 34
三月 16, 2015 10:00:29 上午 org.ccnx.ccn.profiles.sync.SyncTestRepo doHandleContentName
信息: Number 2: Callback for name: /ccnx.org/test/SyncTestRepo-15-03-16-09.59.21/ccnSyncTest/slice9/round2/randomFile/=FD05506393D1BE/=0023 - number is 35
三月 16, 2015 10:00:29 上午 org.ccnx.ccn.profiles.sync.SyncTestRepo doHandleContentName
信息: Number 3: Callback for name: /ccnx.org/test/SyncTestRepo-15-03-16-09.59.21/ccnSyncTest/slice9/round2/randomFile/=FD05506393D1BE/=0023 - number is 35
三月 16, 2015 10:00:29 上午 org.ccnx.ccn.profiles.sync.SyncTestRepo doHandleContentName
信息: Number 2: Callback for name: /ccnx.org/test/SyncTestRepo-15-03-16-09.59.21/ccnSyncTest/slice9/round2/randomFile/=FD05506393D1BE/=0024 - number is 36
三月 16, 2015 10:00:29 上午 org.ccnx.ccn.profiles.sync.SyncTestRepo doHandleContentName
信息: Number 3: Callback for name: /ccnx.org/test/SyncTestRepo-15-03-16-09.59.21/ccnSyncTest/slice9/round2/randomFile/=FD05506393D1BE/=0024 - number is 36
三月 16, 2015 10:00:29 上午 org.ccnx.ccn.profiles.sync.SyncTestRepo doHandleContentName
信息: Number 2: Callback for name: /ccnx.org/test/SyncTestRepo-15-03-16-09.59.21/ccnSyncTest/slice9/round2/randomFile/=FD05506393D1BE/=0025 - number is 37
三月 16, 2015 10:00:29 上午 org.ccnx.ccn.profiles.sync.SyncTestRepo doHandleContentName
信息: Number 3: Callback for name: /ccnx.org/test/SyncTestRepo-15-03-16-09.59.21/ccnSyncTest/slice9/round2/randomFile/=FD05506393D1BE/=0025 - number is 37
三月 16, 2015 10:00:29 上午 org.ccnx.ccn.profiles.sync.SyncTestRepo doHandleContentName
信息: Number 2: Callback for name: /ccnx.org/test/SyncTestRepo-15-03-16-09.59.21/ccnSyncTest/slice9/round2/randomFile/=FD05506393D1BE/=0026 - number is 38
三月 16, 2015 10:00:29 上午 org.ccnx.ccn.profiles.sync.SyncTestRepo doHandleContentName
信息: Number 2: Callback for name: /ccnx.org/test/SyncTestRepo-15-03-16-09.59.21/ccnSyncTest/slice9/round2/randomFile/=FD05506393D1BE/=0027 - number is 39
三月 16, 2015 10:00:29 上午 org.ccnx.ccn.profiles.sync.SyncTestRepo doHandleContentName
信息: Number 3: Callback for name: /ccnx.org/test/SyncTestRepo-15-03-16-09.59.21/ccnSyncTest/slice9/round2/randomFile/=FD05506393D1BE/=0026 - number is 38
三月 16, 2015 10:00:29 上午 org.ccnx.ccn.profiles.sync.SyncTestRepo doHandleContentName
信息: Number 2: Callback for name: /ccnx.org/test/SyncTestRepo-15-03-16-09.59.21/ccnSyncTest/slice9/round2/randomFile/=FD05506393D1BE/%C1.META.M/.header/=FD05506393D239/=00 - number is header
三月 16, 2015 10:00:29 上午 org.ccnx.ccn.profiles.sync.SyncTestRepo doHandleContentName
信息: Number 3: Callback for name: /ccnx.org/test/SyncTestRepo-15-03-16-09.59.21/ccnSyncTest/slice9/round2/randomFile/=FD05506393D1BE/=0027 - number is 39
三月 16, 2015 10:00:29 上午 org.ccnx.ccn.profiles.sync.SyncTestRepo doHandleContentName
信息: Number 3: Callback for name: /ccnx.org/test/SyncTestRepo-15-03-16-09.59.21/ccnSyncTest/slice9/round2/randomFile/=FD05506393D1BE/%C1.META.M/.header/=FD05506393D239/=00 - number is header
三月 16, 2015 10:00:29 上午 org.ccnx.ccn.impl.sync.SliceComparator updateCurrent
信息: Resetting current to created head: =28AF9DA103E259AD6F0FD518EAAA5AE55ABAD43F59CB2EC19E12F19717EB960BC6
三月 16, 2015 10:00:29 上午 org.ccnx.ccn.impl.sync.SliceComparator updateCurrent
信息: Resetting current to created head: =28AF9DA103E259AD6F0FD518EAAA5AE55ABAD43F59CB2EC19E12F19717EB960BC6
三月 16, 2015 10:00:30 上午 org.ccnx.ccn.impl.sync.ProtocolBasedSyncMonitor shutdown
信息: Shutting down sync on slice: /ccnx.org/test/SyncTestRepo-15-03-16-09.59.21/ccnSyncTest/slice9
三月 16, 2015 10:00:30 上午 org.ccnx.ccn.profiles.sync.SyncTestRepo testMultiSync
信息: Finished running testMultiSync
三月 16, 2015 10:00:30 上午 org.ccnx.ccn.profiles.sync.SyncTestRepo testSyncRecovery
信息: Starting testSyncRecovery
三月 16, 2015 10:00:30 上午 org.ccnx.ccn.io.content.CCNNetworkObject createFlowController
信息: Created LOCALREPOSITORY flow controller, for prefix /%C1.M.S.localhost/%C1.S.cs/=2C8E9188986CDF2A105DE6B835E792C68E4634558CA29C7787309099A7B4BD63, save type LOCALREPOSITORY
三月 16, 2015 10:00:30 上午 org.ccnx.ccn.profiles.VersioningProfile getLatestVersion
信息: getFirstBlockOfLatestVersion: no block available for later version of /%C1.M.S.localhost/%C1.S.cs/=2C8E9188986CDF2A105DE6B835E792C68E4634558CA29C7787309099A7B4BD63
三月 16, 2015 10:00:30 上午 org.ccnx.ccn.impl.CCNFlowControl addNameSpace
信息: Flow controller addNameSpace: added namespace: /%C1.M.S.localhost/%C1.S.cs/=2C8E9188986CDF2A105DE6B835E792C68E4634558CA29C7787309099A7B4BD63
三月 16, 2015 10:00:30 上午 org.ccnx.ccn.impl.security.keys.BasicKeyManager getKeyLocator
信息: getKeyLocator: returning locator NAME: /ccnx.org/Users/cb/Keys/%C1.M.K%00K=B082A16E5382FBAAA09FBE303E24E042E37E88C290E054292521DECA236523/=FD055059931000 KEY:itggagmsks2vela17tu60v29o22sdv8hgkgs1a2i991rr526p93 for key S7CCoW5TgvuqoJ++MD4k4ELjfojCkOBUKSUh3sojZSM=
三月 16, 2015 10:00:30 上午 org.ccnx.ccn.io.CCNAbstractOutputStream <init>
信息: CCNAbstractOutputStream: /%C1.M.S.localhost/%C1.S.cs/=2C8E9188986CDF2A105DE6B835E792C68E4634558CA29C7787309099A7B4BD63/=FD05506393E78D blocksize is 4096
三月 16, 2015 10:00:30 上午 org.ccnx.ccn.io.CCNAbstractOutputStream startWrite
信息: CCNAbstractOutputStream: startWrite -- searching for keys.
三月 16, 2015 10:00:30 上午 org.ccnx.ccn.profiles.security.access.AccessControlManager keysForOutput
信息: keysForOutput: found an acm: (null)
三月 16, 2015 10:00:30 上午 org.ccnx.ccn.impl.repo.RepositoryFlowControl startWrite
信息: RepositoryFlowControl.startWrite called for name /%C1.M.S.localhost/%C1.S.cs/=2C8E9188986CDF2A105DE6B835E792C68E4634558CA29C7787309099A7B4BD63/=FD05506393E78D, shape STREAM
三月 16, 2015 10:00:30 上午 org.ccnx.ccn.impl.repo.RepositoryFlowControl handleContent
信息: handleContent: got potential repo message: /%C1.M.S.localhost/%C1.S.cs/=2C8E9188986CDF2A105DE6B835E792C68E4634558CA29C7787309099A7B4BD63/=FD05506393E78D/%C1.R.sw/%C1.N%00a=DFB64B424653AA
三月 16, 2015 10:00:30 上午 org.ccnx.ccn.io.CCNOutputStream flushToNetwork
信息: flush: outputting to the segmenter, baseName /%C1.M.S.localhost/%C1.S.cs/=2C8E9188986CDF2A105DE6B835E792C68E4634558CA29C7787309099A7B4BD63/=FD05506393E78D basenameindex =00; 163 bytes written, holding back 163 flushing final blocks? false.
三月 16, 2015 10:00:30 上午 org.ccnx.ccn.io.CCNOutputStream flushToNetwork
信息: HEADER: CCNOutputStream: flushToNetwork: new _baseNameIndex 0
三月 16, 2015 10:00:30 上午 org.ccnx.ccn.io.CCNOutputStream flushToNetwork
信息: flush: outputting to the segmenter, baseName /%C1.M.S.localhost/%C1.S.cs/=2C8E9188986CDF2A105DE6B835E792C68E4634558CA29C7787309099A7B4BD63/=FD05506393E78D basenameindex =00; 163 bytes written, holding back 0 flushing final blocks? true.
三月 16, 2015 10:00:30 上午 org.ccnx.ccn.io.CCNOutputStream flushToNetwork
信息: HEADER: CCNOutputStream: flushToNetwork: new _baseNameIndex 1
三月 16, 2015 10:00:30 上午 org.ccnx.ccn.io.CCNOutputStream close
信息: CCNOutputStream close: /%C1.M.S.localhost/%C1.S.cs/=2C8E9188986CDF2A105DE6B835E792C68E4634558CA29C7787309099A7B4BD63/=FD05506393E78D
三月 16, 2015 10:00:30 上午 org.ccnx.ccn.impl.sync.SliceComparator <init>
信息: Beginning sync monitoring from start
三月 16, 2015 10:00:30 上午 org.ccnx.ccn.CCNSync startSync
信息: Started sync with topo: /ccnx.org/test/SyncTestRepo-15-03-16-09.59.21/topoPrefix and prefix: /ccnx.org/test/SyncTestRepo-15-03-16-09.59.21/ccnSyncTest/slice10
三月 16, 2015 10:00:30 上午 org.ccnx.ccn.impl.CCNFlowControl <init>
信息: adding namespace: /ccnx.org/test/SyncTestRepo-15-03-16-09.59.21/ccnSyncTest/slice10/randomFile
三月 16, 2015 10:00:30 上午 org.ccnx.ccn.impl.security.keys.BasicKeyManager getKeyLocator
信息: getKeyLocator: returning locator NAME: /ccnx.org/Users/cb/Keys/%C1.M.K%00K=B082A16E5382FBAAA09FBE303E24E042E37E88C290E054292521DECA236523/=FD055059931000 KEY:itggagmsks2vela17tu60v29o22sdv8hgkgs1a2i991rr526p93 for key S7CCoW5TgvuqoJ++MD4k4ELjfojCkOBUKSUh3sojZSM=
三月 16, 2015 10:00:30 上午 org.ccnx.ccn.io.CCNAbstractOutputStream <init>
信息: CCNAbstractOutputStream: /ccnx.org/test/SyncTestRepo-15-03-16-09.59.21/ccnSyncTest/slice10/randomFile/=FD05506393E979 blocksize is 4096
三月 16, 2015 10:00:30 上午 org.ccnx.ccn.io.CCNAbstractOutputStream startWrite
信息: CCNAbstractOutputStream: startWrite -- searching for keys.
三月 16, 2015 10:00:30 上午 org.ccnx.ccn.profiles.security.access.AccessControlManager keysForOutput
信息: keysForOutput: found an acm: (null)
三月 16, 2015 10:00:30 上午 org.ccnx.ccn.impl.repo.RepositoryFlowControl startWrite
信息: RepositoryFlowControl.startWrite called for name /ccnx.org/test/SyncTestRepo-15-03-16-09.59.21/ccnSyncTest/slice10/randomFile/=FD05506393E979, shape STREAM
三月 16, 2015 10:00:30 上午 org.ccnx.ccn.impl.repo.RepositoryFlowControl handleContent
信息: handleContent: got potential repo message: /ccnx.org/test/SyncTestRepo-15-03-16-09.59.21/ccnSyncTest/slice10/randomFile/=FD05506393E979/%C1.R.sw/%C1.N=00EEFD9714BBD3ED34
三月 16, 2015 10:00:30 上午 org.ccnx.ccn.io.CCNOutputStream flushToNetwork
信息: flush: outputting to the segmenter, baseName /ccnx.org/test/SyncTestRepo-15-03-16-09.59.21/ccnSyncTest/slice10/randomFile/=FD05506393E979 basenameindex =00; 4096 bytes written, holding back 4096 flushing final blocks? false.
三月 16, 2015 10:00:30 上午 org.ccnx.ccn.io.CCNOutputStream flushToNetwork
信息: HEADER: CCNOutputStream: flushToNetwork: new _baseNameIndex 0
三月 16, 2015 10:00:30 上午 org.ccnx.ccn.io.CCNOutputStream flushToNetwork
信息: flush: outputting to the segmenter, baseName /ccnx.org/test/SyncTestRepo-15-03-16-09.59.21/ccnSyncTest/slice10/randomFile/=FD05506393E979 basenameindex =00; 4096 bytes written, holding back 4096 flushing final blocks? false.
三月 16, 2015 10:00:30 上午 org.ccnx.ccn.io.CCNOutputStream flushToNetwork
信息: HEADER: CCNOutputStream: flushToNetwork: new _baseNameIndex 0
三月 16, 2015 10:00:30 上午 org.ccnx.ccn.io.CCNOutputStream flushToNetwork
信息: flush: outputting to the segmenter, baseName /ccnx.org/test/SyncTestRepo-15-03-16-09.59.21/ccnSyncTest/slice10/randomFile/=FD05506393E979 basenameindex =00; 4096 bytes written, holding back 0 flushing final blocks? true.
三月 16, 2015 10:00:30 上午 org.ccnx.ccn.io.CCNOutputStream flushToNetwork
信息: HEADER: CCNOutputStream: flushToNetwork: new _baseNameIndex 1
三月 16, 2015 10:00:30 上午 org.ccnx.ccn.io.CCNAbstractOutputStream <init>
信息: CCNAbstractOutputStream: /ccnx.org/test/SyncTestRepo-15-03-16-09.59.21/ccnSyncTest/slice10/randomFile/=FD05506393E979/%C1.META.M/.header/=FD05506393E9A6 blocksize is 4096
三月 16, 2015 10:00:30 上午 org.ccnx.ccn.io.CCNAbstractOutputStream startWrite
信息: CCNAbstractOutputStream: startWrite -- searching for keys.
三月 16, 2015 10:00:30 上午 org.ccnx.ccn.profiles.security.access.AccessControlManager keysForOutput
信息: keysForOutput: found an acm: (null)
三月 16, 2015 10:00:30 上午 org.ccnx.ccn.impl.repo.RepositoryFlowControl startWrite
信息: RepositoryFlowControl.startWrite called for name /ccnx.org/test/SyncTestRepo-15-03-16-09.59.21/ccnSyncTest/slice10/randomFile/=FD05506393E979/%C1.META.M/.header/=FD05506393E9A6, shape STREAM
三月 16, 2015 10:00:30 上午 org.ccnx.ccn.impl.repo.RepositoryFlowControl handleContent
信息: handleContent: got potential repo message: /ccnx.org/test/SyncTestRepo-15-03-16-09.59.21/ccnSyncTest/slice10/randomFile/=FD05506393E979/%C1.META.M/.header/=FD05506393E9A6/%C1.R.sw/%C1.N=00138201E094E8A8AD
三月 16, 2015 10:00:30 上午 org.ccnx.ccn.io.CCNOutputStream flushToNetwork
信息: flush: outputting to the segmenter, baseName /ccnx.org/test/SyncTestRepo-15-03-16-09.59.21/ccnSyncTest/slice10/randomFile/=FD05506393E979/%C1.META.M/.header/=FD05506393E9A6 basenameindex =00; 66 bytes written, holding back 66 flushing final blocks? false.
三月 16, 2015 10:00:30 上午 org.ccnx.ccn.io.CCNOutputStream flushToNetwork
信息: HEADER: CCNOutputStream: flushToNetwork: new _baseNameIndex 0
三月 16, 2015 10:00:30 上午 org.ccnx.ccn.io.CCNOutputStream flushToNetwork
信息: flush: outputting to the segmenter, baseName /ccnx.org/test/SyncTestRepo-15-03-16-09.59.21/ccnSyncTest/slice10/randomFile/=FD05506393E979/%C1.META.M/.header/=FD05506393E9A6 basenameindex =00; 66 bytes written, holding back 66 flushing final blocks? false.
三月 16, 2015 10:00:30 上午 org.ccnx.ccn.io.CCNOutputStream flushToNetwork
信息: HEADER: CCNOutputStream: flushToNetwork: new _baseNameIndex 0
三月 16, 2015 10:00:30 上午 org.ccnx.ccn.io.CCNOutputStream flushToNetwork
信息: flush: outputting to the segmenter, baseName /ccnx.org/test/SyncTestRepo-15-03-16-09.59.21/ccnSyncTest/slice10/randomFile/=FD05506393E979/%C1.META.M/.header/=FD05506393E9A6 basenameindex =00; 66 bytes written, holding back 0 flushing final blocks? true.
三月 16, 2015 10:00:30 上午 org.ccnx.ccn.io.CCNOutputStream flushToNetwork
信息: HEADER: CCNOutputStream: flushToNetwork: new _baseNameIndex 1
三月 16, 2015 10:00:30 上午 org.ccnx.ccn.io.CCNOutputStream close
信息: CCNOutputStream close: /ccnx.org/test/SyncTestRepo-15-03-16-09.59.21/ccnSyncTest/slice10/randomFile/=FD05506393E979/%C1.META.M/.header/=FD05506393E9A6
三月 16, 2015 10:00:30 上午 org.ccnx.ccn.io.CCNOutputStream close
信息: CCNOutputStream close: /ccnx.org/test/SyncTestRepo-15-03-16-09.59.21/ccnSyncTest/slice10/randomFile/=FD05506393E979
三月 16, 2015 10:00:30 上午 org.ccnx.ccn.profiles.sync.SyncTestCommon writeFile
信息: Wrote file to repository: /ccnx.org/test/SyncTestRepo-15-03-16-09.59.21/ccnSyncTest/slice10/randomFile/=FD05506393E979 with 2 segments
三月 16, 2015 10:00:34 上午 org.ccnx.ccn.impl.sync.ProtocolBasedSyncMonitor handleContent
信息: Saw new content from sync: /ccnx.org/test/SyncTestRepo-15-03-16-09.59.21/topoPrefix/%C1.S.ra/=2C8E9188986CDF2A105DE6B835E792C68E4634558CA29C7787309099A7B4BD63/.../=010E31D5944B1A823F50F720BD8BDD15474FDFB4B1559E99E737A3081870084C72
三月 16, 2015 10:00:34 上午 org.ccnx.ccn.impl.encoding.BinaryXMLDecoder setElement
信息: Reset decode array sizes to 150
三月 16, 2015 10:00:34 上午 org.ccnx.ccn.impl.encoding.BinaryXMLDecoder setElement
信息: Reset decode array sizes to 225
三月 16, 2015 10:00:34 上午 org.ccnx.ccn.impl.sync.SliceComparator run
信息: Starting new round with X = null and Y = =010E31D5944B1A823F50F720BD8BDD15474FDFB4B1559E99E737A3081870084C72
三月 16, 2015 10:00:34 上午 org.ccnx.ccn.profiles.sync.SyncTestRepo doHandleContentName
信息: Number 1: Callback for name: /ccnx.org/test/SyncTestRepo-15-03-16-09.59.21/ccnSyncTest/slice10/randomFile/=FD05506393E979/=00 - number is 0
三月 16, 2015 10:00:34 上午 org.ccnx.ccn.profiles.sync.SyncTestRepo doHandleContentName
信息: Number 1: Callback for name: /ccnx.org/test/SyncTestRepo-15-03-16-09.59.21/ccnSyncTest/slice10/randomFile/=FD05506393E979/%C1.META.M/.header/=FD05506393E9A6/=00 - number is header
三月 16, 2015 10:00:35 上午 org.ccnx.ccn.impl.CCNFlowControl <init>
信息: adding namespace: /ccnx.org/test/SyncTestRepo-15-03-16-09.59.21/ccnSyncTest/slice10/round11/randomFile
三月 16, 2015 10:00:35 上午 org.ccnx.ccn.impl.security.keys.BasicKeyManager getKeyLocator
信息: getKeyLocator: returning locator NAME: /ccnx.org/Users/cb/Keys/%C1.M.K%00K=B082A16E5382FBAAA09FBE303E24E042E37E88C290E054292521DECA236523/=FD055059931000 KEY:itggagmsks2vela17tu60v29o22sdv8hgkgs1a2i991rr526p93 for key S7CCoW5TgvuqoJ++MD4k4ELjfojCkOBUKSUh3sojZSM=
三月 16, 2015 10:00:35 上午 org.ccnx.ccn.io.CCNAbstractOutputStream <init>
信息: CCNAbstractOutputStream: /ccnx.org/test/SyncTestRepo-15-03-16-09.59.21/ccnSyncTest/slice10/round11/randomFile/=FD0550639432A8 blocksize is 4096
三月 16, 2015 10:00:35 上午 org.ccnx.ccn.io.CCNAbstractOutputStream startWrite
信息: CCNAbstractOutputStream: startWrite -- searching for keys.
三月 16, 2015 10:00:35 上午 org.ccnx.ccn.profiles.security.access.AccessControlManager keysForOutput
信息: keysForOutput: found an acm: (null)
三月 16, 2015 10:00:35 上午 org.ccnx.ccn.impl.repo.RepositoryFlowControl startWrite
信息: RepositoryFlowControl.startWrite called for name /ccnx.org/test/SyncTestRepo-15-03-16-09.59.21/ccnSyncTest/slice10/round11/randomFile/=FD0550639432A8, shape STREAM
三月 16, 2015 10:00:35 上午 org.ccnx.ccn.impl.repo.RepositoryFlowControl handleContent
信息: handleContent: got potential repo message: /ccnx.org/test/SyncTestRepo-15-03-16-09.59.21/ccnSyncTest/slice10/round11/randomFile/=FD0550639432A8/%C1.R.sw/%C1.N=000D9917DE9E0B0C9F
三月 16, 2015 10:00:35 上午 org.ccnx.ccn.io.CCNOutputStream flushToNetwork
信息: flush: outputting to the segmenter, baseName /ccnx.org/test/SyncTestRepo-15-03-16-09.59.21/ccnSyncTest/slice10/round11/randomFile/=FD0550639432A8 basenameindex =00; 4096 bytes written, holding back 4096 flushing final blocks? false.
三月 16, 2015 10:00:35 上午 org.ccnx.ccn.io.CCNOutputStream flushToNetwork
信息: HEADER: CCNOutputStream: flushToNetwork: new _baseNameIndex 0
三月 16, 2015 10:00:35 上午 org.ccnx.ccn.io.CCNOutputStream flushToNetwork
信息: flush: outputting to the segmenter, baseName /ccnx.org/test/SyncTestRepo-15-03-16-09.59.21/ccnSyncTest/slice10/round11/randomFile/=FD0550639432A8 basenameindex =00; 4096 bytes written, holding back 4096 flushing final blocks? false.
三月 16, 2015 10:00:35 上午 org.ccnx.ccn.io.CCNOutputStream flushToNetwork
信息: HEADER: CCNOutputStream: flushToNetwork: new _baseNameIndex 0
三月 16, 2015 10:00:35 上午 org.ccnx.ccn.io.CCNOutputStream flushToNetwork
信息: flush: outputting to the segmenter, baseName /ccnx.org/test/SyncTestRepo-15-03-16-09.59.21/ccnSyncTest/slice10/round11/randomFile/=FD0550639432A8 basenameindex =00; 4096 bytes written, holding back 0 flushing final blocks? true.
三月 16, 2015 10:00:35 上午 org.ccnx.ccn.io.CCNOutputStream flushToNetwork
信息: HEADER: CCNOutputStream: flushToNetwork: new _baseNameIndex 1
三月 16, 2015 10:00:35 上午 org.ccnx.ccn.io.CCNAbstractOutputStream <init>
信息: CCNAbstractOutputStream: /ccnx.org/test/SyncTestRepo-15-03-16-09.59.21/ccnSyncTest/slice10/round11/randomFile/=FD0550639432A8/%C1.META.M/.header/=FD0550639432DD blocksize is 4096
三月 16, 2015 10:00:35 上午 org.ccnx.ccn.io.CCNAbstractOutputStream startWrite
信息: CCNAbstractOutputStream: startWrite -- searching for keys.
三月 16, 2015 10:00:35 上午 org.ccnx.ccn.profiles.security.access.AccessControlManager keysForOutput
信息: keysForOutput: found an acm: (null)
三月 16, 2015 10:00:35 上午 org.ccnx.ccn.impl.repo.RepositoryFlowControl startWrite
信息: RepositoryFlowControl.startWrite called for name /ccnx.org/test/SyncTestRepo-15-03-16-09.59.21/ccnSyncTest/slice10/round11/randomFile/=FD0550639432A8/%C1.META.M/.header/=FD0550639432DD, shape STREAM
三月 16, 2015 10:00:35 上午 org.ccnx.ccn.impl.repo.RepositoryFlowControl handleContent
信息: handleContent: got potential repo message: /ccnx.org/test/SyncTestRepo-15-03-16-09.59.21/ccnSyncTest/slice10/round11/randomFile/=FD0550639432A8/%C1.META.M/.header/=FD0550639432DD/%C1.R.sw/%C1.N%00s%1DE%84e=CF1AEC
三月 16, 2015 10:00:35 上午 org.ccnx.ccn.io.CCNOutputStream flushToNetwork
信息: flush: outputting to the segmenter, baseName /ccnx.org/test/SyncTestRepo-15-03-16-09.59.21/ccnSyncTest/slice10/round11/randomFile/=FD0550639432A8/%C1.META.M/.header/=FD0550639432DD basenameindex =00; 66 bytes written, holding back 66 flushing final blocks? false.
三月 16, 2015 10:00:35 上午 org.ccnx.ccn.io.CCNOutputStream flushToNetwork
信息: HEADER: CCNOutputStream: flushToNetwork: new _baseNameIndex 0
三月 16, 2015 10:00:35 上午 org.ccnx.ccn.io.CCNOutputStream flushToNetwork
信息: flush: outputting to the segmenter, baseName /ccnx.org/test/SyncTestRepo-15-03-16-09.59.21/ccnSyncTest/slice10/round11/randomFile/=FD0550639432A8/%C1.META.M/.header/=FD0550639432DD basenameindex =00; 66 bytes written, holding back 66 flushing final blocks? false.
三月 16, 2015 10:00:35 上午 org.ccnx.ccn.io.CCNOutputStream flushToNetwork
信息: HEADER: CCNOutputStream: flushToNetwork: new _baseNameIndex 0
三月 16, 2015 10:00:35 上午 org.ccnx.ccn.io.CCNOutputStream flushToNetwork
信息: flush: outputting to the segmenter, baseName /ccnx.org/test/SyncTestRepo-15-03-16-09.59.21/ccnSyncTest/slice10/round11/randomFile/=FD0550639432A8/%C1.META.M/.header/=FD0550639432DD basenameindex =00; 66 bytes written, holding back 0 flushing final blocks? true.
三月 16, 2015 10:00:35 上午 org.ccnx.ccn.io.CCNOutputStream flushToNetwork
信息: HEADER: CCNOutputStream: flushToNetwork: new _baseNameIndex 1
三月 16, 2015 10:00:35 上午 org.ccnx.ccn.io.CCNOutputStream close
信息: CCNOutputStream close: /ccnx.org/test/SyncTestRepo-15-03-16-09.59.21/ccnSyncTest/slice10/round11/randomFile/=FD0550639432A8/%C1.META.M/.header/=FD0550639432DD
三月 16, 2015 10:00:35 上午 org.ccnx.ccn.io.CCNOutputStream close
信息: CCNOutputStream close: /ccnx.org/test/SyncTestRepo-15-03-16-09.59.21/ccnSyncTest/slice10/round11/randomFile/=FD0550639432A8
三月 16, 2015 10:00:35 上午 org.ccnx.ccn.profiles.sync.SyncTestCommon writeFile
信息: Wrote file to repository: /ccnx.org/test/SyncTestRepo-15-03-16-09.59.21/ccnSyncTest/slice10/round11/randomFile/=FD0550639432A8 with 2 segments
三月 16, 2015 10:00:35 上午 org.ccnx.ccn.impl.sync.ProtocolBasedSyncMonitor handleContent
信息: Saw new content from sync: /ccnx.org/test/SyncTestRepo-15-03-16-09.59.21/topoPrefix/%C1.S.ra/=2C8E9188986CDF2A105DE6B835E792C68E4634558CA29C7787309099A7B4BD63/=010E31D5944B1A823F50F720BD8BDD15474FDFB4B1559E99E737A3081870084C72/%02H=889D1C1C8C6EA88C78FA6DAB74E55155D8D7FF0EFB43B1995073F957AA07BD
三月 16, 2015 10:00:35 上午 org.ccnx.ccn.impl.encoding.BinaryXMLDecoder setElement
信息: Reset decode array sizes to 150
三月 16, 2015 10:00:35 上午 org.ccnx.ccn.impl.encoding.BinaryXMLDecoder setElement
信息: Reset decode array sizes to 225
三月 16, 2015 10:00:35 上午 org.ccnx.ccn.impl.encoding.BinaryXMLDecoder setElement
信息: Reset decode array sizes to 337
三月 16, 2015 10:00:35 上午 org.ccnx.ccn.impl.sync.SliceComparator run
信息: Starting new round with X = =010E31D5944B1A823F50F720BD8BDD15474FDFB4B1559E99E737A3081870084C72 and Y = %02H=889D1C1C8C6EA88C78FA6DAB74E55155D8D7FF0EFB43B1995073F957AA07BD
三月 16, 2015 10:00:35 上午 org.ccnx.ccn.profiles.sync.SyncTestRepo doHandleContentName
信息: Number 1: Callback for name: /ccnx.org/test/SyncTestRepo-15-03-16-09.59.21/ccnSyncTest/slice10/round11/randomFile/=FD0550639432A8/=00 - number is 0
三月 16, 2015 10:00:35 上午 org.ccnx.ccn.profiles.sync.SyncTestRepo doHandleContentName
信息: Number 1: Callback for name: /ccnx.org/test/SyncTestRepo-15-03-16-09.59.21/ccnSyncTest/slice10/round11/randomFile/=FD0550639432A8/%C1.META.M/.header/=FD0550639432DD/=00 - number is header
三月 16, 2015 10:00:35 上午 org.ccnx.ccn.impl.sync.SliceComparator updateCurrent
信息: Resetting current to created head: %02H=889D1C1C8C6EA88C78FA6DAB74E55155D8D7FF0EFB43B1995073F957AA07BD
三月 16, 2015 10:00:35 上午 org.ccnx.ccn.impl.CCNFlowControl <init>
信息: adding namespace: /ccnx.org/test/SyncTestRepo-15-03-16-09.59.21/ccnSyncTest/slice10/round12/randomFile
三月 16, 2015 10:00:35 上午 org.ccnx.ccn.impl.security.keys.BasicKeyManager getKeyLocator
信息: getKeyLocator: returning locator NAME: /ccnx.org/Users/cb/Keys/%C1.M.K%00K=B082A16E5382FBAAA09FBE303E24E042E37E88C290E054292521DECA236523/=FD055059931000 KEY:itggagmsks2vela17tu60v29o22sdv8hgkgs1a2i991rr526p93 for key S7CCoW5TgvuqoJ++MD4k4ELjfojCkOBUKSUh3sojZSM=
三月 16, 2015 10:00:35 上午 org.ccnx.ccn.io.CCNAbstractOutputStream <init>
信息: CCNAbstractOutputStream: /ccnx.org/test/SyncTestRepo-15-03-16-09.59.21/ccnSyncTest/slice10/round12/randomFile/=FD055063943BD3 blocksize is 4096
三月 16, 2015 10:00:35 上午 org.ccnx.ccn.io.CCNAbstractOutputStream startWrite
信息: CCNAbstractOutputStream: startWrite -- searching for keys.
三月 16, 2015 10:00:35 上午 org.ccnx.ccn.profiles.security.access.AccessControlManager keysForOutput
信息: keysForOutput: found an acm: (null)
三月 16, 2015 10:00:35 上午 org.ccnx.ccn.impl.repo.RepositoryFlowControl startWrite
信息: RepositoryFlowControl.startWrite called for name /ccnx.org/test/SyncTestRepo-15-03-16-09.59.21/ccnSyncTest/slice10/round12/randomFile/=FD055063943BD3, shape STREAM
三月 16, 2015 10:00:35 上午 org.ccnx.ccn.impl.repo.RepositoryFlowControl handleContent
信息: handleContent: got potential repo message: /ccnx.org/test/SyncTestRepo-15-03-16-09.59.21/ccnSyncTest/slice10/round12/randomFile/=FD055063943BD3/%C1.R.sw/%C1.N=00BE0F91C8B17DCAB7
三月 16, 2015 10:00:35 上午 org.ccnx.ccn.io.CCNOutputStream flushToNetwork
信息: flush: outputting to the segmenter, baseName /ccnx.org/test/SyncTestRepo-15-03-16-09.59.21/ccnSyncTest/slice10/round12/randomFile/=FD055063943BD3 basenameindex =00; 4096 bytes written, holding back 4096 flushing final blocks? false.
三月 16, 2015 10:00:35 上午 org.ccnx.ccn.io.CCNOutputStream flushToNetwork
信息: HEADER: CCNOutputStream: flushToNetwork: new _baseNameIndex 0
三月 16, 2015 10:00:35 上午 org.ccnx.ccn.io.CCNOutputStream flushToNetwork
信息: flush: outputting to the segmenter, baseName /ccnx.org/test/SyncTestRepo-15-03-16-09.59.21/ccnSyncTest/slice10/round12/randomFile/=FD055063943BD3 basenameindex =00; 4096 bytes written, holding back 4096 flushing final blocks? false.
三月 16, 2015 10:00:35 上午 org.ccnx.ccn.io.CCNOutputStream flushToNetwork
信息: HEADER: CCNOutputStream: flushToNetwork: new _baseNameIndex 0
三月 16, 2015 10:00:35 上午 org.ccnx.ccn.io.CCNOutputStream flushToNetwork
信息: flush: outputting to the segmenter, baseName /ccnx.org/test/SyncTestRepo-15-03-16-09.59.21/ccnSyncTest/slice10/round12/randomFile/=FD055063943BD3 basenameindex =00; 4096 bytes written, holding back 0 flushing final blocks? true.
三月 16, 2015 10:00:35 上午 org.ccnx.ccn.io.CCNOutputStream flushToNetwork
信息: HEADER: CCNOutputStream: flushToNetwork: new _baseNameIndex 1
三月 16, 2015 10:00:35 上午 org.ccnx.ccn.io.CCNAbstractOutputStream <init>
信息: CCNAbstractOutputStream: /ccnx.org/test/SyncTestRepo-15-03-16-09.59.21/ccnSyncTest/slice10/round12/randomFile/=FD055063943BD3/%C1.META.M/.header/=FD055063943C08 blocksize is 4096
三月 16, 2015 10:00:35 上午 org.ccnx.ccn.io.CCNAbstractOutputStream startWrite
信息: CCNAbstractOutputStream: startWrite -- searching for keys.
三月 16, 2015 10:00:35 上午 org.ccnx.ccn.profiles.security.access.AccessControlManager keysForOutput
信息: keysForOutput: found an acm: (null)
三月 16, 2015 10:00:35 上午 org.ccnx.ccn.impl.repo.RepositoryFlowControl startWrite
信息: RepositoryFlowControl.startWrite called for name /ccnx.org/test/SyncTestRepo-15-03-16-09.59.21/ccnSyncTest/slice10/round12/randomFile/=FD055063943BD3/%C1.META.M/.header/=FD055063943C08, shape STREAM
三月 16, 2015 10:00:35 上午 org.ccnx.ccn.impl.repo.RepositoryFlowControl handleContent
信息: handleContent: got potential repo message: /ccnx.org/test/SyncTestRepo-15-03-16-09.59.21/ccnSyncTest/slice10/round12/randomFile/=FD055063943BD3/%C1.META.M/.header/=FD055063943C08/%C1.R.sw/%C1.N=002B52BE5DED65249F
三月 16, 2015 10:00:35 上午 org.ccnx.ccn.io.CCNOutputStream flushToNetwork
信息: flush: outputting to the segmenter, baseName /ccnx.org/test/SyncTestRepo-15-03-16-09.59.21/ccnSyncTest/slice10/round12/randomFile/=FD055063943BD3/%C1.META.M/.header/=FD055063943C08 basenameindex =00; 66 bytes written, holding back 66 flushing final blocks? false.
三月 16, 2015 10:00:35 上午 org.ccnx.ccn.io.CCNOutputStream flushToNetwork
信息: HEADER: CCNOutputStream: flushToNetwork: new _baseNameIndex 0
三月 16, 2015 10:00:35 上午 org.ccnx.ccn.io.CCNOutputStream flushToNetwork
信息: flush: outputting to the segmenter, baseName /ccnx.org/test/SyncTestRepo-15-03-16-09.59.21/ccnSyncTest/slice10/round12/randomFile/=FD055063943BD3/%C1.META.M/.header/=FD055063943C08 basenameindex =00; 66 bytes written, holding back 66 flushing final blocks? false.
三月 16, 2015 10:00:35 上午 org.ccnx.ccn.io.CCNOutputStream flushToNetwork
信息: HEADER: CCNOutputStream: flushToNetwork: new _baseNameIndex 0
三月 16, 2015 10:00:35 上午 org.ccnx.ccn.io.CCNOutputStream flushToNetwork
信息: flush: outputting to the segmenter, baseName /ccnx.org/test/SyncTestRepo-15-03-16-09.59.21/ccnSyncTest/slice10/round12/randomFile/=FD055063943BD3/%C1.META.M/.header/=FD055063943C08 basenameindex =00; 66 bytes written, holding back 0 flushing final blocks? true.
三月 16, 2015 10:00:35 上午 org.ccnx.ccn.io.CCNOutputStream flushToNetwork
信息: HEADER: CCNOutputStream: flushToNetwork: new _baseNameIndex 1
三月 16, 2015 10:00:35 上午 org.ccnx.ccn.io.CCNOutputStream close
信息: CCNOutputStream close: /ccnx.org/test/SyncTestRepo-15-03-16-09.59.21/ccnSyncTest/slice10/round12/randomFile/=FD055063943BD3/%C1.META.M/.header/=FD055063943C08
三月 16, 2015 10:00:35 上午 org.ccnx.ccn.io.CCNOutputStream close
信息: CCNOutputStream close: /ccnx.org/test/SyncTestRepo-15-03-16-09.59.21/ccnSyncTest/slice10/round12/randomFile/=FD055063943BD3
三月 16, 2015 10:00:35 上午 org.ccnx.ccn.profiles.sync.SyncTestCommon writeFile
信息: Wrote file to repository: /ccnx.org/test/SyncTestRepo-15-03-16-09.59.21/ccnSyncTest/slice10/round12/randomFile/=FD055063943BD3 with 2 segments
三月 16, 2015 10:00:35 上午 org.ccnx.ccn.impl.sync.ProtocolBasedSyncMonitor handleContent
信息: Saw new content from sync: /ccnx.org/test/SyncTestRepo-15-03-16-09.59.21/topoPrefix/%C1.S.ra/=2C8E9188986CDF2A105DE6B835E792C68E4634558CA29C7787309099A7B4BD63/%02H=889D1C1C8C6EA88C78FA6DAB74E55155D8D7FF0EFB43B1995073F957AA07BD/%03U=A3BF94B27414556BC46381F67CD18AECCD6325AB065FAC5C82CADE177B4416
三月 16, 2015 10:00:36 上午 org.ccnx.ccn.impl.encoding.BinaryXMLDecoder setElement
信息: Reset decode array sizes to 150
三月 16, 2015 10:00:36 上午 org.ccnx.ccn.impl.encoding.BinaryXMLDecoder setElement
信息: Reset decode array sizes to 225
三月 16, 2015 10:00:36 上午 org.ccnx.ccn.impl.encoding.BinaryXMLDecoder setElement
信息: Reset decode array sizes to 337
三月 16, 2015 10:00:36 上午 org.ccnx.ccn.impl.sync.SliceComparator run
信息: Starting new round with X = %02H=889D1C1C8C6EA88C78FA6DAB74E55155D8D7FF0EFB43B1995073F957AA07BD and Y = %03U=A3BF94B27414556BC46381F67CD18AECCD6325AB065FAC5C82CADE177B4416
三月 16, 2015 10:00:36 上午 org.ccnx.ccn.profiles.sync.SyncTestRepo doHandleContentName
信息: Number 1: Callback for name: /ccnx.org/test/SyncTestRepo-15-03-16-09.59.21/ccnSyncTest/slice10/round12/randomFile/=FD055063943BD3/=00 - number is 0
三月 16, 2015 10:00:36 上午 org.ccnx.ccn.profiles.sync.SyncTestRepo doHandleContentName
信息: Number 1: Callback for name: /ccnx.org/test/SyncTestRepo-15-03-16-09.59.21/ccnSyncTest/slice10/round12/randomFile/=FD055063943BD3/%C1.META.M/.header/=FD055063943C08/=00 - number is header
三月 16, 2015 10:00:36 上午 org.ccnx.ccn.impl.sync.SliceComparator updateCurrent
信息: Resetting current to created head: %03U=A3BF94B27414556BC46381F67CD18AECCD6325AB065FAC5C82CADE177B4416
三月 16, 2015 10:00:36 上午 org.ccnx.ccn.impl.CCNFlowControl <init>
信息: adding namespace: /ccnx.org/test/SyncTestRepo-15-03-16-09.59.21/ccnSyncTest/slice10/round13/randomFile
三月 16, 2015 10:00:36 上午 org.ccnx.ccn.impl.security.keys.BasicKeyManager getKeyLocator
信息: getKeyLocator: returning locator NAME: /ccnx.org/Users/cb/Keys/%C1.M.K%00K=B082A16E5382FBAAA09FBE303E24E042E37E88C290E054292521DECA236523/=FD055059931000 KEY:itggagmsks2vela17tu60v29o22sdv8hgkgs1a2i991rr526p93 for key S7CCoW5TgvuqoJ++MD4k4ELjfojCkOBUKSUh3sojZSM=
三月 16, 2015 10:00:36 上午 org.ccnx.ccn.io.CCNAbstractOutputStream <init>
信息: CCNAbstractOutputStream: /ccnx.org/test/SyncTestRepo-15-03-16-09.59.21/ccnSyncTest/slice10/round13/randomFile/=FD0550639444F6 blocksize is 4096
三月 16, 2015 10:00:36 上午 org.ccnx.ccn.io.CCNAbstractOutputStream startWrite
信息: CCNAbstractOutputStream: startWrite -- searching for keys.
三月 16, 2015 10:00:36 上午 org.ccnx.ccn.profiles.security.access.AccessControlManager keysForOutput
信息: keysForOutput: found an acm: (null)
三月 16, 2015 10:00:36 上午 org.ccnx.ccn.impl.repo.RepositoryFlowControl startWrite
信息: RepositoryFlowControl.startWrite called for name /ccnx.org/test/SyncTestRepo-15-03-16-09.59.21/ccnSyncTest/slice10/round13/randomFile/=FD0550639444F6, shape STREAM
三月 16, 2015 10:00:36 上午 org.ccnx.ccn.impl.repo.RepositoryFlowControl handleContent
信息: handleContent: got potential repo message: /ccnx.org/test/SyncTestRepo-15-03-16-09.59.21/ccnSyncTest/slice10/round13/randomFile/=FD0550639444F6/%C1.R.sw/%C1.N=001C7E62FE75ED73B4
三月 16, 2015 10:00:36 上午 org.ccnx.ccn.io.CCNOutputStream flushToNetwork
信息: flush: outputting to the segmenter, baseName /ccnx.org/test/SyncTestRepo-15-03-16-09.59.21/ccnSyncTest/slice10/round13/randomFile/=FD0550639444F6 basenameindex =00; 4096 bytes written, holding back 4096 flushing final blocks? false.
三月 16, 2015 10:00:36 上午 org.ccnx.ccn.io.CCNOutputStream flushToNetwork
信息: HEADER: CCNOutputStream: flushToNetwork: new _baseNameIndex 0
三月 16, 2015 10:00:36 上午 org.ccnx.ccn.io.CCNOutputStream flushToNetwork
信息: flush: outputting to the segmenter, baseName /ccnx.org/test/SyncTestRepo-15-03-16-09.59.21/ccnSyncTest/slice10/round13/randomFile/=FD0550639444F6 basenameindex =00; 4096 bytes written, holding back 4096 flushing final blocks? false.
三月 16, 2015 10:00:36 上午 org.ccnx.ccn.io.CCNOutputStream flushToNetwork
信息: HEADER: CCNOutputStream: flushToNetwork: new _baseNameIndex 0
三月 16, 2015 10:00:36 上午 org.ccnx.ccn.io.CCNOutputStream flushToNetwork
信息: flush: outputting to the segmenter, baseName /ccnx.org/test/SyncTestRepo-15-03-16-09.59.21/ccnSyncTest/slice10/round13/randomFile/=FD0550639444F6 basenameindex =00; 4096 bytes written, holding back 0 flushing final blocks? true.
三月 16, 2015 10:00:36 上午 org.ccnx.ccn.io.CCNOutputStream flushToNetwork
信息: HEADER: CCNOutputStream: flushToNetwork: new _baseNameIndex 1
三月 16, 2015 10:00:36 上午 org.ccnx.ccn.io.CCNAbstractOutputStream <init>
信息: CCNAbstractOutputStream: /ccnx.org/test/SyncTestRepo-15-03-16-09.59.21/ccnSyncTest/slice10/round13/randomFile/=FD0550639444F6/%C1.META.M/.header/=FD055063944527 blocksize is 4096
三月 16, 2015 10:00:36 上午 org.ccnx.ccn.io.CCNAbstractOutputStream startWrite
信息: CCNAbstractOutputStream: startWrite -- searching for keys.
三月 16, 2015 10:00:36 上午 org.ccnx.ccn.profiles.security.access.AccessControlManager keysForOutput
信息: keysForOutput: found an acm: (null)
三月 16, 2015 10:00:36 上午 org.ccnx.ccn.impl.repo.RepositoryFlowControl startWrite
信息: RepositoryFlowControl.startWrite called for name /ccnx.org/test/SyncTestRepo-15-03-16-09.59.21/ccnSyncTest/slice10/round13/randomFile/=FD0550639444F6/%C1.META.M/.header/=FD055063944527, shape STREAM
三月 16, 2015 10:00:36 上午 org.ccnx.ccn.impl.repo.RepositoryFlowControl handleContent
信息: handleContent: got potential repo message: /ccnx.org/test/SyncTestRepo-15-03-16-09.59.21/ccnSyncTest/slice10/round13/randomFile/=FD0550639444F6/%C1.META.M/.header/=FD055063944527/%C1.R.sw/%C1.N%00a9=B5C61C6CBA7A
三月 16, 2015 10:00:36 上午 org.ccnx.ccn.io.CCNOutputStream flushToNetwork
信息: flush: outputting to the segmenter, baseName /ccnx.org/test/SyncTestRepo-15-03-16-09.59.21/ccnSyncTest/slice10/round13/randomFile/=FD0550639444F6/%C1.META.M/.header/=FD055063944527 basenameindex =00; 66 bytes written, holding back 66 flushing final blocks? false.
三月 16, 2015 10:00:36 上午 org.ccnx.ccn.io.CCNOutputStream flushToNetwork
信息: HEADER: CCNOutputStream: flushToNetwork: new _baseNameIndex 0
三月 16, 2015 10:00:36 上午 org.ccnx.ccn.io.CCNOutputStream flushToNetwork
信息: flush: outputting to the segmenter, baseName /ccnx.org/test/SyncTestRepo-15-03-16-09.59.21/ccnSyncTest/slice10/round13/randomFile/=FD0550639444F6/%C1.META.M/.header/=FD055063944527 basenameindex =00; 66 bytes written, holding back 66 flushing final blocks? false.
三月 16, 2015 10:00:36 上午 org.ccnx.ccn.io.CCNOutputStream flushToNetwork
信息: HEADER: CCNOutputStream: flushToNetwork: new _baseNameIndex 0
三月 16, 2015 10:00:36 上午 org.ccnx.ccn.io.CCNOutputStream flushToNetwork
信息: flush: outputting to the segmenter, baseName /ccnx.org/test/SyncTestRepo-15-03-16-09.59.21/ccnSyncTest/slice10/round13/randomFile/=FD0550639444F6/%C1.META.M/.header/=FD055063944527 basenameindex =00; 66 bytes written, holding back 0 flushing final blocks? true.
三月 16, 2015 10:00:36 上午 org.ccnx.ccn.io.CCNOutputStream flushToNetwork
信息: HEADER: CCNOutputStream: flushToNetwork: new _baseNameIndex 1
三月 16, 2015 10:00:36 上午 org.ccnx.ccn.io.CCNOutputStream close
信息: CCNOutputStream close: /ccnx.org/test/SyncTestRepo-15-03-16-09.59.21/ccnSyncTest/slice10/round13/randomFile/=FD0550639444F6/%C1.META.M/.header/=FD055063944527
三月 16, 2015 10:00:36 上午 org.ccnx.ccn.io.CCNOutputStream close
信息: CCNOutputStream close: /ccnx.org/test/SyncTestRepo-15-03-16-09.59.21/ccnSyncTest/slice10/round13/randomFile/=FD0550639444F6
三月 16, 2015 10:00:36 上午 org.ccnx.ccn.profiles.sync.SyncTestCommon writeFile
信息: Wrote file to repository: /ccnx.org/test/SyncTestRepo-15-03-16-09.59.21/ccnSyncTest/slice10/round13/randomFile/=FD0550639444F6 with 2 segments
三月 16, 2015 10:00:36 上午 org.ccnx.ccn.impl.sync.ProtocolBasedSyncMonitor handleContent
信息: Saw new content from sync: /ccnx.org/test/SyncTestRepo-15-03-16-09.59.21/topoPrefix/%C1.S.ra/=2C8E9188986CDF2A105DE6B835E792C68E4634558CA29C7787309099A7B4BD63/%03U=A3BF94B27414556BC46381F67CD18AECCD6325AB065FAC5C82CADE177B4416/=045B848B98248575E109D60C6B9CDD3F03FEEEE6B7142602A93A51B710223F9736
三月 16, 2015 10:00:36 上午 org.ccnx.ccn.impl.encoding.BinaryXMLDecoder setElement
信息: Reset decode array sizes to 150
三月 16, 2015 10:00:36 上午 org.ccnx.ccn.impl.encoding.BinaryXMLDecoder setElement
信息: Reset decode array sizes to 225
三月 16, 2015 10:00:36 上午 org.ccnx.ccn.impl.encoding.BinaryXMLDecoder setElement
信息: Reset decode array sizes to 337
三月 16, 2015 10:00:36 上午 org.ccnx.ccn.impl.encoding.BinaryXMLDecoder setElement
信息: Reset decode array sizes to 505
三月 16, 2015 10:00:36 上午 org.ccnx.ccn.impl.sync.SliceComparator run
信息: Starting new round with X = %03U=A3BF94B27414556BC46381F67CD18AECCD6325AB065FAC5C82CADE177B4416 and Y = =045B848B98248575E109D60C6B9CDD3F03FEEEE6B7142602A93A51B710223F9736
三月 16, 2015 10:00:36 上午 org.ccnx.ccn.profiles.sync.SyncTestRepo doHandleContentName
信息: Number 1: Callback for name: /ccnx.org/test/SyncTestRepo-15-03-16-09.59.21/ccnSyncTest/slice10/round13/randomFile/=FD0550639444F6/=00 - number is 0
三月 16, 2015 10:00:36 上午 org.ccnx.ccn.profiles.sync.SyncTestRepo doHandleContentName
信息: Number 1: Callback for name: /ccnx.org/test/SyncTestRepo-15-03-16-09.59.21/ccnSyncTest/slice10/round13/randomFile/=FD0550639444F6/%C1.META.M/.header/=FD055063944527/=00 - number is header
三月 16, 2015 10:00:36 上午 org.ccnx.ccn.impl.sync.SliceComparator updateCurrent
信息: Resetting current to created head: =045B848B98248575E109D60C6B9CDD3F03FEEEE6B7142602A93A51B710223F9736
三月 16, 2015 10:00:36 上午 org.ccnx.ccn.impl.CCNFlowControl <init>
信息: adding namespace: /ccnx.org/test/SyncTestRepo-15-03-16-09.59.21/ccnSyncTest/slice10/round14/randomFile
三月 16, 2015 10:00:36 上午 org.ccnx.ccn.impl.security.keys.BasicKeyManager getKeyLocator
信息: getKeyLocator: returning locator NAME: /ccnx.org/Users/cb/Keys/%C1.M.K%00K=B082A16E5382FBAAA09FBE303E24E042E37E88C290E054292521DECA236523/=FD055059931000 KEY:itggagmsks2vela17tu60v29o22sdv8hgkgs1a2i991rr526p93 for key S7CCoW5TgvuqoJ++MD4k4ELjfojCkOBUKSUh3sojZSM=
三月 16, 2015 10:00:36 上午 org.ccnx.ccn.io.CCNAbstractOutputStream <init>
信息: CCNAbstractOutputStream: /ccnx.org/test/SyncTestRepo-15-03-16-09.59.21/ccnSyncTest/slice10/round14/randomFile/=FD055063944E21 blocksize is 4096
三月 16, 2015 10:00:36 上午 org.ccnx.ccn.io.CCNAbstractOutputStream startWrite
信息: CCNAbstractOutputStream: startWrite -- searching for keys.
三月 16, 2015 10:00:36 上午 org.ccnx.ccn.profiles.security.access.AccessControlManager keysForOutput
信息: keysForOutput: found an acm: (null)
三月 16, 2015 10:00:36 上午 org.ccnx.ccn.impl.repo.RepositoryFlowControl startWrite
信息: RepositoryFlowControl.startWrite called for name /ccnx.org/test/SyncTestRepo-15-03-16-09.59.21/ccnSyncTest/slice10/round14/randomFile/=FD055063944E21, shape STREAM
三月 16, 2015 10:00:36 上午 org.ccnx.ccn.impl.repo.RepositoryFlowControl handleContent
信息: handleContent: got potential repo message: /ccnx.org/test/SyncTestRepo-15-03-16-09.59.21/ccnSyncTest/slice10/round14/randomFile/=FD055063944E21/%C1.R.sw/%C1.N=00151C6B9871DC9D8F
三月 16, 2015 10:00:36 上午 org.ccnx.ccn.io.CCNOutputStream flushToNetwork
信息: flush: outputting to the segmenter, baseName /ccnx.org/test/SyncTestRepo-15-03-16-09.59.21/ccnSyncTest/slice10/round14/randomFile/=FD055063944E21 basenameindex =00; 4096 bytes written, holding back 4096 flushing final blocks? false.
三月 16, 2015 10:00:36 上午 org.ccnx.ccn.io.CCNOutputStream flushToNetwork
信息: HEADER: CCNOutputStream: flushToNetwork: new _baseNameIndex 0
三月 16, 2015 10:00:36 上午 org.ccnx.ccn.io.CCNOutputStream flushToNetwork
信息: flush: outputting to the segmenter, baseName /ccnx.org/test/SyncTestRepo-15-03-16-09.59.21/ccnSyncTest/slice10/round14/randomFile/=FD055063944E21 basenameindex =00; 4096 bytes written, holding back 4096 flushing final blocks? false.
三月 16, 2015 10:00:36 上午 org.ccnx.ccn.io.CCNOutputStream flushToNetwork
信息: HEADER: CCNOutputStream: flushToNetwork: new _baseNameIndex 0
三月 16, 2015 10:00:36 上午 org.ccnx.ccn.io.CCNOutputStream flushToNetwork
信息: flush: outputting to the segmenter, baseName /ccnx.org/test/SyncTestRepo-15-03-16-09.59.21/ccnSyncTest/slice10/round14/randomFile/=FD055063944E21 basenameindex =00; 4096 bytes written, holding back 0 flushing final blocks? true.
三月 16, 2015 10:00:36 上午 org.ccnx.ccn.io.CCNOutputStream flushToNetwork
信息: HEADER: CCNOutputStream: flushToNetwork: new _baseNameIndex 1
三月 16, 2015 10:00:36 上午 org.ccnx.ccn.io.CCNAbstractOutputStream <init>
信息: CCNAbstractOutputStream: /ccnx.org/test/SyncTestRepo-15-03-16-09.59.21/ccnSyncTest/slice10/round14/randomFile/=FD055063944E21/%C1.META.M/.header/=FD055063944E62 blocksize is 4096
三月 16, 2015 10:00:36 上午 org.ccnx.ccn.io.CCNAbstractOutputStream startWrite
信息: CCNAbstractOutputStream: startWrite -- searching for keys.
三月 16, 2015 10:00:36 上午 org.ccnx.ccn.profiles.security.access.AccessControlManager keysForOutput
信息: keysForOutput: found an acm: (null)
三月 16, 2015 10:00:36 上午 org.ccnx.ccn.impl.repo.RepositoryFlowControl startWrite
信息: RepositoryFlowControl.startWrite called for name /ccnx.org/test/SyncTestRepo-15-03-16-09.59.21/ccnSyncTest/slice10/round14/randomFile/=FD055063944E21/%C1.META.M/.header/=FD055063944E62, shape STREAM
三月 16, 2015 10:00:36 上午 org.ccnx.ccn.impl.repo.RepositoryFlowControl handleContent
信息: handleContent: got potential repo message: /ccnx.org/test/SyncTestRepo-15-03-16-09.59.21/ccnSyncTest/slice10/round14/randomFile/=FD055063944E21/%C1.META.M/.header/=FD055063944E62/%C1.R.sw/%C1.N=00F48B543B86C6DDFC
三月 16, 2015 10:00:36 上午 org.ccnx.ccn.io.CCNOutputStream flushToNetwork
信息: flush: outputting to the segmenter, baseName /ccnx.org/test/SyncTestRepo-15-03-16-09.59.21/ccnSyncTest/slice10/round14/randomFile/=FD055063944E21/%C1.META.M/.header/=FD055063944E62 basenameindex =00; 66 bytes written, holding back 66 flushing final blocks? false.
三月 16, 2015 10:00:36 上午 org.ccnx.ccn.impl.sync.ProtocolBasedSyncMonitor handleContent
信息: Saw new content from sync: /ccnx.org/test/SyncTestRepo-15-03-16-09.59.21/topoPrefix/%C1.S.ra/=2C8E9188986CDF2A105DE6B835E792C68E4634558CA29C7787309099A7B4BD63/=045B848B98248575E109D60C6B9CDD3F03FEEEE6B7142602A93A51B710223F9736/=04BE6A904B1F191A60CDA4F161F77E7B5267BCC8B3AD0C48B432F677F1EA042A85
三月 16, 2015 10:00:36 上午 org.ccnx.ccn.io.CCNOutputStream flushToNetwork
信息: HEADER: CCNOutputStream: flushToNetwork: new _baseNameIndex 0
三月 16, 2015 10:00:36 上午 org.ccnx.ccn.io.CCNOutputStream flushToNetwork
信息: flush: outputting to the segmenter, baseName /ccnx.org/test/SyncTestRepo-15-03-16-09.59.21/ccnSyncTest/slice10/round14/randomFile/=FD055063944E21/%C1.META.M/.header/=FD055063944E62 basenameindex =00; 66 bytes written, holding back 66 flushing final blocks? false.
三月 16, 2015 10:00:36 上午 org.ccnx.ccn.io.CCNOutputStream flushToNetwork
信息: HEADER: CCNOutputStream: flushToNetwork: new _baseNameIndex 0
三月 16, 2015 10:00:36 上午 org.ccnx.ccn.io.CCNOutputStream flushToNetwork
信息: flush: outputting to the segmenter, baseName /ccnx.org/test/SyncTestRepo-15-03-16-09.59.21/ccnSyncTest/slice10/round14/randomFile/=FD055063944E21/%C1.META.M/.header/=FD055063944E62 basenameindex =00; 66 bytes written, holding back 0 flushing final blocks? true.
三月 16, 2015 10:00:36 上午 org.ccnx.ccn.io.CCNOutputStream flushToNetwork
信息: HEADER: CCNOutputStream: flushToNetwork: new _baseNameIndex 1
三月 16, 2015 10:00:36 上午 org.ccnx.ccn.io.CCNOutputStream close
信息: CCNOutputStream close: /ccnx.org/test/SyncTestRepo-15-03-16-09.59.21/ccnSyncTest/slice10/round14/randomFile/=FD055063944E21/%C1.META.M/.header/=FD055063944E62
三月 16, 2015 10:00:36 上午 org.ccnx.ccn.io.CCNOutputStream close
信息: CCNOutputStream close: /ccnx.org/test/SyncTestRepo-15-03-16-09.59.21/ccnSyncTest/slice10/round14/randomFile/=FD055063944E21
三月 16, 2015 10:00:36 上午 org.ccnx.ccn.profiles.sync.SyncTestCommon writeFile
信息: Wrote file to repository: /ccnx.org/test/SyncTestRepo-15-03-16-09.59.21/ccnSyncTest/slice10/round14/randomFile/=FD055063944E21 with 2 segments
三月 16, 2015 10:00:37 上午 org.ccnx.ccn.impl.encoding.BinaryXMLDecoder setElement
信息: Reset decode array sizes to 150
三月 16, 2015 10:00:37 上午 org.ccnx.ccn.impl.encoding.BinaryXMLDecoder setElement
信息: Reset decode array sizes to 225
三月 16, 2015 10:00:37 上午 org.ccnx.ccn.impl.encoding.BinaryXMLDecoder setElement
信息: Reset decode array sizes to 337
三月 16, 2015 10:00:37 上午 org.ccnx.ccn.impl.encoding.BinaryXMLDecoder setElement
信息: Reset decode array sizes to 505
三月 16, 2015 10:00:37 上午 org.ccnx.ccn.impl.sync.SliceComparator run
信息: Starting new round with X = =045B848B98248575E109D60C6B9CDD3F03FEEEE6B7142602A93A51B710223F9736 and Y = =04BE6A904B1F191A60CDA4F161F77E7B5267BCC8B3AD0C48B432F677F1EA042A85
三月 16, 2015 10:00:37 上午 org.ccnx.ccn.profiles.sync.SyncTestRepo doHandleContentName
信息: Number 1: Callback for name: /ccnx.org/test/SyncTestRepo-15-03-16-09.59.21/ccnSyncTest/slice10/round14/randomFile/=FD055063944E21/=00 - number is 0
三月 16, 2015 10:00:37 上午 org.ccnx.ccn.impl.sync.SliceComparator updateCurrent
信息: Resetting current to created head: =04BE6A904B1F191A60CDA4F161F77E7B5267BCC8B3AD0C48B432F677F1EA042A85
三月 16, 2015 10:00:37 上午 org.ccnx.ccn.impl.sync.ProtocolBasedSyncMonitor handleContent
信息: Saw new content from sync: /ccnx.org/test/SyncTestRepo-15-03-16-09.59.21/topoPrefix/%C1.S.ra/=2C8E9188986CDF2A105DE6B835E792C68E4634558CA29C7787309099A7B4BD63/=04BE6A904B1F191A60CDA4F161F77E7B5267BCC8B3AD0C48B432F677F1EA042A85/%05vF=270604CA355ABE389692B029CE4220B1A47CA7649EE7DC14D67FAF01510A
三月 16, 2015 10:00:37 上午 org.ccnx.ccn.impl.encoding.BinaryXMLDecoder setElement
信息: Reset decode array sizes to 150
三月 16, 2015 10:00:37 上午 org.ccnx.ccn.impl.encoding.BinaryXMLDecoder setElement
信息: Reset decode array sizes to 225
三月 16, 2015 10:00:37 上午 org.ccnx.ccn.impl.encoding.BinaryXMLDecoder setElement
信息: Reset decode array sizes to 337
三月 16, 2015 10:00:37 上午 org.ccnx.ccn.impl.encoding.BinaryXMLDecoder setElement
信息: Reset decode array sizes to 505
三月 16, 2015 10:00:37 上午 org.ccnx.ccn.impl.sync.SliceComparator run
信息: Starting new round with X = =04BE6A904B1F191A60CDA4F161F77E7B5267BCC8B3AD0C48B432F677F1EA042A85 and Y = %05vF=270604CA355ABE389692B029CE4220B1A47CA7649EE7DC14D67FAF01510A
三月 16, 2015 10:00:37 上午 org.ccnx.ccn.profiles.sync.SyncTestRepo doHandleContentName
信息: Number 1: Callback for name: /ccnx.org/test/SyncTestRepo-15-03-16-09.59.21/ccnSyncTest/slice10/round14/randomFile/=FD055063944E21/%C1.META.M/.header/=FD055063944E62/=00 - number is header
三月 16, 2015 10:00:37 上午 org.ccnx.ccn.impl.sync.SliceComparator updateCurrent
信息: Resetting current to created head: %05vF=270604CA355ABE389692B029CE4220B1A47CA7649EE7DC14D67FAF01510A
三月 16, 2015 10:00:37 上午 org.ccnx.ccn.impl.CCNFlowControl <init>
信息: adding namespace: /ccnx.org/test/SyncTestRepo-15-03-16-09.59.21/ccnSyncTest/slice10/round15/randomFile
三月 16, 2015 10:00:37 上午 org.ccnx.ccn.impl.security.keys.BasicKeyManager getKeyLocator
信息: getKeyLocator: returning locator NAME: /ccnx.org/Users/cb/Keys/%C1.M.K%00K=B082A16E5382FBAAA09FBE303E24E042E37E88C290E054292521DECA236523/=FD055059931000 KEY:itggagmsks2vela17tu60v29o22sdv8hgkgs1a2i991rr526p93 for key S7CCoW5TgvuqoJ++MD4k4ELjfojCkOBUKSUh3sojZSM=
三月 16, 2015 10:00:37 上午 org.ccnx.ccn.io.CCNAbstractOutputStream <init>
信息: CCNAbstractOutputStream: /ccnx.org/test/SyncTestRepo-15-03-16-09.59.21/ccnSyncTest/slice10/round15/randomFile/=FD055063945758 blocksize is 4096
三月 16, 2015 10:00:37 上午 org.ccnx.ccn.io.CCNAbstractOutputStream startWrite
信息: CCNAbstractOutputStream: startWrite -- searching for keys.
三月 16, 2015 10:00:37 上午 org.ccnx.ccn.profiles.security.access.AccessControlManager keysForOutput
信息: keysForOutput: found an acm: (null)
三月 16, 2015 10:00:37 上午 org.ccnx.ccn.impl.repo.RepositoryFlowControl startWrite
信息: RepositoryFlowControl.startWrite called for name /ccnx.org/test/SyncTestRepo-15-03-16-09.59.21/ccnSyncTest/slice10/round15/randomFile/=FD055063945758, shape STREAM
三月 16, 2015 10:00:37 上午 org.ccnx.ccn.impl.repo.RepositoryFlowControl handleContent
信息: handleContent: got potential repo message: /ccnx.org/test/SyncTestRepo-15-03-16-09.59.21/ccnSyncTest/slice10/round15/randomFile/=FD055063945758/%C1.R.sw/%C1.N%00M%00S%B3E=5DFFF3
三月 16, 2015 10:00:37 上午 org.ccnx.ccn.io.CCNOutputStream flushToNetwork
信息: flush: outputting to the segmenter, baseName /ccnx.org/test/SyncTestRepo-15-03-16-09.59.21/ccnSyncTest/slice10/round15/randomFile/=FD055063945758 basenameindex =00; 4096 bytes written, holding back 4096 flushing final blocks? false.
三月 16, 2015 10:00:37 上午 org.ccnx.ccn.io.CCNOutputStream flushToNetwork
信息: HEADER: CCNOutputStream: flushToNetwork: new _baseNameIndex 0
三月 16, 2015 10:00:37 上午 org.ccnx.ccn.io.CCNOutputStream flushToNetwork
信息: flush: outputting to the segmenter, baseName /ccnx.org/test/SyncTestRepo-15-03-16-09.59.21/ccnSyncTest/slice10/round15/randomFile/=FD055063945758 basenameindex =00; 4096 bytes written, holding back 4096 flushing final blocks? false.
三月 16, 2015 10:00:37 上午 org.ccnx.ccn.io.CCNOutputStream flushToNetwork
信息: HEADER: CCNOutputStream: flushToNetwork: new _baseNameIndex 0
三月 16, 2015 10:00:37 上午 org.ccnx.ccn.io.CCNOutputStream flushToNetwork
信息: flush: outputting to the segmenter, baseName /ccnx.org/test/SyncTestRepo-15-03-16-09.59.21/ccnSyncTest/slice10/round15/randomFile/=FD055063945758 basenameindex =00; 4096 bytes written, holding back 0 flushing final blocks? true.
三月 16, 2015 10:00:37 上午 org.ccnx.ccn.io.CCNOutputStream flushToNetwork
信息: HEADER: CCNOutputStream: flushToNetwork: new _baseNameIndex 1
三月 16, 2015 10:00:37 上午 org.ccnx.ccn.io.CCNAbstractOutputStream <init>
信息: CCNAbstractOutputStream: /ccnx.org/test/SyncTestRepo-15-03-16-09.59.21/ccnSyncTest/slice10/round15/randomFile/=FD055063945758/%C1.META.M/.header/=FD055063945791 blocksize is 4096
三月 16, 2015 10:00:37 上午 org.ccnx.ccn.io.CCNAbstractOutputStream startWrite
信息: CCNAbstractOutputStream: startWrite -- searching for keys.
三月 16, 2015 10:00:37 上午 org.ccnx.ccn.profiles.security.access.AccessControlManager keysForOutput
信息: keysForOutput: found an acm: (null)
三月 16, 2015 10:00:37 上午 org.ccnx.ccn.impl.repo.RepositoryFlowControl startWrite
信息: RepositoryFlowControl.startWrite called for name /ccnx.org/test/SyncTestRepo-15-03-16-09.59.21/ccnSyncTest/slice10/round15/randomFile/=FD055063945758/%C1.META.M/.header/=FD055063945791, shape STREAM
三月 16, 2015 10:00:37 上午 org.ccnx.ccn.impl.repo.RepositoryFlowControl handleContent
信息: handleContent: got potential repo message: /ccnx.org/test/SyncTestRepo-15-03-16-09.59.21/ccnSyncTest/slice10/round15/randomFile/=FD055063945758/%C1.META.M/.header/=FD055063945791/%C1.R.sw/%C1.N=00047A35479AD9765B
三月 16, 2015 10:00:37 上午 org.ccnx.ccn.io.CCNOutputStream flushToNetwork
信息: flush: outputting to the segmenter, baseName /ccnx.org/test/SyncTestRepo-15-03-16-09.59.21/ccnSyncTest/slice10/round15/randomFile/=FD055063945758/%C1.META.M/.header/=FD055063945791 basenameindex =00; 66 bytes written, holding back 66 flushing final blocks? false.
三月 16, 2015 10:00:37 上午 org.ccnx.ccn.io.CCNOutputStream flushToNetwork
信息: HEADER: CCNOutputStream: flushToNetwork: new _baseNameIndex 0
三月 16, 2015 10:00:37 上午 org.ccnx.ccn.io.CCNOutputStream flushToNetwork
信息: flush: outputting to the segmenter, baseName /ccnx.org/test/SyncTestRepo-15-03-16-09.59.21/ccnSyncTest/slice10/round15/randomFile/=FD055063945758/%C1.META.M/.header/=FD055063945791 basenameindex =00; 66 bytes written, holding back 66 flushing final blocks? false.
三月 16, 2015 10:00:37 上午 org.ccnx.ccn.io.CCNOutputStream flushToNetwork
信息: HEADER: CCNOutputStream: flushToNetwork: new _baseNameIndex 0
三月 16, 2015 10:00:37 上午 org.ccnx.ccn.io.CCNOutputStream flushToNetwork
信息: flush: outputting to the segmenter, baseName /ccnx.org/test/SyncTestRepo-15-03-16-09.59.21/ccnSyncTest/slice10/round15/randomFile/=FD055063945758/%C1.META.M/.header/=FD055063945791 basenameindex =00; 66 bytes written, holding back 0 flushing final blocks? true.
三月 16, 2015 10:00:37 上午 org.ccnx.ccn.io.CCNOutputStream flushToNetwork
信息: HEADER: CCNOutputStream: flushToNetwork: new _baseNameIndex 1
三月 16, 2015 10:00:37 上午 org.ccnx.ccn.impl.sync.ProtocolBasedSyncMonitor handleContent
信息: Saw new content from sync: /ccnx.org/test/SyncTestRepo-15-03-16-09.59.21/topoPrefix/%C1.S.ra/=2C8E9188986CDF2A105DE6B835E792C68E4634558CA29C7787309099A7B4BD63/%05vF=270604CA355ABE389692B029CE4220B1A47CA7649EE7DC14D67FAF01510A/%06GW8=D6949E7D444467308DAB45F195146E79C49742C4D3CEB8DF0A53156170
三月 16, 2015 10:00:37 上午 org.ccnx.ccn.io.CCNOutputStream close
信息: CCNOutputStream close: /ccnx.org/test/SyncTestRepo-15-03-16-09.59.21/ccnSyncTest/slice10/round15/randomFile/=FD055063945758/%C1.META.M/.header/=FD055063945791
三月 16, 2015 10:00:37 上午 org.ccnx.ccn.io.CCNOutputStream close
信息: CCNOutputStream close: /ccnx.org/test/SyncTestRepo-15-03-16-09.59.21/ccnSyncTest/slice10/round15/randomFile/=FD055063945758
三月 16, 2015 10:00:37 上午 org.ccnx.ccn.profiles.sync.SyncTestCommon writeFile
信息: Wrote file to repository: /ccnx.org/test/SyncTestRepo-15-03-16-09.59.21/ccnSyncTest/slice10/round15/randomFile/=FD055063945758 with 2 segments
三月 16, 2015 10:00:37 上午 org.ccnx.ccn.impl.encoding.BinaryXMLDecoder setElement
信息: Reset decode array sizes to 150
三月 16, 2015 10:00:37 上午 org.ccnx.ccn.impl.encoding.BinaryXMLDecoder setElement
信息: Reset decode array sizes to 225
三月 16, 2015 10:00:37 上午 org.ccnx.ccn.impl.encoding.BinaryXMLDecoder setElement
信息: Reset decode array sizes to 337
三月 16, 2015 10:00:37 上午 org.ccnx.ccn.impl.encoding.BinaryXMLDecoder setElement
信息: Reset decode array sizes to 505
三月 16, 2015 10:00:37 上午 org.ccnx.ccn.impl.sync.SliceComparator run
信息: Starting new round with X = %05vF=270604CA355ABE389692B029CE4220B1A47CA7649EE7DC14D67FAF01510A and Y = %06GW8=D6949E7D444467308DAB45F195146E79C49742C4D3CEB8DF0A53156170
三月 16, 2015 10:00:37 上午 org.ccnx.ccn.profiles.sync.SyncTestRepo doHandleContentName
信息: Number 1: Callback for name: /ccnx.org/test/SyncTestRepo-15-03-16-09.59.21/ccnSyncTest/slice10/round15/randomFile/=FD055063945758/=00 - number is 0
三月 16, 2015 10:00:37 上午 org.ccnx.ccn.impl.sync.SliceComparator updateCurrent
信息: Resetting current to created head: %06GW8=D6949E7D444467308DAB45F195146E79C49742C4D3CEB8DF0A53156170
三月 16, 2015 10:00:37 上午 org.ccnx.ccn.impl.sync.ProtocolBasedSyncMonitor handleContent
信息: Saw new content from sync: /ccnx.org/test/SyncTestRepo-15-03-16-09.59.21/topoPrefix/%C1.S.ra/=2C8E9188986CDF2A105DE6B835E792C68E4634558CA29C7787309099A7B4BD63/%06GW8=D6949E7D444467308DAB45F195146E79C49742C4D3CEB8DF0A53156170/=069251EE996CB6C6E0C5928AD827D5102ED2D949286968A38C8FAD9E9DBB2063F0
三月 16, 2015 10:00:37 上午 org.ccnx.ccn.impl.encoding.BinaryXMLDecoder setElement
信息: Reset decode array sizes to 150
三月 16, 2015 10:00:37 上午 org.ccnx.ccn.impl.encoding.BinaryXMLDecoder setElement
信息: Reset decode array sizes to 225
三月 16, 2015 10:00:37 上午 org.ccnx.ccn.impl.encoding.BinaryXMLDecoder setElement
信息: Reset decode array sizes to 337
三月 16, 2015 10:00:37 上午 org.ccnx.ccn.impl.encoding.BinaryXMLDecoder setElement
信息: Reset decode array sizes to 505
三月 16, 2015 10:00:37 上午 org.ccnx.ccn.impl.encoding.BinaryXMLDecoder setElement
信息: Reset decode array sizes to 757
三月 16, 2015 10:00:37 上午 org.ccnx.ccn.impl.sync.SliceComparator run
信息: Starting new round with X = %06GW8=D6949E7D444467308DAB45F195146E79C49742C4D3CEB8DF0A53156170 and Y = =069251EE996CB6C6E0C5928AD827D5102ED2D949286968A38C8FAD9E9DBB2063F0
三月 16, 2015 10:00:37 上午 org.ccnx.ccn.profiles.sync.SyncTestRepo doHandleContentName
信息: Number 1: Callback for name: /ccnx.org/test/SyncTestRepo-15-03-16-09.59.21/ccnSyncTest/slice10/round15/randomFile/=FD055063945758/%C1.META.M/.header/=FD055063945791/=00 - number is header
三月 16, 2015 10:00:37 上午 org.ccnx.ccn.impl.sync.SliceComparator updateCurrent
信息: Resetting current to created head: =069251EE996CB6C6E0C5928AD827D5102ED2D949286968A38C8FAD9E9DBB2063F0
三月 16, 2015 10:00:38 上午 org.ccnx.ccn.impl.CCNFlowControl <init>
信息: adding namespace: /ccnx.org/test/SyncTestRepo-15-03-16-09.59.21/ccnSyncTest/slice10/round16/randomFile
三月 16, 2015 10:00:38 上午 org.ccnx.ccn.impl.security.keys.BasicKeyManager getKeyLocator
信息: getKeyLocator: returning locator NAME: /ccnx.org/Users/cb/Keys/%C1.M.K%00K=B082A16E5382FBAAA09FBE303E24E042E37E88C290E054292521DECA236523/=FD055059931000 KEY:itggagmsks2vela17tu60v29o22sdv8hgkgs1a2i991rr526p93 for key S7CCoW5TgvuqoJ++MD4k4ELjfojCkOBUKSUh3sojZSM=
三月 16, 2015 10:00:38 上午 org.ccnx.ccn.io.CCNAbstractOutputStream <init>
信息: CCNAbstractOutputStream: /ccnx.org/test/SyncTestRepo-15-03-16-09.59.21/ccnSyncTest/slice10/round16/randomFile/=FD055063946073 blocksize is 4096
三月 16, 2015 10:00:38 上午 org.ccnx.ccn.io.CCNAbstractOutputStream startWrite
信息: CCNAbstractOutputStream: startWrite -- searching for keys.
三月 16, 2015 10:00:38 上午 org.ccnx.ccn.profiles.security.access.AccessControlManager keysForOutput
信息: keysForOutput: found an acm: (null)
三月 16, 2015 10:00:38 上午 org.ccnx.ccn.impl.repo.RepositoryFlowControl startWrite
信息: RepositoryFlowControl.startWrite called for name /ccnx.org/test/SyncTestRepo-15-03-16-09.59.21/ccnSyncTest/slice10/round16/randomFile/=FD055063946073, shape STREAM
三月 16, 2015 10:00:38 上午 org.ccnx.ccn.impl.repo.RepositoryFlowControl handleContent
信息: handleContent: got potential repo message: /ccnx.org/test/SyncTestRepo-15-03-16-09.59.21/ccnSyncTest/slice10/round16/randomFile/=FD055063946073/%C1.R.sw/%C1.N%00B=ADD1F5FD837920
三月 16, 2015 10:00:38 上午 org.ccnx.ccn.io.CCNOutputStream flushToNetwork
信息: flush: outputting to the segmenter, baseName /ccnx.org/test/SyncTestRepo-15-03-16-09.59.21/ccnSyncTest/slice10/round16/randomFile/=FD055063946073 basenameindex =00; 4096 bytes written, holding back 4096 flushing final blocks? false.
三月 16, 2015 10:00:38 上午 org.ccnx.ccn.io.CCNOutputStream flushToNetwork
信息: HEADER: CCNOutputStream: flushToNetwork: new _baseNameIndex 0
三月 16, 2015 10:00:38 上午 org.ccnx.ccn.io.CCNOutputStream flushToNetwork
信息: flush: outputting to the segmenter, baseName /ccnx.org/test/SyncTestRepo-15-03-16-09.59.21/ccnSyncTest/slice10/round16/randomFile/=FD055063946073 basenameindex =00; 4096 bytes written, holding back 4096 flushing final blocks? false.
三月 16, 2015 10:00:38 上午 org.ccnx.ccn.io.CCNOutputStream flushToNetwork
信息: HEADER: CCNOutputStream: flushToNetwork: new _baseNameIndex 0
三月 16, 2015 10:00:38 上午 org.ccnx.ccn.io.CCNOutputStream flushToNetwork
信息: flush: outputting to the segmenter, baseName /ccnx.org/test/SyncTestRepo-15-03-16-09.59.21/ccnSyncTest/slice10/round16/randomFile/=FD055063946073 basenameindex =00; 4096 bytes written, holding back 0 flushing final blocks? true.
三月 16, 2015 10:00:38 上午 org.ccnx.ccn.io.CCNOutputStream flushToNetwork
信息: HEADER: CCNOutputStream: flushToNetwork: new _baseNameIndex 1
三月 16, 2015 10:00:38 上午 org.ccnx.ccn.io.CCNAbstractOutputStream <init>
信息: CCNAbstractOutputStream: /ccnx.org/test/SyncTestRepo-15-03-16-09.59.21/ccnSyncTest/slice10/round16/randomFile/=FD055063946073/%C1.META.M/.header/=FD0550639460BC blocksize is 4096
三月 16, 2015 10:00:38 上午 org.ccnx.ccn.io.CCNAbstractOutputStream startWrite
信息: CCNAbstractOutputStream: startWrite -- searching for keys.
三月 16, 2015 10:00:38 上午 org.ccnx.ccn.profiles.security.access.AccessControlManager keysForOutput
信息: keysForOutput: found an acm: (null)
三月 16, 2015 10:00:38 上午 org.ccnx.ccn.impl.repo.RepositoryFlowControl startWrite
信息: RepositoryFlowControl.startWrite called for name /ccnx.org/test/SyncTestRepo-15-03-16-09.59.21/ccnSyncTest/slice10/round16/randomFile/=FD055063946073/%C1.META.M/.header/=FD0550639460BC, shape STREAM
三月 16, 2015 10:00:38 上午 org.ccnx.ccn.impl.repo.RepositoryFlowControl handleContent
信息: handleContent: got potential repo message: /ccnx.org/test/SyncTestRepo-15-03-16-09.59.21/ccnSyncTest/slice10/round16/randomFile/=FD055063946073/%C1.META.M/.header/=FD0550639460BC/%C1.R.sw/%C1.N=00B8F652971AE4AE8F
三月 16, 2015 10:00:38 上午 org.ccnx.ccn.io.CCNOutputStream flushToNetwork
信息: flush: outputting to the segmenter, baseName /ccnx.org/test/SyncTestRepo-15-03-16-09.59.21/ccnSyncTest/slice10/round16/randomFile/=FD055063946073/%C1.META.M/.header/=FD0550639460BC basenameindex =00; 66 bytes written, holding back 66 flushing final blocks? false.
三月 16, 2015 10:00:38 上午 org.ccnx.ccn.io.CCNOutputStream flushToNetwork
信息: HEADER: CCNOutputStream: flushToNetwork: new _baseNameIndex 0
三月 16, 2015 10:00:38 上午 org.ccnx.ccn.io.CCNOutputStream flushToNetwork
信息: flush: outputting to the segmenter, baseName /ccnx.org/test/SyncTestRepo-15-03-16-09.59.21/ccnSyncTest/slice10/round16/randomFile/=FD055063946073/%C1.META.M/.header/=FD0550639460BC basenameindex =00; 66 bytes written, holding back 66 flushing final blocks? false.
三月 16, 2015 10:00:38 上午 org.ccnx.ccn.io.CCNOutputStream flushToNetwork
信息: HEADER: CCNOutputStream: flushToNetwork: new _baseNameIndex 0
三月 16, 2015 10:00:38 上午 org.ccnx.ccn.io.CCNOutputStream flushToNetwork
信息: flush: outputting to the segmenter, baseName /ccnx.org/test/SyncTestRepo-15-03-16-09.59.21/ccnSyncTest/slice10/round16/randomFile/=FD055063946073/%C1.META.M/.header/=FD0550639460BC basenameindex =00; 66 bytes written, holding back 0 flushing final blocks? true.
三月 16, 2015 10:00:38 上午 org.ccnx.ccn.io.CCNOutputStream flushToNetwork
信息: HEADER: CCNOutputStream: flushToNetwork: new _baseNameIndex 1
三月 16, 2015 10:00:38 上午 org.ccnx.ccn.io.CCNOutputStream close
信息: CCNOutputStream close: /ccnx.org/test/SyncTestRepo-15-03-16-09.59.21/ccnSyncTest/slice10/round16/randomFile/=FD055063946073/%C1.META.M/.header/=FD0550639460BC
三月 16, 2015 10:00:38 上午 org.ccnx.ccn.io.CCNOutputStream close
信息: CCNOutputStream close: /ccnx.org/test/SyncTestRepo-15-03-16-09.59.21/ccnSyncTest/slice10/round16/randomFile/=FD055063946073
三月 16, 2015 10:00:38 上午 org.ccnx.ccn.profiles.sync.SyncTestCommon writeFile
信息: Wrote file to repository: /ccnx.org/test/SyncTestRepo-15-03-16-09.59.21/ccnSyncTest/slice10/round16/randomFile/=FD055063946073 with 2 segments
三月 16, 2015 10:00:38 上午 org.ccnx.ccn.impl.sync.ProtocolBasedSyncMonitor handleContent
信息: Saw new content from sync: /ccnx.org/test/SyncTestRepo-15-03-16-09.59.21/topoPrefix/%C1.S.ra/=2C8E9188986CDF2A105DE6B835E792C68E4634558CA29C7787309099A7B4BD63/=069251EE996CB6C6E0C5928AD827D5102ED2D949286968A38C8FAD9E9DBB2063F0/=07CB29D5AADBB94275D719E29BC973B4B89F48AA5506C6365090AC6753FA411384
三月 16, 2015 10:00:38 上午 org.ccnx.ccn.impl.encoding.BinaryXMLDecoder setElement
信息: Reset decode array sizes to 150
三月 16, 2015 10:00:38 上午 org.ccnx.ccn.impl.encoding.BinaryXMLDecoder setElement
信息: Reset decode array sizes to 225
三月 16, 2015 10:00:38 上午 org.ccnx.ccn.impl.encoding.BinaryXMLDecoder setElement
信息: Reset decode array sizes to 337
三月 16, 2015 10:00:38 上午 org.ccnx.ccn.impl.encoding.BinaryXMLDecoder setElement
信息: Reset decode array sizes to 505
三月 16, 2015 10:00:38 上午 org.ccnx.ccn.impl.encoding.BinaryXMLDecoder setElement
信息: Reset decode array sizes to 757
三月 16, 2015 10:00:38 上午 org.ccnx.ccn.impl.sync.SliceComparator run
信息: Starting new round with X = =069251EE996CB6C6E0C5928AD827D5102ED2D949286968A38C8FAD9E9DBB2063F0 and Y = =07CB29D5AADBB94275D719E29BC973B4B89F48AA5506C6365090AC6753FA411384
三月 16, 2015 10:00:38 上午 org.ccnx.ccn.profiles.sync.SyncTestRepo doHandleContentName
信息: Number 1: Callback for name: /ccnx.org/test/SyncTestRepo-15-03-16-09.59.21/ccnSyncTest/slice10/round16/randomFile/=FD055063946073/=00 - number is 0
三月 16, 2015 10:00:38 上午 org.ccnx.ccn.profiles.sync.SyncTestRepo doHandleContentName
信息: Number 1: Callback for name: /ccnx.org/test/SyncTestRepo-15-03-16-09.59.21/ccnSyncTest/slice10/round16/randomFile/=FD055063946073/%C1.META.M/.header/=FD0550639460BC/=00 - number is header
三月 16, 2015 10:00:38 上午 org.ccnx.ccn.impl.sync.SliceComparator updateCurrent
信息: Resetting current to created head: =07CB29D5AADBB94275D719E29BC973B4B89F48AA5506C6365090AC6753FA411384
三月 16, 2015 10:00:38 上午 org.ccnx.ccn.impl.CCNFlowControl <init>
信息: adding namespace: /ccnx.org/test/SyncTestRepo-15-03-16-09.59.21/ccnSyncTest/slice10/round17/randomFile
三月 16, 2015 10:00:38 上午 org.ccnx.ccn.impl.security.keys.BasicKeyManager getKeyLocator
信息: getKeyLocator: returning locator NAME: /ccnx.org/Users/cb/Keys/%C1.M.K%00K=B082A16E5382FBAAA09FBE303E24E042E37E88C290E054292521DECA236523/=FD055059931000 KEY:itggagmsks2vela17tu60v29o22sdv8hgkgs1a2i991rr526p93 for key S7CCoW5TgvuqoJ++MD4k4ELjfojCkOBUKSUh3sojZSM=
三月 16, 2015 10:00:38 上午 org.ccnx.ccn.io.CCNAbstractOutputStream <init>
信息: CCNAbstractOutputStream: /ccnx.org/test/SyncTestRepo-15-03-16-09.59.21/ccnSyncTest/slice10/round17/randomFile/=FD0550639469A2 blocksize is 4096
三月 16, 2015 10:00:38 上午 org.ccnx.ccn.io.CCNAbstractOutputStream startWrite
信息: CCNAbstractOutputStream: startWrite -- searching for keys.
三月 16, 2015 10:00:38 上午 org.ccnx.ccn.profiles.security.access.AccessControlManager keysForOutput
信息: keysForOutput: found an acm: (null)
三月 16, 2015 10:00:38 上午 org.ccnx.ccn.impl.repo.RepositoryFlowControl startWrite
信息: RepositoryFlowControl.startWrite called for name /ccnx.org/test/SyncTestRepo-15-03-16-09.59.21/ccnSyncTest/slice10/round17/randomFile/=FD0550639469A2, shape STREAM
三月 16, 2015 10:00:38 上午 org.ccnx.ccn.impl.repo.RepositoryFlowControl handleContent
信息: handleContent: got potential repo message: /ccnx.org/test/SyncTestRepo-15-03-16-09.59.21/ccnSyncTest/slice10/round17/randomFile/=FD0550639469A2/%C1.R.sw/%C1.N=00B0CCEDA7AA07C688
三月 16, 2015 10:00:38 上午 org.ccnx.ccn.io.CCNOutputStream flushToNetwork
信息: flush: outputting to the segmenter, baseName /ccnx.org/test/SyncTestRepo-15-03-16-09.59.21/ccnSyncTest/slice10/round17/randomFile/=FD0550639469A2 basenameindex =00; 4096 bytes written, holding back 4096 flushing final blocks? false.
三月 16, 2015 10:00:38 上午 org.ccnx.ccn.io.CCNOutputStream flushToNetwork
信息: HEADER: CCNOutputStream: flushToNetwork: new _baseNameIndex 0
三月 16, 2015 10:00:38 上午 org.ccnx.ccn.io.CCNOutputStream flushToNetwork
信息: flush: outputting to the segmenter, baseName /ccnx.org/test/SyncTestRepo-15-03-16-09.59.21/ccnSyncTest/slice10/round17/randomFile/=FD0550639469A2 basenameindex =00; 4096 bytes written, holding back 4096 flushing final blocks? false.
三月 16, 2015 10:00:38 上午 org.ccnx.ccn.io.CCNOutputStream flushToNetwork
信息: HEADER: CCNOutputStream: flushToNetwork: new _baseNameIndex 0
三月 16, 2015 10:00:38 上午 org.ccnx.ccn.io.CCNOutputStream flushToNetwork
信息: flush: outputting to the segmenter, baseName /ccnx.org/test/SyncTestRepo-15-03-16-09.59.21/ccnSyncTest/slice10/round17/randomFile/=FD0550639469A2 basenameindex =00; 4096 bytes written, holding back 0 flushing final blocks? true.
三月 16, 2015 10:00:38 上午 org.ccnx.ccn.io.CCNOutputStream flushToNetwork
信息: HEADER: CCNOutputStream: flushToNetwork: new _baseNameIndex 1
三月 16, 2015 10:00:38 上午 org.ccnx.ccn.io.CCNAbstractOutputStream <init>
信息: CCNAbstractOutputStream: /ccnx.org/test/SyncTestRepo-15-03-16-09.59.21/ccnSyncTest/slice10/round17/randomFile/=FD0550639469A2/%C1.META.M/.header/=FD0550639469E7 blocksize is 4096
三月 16, 2015 10:00:38 上午 org.ccnx.ccn.io.CCNAbstractOutputStream startWrite
信息: CCNAbstractOutputStream: startWrite -- searching for keys.
三月 16, 2015 10:00:38 上午 org.ccnx.ccn.profiles.security.access.AccessControlManager keysForOutput
信息: keysForOutput: found an acm: (null)
三月 16, 2015 10:00:38 上午 org.ccnx.ccn.impl.repo.RepositoryFlowControl startWrite
信息: RepositoryFlowControl.startWrite called for name /ccnx.org/test/SyncTestRepo-15-03-16-09.59.21/ccnSyncTest/slice10/round17/randomFile/=FD0550639469A2/%C1.META.M/.header/=FD0550639469E7, shape STREAM
三月 16, 2015 10:00:38 上午 org.ccnx.ccn.impl.repo.RepositoryFlowControl handleContent
信息: handleContent: got potential repo message: /ccnx.org/test/SyncTestRepo-15-03-16-09.59.21/ccnSyncTest/slice10/round17/randomFile/=FD0550639469A2/%C1.META.M/.header/=FD0550639469E7/%C1.R.sw/%C1.N=003A7CFF95C60C60B7
三月 16, 2015 10:00:38 上午 org.ccnx.ccn.io.CCNOutputStream flushToNetwork
信息: flush: outputting to the segmenter, baseName /ccnx.org/test/SyncTestRepo-15-03-16-09.59.21/ccnSyncTest/slice10/round17/randomFile/=FD0550639469A2/%C1.META.M/.header/=FD0550639469E7 basenameindex =00; 66 bytes written, holding back 66 flushing final blocks? false.
三月 16, 2015 10:00:38 上午 org.ccnx.ccn.io.CCNOutputStream flushToNetwork
信息: HEADER: CCNOutputStream: flushToNetwork: new _baseNameIndex 0
三月 16, 2015 10:00:38 上午 org.ccnx.ccn.io.CCNOutputStream flushToNetwork
信息: flush: outputting to the segmenter, baseName /ccnx.org/test/SyncTestRepo-15-03-16-09.59.21/ccnSyncTest/slice10/round17/randomFile/=FD0550639469A2/%C1.META.M/.header/=FD0550639469E7 basenameindex =00; 66 bytes written, holding back 66 flushing final blocks? false.
三月 16, 2015 10:00:38 上午 org.ccnx.ccn.io.CCNOutputStream flushToNetwork
信息: HEADER: CCNOutputStream: flushToNetwork: new _baseNameIndex 0
三月 16, 2015 10:00:38 上午 org.ccnx.ccn.io.CCNOutputStream flushToNetwork
信息: flush: outputting to the segmenter, baseName /ccnx.org/test/SyncTestRepo-15-03-16-09.59.21/ccnSyncTest/slice10/round17/randomFile/=FD0550639469A2/%C1.META.M/.header/=FD0550639469E7 basenameindex =00; 66 bytes written, holding back 0 flushing final blocks? true.
三月 16, 2015 10:00:38 上午 org.ccnx.ccn.io.CCNOutputStream flushToNetwork
信息: HEADER: CCNOutputStream: flushToNetwork: new _baseNameIndex 1
三月 16, 2015 10:00:38 上午 org.ccnx.ccn.io.CCNOutputStream close
信息: CCNOutputStream close: /ccnx.org/test/SyncTestRepo-15-03-16-09.59.21/ccnSyncTest/slice10/round17/randomFile/=FD0550639469A2/%C1.META.M/.header/=FD0550639469E7
三月 16, 2015 10:00:38 上午 org.ccnx.ccn.io.CCNOutputStream close
信息: CCNOutputStream close: /ccnx.org/test/SyncTestRepo-15-03-16-09.59.21/ccnSyncTest/slice10/round17/randomFile/=FD0550639469A2
三月 16, 2015 10:00:38 上午 org.ccnx.ccn.profiles.sync.SyncTestCommon writeFile
信息: Wrote file to repository: /ccnx.org/test/SyncTestRepo-15-03-16-09.59.21/ccnSyncTest/slice10/round17/randomFile/=FD0550639469A2 with 2 segments
三月 16, 2015 10:00:38 上午 org.ccnx.ccn.impl.sync.ProtocolBasedSyncMonitor handleContent
信息: Saw new content from sync: /ccnx.org/test/SyncTestRepo-15-03-16-09.59.21/topoPrefix/%C1.S.ra/=2C8E9188986CDF2A105DE6B835E792C68E4634558CA29C7787309099A7B4BD63/=07CB29D5AADBB94275D719E29BC973B4B89F48AA5506C6365090AC6753FA411384/=0912DC1965CC0836566F3F1C62BA521148F5E65D5F79D48AAE31CDB262755B95B6
三月 16, 2015 10:00:38 上午 org.ccnx.ccn.impl.encoding.BinaryXMLDecoder setElement
信息: Reset decode array sizes to 150
三月 16, 2015 10:00:38 上午 org.ccnx.ccn.impl.encoding.BinaryXMLDecoder setElement
信息: Reset decode array sizes to 225
三月 16, 2015 10:00:38 上午 org.ccnx.ccn.impl.encoding.BinaryXMLDecoder setElement
信息: Reset decode array sizes to 337
三月 16, 2015 10:00:38 上午 org.ccnx.ccn.impl.encoding.BinaryXMLDecoder setElement
信息: Reset decode array sizes to 505
三月 16, 2015 10:00:38 上午 org.ccnx.ccn.impl.encoding.BinaryXMLDecoder setElement
信息: Reset decode array sizes to 757
三月 16, 2015 10:00:38 上午 org.ccnx.ccn.impl.sync.SliceComparator run
信息: Starting new round with X = =07CB29D5AADBB94275D719E29BC973B4B89F48AA5506C6365090AC6753FA411384 and Y = =0912DC1965CC0836566F3F1C62BA521148F5E65D5F79D48AAE31CDB262755B95B6
三月 16, 2015 10:00:38 上午 org.ccnx.ccn.profiles.sync.SyncTestRepo doHandleContentName
信息: Number 1: Callback for name: /ccnx.org/test/SyncTestRepo-15-03-16-09.59.21/ccnSyncTest/slice10/round17/randomFile/=FD0550639469A2/=00 - number is 0
三月 16, 2015 10:00:38 上午 org.ccnx.ccn.profiles.sync.SyncTestRepo doHandleContentName
信息: Number 1: Callback for name: /ccnx.org/test/SyncTestRepo-15-03-16-09.59.21/ccnSyncTest/slice10/round17/randomFile/=FD0550639469A2/%C1.META.M/.header/=FD0550639469E7/=00 - number is header
三月 16, 2015 10:00:38 上午 org.ccnx.ccn.impl.sync.SliceComparator updateCurrent
信息: Resetting current to created head: =0912DC1965CC0836566F3F1C62BA521148F5E65D5F79D48AAE31CDB262755B95B6
三月 16, 2015 10:00:39 上午 org.ccnx.ccn.impl.CCNFlowControl <init>
信息: adding namespace: /ccnx.org/test/SyncTestRepo-15-03-16-09.59.21/ccnSyncTest/slice10/round18/randomFile
三月 16, 2015 10:00:39 上午 org.ccnx.ccn.impl.security.keys.BasicKeyManager getKeyLocator
信息: getKeyLocator: returning locator NAME: /ccnx.org/Users/cb/Keys/%C1.M.K%00K=B082A16E5382FBAAA09FBE303E24E042E37E88C290E054292521DECA236523/=FD055059931000 KEY:itggagmsks2vela17tu60v29o22sdv8hgkgs1a2i991rr526p93 for key S7CCoW5TgvuqoJ++MD4k4ELjfojCkOBUKSUh3sojZSM=
三月 16, 2015 10:00:39 上午 org.ccnx.ccn.io.CCNAbstractOutputStream <init>
信息: CCNAbstractOutputStream: /ccnx.org/test/SyncTestRepo-15-03-16-09.59.21/ccnSyncTest/slice10/round18/randomFile/=FD0550639472CD blocksize is 4096
三月 16, 2015 10:00:39 上午 org.ccnx.ccn.io.CCNAbstractOutputStream startWrite
信息: CCNAbstractOutputStream: startWrite -- searching for keys.
三月 16, 2015 10:00:39 上午 org.ccnx.ccn.profiles.security.access.AccessControlManager keysForOutput
信息: keysForOutput: found an acm: (null)
三月 16, 2015 10:00:39 上午 org.ccnx.ccn.impl.repo.RepositoryFlowControl startWrite
信息: RepositoryFlowControl.startWrite called for name /ccnx.org/test/SyncTestRepo-15-03-16-09.59.21/ccnSyncTest/slice10/round18/randomFile/=FD0550639472CD, shape STREAM
三月 16, 2015 10:00:39 上午 org.ccnx.ccn.impl.repo.RepositoryFlowControl handleContent
信息: handleContent: got potential repo message: /ccnx.org/test/SyncTestRepo-15-03-16-09.59.21/ccnSyncTest/slice10/round18/randomFile/=FD0550639472CD/%C1.R.sw/%C1.N%005=BDF2952FE975E0
三月 16, 2015 10:00:39 上午 org.ccnx.ccn.io.CCNOutputStream flushToNetwork
信息: flush: outputting to the segmenter, baseName /ccnx.org/test/SyncTestRepo-15-03-16-09.59.21/ccnSyncTest/slice10/round18/randomFile/=FD0550639472CD basenameindex =00; 4096 bytes written, holding back 4096 flushing final blocks? false.
三月 16, 2015 10:00:39 上午 org.ccnx.ccn.io.CCNOutputStream flushToNetwork
信息: HEADER: CCNOutputStream: flushToNetwork: new _baseNameIndex 0
三月 16, 2015 10:00:39 上午 org.ccnx.ccn.io.CCNOutputStream flushToNetwork
信息: flush: outputting to the segmenter, baseName /ccnx.org/test/SyncTestRepo-15-03-16-09.59.21/ccnSyncTest/slice10/round18/randomFile/=FD0550639472CD basenameindex =00; 4096 bytes written, holding back 4096 flushing final blocks? false.
三月 16, 2015 10:00:39 上午 org.ccnx.ccn.io.CCNOutputStream flushToNetwork
信息: HEADER: CCNOutputStream: flushToNetwork: new _baseNameIndex 0
三月 16, 2015 10:00:39 上午 org.ccnx.ccn.io.CCNOutputStream flushToNetwork
信息: flush: outputting to the segmenter, baseName /ccnx.org/test/SyncTestRepo-15-03-16-09.59.21/ccnSyncTest/slice10/round18/randomFile/=FD0550639472CD basenameindex =00; 4096 bytes written, holding back 0 flushing final blocks? true.
三月 16, 2015 10:00:39 上午 org.ccnx.ccn.io.CCNOutputStream flushToNetwork
信息: HEADER: CCNOutputStream: flushToNetwork: new _baseNameIndex 1
三月 16, 2015 10:00:39 上午 org.ccnx.ccn.io.CCNAbstractOutputStream <init>
信息: CCNAbstractOutputStream: /ccnx.org/test/SyncTestRepo-15-03-16-09.59.21/ccnSyncTest/slice10/round18/randomFile/=FD0550639472CD/%C1.META.M/.header/=FD0550639472FE blocksize is 4096
三月 16, 2015 10:00:39 上午 org.ccnx.ccn.io.CCNAbstractOutputStream startWrite
信息: CCNAbstractOutputStream: startWrite -- searching for keys.
三月 16, 2015 10:00:39 上午 org.ccnx.ccn.profiles.security.access.AccessControlManager keysForOutput
信息: keysForOutput: found an acm: (null)
三月 16, 2015 10:00:39 上午 org.ccnx.ccn.impl.repo.RepositoryFlowControl startWrite
信息: RepositoryFlowControl.startWrite called for name /ccnx.org/test/SyncTestRepo-15-03-16-09.59.21/ccnSyncTest/slice10/round18/randomFile/=FD0550639472CD/%C1.META.M/.header/=FD0550639472FE, shape STREAM
三月 16, 2015 10:00:39 上午 org.ccnx.ccn.impl.repo.RepositoryFlowControl handleContent
信息: handleContent: got potential repo message: /ccnx.org/test/SyncTestRepo-15-03-16-09.59.21/ccnSyncTest/slice10/round18/randomFile/=FD0550639472CD/%C1.META.M/.header/=FD0550639472FE/%C1.R.sw/%C1.N=00068CA4865A178C29
三月 16, 2015 10:00:39 上午 org.ccnx.ccn.io.CCNOutputStream flushToNetwork
信息: flush: outputting to the segmenter, baseName /ccnx.org/test/SyncTestRepo-15-03-16-09.59.21/ccnSyncTest/slice10/round18/randomFile/=FD0550639472CD/%C1.META.M/.header/=FD0550639472FE basenameindex =00; 66 bytes written, holding back 66 flushing final blocks? false.
三月 16, 2015 10:00:39 上午 org.ccnx.ccn.io.CCNOutputStream flushToNetwork
信息: HEADER: CCNOutputStream: flushToNetwork: new _baseNameIndex 0
三月 16, 2015 10:00:39 上午 org.ccnx.ccn.io.CCNOutputStream flushToNetwork
信息: flush: outputting to the segmenter, baseName /ccnx.org/test/SyncTestRepo-15-03-16-09.59.21/ccnSyncTest/slice10/round18/randomFile/=FD0550639472CD/%C1.META.M/.header/=FD0550639472FE basenameindex =00; 66 bytes written, holding back 66 flushing final blocks? false.
三月 16, 2015 10:00:39 上午 org.ccnx.ccn.io.CCNOutputStream flushToNetwork
信息: HEADER: CCNOutputStream: flushToNetwork: new _baseNameIndex 0
三月 16, 2015 10:00:39 上午 org.ccnx.ccn.io.CCNOutputStream flushToNetwork
信息: flush: outputting to the segmenter, baseName /ccnx.org/test/SyncTestRepo-15-03-16-09.59.21/ccnSyncTest/slice10/round18/randomFile/=FD0550639472CD/%C1.META.M/.header/=FD0550639472FE basenameindex =00; 66 bytes written, holding back 0 flushing final blocks? true.
三月 16, 2015 10:00:39 上午 org.ccnx.ccn.io.CCNOutputStream flushToNetwork
信息: HEADER: CCNOutputStream: flushToNetwork: new _baseNameIndex 1
三月 16, 2015 10:00:39 上午 org.ccnx.ccn.io.CCNOutputStream close
信息: CCNOutputStream close: /ccnx.org/test/SyncTestRepo-15-03-16-09.59.21/ccnSyncTest/slice10/round18/randomFile/=FD0550639472CD/%C1.META.M/.header/=FD0550639472FE
三月 16, 2015 10:00:39 上午 org.ccnx.ccn.io.CCNOutputStream close
信息: CCNOutputStream close: /ccnx.org/test/SyncTestRepo-15-03-16-09.59.21/ccnSyncTest/slice10/round18/randomFile/=FD0550639472CD
三月 16, 2015 10:00:39 上午 org.ccnx.ccn.profiles.sync.SyncTestCommon writeFile
信息: Wrote file to repository: /ccnx.org/test/SyncTestRepo-15-03-16-09.59.21/ccnSyncTest/slice10/round18/randomFile/=FD0550639472CD with 2 segments
三月 16, 2015 10:00:39 上午 org.ccnx.ccn.impl.sync.ProtocolBasedSyncMonitor handleContent
信息: Saw new content from sync: /ccnx.org/test/SyncTestRepo-15-03-16-09.59.21/topoPrefix/%C1.S.ra/=2C8E9188986CDF2A105DE6B835E792C68E4634558CA29C7787309099A7B4BD63/=0912DC1965CC0836566F3F1C62BA521148F5E65D5F79D48AAE31CDB262755B95B6/%0Ao3S=600D7229F3699B3C4FB8F496D0E633B7E316003A1D6BD0CF3A1E18F881
三月 16, 2015 10:00:39 上午 org.ccnx.ccn.impl.encoding.BinaryXMLDecoder setElement
信息: Reset decode array sizes to 150
三月 16, 2015 10:00:39 上午 org.ccnx.ccn.impl.encoding.BinaryXMLDecoder setElement
信息: Reset decode array sizes to 225
三月 16, 2015 10:00:39 上午 org.ccnx.ccn.impl.encoding.BinaryXMLDecoder setElement
信息: Reset decode array sizes to 337
三月 16, 2015 10:00:39 上午 org.ccnx.ccn.impl.encoding.BinaryXMLDecoder setElement
信息: Reset decode array sizes to 505
三月 16, 2015 10:00:39 上午 org.ccnx.ccn.impl.encoding.BinaryXMLDecoder setElement
信息: Reset decode array sizes to 757
三月 16, 2015 10:00:39 上午 org.ccnx.ccn.impl.sync.SliceComparator run
信息: Starting new round with X = =0912DC1965CC0836566F3F1C62BA521148F5E65D5F79D48AAE31CDB262755B95B6 and Y = %0Ao3S=600D7229F3699B3C4FB8F496D0E633B7E316003A1D6BD0CF3A1E18F881
三月 16, 2015 10:00:39 上午 org.ccnx.ccn.profiles.sync.SyncTestRepo doHandleContentName
信息: Number 1: Callback for name: /ccnx.org/test/SyncTestRepo-15-03-16-09.59.21/ccnSyncTest/slice10/round18/randomFile/=FD0550639472CD/=00 - number is 0
三月 16, 2015 10:00:39 上午 org.ccnx.ccn.profiles.sync.SyncTestRepo doHandleContentName
信息: Number 1: Callback for name: /ccnx.org/test/SyncTestRepo-15-03-16-09.59.21/ccnSyncTest/slice10/round18/randomFile/=FD0550639472CD/%C1.META.M/.header/=FD0550639472FE/=00 - number is header
三月 16, 2015 10:00:39 上午 org.ccnx.ccn.impl.sync.SliceComparator updateCurrent
信息: Resetting current to created head: %0Ao3S=600D7229F3699B3C4FB8F496D0E633B7E316003A1D6BD0CF3A1E18F881
三月 16, 2015 10:00:39 上午 org.ccnx.ccn.impl.CCNFlowControl <init>
信息: adding namespace: /ccnx.org/test/SyncTestRepo-15-03-16-09.59.21/ccnSyncTest/slice10/round19/randomFile
三月 16, 2015 10:00:39 上午 org.ccnx.ccn.impl.security.keys.BasicKeyManager getKeyLocator
信息: getKeyLocator: returning locator NAME: /ccnx.org/Users/cb/Keys/%C1.M.K%00K=B082A16E5382FBAAA09FBE303E24E042E37E88C290E054292521DECA236523/=FD055059931000 KEY:itggagmsks2vela17tu60v29o22sdv8hgkgs1a2i991rr526p93 for key S7CCoW5TgvuqoJ++MD4k4ELjfojCkOBUKSUh3sojZSM=
三月 16, 2015 10:00:39 上午 org.ccnx.ccn.io.CCNAbstractOutputStream <init>
信息: CCNAbstractOutputStream: /ccnx.org/test/SyncTestRepo-15-03-16-09.59.21/ccnSyncTest/slice10/round19/randomFile/=FD055063947BDB blocksize is 4096
三月 16, 2015 10:00:39 上午 org.ccnx.ccn.io.CCNAbstractOutputStream startWrite
信息: CCNAbstractOutputStream: startWrite -- searching for keys.
三月 16, 2015 10:00:39 上午 org.ccnx.ccn.profiles.security.access.AccessControlManager keysForOutput
信息: keysForOutput: found an acm: (null)
三月 16, 2015 10:00:39 上午 org.ccnx.ccn.impl.repo.RepositoryFlowControl startWrite
信息: RepositoryFlowControl.startWrite called for name /ccnx.org/test/SyncTestRepo-15-03-16-09.59.21/ccnSyncTest/slice10/round19/randomFile/=FD055063947BDB, shape STREAM
三月 16, 2015 10:00:39 上午 org.ccnx.ccn.impl.repo.RepositoryFlowControl handleContent
信息: handleContent: got potential repo message: /ccnx.org/test/SyncTestRepo-15-03-16-09.59.21/ccnSyncTest/slice10/round19/randomFile/=FD055063947BDB/%C1.R.sw/%C1.N%008%D6~%D6X33%8E
三月 16, 2015 10:00:39 上午 org.ccnx.ccn.io.CCNOutputStream flushToNetwork
信息: flush: outputting to the segmenter, baseName /ccnx.org/test/SyncTestRepo-15-03-16-09.59.21/ccnSyncTest/slice10/round19/randomFile/=FD055063947BDB basenameindex =00; 4096 bytes written, holding back 4096 flushing final blocks? false.
三月 16, 2015 10:00:39 上午 org.ccnx.ccn.io.CCNOutputStream flushToNetwork
信息: HEADER: CCNOutputStream: flushToNetwork: new _baseNameIndex 0
三月 16, 2015 10:00:39 上午 org.ccnx.ccn.io.CCNOutputStream flushToNetwork
信息: flush: outputting to the segmenter, baseName /ccnx.org/test/SyncTestRepo-15-03-16-09.59.21/ccnSyncTest/slice10/round19/randomFile/=FD055063947BDB basenameindex =00; 4096 bytes written, holding back 4096 flushing final blocks? false.
三月 16, 2015 10:00:39 上午 org.ccnx.ccn.io.CCNOutputStream flushToNetwork
信息: HEADER: CCNOutputStream: flushToNetwork: new _baseNameIndex 0
三月 16, 2015 10:00:39 上午 org.ccnx.ccn.io.CCNOutputStream flushToNetwork
信息: flush: outputting to the segmenter, baseName /ccnx.org/test/SyncTestRepo-15-03-16-09.59.21/ccnSyncTest/slice10/round19/randomFile/=FD055063947BDB basenameindex =00; 4096 bytes written, holding back 0 flushing final blocks? true.
三月 16, 2015 10:00:39 上午 org.ccnx.ccn.io.CCNOutputStream flushToNetwork
信息: HEADER: CCNOutputStream: flushToNetwork: new _baseNameIndex 1
三月 16, 2015 10:00:39 上午 org.ccnx.ccn.io.CCNAbstractOutputStream <init>
信息: CCNAbstractOutputStream: /ccnx.org/test/SyncTestRepo-15-03-16-09.59.21/ccnSyncTest/slice10/round19/randomFile/=FD055063947BDB/%C1.META.M/.header/=FD055063947C08 blocksize is 4096
三月 16, 2015 10:00:39 上午 org.ccnx.ccn.io.CCNAbstractOutputStream startWrite
信息: CCNAbstractOutputStream: startWrite -- searching for keys.
三月 16, 2015 10:00:39 上午 org.ccnx.ccn.profiles.security.access.AccessControlManager keysForOutput
信息: keysForOutput: found an acm: (null)
三月 16, 2015 10:00:39 上午 org.ccnx.ccn.impl.repo.RepositoryFlowControl startWrite
信息: RepositoryFlowControl.startWrite called for name /ccnx.org/test/SyncTestRepo-15-03-16-09.59.21/ccnSyncTest/slice10/round19/randomFile/=FD055063947BDB/%C1.META.M/.header/=FD055063947C08, shape STREAM
三月 16, 2015 10:00:39 上午 org.ccnx.ccn.impl.repo.RepositoryFlowControl handleContent
信息: handleContent: got potential repo message: /ccnx.org/test/SyncTestRepo-15-03-16-09.59.21/ccnSyncTest/slice10/round19/randomFile/=FD055063947BDB/%C1.META.M/.header/=FD055063947C08/%C1.R.sw/%C1.N%00do=C315BBF45465
三月 16, 2015 10:00:39 上午 org.ccnx.ccn.io.CCNOutputStream flushToNetwork
信息: flush: outputting to the segmenter, baseName /ccnx.org/test/SyncTestRepo-15-03-16-09.59.21/ccnSyncTest/slice10/round19/randomFile/=FD055063947BDB/%C1.META.M/.header/=FD055063947C08 basenameindex =00; 66 bytes written, holding back 66 flushing final blocks? false.
三月 16, 2015 10:00:39 上午 org.ccnx.ccn.io.CCNOutputStream flushToNetwork
信息: HEADER: CCNOutputStream: flushToNetwork: new _baseNameIndex 0
三月 16, 2015 10:00:39 上午 org.ccnx.ccn.io.CCNOutputStream flushToNetwork
信息: flush: outputting to the segmenter, baseName /ccnx.org/test/SyncTestRepo-15-03-16-09.59.21/ccnSyncTest/slice10/round19/randomFile/=FD055063947BDB/%C1.META.M/.header/=FD055063947C08 basenameindex =00; 66 bytes written, holding back 66 flushing final blocks? false.
三月 16, 2015 10:00:39 上午 org.ccnx.ccn.io.CCNOutputStream flushToNetwork
信息: HEADER: CCNOutputStream: flushToNetwork: new _baseNameIndex 0
三月 16, 2015 10:00:39 上午 org.ccnx.ccn.io.CCNOutputStream flushToNetwork
信息: flush: outputting to the segmenter, baseName /ccnx.org/test/SyncTestRepo-15-03-16-09.59.21/ccnSyncTest/slice10/round19/randomFile/=FD055063947BDB/%C1.META.M/.header/=FD055063947C08 basenameindex =00; 66 bytes written, holding back 0 flushing final blocks? true.
三月 16, 2015 10:00:39 上午 org.ccnx.ccn.io.CCNOutputStream flushToNetwork
信息: HEADER: CCNOutputStream: flushToNetwork: new _baseNameIndex 1
三月 16, 2015 10:00:39 上午 org.ccnx.ccn.io.CCNOutputStream close
信息: CCNOutputStream close: /ccnx.org/test/SyncTestRepo-15-03-16-09.59.21/ccnSyncTest/slice10/round19/randomFile/=FD055063947BDB/%C1.META.M/.header/=FD055063947C08
三月 16, 2015 10:00:39 上午 org.ccnx.ccn.io.CCNOutputStream close
信息: CCNOutputStream close: /ccnx.org/test/SyncTestRepo-15-03-16-09.59.21/ccnSyncTest/slice10/round19/randomFile/=FD055063947BDB
三月 16, 2015 10:00:39 上午 org.ccnx.ccn.profiles.sync.SyncTestCommon writeFile
信息: Wrote file to repository: /ccnx.org/test/SyncTestRepo-15-03-16-09.59.21/ccnSyncTest/slice10/round19/randomFile/=FD055063947BDB with 2 segments
三月 16, 2015 10:00:39 上午 org.ccnx.ccn.impl.sync.ProtocolBasedSyncMonitor handleContent
信息: Saw new content from sync: /ccnx.org/test/SyncTestRepo-15-03-16-09.59.21/topoPrefix/%C1.S.ra/=2C8E9188986CDF2A105DE6B835E792C68E4634558CA29C7787309099A7B4BD63/%0Ao3S=600D7229F3699B3C4FB8F496D0E633B7E316003A1D6BD0CF3A1E18F881/%0BU=BE5DF636E1222879AB528E7AF7FC84057DEA2BB20CC4A9D43F7A35DB3136E4
三月 16, 2015 10:00:40 上午 org.ccnx.ccn.impl.encoding.BinaryXMLDecoder setElement
信息: Reset decode array sizes to 150
三月 16, 2015 10:00:40 上午 org.ccnx.ccn.impl.encoding.BinaryXMLDecoder setElement
信息: Reset decode array sizes to 225
三月 16, 2015 10:00:40 上午 org.ccnx.ccn.impl.encoding.BinaryXMLDecoder setElement
信息: Reset decode array sizes to 337
三月 16, 2015 10:00:40 上午 org.ccnx.ccn.impl.encoding.BinaryXMLDecoder setElement
信息: Reset decode array sizes to 505
三月 16, 2015 10:00:40 上午 org.ccnx.ccn.impl.encoding.BinaryXMLDecoder setElement
信息: Reset decode array sizes to 757
三月 16, 2015 10:00:40 上午 org.ccnx.ccn.impl.encoding.BinaryXMLDecoder setElement
信息: Reset decode array sizes to 1135
三月 16, 2015 10:00:40 上午 org.ccnx.ccn.impl.sync.SliceComparator run
信息: Starting new round with X = %0Ao3S=600D7229F3699B3C4FB8F496D0E633B7E316003A1D6BD0CF3A1E18F881 and Y = %0BU=BE5DF636E1222879AB528E7AF7FC84057DEA2BB20CC4A9D43F7A35DB3136E4
三月 16, 2015 10:00:40 上午 org.ccnx.ccn.profiles.sync.SyncTestRepo doHandleContentName
信息: Number 1: Callback for name: /ccnx.org/test/SyncTestRepo-15-03-16-09.59.21/ccnSyncTest/slice10/round19/randomFile/=FD055063947BDB/=00 - number is 0
三月 16, 2015 10:00:40 上午 org.ccnx.ccn.profiles.sync.SyncTestRepo doHandleContentName
信息: Number 1: Callback for name: /ccnx.org/test/SyncTestRepo-15-03-16-09.59.21/ccnSyncTest/slice10/round19/randomFile/=FD055063947BDB/%C1.META.M/.header/=FD055063947C08/=00 - number is header
三月 16, 2015 10:00:40 上午 org.ccnx.ccn.impl.sync.SliceComparator updateCurrent
信息: Resetting current to created head: %0BU=BE5DF636E1222879AB528E7AF7FC84057DEA2BB20CC4A9D43F7A35DB3136E4
三月 16, 2015 10:00:40 上午 org.ccnx.ccn.impl.CCNFlowControl <init>
信息: adding namespace: /ccnx.org/test/SyncTestRepo-15-03-16-09.59.21/ccnSyncTest/slice10/round20/randomFile
三月 16, 2015 10:00:40 上午 org.ccnx.ccn.impl.security.keys.BasicKeyManager getKeyLocator
信息: getKeyLocator: returning locator NAME: /ccnx.org/Users/cb/Keys/%C1.M.K%00K=B082A16E5382FBAAA09FBE303E24E042E37E88C290E054292521DECA236523/=FD055059931000 KEY:itggagmsks2vela17tu60v29o22sdv8hgkgs1a2i991rr526p93 for key S7CCoW5TgvuqoJ++MD4k4ELjfojCkOBUKSUh3sojZSM=
三月 16, 2015 10:00:40 上午 org.ccnx.ccn.io.CCNAbstractOutputStream <init>
信息: CCNAbstractOutputStream: /ccnx.org/test/SyncTestRepo-15-03-16-09.59.21/ccnSyncTest/slice10/round20/randomFile/=FD0550639484E9 blocksize is 4096
三月 16, 2015 10:00:40 上午 org.ccnx.ccn.io.CCNAbstractOutputStream startWrite
信息: CCNAbstractOutputStream: startWrite -- searching for keys.
三月 16, 2015 10:00:40 上午 org.ccnx.ccn.profiles.security.access.AccessControlManager keysForOutput
信息: keysForOutput: found an acm: (null)
三月 16, 2015 10:00:40 上午 org.ccnx.ccn.impl.repo.RepositoryFlowControl startWrite
信息: RepositoryFlowControl.startWrite called for name /ccnx.org/test/SyncTestRepo-15-03-16-09.59.21/ccnSyncTest/slice10/round20/randomFile/=FD0550639484E9, shape STREAM
三月 16, 2015 10:00:40 上午 org.ccnx.ccn.impl.repo.RepositoryFlowControl handleContent
信息: handleContent: got potential repo message: /ccnx.org/test/SyncTestRepo-15-03-16-09.59.21/ccnSyncTest/slice10/round20/randomFile/=FD0550639484E9/%C1.R.sw/%C1.N=000786D7E33028D608
三月 16, 2015 10:00:40 上午 org.ccnx.ccn.io.CCNOutputStream flushToNetwork
信息: flush: outputting to the segmenter, baseName /ccnx.org/test/SyncTestRepo-15-03-16-09.59.21/ccnSyncTest/slice10/round20/randomFile/=FD0550639484E9 basenameindex =00; 4096 bytes written, holding back 4096 flushing final blocks? false.
三月 16, 2015 10:00:40 上午 org.ccnx.ccn.io.CCNOutputStream flushToNetwork
信息: HEADER: CCNOutputStream: flushToNetwork: new _baseNameIndex 0
三月 16, 2015 10:00:40 上午 org.ccnx.ccn.io.CCNOutputStream flushToNetwork
信息: flush: outputting to the segmenter, baseName /ccnx.org/test/SyncTestRepo-15-03-16-09.59.21/ccnSyncTest/slice10/round20/randomFile/=FD0550639484E9 basenameindex =00; 4096 bytes written, holding back 4096 flushing final blocks? false.
三月 16, 2015 10:00:40 上午 org.ccnx.ccn.io.CCNOutputStream flushToNetwork
信息: HEADER: CCNOutputStream: flushToNetwork: new _baseNameIndex 0
三月 16, 2015 10:00:40 上午 org.ccnx.ccn.io.CCNOutputStream flushToNetwork
信息: flush: outputting to the segmenter, baseName /ccnx.org/test/SyncTestRepo-15-03-16-09.59.21/ccnSyncTest/slice10/round20/randomFile/=FD0550639484E9 basenameindex =00; 4096 bytes written, holding back 0 flushing final blocks? true.
三月 16, 2015 10:00:40 上午 org.ccnx.ccn.io.CCNOutputStream flushToNetwork
信息: HEADER: CCNOutputStream: flushToNetwork: new _baseNameIndex 1
三月 16, 2015 10:00:40 上午 org.ccnx.ccn.io.CCNAbstractOutputStream <init>
信息: CCNAbstractOutputStream: /ccnx.org/test/SyncTestRepo-15-03-16-09.59.21/ccnSyncTest/slice10/round20/randomFile/=FD0550639484E9/%C1.META.M/.header/=FD05506394851B blocksize is 4096
三月 16, 2015 10:00:40 上午 org.ccnx.ccn.io.CCNAbstractOutputStream startWrite
信息: CCNAbstractOutputStream: startWrite -- searching for keys.
三月 16, 2015 10:00:40 上午 org.ccnx.ccn.profiles.security.access.AccessControlManager keysForOutput
信息: keysForOutput: found an acm: (null)
三月 16, 2015 10:00:40 上午 org.ccnx.ccn.impl.repo.RepositoryFlowControl startWrite
信息: RepositoryFlowControl.startWrite called for name /ccnx.org/test/SyncTestRepo-15-03-16-09.59.21/ccnSyncTest/slice10/round20/randomFile/=FD0550639484E9/%C1.META.M/.header/=FD05506394851B, shape STREAM
三月 16, 2015 10:00:40 上午 org.ccnx.ccn.impl.repo.RepositoryFlowControl handleContent
信息: handleContent: got potential repo message: /ccnx.org/test/SyncTestRepo-15-03-16-09.59.21/ccnSyncTest/slice10/round20/randomFile/=FD0550639484E9/%C1.META.M/.header/=FD05506394851B/%C1.R.sw/%C1.N%002=FC22A36CA2F122
三月 16, 2015 10:00:40 上午 org.ccnx.ccn.io.CCNOutputStream flushToNetwork
信息: flush: outputting to the segmenter, baseName /ccnx.org/test/SyncTestRepo-15-03-16-09.59.21/ccnSyncTest/slice10/round20/randomFile/=FD0550639484E9/%C1.META.M/.header/=FD05506394851B basenameindex =00; 66 bytes written, holding back 66 flushing final blocks? false.
三月 16, 2015 10:00:40 上午 org.ccnx.ccn.io.CCNOutputStream flushToNetwork
信息: HEADER: CCNOutputStream: flushToNetwork: new _baseNameIndex 0
三月 16, 2015 10:00:40 上午 org.ccnx.ccn.io.CCNOutputStream flushToNetwork
信息: flush: outputting to the segmenter, baseName /ccnx.org/test/SyncTestRepo-15-03-16-09.59.21/ccnSyncTest/slice10/round20/randomFile/=FD0550639484E9/%C1.META.M/.header/=FD05506394851B basenameindex =00; 66 bytes written, holding back 66 flushing final blocks? false.
三月 16, 2015 10:00:40 上午 org.ccnx.ccn.io.CCNOutputStream flushToNetwork
信息: HEADER: CCNOutputStream: flushToNetwork: new _baseNameIndex 0
三月 16, 2015 10:00:40 上午 org.ccnx.ccn.io.CCNOutputStream flushToNetwork
信息: flush: outputting to the segmenter, baseName /ccnx.org/test/SyncTestRepo-15-03-16-09.59.21/ccnSyncTest/slice10/round20/randomFile/=FD0550639484E9/%C1.META.M/.header/=FD05506394851B basenameindex =00; 66 bytes written, holding back 0 flushing final blocks? true.
三月 16, 2015 10:00:40 上午 org.ccnx.ccn.io.CCNOutputStream flushToNetwork
信息: HEADER: CCNOutputStream: flushToNetwork: new _baseNameIndex 1
三月 16, 2015 10:00:40 上午 org.ccnx.ccn.io.CCNOutputStream close
信息: CCNOutputStream close: /ccnx.org/test/SyncTestRepo-15-03-16-09.59.21/ccnSyncTest/slice10/round20/randomFile/=FD0550639484E9/%C1.META.M/.header/=FD05506394851B
三月 16, 2015 10:00:40 上午 org.ccnx.ccn.io.CCNOutputStream close
信息: CCNOutputStream close: /ccnx.org/test/SyncTestRepo-15-03-16-09.59.21/ccnSyncTest/slice10/round20/randomFile/=FD0550639484E9
三月 16, 2015 10:00:40 上午 org.ccnx.ccn.profiles.sync.SyncTestCommon writeFile
信息: Wrote file to repository: /ccnx.org/test/SyncTestRepo-15-03-16-09.59.21/ccnSyncTest/slice10/round20/randomFile/=FD0550639484E9 with 2 segments
三月 16, 2015 10:00:40 上午 org.ccnx.ccn.impl.sync.ProtocolBasedSyncMonitor handleContent
信息: Saw new content from sync: /ccnx.org/test/SyncTestRepo-15-03-16-09.59.21/topoPrefix/%C1.S.ra/=2C8E9188986CDF2A105DE6B835E792C68E4634558CA29C7787309099A7B4BD63/%0BU=BE5DF636E1222879AB528E7AF7FC84057DEA2BB20CC4A9D43F7A35DB3136E4/=0BA28DA27C729A7384B7A0D27B7BF433DE9B27D66E5394309114ED5628CE90DAF4
三月 16, 2015 10:00:40 上午 org.ccnx.ccn.impl.sync.SliceComparator run
信息: Starting new round with X = %0BU=BE5DF636E1222879AB528E7AF7FC84057DEA2BB20CC4A9D43F7A35DB3136E4 and Y = =0BA28DA27C729A7384B7A0D27B7BF433DE9B27D66E5394309114ED5628CE90DAF4
三月 16, 2015 10:00:40 上午 org.ccnx.ccn.profiles.sync.SyncTestRepo doHandleContentName
信息: Number 1: Callback for name: /ccnx.org/test/SyncTestRepo-15-03-16-09.59.21/ccnSyncTest/slice10/round20/randomFile/=FD0550639484E9/=00 - number is 0
三月 16, 2015 10:00:40 上午 org.ccnx.ccn.profiles.sync.SyncTestRepo doHandleContentName
信息: Number 1: Callback for name: /ccnx.org/test/SyncTestRepo-15-03-16-09.59.21/ccnSyncTest/slice10/round20/randomFile/=FD0550639484E9/%C1.META.M/.header/=FD05506394851B/=00 - number is header
三月 16, 2015 10:00:40 上午 org.ccnx.ccn.impl.sync.SliceComparator updateCurrent
信息: Resetting current to created head: =0BA28DA27C729A7384B7A0D27B7BF433DE9B27D66E5394309114ED5628CE90DAF4
三月 16, 2015 10:00:40 上午 org.ccnx.ccn.impl.CCNFlowControl <init>
信息: adding namespace: /ccnx.org/test/SyncTestRepo-15-03-16-09.59.21/ccnSyncTest/slice10/round21/randomFile
三月 16, 2015 10:00:40 上午 org.ccnx.ccn.impl.security.keys.BasicKeyManager getKeyLocator
信息: getKeyLocator: returning locator NAME: /ccnx.org/Users/cb/Keys/%C1.M.K%00K=B082A16E5382FBAAA09FBE303E24E042E37E88C290E054292521DECA236523/=FD055059931000 KEY:itggagmsks2vela17tu60v29o22sdv8hgkgs1a2i991rr526p93 for key S7CCoW5TgvuqoJ++MD4k4ELjfojCkOBUKSUh3sojZSM=
三月 16, 2015 10:00:40 上午 org.ccnx.ccn.io.CCNAbstractOutputStream <init>
信息: CCNAbstractOutputStream: /ccnx.org/test/SyncTestRepo-15-03-16-09.59.21/ccnSyncTest/slice10/round21/randomFile/=FD055063948E10 blocksize is 4096
三月 16, 2015 10:00:40 上午 org.ccnx.ccn.io.CCNAbstractOutputStream startWrite
信息: CCNAbstractOutputStream: startWrite -- searching for keys.
三月 16, 2015 10:00:40 上午 org.ccnx.ccn.profiles.security.access.AccessControlManager keysForOutput
信息: keysForOutput: found an acm: (null)
三月 16, 2015 10:00:40 上午 org.ccnx.ccn.impl.repo.RepositoryFlowControl startWrite
信息: RepositoryFlowControl.startWrite called for name /ccnx.org/test/SyncTestRepo-15-03-16-09.59.21/ccnSyncTest/slice10/round21/randomFile/=FD055063948E10, shape STREAM
三月 16, 2015 10:00:40 上午 org.ccnx.ccn.impl.repo.RepositoryFlowControl handleContent
信息: handleContent: got potential repo message: /ccnx.org/test/SyncTestRepo-15-03-16-09.59.21/ccnSyncTest/slice10/round21/randomFile/=FD055063948E10/%C1.R.sw/%C1.N=003FAEDE6B936F0FB8
三月 16, 2015 10:00:40 上午 org.ccnx.ccn.io.CCNOutputStream flushToNetwork
信息: flush: outputting to the segmenter, baseName /ccnx.org/test/SyncTestRepo-15-03-16-09.59.21/ccnSyncTest/slice10/round21/randomFile/=FD055063948E10 basenameindex =00; 4096 bytes written, holding back 4096 flushing final blocks? false.
三月 16, 2015 10:00:40 上午 org.ccnx.ccn.io.CCNOutputStream flushToNetwork
信息: HEADER: CCNOutputStream: flushToNetwork: new _baseNameIndex 0
三月 16, 2015 10:00:40 上午 org.ccnx.ccn.io.CCNOutputStream flushToNetwork
信息: flush: outputting to the segmenter, baseName /ccnx.org/test/SyncTestRepo-15-03-16-09.59.21/ccnSyncTest/slice10/round21/randomFile/=FD055063948E10 basenameindex =00; 4096 bytes written, holding back 4096 flushing final blocks? false.
三月 16, 2015 10:00:40 上午 org.ccnx.ccn.io.CCNOutputStream flushToNetwork
信息: HEADER: CCNOutputStream: flushToNetwork: new _baseNameIndex 0
三月 16, 2015 10:00:40 上午 org.ccnx.ccn.io.CCNOutputStream flushToNetwork
信息: flush: outputting to the segmenter, baseName /ccnx.org/test/SyncTestRepo-15-03-16-09.59.21/ccnSyncTest/slice10/round21/randomFile/=FD055063948E10 basenameindex =00; 4096 bytes written, holding back 0 flushing final blocks? true.
三月 16, 2015 10:00:40 上午 org.ccnx.ccn.io.CCNOutputStream flushToNetwork
信息: HEADER: CCNOutputStream: flushToNetwork: new _baseNameIndex 1
三月 16, 2015 10:00:40 上午 org.ccnx.ccn.io.CCNAbstractOutputStream <init>
信息: CCNAbstractOutputStream: /ccnx.org/test/SyncTestRepo-15-03-16-09.59.21/ccnSyncTest/slice10/round21/randomFile/=FD055063948E10/%C1.META.M/.header/=FD055063948E39 blocksize is 4096
三月 16, 2015 10:00:40 上午 org.ccnx.ccn.io.CCNAbstractOutputStream startWrite
信息: CCNAbstractOutputStream: startWrite -- searching for keys.
三月 16, 2015 10:00:40 上午 org.ccnx.ccn.profiles.security.access.AccessControlManager keysForOutput
信息: keysForOutput: found an acm: (null)
三月 16, 2015 10:00:40 上午 org.ccnx.ccn.impl.repo.RepositoryFlowControl startWrite
信息: RepositoryFlowControl.startWrite called for name /ccnx.org/test/SyncTestRepo-15-03-16-09.59.21/ccnSyncTest/slice10/round21/randomFile/=FD055063948E10/%C1.META.M/.header/=FD055063948E39, shape STREAM
三月 16, 2015 10:00:40 上午 org.ccnx.ccn.impl.repo.RepositoryFlowControl handleContent
信息: handleContent: got potential repo message: /ccnx.org/test/SyncTestRepo-15-03-16-09.59.21/ccnSyncTest/slice10/round21/randomFile/=FD055063948E10/%C1.META.M/.header/=FD055063948E39/%C1.R.sw/%C1.N=00E7618E18460DCDA6
三月 16, 2015 10:00:40 上午 org.ccnx.ccn.io.CCNOutputStream flushToNetwork
信息: flush: outputting to the segmenter, baseName /ccnx.org/test/SyncTestRepo-15-03-16-09.59.21/ccnSyncTest/slice10/round21/randomFile/=FD055063948E10/%C1.META.M/.header/=FD055063948E39 basenameindex =00; 66 bytes written, holding back 66 flushing final blocks? false.
三月 16, 2015 10:00:40 上午 org.ccnx.ccn.io.CCNOutputStream flushToNetwork
信息: HEADER: CCNOutputStream: flushToNetwork: new _baseNameIndex 0
三月 16, 2015 10:00:40 上午 org.ccnx.ccn.io.CCNOutputStream flushToNetwork
信息: flush: outputting to the segmenter, baseName /ccnx.org/test/SyncTestRepo-15-03-16-09.59.21/ccnSyncTest/slice10/round21/randomFile/=FD055063948E10/%C1.META.M/.header/=FD055063948E39 basenameindex =00; 66 bytes written, holding back 66 flushing final blocks? false.
三月 16, 2015 10:00:40 上午 org.ccnx.ccn.io.CCNOutputStream flushToNetwork
信息: HEADER: CCNOutputStream: flushToNetwork: new _baseNameIndex 0
三月 16, 2015 10:00:40 上午 org.ccnx.ccn.io.CCNOutputStream flushToNetwork
信息: flush: outputting to the segmenter, baseName /ccnx.org/test/SyncTestRepo-15-03-16-09.59.21/ccnSyncTest/slice10/round21/randomFile/=FD055063948E10/%C1.META.M/.header/=FD055063948E39 basenameindex =00; 66 bytes written, holding back 0 flushing final blocks? true.
三月 16, 2015 10:00:40 上午 org.ccnx.ccn.io.CCNOutputStream flushToNetwork
信息: HEADER: CCNOutputStream: flushToNetwork: new _baseNameIndex 1
三月 16, 2015 10:00:40 上午 org.ccnx.ccn.impl.sync.ProtocolBasedSyncMonitor handleContent
信息: Saw new content from sync: /ccnx.org/test/SyncTestRepo-15-03-16-09.59.21/topoPrefix/%C1.S.ra/=2C8E9188986CDF2A105DE6B835E792C68E4634558CA29C7787309099A7B4BD63/=0BA28DA27C729A7384B7A0D27B7BF433DE9B27D66E5394309114ED5628CE90DAF4/=0BA6A81C8DB11213E1C747EC2DA6F10C7C72EEE1B3B83005A8675F6A1D64DAFB0E
三月 16, 2015 10:00:40 上午 org.ccnx.ccn.io.CCNOutputStream close
信息: CCNOutputStream close: /ccnx.org/test/SyncTestRepo-15-03-16-09.59.21/ccnSyncTest/slice10/round21/randomFile/=FD055063948E10/%C1.META.M/.header/=FD055063948E39
三月 16, 2015 10:00:40 上午 org.ccnx.ccn.io.CCNOutputStream close
信息: CCNOutputStream close: /ccnx.org/test/SyncTestRepo-15-03-16-09.59.21/ccnSyncTest/slice10/round21/randomFile/=FD055063948E10
三月 16, 2015 10:00:40 上午 org.ccnx.ccn.profiles.sync.SyncTestCommon writeFile
信息: Wrote file to repository: /ccnx.org/test/SyncTestRepo-15-03-16-09.59.21/ccnSyncTest/slice10/round21/randomFile/=FD055063948E10 with 2 segments
三月 16, 2015 10:00:41 上午 org.ccnx.ccn.impl.sync.SliceComparator run
信息: Starting new round with X = =0BA28DA27C729A7384B7A0D27B7BF433DE9B27D66E5394309114ED5628CE90DAF4 and Y = =0BA6A81C8DB11213E1C747EC2DA6F10C7C72EEE1B3B83005A8675F6A1D64DAFB0E
三月 16, 2015 10:00:41 上午 org.ccnx.ccn.profiles.sync.SyncTestRepo doHandleContentName
信息: Number 1: Callback for name: /ccnx.org/test/SyncTestRepo-15-03-16-09.59.21/ccnSyncTest/slice10/round21/randomFile/=FD055063948E10/=00 - number is 0
三月 16, 2015 10:00:41 上午 org.ccnx.ccn.impl.sync.SliceComparator updateCurrent
信息: Resetting current to created head: =0BA6A81C8DB11213E1C747EC2DA6F10C7C72EEE1B3B83005A8675F6A1D64DAFB0E
三月 16, 2015 10:00:41 上午 org.ccnx.ccn.impl.sync.ProtocolBasedSyncMonitor handleContent
信息: Saw new content from sync: /ccnx.org/test/SyncTestRepo-15-03-16-09.59.21/topoPrefix/%C1.S.ra/=2C8E9188986CDF2A105DE6B835E792C68E4634558CA29C7787309099A7B4BD63/=0BA6A81C8DB11213E1C747EC2DA6F10C7C72EEE1B3B83005A8675F6A1D64DAFB0E/=0C955A5E4A4268D49BD87762C9A2979C0340C91D5AE4953DC280131F12B257D667
三月 16, 2015 10:00:41 上午 org.ccnx.ccn.impl.sync.SliceComparator run
信息: Starting new round with X = =0BA6A81C8DB11213E1C747EC2DA6F10C7C72EEE1B3B83005A8675F6A1D64DAFB0E and Y = =0C955A5E4A4268D49BD87762C9A2979C0340C91D5AE4953DC280131F12B257D667
三月 16, 2015 10:00:41 上午 org.ccnx.ccn.profiles.sync.SyncTestRepo doHandleContentName
信息: Number 1: Callback for name: /ccnx.org/test/SyncTestRepo-15-03-16-09.59.21/ccnSyncTest/slice10/round21/randomFile/=FD055063948E10/%C1.META.M/.header/=FD055063948E39/=00 - number is header
三月 16, 2015 10:00:41 上午 org.ccnx.ccn.impl.sync.SliceComparator updateCurrent
信息: Resetting current to created head: =0C955A5E4A4268D49BD87762C9A2979C0340C91D5AE4953DC280131F12B257D667
三月 16, 2015 10:00:41 上午 org.ccnx.ccn.impl.CCNFlowControl <init>
信息: adding namespace: /ccnx.org/test/SyncTestRepo-15-03-16-09.59.21/ccnSyncTest/slice10/round22/randomFile
三月 16, 2015 10:00:41 上午 org.ccnx.ccn.impl.security.keys.BasicKeyManager getKeyLocator
信息: getKeyLocator: returning locator NAME: /ccnx.org/Users/cb/Keys/%C1.M.K%00K=B082A16E5382FBAAA09FBE303E24E042E37E88C290E054292521DECA236523/=FD055059931000 KEY:itggagmsks2vela17tu60v29o22sdv8hgkgs1a2i991rr526p93 for key S7CCoW5TgvuqoJ++MD4k4ELjfojCkOBUKSUh3sojZSM=
三月 16, 2015 10:00:41 上午 org.ccnx.ccn.io.CCNAbstractOutputStream <init>
信息: CCNAbstractOutputStream: /ccnx.org/test/SyncTestRepo-15-03-16-09.59.21/ccnSyncTest/slice10/round22/randomFile/=FD05506394971F blocksize is 4096
三月 16, 2015 10:00:41 上午 org.ccnx.ccn.io.CCNAbstractOutputStream startWrite
信息: CCNAbstractOutputStream: startWrite -- searching for keys.
三月 16, 2015 10:00:41 上午 org.ccnx.ccn.profiles.security.access.AccessControlManager keysForOutput
信息: keysForOutput: found an acm: (null)
三月 16, 2015 10:00:41 上午 org.ccnx.ccn.impl.repo.RepositoryFlowControl startWrite
信息: RepositoryFlowControl.startWrite called for name /ccnx.org/test/SyncTestRepo-15-03-16-09.59.21/ccnSyncTest/slice10/round22/randomFile/=FD05506394971F, shape STREAM
三月 16, 2015 10:00:41 上午 org.ccnx.ccn.impl.repo.RepositoryFlowControl handleContent
信息: handleContent: got potential repo message: /ccnx.org/test/SyncTestRepo-15-03-16-09.59.21/ccnSyncTest/slice10/round22/randomFile/=FD05506394971F/%C1.R.sw/%C1.N%00p=E2D689011B6ED4
三月 16, 2015 10:00:41 上午 org.ccnx.ccn.io.CCNOutputStream flushToNetwork
信息: flush: outputting to the segmenter, baseName /ccnx.org/test/SyncTestRepo-15-03-16-09.59.21/ccnSyncTest/slice10/round22/randomFile/=FD05506394971F basenameindex =00; 4096 bytes written, holding back 4096 flushing final blocks? false.
三月 16, 2015 10:00:41 上午 org.ccnx.ccn.io.CCNOutputStream flushToNetwork
信息: HEADER: CCNOutputStream: flushToNetwork: new _baseNameIndex 0
三月 16, 2015 10:00:41 上午 org.ccnx.ccn.io.CCNOutputStream flushToNetwork
信息: flush: outputting to the segmenter, baseName /ccnx.org/test/SyncTestRepo-15-03-16-09.59.21/ccnSyncTest/slice10/round22/randomFile/=FD05506394971F basenameindex =00; 4096 bytes written, holding back 4096 flushing final blocks? false.
三月 16, 2015 10:00:41 上午 org.ccnx.ccn.io.CCNOutputStream flushToNetwork
信息: HEADER: CCNOutputStream: flushToNetwork: new _baseNameIndex 0
三月 16, 2015 10:00:41 上午 org.ccnx.ccn.io.CCNOutputStream flushToNetwork
信息: flush: outputting to the segmenter, baseName /ccnx.org/test/SyncTestRepo-15-03-16-09.59.21/ccnSyncTest/slice10/round22/randomFile/=FD05506394971F basenameindex =00; 4096 bytes written, holding back 0 flushing final blocks? true.
三月 16, 2015 10:00:41 上午 org.ccnx.ccn.io.CCNOutputStream flushToNetwork
信息: HEADER: CCNOutputStream: flushToNetwork: new _baseNameIndex 1
三月 16, 2015 10:00:41 上午 org.ccnx.ccn.io.CCNAbstractOutputStream <init>
信息: CCNAbstractOutputStream: /ccnx.org/test/SyncTestRepo-15-03-16-09.59.21/ccnSyncTest/slice10/round22/randomFile/=FD05506394971F/%C1.META.M/.header/=FD05506394974C blocksize is 4096
三月 16, 2015 10:00:41 上午 org.ccnx.ccn.io.CCNAbstractOutputStream startWrite
信息: CCNAbstractOutputStream: startWrite -- searching for keys.
三月 16, 2015 10:00:41 上午 org.ccnx.ccn.profiles.security.access.AccessControlManager keysForOutput
信息: keysForOutput: found an acm: (null)
三月 16, 2015 10:00:41 上午 org.ccnx.ccn.impl.repo.RepositoryFlowControl startWrite
信息: RepositoryFlowControl.startWrite called for name /ccnx.org/test/SyncTestRepo-15-03-16-09.59.21/ccnSyncTest/slice10/round22/randomFile/=FD05506394971F/%C1.META.M/.header/=FD05506394974C, shape STREAM
三月 16, 2015 10:00:41 上午 org.ccnx.ccn.impl.repo.RepositoryFlowControl handleContent
信息: handleContent: got potential repo message: /ccnx.org/test/SyncTestRepo-15-03-16-09.59.21/ccnSyncTest/slice10/round22/randomFile/=FD05506394971F/%C1.META.M/.header/=FD05506394974C/%C1.R.sw/%C1.N=00D442451368EBA35F
三月 16, 2015 10:00:41 上午 org.ccnx.ccn.io.CCNOutputStream flushToNetwork
信息: flush: outputting to the segmenter, baseName /ccnx.org/test/SyncTestRepo-15-03-16-09.59.21/ccnSyncTest/slice10/round22/randomFile/=FD05506394971F/%C1.META.M/.header/=FD05506394974C basenameindex =00; 66 bytes written, holding back 66 flushing final blocks? false.
三月 16, 2015 10:00:41 上午 org.ccnx.ccn.io.CCNOutputStream flushToNetwork
信息: HEADER: CCNOutputStream: flushToNetwork: new _baseNameIndex 0
三月 16, 2015 10:00:41 上午 org.ccnx.ccn.io.CCNOutputStream flushToNetwork
信息: flush: outputting to the segmenter, baseName /ccnx.org/test/SyncTestRepo-15-03-16-09.59.21/ccnSyncTest/slice10/round22/randomFile/=FD05506394971F/%C1.META.M/.header/=FD05506394974C basenameindex =00; 66 bytes written, holding back 66 flushing final blocks? false.
三月 16, 2015 10:00:41 上午 org.ccnx.ccn.io.CCNOutputStream flushToNetwork
信息: HEADER: CCNOutputStream: flushToNetwork: new _baseNameIndex 0
三月 16, 2015 10:00:41 上午 org.ccnx.ccn.io.CCNOutputStream flushToNetwork
信息: flush: outputting to the segmenter, baseName /ccnx.org/test/SyncTestRepo-15-03-16-09.59.21/ccnSyncTest/slice10/round22/randomFile/=FD05506394971F/%C1.META.M/.header/=FD05506394974C basenameindex =00; 66 bytes written, holding back 0 flushing final blocks? true.
三月 16, 2015 10:00:41 上午 org.ccnx.ccn.io.CCNOutputStream flushToNetwork
信息: HEADER: CCNOutputStream: flushToNetwork: new _baseNameIndex 1
三月 16, 2015 10:00:41 上午 org.ccnx.ccn.io.CCNOutputStream close
信息: CCNOutputStream close: /ccnx.org/test/SyncTestRepo-15-03-16-09.59.21/ccnSyncTest/slice10/round22/randomFile/=FD05506394971F/%C1.META.M/.header/=FD05506394974C
三月 16, 2015 10:00:41 上午 org.ccnx.ccn.io.CCNOutputStream close
信息: CCNOutputStream close: /ccnx.org/test/SyncTestRepo-15-03-16-09.59.21/ccnSyncTest/slice10/round22/randomFile/=FD05506394971F
三月 16, 2015 10:00:41 上午 org.ccnx.ccn.profiles.sync.SyncTestCommon writeFile
信息: Wrote file to repository: /ccnx.org/test/SyncTestRepo-15-03-16-09.59.21/ccnSyncTest/slice10/round22/randomFile/=FD05506394971F with 2 segments
三月 16, 2015 10:00:41 上午 org.ccnx.ccn.impl.sync.ProtocolBasedSyncMonitor handleContent
信息: Saw new content from sync: /ccnx.org/test/SyncTestRepo-15-03-16-09.59.21/topoPrefix/%C1.S.ra/=2C8E9188986CDF2A105DE6B835E792C68E4634558CA29C7787309099A7B4BD63/=0C955A5E4A4268D49BD87762C9A2979C0340C91D5AE4953DC280131F12B257D667/=0DF184F6EA8EA05A07D0C60C957FB106B085FBAD49EA05BBCF6A78FDFFC93005F7
三月 16, 2015 10:00:41 上午 org.ccnx.ccn.impl.sync.SliceComparator run
信息: Starting new round with X = =0C955A5E4A4268D49BD87762C9A2979C0340C91D5AE4953DC280131F12B257D667 and Y = =0DF184F6EA8EA05A07D0C60C957FB106B085FBAD49EA05BBCF6A78FDFFC93005F7
三月 16, 2015 10:00:41 上午 org.ccnx.ccn.profiles.sync.SyncTestRepo doHandleContentName
信息: Number 1: Callback for name: /ccnx.org/test/SyncTestRepo-15-03-16-09.59.21/ccnSyncTest/slice10/round22/randomFile/=FD05506394971F/=00 - number is 0
三月 16, 2015 10:00:41 上午 org.ccnx.ccn.profiles.sync.SyncTestRepo doHandleContentName
信息: Number 1: Callback for name: /ccnx.org/test/SyncTestRepo-15-03-16-09.59.21/ccnSyncTest/slice10/round22/randomFile/=FD05506394971F/%C1.META.M/.header/=FD05506394974C/=00 - number is header
三月 16, 2015 10:00:41 上午 org.ccnx.ccn.impl.sync.SliceComparator updateCurrent
信息: Resetting current to created head: =0DF184F6EA8EA05A07D0C60C957FB106B085FBAD49EA05BBCF6A78FDFFC93005F7
三月 16, 2015 10:00:42 上午 org.ccnx.ccn.impl.CCNFlowControl <init>
信息: adding namespace: /ccnx.org/test/SyncTestRepo-15-03-16-09.59.21/ccnSyncTest/slice10/round23/randomFile
三月 16, 2015 10:00:42 上午 org.ccnx.ccn.impl.security.keys.BasicKeyManager getKeyLocator
信息: getKeyLocator: returning locator NAME: /ccnx.org/Users/cb/Keys/%C1.M.K%00K=B082A16E5382FBAAA09FBE303E24E042E37E88C290E054292521DECA236523/=FD055059931000 KEY:itggagmsks2vela17tu60v29o22sdv8hgkgs1a2i991rr526p93 for key S7CCoW5TgvuqoJ++MD4k4ELjfojCkOBUKSUh3sojZSM=
三月 16, 2015 10:00:42 上午 org.ccnx.ccn.io.CCNAbstractOutputStream <init>
信息: CCNAbstractOutputStream: /ccnx.org/test/SyncTestRepo-15-03-16-09.59.21/ccnSyncTest/slice10/round23/randomFile/=FD05506394A042 blocksize is 4096
三月 16, 2015 10:00:42 上午 org.ccnx.ccn.io.CCNAbstractOutputStream startWrite
信息: CCNAbstractOutputStream: startWrite -- searching for keys.
三月 16, 2015 10:00:42 上午 org.ccnx.ccn.profiles.security.access.AccessControlManager keysForOutput
信息: keysForOutput: found an acm: (null)
三月 16, 2015 10:00:42 上午 org.ccnx.ccn.impl.repo.RepositoryFlowControl startWrite
信息: RepositoryFlowControl.startWrite called for name /ccnx.org/test/SyncTestRepo-15-03-16-09.59.21/ccnSyncTest/slice10/round23/randomFile/=FD05506394A042, shape STREAM
三月 16, 2015 10:00:42 上午 org.ccnx.ccn.impl.repo.RepositoryFlowControl handleContent
信息: handleContent: got potential repo message: /ccnx.org/test/SyncTestRepo-15-03-16-09.59.21/ccnSyncTest/slice10/round23/randomFile/=FD05506394A042/%C1.R.sw/%C1.N=00006DDA6FB592A1B7
三月 16, 2015 10:00:42 上午 org.ccnx.ccn.io.CCNOutputStream flushToNetwork
信息: flush: outputting to the segmenter, baseName /ccnx.org/test/SyncTestRepo-15-03-16-09.59.21/ccnSyncTest/slice10/round23/randomFile/=FD05506394A042 basenameindex =00; 4096 bytes written, holding back 4096 flushing final blocks? false.
三月 16, 2015 10:00:42 上午 org.ccnx.ccn.io.CCNOutputStream flushToNetwork
信息: HEADER: CCNOutputStream: flushToNetwork: new _baseNameIndex 0
三月 16, 2015 10:00:42 上午 org.ccnx.ccn.io.CCNOutputStream flushToNetwork
信息: flush: outputting to the segmenter, baseName /ccnx.org/test/SyncTestRepo-15-03-16-09.59.21/ccnSyncTest/slice10/round23/randomFile/=FD05506394A042 basenameindex =00; 4096 bytes written, holding back 4096 flushing final blocks? false.
三月 16, 2015 10:00:42 上午 org.ccnx.ccn.io.CCNOutputStream flushToNetwork
信息: HEADER: CCNOutputStream: flushToNetwork: new _baseNameIndex 0
三月 16, 2015 10:00:42 上午 org.ccnx.ccn.io.CCNOutputStream flushToNetwork
信息: flush: outputting to the segmenter, baseName /ccnx.org/test/SyncTestRepo-15-03-16-09.59.21/ccnSyncTest/slice10/round23/randomFile/=FD05506394A042 basenameindex =00; 4096 bytes written, holding back 0 flushing final blocks? true.
三月 16, 2015 10:00:42 上午 org.ccnx.ccn.io.CCNOutputStream flushToNetwork
信息: HEADER: CCNOutputStream: flushToNetwork: new _baseNameIndex 1
三月 16, 2015 10:00:42 上午 org.ccnx.ccn.io.CCNAbstractOutputStream <init>
信息: CCNAbstractOutputStream: /ccnx.org/test/SyncTestRepo-15-03-16-09.59.21/ccnSyncTest/slice10/round23/randomFile/=FD05506394A042/%C1.META.M/.header/=FD05506394A073 blocksize is 4096
三月 16, 2015 10:00:42 上午 org.ccnx.ccn.io.CCNAbstractOutputStream startWrite
信息: CCNAbstractOutputStream: startWrite -- searching for keys.
三月 16, 2015 10:00:42 上午 org.ccnx.ccn.profiles.security.access.AccessControlManager keysForOutput
信息: keysForOutput: found an acm: (null)
三月 16, 2015 10:00:42 上午 org.ccnx.ccn.impl.repo.RepositoryFlowControl startWrite
信息: RepositoryFlowControl.startWrite called for name /ccnx.org/test/SyncTestRepo-15-03-16-09.59.21/ccnSyncTest/slice10/round23/randomFile/=FD05506394A042/%C1.META.M/.header/=FD05506394A073, shape STREAM
三月 16, 2015 10:00:42 上午 org.ccnx.ccn.impl.repo.RepositoryFlowControl handleContent
信息: handleContent: got potential repo message: /ccnx.org/test/SyncTestRepo-15-03-16-09.59.21/ccnSyncTest/slice10/round23/randomFile/=FD05506394A042/%C1.META.M/.header/=FD05506394A073/%C1.R.sw/%C1.N=00AB9D7D316BC1515C
三月 16, 2015 10:00:42 上午 org.ccnx.ccn.io.CCNOutputStream flushToNetwork
信息: flush: outputting to the segmenter, baseName /ccnx.org/test/SyncTestRepo-15-03-16-09.59.21/ccnSyncTest/slice10/round23/randomFile/=FD05506394A042/%C1.META.M/.header/=FD05506394A073 basenameindex =00; 66 bytes written, holding back 66 flushing final blocks? false.
三月 16, 2015 10:00:42 上午 org.ccnx.ccn.io.CCNOutputStream flushToNetwork
信息: HEADER: CCNOutputStream: flushToNetwork: new _baseNameIndex 0
三月 16, 2015 10:00:42 上午 org.ccnx.ccn.io.CCNOutputStream flushToNetwork
信息: flush: outputting to the segmenter, baseName /ccnx.org/test/SyncTestRepo-15-03-16-09.59.21/ccnSyncTest/slice10/round23/randomFile/=FD05506394A042/%C1.META.M/.header/=FD05506394A073 basenameindex =00; 66 bytes written, holding back 66 flushing final blocks? false.
三月 16, 2015 10:00:42 上午 org.ccnx.ccn.io.CCNOutputStream flushToNetwork
信息: HEADER: CCNOutputStream: flushToNetwork: new _baseNameIndex 0
三月 16, 2015 10:00:42 上午 org.ccnx.ccn.io.CCNOutputStream flushToNetwork
信息: flush: outputting to the segmenter, baseName /ccnx.org/test/SyncTestRepo-15-03-16-09.59.21/ccnSyncTest/slice10/round23/randomFile/=FD05506394A042/%C1.META.M/.header/=FD05506394A073 basenameindex =00; 66 bytes written, holding back 0 flushing final blocks? true.
三月 16, 2015 10:00:42 上午 org.ccnx.ccn.io.CCNOutputStream flushToNetwork
信息: HEADER: CCNOutputStream: flushToNetwork: new _baseNameIndex 1
三月 16, 2015 10:00:42 上午 org.ccnx.ccn.io.CCNOutputStream close
信息: CCNOutputStream close: /ccnx.org/test/SyncTestRepo-15-03-16-09.59.21/ccnSyncTest/slice10/round23/randomFile/=FD05506394A042/%C1.META.M/.header/=FD05506394A073
三月 16, 2015 10:00:42 上午 org.ccnx.ccn.io.CCNOutputStream close
信息: CCNOutputStream close: /ccnx.org/test/SyncTestRepo-15-03-16-09.59.21/ccnSyncTest/slice10/round23/randomFile/=FD05506394A042
三月 16, 2015 10:00:42 上午 org.ccnx.ccn.profiles.sync.SyncTestCommon writeFile
信息: Wrote file to repository: /ccnx.org/test/SyncTestRepo-15-03-16-09.59.21/ccnSyncTest/slice10/round23/randomFile/=FD05506394A042 with 2 segments
三月 16, 2015 10:00:42 上午 org.ccnx.ccn.impl.sync.ProtocolBasedSyncMonitor handleContent
信息: Saw new content from sync: /ccnx.org/test/SyncTestRepo-15-03-16-09.59.21/topoPrefix/%C1.S.ra/=2C8E9188986CDF2A105DE6B835E792C68E4634558CA29C7787309099A7B4BD63/=0DF184F6EA8EA05A07D0C60C957FB106B085FBAD49EA05BBCF6A78FDFFC93005F7/=0EF3964B9B9A94D0A227F4CFD991145A5600359450AC721E4AB6DAA04FFF0B9D39
三月 16, 2015 10:00:42 上午 org.ccnx.ccn.impl.sync.SliceComparator run
信息: Starting new round with X = =0DF184F6EA8EA05A07D0C60C957FB106B085FBAD49EA05BBCF6A78FDFFC93005F7 and Y = =0EF3964B9B9A94D0A227F4CFD991145A5600359450AC721E4AB6DAA04FFF0B9D39
三月 16, 2015 10:00:42 上午 org.ccnx.ccn.profiles.sync.SyncTestRepo doHandleContentName
信息: Number 1: Callback for name: /ccnx.org/test/SyncTestRepo-15-03-16-09.59.21/ccnSyncTest/slice10/round23/randomFile/=FD05506394A042/=00 - number is 0
三月 16, 2015 10:00:42 上午 org.ccnx.ccn.profiles.sync.SyncTestRepo doHandleContentName
信息: Number 1: Callback for name: /ccnx.org/test/SyncTestRepo-15-03-16-09.59.21/ccnSyncTest/slice10/round23/randomFile/=FD05506394A042/%C1.META.M/.header/=FD05506394A073/=00 - number is header
三月 16, 2015 10:00:42 上午 org.ccnx.ccn.impl.sync.SliceComparator updateCurrent
信息: Resetting current to created head: =0EF3964B9B9A94D0A227F4CFD991145A5600359450AC721E4AB6DAA04FFF0B9D39
三月 16, 2015 10:00:42 上午 org.ccnx.ccn.impl.CCNFlowControl <init>
信息: adding namespace: /ccnx.org/test/SyncTestRepo-15-03-16-09.59.21/ccnSyncTest/slice10/round24/randomFile
三月 16, 2015 10:00:42 上午 org.ccnx.ccn.impl.security.keys.BasicKeyManager getKeyLocator
信息: getKeyLocator: returning locator NAME: /ccnx.org/Users/cb/Keys/%C1.M.K%00K=B082A16E5382FBAAA09FBE303E24E042E37E88C290E054292521DECA236523/=FD055059931000 KEY:itggagmsks2vela17tu60v29o22sdv8hgkgs1a2i991rr526p93 for key S7CCoW5TgvuqoJ++MD4k4ELjfojCkOBUKSUh3sojZSM=
三月 16, 2015 10:00:42 上午 org.ccnx.ccn.io.CCNAbstractOutputStream <init>
信息: CCNAbstractOutputStream: /ccnx.org/test/SyncTestRepo-15-03-16-09.59.21/ccnSyncTest/slice10/round24/randomFile/=FD05506394A954 blocksize is 4096
三月 16, 2015 10:00:42 上午 org.ccnx.ccn.io.CCNAbstractOutputStream startWrite
信息: CCNAbstractOutputStream: startWrite -- searching for keys.
三月 16, 2015 10:00:42 上午 org.ccnx.ccn.profiles.security.access.AccessControlManager keysForOutput
信息: keysForOutput: found an acm: (null)
三月 16, 2015 10:00:42 上午 org.ccnx.ccn.impl.repo.RepositoryFlowControl startWrite
信息: RepositoryFlowControl.startWrite called for name /ccnx.org/test/SyncTestRepo-15-03-16-09.59.21/ccnSyncTest/slice10/round24/randomFile/=FD05506394A954, shape STREAM
三月 16, 2015 10:00:42 上午 org.ccnx.ccn.impl.repo.RepositoryFlowControl handleContent
信息: handleContent: got potential repo message: /ccnx.org/test/SyncTestRepo-15-03-16-09.59.21/ccnSyncTest/slice10/round24/randomFile/=FD05506394A954/%C1.R.sw/%C1.N%00O=3EC3A5F5BF44B3
三月 16, 2015 10:00:42 上午 org.ccnx.ccn.io.CCNOutputStream flushToNetwork
信息: flush: outputting to the segmenter, baseName /ccnx.org/test/SyncTestRepo-15-03-16-09.59.21/ccnSyncTest/slice10/round24/randomFile/=FD05506394A954 basenameindex =00; 4096 bytes written, holding back 4096 flushing final blocks? false.
三月 16, 2015 10:00:42 上午 org.ccnx.ccn.io.CCNOutputStream flushToNetwork
信息: HEADER: CCNOutputStream: flushToNetwork: new _baseNameIndex 0
三月 16, 2015 10:00:42 上午 org.ccnx.ccn.io.CCNOutputStream flushToNetwork
信息: flush: outputting to the segmenter, baseName /ccnx.org/test/SyncTestRepo-15-03-16-09.59.21/ccnSyncTest/slice10/round24/randomFile/=FD05506394A954 basenameindex =00; 4096 bytes written, holding back 4096 flushing final blocks? false.
三月 16, 2015 10:00:42 上午 org.ccnx.ccn.io.CCNOutputStream flushToNetwork
信息: HEADER: CCNOutputStream: flushToNetwork: new _baseNameIndex 0
三月 16, 2015 10:00:42 上午 org.ccnx.ccn.io.CCNOutputStream flushToNetwork
信息: flush: outputting to the segmenter, baseName /ccnx.org/test/SyncTestRepo-15-03-16-09.59.21/ccnSyncTest/slice10/round24/randomFile/=FD05506394A954 basenameindex =00; 4096 bytes written, holding back 0 flushing final blocks? true.
三月 16, 2015 10:00:42 上午 org.ccnx.ccn.io.CCNOutputStream flushToNetwork
信息: HEADER: CCNOutputStream: flushToNetwork: new _baseNameIndex 1
三月 16, 2015 10:00:42 上午 org.ccnx.ccn.io.CCNAbstractOutputStream <init>
信息: CCNAbstractOutputStream: /ccnx.org/test/SyncTestRepo-15-03-16-09.59.21/ccnSyncTest/slice10/round24/randomFile/=FD05506394A954/%C1.META.M/.header/=FD05506394A985 blocksize is 4096
三月 16, 2015 10:00:42 上午 org.ccnx.ccn.io.CCNAbstractOutputStream startWrite
信息: CCNAbstractOutputStream: startWrite -- searching for keys.
三月 16, 2015 10:00:42 上午 org.ccnx.ccn.profiles.security.access.AccessControlManager keysForOutput
信息: keysForOutput: found an acm: (null)
三月 16, 2015 10:00:42 上午 org.ccnx.ccn.impl.repo.RepositoryFlowControl startWrite
信息: RepositoryFlowControl.startWrite called for name /ccnx.org/test/SyncTestRepo-15-03-16-09.59.21/ccnSyncTest/slice10/round24/randomFile/=FD05506394A954/%C1.META.M/.header/=FD05506394A985, shape STREAM
三月 16, 2015 10:00:42 上午 org.ccnx.ccn.impl.repo.RepositoryFlowControl handleContent
信息: handleContent: got potential repo message: /ccnx.org/test/SyncTestRepo-15-03-16-09.59.21/ccnSyncTest/slice10/round24/randomFile/=FD05506394A954/%C1.META.M/.header/=FD05506394A985/%C1.R.sw/%C1.N%00EK=5CECDA864C44
三月 16, 2015 10:00:42 上午 org.ccnx.ccn.io.CCNOutputStream flushToNetwork
信息: flush: outputting to the segmenter, baseName /ccnx.org/test/SyncTestRepo-15-03-16-09.59.21/ccnSyncTest/slice10/round24/randomFile/=FD05506394A954/%C1.META.M/.header/=FD05506394A985 basenameindex =00; 66 bytes written, holding back 66 flushing final blocks? false.
三月 16, 2015 10:00:42 上午 org.ccnx.ccn.io.CCNOutputStream flushToNetwork
信息: HEADER: CCNOutputStream: flushToNetwork: new _baseNameIndex 0
三月 16, 2015 10:00:42 上午 org.ccnx.ccn.io.CCNOutputStream flushToNetwork
信息: flush: outputting to the segmenter, baseName /ccnx.org/test/SyncTestRepo-15-03-16-09.59.21/ccnSyncTest/slice10/round24/randomFile/=FD05506394A954/%C1.META.M/.header/=FD05506394A985 basenameindex =00; 66 bytes written, holding back 66 flushing final blocks? false.
三月 16, 2015 10:00:42 上午 org.ccnx.ccn.io.CCNOutputStream flushToNetwork
信息: HEADER: CCNOutputStream: flushToNetwork: new _baseNameIndex 0
三月 16, 2015 10:00:42 上午 org.ccnx.ccn.io.CCNOutputStream flushToNetwork
信息: flush: outputting to the segmenter, baseName /ccnx.org/test/SyncTestRepo-15-03-16-09.59.21/ccnSyncTest/slice10/round24/randomFile/=FD05506394A954/%C1.META.M/.header/=FD05506394A985 basenameindex =00; 66 bytes written, holding back 0 flushing final blocks? true.
三月 16, 2015 10:00:42 上午 org.ccnx.ccn.io.CCNOutputStream flushToNetwork
信息: HEADER: CCNOutputStream: flushToNetwork: new _baseNameIndex 1
三月 16, 2015 10:00:42 上午 org.ccnx.ccn.io.CCNOutputStream close
信息: CCNOutputStream close: /ccnx.org/test/SyncTestRepo-15-03-16-09.59.21/ccnSyncTest/slice10/round24/randomFile/=FD05506394A954/%C1.META.M/.header/=FD05506394A985
三月 16, 2015 10:00:42 上午 org.ccnx.ccn.io.CCNOutputStream close
信息: CCNOutputStream close: /ccnx.org/test/SyncTestRepo-15-03-16-09.59.21/ccnSyncTest/slice10/round24/randomFile/=FD05506394A954
三月 16, 2015 10:00:42 上午 org.ccnx.ccn.profiles.sync.SyncTestCommon writeFile
信息: Wrote file to repository: /ccnx.org/test/SyncTestRepo-15-03-16-09.59.21/ccnSyncTest/slice10/round24/randomFile/=FD05506394A954 with 2 segments
三月 16, 2015 10:00:42 上午 org.ccnx.ccn.impl.sync.ProtocolBasedSyncMonitor handleContent
信息: Saw new content from sync: /ccnx.org/test/SyncTestRepo-15-03-16-09.59.21/topoPrefix/%C1.S.ra/=2C8E9188986CDF2A105DE6B835E792C68E4634558CA29C7787309099A7B4BD63/=0EF3964B9B9A94D0A227F4CFD991145A5600359450AC721E4AB6DAA04FFF0B9D39/%0FlI=12CE5310CC2F6A180F1CC45AED497EF418393E4769FAA38152D3F71C69E7
三月 16, 2015 10:00:42 上午 org.ccnx.ccn.impl.sync.SliceComparator run
信息: Starting new round with X = =0EF3964B9B9A94D0A227F4CFD991145A5600359450AC721E4AB6DAA04FFF0B9D39 and Y = %0FlI=12CE5310CC2F6A180F1CC45AED497EF418393E4769FAA38152D3F71C69E7
三月 16, 2015 10:00:42 上午 org.ccnx.ccn.impl.encoding.BinaryXMLDecoder setElement
信息: Reset decode array sizes to 1134
三月 16, 2015 10:00:42 上午 org.ccnx.ccn.profiles.sync.SyncTestRepo doHandleContentName
信息: Number 1: Callback for name: /ccnx.org/test/SyncTestRepo-15-03-16-09.59.21/ccnSyncTest/slice10/round24/randomFile/=FD05506394A954/=00 - number is 0
三月 16, 2015 10:00:42 上午 org.ccnx.ccn.profiles.sync.SyncTestRepo doHandleContentName
信息: Number 1: Callback for name: /ccnx.org/test/SyncTestRepo-15-03-16-09.59.21/ccnSyncTest/slice10/round24/randomFile/=FD05506394A954/%C1.META.M/.header/=FD05506394A985/=00 - number is header
三月 16, 2015 10:00:42 上午 org.ccnx.ccn.impl.sync.SliceComparator updateCurrent
信息: Resetting current to created head: %0FlI=12CE5310CC2F6A180F1CC45AED497EF418393E4769FAA38152D3F71C69E7
三月 16, 2015 10:00:43 上午 org.ccnx.ccn.impl.CCNFlowControl <init>
信息: adding namespace: /ccnx.org/test/SyncTestRepo-15-03-16-09.59.21/ccnSyncTest/slice10/round25/randomFile
三月 16, 2015 10:00:43 上午 org.ccnx.ccn.impl.security.keys.BasicKeyManager getKeyLocator
信息: getKeyLocator: returning locator NAME: /ccnx.org/Users/cb/Keys/%C1.M.K%00K=B082A16E5382FBAAA09FBE303E24E042E37E88C290E054292521DECA236523/=FD055059931000 KEY:itggagmsks2vela17tu60v29o22sdv8hgkgs1a2i991rr526p93 for key S7CCoW5TgvuqoJ++MD4k4ELjfojCkOBUKSUh3sojZSM=
三月 16, 2015 10:00:43 上午 org.ccnx.ccn.io.CCNAbstractOutputStream <init>
信息: CCNAbstractOutputStream: /ccnx.org/test/SyncTestRepo-15-03-16-09.59.21/ccnSyncTest/slice10/round25/randomFile/=FD05506394B262 blocksize is 4096
三月 16, 2015 10:00:43 上午 org.ccnx.ccn.io.CCNAbstractOutputStream startWrite
信息: CCNAbstractOutputStream: startWrite -- searching for keys.
三月 16, 2015 10:00:43 上午 org.ccnx.ccn.profiles.security.access.AccessControlManager keysForOutput
信息: keysForOutput: found an acm: (null)
三月 16, 2015 10:00:43 上午 org.ccnx.ccn.impl.repo.RepositoryFlowControl startWrite
信息: RepositoryFlowControl.startWrite called for name /ccnx.org/test/SyncTestRepo-15-03-16-09.59.21/ccnSyncTest/slice10/round25/randomFile/=FD05506394B262, shape STREAM
三月 16, 2015 10:00:43 上午 org.ccnx.ccn.impl.repo.RepositoryFlowControl handleContent
信息: handleContent: got potential repo message: /ccnx.org/test/SyncTestRepo-15-03-16-09.59.21/ccnSyncTest/slice10/round25/randomFile/=FD05506394B262/%C1.R.sw/%C1.N=001C2A801EAB08810B
三月 16, 2015 10:00:43 上午 org.ccnx.ccn.io.CCNOutputStream flushToNetwork
信息: flush: outputting to the segmenter, baseName /ccnx.org/test/SyncTestRepo-15-03-16-09.59.21/ccnSyncTest/slice10/round25/randomFile/=FD05506394B262 basenameindex =00; 4096 bytes written, holding back 4096 flushing final blocks? false.
三月 16, 2015 10:00:43 上午 org.ccnx.ccn.io.CCNOutputStream flushToNetwork
信息: HEADER: CCNOutputStream: flushToNetwork: new _baseNameIndex 0
三月 16, 2015 10:00:43 上午 org.ccnx.ccn.io.CCNOutputStream flushToNetwork
信息: flush: outputting to the segmenter, baseName /ccnx.org/test/SyncTestRepo-15-03-16-09.59.21/ccnSyncTest/slice10/round25/randomFile/=FD05506394B262 basenameindex =00; 4096 bytes written, holding back 4096 flushing final blocks? false.
三月 16, 2015 10:00:43 上午 org.ccnx.ccn.io.CCNOutputStream flushToNetwork
信息: HEADER: CCNOutputStream: flushToNetwork: new _baseNameIndex 0
三月 16, 2015 10:00:43 上午 org.ccnx.ccn.io.CCNOutputStream flushToNetwork
信息: flush: outputting to the segmenter, baseName /ccnx.org/test/SyncTestRepo-15-03-16-09.59.21/ccnSyncTest/slice10/round25/randomFile/=FD05506394B262 basenameindex =00; 4096 bytes written, holding back 0 flushing final blocks? true.
三月 16, 2015 10:00:43 上午 org.ccnx.ccn.io.CCNOutputStream flushToNetwork
信息: HEADER: CCNOutputStream: flushToNetwork: new _baseNameIndex 1
三月 16, 2015 10:00:43 上午 org.ccnx.ccn.io.CCNAbstractOutputStream <init>
信息: CCNAbstractOutputStream: /ccnx.org/test/SyncTestRepo-15-03-16-09.59.21/ccnSyncTest/slice10/round25/randomFile/=FD05506394B262/%C1.META.M/.header/=FD05506394B287 blocksize is 4096
三月 16, 2015 10:00:43 上午 org.ccnx.ccn.io.CCNAbstractOutputStream startWrite
信息: CCNAbstractOutputStream: startWrite -- searching for keys.
三月 16, 2015 10:00:43 上午 org.ccnx.ccn.profiles.security.access.AccessControlManager keysForOutput
信息: keysForOutput: found an acm: (null)
三月 16, 2015 10:00:43 上午 org.ccnx.ccn.impl.repo.RepositoryFlowControl startWrite
信息: RepositoryFlowControl.startWrite called for name /ccnx.org/test/SyncTestRepo-15-03-16-09.59.21/ccnSyncTest/slice10/round25/randomFile/=FD05506394B262/%C1.META.M/.header/=FD05506394B287, shape STREAM
三月 16, 2015 10:00:43 上午 org.ccnx.ccn.impl.repo.RepositoryFlowControl handleContent
信息: handleContent: got potential repo message: /ccnx.org/test/SyncTestRepo-15-03-16-09.59.21/ccnSyncTest/slice10/round25/randomFile/=FD05506394B262/%C1.META.M/.header/=FD05506394B287/%C1.R.sw/%C1.N=009F14D101E19DD1E9
三月 16, 2015 10:00:43 上午 org.ccnx.ccn.io.CCNOutputStream flushToNetwork
信息: flush: outputting to the segmenter, baseName /ccnx.org/test/SyncTestRepo-15-03-16-09.59.21/ccnSyncTest/slice10/round25/randomFile/=FD05506394B262/%C1.META.M/.header/=FD05506394B287 basenameindex =00; 66 bytes written, holding back 66 flushing final blocks? false.
三月 16, 2015 10:00:43 上午 org.ccnx.ccn.io.CCNOutputStream flushToNetwork
信息: HEADER: CCNOutputStream: flushToNetwork: new _baseNameIndex 0
三月 16, 2015 10:00:43 上午 org.ccnx.ccn.io.CCNOutputStream flushToNetwork
信息: flush: outputting to the segmenter, baseName /ccnx.org/test/SyncTestRepo-15-03-16-09.59.21/ccnSyncTest/slice10/round25/randomFile/=FD05506394B262/%C1.META.M/.header/=FD05506394B287 basenameindex =00; 66 bytes written, holding back 66 flushing final blocks? false.
三月 16, 2015 10:00:43 上午 org.ccnx.ccn.io.CCNOutputStream flushToNetwork
信息: HEADER: CCNOutputStream: flushToNetwork: new _baseNameIndex 0
三月 16, 2015 10:00:43 上午 org.ccnx.ccn.io.CCNOutputStream flushToNetwork
信息: flush: outputting to the segmenter, baseName /ccnx.org/test/SyncTestRepo-15-03-16-09.59.21/ccnSyncTest/slice10/round25/randomFile/=FD05506394B262/%C1.META.M/.header/=FD05506394B287 basenameindex =00; 66 bytes written, holding back 0 flushing final blocks? true.
三月 16, 2015 10:00:43 上午 org.ccnx.ccn.io.CCNOutputStream flushToNetwork
信息: HEADER: CCNOutputStream: flushToNetwork: new _baseNameIndex 1
三月 16, 2015 10:00:43 上午 org.ccnx.ccn.io.CCNOutputStream close
信息: CCNOutputStream close: /ccnx.org/test/SyncTestRepo-15-03-16-09.59.21/ccnSyncTest/slice10/round25/randomFile/=FD05506394B262/%C1.META.M/.header/=FD05506394B287
三月 16, 2015 10:00:43 上午 org.ccnx.ccn.io.CCNOutputStream close
信息: CCNOutputStream close: /ccnx.org/test/SyncTestRepo-15-03-16-09.59.21/ccnSyncTest/slice10/round25/randomFile/=FD05506394B262
三月 16, 2015 10:00:43 上午 org.ccnx.ccn.profiles.sync.SyncTestCommon writeFile
信息: Wrote file to repository: /ccnx.org/test/SyncTestRepo-15-03-16-09.59.21/ccnSyncTest/slice10/round25/randomFile/=FD05506394B262 with 2 segments
三月 16, 2015 10:00:43 上午 org.ccnx.ccn.impl.sync.ProtocolBasedSyncMonitor handleContent
信息: Saw new content from sync: /ccnx.org/test/SyncTestRepo-15-03-16-09.59.21/topoPrefix/%C1.S.ra/=2C8E9188986CDF2A105DE6B835E792C68E4634558CA29C7787309099A7B4BD63/%0FlI=12CE5310CC2F6A180F1CC45AED497EF418393E4769FAA38152D3F71C69E7/=1029228640A873CD2A17ECAE6181684EF2D4C06F1EF343AA2C46B20CB80EF391AD
三月 16, 2015 10:00:43 上午 org.ccnx.ccn.impl.encoding.BinaryXMLDecoder setElement
信息: Reset decode array sizes to 150
三月 16, 2015 10:00:43 上午 org.ccnx.ccn.impl.sync.SliceComparator run
信息: Starting new round with X = %0FlI=12CE5310CC2F6A180F1CC45AED497EF418393E4769FAA38152D3F71C69E7 and Y = =1029228640A873CD2A17ECAE6181684EF2D4C06F1EF343AA2C46B20CB80EF391AD
三月 16, 2015 10:00:43 上午 org.ccnx.ccn.profiles.sync.SyncTestRepo doHandleContentName
信息: Number 1: Callback for name: /ccnx.org/test/SyncTestRepo-15-03-16-09.59.21/ccnSyncTest/slice10/round25/randomFile/=FD05506394B262/=00 - number is 0
三月 16, 2015 10:00:43 上午 org.ccnx.ccn.profiles.sync.SyncTestRepo doHandleContentName
信息: Number 1: Callback for name: /ccnx.org/test/SyncTestRepo-15-03-16-09.59.21/ccnSyncTest/slice10/round25/randomFile/=FD05506394B262/%C1.META.M/.header/=FD05506394B287/=00 - number is header
三月 16, 2015 10:00:43 上午 org.ccnx.ccn.impl.sync.SliceComparator updateCurrent
信息: Resetting current to created head: =1029228640A873CD2A17ECAE6181684EF2D4C06F1EF343AA2C46B20CB80EF391AD
三月 16, 2015 10:00:43 上午 org.ccnx.ccn.impl.CCNFlowControl <init>
信息: adding namespace: /ccnx.org/test/SyncTestRepo-15-03-16-09.59.21/ccnSyncTest/slice10/round26/randomFile
三月 16, 2015 10:00:43 上午 org.ccnx.ccn.impl.security.keys.BasicKeyManager getKeyLocator
信息: getKeyLocator: returning locator NAME: /ccnx.org/Users/cb/Keys/%C1.M.K%00K=B082A16E5382FBAAA09FBE303E24E042E37E88C290E054292521DECA236523/=FD055059931000 KEY:itggagmsks2vela17tu60v29o22sdv8hgkgs1a2i991rr526p93 for key S7CCoW5TgvuqoJ++MD4k4ELjfojCkOBUKSUh3sojZSM=
三月 16, 2015 10:00:43 上午 org.ccnx.ccn.io.CCNAbstractOutputStream <init>
信息: CCNAbstractOutputStream: /ccnx.org/test/SyncTestRepo-15-03-16-09.59.21/ccnSyncTest/slice10/round26/randomFile/=FD05506394BB85 blocksize is 4096
三月 16, 2015 10:00:43 上午 org.ccnx.ccn.io.CCNAbstractOutputStream startWrite
信息: CCNAbstractOutputStream: startWrite -- searching for keys.
三月 16, 2015 10:00:43 上午 org.ccnx.ccn.profiles.security.access.AccessControlManager keysForOutput
信息: keysForOutput: found an acm: (null)
三月 16, 2015 10:00:43 上午 org.ccnx.ccn.impl.repo.RepositoryFlowControl startWrite
信息: RepositoryFlowControl.startWrite called for name /ccnx.org/test/SyncTestRepo-15-03-16-09.59.21/ccnSyncTest/slice10/round26/randomFile/=FD05506394BB85, shape STREAM
三月 16, 2015 10:00:43 上午 org.ccnx.ccn.impl.repo.RepositoryFlowControl handleContent
信息: handleContent: got potential repo message: /ccnx.org/test/SyncTestRepo-15-03-16-09.59.21/ccnSyncTest/slice10/round26/randomFile/=FD05506394BB85/%C1.R.sw/%C1.N=002617B64D35F0AC20
三月 16, 2015 10:00:43 上午 org.ccnx.ccn.io.CCNOutputStream flushToNetwork
信息: flush: outputting to the segmenter, baseName /ccnx.org/test/SyncTestRepo-15-03-16-09.59.21/ccnSyncTest/slice10/round26/randomFile/=FD05506394BB85 basenameindex =00; 4096 bytes written, holding back 4096 flushing final blocks? false.
三月 16, 2015 10:00:43 上午 org.ccnx.ccn.io.CCNOutputStream flushToNetwork
信息: HEADER: CCNOutputStream: flushToNetwork: new _baseNameIndex 0
三月 16, 2015 10:00:43 上午 org.ccnx.ccn.io.CCNOutputStream flushToNetwork
信息: flush: outputting to the segmenter, baseName /ccnx.org/test/SyncTestRepo-15-03-16-09.59.21/ccnSyncTest/slice10/round26/randomFile/=FD05506394BB85 basenameindex =00; 4096 bytes written, holding back 4096 flushing final blocks? false.
三月 16, 2015 10:00:43 上午 org.ccnx.ccn.io.CCNOutputStream flushToNetwork
信息: HEADER: CCNOutputStream: flushToNetwork: new _baseNameIndex 0
三月 16, 2015 10:00:43 上午 org.ccnx.ccn.io.CCNOutputStream flushToNetwork
信息: flush: outputting to the segmenter, baseName /ccnx.org/test/SyncTestRepo-15-03-16-09.59.21/ccnSyncTest/slice10/round26/randomFile/=FD05506394BB85 basenameindex =00; 4096 bytes written, holding back 0 flushing final blocks? true.
三月 16, 2015 10:00:43 上午 org.ccnx.ccn.io.CCNOutputStream flushToNetwork
信息: HEADER: CCNOutputStream: flushToNetwork: new _baseNameIndex 1
三月 16, 2015 10:00:43 上午 org.ccnx.ccn.io.CCNAbstractOutputStream <init>
信息: CCNAbstractOutputStream: /ccnx.org/test/SyncTestRepo-15-03-16-09.59.21/ccnSyncTest/slice10/round26/randomFile/=FD05506394BB85/%C1.META.M/.header/=FD05506394BBB6 blocksize is 4096
三月 16, 2015 10:00:43 上午 org.ccnx.ccn.io.CCNAbstractOutputStream startWrite
信息: CCNAbstractOutputStream: startWrite -- searching for keys.
三月 16, 2015 10:00:43 上午 org.ccnx.ccn.profiles.security.access.AccessControlManager keysForOutput
信息: keysForOutput: found an acm: (null)
三月 16, 2015 10:00:43 上午 org.ccnx.ccn.impl.repo.RepositoryFlowControl startWrite
信息: RepositoryFlowControl.startWrite called for name /ccnx.org/test/SyncTestRepo-15-03-16-09.59.21/ccnSyncTest/slice10/round26/randomFile/=FD05506394BB85/%C1.META.M/.header/=FD05506394BBB6, shape STREAM
三月 16, 2015 10:00:43 上午 org.ccnx.ccn.impl.repo.RepositoryFlowControl handleContent
信息: handleContent: got potential repo message: /ccnx.org/test/SyncTestRepo-15-03-16-09.59.21/ccnSyncTest/slice10/round26/randomFile/=FD05506394BB85/%C1.META.M/.header/=FD05506394BBB6/%C1.R.sw/%C1.N=0025A50FCD4312BEED
三月 16, 2015 10:00:43 上午 org.ccnx.ccn.io.CCNOutputStream flushToNetwork
信息: flush: outputting to the segmenter, baseName /ccnx.org/test/SyncTestRepo-15-03-16-09.59.21/ccnSyncTest/slice10/round26/randomFile/=FD05506394BB85/%C1.META.M/.header/=FD05506394BBB6 basenameindex =00; 66 bytes written, holding back 66 flushing final blocks? false.
三月 16, 2015 10:00:43 上午 org.ccnx.ccn.io.CCNOutputStream flushToNetwork
信息: HEADER: CCNOutputStream: flushToNetwork: new _baseNameIndex 0
三月 16, 2015 10:00:43 上午 org.ccnx.ccn.io.CCNOutputStream flushToNetwork
信息: flush: outputting to the segmenter, baseName /ccnx.org/test/SyncTestRepo-15-03-16-09.59.21/ccnSyncTest/slice10/round26/randomFile/=FD05506394BB85/%C1.META.M/.header/=FD05506394BBB6 basenameindex =00; 66 bytes written, holding back 66 flushing final blocks? false.
三月 16, 2015 10:00:43 上午 org.ccnx.ccn.io.CCNOutputStream flushToNetwork
信息: HEADER: CCNOutputStream: flushToNetwork: new _baseNameIndex 0
三月 16, 2015 10:00:43 上午 org.ccnx.ccn.io.CCNOutputStream flushToNetwork
信息: flush: outputting to the segmenter, baseName /ccnx.org/test/SyncTestRepo-15-03-16-09.59.21/ccnSyncTest/slice10/round26/randomFile/=FD05506394BB85/%C1.META.M/.header/=FD05506394BBB6 basenameindex =00; 66 bytes written, holding back 0 flushing final blocks? true.
三月 16, 2015 10:00:43 上午 org.ccnx.ccn.io.CCNOutputStream flushToNetwork
信息: HEADER: CCNOutputStream: flushToNetwork: new _baseNameIndex 1
三月 16, 2015 10:00:43 上午 org.ccnx.ccn.io.CCNOutputStream close
信息: CCNOutputStream close: /ccnx.org/test/SyncTestRepo-15-03-16-09.59.21/ccnSyncTest/slice10/round26/randomFile/=FD05506394BB85/%C1.META.M/.header/=FD05506394BBB6
三月 16, 2015 10:00:43 上午 org.ccnx.ccn.io.CCNOutputStream close
信息: CCNOutputStream close: /ccnx.org/test/SyncTestRepo-15-03-16-09.59.21/ccnSyncTest/slice10/round26/randomFile/=FD05506394BB85
三月 16, 2015 10:00:43 上午 org.ccnx.ccn.profiles.sync.SyncTestCommon writeFile
信息: Wrote file to repository: /ccnx.org/test/SyncTestRepo-15-03-16-09.59.21/ccnSyncTest/slice10/round26/randomFile/=FD05506394BB85 with 2 segments
三月 16, 2015 10:00:43 上午 org.ccnx.ccn.impl.sync.ProtocolBasedSyncMonitor handleContent
信息: Saw new content from sync: /ccnx.org/test/SyncTestRepo-15-03-16-09.59.21/topoPrefix/%C1.S.ra/=2C8E9188986CDF2A105DE6B835E792C68E4634558CA29C7787309099A7B4BD63/=1029228640A873CD2A17ECAE6181684EF2D4C06F1EF343AA2C46B20CB80EF391AD/=10926CA6221CB9CEE36B6D8384C32C282036F6E64BDEB0AD4A3B059B187876A4FA
三月 16, 2015 10:00:44 上午 org.ccnx.ccn.impl.encoding.BinaryXMLDecoder setElement
信息: Reset decode array sizes to 150
三月 16, 2015 10:00:44 上午 org.ccnx.ccn.impl.sync.SliceComparator run
信息: Starting new round with X = =1029228640A873CD2A17ECAE6181684EF2D4C06F1EF343AA2C46B20CB80EF391AD and Y = =10926CA6221CB9CEE36B6D8384C32C282036F6E64BDEB0AD4A3B059B187876A4FA
三月 16, 2015 10:00:44 上午 org.ccnx.ccn.profiles.sync.SyncTestRepo doHandleContentName
信息: Number 1: Callback for name: /ccnx.org/test/SyncTestRepo-15-03-16-09.59.21/ccnSyncTest/slice10/round26/randomFile/=FD05506394BB85/=00 - number is 0
三月 16, 2015 10:00:44 上午 org.ccnx.ccn.profiles.sync.SyncTestRepo doHandleContentName
信息: Number 1: Callback for name: /ccnx.org/test/SyncTestRepo-15-03-16-09.59.21/ccnSyncTest/slice10/round26/randomFile/=FD05506394BB85/%C1.META.M/.header/=FD05506394BBB6/=00 - number is header
三月 16, 2015 10:00:44 上午 org.ccnx.ccn.impl.sync.SliceComparator updateCurrent
信息: Resetting current to created head: =10926CA6221CB9CEE36B6D8384C32C282036F6E64BDEB0AD4A3B059B187876A4FA
三月 16, 2015 10:00:44 上午 org.ccnx.ccn.impl.CCNFlowControl <init>
信息: adding namespace: /ccnx.org/test/SyncTestRepo-15-03-16-09.59.21/ccnSyncTest/slice10/round27/randomFile
三月 16, 2015 10:00:44 上午 org.ccnx.ccn.impl.security.keys.BasicKeyManager getKeyLocator
信息: getKeyLocator: returning locator NAME: /ccnx.org/Users/cb/Keys/%C1.M.K%00K=B082A16E5382FBAAA09FBE303E24E042E37E88C290E054292521DECA236523/=FD055059931000 KEY:itggagmsks2vela17tu60v29o22sdv8hgkgs1a2i991rr526p93 for key S7CCoW5TgvuqoJ++MD4k4ELjfojCkOBUKSUh3sojZSM=
三月 16, 2015 10:00:44 上午 org.ccnx.ccn.io.CCNAbstractOutputStream <init>
信息: CCNAbstractOutputStream: /ccnx.org/test/SyncTestRepo-15-03-16-09.59.21/ccnSyncTest/slice10/round27/randomFile/=FD05506394C49C blocksize is 4096
三月 16, 2015 10:00:44 上午 org.ccnx.ccn.io.CCNAbstractOutputStream startWrite
信息: CCNAbstractOutputStream: startWrite -- searching for keys.
三月 16, 2015 10:00:44 上午 org.ccnx.ccn.profiles.security.access.AccessControlManager keysForOutput
信息: keysForOutput: found an acm: (null)
三月 16, 2015 10:00:44 上午 org.ccnx.ccn.impl.repo.RepositoryFlowControl startWrite
信息: RepositoryFlowControl.startWrite called for name /ccnx.org/test/SyncTestRepo-15-03-16-09.59.21/ccnSyncTest/slice10/round27/randomFile/=FD05506394C49C, shape STREAM
三月 16, 2015 10:00:44 上午 org.ccnx.ccn.impl.repo.RepositoryFlowControl handleContent
信息: handleContent: got potential repo message: /ccnx.org/test/SyncTestRepo-15-03-16-09.59.21/ccnSyncTest/slice10/round27/randomFile/=FD05506394C49C/%C1.R.sw/%C1.N=00160552D47871F340
三月 16, 2015 10:00:44 上午 org.ccnx.ccn.io.CCNOutputStream flushToNetwork
信息: flush: outputting to the segmenter, baseName /ccnx.org/test/SyncTestRepo-15-03-16-09.59.21/ccnSyncTest/slice10/round27/randomFile/=FD05506394C49C basenameindex =00; 4096 bytes written, holding back 4096 flushing final blocks? false.
三月 16, 2015 10:00:44 上午 org.ccnx.ccn.io.CCNOutputStream flushToNetwork
信息: HEADER: CCNOutputStream: flushToNetwork: new _baseNameIndex 0
三月 16, 2015 10:00:44 上午 org.ccnx.ccn.io.CCNOutputStream flushToNetwork
信息: flush: outputting to the segmenter, baseName /ccnx.org/test/SyncTestRepo-15-03-16-09.59.21/ccnSyncTest/slice10/round27/randomFile/=FD05506394C49C basenameindex =00; 4096 bytes written, holding back 4096 flushing final blocks? false.
三月 16, 2015 10:00:44 上午 org.ccnx.ccn.io.CCNOutputStream flushToNetwork
信息: HEADER: CCNOutputStream: flushToNetwork: new _baseNameIndex 0
三月 16, 2015 10:00:44 上午 org.ccnx.ccn.io.CCNOutputStream flushToNetwork
信息: flush: outputting to the segmenter, baseName /ccnx.org/test/SyncTestRepo-15-03-16-09.59.21/ccnSyncTest/slice10/round27/randomFile/=FD05506394C49C basenameindex =00; 4096 bytes written, holding back 0 flushing final blocks? true.
三月 16, 2015 10:00:44 上午 org.ccnx.ccn.io.CCNOutputStream flushToNetwork
信息: HEADER: CCNOutputStream: flushToNetwork: new _baseNameIndex 1
三月 16, 2015 10:00:44 上午 org.ccnx.ccn.io.CCNAbstractOutputStream <init>
信息: CCNAbstractOutputStream: /ccnx.org/test/SyncTestRepo-15-03-16-09.59.21/ccnSyncTest/slice10/round27/randomFile/=FD05506394C49C/%C1.META.M/.header/=FD05506394C4D5 blocksize is 4096
三月 16, 2015 10:00:44 上午 org.ccnx.ccn.io.CCNAbstractOutputStream startWrite
信息: CCNAbstractOutputStream: startWrite -- searching for keys.
三月 16, 2015 10:00:44 上午 org.ccnx.ccn.profiles.security.access.AccessControlManager keysForOutput
信息: keysForOutput: found an acm: (null)
三月 16, 2015 10:00:44 上午 org.ccnx.ccn.impl.repo.RepositoryFlowControl startWrite
信息: RepositoryFlowControl.startWrite called for name /ccnx.org/test/SyncTestRepo-15-03-16-09.59.21/ccnSyncTest/slice10/round27/randomFile/=FD05506394C49C/%C1.META.M/.header/=FD05506394C4D5, shape STREAM
三月 16, 2015 10:00:44 上午 org.ccnx.ccn.impl.sync.ProtocolBasedSyncMonitor handleContent
信息: Saw new content from sync: /ccnx.org/test/SyncTestRepo-15-03-16-09.59.21/topoPrefix/%C1.S.ra/=2C8E9188986CDF2A105DE6B835E792C68E4634558CA29C7787309099A7B4BD63/=10926CA6221CB9CEE36B6D8384C32C282036F6E64BDEB0AD4A3B059B187876A4FA/=110E0149DB00CDFC2195FFB5AF7FB524DE58C9055A94F276E69C94480A7BF845E4
三月 16, 2015 10:00:44 上午 org.ccnx.ccn.impl.repo.RepositoryFlowControl handleContent
信息: handleContent: got potential repo message: /ccnx.org/test/SyncTestRepo-15-03-16-09.59.21/ccnSyncTest/slice10/round27/randomFile/=FD05506394C49C/%C1.META.M/.header/=FD05506394C4D5/%C1.R.sw/%C1.N%003%DD.H%91S7%1E
三月 16, 2015 10:00:44 上午 org.ccnx.ccn.io.CCNOutputStream flushToNetwork
信息: flush: outputting to the segmenter, baseName /ccnx.org/test/SyncTestRepo-15-03-16-09.59.21/ccnSyncTest/slice10/round27/randomFile/=FD05506394C49C/%C1.META.M/.header/=FD05506394C4D5 basenameindex =00; 66 bytes written, holding back 66 flushing final blocks? false.
三月 16, 2015 10:00:44 上午 org.ccnx.ccn.io.CCNOutputStream flushToNetwork
信息: HEADER: CCNOutputStream: flushToNetwork: new _baseNameIndex 0
三月 16, 2015 10:00:44 上午 org.ccnx.ccn.io.CCNOutputStream flushToNetwork
信息: flush: outputting to the segmenter, baseName /ccnx.org/test/SyncTestRepo-15-03-16-09.59.21/ccnSyncTest/slice10/round27/randomFile/=FD05506394C49C/%C1.META.M/.header/=FD05506394C4D5 basenameindex =00; 66 bytes written, holding back 66 flushing final blocks? false.
三月 16, 2015 10:00:44 上午 org.ccnx.ccn.io.CCNOutputStream flushToNetwork
信息: HEADER: CCNOutputStream: flushToNetwork: new _baseNameIndex 0
三月 16, 2015 10:00:44 上午 org.ccnx.ccn.io.CCNOutputStream flushToNetwork
信息: flush: outputting to the segmenter, baseName /ccnx.org/test/SyncTestRepo-15-03-16-09.59.21/ccnSyncTest/slice10/round27/randomFile/=FD05506394C49C/%C1.META.M/.header/=FD05506394C4D5 basenameindex =00; 66 bytes written, holding back 0 flushing final blocks? true.
三月 16, 2015 10:00:44 上午 org.ccnx.ccn.io.CCNOutputStream flushToNetwork
信息: HEADER: CCNOutputStream: flushToNetwork: new _baseNameIndex 1
三月 16, 2015 10:00:44 上午 org.ccnx.ccn.io.CCNOutputStream close
信息: CCNOutputStream close: /ccnx.org/test/SyncTestRepo-15-03-16-09.59.21/ccnSyncTest/slice10/round27/randomFile/=FD05506394C49C/%C1.META.M/.header/=FD05506394C4D5
三月 16, 2015 10:00:44 上午 org.ccnx.ccn.io.CCNOutputStream close
信息: CCNOutputStream close: /ccnx.org/test/SyncTestRepo-15-03-16-09.59.21/ccnSyncTest/slice10/round27/randomFile/=FD05506394C49C
三月 16, 2015 10:00:44 上午 org.ccnx.ccn.profiles.sync.SyncTestCommon writeFile
信息: Wrote file to repository: /ccnx.org/test/SyncTestRepo-15-03-16-09.59.21/ccnSyncTest/slice10/round27/randomFile/=FD05506394C49C with 2 segments
三月 16, 2015 10:00:44 上午 org.ccnx.ccn.impl.encoding.BinaryXMLDecoder setElement
信息: Reset decode array sizes to 150
三月 16, 2015 10:00:44 上午 org.ccnx.ccn.impl.sync.SliceComparator run
信息: Starting new round with X = =10926CA6221CB9CEE36B6D8384C32C282036F6E64BDEB0AD4A3B059B187876A4FA and Y = =110E0149DB00CDFC2195FFB5AF7FB524DE58C9055A94F276E69C94480A7BF845E4
三月 16, 2015 10:00:44 上午 org.ccnx.ccn.profiles.sync.SyncTestRepo doHandleContentName
信息: Number 1: Callback for name: /ccnx.org/test/SyncTestRepo-15-03-16-09.59.21/ccnSyncTest/slice10/round27/randomFile/=FD05506394C49C/=00 - number is 0
三月 16, 2015 10:00:44 上午 org.ccnx.ccn.impl.sync.SliceComparator updateCurrent
信息: Resetting current to created head: =110E0149DB00CDFC2195FFB5AF7FB524DE58C9055A94F276E69C94480A7BF845E4
三月 16, 2015 10:00:44 上午 org.ccnx.ccn.impl.sync.ProtocolBasedSyncMonitor handleContent
信息: Saw new content from sync: /ccnx.org/test/SyncTestRepo-15-03-16-09.59.21/topoPrefix/%C1.S.ra/=2C8E9188986CDF2A105DE6B835E792C68E4634558CA29C7787309099A7B4BD63/=110E0149DB00CDFC2195FFB5AF7FB524DE58C9055A94F276E69C94480A7BF845E4/=12006B94447120D24BA5862260ACBF9C88902ED993D1891D0A676DFFED6785C77F
三月 16, 2015 10:00:44 上午 org.ccnx.ccn.impl.encoding.BinaryXMLDecoder setElement
信息: Reset decode array sizes to 150
三月 16, 2015 10:00:44 上午 org.ccnx.ccn.impl.sync.SliceComparator run
信息: Starting new round with X = =110E0149DB00CDFC2195FFB5AF7FB524DE58C9055A94F276E69C94480A7BF845E4 and Y = =12006B94447120D24BA5862260ACBF9C88902ED993D1891D0A676DFFED6785C77F
三月 16, 2015 10:00:44 上午 org.ccnx.ccn.profiles.sync.SyncTestRepo doHandleContentName
信息: Number 1: Callback for name: /ccnx.org/test/SyncTestRepo-15-03-16-09.59.21/ccnSyncTest/slice10/round27/randomFile/=FD05506394C49C/%C1.META.M/.header/=FD05506394C4D5/=00 - number is header
三月 16, 2015 10:00:44 上午 org.ccnx.ccn.impl.sync.SliceComparator updateCurrent
信息: Resetting current to created head: =12006B94447120D24BA5862260ACBF9C88902ED993D1891D0A676DFFED6785C77F
三月 16, 2015 10:00:44 上午 org.ccnx.ccn.impl.CCNFlowControl <init>
信息: adding namespace: /ccnx.org/test/SyncTestRepo-15-03-16-09.59.21/ccnSyncTest/slice10/round28/randomFile
三月 16, 2015 10:00:44 上午 org.ccnx.ccn.impl.security.keys.BasicKeyManager getKeyLocator
信息: getKeyLocator: returning locator NAME: /ccnx.org/Users/cb/Keys/%C1.M.K%00K=B082A16E5382FBAAA09FBE303E24E042E37E88C290E054292521DECA236523/=FD055059931000 KEY:itggagmsks2vela17tu60v29o22sdv8hgkgs1a2i991rr526p93 for key S7CCoW5TgvuqoJ++MD4k4ELjfojCkOBUKSUh3sojZSM=
三月 16, 2015 10:00:44 上午 org.ccnx.ccn.io.CCNAbstractOutputStream <init>
信息: CCNAbstractOutputStream: /ccnx.org/test/SyncTestRepo-15-03-16-09.59.21/ccnSyncTest/slice10/round28/randomFile/=FD05506394CDCF blocksize is 4096
三月 16, 2015 10:00:44 上午 org.ccnx.ccn.io.CCNAbstractOutputStream startWrite
信息: CCNAbstractOutputStream: startWrite -- searching for keys.
三月 16, 2015 10:00:44 上午 org.ccnx.ccn.profiles.security.access.AccessControlManager keysForOutput
信息: keysForOutput: found an acm: (null)
三月 16, 2015 10:00:44 上午 org.ccnx.ccn.impl.repo.RepositoryFlowControl startWrite
信息: RepositoryFlowControl.startWrite called for name /ccnx.org/test/SyncTestRepo-15-03-16-09.59.21/ccnSyncTest/slice10/round28/randomFile/=FD05506394CDCF, shape STREAM
三月 16, 2015 10:00:44 上午 org.ccnx.ccn.impl.repo.RepositoryFlowControl handleContent
信息: handleContent: got potential repo message: /ccnx.org/test/SyncTestRepo-15-03-16-09.59.21/ccnSyncTest/slice10/round28/randomFile/=FD05506394CDCF/%C1.R.sw/%C1.N=009C0C9B253B664E76
三月 16, 2015 10:00:44 上午 org.ccnx.ccn.io.CCNOutputStream flushToNetwork
信息: flush: outputting to the segmenter, baseName /ccnx.org/test/SyncTestRepo-15-03-16-09.59.21/ccnSyncTest/slice10/round28/randomFile/=FD05506394CDCF basenameindex =00; 4096 bytes written, holding back 4096 flushing final blocks? false.
三月 16, 2015 10:00:44 上午 org.ccnx.ccn.io.CCNOutputStream flushToNetwork
信息: HEADER: CCNOutputStream: flushToNetwork: new _baseNameIndex 0
三月 16, 2015 10:00:44 上午 org.ccnx.ccn.io.CCNOutputStream flushToNetwork
信息: flush: outputting to the segmenter, baseName /ccnx.org/test/SyncTestRepo-15-03-16-09.59.21/ccnSyncTest/slice10/round28/randomFile/=FD05506394CDCF basenameindex =00; 4096 bytes written, holding back 4096 flushing final blocks? false.
三月 16, 2015 10:00:44 上午 org.ccnx.ccn.io.CCNOutputStream flushToNetwork
信息: HEADER: CCNOutputStream: flushToNetwork: new _baseNameIndex 0
三月 16, 2015 10:00:44 上午 org.ccnx.ccn.io.CCNOutputStream flushToNetwork
信息: flush: outputting to the segmenter, baseName /ccnx.org/test/SyncTestRepo-15-03-16-09.59.21/ccnSyncTest/slice10/round28/randomFile/=FD05506394CDCF basenameindex =00; 4096 bytes written, holding back 0 flushing final blocks? true.
三月 16, 2015 10:00:44 上午 org.ccnx.ccn.io.CCNOutputStream flushToNetwork
信息: HEADER: CCNOutputStream: flushToNetwork: new _baseNameIndex 1
三月 16, 2015 10:00:44 上午 org.ccnx.ccn.io.CCNAbstractOutputStream <init>
信息: CCNAbstractOutputStream: /ccnx.org/test/SyncTestRepo-15-03-16-09.59.21/ccnSyncTest/slice10/round28/randomFile/=FD05506394CDCF/%C1.META.M/.header/=FD05506394CE00 blocksize is 4096
三月 16, 2015 10:00:44 上午 org.ccnx.ccn.io.CCNAbstractOutputStream startWrite
信息: CCNAbstractOutputStream: startWrite -- searching for keys.
三月 16, 2015 10:00:44 上午 org.ccnx.ccn.profiles.security.access.AccessControlManager keysForOutput
信息: keysForOutput: found an acm: (null)
三月 16, 2015 10:00:44 上午 org.ccnx.ccn.impl.repo.RepositoryFlowControl startWrite
信息: RepositoryFlowControl.startWrite called for name /ccnx.org/test/SyncTestRepo-15-03-16-09.59.21/ccnSyncTest/slice10/round28/randomFile/=FD05506394CDCF/%C1.META.M/.header/=FD05506394CE00, shape STREAM
三月 16, 2015 10:00:44 上午 org.ccnx.ccn.impl.repo.RepositoryFlowControl handleContent
信息: handleContent: got potential repo message: /ccnx.org/test/SyncTestRepo-15-03-16-09.59.21/ccnSyncTest/slice10/round28/randomFile/=FD05506394CDCF/%C1.META.M/.header/=FD05506394CE00/%C1.R.sw/%C1.N=00D8480CD298DEE889
三月 16, 2015 10:00:44 上午 org.ccnx.ccn.io.CCNOutputStream flushToNetwork
信息: flush: outputting to the segmenter, baseName /ccnx.org/test/SyncTestRepo-15-03-16-09.59.21/ccnSyncTest/slice10/round28/randomFile/=FD05506394CDCF/%C1.META.M/.header/=FD05506394CE00 basenameindex =00; 66 bytes written, holding back 66 flushing final blocks? false.
三月 16, 2015 10:00:44 上午 org.ccnx.ccn.io.CCNOutputStream flushToNetwork
信息: HEADER: CCNOutputStream: flushToNetwork: new _baseNameIndex 0
三月 16, 2015 10:00:44 上午 org.ccnx.ccn.io.CCNOutputStream flushToNetwork
信息: flush: outputting to the segmenter, baseName /ccnx.org/test/SyncTestRepo-15-03-16-09.59.21/ccnSyncTest/slice10/round28/randomFile/=FD05506394CDCF/%C1.META.M/.header/=FD05506394CE00 basenameindex =00; 66 bytes written, holding back 66 flushing final blocks? false.
三月 16, 2015 10:00:44 上午 org.ccnx.ccn.io.CCNOutputStream flushToNetwork
信息: HEADER: CCNOutputStream: flushToNetwork: new _baseNameIndex 0
三月 16, 2015 10:00:44 上午 org.ccnx.ccn.io.CCNOutputStream flushToNetwork
信息: flush: outputting to the segmenter, baseName /ccnx.org/test/SyncTestRepo-15-03-16-09.59.21/ccnSyncTest/slice10/round28/randomFile/=FD05506394CDCF/%C1.META.M/.header/=FD05506394CE00 basenameindex =00; 66 bytes written, holding back 0 flushing final blocks? true.
三月 16, 2015 10:00:44 上午 org.ccnx.ccn.io.CCNOutputStream flushToNetwork
信息: HEADER: CCNOutputStream: flushToNetwork: new _baseNameIndex 1
三月 16, 2015 10:00:44 上午 org.ccnx.ccn.impl.sync.ProtocolBasedSyncMonitor handleContent
信息: Saw new content from sync: /ccnx.org/test/SyncTestRepo-15-03-16-09.59.21/topoPrefix/%C1.S.ra/=2C8E9188986CDF2A105DE6B835E792C68E4634558CA29C7787309099A7B4BD63/=12006B94447120D24BA5862260ACBF9C88902ED993D1891D0A676DFFED6785C77F/=12E9B33C9EF88CF21BC416DE82ADACCAB651D98545027743BE1AAF6D0F80CED10C
三月 16, 2015 10:00:44 上午 org.ccnx.ccn.io.CCNOutputStream close
信息: CCNOutputStream close: /ccnx.org/test/SyncTestRepo-15-03-16-09.59.21/ccnSyncTest/slice10/round28/randomFile/=FD05506394CDCF/%C1.META.M/.header/=FD05506394CE00
三月 16, 2015 10:00:44 上午 org.ccnx.ccn.io.CCNOutputStream close
信息: CCNOutputStream close: /ccnx.org/test/SyncTestRepo-15-03-16-09.59.21/ccnSyncTest/slice10/round28/randomFile/=FD05506394CDCF
三月 16, 2015 10:00:44 上午 org.ccnx.ccn.profiles.sync.SyncTestCommon writeFile
信息: Wrote file to repository: /ccnx.org/test/SyncTestRepo-15-03-16-09.59.21/ccnSyncTest/slice10/round28/randomFile/=FD05506394CDCF with 2 segments
三月 16, 2015 10:00:45 上午 org.ccnx.ccn.impl.encoding.BinaryXMLDecoder setElement
信息: Reset decode array sizes to 150
三月 16, 2015 10:00:45 上午 org.ccnx.ccn.impl.sync.SliceComparator run
信息: Starting new round with X = =12006B94447120D24BA5862260ACBF9C88902ED993D1891D0A676DFFED6785C77F and Y = =12E9B33C9EF88CF21BC416DE82ADACCAB651D98545027743BE1AAF6D0F80CED10C
三月 16, 2015 10:00:45 上午 org.ccnx.ccn.profiles.sync.SyncTestRepo doHandleContentName
信息: Number 1: Callback for name: /ccnx.org/test/SyncTestRepo-15-03-16-09.59.21/ccnSyncTest/slice10/round28/randomFile/=FD05506394CDCF/=00 - number is 0
三月 16, 2015 10:00:45 上午 org.ccnx.ccn.impl.sync.SliceComparator updateCurrent
信息: Resetting current to created head: =12E9B33C9EF88CF21BC416DE82ADACCAB651D98545027743BE1AAF6D0F80CED10C
三月 16, 2015 10:00:45 上午 org.ccnx.ccn.impl.sync.ProtocolBasedSyncMonitor handleContent
信息: Saw new content from sync: /ccnx.org/test/SyncTestRepo-15-03-16-09.59.21/topoPrefix/%C1.S.ra/=2C8E9188986CDF2A105DE6B835E792C68E4634558CA29C7787309099A7B4BD63/=12E9B33C9EF88CF21BC416DE82ADACCAB651D98545027743BE1AAF6D0F80CED10C/%13SV=1CFB3DB7ECEA3BC22210DF846659994B6F63BC773478A79D9B868F22F8CA
三月 16, 2015 10:00:45 上午 org.ccnx.ccn.impl.encoding.BinaryXMLDecoder setElement
信息: Reset decode array sizes to 150
三月 16, 2015 10:00:45 上午 org.ccnx.ccn.impl.sync.SliceComparator run
信息: Starting new round with X = =12E9B33C9EF88CF21BC416DE82ADACCAB651D98545027743BE1AAF6D0F80CED10C and Y = %13SV=1CFB3DB7ECEA3BC22210DF846659994B6F63BC773478A79D9B868F22F8CA
三月 16, 2015 10:00:45 上午 org.ccnx.ccn.profiles.sync.SyncTestRepo doHandleContentName
信息: Number 1: Callback for name: /ccnx.org/test/SyncTestRepo-15-03-16-09.59.21/ccnSyncTest/slice10/round28/randomFile/=FD05506394CDCF/%C1.META.M/.header/=FD05506394CE00/=00 - number is header
三月 16, 2015 10:00:45 上午 org.ccnx.ccn.impl.sync.SliceComparator updateCurrent
信息: Resetting current to created head: %13SV=1CFB3DB7ECEA3BC22210DF846659994B6F63BC773478A79D9B868F22F8CA
三月 16, 2015 10:00:45 上午 org.ccnx.ccn.impl.CCNFlowControl <init>
信息: adding namespace: /ccnx.org/test/SyncTestRepo-15-03-16-09.59.21/ccnSyncTest/slice10/round29/randomFile
三月 16, 2015 10:00:45 上午 org.ccnx.ccn.impl.security.keys.BasicKeyManager getKeyLocator
信息: getKeyLocator: returning locator NAME: /ccnx.org/Users/cb/Keys/%C1.M.K%00K=B082A16E5382FBAAA09FBE303E24E042E37E88C290E054292521DECA236523/=FD055059931000 KEY:itggagmsks2vela17tu60v29o22sdv8hgkgs1a2i991rr526p93 for key S7CCoW5TgvuqoJ++MD4k4ELjfojCkOBUKSUh3sojZSM=
三月 16, 2015 10:00:45 上午 org.ccnx.ccn.io.CCNAbstractOutputStream <init>
信息: CCNAbstractOutputStream: /ccnx.org/test/SyncTestRepo-15-03-16-09.59.21/ccnSyncTest/slice10/round29/randomFile/=FD05506394D6DD blocksize is 4096
三月 16, 2015 10:00:45 上午 org.ccnx.ccn.io.CCNAbstractOutputStream startWrite
信息: CCNAbstractOutputStream: startWrite -- searching for keys.
三月 16, 2015 10:00:45 上午 org.ccnx.ccn.profiles.security.access.AccessControlManager keysForOutput
信息: keysForOutput: found an acm: (null)
三月 16, 2015 10:00:45 上午 org.ccnx.ccn.impl.repo.RepositoryFlowControl startWrite
信息: RepositoryFlowControl.startWrite called for name /ccnx.org/test/SyncTestRepo-15-03-16-09.59.21/ccnSyncTest/slice10/round29/randomFile/=FD05506394D6DD, shape STREAM
三月 16, 2015 10:00:45 上午 org.ccnx.ccn.impl.repo.RepositoryFlowControl handleContent
信息: handleContent: got potential repo message: /ccnx.org/test/SyncTestRepo-15-03-16-09.59.21/ccnSyncTest/slice10/round29/randomFile/=FD05506394D6DD/%C1.R.sw/%C1.N=00D7BDA1EDB18FEFEE
三月 16, 2015 10:00:45 上午 org.ccnx.ccn.io.CCNOutputStream flushToNetwork
信息: flush: outputting to the segmenter, baseName /ccnx.org/test/SyncTestRepo-15-03-16-09.59.21/ccnSyncTest/slice10/round29/randomFile/=FD05506394D6DD basenameindex =00; 4096 bytes written, holding back 4096 flushing final blocks? false.
三月 16, 2015 10:00:45 上午 org.ccnx.ccn.io.CCNOutputStream flushToNetwork
信息: HEADER: CCNOutputStream: flushToNetwork: new _baseNameIndex 0
三月 16, 2015 10:00:45 上午 org.ccnx.ccn.io.CCNOutputStream flushToNetwork
信息: flush: outputting to the segmenter, baseName /ccnx.org/test/SyncTestRepo-15-03-16-09.59.21/ccnSyncTest/slice10/round29/randomFile/=FD05506394D6DD basenameindex =00; 4096 bytes written, holding back 4096 flushing final blocks? false.
三月 16, 2015 10:00:45 上午 org.ccnx.ccn.io.CCNOutputStream flushToNetwork
信息: HEADER: CCNOutputStream: flushToNetwork: new _baseNameIndex 0
三月 16, 2015 10:00:45 上午 org.ccnx.ccn.io.CCNOutputStream flushToNetwork
信息: flush: outputting to the segmenter, baseName /ccnx.org/test/SyncTestRepo-15-03-16-09.59.21/ccnSyncTest/slice10/round29/randomFile/=FD05506394D6DD basenameindex =00; 4096 bytes written, holding back 0 flushing final blocks? true.
三月 16, 2015 10:00:45 上午 org.ccnx.ccn.io.CCNOutputStream flushToNetwork
信息: HEADER: CCNOutputStream: flushToNetwork: new _baseNameIndex 1
三月 16, 2015 10:00:45 上午 org.ccnx.ccn.io.CCNAbstractOutputStream <init>
信息: CCNAbstractOutputStream: /ccnx.org/test/SyncTestRepo-15-03-16-09.59.21/ccnSyncTest/slice10/round29/randomFile/=FD05506394D6DD/%C1.META.M/.header/=FD05506394D70A blocksize is 4096
三月 16, 2015 10:00:45 上午 org.ccnx.ccn.io.CCNAbstractOutputStream startWrite
信息: CCNAbstractOutputStream: startWrite -- searching for keys.
三月 16, 2015 10:00:45 上午 org.ccnx.ccn.profiles.security.access.AccessControlManager keysForOutput
信息: keysForOutput: found an acm: (null)
三月 16, 2015 10:00:45 上午 org.ccnx.ccn.impl.repo.RepositoryFlowControl startWrite
信息: RepositoryFlowControl.startWrite called for name /ccnx.org/test/SyncTestRepo-15-03-16-09.59.21/ccnSyncTest/slice10/round29/randomFile/=FD05506394D6DD/%C1.META.M/.header/=FD05506394D70A, shape STREAM
三月 16, 2015 10:00:45 上午 org.ccnx.ccn.impl.repo.RepositoryFlowControl handleContent
信息: handleContent: got potential repo message: /ccnx.org/test/SyncTestRepo-15-03-16-09.59.21/ccnSyncTest/slice10/round29/randomFile/=FD05506394D6DD/%C1.META.M/.header/=FD05506394D70A/%C1.R.sw/%C1.N=00DCBE29411B8AEEB4
三月 16, 2015 10:00:45 上午 org.ccnx.ccn.io.CCNOutputStream flushToNetwork
信息: flush: outputting to the segmenter, baseName /ccnx.org/test/SyncTestRepo-15-03-16-09.59.21/ccnSyncTest/slice10/round29/randomFile/=FD05506394D6DD/%C1.META.M/.header/=FD05506394D70A basenameindex =00; 66 bytes written, holding back 66 flushing final blocks? false.
三月 16, 2015 10:00:45 上午 org.ccnx.ccn.io.CCNOutputStream flushToNetwork
信息: HEADER: CCNOutputStream: flushToNetwork: new _baseNameIndex 0
三月 16, 2015 10:00:45 上午 org.ccnx.ccn.io.CCNOutputStream flushToNetwork
信息: flush: outputting to the segmenter, baseName /ccnx.org/test/SyncTestRepo-15-03-16-09.59.21/ccnSyncTest/slice10/round29/randomFile/=FD05506394D6DD/%C1.META.M/.header/=FD05506394D70A basenameindex =00; 66 bytes written, holding back 66 flushing final blocks? false.
三月 16, 2015 10:00:45 上午 org.ccnx.ccn.io.CCNOutputStream flushToNetwork
信息: HEADER: CCNOutputStream: flushToNetwork: new _baseNameIndex 0
三月 16, 2015 10:00:45 上午 org.ccnx.ccn.io.CCNOutputStream flushToNetwork
信息: flush: outputting to the segmenter, baseName /ccnx.org/test/SyncTestRepo-15-03-16-09.59.21/ccnSyncTest/slice10/round29/randomFile/=FD05506394D6DD/%C1.META.M/.header/=FD05506394D70A basenameindex =00; 66 bytes written, holding back 0 flushing final blocks? true.
三月 16, 2015 10:00:45 上午 org.ccnx.ccn.io.CCNOutputStream flushToNetwork
信息: HEADER: CCNOutputStream: flushToNetwork: new _baseNameIndex 1
三月 16, 2015 10:00:45 上午 org.ccnx.ccn.io.CCNOutputStream close
信息: CCNOutputStream close: /ccnx.org/test/SyncTestRepo-15-03-16-09.59.21/ccnSyncTest/slice10/round29/randomFile/=FD05506394D6DD/%C1.META.M/.header/=FD05506394D70A
三月 16, 2015 10:00:45 上午 org.ccnx.ccn.io.CCNOutputStream close
信息: CCNOutputStream close: /ccnx.org/test/SyncTestRepo-15-03-16-09.59.21/ccnSyncTest/slice10/round29/randomFile/=FD05506394D6DD
三月 16, 2015 10:00:45 上午 org.ccnx.ccn.profiles.sync.SyncTestCommon writeFile
信息: Wrote file to repository: /ccnx.org/test/SyncTestRepo-15-03-16-09.59.21/ccnSyncTest/slice10/round29/randomFile/=FD05506394D6DD with 2 segments
三月 16, 2015 10:00:45 上午 org.ccnx.ccn.impl.sync.ProtocolBasedSyncMonitor handleContent
信息: Saw new content from sync: /ccnx.org/test/SyncTestRepo-15-03-16-09.59.21/topoPrefix/%C1.S.ra/=2C8E9188986CDF2A105DE6B835E792C68E4634558CA29C7787309099A7B4BD63/%13SV=1CFB3DB7ECEA3BC22210DF846659994B6F63BC773478A79D9B868F22F8CA/%14K=8CEDE9883A8EAE56874608715AF6F1B6BE1CDE24CDB35F46B3911AB1E4A9BA
三月 16, 2015 10:00:45 上午 org.ccnx.ccn.impl.encoding.BinaryXMLDecoder setElement
信息: Reset decode array sizes to 150
三月 16, 2015 10:00:45 上午 org.ccnx.ccn.impl.sync.SliceComparator run
信息: Starting new round with X = %13SV=1CFB3DB7ECEA3BC22210DF846659994B6F63BC773478A79D9B868F22F8CA and Y = %14K=8CEDE9883A8EAE56874608715AF6F1B6BE1CDE24CDB35F46B3911AB1E4A9BA
三月 16, 2015 10:00:45 上午 org.ccnx.ccn.profiles.sync.SyncTestRepo doHandleContentName
信息: Number 1: Callback for name: /ccnx.org/test/SyncTestRepo-15-03-16-09.59.21/ccnSyncTest/slice10/round29/randomFile/=FD05506394D6DD/=00 - number is 0
三月 16, 2015 10:00:45 上午 org.ccnx.ccn.profiles.sync.SyncTestRepo doHandleContentName
信息: Number 1: Callback for name: /ccnx.org/test/SyncTestRepo-15-03-16-09.59.21/ccnSyncTest/slice10/round29/randomFile/=FD05506394D6DD/%C1.META.M/.header/=FD05506394D70A/=00 - number is header
三月 16, 2015 10:00:45 上午 org.ccnx.ccn.impl.sync.SliceComparator updateCurrent
信息: Resetting current to created head: %14K=8CEDE9883A8EAE56874608715AF6F1B6BE1CDE24CDB35F46B3911AB1E4A9BA
三月 16, 2015 10:00:45 上午 org.ccnx.ccn.impl.CCNFlowControl <init>
信息: adding namespace: /ccnx.org/test/SyncTestRepo-15-03-16-09.59.21/ccnSyncTest/slice10/round30/randomFile
三月 16, 2015 10:00:46 上午 org.ccnx.ccn.impl.security.keys.BasicKeyManager getKeyLocator
信息: getKeyLocator: returning locator NAME: /ccnx.org/Users/cb/Keys/%C1.M.K%00K=B082A16E5382FBAAA09FBE303E24E042E37E88C290E054292521DECA236523/=FD055059931000 KEY:itggagmsks2vela17tu60v29o22sdv8hgkgs1a2i991rr526p93 for key S7CCoW5TgvuqoJ++MD4k4ELjfojCkOBUKSUh3sojZSM=
三月 16, 2015 10:00:46 上午 org.ccnx.ccn.io.CCNAbstractOutputStream <init>
信息: CCNAbstractOutputStream: /ccnx.org/test/SyncTestRepo-15-03-16-09.59.21/ccnSyncTest/slice10/round30/randomFile/=FD05506394E000 blocksize is 4096
三月 16, 2015 10:00:46 上午 org.ccnx.ccn.io.CCNAbstractOutputStream startWrite
信息: CCNAbstractOutputStream: startWrite -- searching for keys.
三月 16, 2015 10:00:46 上午 org.ccnx.ccn.profiles.security.access.AccessControlManager keysForOutput
信息: keysForOutput: found an acm: (null)
三月 16, 2015 10:00:46 上午 org.ccnx.ccn.impl.repo.RepositoryFlowControl startWrite
信息: RepositoryFlowControl.startWrite called for name /ccnx.org/test/SyncTestRepo-15-03-16-09.59.21/ccnSyncTest/slice10/round30/randomFile/=FD05506394E000, shape STREAM
三月 16, 2015 10:00:46 上午 org.ccnx.ccn.impl.repo.RepositoryFlowControl handleContent
信息: handleContent: got potential repo message: /ccnx.org/test/SyncTestRepo-15-03-16-09.59.21/ccnSyncTest/slice10/round30/randomFile/=FD05506394E000/%C1.R.sw/%C1.N=00F980DCE75714D92B
三月 16, 2015 10:00:46 上午 org.ccnx.ccn.io.CCNOutputStream flushToNetwork
信息: flush: outputting to the segmenter, baseName /ccnx.org/test/SyncTestRepo-15-03-16-09.59.21/ccnSyncTest/slice10/round30/randomFile/=FD05506394E000 basenameindex =00; 4096 bytes written, holding back 4096 flushing final blocks? false.
三月 16, 2015 10:00:46 上午 org.ccnx.ccn.io.CCNOutputStream flushToNetwork
信息: HEADER: CCNOutputStream: flushToNetwork: new _baseNameIndex 0
三月 16, 2015 10:00:46 上午 org.ccnx.ccn.io.CCNOutputStream flushToNetwork
信息: flush: outputting to the segmenter, baseName /ccnx.org/test/SyncTestRepo-15-03-16-09.59.21/ccnSyncTest/slice10/round30/randomFile/=FD05506394E000 basenameindex =00; 4096 bytes written, holding back 4096 flushing final blocks? false.
三月 16, 2015 10:00:46 上午 org.ccnx.ccn.io.CCNOutputStream flushToNetwork
信息: HEADER: CCNOutputStream: flushToNetwork: new _baseNameIndex 0
三月 16, 2015 10:00:46 上午 org.ccnx.ccn.io.CCNOutputStream flushToNetwork
信息: flush: outputting to the segmenter, baseName /ccnx.org/test/SyncTestRepo-15-03-16-09.59.21/ccnSyncTest/slice10/round30/randomFile/=FD05506394E000 basenameindex =00; 4096 bytes written, holding back 0 flushing final blocks? true.
三月 16, 2015 10:00:46 上午 org.ccnx.ccn.io.CCNOutputStream flushToNetwork
信息: HEADER: CCNOutputStream: flushToNetwork: new _baseNameIndex 1
三月 16, 2015 10:00:46 上午 org.ccnx.ccn.io.CCNAbstractOutputStream <init>
信息: CCNAbstractOutputStream: /ccnx.org/test/SyncTestRepo-15-03-16-09.59.21/ccnSyncTest/slice10/round30/randomFile/=FD05506394E000/%C1.META.M/.header/=FD05506394E031 blocksize is 4096
三月 16, 2015 10:00:46 上午 org.ccnx.ccn.io.CCNAbstractOutputStream startWrite
信息: CCNAbstractOutputStream: startWrite -- searching for keys.
三月 16, 2015 10:00:46 上午 org.ccnx.ccn.profiles.security.access.AccessControlManager keysForOutput
信息: keysForOutput: found an acm: (null)
三月 16, 2015 10:00:46 上午 org.ccnx.ccn.impl.repo.RepositoryFlowControl startWrite
信息: RepositoryFlowControl.startWrite called for name /ccnx.org/test/SyncTestRepo-15-03-16-09.59.21/ccnSyncTest/slice10/round30/randomFile/=FD05506394E000/%C1.META.M/.header/=FD05506394E031, shape STREAM
三月 16, 2015 10:00:46 上午 org.ccnx.ccn.impl.repo.RepositoryFlowControl handleContent
信息: handleContent: got potential repo message: /ccnx.org/test/SyncTestRepo-15-03-16-09.59.21/ccnSyncTest/slice10/round30/randomFile/=FD05506394E000/%C1.META.M/.header/=FD05506394E031/%C1.R.sw/%C1.N=00046C1793C16ACAE9
三月 16, 2015 10:00:46 上午 org.ccnx.ccn.io.CCNOutputStream flushToNetwork
信息: flush: outputting to the segmenter, baseName /ccnx.org/test/SyncTestRepo-15-03-16-09.59.21/ccnSyncTest/slice10/round30/randomFile/=FD05506394E000/%C1.META.M/.header/=FD05506394E031 basenameindex =00; 66 bytes written, holding back 66 flushing final blocks? false.
三月 16, 2015 10:00:46 上午 org.ccnx.ccn.io.CCNOutputStream flushToNetwork
信息: HEADER: CCNOutputStream: flushToNetwork: new _baseNameIndex 0
三月 16, 2015 10:00:46 上午 org.ccnx.ccn.io.CCNOutputStream flushToNetwork
信息: flush: outputting to the segmenter, baseName /ccnx.org/test/SyncTestRepo-15-03-16-09.59.21/ccnSyncTest/slice10/round30/randomFile/=FD05506394E000/%C1.META.M/.header/=FD05506394E031 basenameindex =00; 66 bytes written, holding back 66 flushing final blocks? false.
三月 16, 2015 10:00:46 上午 org.ccnx.ccn.io.CCNOutputStream flushToNetwork
信息: HEADER: CCNOutputStream: flushToNetwork: new _baseNameIndex 0
三月 16, 2015 10:00:46 上午 org.ccnx.ccn.io.CCNOutputStream flushToNetwork
信息: flush: outputting to the segmenter, baseName /ccnx.org/test/SyncTestRepo-15-03-16-09.59.21/ccnSyncTest/slice10/round30/randomFile/=FD05506394E000/%C1.META.M/.header/=FD05506394E031 basenameindex =00; 66 bytes written, holding back 0 flushing final blocks? true.
三月 16, 2015 10:00:46 上午 org.ccnx.ccn.io.CCNOutputStream flushToNetwork
信息: HEADER: CCNOutputStream: flushToNetwork: new _baseNameIndex 1
三月 16, 2015 10:00:46 上午 org.ccnx.ccn.io.CCNOutputStream close
信息: CCNOutputStream close: /ccnx.org/test/SyncTestRepo-15-03-16-09.59.21/ccnSyncTest/slice10/round30/randomFile/=FD05506394E000/%C1.META.M/.header/=FD05506394E031
三月 16, 2015 10:00:46 上午 org.ccnx.ccn.io.CCNOutputStream close
信息: CCNOutputStream close: /ccnx.org/test/SyncTestRepo-15-03-16-09.59.21/ccnSyncTest/slice10/round30/randomFile/=FD05506394E000
三月 16, 2015 10:00:46 上午 org.ccnx.ccn.profiles.sync.SyncTestCommon writeFile
信息: Wrote file to repository: /ccnx.org/test/SyncTestRepo-15-03-16-09.59.21/ccnSyncTest/slice10/round30/randomFile/=FD05506394E000 with 2 segments
三月 16, 2015 10:00:46 上午 org.ccnx.ccn.impl.sync.ProtocolBasedSyncMonitor handleContent
信息: Saw new content from sync: /ccnx.org/test/SyncTestRepo-15-03-16-09.59.21/topoPrefix/%C1.S.ra/=2C8E9188986CDF2A105DE6B835E792C68E4634558CA29C7787309099A7B4BD63/%14K=8CEDE9883A8EAE56874608715AF6F1B6BE1CDE24CDB35F46B3911AB1E4A9BA/=1598121823AEC533EA774CCDEC622954EF31C3D5401E37D07D6B53F806B8F8C3EC
三月 16, 2015 10:00:46 上午 org.ccnx.ccn.impl.encoding.BinaryXMLDecoder setElement
信息: Reset decode array sizes to 150
三月 16, 2015 10:00:46 上午 org.ccnx.ccn.impl.sync.SliceComparator run
信息: Starting new round with X = %14K=8CEDE9883A8EAE56874608715AF6F1B6BE1CDE24CDB35F46B3911AB1E4A9BA and Y = =1598121823AEC533EA774CCDEC622954EF31C3D5401E37D07D6B53F806B8F8C3EC
三月 16, 2015 10:00:46 上午 org.ccnx.ccn.profiles.sync.SyncTestRepo doHandleContentName
信息: Number 1: Callback for name: /ccnx.org/test/SyncTestRepo-15-03-16-09.59.21/ccnSyncTest/slice10/round30/randomFile/=FD05506394E000/=00 - number is 0
三月 16, 2015 10:00:46 上午 org.ccnx.ccn.profiles.sync.SyncTestRepo doHandleContentName
信息: Number 1: Callback for name: /ccnx.org/test/SyncTestRepo-15-03-16-09.59.21/ccnSyncTest/slice10/round30/randomFile/=FD05506394E000/%C1.META.M/.header/=FD05506394E031/=00 - number is header
三月 16, 2015 10:00:46 上午 org.ccnx.ccn.impl.sync.SliceComparator updateCurrent
信息: Resetting current to created head: =1598121823AEC533EA774CCDEC622954EF31C3D5401E37D07D6B53F806B8F8C3EC
三月 16, 2015 10:00:46 上午 org.ccnx.ccn.impl.CCNFlowControl <init>
信息: adding namespace: /ccnx.org/test/SyncTestRepo-15-03-16-09.59.21/ccnSyncTest/slice10/round31/randomFile
三月 16, 2015 10:00:46 上午 org.ccnx.ccn.impl.security.keys.BasicKeyManager getKeyLocator
信息: getKeyLocator: returning locator NAME: /ccnx.org/Users/cb/Keys/%C1.M.K%00K=B082A16E5382FBAAA09FBE303E24E042E37E88C290E054292521DECA236523/=FD055059931000 KEY:itggagmsks2vela17tu60v29o22sdv8hgkgs1a2i991rr526p93 for key S7CCoW5TgvuqoJ++MD4k4ELjfojCkOBUKSUh3sojZSM=
三月 16, 2015 10:00:46 上午 org.ccnx.ccn.io.CCNAbstractOutputStream <init>
信息: CCNAbstractOutputStream: /ccnx.org/test/SyncTestRepo-15-03-16-09.59.21/ccnSyncTest/slice10/round31/randomFile/=FD05506394E90E blocksize is 4096
三月 16, 2015 10:00:46 上午 org.ccnx.ccn.io.CCNAbstractOutputStream startWrite
信息: CCNAbstractOutputStream: startWrite -- searching for keys.
三月 16, 2015 10:00:46 上午 org.ccnx.ccn.profiles.security.access.AccessControlManager keysForOutput
信息: keysForOutput: found an acm: (null)
三月 16, 2015 10:00:46 上午 org.ccnx.ccn.impl.repo.RepositoryFlowControl startWrite
信息: RepositoryFlowControl.startWrite called for name /ccnx.org/test/SyncTestRepo-15-03-16-09.59.21/ccnSyncTest/slice10/round31/randomFile/=FD05506394E90E, shape STREAM
三月 16, 2015 10:00:46 上午 org.ccnx.ccn.impl.repo.RepositoryFlowControl handleContent
信息: handleContent: got potential repo message: /ccnx.org/test/SyncTestRepo-15-03-16-09.59.21/ccnSyncTest/slice10/round31/randomFile/=FD05506394E90E/%C1.R.sw/%C1.N=002ADD96FF00871FDC
三月 16, 2015 10:00:46 上午 org.ccnx.ccn.io.CCNOutputStream flushToNetwork
信息: flush: outputting to the segmenter, baseName /ccnx.org/test/SyncTestRepo-15-03-16-09.59.21/ccnSyncTest/slice10/round31/randomFile/=FD05506394E90E basenameindex =00; 4096 bytes written, holding back 4096 flushing final blocks? false.
三月 16, 2015 10:00:46 上午 org.ccnx.ccn.io.CCNOutputStream flushToNetwork
信息: HEADER: CCNOutputStream: flushToNetwork: new _baseNameIndex 0
三月 16, 2015 10:00:46 上午 org.ccnx.ccn.io.CCNOutputStream flushToNetwork
信息: flush: outputting to the segmenter, baseName /ccnx.org/test/SyncTestRepo-15-03-16-09.59.21/ccnSyncTest/slice10/round31/randomFile/=FD05506394E90E basenameindex =00; 4096 bytes written, holding back 4096 flushing final blocks? false.
三月 16, 2015 10:00:46 上午 org.ccnx.ccn.io.CCNOutputStream flushToNetwork
信息: HEADER: CCNOutputStream: flushToNetwork: new _baseNameIndex 0
三月 16, 2015 10:00:46 上午 org.ccnx.ccn.io.CCNOutputStream flushToNetwork
信息: flush: outputting to the segmenter, baseName /ccnx.org/test/SyncTestRepo-15-03-16-09.59.21/ccnSyncTest/slice10/round31/randomFile/=FD05506394E90E basenameindex =00; 4096 bytes written, holding back 0 flushing final blocks? true.
三月 16, 2015 10:00:46 上午 org.ccnx.ccn.io.CCNOutputStream flushToNetwork
信息: HEADER: CCNOutputStream: flushToNetwork: new _baseNameIndex 1
三月 16, 2015 10:00:46 上午 org.ccnx.ccn.io.CCNAbstractOutputStream <init>
信息: CCNAbstractOutputStream: /ccnx.org/test/SyncTestRepo-15-03-16-09.59.21/ccnSyncTest/slice10/round31/randomFile/=FD05506394E90E/%C1.META.M/.header/=FD05506394E944 blocksize is 4096
三月 16, 2015 10:00:46 上午 org.ccnx.ccn.io.CCNAbstractOutputStream startWrite
信息: CCNAbstractOutputStream: startWrite -- searching for keys.
三月 16, 2015 10:00:46 上午 org.ccnx.ccn.profiles.security.access.AccessControlManager keysForOutput
信息: keysForOutput: found an acm: (null)
三月 16, 2015 10:00:46 上午 org.ccnx.ccn.impl.repo.RepositoryFlowControl startWrite
信息: RepositoryFlowControl.startWrite called for name /ccnx.org/test/SyncTestRepo-15-03-16-09.59.21/ccnSyncTest/slice10/round31/randomFile/=FD05506394E90E/%C1.META.M/.header/=FD05506394E944, shape STREAM
三月 16, 2015 10:00:46 上午 org.ccnx.ccn.impl.repo.RepositoryFlowControl handleContent
信息: handleContent: got potential repo message: /ccnx.org/test/SyncTestRepo-15-03-16-09.59.21/ccnSyncTest/slice10/round31/randomFile/=FD05506394E90E/%C1.META.M/.header/=FD05506394E944/%C1.R.sw/%C1.N=0093CE5C7850824073
三月 16, 2015 10:00:46 上午 org.ccnx.ccn.io.CCNOutputStream flushToNetwork
信息: flush: outputting to the segmenter, baseName /ccnx.org/test/SyncTestRepo-15-03-16-09.59.21/ccnSyncTest/slice10/round31/randomFile/=FD05506394E90E/%C1.META.M/.header/=FD05506394E944 basenameindex =00; 66 bytes written, holding back 66 flushing final blocks? false.
三月 16, 2015 10:00:46 上午 org.ccnx.ccn.io.CCNOutputStream flushToNetwork
信息: HEADER: CCNOutputStream: flushToNetwork: new _baseNameIndex 0
三月 16, 2015 10:00:46 上午 org.ccnx.ccn.io.CCNOutputStream flushToNetwork
信息: flush: outputting to the segmenter, baseName /ccnx.org/test/SyncTestRepo-15-03-16-09.59.21/ccnSyncTest/slice10/round31/randomFile/=FD05506394E90E/%C1.META.M/.header/=FD05506394E944 basenameindex =00; 66 bytes written, holding back 66 flushing final blocks? false.
三月 16, 2015 10:00:46 上午 org.ccnx.ccn.io.CCNOutputStream flushToNetwork
信息: HEADER: CCNOutputStream: flushToNetwork: new _baseNameIndex 0
三月 16, 2015 10:00:46 上午 org.ccnx.ccn.io.CCNOutputStream flushToNetwork
信息: flush: outputting to the segmenter, baseName /ccnx.org/test/SyncTestRepo-15-03-16-09.59.21/ccnSyncTest/slice10/round31/randomFile/=FD05506394E90E/%C1.META.M/.header/=FD05506394E944 basenameindex =00; 66 bytes written, holding back 0 flushing final blocks? true.
三月 16, 2015 10:00:46 上午 org.ccnx.ccn.io.CCNOutputStream flushToNetwork
信息: HEADER: CCNOutputStream: flushToNetwork: new _baseNameIndex 1
三月 16, 2015 10:00:46 上午 org.ccnx.ccn.io.CCNOutputStream close
信息: CCNOutputStream close: /ccnx.org/test/SyncTestRepo-15-03-16-09.59.21/ccnSyncTest/slice10/round31/randomFile/=FD05506394E90E/%C1.META.M/.header/=FD05506394E944
三月 16, 2015 10:00:46 上午 org.ccnx.ccn.io.CCNOutputStream close
信息: CCNOutputStream close: /ccnx.org/test/SyncTestRepo-15-03-16-09.59.21/ccnSyncTest/slice10/round31/randomFile/=FD05506394E90E
三月 16, 2015 10:00:46 上午 org.ccnx.ccn.profiles.sync.SyncTestCommon writeFile
信息: Wrote file to repository: /ccnx.org/test/SyncTestRepo-15-03-16-09.59.21/ccnSyncTest/slice10/round31/randomFile/=FD05506394E90E with 2 segments
三月 16, 2015 10:00:46 上午 org.ccnx.ccn.impl.sync.ProtocolBasedSyncMonitor handleContent
信息: Saw new content from sync: /ccnx.org/test/SyncTestRepo-15-03-16-09.59.21/topoPrefix/%C1.S.ra/=2C8E9188986CDF2A105DE6B835E792C68E4634558CA29C7787309099A7B4BD63/=1598121823AEC533EA774CCDEC622954EF31C3D5401E37D07D6B53F806B8F8C3EC/=15FBBDF10A77399F85B993D439A2EEAC61608C438AFE1D7EE48E7F324A5B2C1A41
三月 16, 2015 10:00:46 上午 org.ccnx.ccn.impl.encoding.BinaryXMLDecoder setElement
信息: Reset decode array sizes to 150
三月 16, 2015 10:00:46 上午 org.ccnx.ccn.impl.sync.SliceComparator run
信息: Starting new round with X = =1598121823AEC533EA774CCDEC622954EF31C3D5401E37D07D6B53F806B8F8C3EC and Y = =15FBBDF10A77399F85B993D439A2EEAC61608C438AFE1D7EE48E7F324A5B2C1A41
三月 16, 2015 10:00:46 上午 org.ccnx.ccn.profiles.sync.SyncTestRepo doHandleContentName
信息: Number 1: Callback for name: /ccnx.org/test/SyncTestRepo-15-03-16-09.59.21/ccnSyncTest/slice10/round31/randomFile/=FD05506394E90E/=00 - number is 0
三月 16, 2015 10:00:46 上午 org.ccnx.ccn.profiles.sync.SyncTestRepo doHandleContentName
信息: Number 1: Callback for name: /ccnx.org/test/SyncTestRepo-15-03-16-09.59.21/ccnSyncTest/slice10/round31/randomFile/=FD05506394E90E/%C1.META.M/.header/=FD05506394E944/=00 - number is header
三月 16, 2015 10:00:46 上午 org.ccnx.ccn.impl.sync.SliceComparator updateCurrent
信息: Resetting current to created head: =15FBBDF10A77399F85B993D439A2EEAC61608C438AFE1D7EE48E7F324A5B2C1A41
三月 16, 2015 10:00:47 上午 org.ccnx.ccn.impl.sync.ProtocolBasedSyncMonitor shutdown
信息: Shutting down sync on slice: /ccnx.org/test/SyncTestRepo-15-03-16-09.59.21/ccnSyncTest/slice10
三月 16, 2015 10:00:47 上午 org.ccnx.ccn.profiles.sync.SyncTestRepo testSyncRecovery
信息: Finished running testSyncRecovery
三月 16, 2015 10:00:47 上午 org.ccnx.ccn.profiles.sync.SyncTestRepo testSyncStartWithHandle
信息: Starting testSyncStartWithHandle
三月 16, 2015 10:00:47 上午 org.ccnx.ccn.io.content.CCNNetworkObject createFlowController
信息: Created LOCALREPOSITORY flow controller, for prefix /%C1.M.S.localhost/%C1.S.cs/%EAU2=C6A1712D9E6F7DC777E33770030786D60F1AD302B5A99F826A6EA42F82, save type LOCALREPOSITORY
三月 16, 2015 10:00:47 上午 org.ccnx.ccn.profiles.VersioningProfile getLatestVersion
信息: getFirstBlockOfLatestVersion: no block available for later version of /%C1.M.S.localhost/%C1.S.cs/%EAU2=C6A1712D9E6F7DC777E33770030786D60F1AD302B5A99F826A6EA42F82
三月 16, 2015 10:00:47 上午 org.ccnx.ccn.impl.CCNFlowControl addNameSpace
信息: Flow controller addNameSpace: added namespace: /%C1.M.S.localhost/%C1.S.cs/%EAU2=C6A1712D9E6F7DC777E33770030786D60F1AD302B5A99F826A6EA42F82
三月 16, 2015 10:00:47 上午 org.ccnx.ccn.impl.security.keys.BasicKeyManager getKeyLocator
信息: getKeyLocator: returning locator NAME: /ccnx.org/Users/cb/Keys/%C1.M.K%00K=B082A16E5382FBAAA09FBE303E24E042E37E88C290E054292521DECA236523/=FD055059931000 KEY:itggagmsks2vela17tu60v29o22sdv8hgkgs1a2i991rr526p93 for key S7CCoW5TgvuqoJ++MD4k4ELjfojCkOBUKSUh3sojZSM=
三月 16, 2015 10:00:47 上午 org.ccnx.ccn.io.CCNAbstractOutputStream <init>
信息: CCNAbstractOutputStream: /%C1.M.S.localhost/%C1.S.cs/%EAU2=C6A1712D9E6F7DC777E33770030786D60F1AD302B5A99F826A6EA42F82/=FD05506394F6F2 blocksize is 4096
三月 16, 2015 10:00:47 上午 org.ccnx.ccn.io.CCNAbstractOutputStream startWrite
信息: CCNAbstractOutputStream: startWrite -- searching for keys.
三月 16, 2015 10:00:47 上午 org.ccnx.ccn.profiles.security.access.AccessControlManager keysForOutput
信息: keysForOutput: found an acm: (null)
三月 16, 2015 10:00:47 上午 org.ccnx.ccn.impl.repo.RepositoryFlowControl startWrite
信息: RepositoryFlowControl.startWrite called for name /%C1.M.S.localhost/%C1.S.cs/%EAU2=C6A1712D9E6F7DC777E33770030786D60F1AD302B5A99F826A6EA42F82/=FD05506394F6F2, shape STREAM
三月 16, 2015 10:00:47 上午 org.ccnx.ccn.impl.repo.RepositoryFlowControl handleContent
信息: handleContent: got potential repo message: /%C1.M.S.localhost/%C1.S.cs/%EAU2=C6A1712D9E6F7DC777E33770030786D60F1AD302B5A99F826A6EA42F82/=FD05506394F6F2/%C1.R.sw/%C1.N=00ADC9D3ED2DCB5C70
三月 16, 2015 10:00:47 上午 org.ccnx.ccn.io.CCNOutputStream flushToNetwork
信息: flush: outputting to the segmenter, baseName /%C1.M.S.localhost/%C1.S.cs/%EAU2=C6A1712D9E6F7DC777E33770030786D60F1AD302B5A99F826A6EA42F82/=FD05506394F6F2 basenameindex =00; 162 bytes written, holding back 162 flushing final blocks? false.
三月 16, 2015 10:00:47 上午 org.ccnx.ccn.io.CCNOutputStream flushToNetwork
信息: HEADER: CCNOutputStream: flushToNetwork: new _baseNameIndex 0
三月 16, 2015 10:00:47 上午 org.ccnx.ccn.io.CCNOutputStream flushToNetwork
信息: flush: outputting to the segmenter, baseName /%C1.M.S.localhost/%C1.S.cs/%EAU2=C6A1712D9E6F7DC777E33770030786D60F1AD302B5A99F826A6EA42F82/=FD05506394F6F2 basenameindex =00; 162 bytes written, holding back 0 flushing final blocks? true.
三月 16, 2015 10:00:47 上午 org.ccnx.ccn.io.CCNOutputStream flushToNetwork
信息: HEADER: CCNOutputStream: flushToNetwork: new _baseNameIndex 1
三月 16, 2015 10:00:47 上午 org.ccnx.ccn.io.CCNOutputStream close
信息: CCNOutputStream close: /%C1.M.S.localhost/%C1.S.cs/%EAU2=C6A1712D9E6F7DC777E33770030786D60F1AD302B5A99F826A6EA42F82/=FD05506394F6F2
三月 16, 2015 10:00:47 上午 org.ccnx.ccn.impl.sync.SliceComparator <init>
信息: Beginning sync monitoring from start
三月 16, 2015 10:00:47 上午 org.ccnx.ccn.CCNSync startSync
信息: Started sync with topo: /ccnx.org/test/SyncTestRepo-15-03-16-09.59.21/topoPrefix and prefix: /ccnx.org/test/SyncTestRepo-15-03-16-09.59.21/ccnSyncTest/slice1
三月 16, 2015 10:00:47 上午 org.ccnx.ccn.impl.sync.ProtocolBasedSyncMonitor removeCallback
信息: Removing callback on slice: /ccnx.org/test/SyncTestRepo-15-03-16-09.59.21/ccnSyncTest/slice1
三月 16, 2015 10:00:47 上午 org.ccnx.ccn.profiles.sync.SyncTestRepo testSyncStartWithHandle
信息: Completed testSyncStartWithHandle
三月 16, 2015 10:00:47 上午 org.ccnx.ccn.io.content.CCNNetworkObject update
信息: Updating object to /%C1.M.S.localhost/%C1.S.cs/k%93O=B72921DE47C0F2D94DB537A365327BA0CB9D1174B78536D110F1C120BB.
三月 16, 2015 10:00:47 上午 org.ccnx.ccn.io.CCNAbstractInputStream <init>
信息: CCNAbstractInputStream: /%C1.M.S.localhost/%C1.S.cs/k%93O=B72921DE47C0F2D94DB537A365327BA0CB9D1174B78536D110F1C120BB segment 0
三月 16, 2015 10:00:47 上午 org.ccnx.ccn.io.CCNVersionedInputStream getFirstSegment
信息: getFirstSegment: getting latest version of /%C1.M.S.localhost/%C1.S.cs/k%93O=B72921DE47C0F2D94DB537A365327BA0CB9D1174B78536D110F1C120BB
三月 16, 2015 10:00:47 上午 org.ccnx.ccn.profiles.VersioningProfile getLatestVersion
信息: gLV getLatestVersion: retrieved latest version object /%C1.M.S.localhost/%C1.S.cs/k%93O=B72921DE47C0F2D94DB537A365327BA0CB9D1174B78536D110F1C120BB/=FD0550638FAB27/=00 type: DATA
三月 16, 2015 10:00:47 上午 org.ccnx.ccn.profiles.VersioningProfile getLatestVersion
信息: getFirstBlockOfLatestVersion: no block available for later version of /%C1.M.S.localhost/%C1.S.cs/k%93O=B72921DE47C0F2D94DB537A365327BA0CB9D1174B78536D110F1C120BB/=FD0550638FAB27
三月 16, 2015 10:00:47 上午 org.ccnx.ccn.io.CCNVersionedInputStream getFirstSegment
信息: getFirstSegment: retrieved latest version object /%C1.M.S.localhost/%C1.S.cs/k%93O=B72921DE47C0F2D94DB537A365327BA0CB9D1174B78536D110F1C120BB/=FD0550638FAB27/=00 type: DATA
三月 16, 2015 10:00:47 上午 org.ccnx.ccn.io.content.CCNNetworkObject createFlowController
信息: Created LOCALREPOSITORY flow controller, for prefix /%C1.M.S.localhost/%C1.S.cs/k%93O=B72921DE47C0F2D94DB537A365327BA0CB9D1174B78536D110F1C120BB, save type LOCALREPOSITORY
三月 16, 2015 10:00:47 上午 org.ccnx.ccn.impl.CCNFlowControl addNameSpace
信息: Flow controller addNameSpace: added namespace: /%C1.M.S.localhost/%C1.S.cs/k%93O=B72921DE47C0F2D94DB537A365327BA0CB9D1174B78536D110F1C120BB
三月 16, 2015 10:00:47 上午 org.ccnx.ccn.impl.security.keys.BasicKeyManager getKeyLocator
信息: getKeyLocator: returning locator NAME: /ccnx.org/Users/cb/Keys/%C1.M.K%00K=B082A16E5382FBAAA09FBE303E24E042E37E88C290E054292521DECA236523/=FD055059931000 KEY:itggagmsks2vela17tu60v29o22sdv8hgkgs1a2i991rr526p93 for key S7CCoW5TgvuqoJ++MD4k4ELjfojCkOBUKSUh3sojZSM=
三月 16, 2015 10:00:47 上午 org.ccnx.ccn.impl.CCNFlowControl addNameSpace
信息: addNameSpace: not adding name: /%C1.M.S.localhost/%C1.S.cs/k%93O=B72921DE47C0F2D94DB537A365327BA0CB9D1174B78536D110F1C120BB/=FD05506394FD9E already monitoring prefix: /%C1.M.S.localhost/%C1.S.cs/k%93O=B72921DE47C0F2D94DB537A365327BA0CB9D1174B78536D110F1C120BB
三月 16, 2015 10:00:47 上午 org.ccnx.ccn.impl.repo.RepositoryFlowControl startWrite
信息: RepositoryFlowControl.startWrite called for name /%C1.M.S.localhost/%C1.S.cs/k%93O=B72921DE47C0F2D94DB537A365327BA0CB9D1174B78536D110F1C120BB/=FD05506394FD9E, shape STREAM
三月 16, 2015 10:00:47 上午 org.ccnx.ccn.impl.repo.RepositoryFlowControl handleContent
信息: handleContent: got potential repo message: /%C1.M.S.localhost/%C1.S.cs/k%93O=B72921DE47C0F2D94DB537A365327BA0CB9D1174B78536D110F1C120BB/=FD05506394FD9E/%C1.R.sw/%C1.N=001466F7AA1BAEE142
三月 16, 2015 10:00:47 上午 org.ccnx.ccn.io.content.CCNNetworkObject update
信息: Updating object to /%C1.M.S.localhost/%C1.S.cs/%A9G=AC9ED2F3BC5E6CFBF4C4D39CAE41DC9CB440D6B752EFFF09142A04FD71C4.
三月 16, 2015 10:00:47 上午 org.ccnx.ccn.io.CCNAbstractInputStream <init>
信息: CCNAbstractInputStream: /%C1.M.S.localhost/%C1.S.cs/%A9G=AC9ED2F3BC5E6CFBF4C4D39CAE41DC9CB440D6B752EFFF09142A04FD71C4 segment 0
三月 16, 2015 10:00:47 上午 org.ccnx.ccn.io.CCNVersionedInputStream getFirstSegment
信息: getFirstSegment: getting latest version of /%C1.M.S.localhost/%C1.S.cs/%A9G=AC9ED2F3BC5E6CFBF4C4D39CAE41DC9CB440D6B752EFFF09142A04FD71C4
三月 16, 2015 10:00:48 上午 org.ccnx.ccn.profiles.VersioningProfile getLatestVersion
信息: gLV getLatestVersion: retrieved latest version object /%C1.M.S.localhost/%C1.S.cs/%A9G=AC9ED2F3BC5E6CFBF4C4D39CAE41DC9CB440D6B752EFFF09142A04FD71C4/=FD0550638FB13F/=00 type: DATA
三月 16, 2015 10:00:48 上午 org.ccnx.ccn.profiles.VersioningProfile getLatestVersion
信息: getFirstBlockOfLatestVersion: no block available for later version of /%C1.M.S.localhost/%C1.S.cs/%A9G=AC9ED2F3BC5E6CFBF4C4D39CAE41DC9CB440D6B752EFFF09142A04FD71C4/=FD0550638FB13F
三月 16, 2015 10:00:48 上午 org.ccnx.ccn.io.CCNVersionedInputStream getFirstSegment
信息: getFirstSegment: retrieved latest version object /%C1.M.S.localhost/%C1.S.cs/%A9G=AC9ED2F3BC5E6CFBF4C4D39CAE41DC9CB440D6B752EFFF09142A04FD71C4/=FD0550638FB13F/=00 type: DATA
三月 16, 2015 10:00:48 上午 org.ccnx.ccn.io.content.CCNNetworkObject createFlowController
信息: Created LOCALREPOSITORY flow controller, for prefix /%C1.M.S.localhost/%C1.S.cs/%A9G=AC9ED2F3BC5E6CFBF4C4D39CAE41DC9CB440D6B752EFFF09142A04FD71C4, save type LOCALREPOSITORY
三月 16, 2015 10:00:48 上午 org.ccnx.ccn.impl.CCNFlowControl addNameSpace
信息: Flow controller addNameSpace: added namespace: /%C1.M.S.localhost/%C1.S.cs/%A9G=AC9ED2F3BC5E6CFBF4C4D39CAE41DC9CB440D6B752EFFF09142A04FD71C4
三月 16, 2015 10:00:48 上午 org.ccnx.ccn.impl.security.keys.BasicKeyManager getKeyLocator
信息: getKeyLocator: returning locator NAME: /ccnx.org/Users/cb/Keys/%C1.M.K%00K=B082A16E5382FBAAA09FBE303E24E042E37E88C290E054292521DECA236523/=FD055059931000 KEY:itggagmsks2vela17tu60v29o22sdv8hgkgs1a2i991rr526p93 for key S7CCoW5TgvuqoJ++MD4k4ELjfojCkOBUKSUh3sojZSM=
三月 16, 2015 10:00:48 上午 org.ccnx.ccn.impl.CCNFlowControl addNameSpace
信息: addNameSpace: not adding name: /%C1.M.S.localhost/%C1.S.cs/%A9G=AC9ED2F3BC5E6CFBF4C4D39CAE41DC9CB440D6B752EFFF09142A04FD71C4/=FD0550639504D5 already monitoring prefix: /%C1.M.S.localhost/%C1.S.cs/%A9G=AC9ED2F3BC5E6CFBF4C4D39CAE41DC9CB440D6B752EFFF09142A04FD71C4
三月 16, 2015 10:00:48 上午 org.ccnx.ccn.impl.repo.RepositoryFlowControl startWrite
信息: RepositoryFlowControl.startWrite called for name /%C1.M.S.localhost/%C1.S.cs/%A9G=AC9ED2F3BC5E6CFBF4C4D39CAE41DC9CB440D6B752EFFF09142A04FD71C4/=FD0550639504D5, shape STREAM
三月 16, 2015 10:00:48 上午 org.ccnx.ccn.impl.repo.RepositoryFlowControl handleContent
信息: handleContent: got potential repo message: /%C1.M.S.localhost/%C1.S.cs/%A9G=AC9ED2F3BC5E6CFBF4C4D39CAE41DC9CB440D6B752EFFF09142A04FD71C4/=FD0550639504D5/%C1.R.sw/%C1.N%00Am%A1_%A2j=7CD2
三月 16, 2015 10:00:48 上午 org.ccnx.ccn.io.content.CCNNetworkObject update
信息: Updating object to /%C1.M.S.localhost/%C1.S.cs/K7GW%12aXJB=F4B0341275065893FF931C35B61F17E2C0C6CD8BE029E5.
三月 16, 2015 10:00:48 上午 org.ccnx.ccn.io.CCNAbstractInputStream <init>
信息: CCNAbstractInputStream: /%C1.M.S.localhost/%C1.S.cs/K7GW%12aXJB=F4B0341275065893FF931C35B61F17E2C0C6CD8BE029E5 segment 0
三月 16, 2015 10:00:48 上午 org.ccnx.ccn.io.CCNVersionedInputStream getFirstSegment
信息: getFirstSegment: getting latest version of /%C1.M.S.localhost/%C1.S.cs/K7GW%12aXJB=F4B0341275065893FF931C35B61F17E2C0C6CD8BE029E5
三月 16, 2015 10:00:48 上午 org.ccnx.ccn.profiles.VersioningProfile getLatestVersion
信息: gLV getLatestVersion: retrieved latest version object /%C1.M.S.localhost/%C1.S.cs/K7GW%12aXJB=F4B0341275065893FF931C35B61F17E2C0C6CD8BE029E5/=FD05506390D4D5/=00 type: DATA
三月 16, 2015 10:00:48 上午 org.ccnx.ccn.profiles.VersioningProfile getLatestVersion
信息: getFirstBlockOfLatestVersion: no block available for later version of /%C1.M.S.localhost/%C1.S.cs/K7GW%12aXJB=F4B0341275065893FF931C35B61F17E2C0C6CD8BE029E5/=FD05506390D4D5
三月 16, 2015 10:00:48 上午 org.ccnx.ccn.io.CCNVersionedInputStream getFirstSegment
信息: getFirstSegment: retrieved latest version object /%C1.M.S.localhost/%C1.S.cs/K7GW%12aXJB=F4B0341275065893FF931C35B61F17E2C0C6CD8BE029E5/=FD05506390D4D5/=00 type: DATA
三月 16, 2015 10:00:48 上午 org.ccnx.ccn.io.content.CCNNetworkObject createFlowController
信息: Created LOCALREPOSITORY flow controller, for prefix /%C1.M.S.localhost/%C1.S.cs/K7GW%12aXJB=F4B0341275065893FF931C35B61F17E2C0C6CD8BE029E5, save type LOCALREPOSITORY
三月 16, 2015 10:00:48 上午 org.ccnx.ccn.impl.CCNFlowControl addNameSpace
信息: Flow controller addNameSpace: added namespace: /%C1.M.S.localhost/%C1.S.cs/K7GW%12aXJB=F4B0341275065893FF931C35B61F17E2C0C6CD8BE029E5
三月 16, 2015 10:00:48 上午 org.ccnx.ccn.impl.security.keys.BasicKeyManager getKeyLocator
信息: getKeyLocator: returning locator NAME: /ccnx.org/Users/cb/Keys/%C1.M.K%00K=B082A16E5382FBAAA09FBE303E24E042E37E88C290E054292521DECA236523/=FD055059931000 KEY:itggagmsks2vela17tu60v29o22sdv8hgkgs1a2i991rr526p93 for key S7CCoW5TgvuqoJ++MD4k4ELjfojCkOBUKSUh3sojZSM=
三月 16, 2015 10:00:48 上午 org.ccnx.ccn.impl.CCNFlowControl addNameSpace
信息: addNameSpace: not adding name: /%C1.M.S.localhost/%C1.S.cs/K7GW%12aXJB=F4B0341275065893FF931C35B61F17E2C0C6CD8BE029E5/=FD055063950C1D already monitoring prefix: /%C1.M.S.localhost/%C1.S.cs/K7GW%12aXJB=F4B0341275065893FF931C35B61F17E2C0C6CD8BE029E5
三月 16, 2015 10:00:48 上午 org.ccnx.ccn.impl.repo.RepositoryFlowControl startWrite
信息: RepositoryFlowControl.startWrite called for name /%C1.M.S.localhost/%C1.S.cs/K7GW%12aXJB=F4B0341275065893FF931C35B61F17E2C0C6CD8BE029E5/=FD055063950C1D, shape STREAM
三月 16, 2015 10:00:48 上午 org.ccnx.ccn.impl.repo.RepositoryFlowControl handleContent
信息: handleContent: got potential repo message: /%C1.M.S.localhost/%C1.S.cs/K7GW%12aXJB=F4B0341275065893FF931C35B61F17E2C0C6CD8BE029E5/=FD055063950C1D/%C1.R.sw/%C1.N%00V=1BAE01B988B276
三月 16, 2015 10:00:48 上午 org.ccnx.ccn.io.content.CCNNetworkObject update
信息: Updating object to /%C1.M.S.localhost/%C1.S.cs/=1ADA7FEE78E98E8AC4FA414EFB7AAECB1E82E3CE48020ABEF74906CEE90CAA93.
三月 16, 2015 10:00:48 上午 org.ccnx.ccn.io.CCNAbstractInputStream <init>
信息: CCNAbstractInputStream: /%C1.M.S.localhost/%C1.S.cs/=1ADA7FEE78E98E8AC4FA414EFB7AAECB1E82E3CE48020ABEF74906CEE90CAA93 segment 0
三月 16, 2015 10:00:48 上午 org.ccnx.ccn.io.CCNVersionedInputStream getFirstSegment
信息: getFirstSegment: getting latest version of /%C1.M.S.localhost/%C1.S.cs/=1ADA7FEE78E98E8AC4FA414EFB7AAECB1E82E3CE48020ABEF74906CEE90CAA93
三月 16, 2015 10:00:48 上午 org.ccnx.ccn.profiles.VersioningProfile getLatestVersion
信息: gLV getLatestVersion: retrieved latest version object /%C1.M.S.localhost/%C1.S.cs/=1ADA7FEE78E98E8AC4FA414EFB7AAECB1E82E3CE48020ABEF74906CEE90CAA93/=FD05506390DBAA/=00 type: DATA
三月 16, 2015 10:00:49 上午 org.ccnx.ccn.profiles.VersioningProfile getLatestVersion
信息: getFirstBlockOfLatestVersion: no block available for later version of /%C1.M.S.localhost/%C1.S.cs/=1ADA7FEE78E98E8AC4FA414EFB7AAECB1E82E3CE48020ABEF74906CEE90CAA93/=FD05506390DBAA
三月 16, 2015 10:00:49 上午 org.ccnx.ccn.io.CCNVersionedInputStream getFirstSegment
信息: getFirstSegment: retrieved latest version object /%C1.M.S.localhost/%C1.S.cs/=1ADA7FEE78E98E8AC4FA414EFB7AAECB1E82E3CE48020ABEF74906CEE90CAA93/=FD05506390DBAA/=00 type: DATA
三月 16, 2015 10:00:49 上午 org.ccnx.ccn.io.content.CCNNetworkObject createFlowController
信息: Created LOCALREPOSITORY flow controller, for prefix /%C1.M.S.localhost/%C1.S.cs/=1ADA7FEE78E98E8AC4FA414EFB7AAECB1E82E3CE48020ABEF74906CEE90CAA93, save type LOCALREPOSITORY
三月 16, 2015 10:00:49 上午 org.ccnx.ccn.impl.CCNFlowControl addNameSpace
信息: Flow controller addNameSpace: added namespace: /%C1.M.S.localhost/%C1.S.cs/=1ADA7FEE78E98E8AC4FA414EFB7AAECB1E82E3CE48020ABEF74906CEE90CAA93
三月 16, 2015 10:00:49 上午 org.ccnx.ccn.impl.security.keys.BasicKeyManager getKeyLocator
信息: getKeyLocator: returning locator NAME: /ccnx.org/Users/cb/Keys/%C1.M.K%00K=B082A16E5382FBAAA09FBE303E24E042E37E88C290E054292521DECA236523/=FD055059931000 KEY:itggagmsks2vela17tu60v29o22sdv8hgkgs1a2i991rr526p93 for key S7CCoW5TgvuqoJ++MD4k4ELjfojCkOBUKSUh3sojZSM=
三月 16, 2015 10:00:49 上午 org.ccnx.ccn.impl.CCNFlowControl addNameSpace
信息: addNameSpace: not adding name: /%C1.M.S.localhost/%C1.S.cs/=1ADA7FEE78E98E8AC4FA414EFB7AAECB1E82E3CE48020ABEF74906CEE90CAA93/=FD055063951379 already monitoring prefix: /%C1.M.S.localhost/%C1.S.cs/=1ADA7FEE78E98E8AC4FA414EFB7AAECB1E82E3CE48020ABEF74906CEE90CAA93
三月 16, 2015 10:00:49 上午 org.ccnx.ccn.impl.repo.RepositoryFlowControl startWrite
信息: RepositoryFlowControl.startWrite called for name /%C1.M.S.localhost/%C1.S.cs/=1ADA7FEE78E98E8AC4FA414EFB7AAECB1E82E3CE48020ABEF74906CEE90CAA93/=FD055063951379, shape STREAM
三月 16, 2015 10:00:49 上午 org.ccnx.ccn.impl.repo.RepositoryFlowControl handleContent
信息: handleContent: got potential repo message: /%C1.M.S.localhost/%C1.S.cs/=1ADA7FEE78E98E8AC4FA414EFB7AAECB1E82E3CE48020ABEF74906CEE90CAA93/=FD055063951379/%C1.R.sw/%C1.N=00C9EFDEF635307FEF
三月 16, 2015 10:00:49 上午 org.ccnx.ccn.io.content.CCNNetworkObject update
信息: Updating object to /%C1.M.S.localhost/%C1.S.cs/=2F0E042296DA480E4F6D58225A5628B1544FBFAE84790740F08367B5F5A76805.
三月 16, 2015 10:00:49 上午 org.ccnx.ccn.io.CCNAbstractInputStream <init>
信息: CCNAbstractInputStream: /%C1.M.S.localhost/%C1.S.cs/=2F0E042296DA480E4F6D58225A5628B1544FBFAE84790740F08367B5F5A76805 segment 0
三月 16, 2015 10:00:49 上午 org.ccnx.ccn.io.CCNVersionedInputStream getFirstSegment
信息: getFirstSegment: getting latest version of /%C1.M.S.localhost/%C1.S.cs/=2F0E042296DA480E4F6D58225A5628B1544FBFAE84790740F08367B5F5A76805
三月 16, 2015 10:00:49 上午 org.ccnx.ccn.profiles.VersioningProfile getLatestVersion
信息: gLV getLatestVersion: retrieved latest version object /%C1.M.S.localhost/%C1.S.cs/=2F0E042296DA480E4F6D58225A5628B1544FBFAE84790740F08367B5F5A76805/=FD05506391260C/=00 type: DATA
三月 16, 2015 10:00:49 上午 org.ccnx.ccn.profiles.VersioningProfile getLatestVersion
信息: getFirstBlockOfLatestVersion: no block available for later version of /%C1.M.S.localhost/%C1.S.cs/=2F0E042296DA480E4F6D58225A5628B1544FBFAE84790740F08367B5F5A76805/=FD05506391260C
三月 16, 2015 10:00:49 上午 org.ccnx.ccn.io.CCNVersionedInputStream getFirstSegment
信息: getFirstSegment: retrieved latest version object /%C1.M.S.localhost/%C1.S.cs/=2F0E042296DA480E4F6D58225A5628B1544FBFAE84790740F08367B5F5A76805/=FD05506391260C/=00 type: DATA
三月 16, 2015 10:00:49 上午 org.ccnx.ccn.io.content.CCNNetworkObject createFlowController
信息: Created LOCALREPOSITORY flow controller, for prefix /%C1.M.S.localhost/%C1.S.cs/=2F0E042296DA480E4F6D58225A5628B1544FBFAE84790740F08367B5F5A76805, save type LOCALREPOSITORY
三月 16, 2015 10:00:49 上午 org.ccnx.ccn.impl.CCNFlowControl addNameSpace
信息: Flow controller addNameSpace: added namespace: /%C1.M.S.localhost/%C1.S.cs/=2F0E042296DA480E4F6D58225A5628B1544FBFAE84790740F08367B5F5A76805
三月 16, 2015 10:00:49 上午 org.ccnx.ccn.impl.security.keys.BasicKeyManager getKeyLocator
信息: getKeyLocator: returning locator NAME: /ccnx.org/Users/cb/Keys/%C1.M.K%00K=B082A16E5382FBAAA09FBE303E24E042E37E88C290E054292521DECA236523/=FD055059931000 KEY:itggagmsks2vela17tu60v29o22sdv8hgkgs1a2i991rr526p93 for key S7CCoW5TgvuqoJ++MD4k4ELjfojCkOBUKSUh3sojZSM=
三月 16, 2015 10:00:49 上午 org.ccnx.ccn.impl.CCNFlowControl addNameSpace
信息: addNameSpace: not adding name: /%C1.M.S.localhost/%C1.S.cs/=2F0E042296DA480E4F6D58225A5628B1544FBFAE84790740F08367B5F5A76805/=FD055063951A83 already monitoring prefix: /%C1.M.S.localhost/%C1.S.cs/=2F0E042296DA480E4F6D58225A5628B1544FBFAE84790740F08367B5F5A76805
三月 16, 2015 10:00:49 上午 org.ccnx.ccn.impl.repo.RepositoryFlowControl startWrite
信息: RepositoryFlowControl.startWrite called for name /%C1.M.S.localhost/%C1.S.cs/=2F0E042296DA480E4F6D58225A5628B1544FBFAE84790740F08367B5F5A76805/=FD055063951A83, shape STREAM
三月 16, 2015 10:00:49 上午 org.ccnx.ccn.impl.repo.RepositoryFlowControl handleContent
信息: handleContent: got potential repo message: /%C1.M.S.localhost/%C1.S.cs/=2F0E042296DA480E4F6D58225A5628B1544FBFAE84790740F08367B5F5A76805/=FD055063951A83/%C1.R.sw/%C1.N=00B8A4E468F732F29D
三月 16, 2015 10:00:49 上午 org.ccnx.ccn.io.content.CCNNetworkObject update
信息: Updating object to /%C1.M.S.localhost/%C1.S.cs/q-=AB263074701D094B06818879B46C928DCF693B64F3603515024FAB422BDB.
三月 16, 2015 10:00:49 上午 org.ccnx.ccn.io.CCNAbstractInputStream <init>
信息: CCNAbstractInputStream: /%C1.M.S.localhost/%C1.S.cs/q-=AB263074701D094B06818879B46C928DCF693B64F3603515024FAB422BDB segment 0
三月 16, 2015 10:00:49 上午 org.ccnx.ccn.io.CCNVersionedInputStream getFirstSegment
信息: getFirstSegment: getting latest version of /%C1.M.S.localhost/%C1.S.cs/q-=AB263074701D094B06818879B46C928DCF693B64F3603515024FAB422BDB
三月 16, 2015 10:00:49 上午 org.ccnx.ccn.profiles.VersioningProfile getLatestVersion
信息: gLV getLatestVersion: retrieved latest version object /%C1.M.S.localhost/%C1.S.cs/q-=AB263074701D094B06818879B46C928DCF693B64F3603515024FAB422BDB/=FD0550639245DB/=00 type: DATA
三月 16, 2015 10:00:50 上午 org.ccnx.ccn.profiles.VersioningProfile getLatestVersion
信息: getFirstBlockOfLatestVersion: no block available for later version of /%C1.M.S.localhost/%C1.S.cs/q-=AB263074701D094B06818879B46C928DCF693B64F3603515024FAB422BDB/=FD0550639245DB
三月 16, 2015 10:00:50 上午 org.ccnx.ccn.io.CCNVersionedInputStream getFirstSegment
信息: getFirstSegment: retrieved latest version object /%C1.M.S.localhost/%C1.S.cs/q-=AB263074701D094B06818879B46C928DCF693B64F3603515024FAB422BDB/=FD0550639245DB/=00 type: DATA
三月 16, 2015 10:00:50 上午 org.ccnx.ccn.io.content.CCNNetworkObject createFlowController
信息: Created LOCALREPOSITORY flow controller, for prefix /%C1.M.S.localhost/%C1.S.cs/q-=AB263074701D094B06818879B46C928DCF693B64F3603515024FAB422BDB, save type LOCALREPOSITORY
三月 16, 2015 10:00:50 上午 org.ccnx.ccn.impl.CCNFlowControl addNameSpace
信息: Flow controller addNameSpace: added namespace: /%C1.M.S.localhost/%C1.S.cs/q-=AB263074701D094B06818879B46C928DCF693B64F3603515024FAB422BDB
三月 16, 2015 10:00:50 上午 org.ccnx.ccn.impl.security.keys.BasicKeyManager getKeyLocator
信息: getKeyLocator: returning locator NAME: /ccnx.org/Users/cb/Keys/%C1.M.K%00K=B082A16E5382FBAAA09FBE303E24E042E37E88C290E054292521DECA236523/=FD055059931000 KEY:itggagmsks2vela17tu60v29o22sdv8hgkgs1a2i991rr526p93 for key S7CCoW5TgvuqoJ++MD4k4ELjfojCkOBUKSUh3sojZSM=
三月 16, 2015 10:00:50 上午 org.ccnx.ccn.impl.CCNFlowControl addNameSpace
信息: addNameSpace: not adding name: /%C1.M.S.localhost/%C1.S.cs/q-=AB263074701D094B06818879B46C928DCF693B64F3603515024FAB422BDB/=FD0550639521BA already monitoring prefix: /%C1.M.S.localhost/%C1.S.cs/q-=AB263074701D094B06818879B46C928DCF693B64F3603515024FAB422BDB
三月 16, 2015 10:00:50 上午 org.ccnx.ccn.impl.repo.RepositoryFlowControl startWrite
信息: RepositoryFlowControl.startWrite called for name /%C1.M.S.localhost/%C1.S.cs/q-=AB263074701D094B06818879B46C928DCF693B64F3603515024FAB422BDB/=FD0550639521BA, shape STREAM
三月 16, 2015 10:00:50 上午 org.ccnx.ccn.impl.repo.RepositoryFlowControl handleContent
信息: handleContent: got potential repo message: /%C1.M.S.localhost/%C1.S.cs/q-=AB263074701D094B06818879B46C928DCF693B64F3603515024FAB422BDB/=FD0550639521BA/%C1.R.sw/%C1.N%00.B=5B04E81B5D9C
三月 16, 2015 10:00:50 上午 org.ccnx.ccn.io.content.CCNNetworkObject update
信息: Updating object to /%C1.M.S.localhost/%C1.S.cs/%EB_~=AE85639838E1DB62CA887174DF662AC2BDD0D741278B41487F9C2C91A1.
三月 16, 2015 10:00:50 上午 org.ccnx.ccn.io.CCNAbstractInputStream <init>
信息: CCNAbstractInputStream: /%C1.M.S.localhost/%C1.S.cs/%EB_~=AE85639838E1DB62CA887174DF662AC2BDD0D741278B41487F9C2C91A1 segment 0
三月 16, 2015 10:00:50 上午 org.ccnx.ccn.io.CCNVersionedInputStream getFirstSegment
信息: getFirstSegment: getting latest version of /%C1.M.S.localhost/%C1.S.cs/%EB_~=AE85639838E1DB62CA887174DF662AC2BDD0D741278B41487F9C2C91A1
三月 16, 2015 10:00:50 上午 org.ccnx.ccn.profiles.VersioningProfile getLatestVersion
信息: gLV getLatestVersion: retrieved latest version object /%C1.M.S.localhost/%C1.S.cs/%EB_~=AE85639838E1DB62CA887174DF662AC2BDD0D741278B41487F9C2C91A1/=FD055063932656/=00 type: DATA
三月 16, 2015 10:00:50 上午 org.ccnx.ccn.profiles.VersioningProfile getLatestVersion
信息: getFirstBlockOfLatestVersion: no block available for later version of /%C1.M.S.localhost/%C1.S.cs/%EB_~=AE85639838E1DB62CA887174DF662AC2BDD0D741278B41487F9C2C91A1/=FD055063932656
三月 16, 2015 10:00:50 上午 org.ccnx.ccn.io.CCNVersionedInputStream getFirstSegment
信息: getFirstSegment: retrieved latest version object /%C1.M.S.localhost/%C1.S.cs/%EB_~=AE85639838E1DB62CA887174DF662AC2BDD0D741278B41487F9C2C91A1/=FD055063932656/=00 type: DATA
三月 16, 2015 10:00:50 上午 org.ccnx.ccn.io.content.CCNNetworkObject createFlowController
信息: Created LOCALREPOSITORY flow controller, for prefix /%C1.M.S.localhost/%C1.S.cs/%EB_~=AE85639838E1DB62CA887174DF662AC2BDD0D741278B41487F9C2C91A1, save type LOCALREPOSITORY
三月 16, 2015 10:00:50 上午 org.ccnx.ccn.impl.CCNFlowControl addNameSpace
信息: Flow controller addNameSpace: added namespace: /%C1.M.S.localhost/%C1.S.cs/%EB_~=AE85639838E1DB62CA887174DF662AC2BDD0D741278B41487F9C2C91A1
三月 16, 2015 10:00:50 上午 org.ccnx.ccn.impl.security.keys.BasicKeyManager getKeyLocator
信息: getKeyLocator: returning locator NAME: /ccnx.org/Users/cb/Keys/%C1.M.K%00K=B082A16E5382FBAAA09FBE303E24E042E37E88C290E054292521DECA236523/=FD055059931000 KEY:itggagmsks2vela17tu60v29o22sdv8hgkgs1a2i991rr526p93 for key S7CCoW5TgvuqoJ++MD4k4ELjfojCkOBUKSUh3sojZSM=
三月 16, 2015 10:00:50 上午 org.ccnx.ccn.impl.CCNFlowControl addNameSpace
信息: addNameSpace: not adding name: /%C1.M.S.localhost/%C1.S.cs/%EB_~=AE85639838E1DB62CA887174DF662AC2BDD0D741278B41487F9C2C91A1/=FD0550639528F6 already monitoring prefix: /%C1.M.S.localhost/%C1.S.cs/%EB_~=AE85639838E1DB62CA887174DF662AC2BDD0D741278B41487F9C2C91A1
三月 16, 2015 10:00:50 上午 org.ccnx.ccn.impl.repo.RepositoryFlowControl startWrite
信息: RepositoryFlowControl.startWrite called for name /%C1.M.S.localhost/%C1.S.cs/%EB_~=AE85639838E1DB62CA887174DF662AC2BDD0D741278B41487F9C2C91A1/=FD0550639528F6, shape STREAM
三月 16, 2015 10:00:50 上午 org.ccnx.ccn.impl.repo.RepositoryFlowControl handleContent
信息: handleContent: got potential repo message: /%C1.M.S.localhost/%C1.S.cs/%EB_~=AE85639838E1DB62CA887174DF662AC2BDD0D741278B41487F9C2C91A1/=FD0550639528F6/%C1.R.sw/%C1.N=00A66A8AB20F38D004
三月 16, 2015 10:00:50 上午 org.ccnx.ccn.io.content.CCNNetworkObject update
信息: Updating object to /%C1.M.S.localhost/%C1.S.cs/=05E3FB4FAF0510BBF5BF29496DDF80A4A0DA958121B8E27B4AEF3E3F32665B8C.
三月 16, 2015 10:00:50 上午 org.ccnx.ccn.io.CCNAbstractInputStream <init>
信息: CCNAbstractInputStream: /%C1.M.S.localhost/%C1.S.cs/=05E3FB4FAF0510BBF5BF29496DDF80A4A0DA958121B8E27B4AEF3E3F32665B8C segment 0
三月 16, 2015 10:00:50 上午 org.ccnx.ccn.io.CCNVersionedInputStream getFirstSegment
信息: getFirstSegment: getting latest version of /%C1.M.S.localhost/%C1.S.cs/=05E3FB4FAF0510BBF5BF29496DDF80A4A0DA958121B8E27B4AEF3E3F32665B8C
三月 16, 2015 10:00:50 上午 org.ccnx.ccn.profiles.VersioningProfile getLatestVersion
信息: gLV getLatestVersion: retrieved latest version object /%C1.M.S.localhost/%C1.S.cs/=05E3FB4FAF0510BBF5BF29496DDF80A4A0DA958121B8E27B4AEF3E3F32665B8C/=FD05506393760C/=00 type: DATA
三月 16, 2015 10:00:51 上午 org.ccnx.ccn.profiles.VersioningProfile getLatestVersion
信息: getFirstBlockOfLatestVersion: no block available for later version of /%C1.M.S.localhost/%C1.S.cs/=05E3FB4FAF0510BBF5BF29496DDF80A4A0DA958121B8E27B4AEF3E3F32665B8C/=FD05506393760C
三月 16, 2015 10:00:51 上午 org.ccnx.ccn.io.CCNVersionedInputStream getFirstSegment
信息: getFirstSegment: retrieved latest version object /%C1.M.S.localhost/%C1.S.cs/=05E3FB4FAF0510BBF5BF29496DDF80A4A0DA958121B8E27B4AEF3E3F32665B8C/=FD05506393760C/=00 type: DATA
三月 16, 2015 10:00:51 上午 org.ccnx.ccn.io.content.CCNNetworkObject createFlowController
信息: Created LOCALREPOSITORY flow controller, for prefix /%C1.M.S.localhost/%C1.S.cs/=05E3FB4FAF0510BBF5BF29496DDF80A4A0DA958121B8E27B4AEF3E3F32665B8C, save type LOCALREPOSITORY
三月 16, 2015 10:00:51 上午 org.ccnx.ccn.impl.CCNFlowControl addNameSpace
信息: Flow controller addNameSpace: added namespace: /%C1.M.S.localhost/%C1.S.cs/=05E3FB4FAF0510BBF5BF29496DDF80A4A0DA958121B8E27B4AEF3E3F32665B8C
三月 16, 2015 10:00:51 上午 org.ccnx.ccn.impl.security.keys.BasicKeyManager getKeyLocator
信息: getKeyLocator: returning locator NAME: /ccnx.org/Users/cb/Keys/%C1.M.K%00K=B082A16E5382FBAAA09FBE303E24E042E37E88C290E054292521DECA236523/=FD055059931000 KEY:itggagmsks2vela17tu60v29o22sdv8hgkgs1a2i991rr526p93 for key S7CCoW5TgvuqoJ++MD4k4ELjfojCkOBUKSUh3sojZSM=
三月 16, 2015 10:00:51 上午 org.ccnx.ccn.impl.CCNFlowControl addNameSpace
信息: addNameSpace: not adding name: /%C1.M.S.localhost/%C1.S.cs/=05E3FB4FAF0510BBF5BF29496DDF80A4A0DA958121B8E27B4AEF3E3F32665B8C/=FD055063953008 already monitoring prefix: /%C1.M.S.localhost/%C1.S.cs/=05E3FB4FAF0510BBF5BF29496DDF80A4A0DA958121B8E27B4AEF3E3F32665B8C
三月 16, 2015 10:00:51 上午 org.ccnx.ccn.impl.repo.RepositoryFlowControl startWrite
信息: RepositoryFlowControl.startWrite called for name /%C1.M.S.localhost/%C1.S.cs/=05E3FB4FAF0510BBF5BF29496DDF80A4A0DA958121B8E27B4AEF3E3F32665B8C/=FD055063953008, shape STREAM
三月 16, 2015 10:00:51 上午 org.ccnx.ccn.impl.repo.RepositoryFlowControl handleContent
信息: handleContent: got potential repo message: /%C1.M.S.localhost/%C1.S.cs/=05E3FB4FAF0510BBF5BF29496DDF80A4A0DA958121B8E27B4AEF3E3F32665B8C/=FD055063953008/%C1.R.sw/%C1.N=0084003EA73A040AE2
三月 16, 2015 10:00:51 上午 org.ccnx.ccn.io.content.CCNNetworkObject update
信息: Updating object to /%C1.M.S.localhost/%C1.S.cs/=2C8E9188986CDF2A105DE6B835E792C68E4634558CA29C7787309099A7B4BD63.
三月 16, 2015 10:00:51 上午 org.ccnx.ccn.io.CCNAbstractInputStream <init>
信息: CCNAbstractInputStream: /%C1.M.S.localhost/%C1.S.cs/=2C8E9188986CDF2A105DE6B835E792C68E4634558CA29C7787309099A7B4BD63 segment 0
三月 16, 2015 10:00:51 上午 org.ccnx.ccn.io.CCNVersionedInputStream getFirstSegment
信息: getFirstSegment: getting latest version of /%C1.M.S.localhost/%C1.S.cs/=2C8E9188986CDF2A105DE6B835E792C68E4634558CA29C7787309099A7B4BD63
三月 16, 2015 10:00:51 上午 org.ccnx.ccn.profiles.VersioningProfile getLatestVersion
信息: gLV getLatestVersion: retrieved latest version object /%C1.M.S.localhost/%C1.S.cs/=2C8E9188986CDF2A105DE6B835E792C68E4634558CA29C7787309099A7B4BD63/=FD05506393E78D/=00 type: DATA
三月 16, 2015 10:00:51 上午 org.ccnx.ccn.profiles.VersioningProfile getLatestVersion
信息: getFirstBlockOfLatestVersion: no block available for later version of /%C1.M.S.localhost/%C1.S.cs/=2C8E9188986CDF2A105DE6B835E792C68E4634558CA29C7787309099A7B4BD63/=FD05506393E78D
三月 16, 2015 10:00:51 上午 org.ccnx.ccn.io.CCNVersionedInputStream getFirstSegment
信息: getFirstSegment: retrieved latest version object /%C1.M.S.localhost/%C1.S.cs/=2C8E9188986CDF2A105DE6B835E792C68E4634558CA29C7787309099A7B4BD63/=FD05506393E78D/=00 type: DATA
三月 16, 2015 10:00:51 上午 org.ccnx.ccn.io.content.CCNNetworkObject createFlowController
信息: Created LOCALREPOSITORY flow controller, for prefix /%C1.M.S.localhost/%C1.S.cs/=2C8E9188986CDF2A105DE6B835E792C68E4634558CA29C7787309099A7B4BD63, save type LOCALREPOSITORY
三月 16, 2015 10:00:51 上午 org.ccnx.ccn.impl.CCNFlowControl addNameSpace
信息: Flow controller addNameSpace: added namespace: /%C1.M.S.localhost/%C1.S.cs/=2C8E9188986CDF2A105DE6B835E792C68E4634558CA29C7787309099A7B4BD63
三月 16, 2015 10:00:51 上午 org.ccnx.ccn.impl.security.keys.BasicKeyManager getKeyLocator
信息: getKeyLocator: returning locator NAME: /ccnx.org/Users/cb/Keys/%C1.M.K%00K=B082A16E5382FBAAA09FBE303E24E042E37E88C290E054292521DECA236523/=FD055059931000 KEY:itggagmsks2vela17tu60v29o22sdv8hgkgs1a2i991rr526p93 for key S7CCoW5TgvuqoJ++MD4k4ELjfojCkOBUKSUh3sojZSM=
三月 16, 2015 10:00:51 上午 org.ccnx.ccn.impl.CCNFlowControl addNameSpace
信息: addNameSpace: not adding name: /%C1.M.S.localhost/%C1.S.cs/=2C8E9188986CDF2A105DE6B835E792C68E4634558CA29C7787309099A7B4BD63/=FD05506395373B already monitoring prefix: /%C1.M.S.localhost/%C1.S.cs/=2C8E9188986CDF2A105DE6B835E792C68E4634558CA29C7787309099A7B4BD63
三月 16, 2015 10:00:51 上午 org.ccnx.ccn.impl.repo.RepositoryFlowControl startWrite
信息: RepositoryFlowControl.startWrite called for name /%C1.M.S.localhost/%C1.S.cs/=2C8E9188986CDF2A105DE6B835E792C68E4634558CA29C7787309099A7B4BD63/=FD05506395373B, shape STREAM
三月 16, 2015 10:00:51 上午 org.ccnx.ccn.impl.repo.RepositoryFlowControl handleContent
信息: handleContent: got potential repo message: /%C1.M.S.localhost/%C1.S.cs/=2C8E9188986CDF2A105DE6B835E792C68E4634558CA29C7787309099A7B4BD63/=FD05506395373B/%C1.R.sw/%C1.N%00c%B0t=AE190120A0
三月 16, 2015 10:00:51 上午 org.ccnx.ccn.io.content.CCNNetworkObject update
信息: Updating object to /%C1.M.S.localhost/%C1.S.cs/%EAU2=C6A1712D9E6F7DC777E33770030786D60F1AD302B5A99F826A6EA42F82.
三月 16, 2015 10:00:51 上午 org.ccnx.ccn.io.CCNAbstractInputStream <init>
信息: CCNAbstractInputStream: /%C1.M.S.localhost/%C1.S.cs/%EAU2=C6A1712D9E6F7DC777E33770030786D60F1AD302B5A99F826A6EA42F82 segment 0
三月 16, 2015 10:00:51 上午 org.ccnx.ccn.io.CCNVersionedInputStream getFirstSegment
信息: getFirstSegment: getting latest version of /%C1.M.S.localhost/%C1.S.cs/%EAU2=C6A1712D9E6F7DC777E33770030786D60F1AD302B5A99F826A6EA42F82
三月 16, 2015 10:00:51 上午 org.ccnx.ccn.profiles.VersioningProfile getLatestVersion
信息: gLV getLatestVersion: retrieved latest version object /%C1.M.S.localhost/%C1.S.cs/%EAU2=C6A1712D9E6F7DC777E33770030786D60F1AD302B5A99F826A6EA42F82/=FD05506394F6F2/=00 type: DATA
三月 16, 2015 10:00:51 上午 org.ccnx.ccn.profiles.VersioningProfile getLatestVersion
信息: getFirstBlockOfLatestVersion: no block available for later version of /%C1.M.S.localhost/%C1.S.cs/%EAU2=C6A1712D9E6F7DC777E33770030786D60F1AD302B5A99F826A6EA42F82/=FD05506394F6F2
三月 16, 2015 10:00:51 上午 org.ccnx.ccn.io.CCNVersionedInputStream getFirstSegment
信息: getFirstSegment: retrieved latest version object /%C1.M.S.localhost/%C1.S.cs/%EAU2=C6A1712D9E6F7DC777E33770030786D60F1AD302B5A99F826A6EA42F82/=FD05506394F6F2/=00 type: DATA
三月 16, 2015 10:00:51 上午 org.ccnx.ccn.io.content.CCNNetworkObject createFlowController
信息: Created LOCALREPOSITORY flow controller, for prefix /%C1.M.S.localhost/%C1.S.cs/%EAU2=C6A1712D9E6F7DC777E33770030786D60F1AD302B5A99F826A6EA42F82, save type LOCALREPOSITORY
三月 16, 2015 10:00:51 上午 org.ccnx.ccn.impl.CCNFlowControl addNameSpace
信息: Flow controller addNameSpace: added namespace: /%C1.M.S.localhost/%C1.S.cs/%EAU2=C6A1712D9E6F7DC777E33770030786D60F1AD302B5A99F826A6EA42F82
三月 16, 2015 10:00:51 上午 org.ccnx.ccn.impl.security.keys.BasicKeyManager getKeyLocator
信息: getKeyLocator: returning locator NAME: /ccnx.org/Users/cb/Keys/%C1.M.K%00K=B082A16E5382FBAAA09FBE303E24E042E37E88C290E054292521DECA236523/=FD055059931000 KEY:itggagmsks2vela17tu60v29o22sdv8hgkgs1a2i991rr526p93 for key S7CCoW5TgvuqoJ++MD4k4ELjfojCkOBUKSUh3sojZSM=
三月 16, 2015 10:00:51 上午 org.ccnx.ccn.impl.CCNFlowControl addNameSpace
信息: addNameSpace: not adding name: /%C1.M.S.localhost/%C1.S.cs/%EAU2=C6A1712D9E6F7DC777E33770030786D60F1AD302B5A99F826A6EA42F82/=FD055063953E39 already monitoring prefix: /%C1.M.S.localhost/%C1.S.cs/%EAU2=C6A1712D9E6F7DC777E33770030786D60F1AD302B5A99F826A6EA42F82
三月 16, 2015 10:00:51 上午 org.ccnx.ccn.impl.repo.RepositoryFlowControl startWrite
信息: RepositoryFlowControl.startWrite called for name /%C1.M.S.localhost/%C1.S.cs/%EAU2=C6A1712D9E6F7DC777E33770030786D60F1AD302B5A99F826A6EA42F82/=FD055063953E39, shape STREAM
三月 16, 2015 10:00:51 上午 org.ccnx.ccn.impl.repo.RepositoryFlowControl handleContent
信息: handleContent: got potential repo message: /%C1.M.S.localhost/%C1.S.cs/%EAU2=C6A1712D9E6F7DC777E33770030786D60F1AD302B5A99F826A6EA42F82/=FD055063953E39/%C1.R.sw/%C1.N%00k=D21969BA781288
三月 16, 2015 10:00:51 上午 org.ccnx.ccn.impl.CCNNetworkManager shutdown
信息: NetworkManager 2: Shutdown requested
三月 16, 2015 10:00:52 上午 org.ccnx.ccn.impl.CCNNetworkChannel close
信息: NetworkChannel 2: close(false)
三月 16, 2015 10:00:52 上午 org.ccnx.ccn.impl.CCNNetworkManager run
信息: NetworkManager 2: Shutdown complete for port: 63000
三月 16, 2015 10:00:52 上午 org.ccnx.ccn.impl.CCNNetworkManager shutdown
信息: NetworkManager 3: Shutdown requested
三月 16, 2015 10:00:52 上午 org.ccnx.ccn.impl.CCNNetworkManager run
信息: NetworkManager 3: Shutdown complete for port: 63000
三月 16, 2015 10:00:52 上午 org.ccnx.ccn.impl.CCNNetworkChannel close
信息: NetworkChannel 3: close(false)
三月 16, 2015 10:00:52 上午 org.ccnx.ccn.impl.CCNNetworkManager shutdown
信息: NetworkManager 1: Shutdown requested
三月 16, 2015 10:00:52 上午 org.ccnx.ccn.impl.CCNNetworkManager run
信息: NetworkManager 1: Shutdown complete for port: 63000
三月 16, 2015 10:00:52 上午 org.ccnx.ccn.impl.CCNNetworkChannel close
信息: NetworkChannel 1: close(false)
三月 16, 2015 10:00:52 上午 org.ccnx.ccn.impl.security.keys.BasicKeyManager saveSecureKeyCache
信息: Not saving key manager secure key cache data in response to user configuration variable.
]]></system-err>
</testsuite>
