<?xml version="1.0" encoding="UTF-8" ?>
<testsuite errors="0" failures="0" hostname="cb-ThinkPad-X240" name="org.ccnx.ccn.io.CCNInputStreamTest" skipped="0" tests="5" time="58.435" timestamp="2015-03-16T02:00:52">
  <properties>
    <property name="env.DESKTOP_SESSION" value="ubuntu" />
    <property name="env.OLDPWD" value="/home/cb/work/ccnx-0.8.2" />
    <property name="file.encoding.pkg" value="sun.io" />
    <property name="env.SELINUX_INIT" value="YES" />
    <property name="REPO_LOCAL_ROOT" value="repotest" />
    <property name="repozip" value="repotest.zip" />
    <property name="java.home" value="/home/cb/work/java/jdk1.7.0_75/jre" />
    <property name="bcprov-jar" value="/home/cb/work/ccnx-0.8.2/javasrc/lib/bcprov-jdk16-143.jar" />
    <property name="env.GDM_LANG" value="zh_CN" />
    <property name="src.test.dir" value="/home/cb/work/ccnx-0.8.2/javasrc/src/test" />
    <property name="env.DISPLAY" value=":0" />
    <property name="PROTOCOL_KEY" value="ccn.agent.protocol" />
    <property name="env.LS_COLORS" value="rs=0:di=01;34:ln=01;36:mh=00:pi=40;33:so=01;35:do=01;35:bd=40;33;01:cd=40;33;01:or=40;31;01:su=37;41:sg=30;43:ca=30;41:tw=30;42:ow=34;42:st=37;44:ex=01;32:*.tar=01;31:*.tgz=01;31:*.arj=01;31:*.taz=01;31:*.lzh=01;31:*.lzma=01;31:*.tlz=01;31:*.txz=01;31:*.zip=01;31:*.z=01;31:*.Z=01;31:*.dz=01;31:*.gz=01;31:*.lz=01;31:*.xz=01;31:*.bz2=01;31:*.bz=01;31:*.tbz=01;31:*.tbz2=01;31:*.tz=01;31:*.deb=01;31:*.rpm=01;31:*.jar=01;31:*.war=01;31:*.ear=01;31:*.sar=01;31:*.rar=01;31:*.ace=01;31:*.zoo=01;31:*.cpio=01;31:*.7z=01;31:*.rz=01;31:*.jpg=01;35:*.jpeg=01;35:*.gif=01;35:*.bmp=01;35:*.pbm=01;35:*.pgm=01;35:*.ppm=01;35:*.tga=01;35:*.xbm=01;35:*.xpm=01;35:*.tif=01;35:*.tiff=01;35:*.png=01;35:*.svg=01;35:*.svgz=01;35:*.mng=01;35:*.pcx=01;35:*.mov=01;35:*.mpg=01;35:*.mpeg=01;35:*.m2v=01;35:*.mkv=01;35:*.webm=01;35:*.ogm=01;35:*.mp4=01;35:*.m4v=01;35:*.mp4v=01;35:*.vob=01;35:*.qt=01;35:*.nuv=01;35:*.wmv=01;35:*.asf=01;35:*.rm=01;35:*.rmvb=01;35:*.flc=01;35:*.avi=01;35:*.fli=01;35:*.flv=01;35:*.gl=01;35:*.dl=01;35:*.xcf=01;35:*.xwd=01;35:*.yuv=01;35:*.cgm=01;35:*.emf=01;35:*.axv=01;35:*.anx=01;35:*.ogv=01;35:*.ogx=01;35:*.aac=00;36:*.au=00;36:*.flac=00;36:*.mid=00;36:*.midi=00;36:*.mka=00;36:*.mp3=00;36:*.mpc=00;36:*.ogg=00;36:*.ra=00;36:*.wav=00;36:*.axa=00;36:*.oga=00;36:*.spx=00;36:*.xspf=00;36:" />
    <property name="env.XDG_VTNR" value="7" />
    <property name="env.XDG_GREETER_DATA_DIR" value="/var/lib/lightdm-data/cb" />
    <property name="jarfile" value="/home/cb/work/ccnx-0.8.2/javasrc/ccn.jar" />
    <property name="java.endorsed.dirs" value="/home/cb/work/java/jdk1.7.0_75/jre/lib/endorsed" />
    <property name="env.LOGNAME" value="cb" />
    <property name="env.UBUNTU_MENUPROXY" value="1" />
    <property name="src.dir" value="/home/cb/work/ccnx-0.8.2/javasrc/src/main" />
    <property name="env.XDG_SEAT" value="seat0" />
    <property name="build-excludes" value="bin/**, log/**, lib/**, libsrc/**, repository/**, build/**, testout/**, ktrace.out, CCN_DEBUG_DATA/**" />
    <property name="env.LC_PAPER" value="zh_CN.UTF-8" />
    <property name="sun.os.patch.level" value="unknown" />
    <property name="java.vendor.url" value="http://java.oracle.com/" />
    <property name="env.XDG_SEAT_PATH" value="/org/freedesktop/DisplayManager/Seat0" />
    <property name="env.MANDATORY_PATH" value="/usr/share/gconf/ubuntu.mandatory.path" />
    <property name="java.version" value="1.7.0_75" />
    <property name="java.vendor.url.bug" value="http://bugreport.sun.com/bugreport/" />
    <property name="env.LANGUAGE" value="zh_CN:zh:en_US:en" />
    <property name="REPO_ROOT" value="/home/cb/work/ccnx-0.8.2/javasrc/testout/repotest" />
    <property name="ant.project.invoked-targets" value="test" />
    <property name="env.XDG_DATA_DIRS" value="/usr/share/ubuntu:/usr/share/gnome:/usr/local/share/:/usr/share/" />
    <property name="env.GNOME_KEYRING_CONTROL" value="/run/user/1000/keyring-jvPvKj" />
    <property name="USE_KEY_CONFIG_KEY" value="org.ccnx.config.UseKeyConfiguration" />
    <property name="env.UPSTART_SESSION" value="unix:abstract=/com/ubuntu/upstart-session/1000/1640" />
    <property name="user.name" value="cb" />
    <property name="env.LANG" value="zh_CN.UTF-8" />
    <property name="ccn.agent.port" value="63000" />
    <property name="env.LC_MONETARY" value="zh_CN.UTF-8" />
    <property name="sun.io.unicode.encoding" value="UnicodeLittle" />
    <property name="sun.jnu.encoding" value="UTF-8" />
    <property name="env.DBUS_SESSION_BUS_ADDRESS" value="unix:abstract=/tmp/dbus-rsLQ7IJ5pU" />
    <property name="java.runtime.name" value="Java(TM) SE Runtime Environment" />
    <property name="env.LC_NAME" value="zh_CN.UTF-8" />
    <property name="REPO_ROOT2" value="/home/cb/work/ccnx-0.8.2/javasrc/testout/repotest2" />
    <property name="java.specification.name" value="Java Platform API Specification" />
    <property name="ant.file.ccn-libs" value="/home/cb/work/ccnx-0.8.2/javasrc/libs.xml" />
    <property name="user.timezone" value="" />
    <property name="env.LESSOPEN" value="| /usr/bin/lesspipe %s" />
    <property name="path.separator" value=":" />
    <property name="junit-jar" value="/home/cb/work/ccnx-0.8.2/javasrc/lib/junit-4.3.1.jar" />
    <property name="env.XMODIFIERS" value="@im=fcitx" />
    <property name="file.encoding" value="UTF-8" />
    <property name="ant.project.default-target" value="jar" />
    <property name="build" value="/home/cb/work/ccnx-0.8.2/javasrc/build" />
    <property name="lib" value="/home/cb/work/ccnx-0.8.2/javasrc/lib" />
    <property name="env.HOME" value="/home/cb" />
    <property name="sun.java.command" value="org.apache.tools.ant.taskdefs.optional.junit.JUnitTestRunner testsfile=/home/cb/work/ccnx-0.8.2/javasrc/junittestcases6017539138193605492.properties skipNonTests=false filtertrace=true haltOnError=false haltOnFailure=true formatter=org.apache.tools.ant.taskdefs.optional.junit.SummaryJUnitResultFormatter showoutput=false outputtoformatters=true logfailedtests=true logtestlistenerevents=false formatter=org.apache.tools.ant.taskdefs.optional.junit.XMLJUnitResultFormatter,/home/cb/work/ccnx-0.8.2/javasrc/testout/IGNORETHIS.xml crashfile=/home/cb/work/ccnx-0.8.2/javasrc/junitvmwatcher36243350923365724.properties propsfile=/home/cb/work/ccnx-0.8.2/javasrc/junit724183065929524631.properties" />
    <property name="ant.file" value="/home/cb/work/ccnx-0.8.2/javasrc/build.xml" />
    <property name="env.LC_TELEPHONE" value="zh_CN.UTF-8" />
    <property name="env._" value="/usr/bin/make" />
    <property name="org.ccnx.ccn.LogDir" value="/home/cb/work/ccnx-0.8.2/javasrc/testout/log" />
    <property name="java.io.tmpdir" value="/tmp" />
    <property name="env.LC_IDENTIFICATION" value="zh_CN.UTF-8" />
    <property name="env.GNOME_KEYRING_PID" value="1635" />
    <property name="user.language" value="zh" />
    <property name="EXIT_ON_ERROR" value="org.ccnx.ExitOnNetworkError" />
    <property name="env.UPSTART_EVENTS" value="started starting" />
    <property name="line.separator" value="&#xa;" />
    <property name="ant.file.type" value="file" />
    <property name="env.SSH_AGENT_LAUNCHER" value="upstart" />
    <property name="env.SSH_AGENT_PID" value="1693" />
    <property name="env.CLUTTER_IM_MODULE" value="xim" />
    <property name="java.vm.info" value="mixed mode" />
    <property name="LOGDIR_KEY" value="org.ccnx.ccn.LogDir" />
    <property name="sun.desktop" value="gnome" />
    <property name="java.vm.specification.name" value="Java Virtual Machine Specification" />
    <property name="env.COLORTERM" value="gnome-terminal" />
    <property name="TEST_PORT" value="63000" />
    <property name="env.TEXTDOMAIN" value="im-config" />
    <property name="env.LC_MEASUREMENT" value="zh_CN.UTF-8" />
    <property name="env.IM_CONFIG_PHASE" value="1" />
    <property name="org.ccnx.config.UseKeyConfiguration" value="false" />
    <property name="env.LC_TIME" value="zh_CN.UTF-8" />
    <property name="env.GDMSESSION" value="ubuntu" />
    <property name="java.awt.printerjob" value="sun.print.PSPrinterJob" />
    <property name="env.VTE_VERSION" value="3409" />
    <property name="env.DEFAULTS_PATH" value="/usr/share/gconf/ubuntu.default.path" />
    <property name="ant.version" value="Apache Ant(TM) version 1.9.3 compiled on April 8 2014" />
    <property name="env.WINDOWID" value="20971532" />
    <property name="REPO_LOCAL" value="TestRepository" />
    <property name="env.COMPIZ_CONFIG_PROFILE" value="ubuntu" />
    <property name="env.XDG_SESSION_PATH" value="/org/freedesktop/DisplayManager/Session0" />
    <property name="env.JOB" value="gnome-session" />
    <property name="ant.file.type.java-ccnx" value="file" />
    <property name="env.MAKEFLAGS" value="w" />
    <property name="env.CLASSPATH" value=".:.:$CLASSPATH:$JAVA_HOME/lib:$JAVA_HOME/jre/lib:/home/cb/work/java/jdk1.7.0_75/lib:/home/cb/work/java/jdk1.7.0_75/jre/lib" />
    <property name="os.name" value="Linux" />
    <property name="java.specification.vendor" value="Oracle Corporation" />
    <property name="xml-jar" value="/home/cb/work/ccnx-0.8.2/javasrc/lib/kxml2-2.3.0.jar" />
    <property name="env.TERM" value="xterm" />
    <property name="java.vm.name" value="Java HotSpot(TM) 64-Bit Server VM" />
    <property name="env.QT_IM_MODULE" value="xim" />
    <property name="java.library.path" value="/usr/java/packages/lib/amd64:/usr/lib64:/lib64:/lib:/usr/lib" />
    <property name="env.PATH" value="/home/cb/work/java/jdk1.7.0_75/bin:/home/cb/work/java/jdk1.7.0_75/jre/bin:/usr/local/sbin:/usr/local/bin:/usr/sbin:/usr/bin:/sbin:/bin:/usr/games:/usr/local/games:/home/cb/bin" />
    <property name="CCND_CAP" value="50000" />
    <property name="env.LESSCLOSE" value="/usr/bin/lesspipe %s %s" />
    <property name="ant.java.version" value="1.7" />
    <property name="env.TEXTDOMAINDIR" value="/usr/share/locale/" />
    <property name="basedir" value="/home/cb/work/ccnx-0.8.2/javasrc" />
    <property name="java.class.version" value="51.0" />
    <property name="env.SHLVL" value="1" />
    <property name="ant.home" value="/usr/share/ant" />
    <property name="DEBUG_OPTIONS" value="" />
    <property name="org.ccnx.ExitOnNetworkError" value="true" />
    <property name="repo2" value="true" />
    <property name="env.UPSTART_JOB" value="unity-settings-daemon" />
    <property name="CCND_CMD" value="../../csrc/ccnd/ccnd" />
    <property name="JAVA_MEMORY" value="1g" />
    <property name="src.systemtest.dir" value="/home/cb/work/ccnx-0.8.2/javasrc/src/systemtest" />
    <property name="sun.boot.library.path" value="/home/cb/work/java/jdk1.7.0_75/jre/lib/amd64" />
    <property name="sun.management.compiler" value="HotSpot 64-Bit Tiered Compilers" />
    <property name="java.awt.graphicsenv" value="sun.awt.X11GraphicsEnvironment" />
    <property name="env.USER" value="cb" />
    <property name="env.GTK_IM_MODULE" value="fcitx" />
    <property name="env.GTK_MODULES" value="overlay-scrollbar:unity-gtk-module" />
    <property name="env.JRE_HOME" value="/home/cb/work/java/jdk1.7.0_75/jre" />
    <property name="ant.project.name" value="java-ccnx" />
    <property name="env.SESSIONTYPE" value="gnome-session" />
    <property name="java.vm.specification.version" value="1.7" />
    <property name="UNIT_TOP_DIR" value="../src/test" />
    <property name="SYNC_NOISY" value="INFO" />
    <property name="env.NLSPATH" value="/usr/dt/lib/nls/msg/%L/%N.cat" />
    <property name="awt.toolkit" value="sun.awt.X11.XToolkit" />
    <property name="sun.cpu.isalist" value="" />
    <property name="cmddir" value="/home/cb/work/ccnx-0.8.2/csrc/cmd" />
    <property name="java.ext.dirs" value="/home/cb/work/java/jdk1.7.0_75/jre/lib/ext:/usr/java/packages/lib/ext" />
    <property name="os.version" value="3.13.0-32-generic" />
    <property name="env.QT_QPA_PLATFORMTHEME" value="appmenu-qt5" />
    <property name="user.home" value="/home/cb" />
    <property name="env.XDG_CURRENT_DESKTOP" value="Unity" />
    <property name="ant.file.type.ccn-libs" value="file" />
    <property name="java.vm.vendor" value="Oracle Corporation" />
    <property name="env.JAVA_HOME" value="/home/cb/work/java/jdk1.7.0_75" />
    <property name="env.XDG_SESSION_ID" value="c2" />
    <property name="env.XAUTHORITY" value="/home/cb/.Xauthority" />
    <property name="REPO_GLOBAL" value="/parc.com/csl/ccn/repositories/TestRepository" />
    <property name="user.dir" value="/home/cb/work/ccnx-0.8.2/javasrc/testout" />
    <property name="env.XFILESEARCHPATH" value="/usr/dt/app-defaults/%L/Dt" />
    <property name="TOP_DIR" value="../src/systemtest" />
    <property name="env.PWD" value="/home/cb/work/ccnx-0.8.2/javasrc" />
    <property name="env.MAKELEVEL" value="2" />
    <property name="sun.cpu.endian" value="little" />
    <property name="env.MFLAGS" value="-w" />
    <property name="testout" value="/home/cb/work/ccnx-0.8.2/javasrc/testout" />
    <property name="java.vm.version" value="24.75-b04" />
    <property name="java.class.path" value="/home/cb/work/ccnx-0.8.2/javasrc/lib/bcprov-jdk16-143.jar:/home/cb/work/ccnx-0.8.2/javasrc/lib/kxml2-2.3.0.jar:/home/cb/work/ccnx-0.8.2/javasrc/lib/junit-4.3.1.jar:/home/cb/work/ccnx-0.8.2/javasrc/ccn.jar:/home/cb/work/ccnx-0.8.2/javasrc:/home/cb/work/java/jdk1.7.0_75/lib:/home/cb/work/java/jdk1.7.0_75/jre/lib:/usr/share/java/ant-launcher-1.9.3.jar:/usr/share/ant/lib/ant.jar:/usr/share/ant/lib/ant-junit.jar:/usr/share/ant/lib/ant-junit4.jar" />
    <property name="env.LC_ADDRESS" value="zh_CN.UTF-8" />
    <property name="ant.library.dir" value="/usr/share/ant/lib" />
    <property name="ccnr" value="/home/cb/work/ccnx-0.8.2/csrc/ccnr/ccnr" />
    <property name="os.arch" value="amd64" />
    <property name="env.LC_NUMERIC" value="zh_CN.UTF-8" />
    <property name="jarfile-base" value="ccn.jar" />
    <property name="sun.java.launcher" value="SUN_STANDARD" />
    <property name="testoutlog" value="/home/cb/work/ccnx-0.8.2/javasrc/testout/log" />
    <property name="ccnd" value="/home/cb/work/ccnx-0.8.2/csrc/ccnd/ccnd" />
    <property name="ant.core.lib" value="/usr/share/ant/lib/ant.jar" />
    <property name="java.vm.specification.vendor" value="Oracle Corporation" />
    <property name="env.UPSTART_INSTANCE" value="" />
    <property name="ccn-libs-basedir" value="/home/cb/work/ccnx-0.8.2/javasrc" />
    <property name="file.separator" value="/" />
    <property name="ant.file.java-ccnx" value="/home/cb/work/ccnx-0.8.2/javasrc/build.xml" />
    <property name="java.runtime.version" value="1.7.0_75-b13" />
    <property name="sun.boot.class.path" value="/home/cb/work/java/jdk1.7.0_75/jre/lib/resources.jar:/home/cb/work/java/jdk1.7.0_75/jre/lib/rt.jar:/home/cb/work/java/jdk1.7.0_75/jre/lib/sunrsasign.jar:/home/cb/work/java/jdk1.7.0_75/jre/lib/jsse.jar:/home/cb/work/java/jdk1.7.0_75/jre/lib/jce.jar:/home/cb/work/java/jdk1.7.0_75/jre/lib/charsets.jar:/home/cb/work/java/jdk1.7.0_75/jre/lib/jfr.jar:/home/cb/work/java/jdk1.7.0_75/jre/classes" />
    <property name="env.SSH_AUTH_SOCK" value="/run/user/1000/keyring-jvPvKj/ssh" />
    <property name="env.QT4_IM_MODULE" value="fcitx" />
    <property name="env.XDG_RUNTIME_DIR" value="/run/user/1000" />
    <property name="env.XDG_CONFIG_DIRS" value="/etc/xdg/xdg-ubuntu:/usr/share/upstart/xdg:/etc/xdg" />
    <property name="USE_KEY_CONFIG_VAL" value="false" />
    <property name="user.country" value="CN" />
    <property name="env.SHELL" value="/bin/bash" />
    <property name="env.INSTANCE" value="Unity" />
    <property name="java.vendor" value="Oracle Corporation" />
    <property name="showoutput" value="no" />
    <property name="CCND_DEBUG" value="87" />
    <property name="env.GPG_AGENT_INFO" value="/run/user/1000/keyring-jvPvKj/gpg:0:1" />
    <property name="java.specification.version" value="1.7" />
    <property name="sun.arch.data.model" value="64" />
    <property name="env.GNOME_DESKTOP_SESSION_ID" value="this-is-deprecated" />
  </properties>
  <testcase classname="org.ccnx.ccn.io.CCNInputStreamTest" name="testBasename" time="0.012" />
  <testcase classname="org.ccnx.ccn.io.CCNInputStreamTest" name="testKeyRetrieval" time="12.489" />
  <testcase classname="org.ccnx.ccn.io.CCNInputStreamTest" name="testBlocking" time="12.227" />
  <testcase classname="org.ccnx.ccn.io.CCNInputStreamTest" name="testBlockAfterFirstSegment" time="12.064" />
  <testcase classname="org.ccnx.ccn.io.CCNInputStreamTest" name="testTimeouts" time="21.022" />
  <system-out><![CDATA[Writing log records to /home/cb/work/ccnx-0.8.2/javasrc/testout/log/ccn_15-03-16-100052-5167.log
]]></system-out>
  <system-err><![CDATA[三月 16, 2015 10:00:52 上午 org.ccnx.ccn.CCNTestHelper <init>
信息: Initializing test org.ccnx.ccn.io.CCNInputStreamTest, data can be found under /ccnx.org/test/CCNInputStreamTest-15-03-16-10.00.52.
三月 16, 2015 10:00:52 上午 org.ccnx.ccn.impl.security.keys.BasicKeyManager loadKeyStore
信息: Loading CCN key store from /home/cb/.ccnx/.ccnx_keystore...last modified 1426430257000(ms).
三月 16, 2015 10:00:52 上午 org.ccnx.ccn.impl.security.keys.BasicKeyManager readKeyStore
信息: Loading CCN key store...
三月 16, 2015 10:00:52 上午 org.ccnx.ccn.impl.security.keys.BasicKeyManager loadKeyStore
信息: Loaded CCN key store from /home/cb/.ccnx/.ccnx_keystore...version 2015-03-15 22:37:37.0 ms: 1426430257000
三月 16, 2015 10:00:52 上午 org.ccnx.ccn.impl.security.keys.BasicKeyManager loadValuesFromKeystore
信息: Loading key store file:/home/cb/.ccnx/.ccnx_keystore version 2015-03-15 22:37:37.0 version component =FD055059931000 millis 1426430257000
三月 16, 2015 10:00:52 上午 org.ccnx.ccn.impl.security.keys.BasicKeyManager loadValuesFromKeystore
信息: Default key ID for user cb: S7CCoW5TgvuqoJ++MD4k4ELjfojCkOBUKSUh3sojZSM=
三月 16, 2015 10:00:52 上午 org.ccnx.ccn.impl.security.keys.SecureKeyCache loadKeyStore
信息: KeyCache: loading signing key S7CCoW5TgvuqoJ++MD4k4ELjfojCkOBUKSUh3sojZSM=, remembering public key in public key cache.
三月 16, 2015 10:00:52 上午 org.ccnx.ccn.impl.security.keys.SecureKeyCache addMySigningKey
信息: SecureKeyCache: adding my private key 4bb082a16e5382fbaaa09fbe303e24e042e37e88c290e054292521deca236523
三月 16, 2015 10:00:52 上午 org.ccnx.ccn.impl.security.keys.BasicKeyManager loadValuesFromConfiguration
信息: Not loading key manager configuration data in response to user configuration variable.
三月 16, 2015 10:00:52 上午 org.ccnx.ccn.impl.CCNNetworkManager <init>
警告: NetworkManager 1: Non-standard CCN agent port 63000 per property ccn.agent.port
三月 16, 2015 10:00:52 上午 org.ccnx.ccn.impl.CCNNetworkManager <init>
信息: NetworkManager 1: Contacting CCN agent at localhost:63000
三月 16, 2015 10:00:52 上午 org.ccnx.ccn.impl.CCNNetworkChannel <init>
信息: NetworkChannel 1: Starting up CCNNetworkChannel using TCP.
三月 16, 2015 10:00:52 上午 org.ccnx.ccn.impl.CCNNetworkChannel open
信息: NetworkChannel 1: open()
三月 16, 2015 10:00:52 上午 org.ccnx.ccn.impl.CCNNetworkChannel open
信息: NetworkChannel 1: Contacting CCN agent at localhost:63000 on local port 49898
三月 16, 2015 10:00:52 上午 org.ccnx.ccn.CCNHandle <init>
信息: CCNHandle 1: Handle is now open
三月 16, 2015 10:00:52 上午 org.ccnx.ccn.impl.CCNNetworkManager run
信息: NetworkManager 1: CCNNetworkManager processing thread started for port: 63000
三月 16, 2015 10:00:52 上午 org.ccnx.ccn.impl.security.keys.PublicKeyCache getPublicKeyObject
信息: Retrieved key iJPI7Cmegb1Hcmae9Dh1J+cJOpYkf1b+DGlC3el8x9w= using locator NAME: /%C1.M.S.localhost/%C1.M.SRV/ccnd/KEY/%C1.M.K=008893C8EC299E81BD4772669EF4387527E7093A96247F56FE0C6942DDE97CC7DC/=FD055063717EB3.
三月 16, 2015 10:00:52 上午 org.ccnx.ccn.impl.security.keys.PublicKeyCache getPublicKeyObject
信息: Retrieved key iJPI7Cmegb1Hcmae9Dh1J+cJOpYkf1b+DGlC3el8x9w= using locator NAME: /%C1.M.S.localhost/%C1.M.SRV/ccnd/KEY/%C1.M.K=008893C8EC299E81BD4772669EF4387527E7093A96247F56FE0C6942DDE97CC7DC/=FD055063717EB3 - got /%C1.M.S.localhost/%C1.M.SRV/ccnd/KEY/%C1.M.K=008893C8EC299E81BD4772669EF4387527E7093A96247F56FE0C6942DDE97CC7DC/=FD055063717EB3/=00
三月 16, 2015 10:00:52 上午 org.ccnx.ccn.io.CCNAbstractInputStream <init>
信息: CCNAbstractInputStream: /%C1.M.S.localhost/%C1.M.SRV/ccnd/KEY/%C1.M.K=008893C8EC299E81BD4772669EF4387527E7093A96247F56FE0C6942DDE97CC7DC/=FD055063717EB3 segment 0
三月 16, 2015 10:00:52 上午 org.ccnx.ccn.impl.security.keys.PublicKeyCache getPublicKeyObject
信息: Retrieved public key using name: /%C1.M.S.localhost/%C1.M.SRV/ccnd/KEY/%C1.M.K=008893C8EC299E81BD4772669EF4387527E7093A96247F56FE0C6942DDE97CC7DC/=FD055063717EB3
三月 16, 2015 10:00:52 上午 org.ccnx.ccn.impl.security.keys.PublicKeyCache getPublicKey
信息: Retrieved key iJPI7Cmegb1Hcmae9Dh1J+cJOpYkf1b+DGlC3el8x9w= from network with locator NAME: /%C1.M.S.localhost/%C1.M.SRV/ccnd/KEY/%C1.M.K=008893C8EC299E81BD4772669EF4387527E7093A96247F56FE0C6942DDE97CC7DC/=FD055063717EB3!
三月 16, 2015 10:00:52 上午 org.ccnx.ccn.config.PlatformConfiguration <clinit>
信息: BC provider: BC
三月 16, 2015 10:00:52 上午 org.ccnx.ccn.config.PlatformConfiguration <clinit>
信息: Provider info: BouncyCastle Security Provider v1.43 version: 1.43
三月 16, 2015 10:00:52 上午 org.ccnx.ccn.config.PlatformConfiguration <clinit>
信息: java.vm.name = Java HotSpot(TM) 64-Bit Server VM
三月 16, 2015 10:00:52 上午 org.ccnx.ccn.impl.CCNFlowControl addNameSpace
信息: Flow controller addNameSpace: added namespace: /ccnx.org/Users/cb/Keys/%C1.M.K%00K=B082A16E5382FBAAA09FBE303E24E042E37E88C290E054292521DECA236523/=FD055059931000
三月 16, 2015 10:00:52 上午 org.ccnx.ccn.impl.security.keys.BasicKeyManager getKeyLocator
信息: getKeyLocator: returning locator KEY: S7CCoW5TgvuqoJ++MD4k4ELjfojCkOBUKSUh3sojZSM= for key S7CCoW5TgvuqoJ++MD4k4ELjfojCkOBUKSUh3sojZSM=
三月 16, 2015 10:00:52 上午 org.ccnx.ccn.KeyManager publishKey
信息: publishKey: key not previously published, making new key object /ccnx.org/Users/cb/Keys/%C1.M.K%00K=B082A16E5382FBAAA09FBE303E24E042E37E88C290E054292521DECA236523 with version 2015-03-15 22:37:37.0 displayed as =FD055059931000
三月 16, 2015 10:00:52 上午 org.ccnx.ccn.io.CCNAbstractOutputStream <init>
信息: CCNAbstractOutputStream: /ccnx.org/Users/cb/Keys/%C1.M.K%00K=B082A16E5382FBAAA09FBE303E24E042E37E88C290E054292521DECA236523/=FD055059931000 blocksize is 4096
三月 16, 2015 10:00:52 上午 org.ccnx.ccn.io.CCNAbstractOutputStream startWrite
信息: CCNAbstractOutputStream: startWrite -- searching for keys.
三月 16, 2015 10:00:52 上午 org.ccnx.ccn.profiles.security.access.AccessControlManager keysForOutput
信息: keysForOutput: found an acm: (null)
三月 16, 2015 10:00:52 上午 org.ccnx.ccn.io.CCNOutputStream flushToNetwork
信息: flush: outputting to the segmenter, baseName /ccnx.org/Users/cb/Keys/%C1.M.K%00K=B082A16E5382FBAAA09FBE303E24E042E37E88C290E054292521DECA236523/=FD055059931000 basenameindex =00; 162 bytes written, holding back 162 flushing final blocks? false.
三月 16, 2015 10:00:52 上午 org.ccnx.ccn.io.CCNOutputStream flushToNetwork
信息: HEADER: CCNOutputStream: flushToNetwork: new _baseNameIndex 0
三月 16, 2015 10:00:52 上午 org.ccnx.ccn.io.CCNOutputStream flushToNetwork
信息: flush: outputting to the segmenter, baseName /ccnx.org/Users/cb/Keys/%C1.M.K%00K=B082A16E5382FBAAA09FBE303E24E042E37E88C290E054292521DECA236523/=FD055059931000 basenameindex =00; 162 bytes written, holding back 0 flushing final blocks? true.
三月 16, 2015 10:00:52 上午 org.ccnx.ccn.io.CCNOutputStream flushToNetwork
信息: HEADER: CCNOutputStream: flushToNetwork: new _baseNameIndex 1
三月 16, 2015 10:00:52 上午 org.ccnx.ccn.io.CCNOutputStream close
信息: CCNOutputStream close: /ccnx.org/Users/cb/Keys/%C1.M.K%00K=B082A16E5382FBAAA09FBE303E24E042E37E88C290E054292521DECA236523/=FD055059931000
三月 16, 2015 10:00:52 上午 org.ccnx.ccn.KeyManager publishKey
信息: Published key Sun RSA public key, 1024 bits
  modulus: 117279129325874211277607356849787251715570373721560580642141461638097818254948829770352070726044644268881781743762722938404103804101201617552769856641473514762103364862280112139804873614111497411688991215437978547538300080789649372572822228902620566756781843183599945687014465640524444441393207286473746734631
  public exponent: 65537 to name /ccnx.org/Users/cb/Keys/%C1.M.K%00K=B082A16E5382FBAAA09FBE303E24E042E37E88C290E054292521DECA236523/=FD055059931000 with key locator NAME: /ccnx.org/Users/cb/Keys/%C1.M.K%00K=B082A16E5382FBAAA09FBE303E24E042E37E88C290E054292521DECA236523/=FD055059931000 KEY:itggagmsks2vela17tu60v29o22sdv8hgkgs1a2i991rr526p93; ephemeral digest =945C81F4560412F4E36CF83657B57EE01CDEC947E3AB2712816ED0C4C3F189BD.
三月 16, 2015 10:00:52 上午 org.ccnx.ccn.impl.security.keys.BasicKeyManager publishKey
信息: publishKey: published key S7CCoW5TgvuqoJ++MD4k4ELjfojCkOBUKSUh3sojZSM=
 under specified key name /ccnx.org/Users/cb/Keys/%C1.M.K%00K=B082A16E5382FBAAA09FBE303E24E042E37E88C290E054292521DECA236523/=FD055059931000
 key locator: NAME: /ccnx.org/Users/cb/Keys/%C1.M.K%00K=B082A16E5382FBAAA09FBE303E24E042E37E88C290E054292521DECA236523/=FD055059931000 KEY:itggagmsks2vela17tu60v29o22sdv8hgkgs1a2i991rr526p93
三月 16, 2015 10:00:52 上午 org.ccnx.ccn.impl.security.keys.BasicKeyManager publishKey
信息: publishKey: storing key locator S7CCoW5TgvuqoJ++MD4k4ELjfojCkOBUKSUh3sojZSM= for key NAME: /ccnx.org/Users/cb/Keys/%C1.M.K%00K=B082A16E5382FBAAA09FBE303E24E042E37E88C290E054292521DECA236523/=FD055059931000 KEY:itggagmsks2vela17tu60v29o22sdv8hgkgs1a2i991rr526p93
三月 16, 2015 10:00:52 上午 org.ccnx.ccn.impl.CCNNetworkManager <init>
警告: NetworkManager 2: Non-standard CCN agent port 63000 per property ccn.agent.port
三月 16, 2015 10:00:52 上午 org.ccnx.ccn.impl.CCNNetworkManager <init>
信息: NetworkManager 2: Contacting CCN agent at localhost:63000
三月 16, 2015 10:00:52 上午 org.ccnx.ccn.impl.CCNNetworkChannel <init>
信息: NetworkChannel 2: Starting up CCNNetworkChannel using TCP.
三月 16, 2015 10:00:52 上午 org.ccnx.ccn.impl.CCNNetworkChannel open
信息: NetworkChannel 2: open()
三月 16, 2015 10:00:52 上午 org.ccnx.ccn.impl.CCNNetworkChannel open
信息: NetworkChannel 2: Contacting CCN agent at localhost:63000 on local port 49899
三月 16, 2015 10:00:52 上午 org.ccnx.ccn.CCNHandle <init>
信息: CCNHandle 2: Handle is now open
三月 16, 2015 10:00:52 上午 org.ccnx.ccn.impl.CCNNetworkManager <init>
警告: NetworkManager 3: Non-standard CCN agent port 63000 per property ccn.agent.port
三月 16, 2015 10:00:52 上午 org.ccnx.ccn.impl.CCNNetworkManager <init>
信息: NetworkManager 3: Contacting CCN agent at localhost:63000
三月 16, 2015 10:00:52 上午 org.ccnx.ccn.impl.CCNNetworkChannel <init>
信息: NetworkChannel 3: Starting up CCNNetworkChannel using TCP.
三月 16, 2015 10:00:52 上午 org.ccnx.ccn.impl.CCNNetworkChannel open
信息: NetworkChannel 3: open()
三月 16, 2015 10:00:52 上午 org.ccnx.ccn.impl.CCNNetworkChannel open
信息: NetworkChannel 3: Contacting CCN agent at localhost:63000 on local port 49900
三月 16, 2015 10:00:52 上午 org.ccnx.ccn.CCNHandle <init>
信息: CCNHandle 3: Handle is now open
三月 16, 2015 10:00:52 上午 org.ccnx.ccn.io.CCNInputStreamTest testBasename
信息: Started testBasename
三月 16, 2015 10:00:52 上午 org.ccnx.ccn.impl.security.keys.BasicKeyManager getKeyLocator
信息: getKeyLocator: returning locator NAME: /ccnx.org/Users/cb/Keys/%C1.M.K%00K=B082A16E5382FBAAA09FBE303E24E042E37E88C290E054292521DECA236523/=FD055059931000 KEY:itggagmsks2vela17tu60v29o22sdv8hgkgs1a2i991rr526p93 for key S7CCoW5TgvuqoJ++MD4k4ELjfojCkOBUKSUh3sojZSM=
三月 16, 2015 10:00:52 上午 org.ccnx.ccn.io.CCNAbstractInputStream <init>
信息: CCNAbstractInputStream: /ccnx.org/test/CCNInputStreamTest-15-03-16-10.00.52/testBasename/=FD055063954EFA segment 0
三月 16, 2015 10:00:52 上午 org.ccnx.ccn.io.CCNInputStreamTest testBasename
信息: Completed testBasename
三月 16, 2015 10:00:52 上午 org.ccnx.ccn.io.CCNInputStreamTest testKeyRetrieval
信息: Started testKeyRetrieval
三月 16, 2015 10:00:52 上午 org.ccnx.ccn.utils.CreateUserData <init>
信息: Loading user: Alice from /ccnx.org/test/CCNInputStreamTest-15-03-16-10.00.52/TestInputUser/Alice
三月 16, 2015 10:00:52 上午 org.ccnx.ccn.impl.CCNNetworkManager <init>
警告: NetworkManager 4: Non-standard CCN agent port 63000 per property ccn.agent.port
三月 16, 2015 10:00:52 上午 org.ccnx.ccn.impl.CCNNetworkManager <init>
信息: NetworkManager 4: Contacting CCN agent at localhost:63000
三月 16, 2015 10:00:52 上午 org.ccnx.ccn.impl.CCNNetworkChannel <init>
信息: NetworkChannel 4: Starting up CCNNetworkChannel using TCP.
三月 16, 2015 10:00:52 上午 org.ccnx.ccn.impl.CCNNetworkChannel open
信息: NetworkChannel 4: open()
三月 16, 2015 10:00:52 上午 org.ccnx.ccn.impl.CCNNetworkChannel open
信息: NetworkChannel 4: Contacting CCN agent at localhost:63000 on local port 49901
三月 16, 2015 10:00:52 上午 org.ccnx.ccn.CCNHandle <init>
信息: CCNHandle 4: Handle is now open
三月 16, 2015 10:00:52 上午 org.ccnx.ccn.impl.CCNNetworkManager run
信息: NetworkManager 4: CCNNetworkManager processing thread started for port: 63000
三月 16, 2015 10:00:58 上午 org.ccnx.ccn.profiles.VersioningProfile getLatestVersion
信息: getFirstBlockOfLatestVersion: no block available for later version of /ccnx.org/test/CCNInputStreamTest-15-03-16-10.00.52/TestInputUser/Alice
三月 16, 2015 10:00:58 上午 org.ccnx.ccn.impl.security.keys.NetworkKeyManager loadKeyStore
信息: Creating new CCN key store.../ccnx.org/test/CCNInputStreamTest-15-03-16-10.00.52/TestInputUser/Alice
三月 16, 2015 10:00:58 上午 org.ccnx.ccn.impl.CCNFlowControl <init>
信息: adding namespace: /ccnx.org/test/CCNInputStreamTest-15-03-16-10.00.52/TestInputUser/Alice
三月 16, 2015 10:00:58 上午 org.ccnx.ccn.impl.security.keys.BasicKeyManager getKeyLocator
信息: getKeyLocator: returning locator NAME: /ccnx.org/Users/cb/Keys/%C1.M.K%00K=B082A16E5382FBAAA09FBE303E24E042E37E88C290E054292521DECA236523/=FD055059931000 KEY:itggagmsks2vela17tu60v29o22sdv8hgkgs1a2i991rr526p93 for key S7CCoW5TgvuqoJ++MD4k4ELjfojCkOBUKSUh3sojZSM=
三月 16, 2015 10:00:58 上午 org.ccnx.ccn.io.CCNAbstractOutputStream <init>
信息: CCNAbstractOutputStream: /ccnx.org/test/CCNInputStreamTest-15-03-16-10.00.52/TestInputUser/Alice/=FD05506395AFA2 blocksize is 4096
三月 16, 2015 10:00:58 上午 org.ccnx.ccn.io.CCNAbstractOutputStream startWrite
信息: CCNAbstractOutputStream: startWrite -- searching for keys.
三月 16, 2015 10:00:58 上午 org.ccnx.ccn.profiles.security.access.AccessControlManager keysForOutput
信息: keysForOutput: found an acm: (null)
三月 16, 2015 10:00:59 上午 org.ccnx.ccn.io.CCNOutputStream flushToNetwork
信息: flush: outputting to the segmenter, baseName /ccnx.org/test/CCNInputStreamTest-15-03-16-10.00.52/TestInputUser/Alice/=FD05506395AFA2 basenameindex =00; 1672 bytes written, holding back 1672 flushing final blocks? false.
三月 16, 2015 10:00:59 上午 org.ccnx.ccn.io.CCNOutputStream flushToNetwork
信息: HEADER: CCNOutputStream: flushToNetwork: new _baseNameIndex 0
三月 16, 2015 10:00:59 上午 org.ccnx.ccn.io.CCNOutputStream flushToNetwork
信息: flush: outputting to the segmenter, baseName /ccnx.org/test/CCNInputStreamTest-15-03-16-10.00.52/TestInputUser/Alice/=FD05506395AFA2 basenameindex =00; 1672 bytes written, holding back 0 flushing final blocks? true.
三月 16, 2015 10:00:59 上午 org.ccnx.ccn.io.CCNOutputStream flushToNetwork
信息: HEADER: CCNOutputStream: flushToNetwork: new _baseNameIndex 1
三月 16, 2015 10:00:59 上午 org.ccnx.ccn.io.CCNOutputStream close
信息: CCNOutputStream close: /ccnx.org/test/CCNInputStreamTest-15-03-16-10.00.52/TestInputUser/Alice/=FD05506395AFA2
三月 16, 2015 10:00:59 上午 org.ccnx.ccn.impl.security.keys.BasicKeyManager loadValuesFromKeystore
信息: Loading key store ccnx:/ccnx.org/test/CCNInputStreamTest-15-03-16-10.00.52/TestInputUser/Alice version 2015-03-16 10:00:58.977050781 version component =FD05506395AFA2 millis 1426471258977
三月 16, 2015 10:00:59 上午 org.ccnx.ccn.impl.security.keys.BasicKeyManager loadValuesFromKeystore
信息: Default key ID for user Alice: KtYJos0fIzymKIro2VBSjne90dEpgGVNKbn5dvNxLsc=
三月 16, 2015 10:00:59 上午 org.ccnx.ccn.impl.security.keys.SecureKeyCache loadKeyStore
信息: KeyCache: loading signing key KtYJos0fIzymKIro2VBSjne90dEpgGVNKbn5dvNxLsc=, remembering public key in public key cache.
三月 16, 2015 10:00:59 上午 org.ccnx.ccn.impl.security.keys.SecureKeyCache addMySigningKey
信息: SecureKeyCache: adding my private key 2ad609a2cd1f233ca6288ae8d950528e77bdd1d12980654d29b9f976f3712ec7
三月 16, 2015 10:00:59 上午 org.ccnx.ccn.impl.security.keys.BasicKeyManager loadValuesFromConfiguration
信息: Not loading key manager configuration data in response to user configuration variable.
三月 16, 2015 10:00:59 上午 org.ccnx.ccn.impl.security.keys.PublicKeyCache getPublicKey
信息: Repository looking up a key that is contained in the locator...
三月 16, 2015 10:00:59 上午 org.ccnx.ccn.impl.CCNFlowControl addNameSpace
信息: Flow controller addNameSpace: added namespace: /ccnx.org/Users/Alice/Keys/%C1.M.K=002AD609A2CD1F233CA6288AE8D950528E77BDD1D12980654D29B9F976F3712EC7/=FD05506395AFA2
三月 16, 2015 10:00:59 上午 org.ccnx.ccn.impl.security.keys.BasicKeyManager getKeyLocator
信息: getKeyLocator: returning locator KEY: KtYJos0fIzymKIro2VBSjne90dEpgGVNKbn5dvNxLsc= for key KtYJos0fIzymKIro2VBSjne90dEpgGVNKbn5dvNxLsc=
三月 16, 2015 10:00:59 上午 org.ccnx.ccn.KeyManager publishKey
信息: publishKey: key not previously published, making new key object /ccnx.org/Users/Alice/Keys/%C1.M.K=002AD609A2CD1F233CA6288AE8D950528E77BDD1D12980654D29B9F976F3712EC7 with version 2015-03-16 10:00:58.977050781 displayed as =FD05506395AFA2
三月 16, 2015 10:00:59 上午 org.ccnx.ccn.io.CCNAbstractOutputStream <init>
信息: CCNAbstractOutputStream: /ccnx.org/Users/Alice/Keys/%C1.M.K=002AD609A2CD1F233CA6288AE8D950528E77BDD1D12980654D29B9F976F3712EC7/=FD05506395AFA2 blocksize is 4096
三月 16, 2015 10:00:59 上午 org.ccnx.ccn.io.CCNAbstractOutputStream startWrite
信息: CCNAbstractOutputStream: startWrite -- searching for keys.
三月 16, 2015 10:00:59 上午 org.ccnx.ccn.profiles.security.access.AccessControlManager keysForOutput
信息: keysForOutput: found an acm: (null)
三月 16, 2015 10:00:59 上午 org.ccnx.ccn.io.CCNOutputStream flushToNetwork
信息: flush: outputting to the segmenter, baseName /ccnx.org/Users/Alice/Keys/%C1.M.K=002AD609A2CD1F233CA6288AE8D950528E77BDD1D12980654D29B9F976F3712EC7/=FD05506395AFA2 basenameindex =00; 162 bytes written, holding back 162 flushing final blocks? false.
三月 16, 2015 10:00:59 上午 org.ccnx.ccn.io.CCNOutputStream flushToNetwork
信息: HEADER: CCNOutputStream: flushToNetwork: new _baseNameIndex 0
三月 16, 2015 10:00:59 上午 org.ccnx.ccn.io.CCNOutputStream flushToNetwork
信息: flush: outputting to the segmenter, baseName /ccnx.org/Users/Alice/Keys/%C1.M.K=002AD609A2CD1F233CA6288AE8D950528E77BDD1D12980654D29B9F976F3712EC7/=FD05506395AFA2 basenameindex =00; 162 bytes written, holding back 0 flushing final blocks? true.
三月 16, 2015 10:00:59 上午 org.ccnx.ccn.io.CCNOutputStream flushToNetwork
信息: HEADER: CCNOutputStream: flushToNetwork: new _baseNameIndex 1
三月 16, 2015 10:00:59 上午 org.ccnx.ccn.io.CCNOutputStream close
信息: CCNOutputStream close: /ccnx.org/Users/Alice/Keys/%C1.M.K=002AD609A2CD1F233CA6288AE8D950528E77BDD1D12980654D29B9F976F3712EC7/=FD05506395AFA2
三月 16, 2015 10:00:59 上午 org.ccnx.ccn.KeyManager publishKey
信息: Published key RSA Public Key
            modulus: c1671250be1bda0fed62e92a5b4b466b761ea02aafc8f618f50832b18d21079c2bc549d279269a651ece322d08a3c99860211eda0b397cbc3a38e07534f8632e1248c3b2e3fa095bc5e9c11964b6b9c2216f20da069c116c42c0d5a8df01fc33a1f0566763dad97e290c393b1f55955a4fbcc56903e2e6ec8d2c0759d7733165
    public exponent: 10001
 to name /ccnx.org/Users/Alice/Keys/%C1.M.K=002AD609A2CD1F233CA6288AE8D950528E77BDD1D12980654D29B9F976F3712EC7/=FD05506395AFA2 with key locator NAME: /ccnx.org/Users/Alice/Keys/%C1.M.K=002AD609A2CD1F233CA6288AE8D950528E77BDD1D12980654D29B9F976F3712EC7/=FD05506395AFA2 KEY:amm16hcq7p37ij2h2n8r58553jnnn8t2ac0cl6ijefperpn2bm7; ephemeral digest =ADC7EB0990BF4B3B55D60F2342E0508184EC473F2CE6E9757238D168E8710F7B.
三月 16, 2015 10:00:59 上午 org.ccnx.ccn.impl.security.keys.BasicKeyManager publishKey
信息: publishKey: published key KtYJos0fIzymKIro2VBSjne90dEpgGVNKbn5dvNxLsc=
 under specified key name /ccnx.org/Users/Alice/Keys/%C1.M.K=002AD609A2CD1F233CA6288AE8D950528E77BDD1D12980654D29B9F976F3712EC7/=FD05506395AFA2
 key locator: NAME: /ccnx.org/Users/Alice/Keys/%C1.M.K=002AD609A2CD1F233CA6288AE8D950528E77BDD1D12980654D29B9F976F3712EC7/=FD05506395AFA2 KEY:amm16hcq7p37ij2h2n8r58553jnnn8t2ac0cl6ijefperpn2bm7
三月 16, 2015 10:00:59 上午 org.ccnx.ccn.impl.security.keys.BasicKeyManager publishKey
信息: publishKey: storing key locator KtYJos0fIzymKIro2VBSjne90dEpgGVNKbn5dvNxLsc= for key NAME: /ccnx.org/Users/Alice/Keys/%C1.M.K=002AD609A2CD1F233CA6288AE8D950528E77BDD1D12980654D29B9F976F3712EC7/=FD05506395AFA2 KEY:amm16hcq7p37ij2h2n8r58553jnnn8t2ac0cl6ijefperpn2bm7
三月 16, 2015 10:00:59 上午 org.ccnx.ccn.utils.CreateUserData <init>
信息: Loading user: Bob from /ccnx.org/test/CCNInputStreamTest-15-03-16-10.00.52/TestInputUser/Bob
三月 16, 2015 10:00:59 上午 org.ccnx.ccn.impl.CCNNetworkManager <init>
警告: NetworkManager 5: Non-standard CCN agent port 63000 per property ccn.agent.port
三月 16, 2015 10:00:59 上午 org.ccnx.ccn.impl.CCNNetworkManager <init>
信息: NetworkManager 5: Contacting CCN agent at localhost:63000
三月 16, 2015 10:00:59 上午 org.ccnx.ccn.impl.CCNNetworkChannel <init>
信息: NetworkChannel 5: Starting up CCNNetworkChannel using TCP.
三月 16, 2015 10:00:59 上午 org.ccnx.ccn.impl.CCNNetworkChannel open
信息: NetworkChannel 5: open()
三月 16, 2015 10:00:59 上午 org.ccnx.ccn.impl.CCNNetworkChannel open
信息: NetworkChannel 5: Contacting CCN agent at localhost:63000 on local port 49902
三月 16, 2015 10:00:59 上午 org.ccnx.ccn.CCNHandle <init>
信息: CCNHandle 5: Handle is now open
三月 16, 2015 10:00:59 上午 org.ccnx.ccn.impl.CCNNetworkManager run
信息: NetworkManager 5: CCNNetworkManager processing thread started for port: 63000
三月 16, 2015 10:01:05 上午 org.ccnx.ccn.profiles.VersioningProfile getLatestVersion
信息: getFirstBlockOfLatestVersion: no block available for later version of /ccnx.org/test/CCNInputStreamTest-15-03-16-10.00.52/TestInputUser/Bob
三月 16, 2015 10:01:05 上午 org.ccnx.ccn.impl.security.keys.NetworkKeyManager loadKeyStore
信息: Creating new CCN key store.../ccnx.org/test/CCNInputStreamTest-15-03-16-10.00.52/TestInputUser/Bob
三月 16, 2015 10:01:05 上午 org.ccnx.ccn.impl.CCNFlowControl <init>
信息: adding namespace: /ccnx.org/test/CCNInputStreamTest-15-03-16-10.00.52/TestInputUser/Bob
三月 16, 2015 10:01:05 上午 org.ccnx.ccn.impl.security.keys.BasicKeyManager getKeyLocator
信息: getKeyLocator: returning locator NAME: /ccnx.org/Users/cb/Keys/%C1.M.K%00K=B082A16E5382FBAAA09FBE303E24E042E37E88C290E054292521DECA236523/=FD055059931000 KEY:itggagmsks2vela17tu60v29o22sdv8hgkgs1a2i991rr526p93 for key S7CCoW5TgvuqoJ++MD4k4ELjfojCkOBUKSUh3sojZSM=
三月 16, 2015 10:01:05 上午 org.ccnx.ccn.io.CCNAbstractOutputStream <init>
信息: CCNAbstractOutputStream: /ccnx.org/test/CCNInputStreamTest-15-03-16-10.00.52/TestInputUser/Bob/=FD0550639614FA blocksize is 4096
三月 16, 2015 10:01:05 上午 org.ccnx.ccn.io.CCNAbstractOutputStream startWrite
信息: CCNAbstractOutputStream: startWrite -- searching for keys.
三月 16, 2015 10:01:05 上午 org.ccnx.ccn.profiles.security.access.AccessControlManager keysForOutput
信息: keysForOutput: found an acm: (null)
三月 16, 2015 10:01:05 上午 org.ccnx.ccn.io.CCNOutputStream flushToNetwork
信息: flush: outputting to the segmenter, baseName /ccnx.org/test/CCNInputStreamTest-15-03-16-10.00.52/TestInputUser/Bob/=FD0550639614FA basenameindex =00; 1672 bytes written, holding back 1672 flushing final blocks? false.
三月 16, 2015 10:01:05 上午 org.ccnx.ccn.io.CCNOutputStream flushToNetwork
信息: HEADER: CCNOutputStream: flushToNetwork: new _baseNameIndex 0
三月 16, 2015 10:01:05 上午 org.ccnx.ccn.io.CCNOutputStream flushToNetwork
信息: flush: outputting to the segmenter, baseName /ccnx.org/test/CCNInputStreamTest-15-03-16-10.00.52/TestInputUser/Bob/=FD0550639614FA basenameindex =00; 1672 bytes written, holding back 0 flushing final blocks? true.
三月 16, 2015 10:01:05 上午 org.ccnx.ccn.io.CCNOutputStream flushToNetwork
信息: HEADER: CCNOutputStream: flushToNetwork: new _baseNameIndex 1
三月 16, 2015 10:01:05 上午 org.ccnx.ccn.io.CCNOutputStream close
信息: CCNOutputStream close: /ccnx.org/test/CCNInputStreamTest-15-03-16-10.00.52/TestInputUser/Bob/=FD0550639614FA
三月 16, 2015 10:01:05 上午 org.ccnx.ccn.impl.security.keys.BasicKeyManager loadValuesFromKeystore
信息: Loading key store ccnx:/ccnx.org/test/CCNInputStreamTest-15-03-16-10.00.52/TestInputUser/Bob version 2015-03-16 10:01:05.311035156 version component =FD0550639614FA millis 1426471265311
三月 16, 2015 10:01:05 上午 org.ccnx.ccn.impl.security.keys.BasicKeyManager loadValuesFromKeystore
信息: Default key ID for user Bob: p2RgZjijikwrz0SVJxXe97iByOR4lgEy2txFCZG34vQ=
三月 16, 2015 10:01:05 上午 org.ccnx.ccn.impl.security.keys.SecureKeyCache loadKeyStore
信息: KeyCache: loading signing key p2RgZjijikwrz0SVJxXe97iByOR4lgEy2txFCZG34vQ=, remembering public key in public key cache.
三月 16, 2015 10:01:05 上午 org.ccnx.ccn.impl.security.keys.SecureKeyCache addMySigningKey
信息: SecureKeyCache: adding my private key a764606638a38a4c2bcf44952715def7b881c8e478960132dadc450991b7e2f4
三月 16, 2015 10:01:05 上午 org.ccnx.ccn.impl.security.keys.BasicKeyManager loadValuesFromConfiguration
信息: Not loading key manager configuration data in response to user configuration variable.
三月 16, 2015 10:01:05 上午 org.ccnx.ccn.impl.security.keys.PublicKeyCache getPublicKey
信息: Repository looking up a key that is contained in the locator...
三月 16, 2015 10:01:05 上午 org.ccnx.ccn.impl.CCNFlowControl addNameSpace
信息: Flow controller addNameSpace: added namespace: /ccnx.org/Users/Bob/Keys/%C1.M.K=00A764606638A38A4C2BCF44952715DEF7B881C8E478960132DADC450991B7E2F4/=FD0550639614FA
三月 16, 2015 10:01:05 上午 org.ccnx.ccn.impl.security.keys.BasicKeyManager getKeyLocator
信息: getKeyLocator: returning locator KEY: p2RgZjijikwrz0SVJxXe97iByOR4lgEy2txFCZG34vQ= for key p2RgZjijikwrz0SVJxXe97iByOR4lgEy2txFCZG34vQ=
三月 16, 2015 10:01:05 上午 org.ccnx.ccn.KeyManager publishKey
信息: publishKey: key not previously published, making new key object /ccnx.org/Users/Bob/Keys/%C1.M.K=00A764606638A38A4C2BCF44952715DEF7B881C8E478960132DADC450991B7E2F4 with version 2015-03-16 10:01:05.311035156 displayed as =FD0550639614FA
三月 16, 2015 10:01:05 上午 org.ccnx.ccn.io.CCNAbstractOutputStream <init>
信息: CCNAbstractOutputStream: /ccnx.org/Users/Bob/Keys/%C1.M.K=00A764606638A38A4C2BCF44952715DEF7B881C8E478960132DADC450991B7E2F4/=FD0550639614FA blocksize is 4096
三月 16, 2015 10:01:05 上午 org.ccnx.ccn.io.CCNAbstractOutputStream startWrite
信息: CCNAbstractOutputStream: startWrite -- searching for keys.
三月 16, 2015 10:01:05 上午 org.ccnx.ccn.profiles.security.access.AccessControlManager keysForOutput
信息: keysForOutput: found an acm: (null)
三月 16, 2015 10:01:05 上午 org.ccnx.ccn.io.CCNOutputStream flushToNetwork
信息: flush: outputting to the segmenter, baseName /ccnx.org/Users/Bob/Keys/%C1.M.K=00A764606638A38A4C2BCF44952715DEF7B881C8E478960132DADC450991B7E2F4/=FD0550639614FA basenameindex =00; 162 bytes written, holding back 162 flushing final blocks? false.
三月 16, 2015 10:01:05 上午 org.ccnx.ccn.io.CCNOutputStream flushToNetwork
信息: HEADER: CCNOutputStream: flushToNetwork: new _baseNameIndex 0
三月 16, 2015 10:01:05 上午 org.ccnx.ccn.io.CCNOutputStream flushToNetwork
信息: flush: outputting to the segmenter, baseName /ccnx.org/Users/Bob/Keys/%C1.M.K=00A764606638A38A4C2BCF44952715DEF7B881C8E478960132DADC450991B7E2F4/=FD0550639614FA basenameindex =00; 162 bytes written, holding back 0 flushing final blocks? true.
三月 16, 2015 10:01:05 上午 org.ccnx.ccn.io.CCNOutputStream flushToNetwork
信息: HEADER: CCNOutputStream: flushToNetwork: new _baseNameIndex 1
三月 16, 2015 10:01:05 上午 org.ccnx.ccn.io.CCNOutputStream close
信息: CCNOutputStream close: /ccnx.org/Users/Bob/Keys/%C1.M.K=00A764606638A38A4C2BCF44952715DEF7B881C8E478960132DADC450991B7E2F4/=FD0550639614FA
三月 16, 2015 10:01:05 上午 org.ccnx.ccn.KeyManager publishKey
信息: Published key RSA Public Key
            modulus: 800ca61ee3393ec19e45421bb625cb9b58ac8856504d614b9b183dc3375a501e02caefb09b0895aa442067c62f2040aac069ccddc90cd754bba3ec76df905bbd6774be265e95e4e9711548af80c0dc5e32259966d05fbd7581cb4d71480186989a1f003bf915c6be7ba91b280b79a8bd54f61b484a6d0ad82687cf68146a7b43
    public exponent: 10001
 to name /ccnx.org/Users/Bob/Keys/%C1.M.K=00A764606638A38A4C2BCF44952715DEF7B881C8E478960132DADC450991B7E2F4/=FD0550639614FA with key locator NAME: /ccnx.org/Users/Bob/Keys/%C1.M.K=00A764606638A38A4C2BCF44952715DEF7B881C8E478960132DADC450991B7E2F4/=FD0550639614FA KEY:-m4rjucsen3lmfa31erar3l22227forhn1r9vr6ia8tqupn4g78c; ephemeral digest %5Cn%F11=C3090E0359AF9D7C6E8A0E3864C86F4A563C4190314E298F50FE0C8C.
三月 16, 2015 10:01:05 上午 org.ccnx.ccn.impl.security.keys.BasicKeyManager publishKey
信息: publishKey: published key p2RgZjijikwrz0SVJxXe97iByOR4lgEy2txFCZG34vQ=
 under specified key name /ccnx.org/Users/Bob/Keys/%C1.M.K=00A764606638A38A4C2BCF44952715DEF7B881C8E478960132DADC450991B7E2F4/=FD0550639614FA
 key locator: NAME: /ccnx.org/Users/Bob/Keys/%C1.M.K=00A764606638A38A4C2BCF44952715DEF7B881C8E478960132DADC450991B7E2F4/=FD0550639614FA KEY:-m4rjucsen3lmfa31erar3l22227forhn1r9vr6ia8tqupn4g78c
三月 16, 2015 10:01:05 上午 org.ccnx.ccn.impl.security.keys.BasicKeyManager publishKey
信息: publishKey: storing key locator p2RgZjijikwrz0SVJxXe97iByOR4lgEy2txFCZG34vQ= for key NAME: /ccnx.org/Users/Bob/Keys/%C1.M.K=00A764606638A38A4C2BCF44952715DEF7B881C8E478960132DADC450991B7E2F4/=FD0550639614FA KEY:-m4rjucsen3lmfa31erar3l22227forhn1r9vr6ia8tqupn4g78c
三月 16, 2015 10:01:05 上午 org.ccnx.ccn.io.CCNAbstractInputStream <init>
信息: CCNAbstractInputStream: /ccnx.org/test/CCNInputStreamTest-15-03-16-10.00.52/testKeyRetrieval/=FD055063954F2F segment 0
三月 16, 2015 10:01:05 上午 org.ccnx.ccn.impl.CCNFlowControl <init>
信息: adding namespace: /ccnx.org/test/CCNInputStreamTest-15-03-16-10.00.52/testKeyRetrieval/=FD055063954F2F
三月 16, 2015 10:01:05 上午 org.ccnx.ccn.impl.CCNNetworkManager run
信息: NetworkManager 2: CCNNetworkManager processing thread started for port: 63000
三月 16, 2015 10:01:05 上午 org.ccnx.ccn.impl.security.keys.BasicKeyManager getKeyLocator
信息: getKeyLocator: returning locator NAME: /ccnx.org/Users/cb/Keys/%C1.M.K%00K=B082A16E5382FBAAA09FBE303E24E042E37E88C290E054292521DECA236523/=FD055059931000 KEY:itggagmsks2vela17tu60v29o22sdv8hgkgs1a2i991rr526p93 for key S7CCoW5TgvuqoJ++MD4k4ELjfojCkOBUKSUh3sojZSM=
三月 16, 2015 10:01:05 上午 org.ccnx.ccn.io.CCNAbstractOutputStream <init>
信息: CCNAbstractOutputStream: /ccnx.org/test/CCNInputStreamTest-15-03-16-10.00.52/testKeyRetrieval/=FD055063954F2F blocksize is 4096
三月 16, 2015 10:01:05 上午 org.ccnx.ccn.io.CCNAbstractOutputStream startWrite
信息: CCNAbstractOutputStream: startWrite -- searching for keys.
三月 16, 2015 10:01:05 上午 org.ccnx.ccn.profiles.security.access.AccessControlManager keysForOutput
信息: keysForOutput: found an acm: (null)
三月 16, 2015 10:01:05 上午 org.ccnx.ccn.io.CCNOutputStream writeToNetwork
信息: Adding namespace in writeToNetwork. Namespace: /ccnx.org/test/CCNInputStreamTest-15-03-16-10.00.52/testKeyRetrieval/=FD055063954F2F
三月 16, 2015 10:01:05 上午 org.ccnx.ccn.impl.CCNFlowControl addNameSpace
信息: addNameSpace: not adding name: /ccnx.org/test/CCNInputStreamTest-15-03-16-10.00.52/testKeyRetrieval/=FD055063954F2F already monitoring prefix: /ccnx.org/test/CCNInputStreamTest-15-03-16-10.00.52/testKeyRetrieval/=FD055063954F2F
三月 16, 2015 10:01:05 上午 org.ccnx.ccn.io.CCNOutputStream flushToNetwork
信息: flush: outputting to the segmenter, baseName /ccnx.org/test/CCNInputStreamTest-15-03-16-10.00.52/testKeyRetrieval/=FD055063954F2F basenameindex =0004; 0 bytes written, holding back 0 flushing final blocks? true.
三月 16, 2015 10:01:05 上午 org.ccnx.ccn.impl.CCNSegmenter outputCurrentBlocks
信息: flush: putting merkle tree to the network, name starts with /ccnx.org/test/CCNInputStreamTest-15-03-16-10.00.52/testKeyRetrieval/=FD055063954F2F/=00; 5 blocks
三月 16, 2015 10:01:05 上午 org.ccnx.ccn.impl.security.crypto.CCNMerkleTreeSigner signBlocks
信息: Signed tree of 5 leaves, 9 nodes.
三月 16, 2015 10:01:05 上午 org.ccnx.ccn.io.CCNOutputStream flushToNetwork
信息: HEADER: CCNOutputStream: flushToNetwork: new _baseNameIndex 5
三月 16, 2015 10:01:05 上午 org.ccnx.ccn.impl.security.keys.PublicKeyCache getPublicKeyObject
信息: Retrieved key S7CCoW5TgvuqoJ++MD4k4ELjfojCkOBUKSUh3sojZSM= using locator NAME: /ccnx.org/Users/cb/Keys/%C1.M.K%00K=B082A16E5382FBAAA09FBE303E24E042E37E88C290E054292521DECA236523/=FD055059931000 KEY:itggagmsks2vela17tu60v29o22sdv8hgkgs1a2i991rr526p93.
三月 16, 2015 10:01:05 上午 org.ccnx.ccn.impl.security.keys.PublicKeyCache getPublicKeyObject
信息: Retrieved key S7CCoW5TgvuqoJ++MD4k4ELjfojCkOBUKSUh3sojZSM= using locator NAME: /ccnx.org/Users/cb/Keys/%C1.M.K%00K=B082A16E5382FBAAA09FBE303E24E042E37E88C290E054292521DECA236523/=FD055059931000 KEY:itggagmsks2vela17tu60v29o22sdv8hgkgs1a2i991rr526p93 - got /ccnx.org/Users/cb/Keys/%C1.M.K%00K=B082A16E5382FBAAA09FBE303E24E042E37E88C290E054292521DECA236523/=FD055059931000/=00
三月 16, 2015 10:01:05 上午 org.ccnx.ccn.io.CCNAbstractInputStream <init>
信息: CCNAbstractInputStream: /ccnx.org/Users/cb/Keys/%C1.M.K%00K=B082A16E5382FBAAA09FBE303E24E042E37E88C290E054292521DECA236523/=FD055059931000 segment 0
三月 16, 2015 10:01:05 上午 org.ccnx.ccn.impl.security.keys.PublicKeyCache getPublicKeyObject
信息: Retrieved public key using name: /ccnx.org/Users/cb/Keys/%C1.M.K%00K=B082A16E5382FBAAA09FBE303E24E042E37E88C290E054292521DECA236523/=FD055059931000
三月 16, 2015 10:01:05 上午 org.ccnx.ccn.impl.security.keys.PublicKeyCache getPublicKey
信息: Retrieved key S7CCoW5TgvuqoJ++MD4k4ELjfojCkOBUKSUh3sojZSM= from network with locator NAME: /ccnx.org/Users/cb/Keys/%C1.M.K%00K=B082A16E5382FBAAA09FBE303E24E042E37E88C290E054292521DECA236523/=FD055059931000 KEY:itggagmsks2vela17tu60v29o22sdv8hgkgs1a2i991rr526p93!
三月 16, 2015 10:01:05 上午 org.ccnx.ccn.io.CCNOutputStream close
信息: CCNOutputStream close: /ccnx.org/test/CCNInputStreamTest-15-03-16-10.00.52/testKeyRetrieval/=FD055063954F2F
三月 16, 2015 10:01:05 上午 org.ccnx.ccn.io.CCNAbstractInputStream close
信息: CCNAbstractInputStream: close /ccnx.org/test/CCNInputStreamTest-15-03-16-10.00.52/testKeyRetrieval/=FD055063954F2F:  shutting down pipelining
三月 16, 2015 10:01:05 上午 org.ccnx.ccn.io.CCNInputStreamTest testKeyRetrieval
信息: Completed testKeyRetrieval
三月 16, 2015 10:01:05 上午 org.ccnx.ccn.io.CCNInputStreamTest testBlocking
信息: Started testBlocking
三月 16, 2015 10:01:05 上午 org.ccnx.ccn.io.CCNAbstractInputStream <init>
信息: CCNAbstractInputStream: /ccnx.org/test/CCNInputStreamTest-15-03-16-10.00.52/testInput%2Fblocking segment 0
三月 16, 2015 10:01:05 上午 org.ccnx.ccn.impl.CCNNetworkManager run
信息: NetworkManager 3: CCNNetworkManager processing thread started for port: 63000
三月 16, 2015 10:01:17 上午 org.ccnx.ccn.impl.CCNFlowControl <init>
信息: adding namespace: /ccnx.org/test/CCNInputStreamTest-15-03-16-10.00.52/testInput%2Fblocking
三月 16, 2015 10:01:17 上午 org.ccnx.ccn.impl.security.keys.BasicKeyManager getKeyLocator
信息: getKeyLocator: returning locator NAME: /ccnx.org/Users/cb/Keys/%C1.M.K%00K=B082A16E5382FBAAA09FBE303E24E042E37E88C290E054292521DECA236523/=FD055059931000 KEY:itggagmsks2vela17tu60v29o22sdv8hgkgs1a2i991rr526p93 for key S7CCoW5TgvuqoJ++MD4k4ELjfojCkOBUKSUh3sojZSM=
三月 16, 2015 10:01:17 上午 org.ccnx.ccn.io.CCNAbstractOutputStream <init>
信息: CCNAbstractOutputStream: /ccnx.org/test/CCNInputStreamTest-15-03-16-10.00.52/testInput%2Fblocking blocksize is 4096
三月 16, 2015 10:01:17 上午 org.ccnx.ccn.io.CCNAbstractOutputStream startWrite
信息: CCNAbstractOutputStream: startWrite -- searching for keys.
三月 16, 2015 10:01:17 上午 org.ccnx.ccn.profiles.security.access.AccessControlManager keysForOutput
信息: keysForOutput: found an acm: (null)
三月 16, 2015 10:01:17 上午 org.ccnx.ccn.io.CCNOutputStream writeToNetwork
信息: Adding namespace in writeToNetwork. Namespace: /ccnx.org/test/CCNInputStreamTest-15-03-16-10.00.52/testInput%2Fblocking
三月 16, 2015 10:01:17 上午 org.ccnx.ccn.impl.CCNFlowControl addNameSpace
信息: addNameSpace: not adding name: /ccnx.org/test/CCNInputStreamTest-15-03-16-10.00.52/testInput%2Fblocking already monitoring prefix: /ccnx.org/test/CCNInputStreamTest-15-03-16-10.00.52/testInput%2Fblocking
三月 16, 2015 10:01:17 上午 org.ccnx.ccn.io.CCNOutputStream flushToNetwork
信息: flush: outputting to the segmenter, baseName /ccnx.org/test/CCNInputStreamTest-15-03-16-10.00.52/testInput%2Fblocking basenameindex =0004; 0 bytes written, holding back 0 flushing final blocks? true.
三月 16, 2015 10:01:17 上午 org.ccnx.ccn.impl.CCNSegmenter outputCurrentBlocks
信息: flush: putting merkle tree to the network, name starts with /ccnx.org/test/CCNInputStreamTest-15-03-16-10.00.52/testInput%2Fblocking/=00; 5 blocks
三月 16, 2015 10:01:17 上午 org.ccnx.ccn.impl.security.crypto.CCNMerkleTreeSigner signBlocks
信息: Signed tree of 5 leaves, 9 nodes.
三月 16, 2015 10:01:17 上午 org.ccnx.ccn.io.CCNOutputStream flushToNetwork
信息: HEADER: CCNOutputStream: flushToNetwork: new _baseNameIndex 5
三月 16, 2015 10:01:17 上午 org.ccnx.ccn.io.CCNOutputStream close
信息: CCNOutputStream close: /ccnx.org/test/CCNInputStreamTest-15-03-16-10.00.52/testInput%2Fblocking
三月 16, 2015 10:01:17 上午 org.ccnx.ccn.io.CCNAbstractInputStream close
信息: CCNAbstractInputStream: close /ccnx.org/test/CCNInputStreamTest-15-03-16-10.00.52/testInput%2Fblocking:  shutting down pipelining
三月 16, 2015 10:01:17 上午 org.ccnx.ccn.io.CCNInputStreamTest testBlocking
信息: Completed testBlocking
三月 16, 2015 10:01:17 上午 org.ccnx.ccn.io.CCNInputStreamTest testBlockAfterFirstSegment
信息: Started testBlockAfterFirstSegment
三月 16, 2015 10:01:17 上午 org.ccnx.ccn.io.CCNAbstractInputStream <init>
信息: CCNAbstractInputStream: /ccnx.org/test/CCNInputStreamTest-15-03-16-10.00.52/testInput%2FblockAfterFirst segment 0
三月 16, 2015 10:01:17 上午 org.ccnx.ccn.impl.CCNFlowControl <init>
信息: adding namespace: /ccnx.org/test/CCNInputStreamTest-15-03-16-10.00.52/testInput%2FblockAfterFirst
三月 16, 2015 10:01:17 上午 org.ccnx.ccn.impl.security.keys.BasicKeyManager getKeyLocator
信息: getKeyLocator: returning locator NAME: /ccnx.org/Users/cb/Keys/%C1.M.K%00K=B082A16E5382FBAAA09FBE303E24E042E37E88C290E054292521DECA236523/=FD055059931000 KEY:itggagmsks2vela17tu60v29o22sdv8hgkgs1a2i991rr526p93 for key S7CCoW5TgvuqoJ++MD4k4ELjfojCkOBUKSUh3sojZSM=
三月 16, 2015 10:01:17 上午 org.ccnx.ccn.io.CCNAbstractOutputStream <init>
信息: CCNAbstractOutputStream: /ccnx.org/test/CCNInputStreamTest-15-03-16-10.00.52/testInput%2FblockAfterFirst blocksize is 4096
三月 16, 2015 10:01:17 上午 org.ccnx.ccn.io.CCNAbstractOutputStream startWrite
信息: CCNAbstractOutputStream: startWrite -- searching for keys.
三月 16, 2015 10:01:17 上午 org.ccnx.ccn.profiles.security.access.AccessControlManager keysForOutput
信息: keysForOutput: found an acm: (null)
三月 16, 2015 10:01:17 上午 org.ccnx.ccn.io.CCNOutputStream writeToNetwork
信息: Adding namespace in writeToNetwork. Namespace: /ccnx.org/test/CCNInputStreamTest-15-03-16-10.00.52/testInput%2FblockAfterFirst
三月 16, 2015 10:01:17 上午 org.ccnx.ccn.impl.CCNFlowControl addNameSpace
信息: addNameSpace: not adding name: /ccnx.org/test/CCNInputStreamTest-15-03-16-10.00.52/testInput%2FblockAfterFirst already monitoring prefix: /ccnx.org/test/CCNInputStreamTest-15-03-16-10.00.52/testInput%2FblockAfterFirst
三月 16, 2015 10:01:17 上午 org.ccnx.ccn.io.CCNOutputStream flushToNetwork
信息: flush: outputting to the segmenter, baseName /ccnx.org/test/CCNInputStreamTest-15-03-16-10.00.52/testInput%2FblockAfterFirst basenameindex =0004; 0 bytes written, holding back 0 flushing final blocks? false.
三月 16, 2015 10:01:17 上午 org.ccnx.ccn.impl.CCNSegmenter outputCurrentBlocks
信息: flush: putting merkle tree to the network, name starts with /ccnx.org/test/CCNInputStreamTest-15-03-16-10.00.52/testInput%2FblockAfterFirst/=00; 4 blocks
三月 16, 2015 10:01:17 上午 org.ccnx.ccn.impl.security.crypto.CCNMerkleTreeSigner signBlocks
信息: Signed tree of 4 leaves, 7 nodes.
三月 16, 2015 10:01:17 上午 org.ccnx.ccn.io.CCNOutputStream flushToNetwork
信息: HEADER: CCNOutputStream: flushToNetwork: new _baseNameIndex 4
三月 16, 2015 10:01:21 上午 org.ccnx.ccn.impl.CCNFlowControl removeUnmatchedInterests
信息: Removing unmatched interest /ccnx.org/test/CCNInputStreamTest-15-03-16-10.00.52/testInput%2FblockAfterFirst/=0004
三月 16, 2015 10:01:25 上午 org.ccnx.ccn.impl.CCNFlowControl removeUnmatchedInterests
信息: Removing unmatched interest /ccnx.org/test/CCNInputStreamTest-15-03-16-10.00.52/testInput%2FblockAfterFirst/=0004
三月 16, 2015 10:01:25 上午 org.ccnx.ccn.impl.CCNFlowControl removeUnmatchedInterests
信息: Removing unmatched interest /ccnx.org/test/CCNInputStreamTest-15-03-16-10.00.52/testInput%2FblockAfterFirst/=0005
三月 16, 2015 10:01:29 上午 org.ccnx.ccn.io.CCNOutputStream flushToNetwork
信息: flush: outputting to the segmenter, baseName /ccnx.org/test/CCNInputStreamTest-15-03-16-10.00.52/testInput%2FblockAfterFirst basenameindex =0008; 0 bytes written, holding back 0 flushing final blocks? true.
三月 16, 2015 10:01:29 上午 org.ccnx.ccn.impl.CCNSegmenter outputCurrentBlocks
信息: flush: putting merkle tree to the network, name starts with /ccnx.org/test/CCNInputStreamTest-15-03-16-10.00.52/testInput%2FblockAfterFirst/=0004; 5 blocks
三月 16, 2015 10:01:29 上午 org.ccnx.ccn.impl.security.crypto.CCNMerkleTreeSigner signBlocks
信息: Signed tree of 5 leaves, 9 nodes.
三月 16, 2015 10:01:29 上午 org.ccnx.ccn.io.CCNOutputStream flushToNetwork
信息: HEADER: CCNOutputStream: flushToNetwork: new _baseNameIndex 9
三月 16, 2015 10:01:29 上午 org.ccnx.ccn.io.CCNOutputStream close
信息: CCNOutputStream close: /ccnx.org/test/CCNInputStreamTest-15-03-16-10.00.52/testInput%2FblockAfterFirst
三月 16, 2015 10:01:29 上午 org.ccnx.ccn.io.CCNAbstractInputStream close
信息: CCNAbstractInputStream: close /ccnx.org/test/CCNInputStreamTest-15-03-16-10.00.52/testInput%2FblockAfterFirst:  shutting down pipelining
三月 16, 2015 10:01:29 上午 org.ccnx.ccn.io.CCNInputStreamTest testBlockAfterFirstSegment
信息: Completed testBlockAfterFirstSegment
三月 16, 2015 10:01:29 上午 org.ccnx.ccn.io.CCNInputStreamTest testTimeouts
信息: Started testTimeouts
三月 16, 2015 10:01:29 上午 org.ccnx.ccn.io.CCNAbstractInputStream <init>
信息: CCNAbstractInputStream: /ccnx.org/test/CCNInputStreamTest-15-03-16-10.00.52/testInput%2Ftimeouts segment 0
三月 16, 2015 10:01:38 上午 org.ccnx.ccn.io.CCNAbstractInputStream close
信息: CCNAbstractInputStream: close /ccnx.org/test/CCNInputStreamTest-15-03-16-10.00.52/testInput%2Ftimeouts:  shutting down pipelining
三月 16, 2015 10:01:38 上午 org.ccnx.ccn.io.CCNAbstractInputStream <init>
信息: CCNAbstractInputStream: /ccnx.org/test/CCNInputStreamTest-15-03-16-10.00.52/testInput%2Fno%2Ftimeout segment 0
三月 16, 2015 10:01:50 上午 org.ccnx.ccn.io.CCNAbstractInputStream close
信息: CCNAbstractInputStream: close /ccnx.org/test/CCNInputStreamTest-15-03-16-10.00.52/testInput%2Fno%2Ftimeout:  shutting down pipelining
三月 16, 2015 10:01:50 上午 org.ccnx.ccn.io.CCNInputStreamTest testTimeouts
信息: Completed testTimeouts
三月 16, 2015 10:01:50 上午 org.ccnx.ccn.impl.CCNNetworkManager shutdown
信息: NetworkManager 2: Shutdown requested
三月 16, 2015 10:01:50 上午 org.ccnx.ccn.impl.CCNNetworkManager run
信息: NetworkManager 2: Shutdown complete for port: 63000
三月 16, 2015 10:01:50 上午 org.ccnx.ccn.impl.CCNNetworkChannel close
信息: NetworkChannel 2: close(false)
三月 16, 2015 10:01:50 上午 org.ccnx.ccn.impl.CCNNetworkManager shutdown
信息: NetworkManager 3: Shutdown requested
三月 16, 2015 10:01:50 上午 org.ccnx.ccn.impl.CCNNetworkManager run
信息: NetworkManager 3: Shutdown complete for port: 63000
三月 16, 2015 10:01:50 上午 org.ccnx.ccn.impl.CCNNetworkChannel close
信息: NetworkChannel 3: close(false)
三月 16, 2015 10:01:50 上午 org.ccnx.ccn.impl.CCNNetworkManager shutdown
信息: NetworkManager 1: Shutdown requested
三月 16, 2015 10:01:50 上午 org.ccnx.ccn.impl.CCNNetworkChannel close
信息: NetworkChannel 1: close(false)
三月 16, 2015 10:01:50 上午 org.ccnx.ccn.impl.CCNNetworkManager run
信息: NetworkManager 1: Shutdown complete for port: 63000
三月 16, 2015 10:01:50 上午 org.ccnx.ccn.impl.security.keys.BasicKeyManager saveSecureKeyCache
信息: Not saving key manager secure key cache data in response to user configuration variable.
]]></system-err>
</testsuite>
