<?xml version="1.0" encoding="UTF-8" ?>
<testsuite errors="0" failures="0" hostname="cb-ThinkPad-X240" name="org.ccnx.ccn.AllTests" skipped="0" tests="187" time="67.687" timestamp="2015-03-16T01:50:12">
  <properties>
    <property name="env.DESKTOP_SESSION" value="ubuntu" />
    <property name="env.OLDPWD" value="/home/cb/work/ccnx-0.8.2" />
    <property name="file.encoding.pkg" value="sun.io" />
    <property name="env.SELINUX_INIT" value="YES" />
    <property name="REPO_LOCAL_ROOT" value="repotest" />
    <property name="repozip" value="repotest.zip" />
    <property name="java.home" value="/home/cb/work/java/jdk1.7.0_75/jre" />
    <property name="bcprov-jar" value="/home/cb/work/ccnx-0.8.2/javasrc/lib/bcprov-jdk16-143.jar" />
    <property name="env.GDM_LANG" value="zh_CN" />
    <property name="src.test.dir" value="/home/cb/work/ccnx-0.8.2/javasrc/src/test" />
    <property name="env.DISPLAY" value=":0" />
    <property name="PROTOCOL_KEY" value="ccn.agent.protocol" />
    <property name="env.LS_COLORS" value="rs=0:di=01;34:ln=01;36:mh=00:pi=40;33:so=01;35:do=01;35:bd=40;33;01:cd=40;33;01:or=40;31;01:su=37;41:sg=30;43:ca=30;41:tw=30;42:ow=34;42:st=37;44:ex=01;32:*.tar=01;31:*.tgz=01;31:*.arj=01;31:*.taz=01;31:*.lzh=01;31:*.lzma=01;31:*.tlz=01;31:*.txz=01;31:*.zip=01;31:*.z=01;31:*.Z=01;31:*.dz=01;31:*.gz=01;31:*.lz=01;31:*.xz=01;31:*.bz2=01;31:*.bz=01;31:*.tbz=01;31:*.tbz2=01;31:*.tz=01;31:*.deb=01;31:*.rpm=01;31:*.jar=01;31:*.war=01;31:*.ear=01;31:*.sar=01;31:*.rar=01;31:*.ace=01;31:*.zoo=01;31:*.cpio=01;31:*.7z=01;31:*.rz=01;31:*.jpg=01;35:*.jpeg=01;35:*.gif=01;35:*.bmp=01;35:*.pbm=01;35:*.pgm=01;35:*.ppm=01;35:*.tga=01;35:*.xbm=01;35:*.xpm=01;35:*.tif=01;35:*.tiff=01;35:*.png=01;35:*.svg=01;35:*.svgz=01;35:*.mng=01;35:*.pcx=01;35:*.mov=01;35:*.mpg=01;35:*.mpeg=01;35:*.m2v=01;35:*.mkv=01;35:*.webm=01;35:*.ogm=01;35:*.mp4=01;35:*.m4v=01;35:*.mp4v=01;35:*.vob=01;35:*.qt=01;35:*.nuv=01;35:*.wmv=01;35:*.asf=01;35:*.rm=01;35:*.rmvb=01;35:*.flc=01;35:*.avi=01;35:*.fli=01;35:*.flv=01;35:*.gl=01;35:*.dl=01;35:*.xcf=01;35:*.xwd=01;35:*.yuv=01;35:*.cgm=01;35:*.emf=01;35:*.axv=01;35:*.anx=01;35:*.ogv=01;35:*.ogx=01;35:*.aac=00;36:*.au=00;36:*.flac=00;36:*.mid=00;36:*.midi=00;36:*.mka=00;36:*.mp3=00;36:*.mpc=00;36:*.ogg=00;36:*.ra=00;36:*.wav=00;36:*.axa=00;36:*.oga=00;36:*.spx=00;36:*.xspf=00;36:" />
    <property name="env.XDG_VTNR" value="7" />
    <property name="env.XDG_GREETER_DATA_DIR" value="/var/lib/lightdm-data/cb" />
    <property name="jarfile" value="/home/cb/work/ccnx-0.8.2/javasrc/ccn.jar" />
    <property name="java.endorsed.dirs" value="/home/cb/work/java/jdk1.7.0_75/jre/lib/endorsed" />
    <property name="env.LOGNAME" value="cb" />
    <property name="env.UBUNTU_MENUPROXY" value="1" />
    <property name="src.dir" value="/home/cb/work/ccnx-0.8.2/javasrc/src/main" />
    <property name="env.XDG_SEAT" value="seat0" />
    <property name="build-excludes" value="bin/**, log/**, lib/**, libsrc/**, repository/**, build/**, testout/**, ktrace.out, CCN_DEBUG_DATA/**" />
    <property name="env.LC_PAPER" value="zh_CN.UTF-8" />
    <property name="sun.os.patch.level" value="unknown" />
    <property name="java.vendor.url" value="http://java.oracle.com/" />
    <property name="env.XDG_SEAT_PATH" value="/org/freedesktop/DisplayManager/Seat0" />
    <property name="env.MANDATORY_PATH" value="/usr/share/gconf/ubuntu.mandatory.path" />
    <property name="java.version" value="1.7.0_75" />
    <property name="java.vendor.url.bug" value="http://bugreport.sun.com/bugreport/" />
    <property name="env.LANGUAGE" value="zh_CN:zh:en_US:en" />
    <property name="REPO_ROOT" value="/home/cb/work/ccnx-0.8.2/javasrc/testout/repotest" />
    <property name="ant.project.invoked-targets" value="test" />
    <property name="env.XDG_DATA_DIRS" value="/usr/share/ubuntu:/usr/share/gnome:/usr/local/share/:/usr/share/" />
    <property name="env.GNOME_KEYRING_CONTROL" value="/run/user/1000/keyring-jvPvKj" />
    <property name="USE_KEY_CONFIG_KEY" value="org.ccnx.config.UseKeyConfiguration" />
    <property name="env.UPSTART_SESSION" value="unix:abstract=/com/ubuntu/upstart-session/1000/1640" />
    <property name="user.name" value="cb" />
    <property name="env.LANG" value="zh_CN.UTF-8" />
    <property name="env.LC_MONETARY" value="zh_CN.UTF-8" />
    <property name="sun.io.unicode.encoding" value="UnicodeLittle" />
    <property name="sun.jnu.encoding" value="UTF-8" />
    <property name="env.DBUS_SESSION_BUS_ADDRESS" value="unix:abstract=/tmp/dbus-rsLQ7IJ5pU" />
    <property name="java.runtime.name" value="Java(TM) SE Runtime Environment" />
    <property name="env.LC_NAME" value="zh_CN.UTF-8" />
    <property name="REPO_ROOT2" value="/home/cb/work/ccnx-0.8.2/javasrc/testout/repotest2" />
    <property name="java.specification.name" value="Java Platform API Specification" />
    <property name="ant.file.ccn-libs" value="/home/cb/work/ccnx-0.8.2/javasrc/libs.xml" />
    <property name="user.timezone" value="" />
    <property name="env.LESSOPEN" value="| /usr/bin/lesspipe %s" />
    <property name="path.separator" value=":" />
    <property name="junit-jar" value="/home/cb/work/ccnx-0.8.2/javasrc/lib/junit-4.3.1.jar" />
    <property name="env.XMODIFIERS" value="@im=fcitx" />
    <property name="file.encoding" value="UTF-8" />
    <property name="ant.project.default-target" value="jar" />
    <property name="build" value="/home/cb/work/ccnx-0.8.2/javasrc/build" />
    <property name="lib" value="/home/cb/work/ccnx-0.8.2/javasrc/lib" />
    <property name="env.HOME" value="/home/cb" />
    <property name="sun.java.command" value="org.apache.tools.ant.taskdefs.optional.junit.JUnitTestRunner org.ccnx.ccn.AllTests skipNonTests=false filtertrace=true haltOnError=false haltOnFailure=false formatter=org.apache.tools.ant.taskdefs.optional.junit.SummaryJUnitResultFormatter showoutput=false outputtoformatters=true logfailedtests=true logtestlistenerevents=false formatter=org.apache.tools.ant.taskdefs.optional.junit.XMLJUnitResultFormatter,/home/cb/work/ccnx-0.8.2/javasrc/testout/TEST-org.ccnx.ccn.AllTests.xml crashfile=/home/cb/work/ccnx-0.8.2/javasrc/junitvmwatcher8970544520535215480.properties propsfile=/home/cb/work/ccnx-0.8.2/javasrc/junit3882649509401479989.properties" />
    <property name="ant.file" value="/home/cb/work/ccnx-0.8.2/javasrc/build.xml" />
    <property name="env.LC_TELEPHONE" value="zh_CN.UTF-8" />
    <property name="env._" value="/usr/bin/make" />
    <property name="org.ccnx.ccn.LogDir" value="/home/cb/work/ccnx-0.8.2/javasrc/testout/log" />
    <property name="java.io.tmpdir" value="/tmp" />
    <property name="env.LC_IDENTIFICATION" value="zh_CN.UTF-8" />
    <property name="env.GNOME_KEYRING_PID" value="1635" />
    <property name="user.language" value="zh" />
    <property name="EXIT_ON_ERROR" value="org.ccnx.ExitOnNetworkError" />
    <property name="env.UPSTART_EVENTS" value="started starting" />
    <property name="line.separator" value="&#xa;" />
    <property name="ant.file.type" value="file" />
    <property name="env.SSH_AGENT_LAUNCHER" value="upstart" />
    <property name="env.SSH_AGENT_PID" value="1693" />
    <property name="env.CLUTTER_IM_MODULE" value="xim" />
    <property name="java.vm.info" value="mixed mode" />
    <property name="LOGDIR_KEY" value="org.ccnx.ccn.LogDir" />
    <property name="sun.desktop" value="gnome" />
    <property name="java.vm.specification.name" value="Java Virtual Machine Specification" />
    <property name="env.COLORTERM" value="gnome-terminal" />
    <property name="TEST_PORT" value="63000" />
    <property name="env.TEXTDOMAIN" value="im-config" />
    <property name="env.LC_MEASUREMENT" value="zh_CN.UTF-8" />
    <property name="env.IM_CONFIG_PHASE" value="1" />
    <property name="org.ccnx.config.UseKeyConfiguration" value="false" />
    <property name="env.LC_TIME" value="zh_CN.UTF-8" />
    <property name="env.GDMSESSION" value="ubuntu" />
    <property name="java.awt.printerjob" value="sun.print.PSPrinterJob" />
    <property name="env.VTE_VERSION" value="3409" />
    <property name="env.DEFAULTS_PATH" value="/usr/share/gconf/ubuntu.default.path" />
    <property name="ant.version" value="Apache Ant(TM) version 1.9.3 compiled on April 8 2014" />
    <property name="env.WINDOWID" value="20971532" />
    <property name="REPO_LOCAL" value="TestRepository" />
    <property name="env.COMPIZ_CONFIG_PROFILE" value="ubuntu" />
    <property name="env.XDG_SESSION_PATH" value="/org/freedesktop/DisplayManager/Session0" />
    <property name="env.JOB" value="gnome-session" />
    <property name="ant.file.type.java-ccnx" value="file" />
    <property name="env.MAKEFLAGS" value="w" />
    <property name="env.CLASSPATH" value=".:.:$CLASSPATH:$JAVA_HOME/lib:$JAVA_HOME/jre/lib:/home/cb/work/java/jdk1.7.0_75/lib:/home/cb/work/java/jdk1.7.0_75/jre/lib" />
    <property name="os.name" value="Linux" />
    <property name="java.specification.vendor" value="Oracle Corporation" />
    <property name="xml-jar" value="/home/cb/work/ccnx-0.8.2/javasrc/lib/kxml2-2.3.0.jar" />
    <property name="env.TERM" value="xterm" />
    <property name="java.vm.name" value="Java HotSpot(TM) 64-Bit Server VM" />
    <property name="env.QT_IM_MODULE" value="xim" />
    <property name="java.library.path" value="/usr/java/packages/lib/amd64:/usr/lib64:/lib64:/lib:/usr/lib" />
    <property name="env.PATH" value="/home/cb/work/java/jdk1.7.0_75/bin:/home/cb/work/java/jdk1.7.0_75/jre/bin:/usr/local/sbin:/usr/local/bin:/usr/sbin:/usr/bin:/sbin:/bin:/usr/games:/usr/local/games:/home/cb/bin" />
    <property name="CCND_CAP" value="50000" />
    <property name="env.LESSCLOSE" value="/usr/bin/lesspipe %s %s" />
    <property name="ant.java.version" value="1.7" />
    <property name="env.TEXTDOMAINDIR" value="/usr/share/locale/" />
    <property name="basedir" value="/home/cb/work/ccnx-0.8.2/javasrc" />
    <property name="java.class.version" value="51.0" />
    <property name="env.SHLVL" value="1" />
    <property name="ant.home" value="/usr/share/ant" />
    <property name="DEBUG_OPTIONS" value="" />
    <property name="org.ccnx.ExitOnNetworkError" value="true" />
    <property name="repo2" value="true" />
    <property name="env.UPSTART_JOB" value="unity-settings-daemon" />
    <property name="CCND_CMD" value="../../csrc/ccnd/ccnd" />
    <property name="JAVA_MEMORY" value="1g" />
    <property name="src.systemtest.dir" value="/home/cb/work/ccnx-0.8.2/javasrc/src/systemtest" />
    <property name="sun.boot.library.path" value="/home/cb/work/java/jdk1.7.0_75/jre/lib/amd64" />
    <property name="sun.management.compiler" value="HotSpot 64-Bit Tiered Compilers" />
    <property name="java.awt.graphicsenv" value="sun.awt.X11GraphicsEnvironment" />
    <property name="env.USER" value="cb" />
    <property name="env.GTK_IM_MODULE" value="fcitx" />
    <property name="env.GTK_MODULES" value="overlay-scrollbar:unity-gtk-module" />
    <property name="env.JRE_HOME" value="/home/cb/work/java/jdk1.7.0_75/jre" />
    <property name="ant.project.name" value="java-ccnx" />
    <property name="env.SESSIONTYPE" value="gnome-session" />
    <property name="java.vm.specification.version" value="1.7" />
    <property name="UNIT_TOP_DIR" value="../src/test" />
    <property name="SYNC_NOISY" value="INFO" />
    <property name="env.NLSPATH" value="/usr/dt/lib/nls/msg/%L/%N.cat" />
    <property name="awt.toolkit" value="sun.awt.X11.XToolkit" />
    <property name="sun.cpu.isalist" value="" />
    <property name="cmddir" value="/home/cb/work/ccnx-0.8.2/csrc/cmd" />
    <property name="java.ext.dirs" value="/home/cb/work/java/jdk1.7.0_75/jre/lib/ext:/usr/java/packages/lib/ext" />
    <property name="os.version" value="3.13.0-32-generic" />
    <property name="env.QT_QPA_PLATFORMTHEME" value="appmenu-qt5" />
    <property name="user.home" value="/home/cb" />
    <property name="env.XDG_CURRENT_DESKTOP" value="Unity" />
    <property name="ant.file.type.ccn-libs" value="file" />
    <property name="java.vm.vendor" value="Oracle Corporation" />
    <property name="env.JAVA_HOME" value="/home/cb/work/java/jdk1.7.0_75" />
    <property name="env.XDG_SESSION_ID" value="c2" />
    <property name="env.XAUTHORITY" value="/home/cb/.Xauthority" />
    <property name="REPO_GLOBAL" value="/parc.com/csl/ccn/repositories/TestRepository" />
    <property name="user.dir" value="/home/cb/work/ccnx-0.8.2/javasrc/testout" />
    <property name="env.XFILESEARCHPATH" value="/usr/dt/app-defaults/%L/Dt" />
    <property name="TOP_DIR" value="../src/systemtest" />
    <property name="env.PWD" value="/home/cb/work/ccnx-0.8.2/javasrc" />
    <property name="env.MAKELEVEL" value="2" />
    <property name="sun.cpu.endian" value="little" />
    <property name="env.MFLAGS" value="-w" />
    <property name="testout" value="/home/cb/work/ccnx-0.8.2/javasrc/testout" />
    <property name="java.vm.version" value="24.75-b04" />
    <property name="java.class.path" value="/home/cb/work/ccnx-0.8.2/javasrc/lib/bcprov-jdk16-143.jar:/home/cb/work/ccnx-0.8.2/javasrc/lib/kxml2-2.3.0.jar:/home/cb/work/ccnx-0.8.2/javasrc/lib/junit-4.3.1.jar:/home/cb/work/ccnx-0.8.2/javasrc/build:/home/cb/work/ccnx-0.8.2/javasrc:/home/cb/work/java/jdk1.7.0_75/lib:/home/cb/work/java/jdk1.7.0_75/jre/lib:/usr/share/java/ant-launcher-1.9.3.jar:/usr/share/ant/lib/ant.jar:/usr/share/ant/lib/ant-junit.jar:/usr/share/ant/lib/ant-junit4.jar" />
    <property name="env.LC_ADDRESS" value="zh_CN.UTF-8" />
    <property name="ant.library.dir" value="/usr/share/ant/lib" />
    <property name="ccnr" value="/home/cb/work/ccnx-0.8.2/csrc/ccnr/ccnr" />
    <property name="os.arch" value="amd64" />
    <property name="env.LC_NUMERIC" value="zh_CN.UTF-8" />
    <property name="jarfile-base" value="ccn.jar" />
    <property name="sun.java.launcher" value="SUN_STANDARD" />
    <property name="testoutlog" value="/home/cb/work/ccnx-0.8.2/javasrc/testout/log" />
    <property name="ccnd" value="/home/cb/work/ccnx-0.8.2/csrc/ccnd/ccnd" />
    <property name="ant.core.lib" value="/usr/share/ant/lib/ant.jar" />
    <property name="java.vm.specification.vendor" value="Oracle Corporation" />
    <property name="env.UPSTART_INSTANCE" value="" />
    <property name="ccn-libs-basedir" value="/home/cb/work/ccnx-0.8.2/javasrc" />
    <property name="file.separator" value="/" />
    <property name="ant.file.java-ccnx" value="/home/cb/work/ccnx-0.8.2/javasrc/build.xml" />
    <property name="java.runtime.version" value="1.7.0_75-b13" />
    <property name="sun.boot.class.path" value="/home/cb/work/java/jdk1.7.0_75/jre/lib/resources.jar:/home/cb/work/java/jdk1.7.0_75/jre/lib/rt.jar:/home/cb/work/java/jdk1.7.0_75/jre/lib/sunrsasign.jar:/home/cb/work/java/jdk1.7.0_75/jre/lib/jsse.jar:/home/cb/work/java/jdk1.7.0_75/jre/lib/jce.jar:/home/cb/work/java/jdk1.7.0_75/jre/lib/charsets.jar:/home/cb/work/java/jdk1.7.0_75/jre/lib/jfr.jar:/home/cb/work/java/jdk1.7.0_75/jre/classes" />
    <property name="env.SSH_AUTH_SOCK" value="/run/user/1000/keyring-jvPvKj/ssh" />
    <property name="env.QT4_IM_MODULE" value="fcitx" />
    <property name="env.XDG_RUNTIME_DIR" value="/run/user/1000" />
    <property name="env.XDG_CONFIG_DIRS" value="/etc/xdg/xdg-ubuntu:/usr/share/upstart/xdg:/etc/xdg" />
    <property name="USE_KEY_CONFIG_VAL" value="false" />
    <property name="user.country" value="CN" />
    <property name="env.SHELL" value="/bin/bash" />
    <property name="env.INSTANCE" value="Unity" />
    <property name="java.vendor" value="Oracle Corporation" />
    <property name="showoutput" value="no" />
    <property name="CCND_DEBUG" value="87" />
    <property name="env.GPG_AGENT_INFO" value="/run/user/1000/keyring-jvPvKj/gpg:0:1" />
    <property name="java.specification.version" value="1.7" />
    <property name="sun.arch.data.model" value="64" />
    <property name="env.GNOME_DESKTOP_SESSION_ID" value="this-is-deprecated" />
  </properties>
  <testcase classname="org.ccnx.ccn.encoding.DecoderTest" name="testResync" time="0.614" />
  <testcase classname="org.ccnx.ccn.encoding.DecoderTest" name="testBinaryDecoding" time="0.001" />
  <testcase classname="org.ccnx.ccn.encoding.TextXMLCodecTest" name="testTagMap" time="0.003" />
  <testcase classname="org.ccnx.ccn.encoding.TextXMLCodecTest" name="testParseDateTime" time="0.004" />
  <testcase classname="org.ccnx.ccn.impl.InterestTableTest" name="testAdd" time="0.007" />
  <testcase classname="org.ccnx.ccn.impl.InterestTableTest" name="testMatchName" time="0.034" />
  <testcase classname="org.ccnx.ccn.impl.InterestTableTest" name="testMatchPub" time="0.01" />
  <testcase classname="org.ccnx.ccn.impl.InterestTableTest" name="testSimpleRemoves" time="0.019" />
  <testcase classname="org.ccnx.ccn.impl.InterestTableTest" name="testRemovesPub" time="0.016" />
  <testcase classname="org.ccnx.ccn.impl.InterestTableTest" name="testMatchNext" time="0.006" />
  <testcase classname="org.ccnx.ccn.impl.InterestTableTest" name="testMatchLast" time="0.006" />
  <testcase classname="org.ccnx.ccn.impl.InterestTableTest" name="testRemovesNext" time="0.007" />
  <testcase classname="org.ccnx.ccn.impl.InterestTableTest" name="testRemovesLast" time="0.007" />
  <testcase classname="org.ccnx.ccn.impl.InterestTableTest" name="testLRU" time="0.007" />
  <testcase classname="org.ccnx.ccn.impl.LogTest" name="testInfoStringObjectArray" time="0.003" />
  <testcase classname="org.ccnx.ccn.impl.LogTest" name="testInfoIntStringObjectArray" time="0.004" />
  <testcase classname="org.ccnx.ccn.impl.LogTest" name="testWarningIntStringObjectArray" time="0.004" />
  <testcase classname="org.ccnx.ccn.impl.LogTest" name="testSevereIntStringObjectArray" time="0.004" />
  <testcase classname="org.ccnx.ccn.impl.LogTest" name="testGetLevelInt" time="0.001" />
  <testcase classname="org.ccnx.ccn.impl.LogTest" name="testGetSetLevels" time="0.001" />
  <testcase classname="org.ccnx.ccn.impl.security.keys.MergeSecureKeyCacheTest" name="testDisjointMerge" time="0.287" />
  <testcase classname="org.ccnx.ccn.impl.security.keys.MergeSecureKeyCacheTest" name="testSameCache" time="0.091" />
  <testcase classname="org.ccnx.ccn.impl.security.keys.MergeSecureKeyCacheTest" name="testDomination" time="0.026" />
  <testcase classname="org.ccnx.ccn.impl.security.keys.SaveSecureKeyCacheTest" name="testReadSecureKeyCache" time="0.015" />
  <testcase classname="org.ccnx.ccn.impl.support.DataUtilsTest" name="testUnsignedLongToByteArray" time="0.001" />
  <testcase classname="org.ccnx.ccn.impl.support.DataUtilsTest" name="testSegmentationProfile" time="0.174" />
  <testcase classname="org.ccnx.ccn.impl.support.DataUtilsTest" name="testByteArrayToUnsignedLong" time="0.001" />
  <testcase classname="org.ccnx.ccn.protocol.CCNTimeTest" name="testSetTime" time="0.004" />
  <testcase classname="org.ccnx.ccn.protocol.CCNTimeTest" name="testSetNanos" time="0.004" />
  <testcase classname="org.ccnx.ccn.protocol.CCNTimeTest" name="testCCNTimeLong" time="0.004" />
  <testcase classname="org.ccnx.ccn.protocol.CCNTimeTest" name="testCCNTimeTimestamp" time="0.004" />
  <testcase classname="org.ccnx.ccn.protocol.CCNTimeTest" name="testCCNTimeDate" time="0.003" />
  <testcase classname="org.ccnx.ccn.protocol.CCNTimeTest" name="testCCNTime" time="0.004" />
  <testcase classname="org.ccnx.ccn.protocol.CCNTimeTest" name="testCompareToDate" time="0.003" />
  <testcase classname="org.ccnx.ccn.protocol.CCNTimeTest" name="testCompareToTimestamp" time="0.003" />
  <testcase classname="org.ccnx.ccn.protocol.CCNTimeTest" name="testBeforeAfterTimestamp" time="0.004" />
  <testcase classname="org.ccnx.ccn.protocol.CCNTimeTest" name="testBeforeAfterDate" time="0.003" />
  <testcase classname="org.ccnx.ccn.protocol.CCNTimeTest" name="testNow" time="0.004" />
  <testcase classname="org.ccnx.ccn.protocol.CCNTimeTest" name="testBinaryArray" time="0.003" />
  <testcase classname="org.ccnx.ccn.protocol.ComponentTest" name="testHashCode" time="0.015" />
  <testcase classname="org.ccnx.ccn.protocol.ComponentTest" name="testParseURI" time="0.002" />
  <testcase classname="org.ccnx.ccn.protocol.ComponentTest" name="testPrintURIByteArrayIntInt_empty" time="0.002" />
  <testcase classname="org.ccnx.ccn.protocol.ComponentTest" name="testPrintURIByteArrayIntInt_null" time="0.002" />
  <testcase classname="org.ccnx.ccn.protocol.ComponentTest" name="testPrintURIByteArrayIntInt_3dots" time="0.002" />
  <testcase classname="org.ccnx.ccn.protocol.ComponentTest" name="testPrintURIByteArrayIntInt_reflective" time="0.002" />
  <testcase classname="org.ccnx.ccn.protocol.ComponentTest" name="testToString" time="0.002" />
  <testcase classname="org.ccnx.ccn.protocol.ContentNameTest" name="testContentNameString" time="0.005" />
  <testcase classname="org.ccnx.ccn.protocol.ContentNameTest" name="testContentNameStringException" time="0.005" />
  <testcase classname="org.ccnx.ccn.protocol.ContentNameTest" name="testContentNameStringArray" time="0.005" />
  <testcase classname="org.ccnx.ccn.protocol.ContentNameTest" name="testEncoding" time="0.004" />
  <testcase classname="org.ccnx.ccn.protocol.ContentNameTest" name="testContentNameByteArrayArray" time="0.005" />
  <testcase classname="org.ccnx.ccn.protocol.ContentNameTest" name="testMultilevelString" time="0.005" />
  <testcase classname="org.ccnx.ccn.protocol.ContentNameTest" name="testInvalidContentNameByteArrayArray" time="0.006" />
  <testcase classname="org.ccnx.ccn.protocol.ContentNameTest" name="testParent" time="0.006" />
  <testcase classname="org.ccnx.ccn.protocol.ContentNameTest" name="testEncodeOutputStream" time="0.003" />
  <testcase classname="org.ccnx.ccn.protocol.ContentNameTest" name="testDecodeInputStream" time="0.002" />
  <testcase classname="org.ccnx.ccn.protocol.ContentNameTest" name="testEncodingDecoding" time="0.024" />
  <testcase classname="org.ccnx.ccn.protocol.ContentNameTest" name="testRelations" time="0.004" />
  <testcase classname="org.ccnx.ccn.protocol.ContentNameTest" name="testContentNameParsePerformance" time="1.015" />
  <testcase classname="org.ccnx.ccn.protocol.ContentNameTest" name="testContentNamePrintPerformance" time="1.018" />
  <testcase classname="org.ccnx.ccn.protocol.ContentNameTest" name="testPostfix" time="0.003" />
  <testcase classname="org.ccnx.ccn.protocol.ContentNameTest" name="testNameManipulation" time="0.005" />
  <testcase classname="org.ccnx.ccn.protocol.ContentObjectTest" name="testDecodeInputStream" time="0.046" />
  <testcase classname="org.ccnx.ccn.protocol.ContentObjectTest" name="testImmutable" time="0.002" />
  <testcase classname="org.ccnx.ccn.protocol.ContentObjectTest" name="testDigest" time="0.003" />
  <testcase classname="org.ccnx.ccn.protocol.ExcludeTest" name="testAdd" time="0.003" />
  <testcase classname="org.ccnx.ccn.protocol.ExcludeTest" name="testExcludeArrayListOfElementFails" time="0.002" />
  <testcase classname="org.ccnx.ccn.protocol.ExcludeTest" name="testExcludeArrayListOfElementFails2" time="0.002" />
  <testcase classname="org.ccnx.ccn.protocol.ExcludeTest" name="testExcludeArrayListOfElementFails3" time="0.002" />
  <testcase classname="org.ccnx.ccn.protocol.ExcludeTest" name="testExcludeArrayListOfElement" time="0.002" />
  <testcase classname="org.ccnx.ccn.protocol.ExcludeTest" name="testExcludeByteArrayArray" time="0.002" />
  <testcase classname="org.ccnx.ccn.protocol.ExcludeTest" name="testUptoFactory" time="0.002" />
  <testcase classname="org.ccnx.ccn.protocol.ExcludeTest" name="testFactory" time="0.003" />
  <testcase classname="org.ccnx.ccn.protocol.ExcludeTest" name="testMatchBloom" time="0.003" />
  <testcase classname="org.ccnx.ccn.protocol.ExcludeTest" name="testEmpty" time="0.002" />
  <testcase classname="org.ccnx.ccn.protocol.ExcludeTest" name="testEqualsObject" time="0.002" />
  <testcase classname="org.ccnx.ccn.protocol.ExcludeTest" name="testSize" time="0.003" />
  <testcase classname="org.ccnx.ccn.protocol.ExcludeTest" name="testEncodeDecode" time="0.004" />
  <testcase classname="org.ccnx.ccn.protocol.InterestTest" name="testSimpleInterest" time="0.018" />
  <testcase classname="org.ccnx.ccn.protocol.InterestTest" name="testProfileInterests" time="0.011" />
  <testcase classname="org.ccnx.ccn.protocol.InterestTest" name="testExclude" time="0.007" />
  <testcase classname="org.ccnx.ccn.protocol.InterestTest" name="testMatch" time="0.004" />
  <testcase classname="org.ccnx.ccn.protocol.InterestTest" name="testMatchDigest" time="0.004" />
  <testcase classname="org.ccnx.ccn.protocol.InterestTest" name="testMatchWithExcludedDigest" time="0.004" />
  <testcase classname="org.ccnx.ccn.protocol.KeyLocatorTest" name="testEncodeOutputStream" time="0.011" />
  <testcase classname="org.ccnx.ccn.protocol.PublisherIDTest" name="testDecodeInputStream" time="0.008" />
  <testcase classname="org.ccnx.ccn.protocol.PublisherIDTest" name="testPublisherToString" time="0.003" />
  <testcase classname="org.ccnx.ccn.protocol.SignedInfoTest" name="testDecodeInputStream" time="0.012" />
  <testcase classname="org.ccnx.ccn.protocol.SignedInfoTest" name="testTypes" time="0.001" />
  <testcase classname="org.ccnx.ccn.io.content.CollectionTest" name="testEqualsObject" time="0.004" />
  <testcase classname="org.ccnx.ccn.io.content.CollectionTest" name="testSize" time="0.003" />
  <testcase classname="org.ccnx.ccn.io.content.CollectionTest" name="testValidate" time="0.002" />
  <testcase classname="org.ccnx.ccn.io.content.CollectionTest" name="testCollectionData" time="0.002" />
  <testcase classname="org.ccnx.ccn.io.content.CollectionTest" name="testContents" time="0.002" />
  <testcase classname="org.ccnx.ccn.io.content.CollectionTest" name="testAddGet" time="0.002" />
  <testcase classname="org.ccnx.ccn.io.content.CollectionTest" name="testRemoveInt" time="0.001" />
  <testcase classname="org.ccnx.ccn.io.content.CollectionTest" name="testRemoveLink" time="0.003" />
  <testcase classname="org.ccnx.ccn.io.content.CollectionTest" name="testEncodeDecodeStream" time="0.006" />
  <testcase classname="org.ccnx.ccn.io.content.CollectionTest" name="testEncodeDecodeByteArray" time="0.007" />
  <testcase classname="org.ccnx.ccn.io.content.EncodableObjectTest" name="testSave" time="0.008" />
  <testcase classname="org.ccnx.ccn.io.content.EncodableObjectTest" name="testUpdate" time="0.003" />
  <testcase classname="org.ccnx.ccn.io.content.HeaderTest" name="testEncodeOutputStream" time="0.008" />
  <testcase classname="org.ccnx.ccn.io.content.HeaderTest" name="testDecodeInputStream" time="0.003" />
  <testcase classname="org.ccnx.ccn.io.content.HeaderTest" name="testHeaderConstructor" time="0.003" />
  <testcase classname="org.ccnx.ccn.io.content.HeaderTest" name="testHeaderConstructor2" time="0.002" />
  <testcase classname="org.ccnx.ccn.io.content.HeaderTest" name="testHeaderConstructor3" time="0.002" />
  <testcase classname="org.ccnx.ccn.io.content.KeyValueSetTest" name="testMethods" time="0.003" />
  <testcase classname="org.ccnx.ccn.io.content.KeyValueSetTest" name="testEncodeDecode" time="0.004" />
  <testcase classname="org.ccnx.ccn.io.content.KeyValueSetTest" name="testData" time="0.001" />
  <testcase classname="org.ccnx.ccn.io.content.LinkTest" name="testEncodeOutputStream" time="0.007" />
  <testcase classname="org.ccnx.ccn.io.content.SerializableObjectTest" name="testSave" time="0.005" />
  <testcase classname="org.ccnx.ccn.io.content.SerializableObjectTest" name="testUpdate" time="0.003" />
  <testcase classname="org.ccnx.ccn.io.content.WrappedKeyUnitTest" name="testDecodeInputStream" time="0.569" />
  <testcase classname="org.ccnx.ccn.io.content.WrappedKeyUnitTest" name="testWrapUnwrapKey" time="0.085" />
  <testcase classname="org.ccnx.ccn.io.content.WrappedKeyUnitTest" name="testWrappedKeyByteArrayStringStringStringByteArrayByteArray" time="0.004" />
  <testcase classname="org.ccnx.ccn.profiles.SegmentationProfileUnitTest" name="testSegmentInterest" time="0.001" />
  <testcase classname="org.ccnx.ccn.profiles.SegmentationProfileUnitTest" name="testSegmentInterestWithNullSegmentNumber" time="0.001" />
  <testcase classname="org.ccnx.ccn.profiles.SegmentationProfileUnitTest" name="testFirstSegmentInterest" time="0.002" />
  <testcase classname="org.ccnx.ccn.profiles.SegmentationProfileUnitTest" name="testLastSegmentInterest" time="0.001" />
  <testcase classname="org.ccnx.ccn.profiles.VersioningProfileTest" name="testVersionNameContentNameLong" time="0.002" />
  <testcase classname="org.ccnx.ccn.profiles.VersioningProfileTest" name="testVersionNameContentNameTimestamp" time="0.003" />
  <testcase classname="org.ccnx.ccn.profiles.VersioningProfileTest" name="testVersionNameContentName" time="0.014" />
  <testcase classname="org.ccnx.ccn.profiles.VersioningProfileTest" name="testFindVersionComponent" time="0.004" />
  <testcase classname="org.ccnx.ccn.profiles.VersioningProfileTest" name="testhasTerminalVersion" time="0.003" />
  <testcase classname="org.ccnx.ccn.profiles.VersioningProfileTest" name="testCutTerminalVersion" time="0.003" />
  <testcase classname="org.ccnx.ccn.profiles.VersioningProfileTest" name="testIsVersionOf" time="0.003" />
  <testcase classname="org.ccnx.ccn.profiles.VersioningProfileTest" name="testGetVersionAsLong" time="0.002" />
  <testcase classname="org.ccnx.ccn.profiles.VersioningProfileTest" name="testGetVersionAsTimestamp" time="0.001" />
  <testcase classname="org.ccnx.ccn.profiles.VersioningProfileTest" name="testUnpaddedVersions" time="0.001" />
  <testcase classname="org.ccnx.ccn.profiles.VersioningProfileTest" name="testPaddedVersions" time="0.002" />
  <testcase classname="org.ccnx.ccn.profiles.VersioningProfileTest" name="testInvalidVersionComponentTooLong" time="0.002" />
  <testcase classname="org.ccnx.ccn.profiles.VersioningProfileTest" name="testInvalidVersionComponentTooShort" time="0.001" />
  <testcase classname="org.ccnx.ccn.profiles.VersioningProfileTest" name="testInvalidVersionComponentValid" time="0.002" />
  <testcase classname="org.ccnx.ccn.profiles.ccnd.FaceManagerUnitTest" name="testEncodeOutputStream" time="0.003" />
  <testcase classname="org.ccnx.ccn.profiles.ccnd.FaceManagerUnitTest" name="testDecodeInputStream" time="0.002" />
  <testcase classname="org.ccnx.ccn.profiles.ccnd.FaceManagerUnitTest" name="testEncodingDecoding" time="0.003" />
  <testcase classname="org.ccnx.ccn.profiles.ccnd.PrefixRegistrationManagerUnitTest" name="testEncodeOutputStream" time="0.004" />
  <testcase classname="org.ccnx.ccn.profiles.ccnd.PrefixRegistrationManagerUnitTest" name="testDecodeInputStream" time="0.002" />
  <testcase classname="org.ccnx.ccn.profiles.ccnd.PrefixRegistrationManagerUnitTest" name="testEncodingDecoding" time="0.004" />
  <testcase classname="org.ccnx.ccn.profiles.ccnd.PrefixRegistrationManagerUnitTest" name="testEncodingDecodingSubclass" time="0.004" />
  <testcase classname="org.ccnx.ccn.profiles.security.access.group.ACLTest" name="testUpdate" time="0.003" />
  <testcase classname="org.ccnx.ccn.profiles.security.access.group.ACLTest" name="testACLCreation" time="0.001" />
  <testcase classname="org.ccnx.ccn.profiles.security.access.group.ACLTest" name="testACLCreationFromArrayList" time="0.0" />
  <testcase classname="org.ccnx.ccn.profiles.security.access.group.NodeKeyTest" name="testComputeDescendantNodeKey" time="0.001" />
  <testcase classname="org.ccnx.ccn.profiles.security.access.group.NodeKeyTest" name="testIsDerived" time="0.001" />
  <testcase classname="org.ccnx.ccn.profiles.versioning.InterestDataTest" name="testVersionNumberInTree" time="0.001" />
  <testcase classname="org.ccnx.ccn.profiles.versioning.InterestDataTest" name="testVersionNumberCompare" time="0.001" />
  <testcase classname="org.ccnx.ccn.profiles.versioning.InterestDataTest" name="testInterestDataStartTimeCompare" time="0.002" />
  <testcase classname="org.ccnx.ccn.profiles.versioning.InterestDataTest" name="testSplitLeft" time="0.008" />
  <testcase classname="org.ccnx.ccn.profiles.versioning.TreeSet6Test" name="testFloor" time="0.002" />
  <testcase classname="org.ccnx.ccn.profiles.versioning.TreeSet6Test" name="testInternalFloor" time="0.003" />
  <testcase classname="org.ccnx.ccn.profiles.versioning.TreeSet6Test" name="testLower" time="0.002" />
  <testcase classname="org.ccnx.ccn.profiles.versioning.TreeSet6Test" name="testCeiling" time="0.003" />
  <testcase classname="org.ccnx.ccn.profiles.versioning.TreeSet6Test" name="testHigher" time="0.002" />
  <testcase classname="org.ccnx.ccn.profiles.versioning.TreeSet6Test" name="testInternalLower" time="0.002" />
  <testcase classname="org.ccnx.ccn.profiles.versioning.TreeSet6Test" name="testInternalCeiling" time="0.002" />
  <testcase classname="org.ccnx.ccn.profiles.versioning.TreeSet6Test" name="testInternalHigher" time="0.003" />
  <testcase classname="org.ccnx.ccn.profiles.versioning.TreeSet6Test" name="testDescendingIterator" time="0.011" />
  <testcase classname="org.ccnx.ccn.profiles.versioning.TreeSet6Test" name="testDescendingIteratorRemoveFirst" time="0.008" />
  <testcase classname="org.ccnx.ccn.profiles.versioning.TreeSet6Test" name="testDescendingIteratorRemoveLast" time="0.005" />
  <testcase classname="org.ccnx.ccn.profiles.versioning.TreeSet6Test" name="testDescendingIteratorRemoveRandom" time="0.007" />
  <testcase classname="org.ccnx.ccn.profiles.versioning.VersionNumberTest" name="testHashCode" time="0.144" />
  <testcase classname="org.ccnx.ccn.profiles.versioning.VersionNumberTest" name="testEqualsObject" time="0.019" />
  <testcase classname="org.ccnx.ccn.profiles.versioning.VersionNumberTest" name="testVersionNumber" time="0.003" />
  <testcase classname="org.ccnx.ccn.profiles.versioning.VersionNumberTest" name="testVersionNumberCCNTime" time="0.002" />
  <testcase classname="org.ccnx.ccn.profiles.versioning.VersionNumberTest" name="testVersionNumberLong" time="11.673" />
  <testcase classname="org.ccnx.ccn.profiles.versioning.VersionNumberTest" name="testVersionNumberContentName" time="11.944" />
  <testcase classname="org.ccnx.ccn.profiles.versioning.VersionNumberTest" name="testVersionNumberByteArray" time="0.064" />
  <testcase classname="org.ccnx.ccn.profiles.versioning.VersionNumberTest" name="testAddAndReturn" time="0.001" />
  <testcase classname="org.ccnx.ccn.profiles.versioning.VersionNumberTest" name="testAddMillisecondsAndreturn" time="0.001" />
  <testcase classname="org.ccnx.ccn.profiles.versioning.VersionNumberTest" name="testCompareTo" time="0.002" />
  <testcase classname="org.ccnx.ccn.profiles.versioning.VersionNumberTest" name="testGetMaximumVersion" time="0.001" />
  <testcase classname="org.ccnx.ccn.profiles.versioning.VersionNumberTest" name="testGetMinimumVersion" time="0.001" />
  <testcase classname="org.ccnx.ccn.profiles.versioning.VersionNumberTest" name="testBeforeVersionNumber" time="0.001" />
  <testcase classname="org.ccnx.ccn.profiles.versioning.VersionNumberTest" name="testAfterVersionNumber" time="0.001" />
  <testcase classname="org.ccnx.ccn.profiles.versioning.VersionNumberTest" name="testBeforeCCNTime" time="0.001" />
  <testcase classname="org.ccnx.ccn.profiles.versioning.VersionNumberTest" name="testAfterCCNTime" time="0.002" />
  <testcase classname="org.ccnx.ccn.repo.RepositoryInfoTest" name="testDecodeInputStream" time="0.008" />
  <testcase classname="org.ccnx.ccn.security.crypto.CCNMerkleTreeTest" name="testMerkleTree0" time="0.02" />
  <testcase classname="org.ccnx.ccn.security.crypto.CCNMerkleTreeTest" name="testMerkleTree1" time="0.001" />
  <testcase classname="org.ccnx.ccn.security.crypto.CCNMerkleTreeTest" name="testMerkleTree" time="17.835" />
  <testcase classname="org.ccnx.ccn.security.crypto.CCNMerkleTreeTest" name="testMerkleTreeBuf" time="9.955" />
  <testcase classname="org.ccnx.ccn.security.crypto.KeyDerivationFunctionTest" name="testKeysSameTwice" time="0.001" />
  <testcase classname="org.ccnx.ccn.security.crypto.KeyDerivationFunctionTest" name="testLabelMakesDifference" time="0.001" />
  <testcase classname="org.ccnx.ccn.security.crypto.KeyDerivationFunctionTest" name="testNoLabelSameTwice" time="0.001" />
  <testcase classname="org.ccnx.ccn.security.crypto.KeyDerivationFunctionTest" name="testVersionMakesDifference" time="0.001" />
  <testcase classname="org.ccnx.ccn.security.crypto.MerkleTreeTest" name="testMerkleTree" time="10.882" />
  <system-out><![CDATA[Writing log records to /home/cb/work/ccnx-0.8.2/javasrc/testout/log/ccn_15-03-16-095012-4295.log
DateTime: 2015-03-16 09:50:12.997070312 XML version: 2015-03-16T01:50:12.997070312Z
Parsed version: 2015-03-16 09:50:12.997070312
DateTime: 2015-03-16 09:50:12.0 XML version: 2015-03-16T01:50:12Z
Parsed version: 2015-03-16 09:50:12.0
DateTime: 2015-03-16 09:50:12.001220703 XML version: 2015-03-16T01:50:12.001220703Z
Parsed version: 2015-03-16 09:50:12.001220703
DateTime: 2015-03-16 09:50:12.550048828 XML version: 2015-03-16T01:50:12.550048828Z
Parsed version: 2015-03-16 09:50:12.550048828
DateTime: 2015-03-16 09:50:12.550048828 XML version: 2015-03-16T01:50:12.550048828Z
Parsed version: 2015-03-16 09:50:12.550048828
DateTime: 2015-03-16 09:50:12.95336914 XML version: 2015-03-16T01:50:12.95336914Z
Parsed version: 2015-03-16 09:50:12.95336914
DateTime: 2015-03-16 09:50:12.110595703 XML version: 2015-03-16T01:50:12.110595703Z
Parsed version: 2015-03-16 09:50:12.110595703
ContentName: parsing name string "/test/briggs/test.txt"
Name: /test/briggs/test.txt
Name (native): /test/briggs/test.txt
ContentName: parsing name string "/"
Name: /
ContentName: parsing name string "/"
Name: /
ContentName: parsing name string "ccnx:/test/briggs/test.txt"
Name: /test/briggs/test.txt
ContentName: parsing name string "ccnx:/.../.%2e./...././.....///?..."
Name: /.../.../..../.....
ContentName: testing empty name round trip: /
ContentName: testing empty name round trip: /
ContentName: parsing illegal name string "expectingAnException"
Exception expected msg: ContentName strings must begin with / or ccnx:/
ContentName: parsing illegal name string "ccnx:a/relative/name"
Exception expected msg: ContentName strings must begin with / or ccnx:/
ContentName: parsing illegal name string "relative/no/scheme"
Exception expected msg: ContentName strings must begin with / or ccnx:/
ContentName: parsing illegal name string "ccnx:/a/b/c/../../../.."
Exception expected msg: ContentName string contains too many .. components: /a/b/c/../../../..
ContentName: parsing illegal name string "/a/short/percent/%e"
Exception expected msg: malformed %xy byte representation: too short at index 0: %e
ContentName: parsing illegal name string "/a/bogus/%AQE/hex/value"
Exception expected msg: malformed %xy byte representation: not legal hex number: %AQ at index 0: %AQE
ContentName: parsing illegal name string "/try/negative/%-A3/value"
Exception expected msg: malformed %xy byte representation: not legal hex number: %-A at index 0: %-A3
ContentName: comparing parsed "/briggs" and "/%62%72%69%67%67%73"
Creating name from byte arrays.
Name: /test/briggs/test.txt
Name 2: /test/briggs/test.txt/=0102030405060708090A0B0C0D0E0F1F1B1C1D1E1F2E3C4A5C6D7E0F
Child is (URI): /test/briggs/test.txt
Child is (native, one additional comp): /test/briggs/test.txt
Child is (native): /test/briggs/test.txt/test2.txt
Child2 is (native): /test/briggs/test.txt/test2.txt
Creating name from byte arrays with invalid values.
Name: /test/briggs/test.txt
Name 2: /test/briggs/test.txt/=01000080BCC08AF5F9FCFEFF
Name with invalid component 0: /test/briggs/test.txt/=010000
Name with invalid component 1: /test/briggs/test.txt/=80BC
Name with invalid component 2: /test/briggs/test.txt/=C08A
Name with invalid component 3: /test/briggs/test.txt/=F5F9FC
Name with invalid component 4: /test/briggs/test.txt/=FEFF
Name with invalid component 5: /test/briggs/test.txt/=E08EB7
Name: /test/briggs/test.txt/=0102030405060708090A0B0C0D0E0F1F1B1C1D1E1F2E3C4A5C6D7E0F
Parent: /test/briggs/test.txt
Grandparent: /test/briggs
Encoding name: /test/briggs/test.txt/=0102030405060708090A0B0C0D0E0F1F1B1C1D1E1F2E3C4A5C6D7E0F
Encoded name: 
��test�briggs��test.txt��	
.<J\m~
Encoding name: /test/briggs/test.txt/=0102030405060708090A0B0C0D0E0F1F1B1C1D1E1F2E3C4A5C6D7E0F
Encoded name: 
��test�briggs��test.txt��	
.<J\m~
Decoding name: 
Decoded name: /test/briggs/test.txt/=0102030405060708090A0B0C0D0E0F1F1B1C1D1E1F2E3C4A5C6D7E0F
Encoding name: /test/briggs/test.txt/=0102030405060708090A0B0C0D0E0F1F1B1C1D1E1F2E3C4A5C6D7E0F
Encoding ContentName(Text):
Encoded ContentName: 
<?xml version='1.0' encoding='UTF-8' standalone='yes' ?>
<Name xmlns:ccn="http://www.parc.com/ccn">
  <Component>dGVzdA==</Component>
  <Component>YnJpZ2dz</Component>
  <Component>dGVzdC50eHQ=</Component>
  <Component>AQIDBAUGBwgJCgsMDQ4PHxscHR4fLjxKXG1+Dw==</Component>
</Name>
Decoding ContentName: 
Decoded ContentName: /test/briggs/test.txt/=0102030405060708090A0B0C0D0E0F1F1B1C1D1E1F2E3C4A5C6D7E0F
Encoding ContentName(Binary):
Encoded ContentName: 
��test�briggs��test.txt��	
.<J\m~
Decoding ContentName: 
Decoded ContentName: /test/briggs/test.txt/=0102030405060708090A0B0C0D0E0F1F1B1C1D1E1F2E3C4A5C6D7E0F
Executed 390000 ContentName.fromURI in 1012 ms; 385375/s
Testing with /test/%C1.w%00A=8CB4428D0AAC8E148C0788E4E23D6E/=230019/%C1.v%00t=DFF633/=FE23/%C1.M.K=001E90EA68E9FBAEA39E174620CFABA029E9DEFA5ADC41FB5AF5DDF541D2D79FD1/=FD04CBF571527B/=00
Executed 470000 ContentName.toString() in 1015 ms; 463054/s
Encoding ContentObjectKey(Text):
Encoded ContentObjectKey: 
<?xml version='1.0' encoding='UTF-8' standalone='yes' ?>
<ContentObject xmlns:ccn="http://www.parc.com/ccn">
  <Signature>
    <SignatureBits>Bjw/P/3T/S31z+1SCzP15SnEA1Nj6MCfNe0yUJpxNmM2yifWKnAwP2jmzVnN6vVjRgDoonsI/45FI7SnaMIhfw==</SignatureBits>
  </Signature>
  <Name>
    <Component>dGVzdA==</Component>
    <Component>c21ldHRlcnM=</Component>
    <Component>dGVzdDIudHh0</Component>
  </Name>
  <SignedInfo>
    <PublisherPublicKeyDigest>t49XOO9YpgaxjIqAfXxHMnb+JwbwNtgmYl0zer3SLsM=</PublisherPublicKeyDigest>
    <Timestamp>2015-03-16T01:50:16.04296875Z</Timestamp>
    <Type>KEY/</Type>
    <KeyLocator>
      <Key>MFwwDQYJKoZIhvcNAQEBBQADSwAwSAJBAIQso4vCX9kfkndAJstmeZkBaVbcjrFI4OIMpitWNFa5qHqbjrlgr9RLQ8y2yfMbevE6Udr2XaDDdyd0kwvo2n0CAwEAAQ==</Key>
    </KeyLocator>
  </SignedInfo>
  <Content>AQIDBAUGBwgJCgsMDQ4PHxscHR4fLjxKXG1+Dw==</Content>
</ContentObject>
Decoding ContentObjectKey: 
Decoded ContentObjectKey: CObj: name=/test/smetters/test2.txt, digest=32a379e5470f4f55bb694a3e562705ff76bce3f3ac1bbf97a4919e836523d095, SI:si: type=KEY/si: timestamp=2015-03-16 09:50:16.04296875si: pub=t49XOO9YpgaxjIqAfXxHMnb+JwbwNtgmYl0zer3SLsM=si: loc=KEY: t49XOO9YpgaxjIqAfXxHMnb+JwbwNtgmYl0zer3SLsM= len=28, data==0102030405060708090A0B0C0D0E0F1F1B1C1D1E1F2E3C4A5C6D7E0F
Encoding ContentObjectKey(Binary):
Encoded ContentObjectKey: 
����<??���-���R3��)�Sc���5�2P�q6c6�'�*p0?h��Y���cF�{��E#��h�!��test��smetters��test2.txt�����W8�X�����}|G2v�'�6�&b]3z��.���Pcm��(F?���0\0	*�H��K0HA�,���_��w@&�fy�iV܎�H���+V4V��z���`��KC̶��z�:Q��]��w't���}��	
.<J\m~
Decoding ContentObjectKey: 
Decoded ContentObjectKey: CObj: name=/test/smetters/test2.txt, digest=32a379e5470f4f55bb694a3e562705ff76bce3f3ac1bbf97a4919e836523d095, SI:si: type=KEY/si: timestamp=2015-03-16 09:50:16.04296875si: pub=t49XOO9YpgaxjIqAfXxHMnb+JwbwNtgmYl0zer3SLsM=si: loc=KEY: t49XOO9YpgaxjIqAfXxHMnb+JwbwNtgmYl0zer3SLsM= len=28, data==0102030405060708090A0B0C0D0E0F1F1B1C1D1E1F2E3C4A5C6D7E0F
Encoding ContentObject(Text):
Encoded ContentObject: 
<?xml version='1.0' encoding='UTF-8' standalone='yes' ?>
<ContentObject xmlns:ccn="http://www.parc.com/ccn">
  <Signature>
    <SignatureBits>ASkzikqrnyDJIn3M8tugMxdSfZJgG9B0j2cfzdN2iXMH6ujibslXmQSWSf/gL9yrGMOt61WNgruW1fLRSLyP+Q==</SignatureBits>
  </Signature>
  <Name>
    <Component>dGVzdA==</Component>
    <Component>c21ldHRlcnM=</Component>
    <Component>dGVzdDIudHh0</Component>
  </Name>
  <SignedInfo>
    <PublisherPublicKeyDigest>t49XOO9YpgaxjIqAfXxHMnb+JwbwNtgmYl0zer3SLsM=</PublisherPublicKeyDigest>
    <Timestamp>2015-03-16T01:50:16.04296875Z</Timestamp>
    <KeyLocator>
      <KeyName>
        <Name>
          <Component>dGVzdA==</Component>
          <Component>c21ldHRlcnM=</Component>
          <Component>a2V5</Component>
        </Name>
      </KeyName>
    </KeyLocator>
  </SignedInfo>
  <Content>AQIDBAUGBwgJCgsMDQ4PHxscHR4fLjxKXG1+Dw==</Content>
</ContentObject>
Decoding ContentObject: 
Decoded ContentObject: CObj: name=/test/smetters/test2.txt, digest=11ab86414bb50dae8204806ac0c84be76a2d5a111eba9e764f421214408f1271, SI:si: type=DATAsi: timestamp=2015-03-16 09:50:16.04296875si: pub=t49XOO9YpgaxjIqAfXxHMnb+JwbwNtgmYl0zer3SLsM=si: loc=NAME: /test/smetters/key len=28, data==0102030405060708090A0B0C0D0E0F1F1B1C1D1E1F2E3C4A5C6D7E0F
Encoding ContentObject(Binary):
Encoded ContentObject: 
����)3�J�� �"}��۠3R}�`�t�g��v�s���n�W��I��/ܫí�U�������H�����test��smetters��test2.txt�����W8�X�����}|G2v�'�6�&b]3z��.���Pcm������test��smetters�key��	
.<J\m~
Decoding ContentObject: 
Decoded ContentObject: CObj: name=/test/smetters/test2.txt, digest=11ab86414bb50dae8204806ac0c84be76a2d5a111eba9e764f421214408f1271, SI:si: type=DATAsi: timestamp=2015-03-16 09:50:16.04296875si: pub=t49XOO9YpgaxjIqAfXxHMnb+JwbwNtgmYl0zer3SLsM=si: loc=NAME: /test/smetters/key len=28, data==0102030405060708090A0B0C0D0E0F1F1B1C1D1E1F2E3C4A5C6D7E0F
Encoding ContentObject - empty content(Text):
Encoded ContentObject - empty content: 
<?xml version='1.0' encoding='UTF-8' standalone='yes' ?>
<ContentObject xmlns:ccn="http://www.parc.com/ccn">
  <Signature>
    <SignatureBits>GAo9SLNALNAGhcoJ2WGdZq9xwM0ydhvqZh2EXhcd9DhZbNEpVdpCi1G/RH1KZ8d0Hl0tvbl1TOoGJc8x13ERAg==</SignatureBits>
  </Signature>
  <Name>
    <Component>dGVzdA==</Component>
    <Component>c21ldHRlcnM=</Component>
    <Component>dGVzdDIudHh0</Component>
  </Name>
  <SignedInfo>
    <PublisherPublicKeyDigest>t49XOO9YpgaxjIqAfXxHMnb+JwbwNtgmYl0zer3SLsM=</PublisherPublicKeyDigest>
    <Timestamp>2015-03-16T01:50:16.04296875Z</Timestamp>
    <KeyLocator>
      <KeyName>
        <Name>
          <Component>dGVzdA==</Component>
          <Component>c21ldHRlcnM=</Component>
          <Component>a2V5</Component>
        </Name>
      </KeyName>
    </KeyLocator>
  </SignedInfo>
  <Content></Content>
</ContentObject>
Decoding ContentObject - empty content: 
Decoded ContentObject - empty content: CObj: name=/test/smetters/test2.txt, digest=a96c475002053cff711582beeb8ca29a3dcca282ea8c032338859c2584104b7d, SI:si: type=DATAsi: timestamp=2015-03-16 09:50:16.04296875si: pub=t49XOO9YpgaxjIqAfXxHMnb+JwbwNtgmYl0zer3SLsM=si: loc=NAME: /test/smetters/key len=0, data=...
Encoding ContentObject - empty content(Binary):
Encoded ContentObject - empty content: 
����
=H�@,���	�a�f�q��2v�f�^�8Yl�)U�B�Q�D}Jg�t]-��uL�%�1�q��test��smetters��test2.txt�����W8�X�����}|G2v�'�6�&b]3z��.���Pcm������test��smetters�key�
Decoding ContentObject - empty content: 
Decoded ContentObject - empty content: CObj: name=/test/smetters/test2.txt, digest=a96c475002053cff711582beeb8ca29a3dcca282ea8c032338859c2584104b7d, SI:si: type=DATAsi: timestamp=2015-03-16 09:50:16.04296875si: pub=t49XOO9YpgaxjIqAfXxHMnb+JwbwNtgmYl0zer3SLsM=si: loc=NAME: /test/smetters/key len=0, data=...
Encoding ContentObject - empty content2(Text):
Encoded ContentObject - empty content2: 
<?xml version='1.0' encoding='UTF-8' standalone='yes' ?>
<ContentObject xmlns:ccn="http://www.parc.com/ccn">
  <Signature>
    <SignatureBits>GAo9SLNALNAGhcoJ2WGdZq9xwM0ydhvqZh2EXhcd9DhZbNEpVdpCi1G/RH1KZ8d0Hl0tvbl1TOoGJc8x13ERAg==</SignatureBits>
  </Signature>
  <Name>
    <Component>dGVzdA==</Component>
    <Component>c21ldHRlcnM=</Component>
    <Component>dGVzdDIudHh0</Component>
  </Name>
  <SignedInfo>
    <PublisherPublicKeyDigest>t49XOO9YpgaxjIqAfXxHMnb+JwbwNtgmYl0zer3SLsM=</PublisherPublicKeyDigest>
    <Timestamp>2015-03-16T01:50:16.04296875Z</Timestamp>
    <KeyLocator>
      <KeyName>
        <Name>
          <Component>dGVzdA==</Component>
          <Component>c21ldHRlcnM=</Component>
          <Component>a2V5</Component>
        </Name>
      </KeyName>
    </KeyLocator>
  </SignedInfo>
  <Content></Content>
</ContentObject>
Decoding ContentObject - empty content2: 
Decoded ContentObject - empty content2: CObj: name=/test/smetters/test2.txt, digest=a96c475002053cff711582beeb8ca29a3dcca282ea8c032338859c2584104b7d, SI:si: type=DATAsi: timestamp=2015-03-16 09:50:16.04296875si: pub=t49XOO9YpgaxjIqAfXxHMnb+JwbwNtgmYl0zer3SLsM=si: loc=NAME: /test/smetters/key len=0, data=...
Encoding ContentObject - empty content2(Binary):
Encoded ContentObject - empty content2: 
����
=H�@,���	�a�f�q��2v�f�^�8Yl�)U�B�Q�D}Jg�t]-��uL�%�1�q��test��smetters��test2.txt�����W8�X�����}|G2v�'�6�&b]3z��.���Pcm������test��smetters�key�
Decoding ContentObject - empty content2: 
Decoded ContentObject - empty content2: CObj: name=/test/smetters/test2.txt, digest=a96c475002053cff711582beeb8ca29a3dcca282ea8c032338859c2584104b7d, SI:si: type=DATAsi: timestamp=2015-03-16 09:50:16.04296875si: pub=t49XOO9YpgaxjIqAfXxHMnb+JwbwNtgmYl0zer3SLsM=si: loc=NAME: /test/smetters/key len=0, data=...
Created object with content of length 0 digest: a96c475002053cff711582beeb8ca29a3dcca282ea8c032338859c2584104b7d
Created another object with content of length 0 digest: a96c475002053cff711582beeb8ca29a3dcca282ea8c032338859c2584104b7d
Encoding PlainInterest(Text):
Encoded PlainInterest: 
<?xml version='1.0' encoding='UTF-8' standalone='yes' ?>
<Interest xmlns:ccn="http://www.parc.com/ccn">
  <Name>
    <Component>dGVzdA==</Component>
    <Component>cGFyYw==</Component>
    <Component>aG9tZQ==</Component>
    <Component>c21ldHRlcnM=</Component>
    <Component>aW50ZXJlc3RpbmdEYXRhLnR4dA==</Component>
    <Component>dg==</Component>
    <Component>NQ==</Component>
  </Name>
</Interest>
Decoding PlainInterest: 
Decoded PlainInterest: /test/parc/home/smetters/interestingData.txt/v/5: 
Encoding PlainInterest(Binary):
Encoded PlainInterest: 
���test�parc�home��smetters��interestingData.txt�v�5
Decoding PlainInterest: 
Decoded PlainInterest: /test/parc/home/smetters/interestingData.txt/v/5: 
Encoding FancyInterest(Text):
Encoded FancyInterest: 
<?xml version='1.0' encoding='UTF-8' standalone='yes' ?>
<Interest xmlns:ccn="http://www.parc.com/ccn">
  <Name>
    <Component>dGVzdA==</Component>
    <Component>cGFyYw==</Component>
    <Component>aG9tZQ==</Component>
    <Component>c21ldHRlcnM=</Component>
    <Component>aW50ZXJlc3RpbmdEYXRhLnR4dA==</Component>
    <Component>dg==</Component>
    <Component>NQ==</Component>
  </Name>
  <PublisherIssuerKeyDigest>YN1OF1FfDmpTufgDp1YL08uuFCc854ayQJ12wt8Cr08=</PublisherIssuerKeyDigest>
</Interest>
Decoding FancyInterest: 
Decoded FancyInterest: /test/parc/home/smetters/interestingData.txt/v/5:  p:ISSUER_KEY:o6t9obl2noed99rju03ktb0nkubloa2ef77gqp417bmobfg5bqf
Encoding FancyInterest(Binary):
Encoded FancyInterest: 
���test�parc�home��smetters��interestingData.txt�v�5��`�NQ_jS���V�ˮ'<熲@�v���O
Decoding FancyInterest: 
Decoded FancyInterest: /test/parc/home/smetters/interestingData.txt/v/5:  p:ISSUER_KEY:o6t9obl2noed99rju03ktb0nkubloa2ef77gqp417bmobfg5bqf
Encoding PreferenceInterest(Text):
Encoded PreferenceInterest: 
<?xml version='1.0' encoding='UTF-8' standalone='yes' ?>
<Interest xmlns:ccn="http://www.parc.com/ccn">
  <Name>
    <Component>dGVzdA==</Component>
    <Component>cGFyYw==</Component>
    <Component>aG9tZQ==</Component>
    <Component>c21ldHRlcnM=</Component>
    <Component>aW50ZXJlc3RpbmdEYXRhLnR4dA==</Component>
    <Component>dg==</Component>
    <Component>NQ==</Component>
  </Name>
  <ChildSelector>1</ChildSelector>
</Interest>
Decoding PreferenceInterest: 
Decoded PreferenceInterest: /test/parc/home/smetters/interestingData.txt/v/5: 
Encoding PreferenceInterest(Binary):
Encoded PreferenceInterest: 
���test�parc�home��smetters��interestingData.txt�v�5��1
Decoding PreferenceInterest: 
Decoded PreferenceInterest: /test/parc/home/smetters/interestingData.txt/v/5: 
Encoding MaxSuffixComponentsInterest(Text):
Encoded MaxSuffixComponentsInterest: 
<?xml version='1.0' encoding='UTF-8' standalone='yes' ?>
<Interest xmlns:ccn="http://www.parc.com/ccn">
  <Name>
    <Component>dGVzdA==</Component>
    <Component>cGFyYw==</Component>
    <Component>aG9tZQ==</Component>
    <Component>c21ldHRlcnM=</Component>
    <Component>aW50ZXJlc3RpbmdEYXRhLnR4dA==</Component>
    <Component>dg==</Component>
    <Component>NQ==</Component>
  </Name>
  <MaxSuffixComponents>3</MaxSuffixComponents>
</Interest>
Decoding MaxSuffixComponentsInterest: 
Decoded MaxSuffixComponentsInterest: /test/parc/home/smetters/interestingData.txt/v/5:  maxsc:3
Encoding MaxSuffixComponentsInterest(Binary):
Encoded MaxSuffixComponentsInterest: 
���test�parc�home��smetters��interestingData.txt�v�5��3
Decoding MaxSuffixComponentsInterest: 
Decoded MaxSuffixComponentsInterest: /test/parc/home/smetters/interestingData.txt/v/5:  maxsc:3
Encoding MinSuffixComponentsInterest(Text):
Encoded MinSuffixComponentsInterest: 
<?xml version='1.0' encoding='UTF-8' standalone='yes' ?>
<Interest xmlns:ccn="http://www.parc.com/ccn">
  <Name>
    <Component>dGVzdA==</Component>
    <Component>cGFyYw==</Component>
    <Component>aG9tZQ==</Component>
    <Component>c21ldHRlcnM=</Component>
    <Component>aW50ZXJlc3RpbmdEYXRhLnR4dA==</Component>
    <Component>dg==</Component>
    <Component>NQ==</Component>
  </Name>
  <MinSuffixComponents>3</MinSuffixComponents>
</Interest>
Decoding MinSuffixComponentsInterest: 
Decoded MinSuffixComponentsInterest: /test/parc/home/smetters/interestingData.txt/v/5:  minsc:3
Encoding MinSuffixComponentsInterest(Binary):
Encoded MinSuffixComponentsInterest: 
���test�parc�home��smetters��interestingData.txt�v�5��3
Decoding MinSuffixComponentsInterest: 
Decoded MinSuffixComponentsInterest: /test/parc/home/smetters/interestingData.txt/v/5:  minsc:3
Encoding LatestVersionInterest(Text):
Encoded LatestVersionInterest: 
<?xml version='1.0' encoding='UTF-8' standalone='yes' ?>
<Interest xmlns:ccn="http://www.parc.com/ccn">
  <Name>
    <Component>dGVzdA==</Component>
    <Component>SW50ZXJlc3RUZXN0</Component>
    <Component>dGVzdFByb2ZpbGVJbnRlcmVzdHM=</Component>
  </Name>
  <PublisherPublicKeyDigest>5FIC1+Nuv/Hag7t6BCFS8n8Kqo1OjjuiYUzo9E1n7DQ=</PublisherPublicKeyDigest>
  <Exclude>
    <Any />
    <Component>/QD//////w==</Component>
    <Component>/gAAAAAAAA==</Component>
    <Any />
  </Exclude>
  <ChildSelector>1</ChildSelector>
</Interest>
Decoding LatestVersionInterest: 
Decoded LatestVersionInterest: /test/InterestTest/testProfileInterests:  p:KEY:-6tdvkk1p4a01oinoh45vffaq3c0ulan5cbhoheptcon1ep9g4uc ex(B,=FD00FFFFFFFFFF,=FE000000000000,B)
Encoding LatestVersionInterest(Binary):
Encoded LatestVersionInterest: 
���test��InterestTest��testProfileInterests���R��n��ڃ�z!R�
��N�;�aL��Mg�4��������������1
Decoding LatestVersionInterest: 
Decoded LatestVersionInterest: /test/InterestTest/testProfileInterests:  p:KEY:-6tdvkk1p4a01oinoh45vffaq3c0ulan5cbhoheptcon1ep9g4uc ex(B,=FD00FFFFFFFFFF,=FE000000000000,B)
Encoding LatestVersionInterest - Short(Text):
Encoded LatestVersionInterest - Short: 
<?xml version='1.0' encoding='UTF-8' standalone='yes' ?>
<Interest xmlns:ccn="http://www.parc.com/ccn">
  <Name>
    <Component>dGVzdA==</Component>
    <Component>SW50ZXJlc3RUZXN0</Component>
    <Component>dGVzdFByb2ZpbGVJbnRlcmVzdHM=</Component>
  </Name>
  <MinSuffixComponents>2</MinSuffixComponents>
  <MaxSuffixComponents>2</MaxSuffixComponents>
  <PublisherPublicKeyDigest>5FIC1+Nuv/Hag7t6BCFS8n8Kqo1OjjuiYUzo9E1n7DQ=</PublisherPublicKeyDigest>
  <Exclude>
    <Any />
    <Component>/QD//////w==</Component>
    <Component>/gAAAAAAAA==</Component>
    <Any />
  </Exclude>
  <ChildSelector>1</ChildSelector>
</Interest>
Decoding LatestVersionInterest - Short: 
Decoded LatestVersionInterest - Short: /test/InterestTest/testProfileInterests:  maxsc:2 minsc:2 p:KEY:-6tdvkk1p4a01oinoh45vffaq3c0ulan5cbhoheptcon1ep9g4uc ex(B,=FD00FFFFFFFFFF,=FE000000000000,B)
Encoding LatestVersionInterest - Short(Binary):
Encoded LatestVersionInterest - Short: 
���test��InterestTest��testProfileInterests��2��2���R��n��ڃ�z!R�
��N�;�aL��Mg�4��������������1
Decoding LatestVersionInterest - Short: 
Decoded LatestVersionInterest - Short: /test/InterestTest/testProfileInterests:  maxsc:2 minsc:2 p:KEY:-6tdvkk1p4a01oinoh45vffaq3c0ulan5cbhoheptcon1ep9g4uc ex(B,=FD00FFFFFFFFFF,=FE000000000000,B)
Encoding ExcludeInterest(Text):
Encoded ExcludeInterest: 
<?xml version='1.0' encoding='UTF-8' standalone='yes' ?>
<Interest xmlns:ccn="http://www.parc.com/ccn">
  <Name>
    <Component>dGVzdA==</Component>
    <Component>cGFyYw==</Component>
    <Component>aG9tZQ==</Component>
    <Component>c21ldHRlcnM=</Component>
    <Component>aW50ZXJlc3RpbmdEYXRhLnR4dA==</Component>
    <Component>dg==</Component>
    <Component>NQ==</Component>
  </Name>
  <Exclude>
    <Component>YWFh</Component>
    <Bloom>BwZBAGJ1cnA/eVFHJhqhYvOkWDqIRj+5</Bloom>
    <Component>enp6enp6eno=</Component>
  </Exclude>
</Interest>
Decoding ExcludeInterest: 
Decoded ExcludeInterest: /test/parc/home/smetters/interestingData.txt/v/5:  ex(aaa,B,zzzzzzzz)
Encoding ExcludeInterest(Binary):
Encoded ExcludeInterest: 
���test�parc�home��smetters��interestingData.txt�v�5��aaa��Aburp?yQG&�b�X:�F?���zzzzzzzz
Decoding ExcludeInterest: 
Decoded ExcludeInterest: /test/parc/home/smetters/interestingData.txt/v/5:  ex(aaa,B,zzzzzzzz)
Encoding KeyLocator(name)(Text):
Encoded KeyLocator(name): 
<?xml version='1.0' encoding='UTF-8' standalone='yes' ?>
<KeyLocator xmlns:ccn="http://www.parc.com/ccn">
  <KeyName>
    <Name>
      <Component>dGVzdA==</Component>
      <Component>c21ldHRlcnM=</Component>
      <Component>a2V5</Component>
    </Name>
  </KeyName>
</KeyLocator>
Decoding KeyLocator(name): 
Decoded KeyLocator(name): NAME: /test/smetters/key
Encoding KeyLocator(name)(Binary):
Encoded KeyLocator(name): 
����test��smetters�key
Decoding KeyLocator(name): 
Decoded KeyLocator(name): NAME: /test/smetters/key
Encoding KeyLocator(name,ID)(Text):
Encoded KeyLocator(name,ID): 
<?xml version='1.0' encoding='UTF-8' standalone='yes' ?>
<KeyLocator xmlns:ccn="http://www.parc.com/ccn">
  <KeyName>
    <Name>
      <Component>dGVzdA==</Component>
      <Component>c21ldHRlcnM=</Component>
      <Component>a2V5</Component>
    </Name>
    <PublisherPublicKeyDigest>f7ISfmcMjEzn1w05+rnlBERTBDDsPEEEF0dJsXt5htM=</PublisherPublicKeyDigest>
  </KeyName>
</KeyLocator>
Decoding KeyLocator(name,ID): 
Decoded KeyLocator(name,ID): NAME: /test/smetters/key KEY:vti29v6e34c9jjte39pvasua124ac231r1s8421ehq9m5tnj1mj
Encoding KeyLocator(name,ID)(Binary):
Encoded KeyLocator(name,ID): 
����test��smetters�key���~g�L��9��DS0�<AGI�{y��
Decoding KeyLocator(name,ID): 
Decoded KeyLocator(name,ID): NAME: /test/smetters/key KEY:vti29v6e34c9jjte39pvasua124ac231r1s8421ehq9m5tnj1mj
Encoding KeyLocator(key)(Text):
Encoded KeyLocator(key): 
<?xml version='1.0' encoding='UTF-8' standalone='yes' ?>
<KeyLocator xmlns:ccn="http://www.parc.com/ccn">
  <Key>MFwwDQYJKoZIhvcNAQEBBQADSwAwSAJBAOgAp7Nbh8IU3gIr7NqMXOr/W9tO69YT/botHgvx+ZcEKqBKjjzb9xfcF7nDNKPMGhi05Q0hZn0IPOC5B98bUFECAwEAAQ==</Key>
</KeyLocator>
Decoding KeyLocator(key): 
Decoded KeyLocator(key): KEY: f7ISfmcMjEzn1w05+rnlBERTBDDsPEEEF0dJsXt5htM=
Encoding KeyLocator(key)(Binary):
Encoded KeyLocator(key): 
���0\0	*�H��K0HA���[���+�ڌ\��[�N���-��*�J�<�����4����!f}<��PQ
Decoding KeyLocator(key): 
Decoded KeyLocator(key): KEY: f7ISfmcMjEzn1w05+rnlBERTBDDsPEEEF0dJsXt5htM=
Encoding KeyLocator(cert)(Text):
Encoded KeyLocator(cert): 
<?xml version='1.0' encoding='UTF-8' standalone='yes' ?>
<KeyLocator xmlns:ccn="http://www.parc.com/ccn">
  <Certificate>MIIB+zCCAaWgAwIBAgIIRARUQJ8kP84wDQYJKoZIhvcNAQEFBQAwUzEPMA0GA1UEAxMGSXNzdWVyMRwwGgYDVQQLExNPcmdhbml6YXRpb25hbCBVbml0MRUwEwYDVQQKEwxPcmdhbml6YXRpb24xCzAJBgNVBAYTAlVTMB4XDTE1MDMxNjAxNTAxNloXDTE1MDQwMjAyMzA0NVowaDELMAkGA1UEBhMCVVMxEjAQBgNVBAoMCUZpbmFsIE9yZzERMA8GA1UEBwwITG9jYWxpdHkxEzARBgNVBAMMCkZyZWQgSm9uZXMxHTAbBgkqhkiG9w0BCQEWDmZyZWRAZmluYWwub3JnMFwwDQYJKoZIhvcNAQEBBQADSwAwSAJBAOgAp7Nbh8IU3gIr7NqMXOr/W9tO69YT/botHgvx+ZcEKqBKjjzb9xfcF7nDNKPMGhi05Q0hZn0IPOC5B98bUFECAwEAAaNIMEYwCwYDVR0PBAQDAgP4MAwGA1UdEwEB/wQCMAAwKQYDVR0OBCIEIH+yEn5nDIxM59cNOfq55QREUwQw7DxBBBdHSbF7eYbTMA0GCSqGSIb3DQEBBQUAA0EARPwPJB6kWZRkBjbao88eGLPGitc4GUfUgqFZzDldvO8u72k1d8w0iyVdzlk2iw7rm/pmu3fz/hZHlwGXlyzphg==</Certificate>
</KeyLocator>
Decoding KeyLocator(cert): 
Decoded KeyLocator(cert): CERTIFICATE: 326b903ede58bfbb38b571c5af2926297992bb4897d375ab4bcf9ba9428da67c
Encoding KeyLocator(cert)(Binary):
Encoded KeyLocator(cert): 
���0��0���DT@�$?�0	*�H��0S10UIssuer10UOrganizational Unit10U
Organization10	UUS0150316015016Z150402023045Z0h10	UUS10U
	Final Org10ULocality10U
Fred Jones10	*�H��	fred@final.org0\0	*�H��K0HA���[���+�ڌ\��[�N���-��*�J�<�����4����!f}<��PQ�H0F0U�0U�00)U" �~g�L��9��DS0�<AGI�{y��0	*�H��AD�$�Y�d6ڣ��Ɗ�8GԂ�Y�9]��.�i5w�4�%]�Y6���f�w��G���,�
Decoding KeyLocator(cert): 
Decoded KeyLocator(cert): CERTIFICATE: 326b903ede58bfbb38b571c5af2926297992bb4897d375ab4bcf9ba9428da67c
Encoding PublisherID(key)(Text):
Encoded PublisherID(key): 
<?xml version='1.0' encoding='UTF-8' standalone='yes' ?>
<PublisherPublicKeyDigest xmlns:ccn="http://www.parc.com/ccn">AwMDAwMDAwMDAwMDAwMDAwMDAwMDAwMDAwMDAwMDAwM=</PublisherPublicKeyDigest>
Decoding PublisherID(key): 
Decoded PublisherID(key): KEY:o30c1g60o30c1g60o30c1g60o30c1g60o30c1g60o30c1g60o3
Encoding PublisherID(key)(Binary):
Encoded PublisherID(key): 
��
Decoding PublisherID(key): 
Decoded PublisherID(key): KEY:o30c1g60o30c1g60o30c1g60o30c1g60o30c1g60o30c1g60o3
Encoding PublisherID(cert)(Text):
Encoded PublisherID(cert): 
<?xml version='1.0' encoding='UTF-8' standalone='yes' ?>
<PublisherCertificateDigest xmlns:ccn="http://www.parc.com/ccn">AwMDAwMDAwMDAwMDAwMDAwMDAwMDAwMDAwMDAwMDAwM=</PublisherCertificateDigest>
Decoding PublisherID(cert): 
Decoded PublisherID(cert): CERTIFICATE:o30c1g60o30c1g60o30c1g60o30c1g60o30c1g60o30c1g60o3
Encoding PublisherID(cert)(Binary):
Encoded PublisherID(cert): 
��
Decoding PublisherID(cert): 
Decoded PublisherID(cert): CERTIFICATE:o30c1g60o30c1g60o30c1g60o30c1g60o30c1g60o30c1g60o3
Encoding PublisherID(isskey)(Text):
Encoded PublisherID(isskey): 
<?xml version='1.0' encoding='UTF-8' standalone='yes' ?>
<PublisherIssuerKeyDigest xmlns:ccn="http://www.parc.com/ccn">AwMDAwMDAwMDAwMDAwMDAwMDAwMDAwMDAwMDAwMDAwM=</PublisherIssuerKeyDigest>
Decoding PublisherID(isskey): 
Decoded PublisherID(isskey): ISSUER_KEY:o30c1g60o30c1g60o30c1g60o30c1g60o30c1g60o30c1g60o3
Encoding PublisherID(isskey)(Binary):
Encoded PublisherID(isskey): 
��
Decoding PublisherID(isskey): 
Decoded PublisherID(isskey): ISSUER_KEY:o30c1g60o30c1g60o30c1g60o30c1g60o30c1g60o30c1g60o3
Encoding PublisherID(isscert)(Text):
Encoded PublisherID(isscert): 
<?xml version='1.0' encoding='UTF-8' standalone='yes' ?>
<PublisherIssuerCertificateDigest xmlns:ccn="http://www.parc.com/ccn">AwMDAwMDAwMDAwMDAwMDAwMDAwMDAwMDAwMDAwMDAwM=</PublisherIssuerCertificateDigest>
Decoding PublisherID(isscert): 
Decoded PublisherID(isscert): ISSUER_CERTIFICATE:o30c1g60o30c1g60o30c1g60o30c1g60o30c1g60o30c1g60o3
Encoding PublisherID(isscert)(Binary):
Encoded PublisherID(isscert): 
��
Decoding PublisherID(isscert): 
Decoded PublisherID(isscert): ISSUER_CERTIFICATE:o30c1g60o30c1g60o30c1g60o30c1g60o30c1g60o30c1g60o3
id length 52
sid hex d73589b03d145434ef7d82e7f76ce84fc664e701e4f38c1f74443c9797010367
id 1lplh6o3q52k6jnnr0n7utmegju6cjjg3p7jhgfn8h1siubg20r7
did hex d73589b03d145434ef7d82e7f76ce84fc664e701e4f38c1f74443c97970103
did ANc1ibA9FFQ0732C5/ds6E/GZOcB5POMH3REPJeXAQM=
PPKD(did) ANc1ibA9FFQ0732C5/ds6E/GZOcB5POMH3REPJeXAQM=
id2 length 50
sid2 hex d73589b03d145434ef7d82e7f76ce84fc664e701e4f38c1f74443c97970103
id2 6n6m4r0f8kagqeuvc2svrmpq2fopiee0f4ue61ut247ibpe083
id2 hex d73589b03d145434ef7d82e7f76ce84fc664e701e4f38c1f74443c97970103
did2 ANc1ibA9FFQ0732C5/ds6E/GZOcB5POMH3REPJeXAQM=
PPKD(did2) ANc1ibA9FFQ0732C5/ds6E/GZOcB5POMH3REPJeXAQM=
Via printstream: 414e6331696241394646513037333243352f647336452f475a4f634235504f4d48335245504a655841514d3d0a
into a string: ANc1ibA9FFQ0732C5/ds6E/GZOcB5POMH3REPJeXAQM=

sid3 hex d73589b03d145434ef7d82e7f76ce84fc664e701e4f38c1f74443c97970103
Encoding SignedInfo(name)(Text):
Encoded SignedInfo(name): 
<?xml version='1.0' encoding='UTF-8' standalone='yes' ?>
<SignedInfo xmlns:ccn="http://www.parc.com/ccn">
  <PublisherPublicKeyDigest>AwMDAwMDAwMDAwMDAwMDAwMDAwMDAwMDAwMDAwMDAwM=</PublisherPublicKeyDigest>
  <Timestamp>2015-03-16T01:50:16.267089843Z</Timestamp>
  <KeyLocator>
    <KeyName>
      <Name>
        <Component>dGVzdA==</Component>
        <Component>c21ldHRlcnM=</Component>
        <Component>a2V5</Component>
      </Name>
    </KeyName>
  </KeyLocator>
</SignedInfo>
Decoding SignedInfo(name): 
Decoded SignedInfo(name): si: type=DATAsi: timestamp=2015-03-16 09:50:16.267089843si: pub=AwMDAwMDAwMDAwMDAwMDAwMDAwMDAwMDAwMDAwMDAwM=si: loc=NAME: /test/smetters/key
Encoding SignedInfo(name)(Binary):
Encoded SignedInfo(name): 
�����Pcm�F����test��smetters�key
Decoding SignedInfo(name): 
Decoded SignedInfo(name): si: type=DATAsi: timestamp=2015-03-16 09:50:16.267089843si: pub=AwMDAwMDAwMDAwMDAwMDAwMDAwMDAwMDAwMDAwMDAwM=si: loc=NAME: /test/smetters/key
Encoding SignedInfo(key)(Text):
Encoded SignedInfo(key): 
<?xml version='1.0' encoding='UTF-8' standalone='yes' ?>
<SignedInfo xmlns:ccn="http://www.parc.com/ccn">
  <PublisherPublicKeyDigest>AwMDAwMDAwMDAwMDAwMDAwMDAwMDAwMDAwMDAwMDAwM=</PublisherPublicKeyDigest>
  <Timestamp>2015-03-16T01:50:16.269042968Z</Timestamp>
  <Type>KEY/</Type>
  <KeyLocator>
    <Key>MFwwDQYJKoZIhvcNAQEBBQADSwAwSAJBAKs07BTwzAGNAIbEnAD3n6+HDM9QvJ4PoE/i7hOmyed9RJ8lHMF3hj5/K7rBa4B5Q3drCDElAdkr6uN1rPkL2cUCAwEAAQ==</Key>
  </KeyLocator>
</SignedInfo>
Decoding SignedInfo(key): 
Decoded SignedInfo(key): si: type=KEY/si: timestamp=2015-03-16 09:50:16.269042968si: pub=AwMDAwMDAwMDAwMDAwMDAwMDAwMDAwMDAwMDAwMDAwM=si: loc=KEY: wzp4XYls8CyPVMb9ynX3ACZ6A1bnFvn9iyffZTgCUXk=
Encoding SignedInfo(key)(Binary):
Encoded SignedInfo(key): 
�����Pcm�N(F?���0\0	*�H��K0HA�4�����Ĝ�����P���O�����}D�%�w�>+��k�yCwk1%�+��u����
Decoding SignedInfo(key): 
Decoded SignedInfo(key): si: type=KEY/si: timestamp=2015-03-16 09:50:16.269042968si: pub=AwMDAwMDAwMDAwMDAwMDAwMDAwMDAwMDAwMDAwMDAwM=si: loc=KEY: wzp4XYls8CyPVMb9ynX3ACZ6A1bnFvn9iyffZTgCUXk=
Encoding SignedInfo(cert)(Text):
Encoded SignedInfo(cert): 
<?xml version='1.0' encoding='UTF-8' standalone='yes' ?>
<SignedInfo xmlns:ccn="http://www.parc.com/ccn">
  <PublisherPublicKeyDigest>AwMDAwMDAwMDAwMDAwMDAwMDAwMDAwMDAwMDAwMDAwM=</PublisherPublicKeyDigest>
  <Timestamp>2015-03-16T01:50:16.271972656Z</Timestamp>
  <Type>LINK</Type>
  <KeyLocator>
    <Certificate>MIIB/DCCAaagAwIBAgIJANfZGuY4uPDjMA0GCSqGSIb3DQEBBQUAMFMxDzANBgNVBAMTBklzc3VlcjEcMBoGA1UECxMTT3JnYW5pemF0aW9uYWwgVW5pdDEVMBMGA1UEChMMT3JnYW5pemF0aW9uMQswCQYDVQQGEwJVUzAeFw0xNTAzMTYwMTUwMTZaFw0xNTA0MDIwMjMwNDVaMGgxCzAJBgNVBAYTAlVTMRIwEAYDVQQKDAlGaW5hbCBPcmcxETAPBgNVBAcMCExvY2FsaXR5MRMwEQYDVQQDDApGcmVkIEpvbmVzMR0wGwYJKoZIhvcNAQkBFg5mcmVkQGZpbmFsLm9yZzBcMA0GCSqGSIb3DQEBAQUAA0sAMEgCQQCrNOwU8MwBjQCGxJwA95+vhwzPULyeD6BP4u4TpsnnfUSfJRzBd4Y+fyu6wWuAeUN3awgxJQHZK+rjdaz5C9nFAgMBAAGjSDBGMAsGA1UdDwQEAwID+DAMBgNVHRMBAf8EAjAAMCkGA1UdDgQiBCDDOnhdiWzwLI9Uxv3KdfcAJnoDVucW+f2LJ99lOAJReTANBgkqhkiG9w0BAQUFAANBAGMXnxwfxuFL/Bxa7SltE8L4Up0PcInxtClPKFNqkpBYl437Gu1QzWde+J9xJIbS27q/qoY367vPr0I3an6f7Bg=</Certificate>
  </KeyLocator>
</SignedInfo>
Decoding SignedInfo(cert): 
Decoded SignedInfo(cert): si: type=LINKsi: timestamp=2015-03-16 09:50:16.271972656si: pub=AwMDAwMDAwMDAwMDAwMDAwMDAwMDAwMDAwMDAwMDAwM=si: loc=CERTIFICATE: dc2a2df9f888913669248fe036cc0d1741ed1034c457f690bc5e1f24ad60118d
Encoding SignedInfo(cert)(Binary):
Encoded SignedInfo(cert): 
�����Pcm�Z,�J�� �0��0���	���8���0	*�H��0S10UIssuer10UOrganizational Unit10U
Organization10	UUS0150316015016Z150402023045Z0h10	UUS10U
	Final Org10ULocality10U
Fred Jones10	*�H��	fred@final.org0\0	*�H��K0HA�4�����Ĝ�����P���O�����}D�%�w�>+��k�yCwk1%�+��u�����H0F0U�0U�00)U" �:x]�l�,�T���u�&zV���'�e8Qy0	*�H��Ac���K�Z�)m��R�p��)O(Sj��X����P�g^�q$��ۺ���7�ϯB7j~��
Decoding SignedInfo(cert): 
Decoded SignedInfo(cert): si: type=LINKsi: timestamp=2015-03-16 09:50:16.271972656si: pub=AwMDAwMDAwMDAwMDAwMDAwMDAwMDAwMDAwMDAwMDAwM=si: loc=CERTIFICATE: dc2a2df9f888913669248fe036cc0d1741ed1034c457f690bc5e1f24ad60118d
Encoding Collection(Text):
Encoded Collection: 
<?xml version='1.0' encoding='UTF-8' standalone='yes' ?>
<Collection xmlns:ccn="http://www.parc.com/ccn">
  <Link>
    <Name>
      <Component>dGVzdA==</Component>
      <Component>c21ldHRlcnM=</Component>
      <Component>aW50cm8uaHRtbA==</Component>
    </Name>
    <LinkAuthenticator>
      <PublisherPublicKeyDigest>BgYGBgYGBgYGBgYGBgYGBgYGBgYGBgYGBgYGBgYGBgY=</PublisherPublicKeyDigest>
    </LinkAuthenticator>
  </Link>
  <Link>
    <Name>
      <Component>dGVzdA==</Component>
      <Component>c21ldHRlcnM=</Component>
      <Component>a2V5</Component>
    </Name>
  </Link>
  <Link>
    <Name>
      <Component>dGVzdA==</Component>
      <Component>c21ldHRlcnM=</Component>
      <Component>Y3YudHh0</Component>
    </Name>
    <LinkAuthenticator>
      <PublisherIssuerKeyDigest>AwMDAwMDAwMDAwMDAwMDAwMDAwMDAwMDAwMDAwMDAwM=</PublisherIssuerKeyDigest>
      <Type>DATA</Type>
      <ContentDigest>AgICAgICAgICAgICAgICAgICAgICAgICAgICAgICAgI=</ContentDigest>
    </LinkAuthenticator>
  </Link>
  <Link>
    <Name>
      <Component>cGFyYw==</Component>
      <Component>aG9tZQ==</Component>
      <Component>YnJpZ2dz</Component>
      <Component>Y29sbGFib3JhdG9ycy50eHQ=</Component>
    </Name>
    <LinkAuthenticator>
      <PublisherPublicKeyDigest>BgYGBgYGBgYGBgYGBgYGBgYGBgYGBgYGBgYGBgYGBgY=</PublisherPublicKeyDigest>
      <ContentDigest>AgICAgICAgICAgICAgICAgICAgICAgICAgICAgICAgI=</ContentDigest>
    </LinkAuthenticator>
  </Link>
</Collection>
Decoding Collection: 
Decoded Collection: 17:
	Link [targetName=/test/smetters/intro.html, targetLabel=null, targetAuthenticator=LinkAuthenticator [contentDigest=, nameComponentCount=null, publisher=KEY:1g60o30c1g60o30c1g60o30c1g60o30c1g60o30c1g60o30c1g6, timestamp=null, type=null]]
	Link [targetName=/test/smetters/key, targetLabel=null, targetAuthenticator=null]
	Link [targetName=/test/smetters/cv.txt, targetLabel=null, targetAuthenticator=LinkAuthenticator [contentDigest=s01ne05f3al3hjjuchu84iqk9ip9ua5udwbudcg2e2205ofcu, nameComponentCount=null, publisher=ISSUER_KEY:o30c1g60o30c1g60o30c1g60o30c1g60o30c1g60o30c1g60o3, timestamp=null, type=DATA]]
	Link [targetName=/parc/home/briggs/collaborators.txt, targetLabel=null, targetAuthenticator=LinkAuthenticator [contentDigest=s01ne05f3al3hjjuchu84iqk9ip9ua5udwbudcg2e2205ofcu, nameComponentCount=null, publisher=KEY:1g60o30c1g60o30c1g60o30c1g60o30c1g60o30c1g60o30c1g6, timestamp=null, type=null]]


Encoding Collection(Binary):
Encoded Collection: 
����test��smetters��intro.html������test��smetters�key���test��smetters�cv.txt���¦DATA�����parc�home�briggs��collaborators.txt�����
Decoding Collection: 
Decoded Collection: 17:
	Link [targetName=/test/smetters/intro.html, targetLabel=null, targetAuthenticator=LinkAuthenticator [contentDigest=, nameComponentCount=null, publisher=KEY:1g60o30c1g60o30c1g60o30c1g60o30c1g60o30c1g60o30c1g6, timestamp=null, type=null]]
	Link [targetName=/test/smetters/key, targetLabel=null, targetAuthenticator=null]
	Link [targetName=/test/smetters/cv.txt, targetLabel=null, targetAuthenticator=LinkAuthenticator [contentDigest=s01ne05f3al3hjjuchu84iqk9ip9ua5udwbudcg2e2205ofcu, nameComponentCount=null, publisher=ISSUER_KEY:o30c1g60o30c1g60o30c1g60o30c1g60o30c1g60o30c1g60o3, timestamp=null, type=DATA]]
	Link [targetName=/parc/home/briggs/collaborators.txt, targetLabel=null, targetAuthenticator=LinkAuthenticator [contentDigest=s01ne05f3al3hjjuchu84iqk9ip9ua5udwbudcg2e2205ofcu, nameComponentCount=null, publisher=KEY:1g60o30c1g60o30c1g60o30c1g60o30c1g60o30c1g60o30c1g6, timestamp=null, type=null]]


Encoding Collection(Text):
Encoded Collection: 
Decoding Collection: 
Decoded Collection: 17:
	Link [targetName=/test/smetters/intro.html, targetLabel=null, targetAuthenticator=LinkAuthenticator [contentDigest=, nameComponentCount=null, publisher=KEY:1g60o30c1g60o30c1g60o30c1g60o30c1g60o30c1g60o30c1g6, timestamp=null, type=null]]
	Link [targetName=/test/smetters/key, targetLabel=null, targetAuthenticator=null]
	Link [targetName=/test/smetters/cv.txt, targetLabel=null, targetAuthenticator=LinkAuthenticator [contentDigest=s01ne05f3al3hjjuchu84iqk9ip9ua5udwbudcg2e2205ofcu, nameComponentCount=null, publisher=ISSUER_KEY:o30c1g60o30c1g60o30c1g60o30c1g60o30c1g60o30c1g60o3, timestamp=null, type=DATA]]
	Link [targetName=/parc/home/briggs/collaborators.txt, targetLabel=null, targetAuthenticator=LinkAuthenticator [contentDigest=s01ne05f3al3hjjuchu84iqk9ip9ua5udwbudcg2e2205ofcu, nameComponentCount=null, publisher=KEY:1g60o30c1g60o30c1g60o30c1g60o30c1g60o30c1g60o30c1g6, timestamp=null, type=null]]


Encoding Collection(Binary):
Encoded Collection: 
Decoding Collection: 
Decoded Collection: 17:
	Link [targetName=/test/smetters/intro.html, targetLabel=null, targetAuthenticator=LinkAuthenticator [contentDigest=, nameComponentCount=null, publisher=KEY:1g60o30c1g60o30c1g60o30c1g60o30c1g60o30c1g60o30c1g6, timestamp=null, type=null]]
	Link [targetName=/test/smetters/key, targetLabel=null, targetAuthenticator=null]
	Link [targetName=/test/smetters/cv.txt, targetLabel=null, targetAuthenticator=LinkAuthenticator [contentDigest=s01ne05f3al3hjjuchu84iqk9ip9ua5udwbudcg2e2205ofcu, nameComponentCount=null, publisher=ISSUER_KEY:o30c1g60o30c1g60o30c1g60o30c1g60o30c1g60o30c1g60o3, timestamp=null, type=DATA]]
	Link [targetName=/parc/home/briggs/collaborators.txt, targetLabel=null, targetAuthenticator=LinkAuthenticator [contentDigest=s01ne05f3al3hjjuchu84iqk9ip9ua5udwbudcg2e2205ofcu, nameComponentCount=null, publisher=KEY:1g60o30c1g60o30c1g60o30c1g60o30c1g60o30c1g60o30c1g6, timestamp=null, type=null]]


Saved empty Collection, length: 3
Saved two collection datas, lengths 485 and 8935
Saved two collection datas, lengths 485 and 443
Encoded Header: 
���137¦8192�2��		��		
Encoding Header(Text):
Encoded Header: 
<?xml version='1.0' encoding='UTF-8' standalone='yes' ?>
<Header xmlns:ccn="http://www.parc.com/ccn">
  <Start>1</Start>
  <Count>37</Count>
  <BlockSize>8192</BlockSize>
  <Length>2</Length>
  <ContentDigest>AQIDBAUGBwgJAAkIBwYFBAMCAQ==</ContentDigest>
  <RootDigest>AQIDBAUGBwgJAAkIBwYFBAMCAQ==</RootDigest>
</Header>
Decoding Header: 
Decoded Header: <?xml version='1.0' encoding='UTF-8' standalone='yes' ?>
<Header xmlns:ccn="http://www.parc.com/ccn">
  <Start>1</Start>
  <Count>37</Count>
  <BlockSize>8192</BlockSize>
  <Length>2</Length>
  <ContentDigest>AQIDBAUGBwgJAAkIBwYFBAMCAQ==</ContentDigest>
  <RootDigest>AQIDBAUGBwgJAAkIBwYFBAMCAQ==</RootDigest>
</Header>
Encoding Header(Binary):
Encoded Header: 
���137¦8192�2��		��		
Decoding Header: 
Decoded Header: <?xml version='1.0' encoding='UTF-8' standalone='yes' ?>
<Header xmlns:ccn="http://www.parc.com/ccn">
  <Start>1</Start>
  <Count>37</Count>
  <BlockSize>8192</BlockSize>
  <Length>2</Length>
  <ContentDigest>AQIDBAUGBwgJAAkIBwYFBAMCAQ==</ContentDigest>
  <RootDigest>AQIDBAUGBwgJAAkIBwYFBAMCAQ==</RootDigest>
</Header>
Encoded header: ���021¦4096�83545��		��		
Decoding header...
Decoded header: <?xml version='1.0' encoding='UTF-8' standalone='yes' ?>
<Header xmlns:ccn="http://www.parc.com/ccn">
  <Start>0</Start>
  <Count>21</Count>
  <BlockSize>4096</BlockSize>
  <Length>83545</Length>
  <ContentDigest>AQIDBAUGBwgJAAkIBwYFBAMCAQ==</ContentDigest>
  <RootDigest>AQIDBAUGBwgJAAkIBwYFBAMCAQ==</RootDigest>
</Header>
Encoding Collection(Text):
Encoded Collection: 
<?xml version='1.0' encoding='UTF-8' standalone='yes' ?>
<KeyValueSet xmlns:ccn="http://www.parc.com/ccn">
  <Entry>
    <Key>test1</Key>
    <IntegerValue>1</IntegerValue>
  </Entry>
  <Entry>
    <Key>test2</Key>
    <DecimalValue>1.5</DecimalValue>
  </Entry>
  <Entry>
    <Key>test3</Key>
    <StringValue>test3</StringValue>
  </Entry>
  <Entry>
    <Key>test4</Key>
    <BinaryValue>AQIDBA==</BinaryValue>
  </Entry>
  <Entry>
    <Key>test5</Key>
    <NameValue>
      <Name>
        <Component>Y2Nu</Component>
        <Component>VGVzdEtleVNldFRlc3Q=</Component>
      </Name>
    </NameValue>
  </Entry>
</KeyValueSet>
Decoding Collection: 
Decoded Collection: <?xml version='1.0' encoding='UTF-8' standalone='yes' ?>
<KeyValueSet xmlns:ccn="http://www.parc.com/ccn">
  <Entry>
    <Key>test1</Key>
    <IntegerValue>1</IntegerValue>
  </Entry>
  <Entry>
    <Key>test2</Key>
    <DecimalValue>1.5</DecimalValue>
  </Entry>
  <Entry>
    <Key>test3</Key>
    <StringValue>test3</StringValue>
  </Entry>
  <Entry>
    <Key>test4</Key>
    <BinaryValue>AQIDBA==</BinaryValue>
  </Entry>
  <Entry>
    <Key>test5</Key>
    <NameValue>
      <Name>
        <Component>Y2Nu</Component>
        <Component>VGVzdEtleVNldFRlc3Q=</Component>
      </Name>
    </NameValue>
  </Entry>
</KeyValueSet>
Encoding Collection(Binary):
Encoded Collection: 
��ڮtest1��1�ڮtest2��1.5�ڮtest3��test3�ڮtest4���ڮtest5���ccn��TestKeySetTest
Decoding Collection: 
Decoded Collection: <?xml version='1.0' encoding='UTF-8' standalone='yes' ?>
<KeyValueSet xmlns:ccn="http://www.parc.com/ccn">
  <Entry>
    <Key>test1</Key>
    <IntegerValue>1</IntegerValue>
  </Entry>
  <Entry>
    <Key>test2</Key>
    <DecimalValue>1.5</DecimalValue>
  </Entry>
  <Entry>
    <Key>test3</Key>
    <StringValue>test3</StringValue>
  </Entry>
  <Entry>
    <Key>test4</Key>
    <BinaryValue>AQIDBA==</BinaryValue>
  </Entry>
  <Entry>
    <Key>test5</Key>
    <NameValue>
      <Name>
        <Component>Y2Nu</Component>
        <Component>VGVzdEtleVNldFRlc3Q=</Component>
      </Name>
    </NameValue>
  </Entry>
</KeyValueSet>
Encoding LinkReference_0(Text):
Encoded LinkReference_0: 
<?xml version='1.0' encoding='UTF-8' standalone='yes' ?>
<Link xmlns:ccn="http://www.parc.com/ccn">
  <Name>
    <Component>bGluaw==</Component>
    <Component>c21ldHRlcnM=</Component>
    <Component>aW50cm8uaHRtbA==</Component>
  </Name>
  <Label>This is a label</Label>
  <LinkAuthenticator>
    <PublisherIssuerKeyDigest>AwMDAwMDAwMDAwMDAwMDAwMDAwMDAwMDAwMDAwMDAwM=</PublisherIssuerKeyDigest>
  </LinkAuthenticator>
</Link>
Decoding LinkReference_0: 
Decoded LinkReference_0: Link [targetName=/link/smetters/intro.html, targetLabel=This is a label, targetAuthenticator=LinkAuthenticator [contentDigest=, nameComponentCount=null, publisher=ISSUER_KEY:o30c1g60o30c1g60o30c1g60o30c1g60o30c1g60o30c1g60o3, timestamp=null, type=null]]
Encoding LinkReference_0(Binary):
Encoded LinkReference_0: 
���link��smetters��intro.html��This is a label���
Decoding LinkReference_0: 
Decoded LinkReference_0: Link [targetName=/link/smetters/intro.html, targetLabel=This is a label, targetAuthenticator=LinkAuthenticator [contentDigest=, nameComponentCount=null, publisher=ISSUER_KEY:o30c1g60o30c1g60o30c1g60o30c1g60o30c1g60o30c1g60o3, timestamp=null, type=null]]
Encoding LinkReference_1(Text):
Encoded LinkReference_1: 
<?xml version='1.0' encoding='UTF-8' standalone='yes' ?>
<Link xmlns:ccn="http://www.parc.com/ccn">
  <Name>
    <Component>bGluaw==</Component>
    <Component>c21ldHRlcnM=</Component>
    <Component>a2V5</Component>
  </Name>
  <LinkAuthenticator />
</Link>
Decoding LinkReference_1: 
Decoded LinkReference_1: Link [targetName=/link/smetters/key, targetLabel=null, targetAuthenticator=LinkAuthenticator [contentDigest=, nameComponentCount=null, publisher=null, timestamp=null, type=null]]
Encoding LinkReference_1(Binary):
Encoded LinkReference_1: 
���link��smetters�key�
Decoding LinkReference_1: 
Decoded LinkReference_1: Link [targetName=/link/smetters/key, targetLabel=null, targetAuthenticator=LinkAuthenticator [contentDigest=, nameComponentCount=null, publisher=null, timestamp=null, type=null]]
Encoding LinkReference_2(Text):
Encoded LinkReference_2: 
<?xml version='1.0' encoding='UTF-8' standalone='yes' ?>
<Link xmlns:ccn="http://www.parc.com/ccn">
  <Name>
    <Component>bGluaw==</Component>
    <Component>c21ldHRlcnM=</Component>
    <Component>Y3YudHh0</Component>
  </Name>
  <LinkAuthenticator>
    <ContentDigest>BAQEBAQEBAQEBAQEBAQEBAQEBAQEBAQEBAQEBAQEBAQ=</ContentDigest>
  </LinkAuthenticator>
</Link>
Decoding LinkReference_2: 
Decoded LinkReference_2: Link [targetName=/link/smetters/cv.txt, targetLabel=null, targetAuthenticator=LinkAuthenticator [contentDigest=1m03cs0au6l87155qp1qg93j6j3gjqkbqrunqqow4s440beupq, nameComponentCount=null, publisher=null, timestamp=null, type=null]]
Encoding LinkReference_2(Binary):
Encoded LinkReference_2: 
���link��smetters�cv.txt���
Decoding LinkReference_2: 
Decoded LinkReference_2: Link [targetName=/link/smetters/cv.txt, targetLabel=null, targetAuthenticator=LinkAuthenticator [contentDigest=1m03cs0au6l87155qp1qg93j6j3gjqkbqrunqqow4s440beupq, nameComponentCount=null, publisher=null, timestamp=null, type=null]]
Encoding LinkReference_3(Text):
Encoded LinkReference_3: 
<?xml version='1.0' encoding='UTF-8' standalone='yes' ?>
<Link xmlns:ccn="http://www.parc.com/ccn">
  <Name>
    <Component>bGluaw==</Component>
    <Component>aG9tZQ==</Component>
    <Component>YnJpZ2dz</Component>
    <Component>Y29sbGFib3JhdG9ycy50eHQ=</Component>
  </Name>
  <Label>BigLabel</Label>
  <LinkAuthenticator>
    <PublisherIssuerKeyDigest>AwMDAwMDAwMDAwMDAwMDAwMDAwMDAwMDAwMDAwMDAwM=</PublisherIssuerKeyDigest>
    <Type>DATA</Type>
    <ContentDigest>AgICAgICAgICAgICAgICAgICAgICAgICAgICAgICAgI=</ContentDigest>
  </LinkAuthenticator>
</Link>
Decoding LinkReference_3: 
Decoded LinkReference_3: Link [targetName=/link/home/briggs/collaborators.txt, targetLabel=BigLabel, targetAuthenticator=LinkAuthenticator [contentDigest=s01ne05f3al3hjjuchu84iqk9ip9ua5udwbudcg2e2205ofcu, nameComponentCount=null, publisher=ISSUER_KEY:o30c1g60o30c1g60o30c1g60o30c1g60o30c1g60o30c1g60o3, timestamp=null, type=DATA]]
Encoding LinkReference_3(Binary):
Encoded LinkReference_3: 
���link�home�briggs��collaborators.txt��BigLabel���¦DATA��
Decoding LinkReference_3: 
Decoded LinkReference_3: Link [targetName=/link/home/briggs/collaborators.txt, targetLabel=BigLabel, targetAuthenticator=LinkAuthenticator [contentDigest=s01ne05f3al3hjjuchu84iqk9ip9ua5udwbudcg2e2205ofcu, nameComponentCount=null, publisher=ISSUER_KEY:o30c1g60o30c1g60o30c1g60o30c1g60o30c1g60o30c1g60o3, timestamp=null, type=DATA]]
Saved two public keys, lengths 351 and 351
Saved two public keys, lengths 351 and 351
Encoding WrappedKey(dummy)(Text):
Encoded WrappedKey(dummy): 
<?xml version='1.0' encoding='UTF-8' standalone='yes' ?>
<WrappedKey xmlns:ccn="http://www.parc.com/ccn">
  <WrappingKeyIdentifier>ciZbe9iCBr8t7pGKANpre4sdGTkrI5LaG25jS1GKt2g=</WrappingKeyIdentifier>
  <EncryptedKey>poNkMGYOsUT5Z+cBKke1L+9hBLMtd++BzDVWEwZf74/WzeJVdZhPNvYEiUGxL7inuSxlex2p9hG0CQnNpWejZA==</EncryptedKey>
</WrappedKey>
Decoding WrappedKey(dummy): 
Decoded WrappedKey(dummy): WrappedKey: wrapping key ID: 72265b7bd88206bf2dee918a00da6b7b8b1d19392b2392da1b6e634b518ab768 wrapping key name: null wrap algorithm: null key algorithm: null label: null has nonce key? false
Encoding WrappedKey(dummy)(Binary):
Encoded WrappedKey(dummy): 
���r&[{؂�-�k{�9+#��ncKQ��h����d0f�D�g�*G�/�a�-w��5V_����Uu�O6��A�/���,e{���		ͥg�d
Decoding WrappedKey(dummy): 
Decoded WrappedKey(dummy): WrappedKey: wrapping key ID: 72265b7bd88206bf2dee918a00da6b7b8b1d19392b2392da1b6e634b518ab768 wrapping key name: null wrap algorithm: null key algorithm: null label: null has nonce key? false
Encoding WrappedKey(symmetric, real)(Text):
Encoded WrappedKey(symmetric, real): 
<?xml version='1.0' encoding='UTF-8' standalone='yes' ?>
<WrappedKey xmlns:ccn="http://www.parc.com/ccn">
  <KeyAlgorithm>AES</KeyAlgorithm>
  <Label>FileEncryptionKeys</Label>
  <EncryptedKey>KqzaR3723/LJAylyURHq8oObgmuZHYGi</EncryptedKey>
</WrappedKey>
Decoding WrappedKey(symmetric, real): 
Decoded WrappedKey(symmetric, real): WrappedKey: wrapping key ID: <empty> wrapping key name: null wrap algorithm: null key algorithm: AES label: FileEncryptionKeys has nonce key? false
Encoding WrappedKey(symmetric, real)(Binary):
Encoded WrappedKey(symmetric, real): 
���AES��FileEncryptionKeys��*��G~����)rQ�k���
Decoding WrappedKey(symmetric, real): 
Decoded WrappedKey(symmetric, real): WrappedKey: wrapping key ID: <empty> wrapping key name: null wrap algorithm: null key algorithm: AES label: FileEncryptionKeys has nonce key? false
Encoding WrappedKey(assymmetric wrap symmetric, with id and name)(Text):
Encoded WrappedKey(assymmetric wrap symmetric, with id and name): 
<?xml version='1.0' encoding='UTF-8' standalone='yes' ?>
<WrappedKey xmlns:ccn="http://www.parc.com/ccn">
  <WrappingKeyIdentifier>ciZbe9iCBr8t7pGKANpre4sdGTkrI5LaG25jS1GKt2g=</WrappingKeyIdentifier>
  <WrappingKeyName>
    <Component>cGFyYw==</Component>
    <Component>VXNlcnM=</Component>
    <Component>YnJpZ2dz</Component>
    <Component>S0VZ</Component>
    <Component>/QVQY22Iiw==</Component>
  </WrappingKeyName>
  <KeyAlgorithm>2.16.840.1.101.3.4.1.2</KeyAlgorithm>
  <Label>FileEncryptionKeys</Label>
  <EncryptedKey>aekDqrrBqt/F3eLS6Q/COw2lDxN4j3TVDbzqyI/IWpf9ttB/0TOZDLxa8o6S2RUvIvOayFcvnY/1zBsYRaQXy79gnv6njXqjkTCHtfYvKzsNNKp839ISIf19IzFAY8OY8zDS3+wVTqit2gBa6uVecuuSwpjszJghtPPAEfQjQ6E=</EncryptedKey>
</WrappedKey>
Decoding WrappedKey(assymmetric wrap symmetric, with id and name): 
Decoded WrappedKey(assymmetric wrap symmetric, with id and name): WrappedKey: wrapping key ID: 72265b7bd88206bf2dee918a00da6b7b8b1d19392b2392da1b6e634b518ab768 wrapping key name: /parc/Users/briggs/KEY/=FD0550636D888B wrap algorithm: null key algorithm: 2.16.840.1.101.3.4.1.2 label: FileEncryptionKeys has nonce key? false
Encoding WrappedKey(assymmetric wrap symmetric, with id and name)(Binary):
Encoded WrappedKey(assymmetric wrap symmetric, with id and name): 
���r&[{؂�-�k{�9+#��ncKQ��h��parc�Users�briggs�KEY��Pcm����2.16.840.1.101.3.4.1.2��FileEncryptionKeys��i������������;�x�t���ȏ�Z����3��Z��/"��W/����E�˿`����z��0���/+;4�|��!�}#1@cØ�0���N���Z��^r��̘!����#C�
Decoding WrappedKey(assymmetric wrap symmetric, with id and name): 
Decoded WrappedKey(assymmetric wrap symmetric, with id and name): WrappedKey: wrapping key ID: 72265b7bd88206bf2dee918a00da6b7b8b1d19392b2392da1b6e634b518ab768 wrapping key name: /parc/Users/briggs/KEY/=FD0550636D888B wrap algorithm: null key algorithm: 2.16.840.1.101.3.4.1.2 label: FileEncryptionKeys has nonce key? false
Encoding WrappedKey(full)(Text):
Encoded WrappedKey(full): 
<?xml version='1.0' encoding='UTF-8' standalone='yes' ?>
<WrappedKey xmlns:ccn="http://www.parc.com/ccn">
  <WrappingKeyIdentifier>ciZbe9iCBr8t7pGKANpre4sdGTkrI5LaG25jS1GKt2g=</WrappingKeyIdentifier>
  <WrapAlgorithm>RSA/NONE/OAEPWithSHA256AndMGF1Padding</WrapAlgorithm>
  <KeyAlgorithm>AES</KeyAlgorithm>
  <Label>FileEncryptionKeys</Label>
  <EncryptedKey>JbD7tO9lGu9gZ1DzvfAFfCkmjwH93bBBcLmMIyKywbcWS7ddbBVDiRrDvCsZPNCtQAx73JXHvXrumvY7eTHmambF1Gy6ExqKzrCQMl14ZngYGuBXIRo0ndxl4QR/IfMo9sSBpbxC0aJ3N4hrdoukmkazV5Ik3o6D+EAN2+yC2TM=</EncryptedKey>
</WrappedKey>
Decoding WrappedKey(full): 
Decoded WrappedKey(full): WrappedKey: wrapping key ID: 72265b7bd88206bf2dee918a00da6b7b8b1d19392b2392da1b6e634b518ab768 wrapping key name: null wrap algorithm: RSA/NONE/OAEPWithSHA256AndMGF1Padding key algorithm: AES label: FileEncryptionKeys has nonce key? false
Encoding WrappedKey(full)(Binary):
Encoded WrappedKey(full): 
���r&[{؂�-�k{�9+#��ncKQ��h��RSA/NONE/OAEPWithSHA256AndMGF1Padding��AES��FileEncryptionKeys��%���e�`gP��|)&��ݰAp��#"���K�]lC�ü+<Э@{ܕǽz��;y1�jf��l��ΰ�2]xfx�W!4��e�!�(�ā��BѢw7�kv���F�W�$ގ��@���3
Decoding WrappedKey(full): 
Decoded WrappedKey(full): WrappedKey: wrapping key ID: 72265b7bd88206bf2dee918a00da6b7b8b1d19392b2392da1b6e634b518ab768 wrapping key name: null wrap algorithm: RSA/NONE/OAEPWithSHA256AndMGF1Padding key algorithm: AES label: FileEncryptionKeys has nonce key? false
From long name   : /testme/=FD7FFFFF
From ccntime name: /testme/=FD7FFFFF
From long name   : /testme/=FD80FFFF
From ccntime name: /testme/=FD80FFFF
Encoding: <?xml version='1.0' encoding='UTF-8' standalone='yes' ?>
<FaceInstance xmlns:ccn="http://www.parc.com/ccn">
  <Action>newface</Action>
  <IPProto>6</IPProto>
  <Host>TheNameDoesntMatter</Host>
  <Port>5</Port>
  <MulticastInterface>WhoCares</MulticastInterface>
  <MulticastTTL>42</MulticastTTL>
  <FreshnessSeconds>100</FreshnessSeconds>
</FaceInstance>
Encoded: 
�ʾnewfaceڎ6��TheNameDoesntMatter�5��WhoCares��42Ҟ100
Encoding: <?xml version='1.0' encoding='UTF-8' standalone='yes' ?>
<FaceInstance xmlns:ccn="http://www.parc.com/ccn">
  <Action>newface</Action>
  <IPProto>6</IPProto>
  <Host>TheNameDoesntMatter</Host>
  <Port>5</Port>
  <MulticastInterface>WhoCares</MulticastInterface>
  <MulticastTTL>42</MulticastTTL>
  <FreshnessSeconds>100</FreshnessSeconds>
</FaceInstance>
Encoded: 
�ʾnewfaceڎ6��TheNameDoesntMatter�5��WhoCares��42Ҟ100
Decoding: 
Decoded: <?xml version='1.0' encoding='UTF-8' standalone='yes' ?>
<FaceInstance xmlns:ccn="http://www.parc.com/ccn">
  <Action>newface</Action>
  <IPProto>6</IPProto>
  <Host>TheNameDoesntMatter</Host>
  <Port>5</Port>
  <MulticastInterface>WhoCares</MulticastInterface>
  <MulticastTTL>42</MulticastTTL>
  <FreshnessSeconds>100</FreshnessSeconds>
</FaceInstance>
Encoding: <?xml version='1.0' encoding='UTF-8' standalone='yes' ?>
<FaceInstance xmlns:ccn="http://www.parc.com/ccn">
  <Action>newface</Action>
  <IPProto>6</IPProto>
  <Host>TheNameDoesntMatter</Host>
  <Port>5</Port>
  <MulticastInterface>WhoCares</MulticastInterface>
  <MulticastTTL>42</MulticastTTL>
  <FreshnessSeconds>100</FreshnessSeconds>
</FaceInstance>
Encoding FaceIntance(Text):
Encoded FaceIntance: 
<?xml version='1.0' encoding='UTF-8' standalone='yes' ?>
<FaceInstance xmlns:ccn="http://www.parc.com/ccn">
  <Action>newface</Action>
  <IPProto>6</IPProto>
  <Host>TheNameDoesntMatter</Host>
  <Port>5</Port>
  <MulticastInterface>WhoCares</MulticastInterface>
  <MulticastTTL>42</MulticastTTL>
  <FreshnessSeconds>100</FreshnessSeconds>
</FaceInstance>
Decoding FaceIntance: 
Decoded FaceIntance: <?xml version='1.0' encoding='UTF-8' standalone='yes' ?>
<FaceInstance xmlns:ccn="http://www.parc.com/ccn">
  <Action>newface</Action>
  <IPProto>6</IPProto>
  <Host>TheNameDoesntMatter</Host>
  <Port>5</Port>
  <MulticastInterface>WhoCares</MulticastInterface>
  <MulticastTTL>42</MulticastTTL>
  <FreshnessSeconds>100</FreshnessSeconds>
</FaceInstance>
Encoding FaceIntance(Binary):
Encoded FaceIntance: 
�ʾnewfaceڎ6��TheNameDoesntMatter�5��WhoCares��42Ҟ100
Decoding FaceIntance: 
Decoded FaceIntance: <?xml version='1.0' encoding='UTF-8' standalone='yes' ?>
<FaceInstance xmlns:ccn="http://www.parc.com/ccn">
  <Action>newface</Action>
  <IPProto>6</IPProto>
  <Host>TheNameDoesntMatter</Host>
  <Port>5</Port>
  <MulticastInterface>WhoCares</MulticastInterface>
  <MulticastTTL>42</MulticastTTL>
  <FreshnessSeconds>100</FreshnessSeconds>
</FaceInstance>

PrefixRegistrationManagerTest.testEncodeOutputStream:
Encoding: <?xml version='1.0' encoding='UTF-8' standalone='yes' ?>
<ForwardingEntry xmlns:ccn="http://www.parc.com/ccn">
  <Action>prefixreg</Action>
  <Name>
    <Component>cHJlZml4</Component>
    <Component>dG8=</Component>
    <Component>dGVzdA==</Component>
    <Component>d2l0aA==</Component>
  </Name>
  <FaceID>42</FaceID>
  <ForwardingFlags>3</ForwardingFlags>
  <FreshnessSeconds>149</FreshnessSeconds>
</ForwardingEntry>
Encoded: 
=05EFBFBD04EFBFBDEFBFBD70726566697872656700EFBFBDEFBFBD70726566697800EFBFBD746F00EFBFBD7465737400EFBFBD77697468000004D29634320004EFBFBD330003D29E3134390000


PrefixRegistrationManagerTest.testDecodeInputStream:
Encoding: <?xml version='1.0' encoding='UTF-8' standalone='yes' ?>
<ForwardingEntry xmlns:ccn="http://www.parc.com/ccn">
  <Action>prefixreg</Action>
  <Name>
    <Component>cHJlZml4</Component>
    <Component>dG8=</Component>
    <Component>dGVzdA==</Component>
    <Component>d2l0aA==</Component>
  </Name>
  <FaceID>42</FaceID>
  <ForwardingFlags>3</ForwardingFlags>
  <FreshnessSeconds>149</FreshnessSeconds>
</ForwardingEntry>
Encoded: 
=05EFBFBD04EFBFBDEFBFBD70726566697872656700EFBFBDEFBFBD70726566697800EFBFBD746F00EFBFBD7465737400EFBFBD77697468000004D29634320004EFBFBD330003D29E3134390000
Decoding: 
Decoded: <?xml version='1.0' encoding='UTF-8' standalone='yes' ?>
<ForwardingEntry xmlns:ccn="http://www.parc.com/ccn">
  <Action>prefixreg</Action>
  <Name>
    <Component>cHJlZml4</Component>
    <Component>dG8=</Component>
    <Component>dGVzdA==</Component>
    <Component>d2l0aA==</Component>
  </Name>
  <FaceID>42</FaceID>
  <ForwardingFlags>3</ForwardingFlags>
  <FreshnessSeconds>149</FreshnessSeconds>
</ForwardingEntry>


PrefixRegistrationManagerTest.testEncodingDecoding:
Encoding: <?xml version='1.0' encoding='UTF-8' standalone='yes' ?>
<ForwardingEntry xmlns:ccn="http://www.parc.com/ccn">
  <Action>prefixreg</Action>
  <Name>
    <Component>cHJlZml4</Component>
    <Component>dG8=</Component>
    <Component>dGVzdA==</Component>
    <Component>d2l0aA==</Component>
  </Name>
  <FaceID>42</FaceID>
  <ForwardingFlags>3</ForwardingFlags>
  <FreshnessSeconds>149</FreshnessSeconds>
</ForwardingEntry>
Encoding EncodeDecodeOutput(Text):
Encoded EncodeDecodeOutput: 
<?xml version='1.0' encoding='UTF-8' standalone='yes' ?>
<ForwardingEntry xmlns:ccn="http://www.parc.com/ccn">
  <Action>prefixreg</Action>
  <Name>
    <Component>cHJlZml4</Component>
    <Component>dG8=</Component>
    <Component>dGVzdA==</Component>
    <Component>d2l0aA==</Component>
  </Name>
  <FaceID>42</FaceID>
  <ForwardingFlags>3</ForwardingFlags>
  <FreshnessSeconds>149</FreshnessSeconds>
</ForwardingEntry>
Decoding EncodeDecodeOutput: 
Decoded EncodeDecodeOutput: <?xml version='1.0' encoding='UTF-8' standalone='yes' ?>
<ForwardingEntry xmlns:ccn="http://www.parc.com/ccn">
  <Action>prefixreg</Action>
  <Name>
    <Component>cHJlZml4</Component>
    <Component>dG8=</Component>
    <Component>dGVzdA==</Component>
    <Component>d2l0aA==</Component>
  </Name>
  <FaceID>42</FaceID>
  <ForwardingFlags>3</ForwardingFlags>
  <FreshnessSeconds>149</FreshnessSeconds>
</ForwardingEntry>
Encoding EncodeDecodeOutput(Binary):
Encoded EncodeDecodeOutput: 
���prefixreg��prefix�to�test�withҖ42�3Ҟ149
Decoding EncodeDecodeOutput: 
Decoded EncodeDecodeOutput: <?xml version='1.0' encoding='UTF-8' standalone='yes' ?>
<ForwardingEntry xmlns:ccn="http://www.parc.com/ccn">
  <Action>prefixreg</Action>
  <Name>
    <Component>cHJlZml4</Component>
    <Component>dG8=</Component>
    <Component>dGVzdA==</Component>
    <Component>d2l0aA==</Component>
  </Name>
  <FaceID>42</FaceID>
  <ForwardingFlags>3</ForwardingFlags>
  <FreshnessSeconds>149</FreshnessSeconds>
</ForwardingEntry>


PrefixRegistrationManagerTest.testEncodingDecodingSubclass:
Encoding: <?xml version='1.0' encoding='UTF-8' standalone='yes' ?>
<ForwardingEntry xmlns:ccn="http://www.parc.com/ccn">
  <Action>prefixreg</Action>
  <Name>
    <Component>cHJlZml4</Component>
    <Component>dG8=</Component>
    <Component>dGVzdA==</Component>
    <Component>d2l0aA==</Component>
  </Name>
  <FaceID>42</FaceID>
  <ForwardingFlags>3</ForwardingFlags>
  <FreshnessSeconds>149</FreshnessSeconds>
</ForwardingEntry>
Encoding EncodeDecodeOutput(Text):
Encoded EncodeDecodeOutput: 
<?xml version='1.0' encoding='UTF-8' standalone='yes' ?>
<ForwardingEntry xmlns:ccn="http://www.parc.com/ccn">
  <Action>prefixreg</Action>
  <Name>
    <Component>cHJlZml4</Component>
    <Component>dG8=</Component>
    <Component>dGVzdA==</Component>
    <Component>d2l0aA==</Component>
  </Name>
  <FaceID>42</FaceID>
  <ForwardingFlags>3</ForwardingFlags>
  <FreshnessSeconds>149</FreshnessSeconds>
</ForwardingEntry>
Decoding EncodeDecodeOutput: 
Decoded EncodeDecodeOutput: <?xml version='1.0' encoding='UTF-8' standalone='yes' ?>
<ForwardingEntry xmlns:ccn="http://www.parc.com/ccn">
  <Action>prefixreg</Action>
  <Name>
    <Component>cHJlZml4</Component>
    <Component>dG8=</Component>
    <Component>dGVzdA==</Component>
    <Component>d2l0aA==</Component>
  </Name>
  <FaceID>42</FaceID>
  <ForwardingFlags>3</ForwardingFlags>
  <FreshnessSeconds>149</FreshnessSeconds>
</ForwardingEntry>
Encoding EncodeDecodeOutput(Binary):
Encoded EncodeDecodeOutput: 
���prefixreg��prefix�to�test�withҖ42�3Ҟ149
Decoding EncodeDecodeOutput: 
Decoded EncodeDecodeOutput: <?xml version='1.0' encoding='UTF-8' standalone='yes' ?>
<ForwardingEntry xmlns:ccn="http://www.parc.com/ccn">
  <Action>prefixreg</Action>
  <Name>
    <Component>cHJlZml4</Component>
    <Component>dG8=</Component>
    <Component>dGVzdA==</Component>
    <Component>d2l0aA==</Component>
  </Name>
  <FaceID>42</FaceID>
  <ForwardingFlags>3</ForwardingFlags>
  <FreshnessSeconds>149</FreshnessSeconds>
</ForwardingEntry>

created node key, name =/parc/test/content
-580027686
-580027686
2015-03-16 09:50:17.158935546
2015-03-16 09:50:17.158935546
2015-03-16 09:50:17.158935546
2015-03-16 09:50:17.158935546
/parc/test/content/%C1.M.ACCESS/NK/=FD0550636D928B
/parc/test/content/%C1.M.ACCESS/NK/=FD0550636D928B
/parc/test/content/%C1.M.ACCESS/NK/=FD0550636D928B
/parc/test/content/%C1.M.ACCESS/NK/=FD0550636D928B
1156801569
-2146175723
699825805
699825805
1156801569
1156801569
1156801569
1156801569
Java version: 1.7.0_75
public boolean java.util.TreeSet.add(java.lang.Object)
public boolean java.util.TreeSet.remove(java.lang.Object)
public java.lang.Object java.util.TreeSet.clone()
public void java.util.TreeSet.clear()
public boolean java.util.TreeSet.contains(java.lang.Object)
public boolean java.util.TreeSet.isEmpty()
public int java.util.TreeSet.size()
public boolean java.util.TreeSet.addAll(java.util.Collection)
public java.util.Iterator java.util.TreeSet.iterator()
public java.lang.Object java.util.TreeSet.first()
public java.lang.Object java.util.TreeSet.floor(java.lang.Object)
public java.util.Iterator java.util.TreeSet.descendingIterator()
public java.lang.Object java.util.TreeSet.pollFirst()
public java.lang.Object java.util.TreeSet.pollLast()
public java.util.Comparator java.util.TreeSet.comparator()
public java.lang.Object java.util.TreeSet.last()
public java.lang.Object java.util.TreeSet.lower(java.lang.Object)
public java.lang.Object java.util.TreeSet.ceiling(java.lang.Object)
public java.util.NavigableSet java.util.TreeSet.descendingSet()
public java.util.NavigableSet java.util.TreeSet.headSet(java.lang.Object,boolean)
public java.util.SortedSet java.util.TreeSet.headSet(java.lang.Object)
public java.lang.Object java.util.TreeSet.higher(java.lang.Object)
public java.util.SortedSet java.util.TreeSet.subSet(java.lang.Object,java.lang.Object)
public java.util.NavigableSet java.util.TreeSet.subSet(java.lang.Object,boolean,java.lang.Object,boolean)
public java.util.NavigableSet java.util.TreeSet.tailSet(java.lang.Object,boolean)
public java.util.SortedSet java.util.TreeSet.tailSet(java.lang.Object)
public boolean java.util.AbstractSet.equals(java.lang.Object)
public int java.util.AbstractSet.hashCode()
public boolean java.util.AbstractSet.removeAll(java.util.Collection)
public java.lang.String java.util.AbstractCollection.toString()
public java.lang.Object[] java.util.AbstractCollection.toArray(java.lang.Object[])
public java.lang.Object[] java.util.AbstractCollection.toArray()
public boolean java.util.AbstractCollection.containsAll(java.util.Collection)
public boolean java.util.AbstractCollection.retainAll(java.util.Collection)
public final void java.lang.Object.wait(long,int) throws java.lang.InterruptedException
public final native void java.lang.Object.wait(long) throws java.lang.InterruptedException
public final void java.lang.Object.wait() throws java.lang.InterruptedException
public final native java.lang.Class java.lang.Object.getClass()
public final native void java.lang.Object.notify()
public final native void java.lang.Object.notifyAll()
Encoding RepositoryInfo(Text):
Encoded RepositoryInfo: 
<?xml version='1.0' encoding='UTF-8' standalone='yes' ?>
<RepositoryInfo xmlns:ccn="http://www.parc.com/ccn">
  <Version>1.1</Version>
  <Type>INFO</Type>
  <RepositoryVersion>1.4</RepositoryVersion>
  <GlobalPrefixName>
    <Component>cGFyYy5jb20=</Component>
    <Component>Y3Ns</Component>
    <Component>Y2Nu</Component>
    <Component>UmVwb3M=</Component>
  </GlobalPrefixName>
  <LocalName>Repository</LocalName>
</RepositoryInfo>
Decoding RepositoryInfo: 
Decoded RepositoryInfo: <?xml version='1.0' encoding='UTF-8' standalone='yes' ?>
<RepositoryInfo xmlns:ccn="http://www.parc.com/ccn">
  <Version>1.1</Version>
  <Type>INFO</Type>
  <RepositoryVersion>1.4</RepositoryVersion>
  <GlobalPrefixName>
    <Component>cGFyYy5jb20=</Component>
    <Component>Y3Ns</Component>
    <Component>Y2Nu</Component>
    <Component>UmVwb3M=</Component>
  </GlobalPrefixName>
  <LocalName>Repository</LocalName>
</RepositoryInfo>
Encoding RepositoryInfo(Binary):
Encoded RepositoryInfo: 
���1.1¦INFO1.4���parc.com�csl�ccn�Repos��Repository
Decoding RepositoryInfo: 
Decoded RepositoryInfo: <?xml version='1.0' encoding='UTF-8' standalone='yes' ?>
<RepositoryInfo xmlns:ccn="http://www.parc.com/ccn">
  <Version>1.1</Version>
  <Type>INFO</Type>
  <RepositoryVersion>1.4</RepositoryVersion>
  <GlobalPrefixName>
    <Component>cGFyYy5jb20=</Component>
    <Component>Y3Ns</Component>
    <Component>Y2Nu</Component>
    <Component>UmVwb3M=</Component>
  </GlobalPrefixName>
  <LocalName>Repository</LocalName>
</RepositoryInfo>
Encoding RepositoryInfo(Names)(Text):
Encoded RepositoryInfo(Names): 
<?xml version='1.0' encoding='UTF-8' standalone='yes' ?>
<RepositoryInfo xmlns:ccn="http://www.parc.com/ccn">
  <Version>1.1</Version>
  <Type>DATA</Type>
  <RepositoryVersion>Repository</RepositoryVersion>
  <GlobalPrefixName>
    <Component>cGFyYy5jb20=</Component>
    <Component>Y3Ns</Component>
    <Component>Y2Nu</Component>
    <Component>UmVwb3M=</Component>
  </GlobalPrefixName>
  <LocalName>1.4</LocalName>
  <Name>
    <Component>YXByZWZpeA==</Component>
    <Component>YXN1ZmZpeA==</Component>
  </Name>
  <Name>
    <Component>YXByZWZpeA==</Component>
    <Component>YW5vdGhlcnN1ZmZpeA==</Component>
  </Name>
  <Name>
    <Component>YXByZWZpeA==</Component>
    <Component>YXN1ZmZpeA==</Component>
    <Component>bW9yZXN1ZmZpeA==</Component>
  </Name>
</RepositoryInfo>
Decoding RepositoryInfo(Names): 
Decoded RepositoryInfo(Names): <?xml version='1.0' encoding='UTF-8' standalone='yes' ?>
<RepositoryInfo xmlns:ccn="http://www.parc.com/ccn">
  <Version>1.1</Version>
  <Type>DATA</Type>
  <RepositoryVersion>Repository</RepositoryVersion>
  <GlobalPrefixName>
    <Component>cGFyYy5jb20=</Component>
    <Component>Y3Ns</Component>
    <Component>Y2Nu</Component>
    <Component>UmVwb3M=</Component>
  </GlobalPrefixName>
  <LocalName>1.4</LocalName>
  <Name>
    <Component>YXByZWZpeA==</Component>
    <Component>YXN1ZmZpeA==</Component>
  </Name>
  <Name>
    <Component>YXByZWZpeA==</Component>
    <Component>YW5vdGhlcnN1ZmZpeA==</Component>
  </Name>
  <Name>
    <Component>YXByZWZpeA==</Component>
    <Component>YXN1ZmZpeA==</Component>
    <Component>bW9yZXN1ZmZpeA==</Component>
  </Name>
</RepositoryInfo>
Encoding RepositoryInfo(Names)(Binary):
Encoded RepositoryInfo(Names): 
���1.1¦DATA��Repository���parc.com�csl�ccn�ReposҞ1.4��aprefix�asuffix��aprefix��anothersuffix��aprefix�asuffix��moresuffix
Decoding RepositoryInfo(Names): 
Decoded RepositoryInfo(Names): <?xml version='1.0' encoding='UTF-8' standalone='yes' ?>
<RepositoryInfo xmlns:ccn="http://www.parc.com/ccn">
  <Version>1.1</Version>
  <Type>DATA</Type>
  <RepositoryVersion>Repository</RepositoryVersion>
  <GlobalPrefixName>
    <Component>cGFyYy5jb20=</Component>
    <Component>Y3Ns</Component>
    <Component>Y2Nu</Component>
    <Component>UmVwb3M=</Component>
  </GlobalPrefixName>
  <LocalName>1.4</LocalName>
  <Name>
    <Component>YXByZWZpeA==</Component>
    <Component>YXN1ZmZpeA==</Component>
  </Name>
  <Name>
    <Component>YXByZWZpeA==</Component>
    <Component>YW5vdGhlcnN1ZmZpeA==</Component>
  </Name>
  <Name>
    <Component>YXByZWZpeA==</Component>
    <Component>YXN1ZmZpeA==</Component>
    <Component>bW9yZXN1ZmZpeA==</Component>
  </Name>
</RepositoryInfo>
Exception in testTree: java.lang.IllegalArgumentException: MerkleTrees must have 2 or more nodes!
Exception in testTree: java.lang.IllegalArgumentException: MerkleTrees must have 2 or more nodes!
Testing small trees, fixed block widths.
Constructed tree of numleaves: 2 max pathlength: 1
Block name: /test/data/treeTest/testDocBuffer.txt/=FDC3/=00 num 0 verified? true, content: h08spomhosvet1p8blgknlvsipn4v5noul7lot5k3kwom5mgkw
Constructed tree of numleaves: 3 max pathlength: 2
Block name: /test/data/treeTest/testDocBuffer.txt/=FD013A/=00 num 0 verified? true, content: f1xtxv8vj1k4cx9k6ce517x1j9kvkbmb0ubdgx9cpc6s8n1t2s
Constructed tree of numleaves: 4 max pathlength: 2
Block name: /test/data/treeTest/testDocBuffer.txt/=FD01A4/=00 num 0 verified? true, content: csi6e7pjx70wj3edgp4tqko7xj1xtmn6rlajc4gqx6lbdid0nj
Constructed tree of numleaves: 5 max pathlength: 3
Block name: /test/data/treeTest/testDocBuffer.txt/=FD03BE/=00 num 0 verified? true, content: 2s1cm1w6en1t6n49nswuhcft3cq52f3n4uwpi7pqrlmommtuxkc
Constructed tree of numleaves: 6 max pathlength: 3
Block name: /test/data/treeTest/testDocBuffer.txt/=FD02E3/=00 num 0 verified? true, content: 28cl3f00xvnevp6mxplr8rniv97eeljsu3mhx9j0k6s0u5n5c80
Constructed tree of numleaves: 7 max pathlength: 3
Block name: /test/data/treeTest/testDocBuffer.txt/=FDB8/=00 num 0 verified? true, content: xpdlb756gs6jtfe9aq9kce6b6u4lwt0icfughb14j5nc9eamwh
Constructed tree of numleaves: 8 max pathlength: 3
Block name: /test/data/treeTest/testDocBuffer.txt/=FD0358/=00 num 0 verified? true, content: 2kr61ljs7dl01nsgckl0wlumlrm06kiu0vvxli3h9wi5mbv72qn
Constructed tree of numleaves: 9 max pathlength: 4
Block name: /test/data/treeTest/testDocBuffer.txt/=FDF2/=00 num 0 verified? true, content: 1v55xqw6gq58w4202k0uxll6udta5qb4f9tvbxqpkc7915ohn1l
Constructed tree of numleaves: 10 max pathlength: 4
Block name: /test/data/treeTest/testDocBuffer.txt/=FD03B4/=00 num 0 verified? true, content: 257afm8qo1m5a8c99ibw5um7drkeussl1nft3f4bppvenlgnwq7
Constructed tree of numleaves: 11 max pathlength: 4
Block name: /test/data/treeTest/testDocBuffer.txt/=FDFD/=00 num 0 verified? true, content: j11djxsdkseg11swbb9k209m6g4in54skxitr49c6a3drgjusd
Constructed tree of numleaves: 12 max pathlength: 4
Block name: /test/data/treeTest/testDocBuffer.txt/=FDC4/=00 num 0 verified? true, content: 1ugq20x95grkg86acx6l2gdb3dj4rklthrdvrpir7cavu33uhsw
Constructed tree of numleaves: 13 max pathlength: 4
Block name: /test/data/treeTest/testDocBuffer.txt/=FD01D6/=00 num 0 verified? true, content: 23t29fu72i9lr6j73vmuvxm4xvj89ji3usv5bm8vtwmpkrr7rju
Constructed tree of numleaves: 14 max pathlength: 4
Block name: /test/data/treeTest/testDocBuffer.txt/=FD0168/=00 num 0 verified? true, content: 18e67etj4ftp8iaim7wdrvc93gswv4584t53sxxb5mjupfclxen
Constructed tree of numleaves: 15 max pathlength: 4
Block name: /test/data/treeTest/testDocBuffer.txt/=FD02D9/=00 num 0 verified? true, content: 32gxl9jv74bxa33jg2sva7of5da73mxdeio27kfj87mas9ram08
Constructed tree of numleaves: 16 max pathlength: 4
Block name: /test/data/treeTest/testDocBuffer.txt/=FDD8/=00 num 0 verified? true, content: 2ulnwb5n92mxjtw8msldbhw8ilkdgivddd6kliksp6ufxl44qu0
Constructed tree of numleaves: 17 max pathlength: 5
Block name: /test/data/treeTest/testDocBuffer.txt/=FD0209/=00 num 0 verified? true, content: ui8wa0bab7uxvhpjtj3gdmxm9i5lb67jfjbblm79txl4tj6kvm
Constructed tree of numleaves: 18 max pathlength: 5
Block name: /test/data/treeTest/testDocBuffer.txt/=FD01AE/=00 num 0 verified? true, content: 5pknevwfqd26wuahqh165rhc7rvmbo05d7mo6u9gmkg1xv1tva
Constructed tree of numleaves: 19 max pathlength: 5
Block name: /test/data/treeTest/testDocBuffer.txt/=FD021D/=00 num 0 verified? true, content: ipu22gjhn4v24tm061esdlvj6j6f40jhvcmbiq6rgee8493db
Constructed tree of numleaves: 20 max pathlength: 5
Block name: /test/data/treeTest/testDocBuffer.txt/=FD0368/=00 num 0 verified? true, content: 2gtphroau3tqk1jse9xak42cxeog5xk6njpjqp890w0fqr4bhsg
Constructed tree of numleaves: 21 max pathlength: 5
Block name: /test/data/treeTest/testDocBuffer.txt/=FD01B5/=00 num 0 verified? true, content: 19qsttw03bilppkw89bclpbj74fxjo3tbgsggh8c0b3sre6uij5
Constructed tree of numleaves: 22 max pathlength: 5
Block name: /test/data/treeTest/testDocBuffer.txt/=FDC2/=00 num 0 verified? true, content: 2oda1xre2wwv4peu4whheq7flkf7amr69sl7xr4h2ugbooir1j8
Constructed tree of numleaves: 23 max pathlength: 5
Block name: /test/data/treeTest/testDocBuffer.txt/=FD0246/=00 num 0 verified? true, content: 107fw09ojocxgqxewqckbp9cnegnoh10pt54twbb8fq8q215jkj
Constructed tree of numleaves: 24 max pathlength: 5
Block name: /test/data/treeTest/testDocBuffer.txt/=FD0357/=00 num 0 verified? true, content: 2tnvk3gej142k20njb3idd6l4kub726ao6kmmhc719jdecedumn
Constructed tree of numleaves: 25 max pathlength: 5
Block name: /test/data/treeTest/testDocBuffer.txt/=FDE3/=00 num 0 verified? true, content: uucu57g36wbixvuf7c8gjpjbuknaeir7jmf0koevr3gd3atxa4
Constructed tree of numleaves: 26 max pathlength: 5
Block name: /test/data/treeTest/testDocBuffer.txt/=FDFF/=00 num 0 verified? true, content: 9gxqhootkiwrb2ieg96ldkdajcp8ln1q14is3btp6itga540ki
Constructed tree of numleaves: 27 max pathlength: 5
Block name: /test/data/treeTest/testDocBuffer.txt/=FD02D4/=00 num 0 verified? true, content: mvjwjxw39v36jr2invnrq7pc78fkdjb31b0cu8gtnv73l43qwn
Constructed tree of numleaves: 28 max pathlength: 5
Block name: /test/data/treeTest/testDocBuffer.txt/=FD0162/=00 num 0 verified? true, content: 2k11pk0cdidxjhoqo24vbkbwxh4urqsom8drrk79gc9fwfja17h
Constructed tree of numleaves: 29 max pathlength: 5
Block name: /test/data/treeTest/testDocBuffer.txt/=FD0149/=00 num 0 verified? true, content: 2vjx2l5f2w5ma3dww82io22xau2233fgmo4mfbvf3p20hcv7tns
Constructed tree of numleaves: 30 max pathlength: 5
Block name: /test/data/treeTest/testDocBuffer.txt/=FDEA/=00 num 0 verified? true, content: 2dmkao3s0v8wde99m3guxkmvojswc7lo9q01gtj6uwxaaka2uu7
Constructed tree of numleaves: 31 max pathlength: 5
Block name: /test/data/treeTest/testDocBuffer.txt/=FDCC/=00 num 0 verified? true, content: eewodc7m2wqmhh1mirnit1jgfh1pl7r411xjtk9evi5x78qqk6
Constructed tree of numleaves: 32 max pathlength: 5
Block name: /test/data/treeTest/testDocBuffer.txt/=FD02F6/=00 num 0 verified? true, content: 29ish2nmc5bv5kb6tolg2r2dew6sbdgt7n2h2leuj1awruapg65
Constructed tree of numleaves: 33 max pathlength: 6
Block name: /test/data/treeTest/testDocBuffer.txt/=FD0165/=00 num 0 verified? true, content: 2f9t9j1849d7xmg67ggatoxqimtw4xa8smr3ep0i3tp602d577x
Constructed tree of numleaves: 34 max pathlength: 6
Block name: /test/data/treeTest/testDocBuffer.txt/=FD3D/=00 num 0 verified? true, content: rk4r9daew80k7pmnn3ipchehvw4ref9hk50t592wxih9hvf57k
Constructed tree of numleaves: 35 max pathlength: 6
Block name: /test/data/treeTest/testDocBuffer.txt/=FD0390/=00 num 0 verified? true, content: 2a18tdqweuddqh5t9qvse1jmcwhwgfq4qmcdx60fjeop9u4dq1t
Constructed tree of numleaves: 36 max pathlength: 6
Block name: /test/data/treeTest/testDocBuffer.txt/=FD0256/=00 num 0 verified? true, content: 1uw9mu991wa6vqs4ivr7hgl7u5xhssl3xea2nqw2vx32b3ksdfm
Constructed tree of numleaves: 37 max pathlength: 6
Block name: /test/data/treeTest/testDocBuffer.txt/=FD02F2/=00 num 0 verified? true, content: 1hwpj0so96pnk7la03cgbah2d0ftagm7mtkjab5weksawwj06pb
Constructed tree of numleaves: 38 max pathlength: 6
Block name: /test/data/treeTest/testDocBuffer.txt/=FD0255/=00 num 0 verified? true, content: 2nx2vdhv5m88qhgg5adie4cb47qpr06v1un31iubstxai02v1nv
Constructed tree of numleaves: 39 max pathlength: 6
Block name: /test/data/treeTest/testDocBuffer.txt/=FD01C0/=00 num 0 verified? true, content: 2vg1plw1i3i7046fdij1og6tai802e0gio4thpxx8lo0tk9m3wt
Constructed tree of numleaves: 40 max pathlength: 6
Block name: /test/data/treeTest/testDocBuffer.txt/=FD0145/=00 num 0 verified? true, content: 2nsu420a5rxwmrk7h3mv5539gwd7rrr0l8hhvcvlat62xuccnr3
Constructed tree of numleaves: 41 max pathlength: 6
Block name: /test/data/treeTest/testDocBuffer.txt/=FD0317/=00 num 0 verified? true, content: 26n52d7angb0exi7rlwlg8dfh4lf7ppn26vj4tov4iqdl7jpoud
Constructed tree of numleaves: 42 max pathlength: 6
Block name: /test/data/treeTest/testDocBuffer.txt/=FD03B8/=00 num 0 verified? true, content: gd42fnva8p14pddtf16nr4o70uwx9d7o06ix1ttco0x6pvrkmd
Constructed tree of numleaves: 43 max pathlength: 6
Block name: /test/data/treeTest/testDocBuffer.txt/=FD0319/=00 num 0 verified? true, content: 166dwt4lxcong1mga7v3ivej8ebss6cj2tawpmtjlva18e9hqvt
Constructed tree of numleaves: 44 max pathlength: 6
Block name: /test/data/treeTest/testDocBuffer.txt/=FD011B/=00 num 0 verified? true, content: a6uuerif4cns6x1dkqpcedghx11v4h281djlb6o4wbldbn938v
Constructed tree of numleaves: 45 max pathlength: 6
Block name: /test/data/treeTest/testDocBuffer.txt/=FD03CF/=00 num 0 verified? true, content: ceedhlevre2qkmqh6e44cgcj8mag2fjpt7j2d07gr80tcxsju5
Constructed tree of numleaves: 46 max pathlength: 6
Block name: /test/data/treeTest/testDocBuffer.txt/=FD0226/=00 num 0 verified? true, content: 6bp0ss727wwh1lbo3uw0on3qwsenu54d0d5kqep7ihn473t717
Constructed tree of numleaves: 47 max pathlength: 6
Block name: /test/data/treeTest/testDocBuffer.txt/=FD6B/=00 num 0 verified? true, content: 1kufo4n7xi41bj7932wjqr01rpr92lnxbggqd30xw8k3kd3sa0x
Constructed tree of numleaves: 48 max pathlength: 6
Block name: /test/data/treeTest/testDocBuffer.txt/=FDEE/=00 num 0 verified? true, content: 4wuh5km9l3cefnh7iix1vh2703gps5herlumbgxitqvx7plwk8
Constructed tree of numleaves: 49 max pathlength: 6
Block name: /test/data/treeTest/testDocBuffer.txt/=FD0244/=00 num 0 verified? true, content: nkbs9001j9jjssoq82ggvvgrk629nmfjwp2dul6i1pajgh93pr
Constructed tree of numleaves: 50 max pathlength: 6
Block name: /test/data/treeTest/testDocBuffer.txt/=FD02EA/=00 num 0 verified? true, content: tjticsb5gjn2w53splwno72oxkwudb6wt0i68h2h345l8eecig
Constructed tree of numleaves: 51 max pathlength: 6
Block name: /test/data/treeTest/testDocBuffer.txt/=FDD1/=00 num 0 verified? true, content: 21dsx72sgoltt9m2x0jhvm38jvdujla83okpbfix14iq1ej06gx
Constructed tree of numleaves: 52 max pathlength: 6
Block name: /test/data/treeTest/testDocBuffer.txt/=FD0378/=00 num 0 verified? true, content: mc8i72nosp8wc0rel4var7drtwp7hgewu6d7lqfhukpcdkiqmn
Constructed tree of numleaves: 53 max pathlength: 6
Block name: /test/data/treeTest/testDocBuffer.txt/=FD020D/=00 num 0 verified? true, content: 1w9svt195078ma5abhnx2ql1pfr3ju56cxt9xl9g456dsu4qoxk
Constructed tree of numleaves: 54 max pathlength: 6
Block name: /test/data/treeTest/testDocBuffer.txt/=FD0136/=00 num 0 verified? true, content: 22copa7qj727nbjcn5df0rk03q9q300nlpiho2ghkkbtsv3cb34
Constructed tree of numleaves: 55 max pathlength: 6
Block name: /test/data/treeTest/testDocBuffer.txt/=FD01DA/=00 num 0 verified? true, content: 2o7x1d8dhm1x4g8iqcbwnh9d3uiii4q2q5gnjm0aum14l1eiqkr
Constructed tree of numleaves: 56 max pathlength: 6
Block name: /test/data/treeTest/testDocBuffer.txt/=FD01DF/=00 num 0 verified? true, content: 1ud94eq7u1wb7hkrbje4bgksvcvkvb2sp2pdfro5sdr21uuqdcr
Constructed tree of numleaves: 57 max pathlength: 6
Block name: /test/data/treeTest/testDocBuffer.txt/=FD0278/=00 num 0 verified? true, content: pogxbslrk7cjnmv7agah8ss6q19iq8qi91m0bnp7b38hlr99hs
Constructed tree of numleaves: 58 max pathlength: 6
Block name: /test/data/treeTest/testDocBuffer.txt/=FD02F9/=00 num 0 verified? true, content: 1nrqps3upvtqovhwodr4pkwkionlridxtc2t6e46ectrg1jk3lc
Constructed tree of numleaves: 59 max pathlength: 6
Block name: /test/data/treeTest/testDocBuffer.txt/=FD01BB/=00 num 0 verified? true, content: 2ar0rkrcgl5309gjc69e4pt0u4vdhdqxt077k83p29xrq9tl1t1
Constructed tree of numleaves: 60 max pathlength: 6
Block name: /test/data/treeTest/testDocBuffer.txt/=FDFE/=00 num 0 verified? true, content: 1j1jtw5odr3vrmuqvplv5iiu3pp3gu9h4kfrh533ndaqpnwwq0j
Constructed tree of numleaves: 61 max pathlength: 6
Block name: /test/data/treeTest/testDocBuffer.txt/=FD01F9/=00 num 0 verified? true, content: 2oivgr4rbx5jhdpdgu5bfm7tn2ks995d3hwm11bga6wewib7eqj
Constructed tree of numleaves: 62 max pathlength: 6
Block name: /test/data/treeTest/testDocBuffer.txt/=FD0376/=00 num 0 verified? true, content: 29vtbok9m4hxjkclcg0j5vgji7bd15uw6m2v1nfvioee4pls4ki
Constructed tree of numleaves: 63 max pathlength: 6
Block name: /test/data/treeTest/testDocBuffer.txt/=FD9E/=00 num 0 verified? true, content: 2jja6ar2i7sixp2dw8fhinxxh2k1xg31r88ttxh1vro43106sjj
Constructed tree of numleaves: 64 max pathlength: 6
Block name: /test/data/treeTest/testDocBuffer.txt/=FDD7/=00 num 0 verified? true, content: 18haddd419qbukjq6e7tsxru15tbg71dpd0igesjr84qwl3x8f0
Constructed tree of numleaves: 65 max pathlength: 7
Block name: /test/data/treeTest/testDocBuffer.txt/=FD68/=00 num 0 verified? true, content: 1la2l217df3ush3peq5kpn3j1a0xhptt7u6a7ad1woqniroh6ks
Constructed tree of numleaves: 66 max pathlength: 7
Block name: /test/data/treeTest/testDocBuffer.txt/=FD027A/=00 num 0 verified? true, content: 1ar23nlobuh20vwt5u98ki8kkixq3r4xkopgfo6o0tqc4i7e4xf
Constructed tree of numleaves: 67 max pathlength: 7
Block name: /test/data/treeTest/testDocBuffer.txt/=FD0266/=00 num 0 verified? true, content: 292igt7plebcqvbjiobvh2mafds1gr94kshq5ugv1dpbdx0hu69
Constructed tree of numleaves: 68 max pathlength: 7
Block name: /test/data/treeTest/testDocBuffer.txt/=FD023A/=00 num 0 verified? true, content: adr9ojt76xcd4n7ainal03sb0p3g83h4i5g6c9tvugau2hmu5d
Constructed tree of numleaves: 69 max pathlength: 7
Block name: /test/data/treeTest/testDocBuffer.txt/=FD0122/=00 num 0 verified? true, content: vn5na8gukgtix2jx8ki5djtmkev0kjd9c7p9kng0m7xl5uuccr
Constructed tree of numleaves: 70 max pathlength: 7
Block name: /test/data/treeTest/testDocBuffer.txt/=FD02A1/=00 num 0 verified? true, content: 1p69qnf20t4og49ot0fxexxtedp3i8incgn107mlpxmi44o4fg1
Constructed tree of numleaves: 71 max pathlength: 7
Block name: /test/data/treeTest/testDocBuffer.txt/=FD0289/=00 num 0 verified? true, content: 29nipvhlnvje98mdr5kx7ehmkemx00gap2s91hoo2oeer5rw4xd
Constructed tree of numleaves: 72 max pathlength: 7
Block name: /test/data/treeTest/testDocBuffer.txt/=FD02E6/=00 num 0 verified? true, content: 25vcu9io7wf07ij8dwwe0qmchbbdj1v019iikodprfhue65deqk
Constructed tree of numleaves: 73 max pathlength: 7
Block name: /test/data/treeTest/testDocBuffer.txt/=FDDE/=00 num 0 verified? true, content: 1cw8evajqvuqxjn1q7047r3x336mev9vrqk92tps1vdiwkgkdkc
Constructed tree of numleaves: 74 max pathlength: 7
Block name: /test/data/treeTest/testDocBuffer.txt/=FD7E/=00 num 0 verified? true, content: 27ndb91cux9cnvgwnxakhp6qaj7ptkshe91d4pf5lw2h1ajtsce
Constructed tree of numleaves: 75 max pathlength: 7
Block name: /test/data/treeTest/testDocBuffer.txt/=FD01A8/=00 num 0 verified? true, content: 56b3chrcd0pd8g20htu631hk100jdse89rauinsd8xo5tt6af2
Constructed tree of numleaves: 76 max pathlength: 7
Block name: /test/data/treeTest/testDocBuffer.txt/=FDFB/=00 num 0 verified? true, content: 2otqpjgqc6i6fc9xbi9vh6iia1gc51295pm0kmmirlk20nuijdk
Constructed tree of numleaves: 77 max pathlength: 7
Block name: /test/data/treeTest/testDocBuffer.txt/=FD0199/=00 num 0 verified? true, content: p10rahiwr8igwq71gpb3cn4tvqpf2qmv4avbxb7fasmo74j6j7
Constructed tree of numleaves: 78 max pathlength: 7
Block name: /test/data/treeTest/testDocBuffer.txt/=FDDE/=00 num 0 verified? true, content: ff9fd7hc1lekgjj1wfgds2xh1s1icmjlr9u7cw9ebjd46xpge6
Constructed tree of numleaves: 79 max pathlength: 7
Block name: /test/data/treeTest/testDocBuffer.txt/=FD02B2/=00 num 0 verified? true, content: 2si33qo4324o9ddjwf66tgqm3c1vom5q38bsmf2uc9r1a02mo8v
Constructed tree of numleaves: 80 max pathlength: 7
Block name: /test/data/treeTest/testDocBuffer.txt/=FDC8/=00 num 0 verified? true, content: 89rljc9kl2hqc496ul3csw5m36e8khgpp8xspqsv4eh8ox3pr4
Constructed tree of numleaves: 81 max pathlength: 7
Block name: /test/data/treeTest/testDocBuffer.txt/=FD0163/=00 num 0 verified? true, content: 244k0361hocv1cj1be6fjcfme3ad0lugk9oiir9devomvmd8i6m
Constructed tree of numleaves: 82 max pathlength: 7
Block name: /test/data/treeTest/testDocBuffer.txt/=FD0180/=00 num 0 verified? true, content: k9qk3cc5s6e1wam86fotwgfp77i0fr618v6ov9ut6hpt3vunvt
Constructed tree of numleaves: 83 max pathlength: 7
Block name: /test/data/treeTest/testDocBuffer.txt/=FDBB/=00 num 0 verified? true, content: 15fnpc3kiomt5qbu6is91m30cevckl6x23mblujoqs8020rhai
Constructed tree of numleaves: 84 max pathlength: 7
Block name: /test/data/treeTest/testDocBuffer.txt/=FD67/=00 num 0 verified? true, content: 1vl47iauclk539oaeq973103jewr65pgoowna8b8iag0pjg4lp4
Constructed tree of numleaves: 85 max pathlength: 7
Block name: /test/data/treeTest/testDocBuffer.txt/=FD02A1/=00 num 0 verified? true, content: 122casuvgn4grdv6kjxl3xws6aug44683x8gxlgue026j0k9now
Constructed tree of numleaves: 86 max pathlength: 7
Block name: /test/data/treeTest/testDocBuffer.txt/=FD032B/=00 num 0 verified? true, content: 1dpsb3ogv6aqoqorbjtls7j6t9wo6qdj12lope6ranba0q02jlx
Constructed tree of numleaves: 87 max pathlength: 7
Block name: /test/data/treeTest/testDocBuffer.txt/=FD0324/=00 num 0 verified? true, content: d5elgjmnvdbu2655sqo47tovdij800c6630m21olfaxe99tuer
Constructed tree of numleaves: 88 max pathlength: 7
Block name: /test/data/treeTest/testDocBuffer.txt/=FD027A/=00 num 0 verified? true, content: wxj7enc5wd78l2ted0f0mblh7hpsxp4fq08nd01hgm33g1s4pf
Constructed tree of numleaves: 89 max pathlength: 7
Block name: /test/data/treeTest/testDocBuffer.txt/=FD02E4/=00 num 0 verified? true, content: 30ue36ndu8cjt1ppcgic8jcvospwd9otueh8j8lf4hl07jb9chb
Constructed tree of numleaves: 90 max pathlength: 7
Block name: /test/data/treeTest/testDocBuffer.txt/=FD039C/=00 num 0 verified? true, content: 269ju1dkdd594pbdwxmhugosmhhtcmnfrnxpx09uieiklvp6dov
Constructed tree of numleaves: 91 max pathlength: 7
Block name: /test/data/treeTest/testDocBuffer.txt/=FD015C/=00 num 0 verified? true, content: 1e3dawwd6qxoeomjlohs70n2nf69cre0w51jtodggl66tw320di
Constructed tree of numleaves: 92 max pathlength: 7
Block name: /test/data/treeTest/testDocBuffer.txt/=FD60/=00 num 0 verified? true, content: 2knlbwfcb735ilkq62p62ss2wddf6onstnx8q16gdp1ke044fre
Constructed tree of numleaves: 93 max pathlength: 7
Block name: /test/data/treeTest/testDocBuffer.txt/=FD036F/=00 num 0 verified? true, content: 1oh44v0ekl7vf5k2usncx7goaiotdsm4ihdvch4qdb57a2wh8ad
Constructed tree of numleaves: 94 max pathlength: 7
Block name: /test/data/treeTest/testDocBuffer.txt/=FD0111/=00 num 0 verified? true, content: 32nwurvfc7tk3wefr14jmg74mg1fjxp4pvsd1ut5t4qfeltlrrr
Constructed tree of numleaves: 95 max pathlength: 7
Block name: /test/data/treeTest/testDocBuffer.txt/=FD0234/=00 num 0 verified? true, content: 1mnwb892uniw81dd5jr8s3oo2xot8c4bk81vp5aqto4poorgkdr
Constructed tree of numleaves: 96 max pathlength: 7
Block name: /test/data/treeTest/testDocBuffer.txt/=FD0322/=00 num 0 verified? true, content: ki0vgradri81cq6exkrgcgbh8fo19mj3xaqhrx4wna9chpjfoh
Constructed tree of numleaves: 97 max pathlength: 7
Block name: /test/data/treeTest/testDocBuffer.txt/=FD0197/=00 num 0 verified? true, content: 1fxitp4nt8epcxf00mvgg5ha7euvn40bn020j1kslrxxjx9ow9p
Constructed tree of numleaves: 98 max pathlength: 7
Block name: /test/data/treeTest/testDocBuffer.txt/=FD03DF/=00 num 0 verified? true, content: 1bi155hm7kf6v1sqqtbutcrtj01mjk3e6sv4dk04dpg963hpfo3
Constructed tree of numleaves: 99 max pathlength: 7
Block name: /test/data/treeTest/testDocBuffer.txt/=FD0397/=00 num 0 verified? true, content: h9x3ookkjxlioqrcvl37b1sg0ddjjspxurwd9te66turf6bfm5
Constructed tree of numleaves: 100 max pathlength: 7
Block name: /test/data/treeTest/testDocBuffer.txt/=FD64/=00 num 0 verified? true, content: sc79we2d0hxpfl4q0kprme839078td0ik86e3049vfxmrh9bg1
Constructed tree of numleaves: 101 max pathlength: 7
Block name: /test/data/treeTest/testDocBuffer.txt/=FD037B/=00 num 0 verified? true, content: 2v0qt64xncs5q6sis3gt83is8dnvvt5u3iva61586l06kb0e44o
Constructed tree of numleaves: 102 max pathlength: 7
Block name: /test/data/treeTest/testDocBuffer.txt/=FD01BD/=00 num 0 verified? true, content: 1p6vb6lvr38v44svah85aka9pr1hndb0qwj0sb2r7me0v7mq5ix
Block name: /test/data/treeTest/testDocBuffer.txt/=FD01BD/=0064 num 100 verified? true, content: 1eaev1px2x70nkd25d0iul8i78pf544f98njranihujluf7qdsm
Constructed tree of numleaves: 103 max pathlength: 7
Block name: /test/data/treeTest/testDocBuffer.txt/=FD10/=00 num 0 verified? true, content: 1vjv53i3k3pnkij1i2v3qqviqek2wolo2s0dqfbwut3mwke69uk
Block name: /test/data/treeTest/testDocBuffer.txt/=FD10/=0064 num 100 verified? true, content: 78llpe7pt1txlcle79dcrbn6oi7bief4eqcnxghqkcf23dfiqp
Constructed tree of numleaves: 104 max pathlength: 7
Block name: /test/data/treeTest/testDocBuffer.txt/=FDD9/=00 num 0 verified? true, content: 2canthmdo5gbbo7hk8rerhe626g1ltat0pnwf7ndcem1b2c4fdp
Block name: /test/data/treeTest/testDocBuffer.txt/=FDD9/=0064 num 100 verified? true, content: 1lmb1hcgw8awbqg5ltuuu12b4tvcv8vinhld8f9nvxcwghxwme4
Constructed tree of numleaves: 105 max pathlength: 7
Block name: /test/data/treeTest/testDocBuffer.txt/=FD033B/=00 num 0 verified? true, content: 28g50ceh8c6vkrbm0m50fmox1nqp7w6g7xqa3pr6189gnn6597s
Block name: /test/data/treeTest/testDocBuffer.txt/=FD033B/=0064 num 100 verified? true, content: 1tauwho4ta1qoijd8j4noq4pi925lh30a3ne3rrjbelc8fpmq5q
Constructed tree of numleaves: 106 max pathlength: 7
Block name: /test/data/treeTest/testDocBuffer.txt/=FD7C/=00 num 0 verified? true, content: 178hfd9c5i247o6rb251q5rtd39dg6eo0b9cw7oi96rotl4f1pr
Block name: /test/data/treeTest/testDocBuffer.txt/=FD7C/=0064 num 100 verified? true, content: 7psw0a167gsxf70g59s672p966c2uutg1sovrnxd174o1316bp
Constructed tree of numleaves: 107 max pathlength: 7
Block name: /test/data/treeTest/testDocBuffer.txt/=FD55/=00 num 0 verified? true, content: 17cjxq878q5v39q8lvp083ess8iaidohfq93587pujr4p54r0tr
Block name: /test/data/treeTest/testDocBuffer.txt/=FD55/=0064 num 100 verified? true, content: 7ujxftvxq31av9npdkgl7g5nmf6p9mgrjtf7acrpc0fbfup74u
Constructed tree of numleaves: 108 max pathlength: 7
Block name: /test/data/treeTest/testDocBuffer.txt/=FD57/=00 num 0 verified? true, content: 1nbl74l92v2pij1amlvn43emd6uakhj9vomrwvtp65q6cat1cqt
Block name: /test/data/treeTest/testDocBuffer.txt/=FD57/=0064 num 100 verified? true, content: 11s304e2gdak4rx0e0hko4iwu1a8f5cf9nqinqburnlhq38au6i
Constructed tree of numleaves: 109 max pathlength: 7
Block name: /test/data/treeTest/testDocBuffer.txt/=FD4D/=00 num 0 verified? true, content: 32f7gvfpmxqalw6v5g5ar7a090t5drc51d9jroqqie51mi43rx3
Block name: /test/data/treeTest/testDocBuffer.txt/=FD4D/=0064 num 100 verified? true, content: 18pfl3pwajhoaib5t2dgpt072dqd6w38oduvhdbm4556bcap3x6
Constructed tree of numleaves: 110 max pathlength: 7
Block name: /test/data/treeTest/testDocBuffer.txt/=FD0354/=00 num 0 verified? true, content: 5uo4kg8na8gi179gjk8u0q4c91tfxefbp5iii6td0s8vuqfej1
Block name: /test/data/treeTest/testDocBuffer.txt/=FD0354/=0064 num 100 verified? true, content: 2eqdg2qmlxg518ecjx0gbw7x4sc7w140ketlqhfgl059hpw2x1c
Constructed tree of numleaves: 111 max pathlength: 7
Block name: /test/data/treeTest/testDocBuffer.txt/=FD03C9/=00 num 0 verified? true, content: 315tbrmulrrvl8wp9gdhgqsg39oh4t2dmgq869hcclsvu2nurdn
Block name: /test/data/treeTest/testDocBuffer.txt/=FD03C9/=0064 num 100 verified? true, content: 9jq0vus8b2fj8d9cdi2hlq2ftje1mk6xbxs6bn2lakt9fd9p46
Constructed tree of numleaves: 112 max pathlength: 7
Block name: /test/data/treeTest/testDocBuffer.txt/=FD0B/=00 num 0 verified? true, content: 2u9hrk4u9v8m23v9tn8kx7ibrao0n3q0t4v04baol1pag66usuc
Block name: /test/data/treeTest/testDocBuffer.txt/=FD0B/=0064 num 100 verified? true, content: 5u05ew58qj8fvkkri59dorrr9gpfw59dcilci4621ihncl80pl
Constructed tree of numleaves: 113 max pathlength: 7
Block name: /test/data/treeTest/testDocBuffer.txt/=FD024C/=00 num 0 verified? true, content: c0rndboppbdajfmlraactb06lghw6bp1v2x1ododeaushklfdd
Block name: /test/data/treeTest/testDocBuffer.txt/=FD024C/=0064 num 100 verified? true, content: 1enqv8pkhulk7x4durnbcp0xbhfdmn6kpfhamn9em0fwcjgas0t
Constructed tree of numleaves: 114 max pathlength: 7
Block name: /test/data/treeTest/testDocBuffer.txt/=FD8B/=00 num 0 verified? true, content: qxhtfjgnupdpr0obl92rnha037b7347eox5cxed2955emhrx7c
Block name: /test/data/treeTest/testDocBuffer.txt/=FD8B/=0064 num 100 verified? true, content: 1nniw6tru2p8nt6nf877kgouj8erusb161ipq8k9vpx24frh773
Constructed tree of numleaves: 115 max pathlength: 7
Block name: /test/data/treeTest/testDocBuffer.txt/=FD02BF/=00 num 0 verified? true, content: 2ouscnnmpmlir9dm6efq34holpcwari231qtmdrs90rmrm434r4
Block name: /test/data/treeTest/testDocBuffer.txt/=FD02BF/=0064 num 100 verified? true, content: 22ja0hl3qmqo6so9xfeq344xh212gj4clssfxjig5xn2brujqg8
Constructed tree of numleaves: 116 max pathlength: 7
Block name: /test/data/treeTest/testDocBuffer.txt/=FDE9/=00 num 0 verified? true, content: 1xn5ir0v3efmmeclv2mlkc3rit6e8h2rcuocwol1g8uuv6656aw
Block name: /test/data/treeTest/testDocBuffer.txt/=FDE9/=0064 num 100 verified? true, content: 1fsm18dxsgr0s5135aa5xmdm4irs884j8eole3jhel08jrc0ag7
Constructed tree of numleaves: 117 max pathlength: 7
Block name: /test/data/treeTest/testDocBuffer.txt/=FD0212/=00 num 0 verified? true, content: udekb6q5ain94xem29vbroo1sbgb4679nwt27op624x525xwhx
Block name: /test/data/treeTest/testDocBuffer.txt/=FD0212/=0064 num 100 verified? true, content: 2lq66dbhh8vpt5amh6u68g1l943wxk84necd2e1gthg7ksofags
Constructed tree of numleaves: 118 max pathlength: 7
Block name: /test/data/treeTest/testDocBuffer.txt/=FD25/=00 num 0 verified? true, content: 1x1w5706gmjhv1wp5axvcmutv6dxari4qpeti919og71j0cmqso
Block name: /test/data/treeTest/testDocBuffer.txt/=FD25/=0064 num 100 verified? true, content: 1i04aeowlj9rol1lg8x8d8hf2tlsa38xtblack75d01girqsdal
Constructed tree of numleaves: 119 max pathlength: 7
Block name: /test/data/treeTest/testDocBuffer.txt/=FD036A/=00 num 0 verified? true, content: 1nfv51hil11o47q8q0k9ast2j6nia2ug2hpje2nv0jfj73prjoj
Block name: /test/data/treeTest/testDocBuffer.txt/=FD036A/=0064 num 100 verified? true, content: 7sau0ubjtehqhp6lqmgsjt55pfhcj0luuwntsu6sdud4jg4a3t
Constructed tree of numleaves: 120 max pathlength: 7
Block name: /test/data/treeTest/testDocBuffer.txt/=FD44/=00 num 0 verified? true, content: 20n8c38x274hgdob45mwc2hj1r0hv5rdbwiketwsu3pnuljv4bt
Block name: /test/data/treeTest/testDocBuffer.txt/=FD44/=0064 num 100 verified? true, content: r6ajelnuj47mvabkpgb4c1exih1iuqenicdlcxff60rnf89b4n
Constructed tree of numleaves: 121 max pathlength: 7
Block name: /test/data/treeTest/testDocBuffer.txt/=FD4D/=00 num 0 verified? true, content: 2blu6lm30f5vl3q1pttd17iapsj84hoqrgqkfq94jdxnct33pc4
Block name: /test/data/treeTest/testDocBuffer.txt/=FD4D/=0064 num 100 verified? true, content: 1gebg9bw5w528qh5q8n17ocvcaf7aa4tdwbtgevx18nmwpo9vlq
Constructed tree of numleaves: 122 max pathlength: 7
Block name: /test/data/treeTest/testDocBuffer.txt/=FD0293/=00 num 0 verified? true, content: 30mg8htx39npewq51j65bf8fagi5cln1r4di27s5ee4nw2sgs1w
Block name: /test/data/treeTest/testDocBuffer.txt/=FD0293/=0064 num 100 verified? true, content: 1xjr2llxvll5lhos7canm4gonn02v1fsaftltltnrgosbvcstmn
Constructed tree of numleaves: 123 max pathlength: 7
Block name: /test/data/treeTest/testDocBuffer.txt/=FD0331/=00 num 0 verified? true, content: 2o7ebw9a0k5ujsm7lv54mblj0bbuv7mdons4tq7lxgd7k2maodx
Block name: /test/data/treeTest/testDocBuffer.txt/=FD0331/=0064 num 100 verified? true, content: 1xlcf5o8qvukklhmx3f8lmwsx6qipe0mwhhpktpvpf68rxd8vt0
Constructed tree of numleaves: 124 max pathlength: 7
Block name: /test/data/treeTest/testDocBuffer.txt/=FD0305/=00 num 0 verified? true, content: et7c6p4miwua44ouf1wx63d7s0niqhtd0hv8sqexpm3whjstnp
Block name: /test/data/treeTest/testDocBuffer.txt/=FD0305/=0064 num 100 verified? true, content: 11gxd0qaqu1vruj9s8tec1orbqu7duapdru2jci3axqit229d1q
Constructed tree of numleaves: 125 max pathlength: 7
Block name: /test/data/treeTest/testDocBuffer.txt/=FD0296/=00 num 0 verified? true, content: 30qgnrjnoidwjkewclt4qe79mnwpf7mvgxan1q9o53v2u2odop7
Block name: /test/data/treeTest/testDocBuffer.txt/=FD0296/=0064 num 100 verified? true, content: 2chhrarewnqp1a17xwktf311wmreixx8qm1l5ditm2x1wk5k0id
Constructed tree of numleaves: 126 max pathlength: 7
Block name: /test/data/treeTest/testDocBuffer.txt/=FD0301/=00 num 0 verified? true, content: 1sq6kqrdhxl7oajqoc87sgeej44obtg38q5wfmcvhoans3irwj0
Block name: /test/data/treeTest/testDocBuffer.txt/=FD0301/=0064 num 100 verified? true, content: na6txn18td76we3nxhfwtvppnf5f8qlr8cqqjkqo2vlmx6eqq2
Constructed tree of numleaves: 127 max pathlength: 7
Block name: /test/data/treeTest/testDocBuffer.txt/=FD037F/=00 num 0 verified? true, content: 1kb2nntqucg2htvnqinuc78pgs1ocx2rwe818jk7a8e8e8h0rxn
Block name: /test/data/treeTest/testDocBuffer.txt/=FD037F/=0064 num 100 verified? true, content: 1j6oevl8eq5wmu8nxr0g8vdls32qufk84c8ea7kk80h33cgws05
Constructed tree of numleaves: 128 max pathlength: 7
Block name: /test/data/treeTest/testDocBuffer.txt/=FD53/=00 num 0 verified? true, content: 2vqtddadvfk1v5h5ssrlhne2r137bqwg6vkolcboabw4g68591s
Block name: /test/data/treeTest/testDocBuffer.txt/=FD53/=0064 num 100 verified? true, content: 1dvxsq4fp48l998s15o23js89pa70f85c17rekpt4pv9oqnf9e2
Constructed tree of numleaves: 129 max pathlength: 8
Block name: /test/data/treeTest/testDocBuffer.txt/=FD74/=00 num 0 verified? true, content: 1a21oqhb4xhgt5hwti6h4ac5pno7u6s8t87x9bbjx38xed5biat
Block name: /test/data/treeTest/testDocBuffer.txt/=FD74/=0064 num 100 verified? true, content: 24uq80cgti06awctdow4812qrq1n8t7l6duesh7cocv290eo0hs
Constructed tree of numleaves: 130 max pathlength: 8
Block name: /test/data/treeTest/testDocBuffer.txt/=FD01D0/=00 num 0 verified? true, content: 2ntaovbrcwgqbohqg4k6mx3xmbg3vlgb4xr53ej4wgxgw3n285b
Block name: /test/data/treeTest/testDocBuffer.txt/=FD01D0/=0064 num 100 verified? true, content: 2hoi5delw85ica0a07glbbv8gni0nbmsels6mvnb8knxgp98hwb
Constructed tree of numleaves: 131 max pathlength: 8
Block name: /test/data/treeTest/testDocBuffer.txt/=FD01B1/=00 num 0 verified? true, content: adt5e6o95d8o0cd71ppm8ju3lm2ojnd454qkv6rbk0a9n4lt28
Block name: /test/data/treeTest/testDocBuffer.txt/=FD01B1/=0064 num 100 verified? true, content: 2olpqnjr4sgxeert7relsp0pk09bq90us865cqxioxfcumiw655
Constructed tree of numleaves: 132 max pathlength: 8
Block name: /test/data/treeTest/testDocBuffer.txt/=FD029E/=00 num 0 verified? true, content: 31gl78rr5438ka3nsiwqb91vjvsv2ees4m4t3a90ur7qtwqkers
Block name: /test/data/treeTest/testDocBuffer.txt/=FD029E/=0064 num 100 verified? true, content: chjjsx6oudhkbllr7wjsh574e4cs4t927lngragmwhc34oxq6u
Constructed tree of numleaves: 133 max pathlength: 8
Block name: /test/data/treeTest/testDocBuffer.txt/=FD0180/=00 num 0 verified? true, content: 1a185unvwiqpafwbqc8f978bowx112cg1vns216r9g9m44jr4c9
Block name: /test/data/treeTest/testDocBuffer.txt/=FD0180/=0064 num 100 verified? true, content: 2qafam92m2jk0la9ndkowh3l54c4h95asthriu2xxh2159fuq9u
Constructed tree of numleaves: 134 max pathlength: 8
Block name: /test/data/treeTest/testDocBuffer.txt/=FD031C/=00 num 0 verified? true, content: 2w591hkg9p6rg7isah6wwngpq0m8rwk8i4odmslrpqbax6fwtvx
Block name: /test/data/treeTest/testDocBuffer.txt/=FD031C/=0064 num 100 verified? true, content: 32lmfg4qltllq8dn4np1gupjsocqhqk31rja6owna740tfgoxgl
Constructed tree of numleaves: 135 max pathlength: 8
Block name: /test/data/treeTest/testDocBuffer.txt/=FD02B0/=00 num 0 verified? true, content: 2auk6ddmi4j5of184xn7bk6v4qnul7waoo3tw2o8msspnex3p2r
Block name: /test/data/treeTest/testDocBuffer.txt/=FD02B0/=0064 num 100 verified? true, content: pqh6ev4a2w49wgxkb00iom73ghnfqhmw2pvojji4qqufvpkkme
Constructed tree of numleaves: 136 max pathlength: 8
Block name: /test/data/treeTest/testDocBuffer.txt/=FD02B1/=00 num 0 verified? true, content: 22ovfum3cn77vx5apxkbbjmckalg12w26q1rh68ic0j88j5vg0i
Block name: /test/data/treeTest/testDocBuffer.txt/=FD02B1/=0064 num 100 verified? true, content: s6skvfgcpafwve6g51ie74xg8s6jabiluo4h4vi1olg7eievvn
Constructed tree of numleaves: 137 max pathlength: 8
Block name: /test/data/treeTest/testDocBuffer.txt/=FD02AA/=00 num 0 verified? true, content: 2abxmhmcdjoxnt7mhgpx491sd3fpd9h5h8lpb7fdajv8ksai9iv
Block name: /test/data/treeTest/testDocBuffer.txt/=FD02AA/=0064 num 100 verified? true, content: 227foguwlc9mk1cs5125a5jgrwttskd972f8oug7wucora7g26q
Constructed tree of numleaves: 138 max pathlength: 8
Block name: /test/data/treeTest/testDocBuffer.txt/=FD039C/=00 num 0 verified? true, content: 28wcjh3jopichkxas2lkgggnh3mmmso561leopg0lik7kw6vvgi
Block name: /test/data/treeTest/testDocBuffer.txt/=FD039C/=0064 num 100 verified? true, content: 2d7vm9541n64i35ghtsnj5liucf0mo4tj9tw6jniv1wijcqbkhq
Constructed tree of numleaves: 139 max pathlength: 8
Block name: /test/data/treeTest/testDocBuffer.txt/=FDCD/=00 num 0 verified? true, content: 24g5npq5ltccs8151lij39mx644p01h6dphabjlrcv8u7msfe8r
Block name: /test/data/treeTest/testDocBuffer.txt/=FDCD/=0064 num 100 verified? true, content: bpenfrqato42gfuh3ouxfn5gdg3pnw7an195ec7xr8bn0cigow
Constructed tree of numleaves: 140 max pathlength: 8
Block name: /test/data/treeTest/testDocBuffer.txt/=FD0373/=00 num 0 verified? true, content: 22d8wg3a0hnxveiu26stl9wsxhee9lqgeje720riwgcdrj0cgok
Block name: /test/data/treeTest/testDocBuffer.txt/=FD0373/=0064 num 100 verified? true, content: 281edxi70v630o8569nha700664rj5vm4jg9q6pf7gkl8m1w4is
Constructed tree of numleaves: 141 max pathlength: 8
Block name: /test/data/treeTest/testDocBuffer.txt/=FD0202/=00 num 0 verified? true, content: 1w23f67eqx834tw5t6p5i83xsgvlejrsxnvo7b8uhp5pwcjbs5d
Block name: /test/data/treeTest/testDocBuffer.txt/=FD0202/=0064 num 100 verified? true, content: 1f90kf73awxhvhghaklspubh3no4k630o87x1qqh66p8vexeqno
Constructed tree of numleaves: 142 max pathlength: 8
Block name: /test/data/treeTest/testDocBuffer.txt/=FD0224/=00 num 0 verified? true, content: vt0cnvfe5huqmjl7rwcsfv8gio5oah9gm9juiggxsar3u8nwue
Block name: /test/data/treeTest/testDocBuffer.txt/=FD0224/=0064 num 100 verified? true, content: 1bkrrv9jq6wxp90seumxee2fe3pf4uk44auhmwce7ikln57irfs
Constructed tree of numleaves: 143 max pathlength: 8
Block name: /test/data/treeTest/testDocBuffer.txt/=FD012C/=00 num 0 verified? true, content: 1wgphbc6clwdfhrh0atah1qvgo9kfmmebgocupqo53ew621d1mq
Block name: /test/data/treeTest/testDocBuffer.txt/=FD012C/=0064 num 100 verified? true, content: 18dsasnwrk5tn802wbck4fsd2mh8q296f8smmh5rnsg3gngvrp1
Constructed tree of numleaves: 144 max pathlength: 8
Block name: /test/data/treeTest/testDocBuffer.txt/=FD0339/=00 num 0 verified? true, content: 8s4kmtjm8e3warlw20ipquch3hfrm9k2qlg1euxb7j5253oluh
Block name: /test/data/treeTest/testDocBuffer.txt/=FD0339/=0064 num 100 verified? true, content: 2pn8uqan8w4b40fmqwkjjt6peirj3nlhodhevvurr9t95mfds0p
Constructed tree of numleaves: 145 max pathlength: 8
Block name: /test/data/treeTest/testDocBuffer.txt/=FD02D1/=00 num 0 verified? true, content: 21fu1f974q5ap2162ej7apr2vpmswjlqewki2gf7u9tj56tmsao
Block name: /test/data/treeTest/testDocBuffer.txt/=FD02D1/=0064 num 100 verified? true, content: 2adv8p6g7tw6fd1dhw3rmgxuop8w1k1hln6llvi37wbjb7v5uim
Constructed tree of numleaves: 146 max pathlength: 8
Block name: /test/data/treeTest/testDocBuffer.txt/=FD02C0/=00 num 0 verified? true, content: xhp6p3wb66tb7mmbnktgiavrvmovp2ouwlfm5mbwv056gb3t7m
Block name: /test/data/treeTest/testDocBuffer.txt/=FD02C0/=0064 num 100 verified? true, content: 24vi54rnltx0isck8r9becp9h7l5bcfeg71ig3s4m5qds476ubr
Constructed tree of numleaves: 147 max pathlength: 8
Block name: /test/data/treeTest/testDocBuffer.txt/=FD0169/=00 num 0 verified? true, content: 1vx6o11fhu7vvii9ibcp6rgmqdai1h2comh7iqngk1j54kwaixq
Block name: /test/data/treeTest/testDocBuffer.txt/=FD0169/=0064 num 100 verified? true, content: 18jhbggbe67lat2x29dbenpaoxhmewhgierfxdxa8moquucpqns
Constructed tree of numleaves: 148 max pathlength: 8
Block name: /test/data/treeTest/testDocBuffer.txt/=FD33/=00 num 0 verified? true, content: 2fu06g13ev3wnnv2nl8u813k0hrc14fbsgkijw759o5edw6ubgf
Block name: /test/data/treeTest/testDocBuffer.txt/=FD33/=0064 num 100 verified? true, content: 138mm020npvm0r9xwosmo76u81vlffo5fv7ch2q0dk9npp0sl49
Constructed tree of numleaves: 149 max pathlength: 8
Block name: /test/data/treeTest/testDocBuffer.txt/=FD5E/=00 num 0 verified? true, content: 314aeu0msxlnvx8orapu9525mb0inx0jcrlx4pjdqg56s0uvkcc
Block name: /test/data/treeTest/testDocBuffer.txt/=FD5E/=0064 num 100 verified? true, content: jm7v3aopqnlonfjc1r1f2dmjsl4884i96dxfkv8pfoc7vssd5p
Constructed tree of numleaves: 150 max pathlength: 8
Block name: /test/data/treeTest/testDocBuffer.txt/=FD03C0/=00 num 0 verified? true, content: 2jdhgq161wf4mrwpucd702rcru7trnad12m2n6nol00aa2hr524
Block name: /test/data/treeTest/testDocBuffer.txt/=FD03C0/=0064 num 100 verified? true, content: 2kil34jt53p0bsm8gjhnwpmcjt3i39dava3t4144tu16fh4dutx
Constructed tree of numleaves: 151 max pathlength: 8
Block name: /test/data/treeTest/testDocBuffer.txt/=FD0317/=00 num 0 verified? true, content: 282kc97hkh15u3po373dkinbw11482xivb1g5f47fqw48ahf3n
Block name: /test/data/treeTest/testDocBuffer.txt/=FD0317/=0064 num 100 verified? true, content: bqvis1bs1i7e822hf3fgogssapbui3wvk0o6dm6j1grkacnrt8
Constructed tree of numleaves: 152 max pathlength: 8
Block name: /test/data/treeTest/testDocBuffer.txt/=FD0228/=00 num 0 verified? true, content: 1ugftatt21whs2awd1uox14vfb1vwbo34n98oeei1d9eaq6dbi
Block name: /test/data/treeTest/testDocBuffer.txt/=FD0228/=0064 num 100 verified? true, content: gshsiirkuu5nw6wxn9k8i5laqnf9cm5a73qg4rfpoksxve4w5n
Constructed tree of numleaves: 153 max pathlength: 8
Block name: /test/data/treeTest/testDocBuffer.txt/=FDBD/=00 num 0 verified? true, content: 2gqlbbl1junlwxn3k3cew75815mbj8n8fa4ab6plu3xdvggosc4
Block name: /test/data/treeTest/testDocBuffer.txt/=FDBD/=0064 num 100 verified? true, content: 269oljn7wv8l0cf3plc14ijmwh5glfisoxt9ppoipkdjmo372aq
Constructed tree of numleaves: 154 max pathlength: 8
Block name: /test/data/treeTest/testDocBuffer.txt/=FD0112/=00 num 0 verified? true, content: 68x96jam8xe50v2fh0eb0ov4lpsers42ukw0qh07a4a18hski9
Block name: /test/data/treeTest/testDocBuffer.txt/=FD0112/=0064 num 100 verified? true, content: 1dt40mljo9r0hg5vlncbuwlqbte7u7ngfnbu4nv9krump9frs67
Constructed tree of numleaves: 155 max pathlength: 8
Block name: /test/data/treeTest/testDocBuffer.txt/=FD020F/=00 num 0 verified? true, content: 1ubbngj0hrc4ax785etl7fd58hgxt00s2s7plui2ci98b1qdlqd
Block name: /test/data/treeTest/testDocBuffer.txt/=FD020F/=0064 num 100 verified? true, content: ucse631to65ir4fr2pvva77418v5f02s3vvvkdm8nh94xs37pp
Constructed tree of numleaves: 156 max pathlength: 8
Block name: /test/data/treeTest/testDocBuffer.txt/=FD02A8/=00 num 0 verified? true, content: 2p3tmil1cv3b5oew9agus14v1avc7b43ej2os0k0mwopwrs4jah
Block name: /test/data/treeTest/testDocBuffer.txt/=FD02A8/=0064 num 100 verified? true, content: 6hp80rwsufj4mvtte83r20ussldpnbsx4bfi01qvu7hlqfa576
Constructed tree of numleaves: 157 max pathlength: 8
Block name: /test/data/treeTest/testDocBuffer.txt/=FD02A2/=00 num 0 verified? true, content: 20l2feto90ql6fgj6xf9rax4rjmf5ppfu7v2dvr0pudgr29fhv8
Block name: /test/data/treeTest/testDocBuffer.txt/=FD02A2/=0064 num 100 verified? true, content: 1pvtpl7gkunome4a97vxm6kgatr229s23aj77uvgmd95wtig0nn
Constructed tree of numleaves: 158 max pathlength: 8
Block name: /test/data/treeTest/testDocBuffer.txt/=FD02F1/=00 num 0 verified? true, content: 4cjuwtnaqnnxko4l2jl0r1rikpkxjjrt8e7hcoo6mw8no0vud6
Block name: /test/data/treeTest/testDocBuffer.txt/=FD02F1/=0064 num 100 verified? true, content: aj5kusanhl8hha822wmlwcgxxrh02n4st03e1ekste5t5s2wp9
Constructed tree of numleaves: 159 max pathlength: 8
Block name: /test/data/treeTest/testDocBuffer.txt/=FD020D/=00 num 0 verified? true, content: 77qsdesgd2x5vw1msd5opqi61i642kfc3x7em990lfw9b0rfsr
Block name: /test/data/treeTest/testDocBuffer.txt/=FD020D/=0064 num 100 verified? true, content: 19qrw6wgdq6hcjxw0w1mj4l5lrmkgiwdjg1bgxwphebtec0p2nf
Constructed tree of numleaves: 160 max pathlength: 8
Block name: /test/data/treeTest/testDocBuffer.txt/=FD1D/=00 num 0 verified? true, content: 1b3vixurjlubgwxp9gj6f2t1m9b7bnirfhg0s4amenqbsbbmcmf
Block name: /test/data/treeTest/testDocBuffer.txt/=FD1D/=0064 num 100 verified? true, content: 2e8m4kjwxvuxtoxufoc0vo4ksf85dh7ib963e2t2buw4u8baqwb
Constructed tree of numleaves: 161 max pathlength: 8
Block name: /test/data/treeTest/testDocBuffer.txt/=FD02C5/=00 num 0 verified? true, content: 1nw35ipnggru4rq326q9gx9i75w8k4fbak81hd0bgv1hxojfdkf
Block name: /test/data/treeTest/testDocBuffer.txt/=FD02C5/=0064 num 100 verified? true, content: 2fkwglxgmf6w6mick72274xrk8e4fm9x5900lb1v2fo9sgtpwbx
Constructed tree of numleaves: 162 max pathlength: 8
Block name: /test/data/treeTest/testDocBuffer.txt/=FD0220/=00 num 0 verified? true, content: 298rjewjcjb1wrx9xhsxnwvclfdurf6qtaew2tn79kswl4hsl1r
Block name: /test/data/treeTest/testDocBuffer.txt/=FD0220/=0064 num 100 verified? true, content: 2uvl8vqb90462b1796eu5x6sxkwtj0413s7l64dskmbp2alpnie
Constructed tree of numleaves: 163 max pathlength: 8
Block name: /test/data/treeTest/testDocBuffer.txt/=FD037E/=00 num 0 verified? true, content: 8gqovapowo8p8eaktxu38rjgj0ofm9wbc0xdimi268oarvactx
Block name: /test/data/treeTest/testDocBuffer.txt/=FD037E/=0064 num 100 verified? true, content: 23vuo6x678ighdte37uxxgxt8f106u9nhomlkru9xaqfgdd207j
Constructed tree of numleaves: 164 max pathlength: 8
Block name: /test/data/treeTest/testDocBuffer.txt/=FD013E/=00 num 0 verified? true, content: 21lilc8tulq2chh5q559uqhvc967tqb1r65nhdjg3nph0akupgw
Block name: /test/data/treeTest/testDocBuffer.txt/=FD013E/=0064 num 100 verified? true, content: 1nw1qib8wl5jah0tj8wi088eswdd82f99p3j5jraqat6g4hvcf6
Constructed tree of numleaves: 165 max pathlength: 8
Block name: /test/data/treeTest/testDocBuffer.txt/=FDAE/=00 num 0 verified? true, content: h7egr5vkdb5s8bqsq5leja9spe6ufuwg4juwmv6vfbbaidjf14
Block name: /test/data/treeTest/testDocBuffer.txt/=FDAE/=0064 num 100 verified? true, content: 2e0u57d6r45ow9efmetgtuuh7ugj20v9tj2an7ecpmjls0afwvg
Constructed tree of numleaves: 166 max pathlength: 8
Block name: /test/data/treeTest/testDocBuffer.txt/=FD0273/=00 num 0 verified? true, content: 270t1w96wim3nlc5ltowjx56e8na1nf3q9x2qplw9jvhp3cmdkc
Block name: /test/data/treeTest/testDocBuffer.txt/=FD0273/=0064 num 100 verified? true, content: bb1sr4jdthcin149wfjgg4sihnij4n9v9eneltrvfww02g20v5
Constructed tree of numleaves: 167 max pathlength: 8
Block name: /test/data/treeTest/testDocBuffer.txt/=FD0365/=00 num 0 verified? true, content: 8fr2hlkv61fw80gqno4niger876x0k37bppr9gg5iqfe5l081d
Block name: /test/data/treeTest/testDocBuffer.txt/=FD0365/=0064 num 100 verified? true, content: 2onss75gpjxt6f2d2xrph27osv8s38k4c3avf3ggk4p07cqcgn3
Constructed tree of numleaves: 168 max pathlength: 8
Block name: /test/data/treeTest/testDocBuffer.txt/=FD0301/=00 num 0 verified? true, content: 14h4umpcvlr46m5btah2xmo9hwwxkx5brida85ffnsw8maerfh6
Block name: /test/data/treeTest/testDocBuffer.txt/=FD0301/=0064 num 100 verified? true, content: t8i0eocrii71wowp6bfb41btseubksak6crcxu73pnb7gc8i5n
Constructed tree of numleaves: 169 max pathlength: 8
Block name: /test/data/treeTest/testDocBuffer.txt/=FDB8/=00 num 0 verified? true, content: a0qbbev8e6atmgdhm514wdubbspjcm2t7ftsh6nv1mqw559nb9
Block name: /test/data/treeTest/testDocBuffer.txt/=FDB8/=0064 num 100 verified? true, content: q640eof6br9iewuquo833nm8m7wrjpjw3xbfdqj9ttu282hjn2
Constructed tree of numleaves: 170 max pathlength: 8
Block name: /test/data/treeTest/testDocBuffer.txt/=FD03C2/=00 num 0 verified? true, content: orftutluvu7k7l91pn2ir0w0fstldv00tq38s00516swsr46jq
Block name: /test/data/treeTest/testDocBuffer.txt/=FD03C2/=0064 num 100 verified? true, content: lblum7vptii497lag1vtvjms9ak9gq8nmum1ua0soifwrdn67o
Constructed tree of numleaves: 171 max pathlength: 8
Block name: /test/data/treeTest/testDocBuffer.txt/=FD03D4/=00 num 0 verified? true, content: 1jdnu6068kri3ewnabejhvgnda3le7mt4c826sx7k0gkqcuh0xq
Block name: /test/data/treeTest/testDocBuffer.txt/=FD03D4/=0064 num 100 verified? true, content: 27ps9kmvu54r4th3evoe7uf8ls66xau71f6viqkkgef5i8wx8mg
Constructed tree of numleaves: 172 max pathlength: 8
Block name: /test/data/treeTest/testDocBuffer.txt/=FD0174/=00 num 0 verified? true, content: gg39n0mlhh51rddchu0476h01oc4nuh7885hsrslrx3ojnfguj
Block name: /test/data/treeTest/testDocBuffer.txt/=FD0174/=0064 num 100 verified? true, content: vwnemrow5fnwarjjf9ts56i9ud3uc807lg6fa143gtbbp3sxmm
Constructed tree of numleaves: 173 max pathlength: 8
Block name: /test/data/treeTest/testDocBuffer.txt/=FD19/=00 num 0 verified? true, content: 2d3s0g5otm5pn2as4nodi8sv98swgbkfe3h6qifr8c7n1p6hbl2
Block name: /test/data/treeTest/testDocBuffer.txt/=FD19/=0064 num 100 verified? true, content: 1j9j8k37rau5dqntfa47rpeppn1x2sa2ceb4a58joh7jq96mw9q
Constructed tree of numleaves: 174 max pathlength: 8
Block name: /test/data/treeTest/testDocBuffer.txt/=FD031B/=00 num 0 verified? true, content: qrfpbp4l8c2ci0idvenr6a8i3g7pha1gikqw76ntvg2wkipa8c
Block name: /test/data/treeTest/testDocBuffer.txt/=FD031B/=0064 num 100 verified? true, content: qc54jissnljgt3g3eblj6q9a9gik1v2w1wrgf9snc99l0aqm32
Constructed tree of numleaves: 175 max pathlength: 8
Block name: /test/data/treeTest/testDocBuffer.txt/=FD0147/=00 num 0 verified? true, content: 1r4qbndmtviqg743nbx12gnux545359214737c4wjj08mv1l7cm
Block name: /test/data/treeTest/testDocBuffer.txt/=FD0147/=0064 num 100 verified? true, content: 1augpw8xkvc58sx3tw2xkhdht423uf1u24jx8lgxsw3j48w1gmm
Constructed tree of numleaves: 176 max pathlength: 8
Block name: /test/data/treeTest/testDocBuffer.txt/=FD039F/=00 num 0 verified? true, content: 2noau4xf040t3ugrw3hb8lj7whd63ctbm0e53hcwj13em76t7qh
Block name: /test/data/treeTest/testDocBuffer.txt/=FD039F/=0064 num 100 verified? true, content: 2t8i0495h92it7401bai9eldlqcmolsjf5kewdtfasj5j5mhkp
Constructed tree of numleaves: 177 max pathlength: 8
Block name: /test/data/treeTest/testDocBuffer.txt/=FD/=00 num 0 verified? true, content: 1ls8iixwb2ba6ai3t3puf61dsa30thfwosmmhfo9lbsebwmhi7m
Block name: /test/data/treeTest/testDocBuffer.txt/=FD/=0064 num 100 verified? true, content: v9d75xnkhjr9lp580gggv7696ru5bk328rkji0ah17pj5gibe1
Constructed tree of numleaves: 178 max pathlength: 8
Block name: /test/data/treeTest/testDocBuffer.txt/=FD02AB/=00 num 0 verified? true, content: 268wuxkerohgdb4huo5gt50iq36f927vwjcfjst5dnaatsqhi9n
Block name: /test/data/treeTest/testDocBuffer.txt/=FD02AB/=0064 num 100 verified? true, content: 26api09litbr55ncblursgkcuef038pi0kvxwcjgk2ongd9dn5q
Constructed tree of numleaves: 179 max pathlength: 8
Block name: /test/data/treeTest/testDocBuffer.txt/=FD0184/=00 num 0 verified? true, content: 235fei7slvgu7gr1hw86pm8qd4mbkoomsg8vao0u8gx1rhv7ig2
Block name: /test/data/treeTest/testDocBuffer.txt/=FD0184/=0064 num 100 verified? true, content: 1sffhoqcebx7uu40okgu2e67j5cap8q4feovifgpmkgo02k8kft
Constructed tree of numleaves: 180 max pathlength: 8
Block name: /test/data/treeTest/testDocBuffer.txt/=FD0188/=00 num 0 verified? true, content: 1smlimn0f7digfflh70ridlgu4hmswkuwmo2pbtn54blooadvpp
Block name: /test/data/treeTest/testDocBuffer.txt/=FD0188/=0064 num 100 verified? true, content: 148g69umca3wub8sfbsbc792sid46en4rusdh6421b31fxpmcxd
Constructed tree of numleaves: 181 max pathlength: 8
Block name: /test/data/treeTest/testDocBuffer.txt/=FD02B8/=00 num 0 verified? true, content: 250233awb68pr6id7e3drxfebj661fs56lmo446d3cbwaq84vhu
Block name: /test/data/treeTest/testDocBuffer.txt/=FD02B8/=0064 num 100 verified? true, content: 1fer93b4eck9m1sjuqp6v6x6w2m8ael85vigturme1d91e83ows
Constructed tree of numleaves: 182 max pathlength: 8
Block name: /test/data/treeTest/testDocBuffer.txt/=FD0388/=00 num 0 verified? true, content: 2gqaemuxn5ck0igdt9bbbvc0tsfplufp97oqcf8ts3ipl4p63ts
Block name: /test/data/treeTest/testDocBuffer.txt/=FD0388/=0064 num 100 verified? true, content: 16hiseiq29x2q5tg7jur9bspdt5cw028treh4ndc5k1qbxvxgbl
Constructed tree of numleaves: 183 max pathlength: 8
Block name: /test/data/treeTest/testDocBuffer.txt/=FD2F/=00 num 0 verified? true, content: ufih23a76iqorntrsijd3pfjt11p9ibl7tula1qo1b3p8qtd3j
Block name: /test/data/treeTest/testDocBuffer.txt/=FD2F/=0064 num 100 verified? true, content: 2wn5e03nclg0xenulwcdi45b0td8r4gbq378bmjj3et6il090u7
Constructed tree of numleaves: 184 max pathlength: 8
Block name: /test/data/treeTest/testDocBuffer.txt/=FD017B/=00 num 0 verified? true, content: 1cpx71m1t3k4qtnhipc9dj8t0m611cnupg06lecpfpba6g2fj4e
Block name: /test/data/treeTest/testDocBuffer.txt/=FD017B/=0064 num 100 verified? true, content: 2pw1xvxu1dnmspbgilj7ubn6331pctv9eelt0rc7tfci0vn1ior
Constructed tree of numleaves: 185 max pathlength: 8
Block name: /test/data/treeTest/testDocBuffer.txt/=FD0372/=00 num 0 verified? true, content: 179uj2ax9u19ws9ou1rs2cbko7wrxfjif17rpohaufr7hevgftk
Block name: /test/data/treeTest/testDocBuffer.txt/=FD0372/=0064 num 100 verified? true, content: 1391ltu8ak3p2i9leg4c7hwbuq8ux5dpaqqcowxig95l0xg0b3i
Constructed tree of numleaves: 186 max pathlength: 8
Block name: /test/data/treeTest/testDocBuffer.txt/=FD02AF/=00 num 0 verified? true, content: 2fu59tjex8l351xje6x94i3j8h4iovid4tupojelonqwgbgq06j
Block name: /test/data/treeTest/testDocBuffer.txt/=FD02AF/=0064 num 100 verified? true, content: 2oll8up8t8t83g6gcmvg4e9sm1j5s1kn0p4c7atjic7ng2mgj9w
Constructed tree of numleaves: 187 max pathlength: 8
Block name: /test/data/treeTest/testDocBuffer.txt/=FDBA/=00 num 0 verified? true, content: jr27cudffun2tuasco5h67ncql1sfv7aa349tqi5m50jkt2eas
Block name: /test/data/treeTest/testDocBuffer.txt/=FDBA/=0064 num 100 verified? true, content: 1n1qqsc5qr8vwl63asqfomkjrqgnqi4ognthwdf0hgv94rmomb9
Constructed tree of numleaves: 188 max pathlength: 8
Block name: /test/data/treeTest/testDocBuffer.txt/=FD01D5/=00 num 0 verified? true, content: oph7acttmeu47j3wavn58p0ewla6rph9bt8g3htirjmv7t42k1
Block name: /test/data/treeTest/testDocBuffer.txt/=FD01D5/=0064 num 100 verified? true, content: 2n6td7aj7wukt7l14pg6i2oadu37r2b67kwe84424vep1crqmxn
Constructed tree of numleaves: 189 max pathlength: 8
Block name: /test/data/treeTest/testDocBuffer.txt/=FDB0/=00 num 0 verified? true, content: 1lesn2r50qd9ocp7q242i5bjde6xnpu6a9eei0llhl03n8xrqm5
Block name: /test/data/treeTest/testDocBuffer.txt/=FDB0/=0064 num 100 verified? true, content: v310erh817vua9fgfovkjns0frtelu53k2d7vief4ito6tg28m
Constructed tree of numleaves: 190 max pathlength: 8
Block name: /test/data/treeTest/testDocBuffer.txt/=FD15/=00 num 0 verified? true, content: 27icx0or6o8s8efuaggsu4othrhpmmwavcoeuscdpop4k9jf7lx
Block name: /test/data/treeTest/testDocBuffer.txt/=FD15/=0064 num 100 verified? true, content: 32qioq9c0uelnbrjseciiokewpdcl7gx7l9dvvhbpgaj3x38dec
Constructed tree of numleaves: 191 max pathlength: 8
Block name: /test/data/treeTest/testDocBuffer.txt/=FD0238/=00 num 0 verified? true, content: 1g27bs17pt30dmdxnk8v5170wuohtsqc0buevl4nvi65x2om1s7
Block name: /test/data/treeTest/testDocBuffer.txt/=FD0238/=0064 num 100 verified? true, content: 2ri42hhn4q2l1g3vhpnv6r26elxkjhhak9fkf7r6sfj6ubulqs6
Constructed tree of numleaves: 192 max pathlength: 8
Block name: /test/data/treeTest/testDocBuffer.txt/=FD75/=00 num 0 verified? true, content: 30qnafl28qblm55vnrcrjf06l6860qemg3cg7paajo90x9k4l3w
Block name: /test/data/treeTest/testDocBuffer.txt/=FD75/=0064 num 100 verified? true, content: 1ubx2f3v7rfnkpsfu82h1ii22blgq2ptapsnimsk4m9c6ct3ea
Constructed tree of numleaves: 193 max pathlength: 8
Block name: /test/data/treeTest/testDocBuffer.txt/=FD01EC/=00 num 0 verified? true, content: 17siedo3sgi4806lq2vtg8xx2v7q9dbnb8j80weigquxmvtn6p5
Block name: /test/data/treeTest/testDocBuffer.txt/=FD01EC/=0064 num 100 verified? true, content: 2lxca4rt0rajjfw9jbqrfb34achcqm0upifc0397ncbvanhbi6o
Constructed tree of numleaves: 194 max pathlength: 8
Block name: /test/data/treeTest/testDocBuffer.txt/=FD022C/=00 num 0 verified? true, content: 7un6o1fba1d609vqm8fqxldf0gl9j9hoj5x0ndbqcncq25nim2
Block name: /test/data/treeTest/testDocBuffer.txt/=FD022C/=0064 num 100 verified? true, content: 2qh6u9hqj7s66xace3mirsw2a7l0vdm1lfnjobcsnmauod5p6k3
Constructed tree of numleaves: 195 max pathlength: 8
Block name: /test/data/treeTest/testDocBuffer.txt/=FDB2/=00 num 0 verified? true, content: 1ndl0idqx57d392rcipff87ggf4acw9l430sw8cv75x0ui9n3o9
Block name: /test/data/treeTest/testDocBuffer.txt/=FDB2/=0064 num 100 verified? true, content: 1q05s689fnbfh6weec6jnnu5ju7e4tn1mn4wwrtt68hpm3s84ca
Constructed tree of numleaves: 196 max pathlength: 8
Block name: /test/data/treeTest/testDocBuffer.txt/=FD036F/=00 num 0 verified? true, content: 2qj05qc6u9nodtrap7ggcbg51o4m17g7e6k7g4776ntcfsrhba6
Block name: /test/data/treeTest/testDocBuffer.txt/=FD036F/=0064 num 100 verified? true, content: 1n5at3wo0gufuikctu54qss93svk6ic5lpc89vxgn02ojegb8g8
Constructed tree of numleaves: 197 max pathlength: 8
Block name: /test/data/treeTest/testDocBuffer.txt/=FD02C0/=00 num 0 verified? true, content: kja0w9nb7epfxs8mpqvlw84hlx8526to594inkfotco70ocjuw
Block name: /test/data/treeTest/testDocBuffer.txt/=FD02C0/=0064 num 100 verified? true, content: dlan9ixc9mvw4ghuq5asfihwwsao434ndv769a5i0legn5w176
Constructed tree of numleaves: 198 max pathlength: 8
Block name: /test/data/treeTest/testDocBuffer.txt/=FD010C/=00 num 0 verified? true, content: 1fu4j6doqf1atek848pthdp7ff5gh5u38651h2hfc5a4og6c1gb
Block name: /test/data/treeTest/testDocBuffer.txt/=FD010C/=0064 num 100 verified? true, content: 2uwnt1wd21mwkrmvwwfam3el6h4uce2h8xdvq0g1ci1r41ke481
Constructed tree of numleaves: 199 max pathlength: 8
Block name: /test/data/treeTest/testDocBuffer.txt/=FD0293/=00 num 0 verified? true, content: 16ptl1lec2ro31panleqsoo6mcexjo7ndqk2m2vm9qfa2snu6cd
Block name: /test/data/treeTest/testDocBuffer.txt/=FD0293/=0064 num 100 verified? true, content: 2hefr1aeahic8jt8355uw9ux30ig45exoe9k61bwhfb55jddnkw
Constructed tree of numleaves: 200 max pathlength: 8
Block name: /test/data/treeTest/testDocBuffer.txt/=FD56/=00 num 0 verified? true, content: 166q8etti8249vepx6rawvwa7ctvpm2k5xbu6fddjacli7ogvq6
Block name: /test/data/treeTest/testDocBuffer.txt/=FD56/=0064 num 100 verified? true, content: gnqitcf7ps1x3ae6a9nufcm6cthurm9akdq3pxk2a5136xx9d8
Constructed tree of numleaves: 201 max pathlength: 8
Block name: /test/data/treeTest/testDocBuffer.txt/=FD03CF/=00 num 0 verified? true, content: 1kc06n2w629ieq3lbg7845bt0bkdt9jtoekcv1w1tfgs8c4p0rh
Block name: /test/data/treeTest/testDocBuffer.txt/=FD03CF/=0064 num 100 verified? true, content: 2r7u55ooiddbqdc428hniqi224ot4grot93b6crxv88thtexfev
Constructed tree of numleaves: 202 max pathlength: 8
Block name: /test/data/treeTest/testDocBuffer.txt/=FD03D3/=00 num 0 verified? true, content: 2snekonuu2ukofejf5m9lvdh7doqc84r8vmtcesidbsbgd4nhpr
Block name: /test/data/treeTest/testDocBuffer.txt/=FD03D3/=0064 num 100 verified? true, content: xof0i1bt7ldwcibib4onoacn8sil185ttqa1kuhpjd7ak7x9m9
Block name: /test/data/treeTest/testDocBuffer.txt/=FD03D3/=00C8 num 200 verified? true, content: 1619axf2ag2bv6alm8hfj63ma2d5t2awij0742n6ei8h6kf9ud7
Constructed tree of numleaves: 203 max pathlength: 8
Block name: /test/data/treeTest/testDocBuffer.txt/=FD027E/=00 num 0 verified? true, content: mdv78aonsxctcuprv58fi676phfbs3balg0m4j9w5kr8sfq254
Block name: /test/data/treeTest/testDocBuffer.txt/=FD027E/=0064 num 100 verified? true, content: tscetvn75n1abr3qd6tldqat53vqt0ip3fduisth2rdasibbs0
Block name: /test/data/treeTest/testDocBuffer.txt/=FD027E/=00C8 num 200 verified? true, content: 1mbs8popnotxmman7chtq7mlcl49durmqho47e0out418bhpi65
Constructed tree of numleaves: 204 max pathlength: 8
Block name: /test/data/treeTest/testDocBuffer.txt/=FD02CD/=00 num 0 verified? true, content: 153gm715o374l9vgk72migkt5wfqjw6a58gqxaprmj2c5twi0en
Block name: /test/data/treeTest/testDocBuffer.txt/=FD02CD/=0064 num 100 verified? true, content: 25clexd16gxbi455mwxwiqpadi51i46w7naemgf5k28xixegl5f
Block name: /test/data/treeTest/testDocBuffer.txt/=FD02CD/=00C8 num 200 verified? true, content: 242hk8dwwsqxp3l3gc5tjusj4fix900m8aebfnfsvpjlcpsx4kr
Constructed tree of numleaves: 205 max pathlength: 8
Block name: /test/data/treeTest/testDocBuffer.txt/=FD03A8/=00 num 0 verified? true, content: 1mkvdhwbkgp7qsmtwkc05fpi5llg8wep7dwx0eeugpdpf42sl99
Block name: /test/data/treeTest/testDocBuffer.txt/=FD03A8/=0064 num 100 verified? true, content: 1m9qhs5bqo0gfputipjfb5avcxl63a17otj8sxop0b39swgup6u
Block name: /test/data/treeTest/testDocBuffer.txt/=FD03A8/=00C8 num 200 verified? true, content: oprevcon9t4h0aojto9g6ph53ovhdpahv5qi9cqvq7lt22aivr
Constructed tree of numleaves: 206 max pathlength: 8
Block name: /test/data/treeTest/testDocBuffer.txt/=FD43/=00 num 0 verified? true, content: dpbdffcsiha5km8s0k629ptuultou0mhcihaa7b2mxceo81nch
Block name: /test/data/treeTest/testDocBuffer.txt/=FD43/=0064 num 100 verified? true, content: 2939kw10r0itkphlpxx7vagqgdmjq3bjnardif4a5skisl0616b
Block name: /test/data/treeTest/testDocBuffer.txt/=FD43/=00C8 num 200 verified? true, content: 8j621o33a15hqbjf49537n5l753tgxrgi6kvft46le6ev7pxe9
Constructed tree of numleaves: 207 max pathlength: 8
Block name: /test/data/treeTest/testDocBuffer.txt/=FD1E/=00 num 0 verified? true, content: 14u34xofn7pg2rgnnasfuu3ks32okhk0jsjrrpjvnjv7u1560m
Block name: /test/data/treeTest/testDocBuffer.txt/=FD1E/=0064 num 100 verified? true, content: fat5pcc6flgj853d9a2k7qu9qmd0eipsc5ftxsg6fkq2ladgtm
Block name: /test/data/treeTest/testDocBuffer.txt/=FD1E/=00C8 num 200 verified? true, content: 2kg7sr0m9cc2wqaujjjb5eaw3l8bvij465ooas388gewvn6arv2
Constructed tree of numleaves: 208 max pathlength: 8
Block name: /test/data/treeTest/testDocBuffer.txt/=FD02C8/=00 num 0 verified? true, content: di6jp04pmi0j23ve2113aqbo76hhap9dqdhs2pmmfgou92t35d
Block name: /test/data/treeTest/testDocBuffer.txt/=FD02C8/=0064 num 100 verified? true, content: bx1d19pag30kdu8f7q25tln5aaw26owse9gg7arej8gxn5n392
Block name: /test/data/treeTest/testDocBuffer.txt/=FD02C8/=00C8 num 200 verified? true, content: 2vo88ltp4q9c0tor2tjaeih1nueosk2451d7972jhxanm57qo9b
Constructed tree of numleaves: 209 max pathlength: 8
Block name: /test/data/treeTest/testDocBuffer.txt/=FDD3/=00 num 0 verified? true, content: 14o7urju7ix04oek6a8hr97e4xwtqk1w7wbpt1ubebetns7hg0x
Block name: /test/data/treeTest/testDocBuffer.txt/=FDD3/=0064 num 100 verified? true, content: 2j7hdgmh9wxdjhghfj3fpo9cha6l4m1nlhkgbt2fivhtpm8fxkq
Block name: /test/data/treeTest/testDocBuffer.txt/=FDD3/=00C8 num 200 verified? true, content: bdofmsubhxcqvsxr84uasbjpw5l6k847ne1jenfvkwd55kx56o
Constructed tree of numleaves: 210 max pathlength: 8
Block name: /test/data/treeTest/testDocBuffer.txt/=FD6F/=00 num 0 verified? true, content: 23emxm186n3t9wcjjt1g719tqm4leab4476fdqij85rn2u6vqba
Block name: /test/data/treeTest/testDocBuffer.txt/=FD6F/=0064 num 100 verified? true, content: 99gmvudm9mf06icw6uj1ihva50ajc7oboj389olpfvjrpxffh7
Block name: /test/data/treeTest/testDocBuffer.txt/=FD6F/=00C8 num 200 verified? true, content: w01uv5q4g9i02rc4ia40qbvopktha5gqupt6h2sbri398b4i3c
Constructed tree of numleaves: 211 max pathlength: 8
Block name: /test/data/treeTest/testDocBuffer.txt/=FD01CD/=00 num 0 verified? true, content: 1n3e8ghcvdjc21wqancs4pdba0torp749oqwgdctd7dunsgipdq
Block name: /test/data/treeTest/testDocBuffer.txt/=FD01CD/=0064 num 100 verified? true, content: 1kuqc4lut5wl2fbm2cn8l5h27u0hx71w4adp25d3ri7qst7827a
Block name: /test/data/treeTest/testDocBuffer.txt/=FD01CD/=00C8 num 200 verified? true, content: 1bv12a9fip1vpfghqow3ur58ptqrwmv9rr0ap01k2o3pcfjw82o
Constructed tree of numleaves: 212 max pathlength: 8
Block name: /test/data/treeTest/testDocBuffer.txt/=FD03B4/=00 num 0 verified? true, content: 1n8f2154v50settv7gq0rsntqqx2644fef0dr4b8o0d82cnqc8v
Block name: /test/data/treeTest/testDocBuffer.txt/=FD03B4/=0064 num 100 verified? true, content: 2cdpff0f9lo8xc75f7l2kqgmcociopj7k8jjsedacvm0l8o6019
Block name: /test/data/treeTest/testDocBuffer.txt/=FD03B4/=00C8 num 200 verified? true, content: 2benkqlu25ad4ugn44b7ejbx197bfax3ss63ibwvh6jaoxbbwds
Constructed tree of numleaves: 213 max pathlength: 8
Block name: /test/data/treeTest/testDocBuffer.txt/=FD0305/=00 num 0 verified? true, content: em547g5l16pdkdxknkwark22qxwk3xbtu3718bjl1fi47x5h56
Block name: /test/data/treeTest/testDocBuffer.txt/=FD0305/=0064 num 100 verified? true, content: u8al1lorkroxc24kowek4js2og0sa5p6c7iwl30b9k1qp2pgdw
Block name: /test/data/treeTest/testDocBuffer.txt/=FD0305/=00C8 num 200 verified? true, content: 1hvmuvldx8d92sx4px0towe3hf3pscv02l9vljh4nwlbew70vwj
Constructed tree of numleaves: 214 max pathlength: 8
Block name: /test/data/treeTest/testDocBuffer.txt/=FD0319/=00 num 0 verified? true, content: 9ufvnprw413fx48ph88nix21du7278o6acd9wbp5shso66nn9k
Block name: /test/data/treeTest/testDocBuffer.txt/=FD0319/=0064 num 100 verified? true, content: 2fkojjb0lrsvgvx2ivh8c9t2ofk0fftb7jisuneienoa4snrk7u
Block name: /test/data/treeTest/testDocBuffer.txt/=FD0319/=00C8 num 200 verified? true, content: 1awdgkw2xkmwb8gbvdsn0a2hof7d346fvog5sxjjljetsvbx4qo
Constructed tree of numleaves: 215 max pathlength: 8
Block name: /test/data/treeTest/testDocBuffer.txt/=FD010E/=00 num 0 verified? true, content: 29d4p2356prl2rf5ibcjvgsq8af89xqppqwhcht05uunoaootu8
Block name: /test/data/treeTest/testDocBuffer.txt/=FD010E/=0064 num 100 verified? true, content: 2awkcit9rb9u6t6hn40hcfkvi4xk54ivornai6vn2hqcxkqwg2j
Block name: /test/data/treeTest/testDocBuffer.txt/=FD010E/=00C8 num 200 verified? true, content: 175n7j1umdj8kxw9ptmafthb2mkvu6nvc23rhebpo41l2tcin35
Constructed tree of numleaves: 216 max pathlength: 8
Block name: /test/data/treeTest/testDocBuffer.txt/=FD0231/=00 num 0 verified? true, content: 202we5ntjfb0xs56dm2ha1g64wnemx8khgdidrnw00axfnuxxel
Block name: /test/data/treeTest/testDocBuffer.txt/=FD0231/=0064 num 100 verified? true, content: 207np1qxhq3tum58xsnt4vvvfvvauc8pmo689h7ww2pjpf0pwv3
Block name: /test/data/treeTest/testDocBuffer.txt/=FD0231/=00C8 num 200 verified? true, content: 1c6495v5mpr1il8ceev6gwe4d9l9fi13a879d7u6r2hx4xsm113
Constructed tree of numleaves: 217 max pathlength: 8
Block name: /test/data/treeTest/testDocBuffer.txt/=FD01BF/=00 num 0 verified? true, content: 277d1tqvppm167vfbsedambu19jr763065newem3nne1uxbnbfr
Block name: /test/data/treeTest/testDocBuffer.txt/=FD01BF/=0064 num 100 verified? true, content: 1jlf8psxl9saerq2u9rffqd975u371g9gcswv2jloo7p31k7am2
Block name: /test/data/treeTest/testDocBuffer.txt/=FD01BF/=00C8 num 200 verified? true, content: 3o3vsboj9cp1dk9d0tvsgdda6ertthe61l9vi5rad81eej0uug
Constructed tree of numleaves: 218 max pathlength: 8
Block name: /test/data/treeTest/testDocBuffer.txt/=FD032C/=00 num 0 verified? true, content: xnfrc6rhf87ucfux4p8r70m6tp6gtx4pj0p3bqbs3k4xiju56b
Block name: /test/data/treeTest/testDocBuffer.txt/=FD032C/=0064 num 100 verified? true, content: 1mkmuhsc1b7pr7co96410ljjs29un6hvnseo5rcchksan8rtxb2
Block name: /test/data/treeTest/testDocBuffer.txt/=FD032C/=00C8 num 200 verified? true, content: 10drkrqjdntj3npfic7ojqqloqbsgq85t610j1s24k4t425g691
Constructed tree of numleaves: 219 max pathlength: 8
Block name: /test/data/treeTest/testDocBuffer.txt/=FD03DD/=00 num 0 verified? true, content: 2app8o7r4ugh69ltr1uf67v7kxuolmktfvakgajxeuk4p9n2apj
Block name: /test/data/treeTest/testDocBuffer.txt/=FD03DD/=0064 num 100 verified? true, content: 1neav5qnrtg82hexq8p6r469s27gkqkqw861g6v8tbf8dtbf39n
Block name: /test/data/treeTest/testDocBuffer.txt/=FD03DD/=00C8 num 200 verified? true, content: 2r4heh1sh5ns9qgnld1b8buo352w26m9m09mt47al9c3gqv3nxr
Constructed tree of numleaves: 220 max pathlength: 8
Block name: /test/data/treeTest/testDocBuffer.txt/=FD0379/=00 num 0 verified? true, content: wa99mhgmwj9ruon7wgoap9q3tk1lfk34b2cafidwunea7wu9nm
Block name: /test/data/treeTest/testDocBuffer.txt/=FD0379/=0064 num 100 verified? true, content: 29ixceh86u03po8b5uw9d2d9rqmwto2qc7qpd6lkj0lc4gj7pxo
Block name: /test/data/treeTest/testDocBuffer.txt/=FD0379/=00C8 num 200 verified? true, content: 25b4seqt3rmnt3badtfwceswfd3p857kso7gt5vt2t6de3u1t5h
Constructed tree of numleaves: 221 max pathlength: 8
Block name: /test/data/treeTest/testDocBuffer.txt/=FDB4/=00 num 0 verified? true, content: 2ttb1f4tjulfegv7eh58nw2fiulfrcu8qijs33aijr4ec3k8van
Block name: /test/data/treeTest/testDocBuffer.txt/=FDB4/=0064 num 100 verified? true, content: 1xoguuddxagkrq56xo2st1e1jh2w0b5j5ei4njqvp2sthu1dovd
Block name: /test/data/treeTest/testDocBuffer.txt/=FDB4/=00C8 num 200 verified? true, content: cmg59i5o6nkp3jgxicv3jgdu1eo8jg1ghvwrhobl14ta2vlp7h
Constructed tree of numleaves: 222 max pathlength: 8
Block name: /test/data/treeTest/testDocBuffer.txt/=FD02B1/=00 num 0 verified? true, content: ihj79njad0dctow8iu97mhp2jrss0r90egqw2v7ejoioehh4un
Block name: /test/data/treeTest/testDocBuffer.txt/=FD02B1/=0064 num 100 verified? true, content: gwpkkhqskvfnnr6prc7dee9pqifh76wwhrjl74lre8fgug4r8t
Block name: /test/data/treeTest/testDocBuffer.txt/=FD02B1/=00C8 num 200 verified? true, content: 2m1gfsuc55uncur7qkx0s0f5cscs3otn8mprnqhnfita9boni0n
Constructed tree of numleaves: 223 max pathlength: 8
Block name: /test/data/treeTest/testDocBuffer.txt/=FD0367/=00 num 0 verified? true, content: wbc7v3doms1fbsie8632vh50pnusktjh79xnemhp3pk3haijlx
Block name: /test/data/treeTest/testDocBuffer.txt/=FD0367/=0064 num 100 verified? true, content: j40r7bjvnj5b4bbumikr4afs939q327ojagx2sottb55ui6lwl
Block name: /test/data/treeTest/testDocBuffer.txt/=FD0367/=00C8 num 200 verified? true, content: 2a32uj1lqqs3db31rhkaqq8m1s5qw9lxejafspke8dmtnrlxrd3
Constructed tree of numleaves: 224 max pathlength: 8
Block name: /test/data/treeTest/testDocBuffer.txt/=FD0150/=00 num 0 verified? true, content: 1fwhlk8i1atfc17oqp9u3cjo2v7hqub03jkd74kudl1eoifdssa
Block name: /test/data/treeTest/testDocBuffer.txt/=FD0150/=0064 num 100 verified? true, content: 2kfxexwg6jqpd33n4dwbjwf3qwli53c82d1eg8i44318iqhi3q
Block name: /test/data/treeTest/testDocBuffer.txt/=FD0150/=00C8 num 200 verified? true, content: 24f87t613i2lolf9d79f3t2stklnwxfwvqpv1m2ua8p4l6ct1h5
Constructed tree of numleaves: 225 max pathlength: 8
Block name: /test/data/treeTest/testDocBuffer.txt/=FD47/=00 num 0 verified? true, content: 13wk6vr63skx6jtbhsdckpt3v8v5hb5a3ld8mrt89n61xh1sdnh
Block name: /test/data/treeTest/testDocBuffer.txt/=FD47/=0064 num 100 verified? true, content: 2svhp0q8wcm7q7su3es16pcnusk2t9wst77bk8jcx519fo0cad4
Block name: /test/data/treeTest/testDocBuffer.txt/=FD47/=00C8 num 200 verified? true, content: es7cfavhh7hb5d22igo14up6fissqdsqhecvletew0n5olcpl0
Constructed tree of numleaves: 226 max pathlength: 8
Block name: /test/data/treeTest/testDocBuffer.txt/=FD0157/=00 num 0 verified? true, content: 2snjm3wktq9limtwqhjaipp0mwxp4mthl8l8tlngx0nlb7uus9e
Block name: /test/data/treeTest/testDocBuffer.txt/=FD0157/=0064 num 100 verified? true, content: 2pdr1rm0wwuhcnwojrt8i4cj5tqmh8xcv1fjxffdrpit7w80923
Block name: /test/data/treeTest/testDocBuffer.txt/=FD0157/=00C8 num 200 verified? true, content: 2e7ljp7g2a29fr8pxj0erdemw21qbsgdxho6hc1h8chll75ur46
Constructed tree of numleaves: 227 max pathlength: 8
Block name: /test/data/treeTest/testDocBuffer.txt/=FD01BB/=00 num 0 verified? true, content: rjer61ew9lu7igxchxp319bnosus5rfx7tt7dh1p0tfm2l7vrl
Block name: /test/data/treeTest/testDocBuffer.txt/=FD01BB/=0064 num 100 verified? true, content: 3630psu6qu1p8i2j6gqtnhhd291adj9xaw128d04b94ndlwnbj
Block name: /test/data/treeTest/testDocBuffer.txt/=FD01BB/=00C8 num 200 verified? true, content: 1da6fdfguiglgtq30fgqbj495gektko7quqnmvsoxahjb76vgtq
Constructed tree of numleaves: 228 max pathlength: 8
Block name: /test/data/treeTest/testDocBuffer.txt/=FD02BE/=00 num 0 verified? true, content: 12ppp1entmd04mm03lwkcv423i2kke64k5haepi0b725kqi6go
Block name: /test/data/treeTest/testDocBuffer.txt/=FD02BE/=0064 num 100 verified? true, content: 2dgafedwxeukmf6bxlsmlk5451hi9lurau2ilfkv3a89xiqubu9
Block name: /test/data/treeTest/testDocBuffer.txt/=FD02BE/=00C8 num 200 verified? true, content: 23bnrmm3nvxogfcrtap9hh9c243reogodxrjis8pg3lq8e9bso5
Constructed tree of numleaves: 229 max pathlength: 8
Block name: /test/data/treeTest/testDocBuffer.txt/=FD02CA/=00 num 0 verified? true, content: 1xwga5bb7jfjrl371cvdq1vv4et1fgrdpk9l2bhw8m42qhf7slh
Block name: /test/data/treeTest/testDocBuffer.txt/=FD02CA/=0064 num 100 verified? true, content: lhedl9mkr3aw3fqlr3rcsfp36278flmdr504mw447o9i8xdme
Block name: /test/data/treeTest/testDocBuffer.txt/=FD02CA/=00C8 num 200 verified? true, content: cr99hnsj8amepnwlsbcn5t1gulq0kt8ft6pckakteeb545ncsx
Constructed tree of numleaves: 230 max pathlength: 8
Block name: /test/data/treeTest/testDocBuffer.txt/=FD0304/=00 num 0 verified? true, content: vasuc5a2t1lhaw07dasmc0mxnmpdn6mxw58kkxphb3hnnnb0ev
Block name: /test/data/treeTest/testDocBuffer.txt/=FD0304/=0064 num 100 verified? true, content: 17eohvw246w6dmk3ip9x54onmx3trkb29jvk5eg8kqj82l2bidp
Block name: /test/data/treeTest/testDocBuffer.txt/=FD0304/=00C8 num 200 verified? true, content: erliw3ajp7fpagxbxxlkbkdkmem699xecfhhhmql4x921kvqdw
Constructed tree of numleaves: 231 max pathlength: 8
Block name: /test/data/treeTest/testDocBuffer.txt/=FD0186/=00 num 0 verified? true, content: 1iqg7n3r8jedvtvvavx3j32pk4ji9kxfv2t9fgfmjttcfg0ar3v
Block name: /test/data/treeTest/testDocBuffer.txt/=FD0186/=0064 num 100 verified? true, content: 24m8vcutmtpvqv84wa5cgpl2evplk7m3wbp5c5u3jh0s3tq8ts3
Block name: /test/data/treeTest/testDocBuffer.txt/=FD0186/=00C8 num 200 verified? true, content: 2ekc52kj73emh69ikjw1948p329xbslwvfq36dh3tvkes0a2cfl
Constructed tree of numleaves: 232 max pathlength: 8
Block name: /test/data/treeTest/testDocBuffer.txt/=FD0304/=00 num 0 verified? true, content: 316cprfaaw74urhns96l1lbb7hggw3h15jwtr8xw8mgntfpk4nn
Block name: /test/data/treeTest/testDocBuffer.txt/=FD0304/=0064 num 100 verified? true, content: 2bqn9ljivvs6ffmtq64dx5rufluxnunsor40q1l15mgebhhvokn
Block name: /test/data/treeTest/testDocBuffer.txt/=FD0304/=00C8 num 200 verified? true, content: 1q9bdbw9cdfq733bjns5fnsd76tors8wac0x435lf1f5r0txahl
Constructed tree of numleaves: 233 max pathlength: 8
Block name: /test/data/treeTest/testDocBuffer.txt/=FD5C/=00 num 0 verified? true, content: 15d6ubiw3vblxqglkm43hck0kid45vk5e4ml6cf5oaff40pq5hv
Block name: /test/data/treeTest/testDocBuffer.txt/=FD5C/=0064 num 100 verified? true, content: vtsuepdx3f3knjohb1rslenwp9987exlxlipd9rfu9wxs2o14l
Block name: /test/data/treeTest/testDocBuffer.txt/=FD5C/=00C8 num 200 verified? true, content: 9qeued5ut4lu5xof4lw9p5o35qw5lgui34lkjb23t3ok66k0wf
Constructed tree of numleaves: 234 max pathlength: 8
Block name: /test/data/treeTest/testDocBuffer.txt/=FD013B/=00 num 0 verified? true, content: 2ac8cu74hp8tm6gq0ofkq23ifrntk1uq3lhtmsdti8ehob9q4d
Block name: /test/data/treeTest/testDocBuffer.txt/=FD013B/=0064 num 100 verified? true, content: 2fk7m5vlvq92gb553505gskjig5qk8624uiw72iu9503ndnmqmc
Block name: /test/data/treeTest/testDocBuffer.txt/=FD013B/=00C8 num 200 verified? true, content: 2vq05s222evx5wutedig23e07lllgdqidllw9uus19hhiih6c24
Constructed tree of numleaves: 235 max pathlength: 8
Block name: /test/data/treeTest/testDocBuffer.txt/=FD0156/=00 num 0 verified? true, content: x3t60nirs2enw7he2x053pmmkmcrjic6bnqem2xnsf80l4xdch
Block name: /test/data/treeTest/testDocBuffer.txt/=FD0156/=0064 num 100 verified? true, content: 29pvk5ke9qa8bvf32nqonwf73pd88o162k6u6sl41red1b1xpvn
Block name: /test/data/treeTest/testDocBuffer.txt/=FD0156/=00C8 num 200 verified? true, content: 1h2ha2xem2t4uebuw4qvb50d0735ohq5plvuvejeq0hsaiwj2h4
Constructed tree of numleaves: 236 max pathlength: 8
Block name: /test/data/treeTest/testDocBuffer.txt/=FD038A/=00 num 0 verified? true, content: 2bnwif7cmoa7cps77k4cbgvbl5ockmjvcxfv8r4a2pw6cvo1vi1
Block name: /test/data/treeTest/testDocBuffer.txt/=FD038A/=0064 num 100 verified? true, content: 1jsau4hmf2nvug33ormcclxl63klht6i24vx41hglgk1lan8cpc
Block name: /test/data/treeTest/testDocBuffer.txt/=FD038A/=00C8 num 200 verified? true, content: 2rq2d58pkp9mk0g7nb45ijgre633lx5p6rl1tr12kdls1j76rto
Constructed tree of numleaves: 237 max pathlength: 8
Block name: /test/data/treeTest/testDocBuffer.txt/=FD01D3/=00 num 0 verified? true, content: 1xbglerq4iqueu2od5p8ircu3qqdm455hqpxlol3296mp4pipqm
Block name: /test/data/treeTest/testDocBuffer.txt/=FD01D3/=0064 num 100 verified? true, content: 2r9u64lit7l7a5wdlr7qaaag45mmteho5pnndtinuerlxust09
Block name: /test/data/treeTest/testDocBuffer.txt/=FD01D3/=00C8 num 200 verified? true, content: i04cswot4axnfrum4xj4hqqrkl8t39p9hdwtinwgbid6dest5l
Constructed tree of numleaves: 238 max pathlength: 8
Block name: /test/data/treeTest/testDocBuffer.txt/=FD69/=00 num 0 verified? true, content: 17t5hr0b9si5ksj8vv2v0x3rsinhq376nu1js8k3dic7go4guwt
Block name: /test/data/treeTest/testDocBuffer.txt/=FD69/=0064 num 100 verified? true, content: 2bp0xe98wd27eh80glbjoiekdeqcgdo61dtk6uvtlt7j8b9xh1p
Block name: /test/data/treeTest/testDocBuffer.txt/=FD69/=00C8 num 200 verified? true, content: 2us9w90dfmqo1jf5vjlqkp8qx87uj0ewiauaq5wldtnumwir7qv
Constructed tree of numleaves: 239 max pathlength: 8
Block name: /test/data/treeTest/testDocBuffer.txt/=FD0296/=00 num 0 verified? true, content: 1725w1mh21j5c001i6dt1ugsv9blt1q0knl8bwg5va8ophoskhh
Block name: /test/data/treeTest/testDocBuffer.txt/=FD0296/=0064 num 100 verified? true, content: 1il4iu7c9oovqkisglnibkn851wp7uscwxs4tbt4u7r26topfdg
Block name: /test/data/treeTest/testDocBuffer.txt/=FD0296/=00C8 num 200 verified? true, content: j0eavo7tgmhbsnwjnl4md8aqjim4bldxmr0ie4nou8tg5t96i2
Constructed tree of numleaves: 240 max pathlength: 8
Block name: /test/data/treeTest/testDocBuffer.txt/=FDFA/=00 num 0 verified? true, content: hnnisfkcga44d3nm9odrdp10qbwtsk1g8d68n3gs73au3w5nbp
Block name: /test/data/treeTest/testDocBuffer.txt/=FDFA/=0064 num 100 verified? true, content: 2o8gp4wv8p7xtua6wawu7o7xcl66oggtgm6sqrfd3jexpt1d0j3
Block name: /test/data/treeTest/testDocBuffer.txt/=FDFA/=00C8 num 200 verified? true, content: 2k8skv4rdtg6ksg8wgpw2ag43ph93sf9bj3s9nuqxujx8dnh70a
Constructed tree of numleaves: 241 max pathlength: 8
Block name: /test/data/treeTest/testDocBuffer.txt/=FD80/=00 num 0 verified? true, content: 2emrwrpndm1qbkxpvjw0h76ud4b41ervk2gcorrpfvh0i2k5qg5
Block name: /test/data/treeTest/testDocBuffer.txt/=FD80/=0064 num 100 verified? true, content: 2k17of6qslqoaqxx42qv2qrep6llok0vw6te9977g496jg7m8b9
Block name: /test/data/treeTest/testDocBuffer.txt/=FD80/=00C8 num 200 verified? true, content: 1wg6tc5s5crigugklxc09xq54w20u2unlp8d62qp4jrvpoprefm
Constructed tree of numleaves: 242 max pathlength: 8
Block name: /test/data/treeTest/testDocBuffer.txt/=FD0179/=00 num 0 verified? true, content: grjgxk5jxsvo4gebaj0cbduq9hqbmfgglng5bebts46imhgaab
Block name: /test/data/treeTest/testDocBuffer.txt/=FD0179/=0064 num 100 verified? true, content: 31ptf01oum2g9iwdfrwjfe3is5v78216u7ufc6wk73cuq8v1j21
Block name: /test/data/treeTest/testDocBuffer.txt/=FD0179/=00C8 num 200 verified? true, content: 1ers12xktfvi0l23xr7fjo5v0odlv5jt999b3ew8131i193kacl
Constructed tree of numleaves: 243 max pathlength: 8
Block name: /test/data/treeTest/testDocBuffer.txt/=FD80/=00 num 0 verified? true, content: pf7hkf888fk55l3is1hn5b7awvg95r4lakofjtewgat9k82oj2
Block name: /test/data/treeTest/testDocBuffer.txt/=FD80/=0064 num 100 verified? true, content: 26ka88gm81scqdx6ndokoh57ok8g9i2890bm7weboeubb4g2vje
Block name: /test/data/treeTest/testDocBuffer.txt/=FD80/=00C8 num 200 verified? true, content: bachcaaki1ke2xdqtwlpjjx5e5s9x3h00rnd43ugb77nnq2h2h
Constructed tree of numleaves: 244 max pathlength: 8
Block name: /test/data/treeTest/testDocBuffer.txt/=FD5C/=00 num 0 verified? true, content: 317a7b0t1e49brkwj8piapo3pprprjag9dmfs9t4apvqra8814j
Block name: /test/data/treeTest/testDocBuffer.txt/=FD5C/=0064 num 100 verified? true, content: 2908v1h85jcn2pg9he0lxu0htoiwbskfudkb8106vpo0dkuc5x4
Block name: /test/data/treeTest/testDocBuffer.txt/=FD5C/=00C8 num 200 verified? true, content: 1h43043njv3053asaoekpm2dwdxn5cx4jr4qw19tvggluj0nc92
Constructed tree of numleaves: 245 max pathlength: 8
Block name: /test/data/treeTest/testDocBuffer.txt/=FD0271/=00 num 0 verified? true, content: 21whh9cspi45ohbrp6ldprgn1w1rnnp57usi89hskc8xp0s1j73
Block name: /test/data/treeTest/testDocBuffer.txt/=FD0271/=0064 num 100 verified? true, content: 1lvlt45bsr0j2h1kwksj920xiscm6pv9f3507ftpqs1m66big18
Block name: /test/data/treeTest/testDocBuffer.txt/=FD0271/=00C8 num 200 verified? true, content: 2xswgf4jwacjb7dm2e0ksrnm2ica6ab857xe5kks3umk3nxb4kx
Constructed tree of numleaves: 246 max pathlength: 8
Block name: /test/data/treeTest/testDocBuffer.txt/=FD0348/=00 num 0 verified? true, content: 2v2iqg8a4k3p7iipedgduucx9icr11k04crgus6ctpheg2i8qo3
Block name: /test/data/treeTest/testDocBuffer.txt/=FD0348/=0064 num 100 verified? true, content: eoomx99b4ivixdgkhm0xcwmbbtlrenhk5mfs4qaqr0008b7gtr
Block name: /test/data/treeTest/testDocBuffer.txt/=FD0348/=00C8 num 200 verified? true, content: nemshf9f50d2i6vphxk0khawxc3xr2vx3xuwc6kjwef79diqmn
Constructed tree of numleaves: 247 max pathlength: 8
Block name: /test/data/treeTest/testDocBuffer.txt/=FD69/=00 num 0 verified? true, content: 7ar8m42agrnfqqiakc2xvtku8murergcft0s3s0h84k2dkkrui
Block name: /test/data/treeTest/testDocBuffer.txt/=FD69/=0064 num 100 verified? true, content: 1aexbkfob6wtnobtaoexpwmk0xx1nek1dw9x6x9d2ieemcdduoh
Block name: /test/data/treeTest/testDocBuffer.txt/=FD69/=00C8 num 200 verified? true, content: e0qoqq5c8fd0tvv8ugfofq91osscvlf4socfdw3a58qxp7gbge
Constructed tree of numleaves: 248 max pathlength: 8
Block name: /test/data/treeTest/testDocBuffer.txt/=FDA6/=00 num 0 verified? true, content: 2vobp7e58f284ft0f8mik9q50cl89jk4f4fre1jff32fb37547w
Block name: /test/data/treeTest/testDocBuffer.txt/=FDA6/=0064 num 100 verified? true, content: 6mdghmpop27vs0ji9nonepoaec7126q52vft0xrqbo2g58bqfj
Block name: /test/data/treeTest/testDocBuffer.txt/=FDA6/=00C8 num 200 verified? true, content: hb62xnn2seqh5knuw2uvkhnvjdb73no2kutfc0h28mtjpfviwg
Constructed tree of numleaves: 249 max pathlength: 8
Block name: /test/data/treeTest/testDocBuffer.txt/=FD01EF/=00 num 0 verified? true, content: rn59pg541ohtk0brdjtfamblxsq8gv6pe3pm5bqvh8eqkpojma
Block name: /test/data/treeTest/testDocBuffer.txt/=FD01EF/=0064 num 100 verified? true, content: 2aq63e9dwnfs9j7got73qqmejvuqi7ev5rxvtu0ti95xlkvgx7o
Block name: /test/data/treeTest/testDocBuffer.txt/=FD01EF/=00C8 num 200 verified? true, content: v6pojxav8hsa224fagqu1p2t3i9bf2swo7swjhe9w31gxnocom
Constructed tree of numleaves: 250 max pathlength: 8
Block name: /test/data/treeTest/testDocBuffer.txt/=FD03AD/=00 num 0 verified? true, content: 1xcdq2uv6th898nsaxqmd0cgrai3u26gq5wjo6ebx28shtx4mqt
Block name: /test/data/treeTest/testDocBuffer.txt/=FD03AD/=0064 num 100 verified? true, content: gxd8u4l96m5ruxpq7wvf8qur0bwfxm878hadf3ll7fsavrpxu1
Block name: /test/data/treeTest/testDocBuffer.txt/=FD03AD/=00C8 num 200 verified? true, content: 1h1ubx94hukjk1aa4vwar09vgj3h4w59ugqpgi40w10hcdv9kgr
Constructed tree of numleaves: 251 max pathlength: 8
Block name: /test/data/treeTest/testDocBuffer.txt/=FD0395/=00 num 0 verified? true, content: 29nctuv5j8p1pcg1bdlcnf486be9rb7w55elr7h2s36gmp8eqnb
Block name: /test/data/treeTest/testDocBuffer.txt/=FD0395/=0064 num 100 verified? true, content: 3invfmp1xaednnj3a2tqj4tlslx7cdkctuftbsdc3hi1x3ejwr
Block name: /test/data/treeTest/testDocBuffer.txt/=FD0395/=00C8 num 200 verified? true, content: 1xubdb7xjjuwprkexqp2wkd3eta2ir1xwoecpbjfi3fmfh3spj
Constructed tree of numleaves: 252 max pathlength: 8
Block name: /test/data/treeTest/testDocBuffer.txt/=FD0147/=00 num 0 verified? true, content: hrv5wrnp97mkg3farp338nfedormxd5ps5h0v8cgsuw7wijb9n
Block name: /test/data/treeTest/testDocBuffer.txt/=FD0147/=0064 num 100 verified? true, content: m6wxnd31wf5qkda5dj6o2gfu9hhjjitwk1vkvrsuhh10u6lvfd
Block name: /test/data/treeTest/testDocBuffer.txt/=FD0147/=00C8 num 200 verified? true, content: 13w6s9bt54411dhauxa71dg4a8qgk8gcx5d31059vpa8q2834ae
Constructed tree of numleaves: 253 max pathlength: 8
Block name: /test/data/treeTest/testDocBuffer.txt/=FD0178/=00 num 0 verified? true, content: v36n0j8m9vln1b9lxqkteadjp7d3tdt1kpj6s48p64l9sa26do
Block name: /test/data/treeTest/testDocBuffer.txt/=FD0178/=0064 num 100 verified? true, content: 16c65q4wojbwtu5wu0c245080v4w1onqrvocekw8veqtetpuquw
Block name: /test/data/treeTest/testDocBuffer.txt/=FD0178/=00C8 num 200 verified? true, content: 17st2hel08168qcs88auuw8pf4kdirpjni7ps1w3fqgvdrtvr1x
Constructed tree of numleaves: 254 max pathlength: 8
Block name: /test/data/treeTest/testDocBuffer.txt/=FD01B1/=00 num 0 verified? true, content: 1cbqx9vp4pj29h56mr59lcbp1gck420c16oer8i9xjw89o7bs38
Block name: /test/data/treeTest/testDocBuffer.txt/=FD01B1/=0064 num 100 verified? true, content: v294bkgk7ekx4r8k347ngk73xgbk95hx6k3342dqep7q635wom
Block name: /test/data/treeTest/testDocBuffer.txt/=FD01B1/=00C8 num 200 verified? true, content: 2behxketaxljo9jtp1mffe0nr69a28wp4j7cvedqok91ruxnijb
Constructed tree of numleaves: 255 max pathlength: 8
Block name: /test/data/treeTest/testDocBuffer.txt/=FD037B/=00 num 0 verified? true, content: mur03t7td01pr4o63mw709kog7g9bnuu9xjicweppl1sv5ir0
Block name: /test/data/treeTest/testDocBuffer.txt/=FD037B/=0064 num 100 verified? true, content: frmn6pbceipsfpi4r1n454pvapnvjvmsqfoe8i40p006f7ih5q
Block name: /test/data/treeTest/testDocBuffer.txt/=FD037B/=00C8 num 200 verified? true, content: 2rcvldf6fc06q2b6okhiwrnnuoabgr7a6d0jt72xe85xtuijhfj
Constructed tree of numleaves: 256 max pathlength: 8
Block name: /test/data/treeTest/testDocBuffer.txt/=FD01B0/=00 num 0 verified? true, content: 21uffjckc3l9xldn7oeb4k62qhxwfugdpdk7k8f8ohq15kjpj0g
Block name: /test/data/treeTest/testDocBuffer.txt/=FD01B0/=0064 num 100 verified? true, content: vnj1eta7hu8pkm1w99rlxpmbpk8i0k8q4ibr76bj5la7kj0f28
Block name: /test/data/treeTest/testDocBuffer.txt/=FD01B0/=00C8 num 200 verified? true, content: 1k5sl6a231pw14fiestbwtqxoofkxh5shq9g52fuif2n6cpttu3
Constructed tree of numleaves: 257 max pathlength: 9
Block name: /test/data/treeTest/testDocBuffer.txt/=FD0298/=00 num 0 verified? true, content: 31iww3grxel9odq7bu5buseeskwm1iol9mrcngbcl8levpvoes0
Block name: /test/data/treeTest/testDocBuffer.txt/=FD0298/=0064 num 100 verified? true, content: 251lbp1qv123fousm816auq3r78d1b9nfqmfvl4mn6dbivqna93
Block name: /test/data/treeTest/testDocBuffer.txt/=FD0298/=00C8 num 200 verified? true, content: 1gdl8111nd34du7dn7v4h8w8kfqf9k9u4h68d7l83jk5gtopmkm
Constructed tree of numleaves: 258 max pathlength: 9
Block name: /test/data/treeTest/testDocBuffer.txt/=FD0256/=00 num 0 verified? true, content: ulntxfxeeoal9c746xf54v66agc8kkf6gsi5ak392qx5mmeksd
Block name: /test/data/treeTest/testDocBuffer.txt/=FD0256/=0064 num 100 verified? true, content: nglirjqbja9bgjwaggug6cjxpdo13ahcd7mwx1efwj1htvbk5w
Block name: /test/data/treeTest/testDocBuffer.txt/=FD0256/=00C8 num 200 verified? true, content: 1taih5c0dg0ex3cjhdm7slo6v151btan930dk42afragpt6ctrg
Constructed tree of numleaves: 259 max pathlength: 9
Block name: /test/data/treeTest/testDocBuffer.txt/=FD7B/=00 num 0 verified? true, content: 2snr648oawhedxj4culcwm1hursfilrqddqq9kkssi3wbbgn5en
Block name: /test/data/treeTest/testDocBuffer.txt/=FD7B/=0064 num 100 verified? true, content: 2mkh84qsf52od8m8jfeehx9t1nf7d53ho0qstwfhbu0jf7k88wj
Block name: /test/data/treeTest/testDocBuffer.txt/=FD7B/=00C8 num 200 verified? true, content: hpj2xexgjxmlifefq9u7wi5jh1htaffxj8somcrxqc58g3omp5
Constructed tree of numleaves: 260 max pathlength: 9
Block name: /test/data/treeTest/testDocBuffer.txt/=FD03E6/=00 num 0 verified? true, content: 2pj73w9emnvbfws3w0me79co9dwquoktxp8bfcbfeqh664fgkpf
Block name: /test/data/treeTest/testDocBuffer.txt/=FD03E6/=0064 num 100 verified? true, content: 1muou7txt1hpue5cjeci6e44pvcltwx1bet9r00f8adp4run80n
Block name: /test/data/treeTest/testDocBuffer.txt/=FD03E6/=00C8 num 200 verified? true, content: 1kwdk0611io5i0mbiue089h56aoj8ao3b2w5qtxteao58qhma7b
Constructed tree of numleaves: 261 max pathlength: 9
Block name: /test/data/treeTest/testDocBuffer.txt/=FD0162/=00 num 0 verified? true, content: lkhg2cvd6xjs736px94qjcok7956r3v1mgadk53rn5877553cl
Block name: /test/data/treeTest/testDocBuffer.txt/=FD0162/=0064 num 100 verified? true, content: fk8egak9odhi1a76qwhko125nh986l779f8h1ooguntx8norsb
Block name: /test/data/treeTest/testDocBuffer.txt/=FD0162/=00C8 num 200 verified? true, content: 2v5uad0jxvt6kdv8iic5ersv42wsefrsmmgxgqcqemmt4o36b7h
Constructed tree of numleaves: 262 max pathlength: 9
Block name: /test/data/treeTest/testDocBuffer.txt/=FD0300/=00 num 0 verified? true, content: 1053h3j75ct2nls5twk4u3k2t43qfvrkxcbj5vh99gtd33r53s7
Block name: /test/data/treeTest/testDocBuffer.txt/=FD0300/=0064 num 100 verified? true, content: ewsr2xkvp8qe17briiaupc81jw0kw0iwl0cr1esh6pg6okin1r
Block name: /test/data/treeTest/testDocBuffer.txt/=FD0300/=00C8 num 200 verified? true, content: 1rv9ngkl9fu20o7rmwgpjh1c7drp4encu7h52vmkplslervxj8l
Constructed tree of numleaves: 263 max pathlength: 9
Block name: /test/data/treeTest/testDocBuffer.txt/=FD0373/=00 num 0 verified? true, content: 1akupwi4jngfl7rea33ceiecid8ph16bxvxew3bpjn6uu5f8ik6
Block name: /test/data/treeTest/testDocBuffer.txt/=FD0373/=0064 num 100 verified? true, content: 1px4v512ggo1vtgocobu43lw1rmaoad3f4c71jcvdabvmu8hwsv
Block name: /test/data/treeTest/testDocBuffer.txt/=FD0373/=00C8 num 200 verified? true, content: gk7885ntkuak0wtf2nd7n5576cph0iwtnlh0si9nuvh47bshhw
Constructed tree of numleaves: 264 max pathlength: 9
Block name: /test/data/treeTest/testDocBuffer.txt/=FDAF/=00 num 0 verified? true, content: 2sur733pnhwifcmlt8u6x8wg4r7sceq9h1g3o0e8xmcrj84sagc
Block name: /test/data/treeTest/testDocBuffer.txt/=FDAF/=0064 num 100 verified? true, content: 1n5qjktoxwe1ft025bjr4cr27l1tbo6nuqpibk8t1dabgtedc5c
Block name: /test/data/treeTest/testDocBuffer.txt/=FDAF/=00C8 num 200 verified? true, content: 1tvedg7nvbu78j497r3qqrl26uclsnfb1s5wj1upxwjrhx3cw4u
Constructed tree of numleaves: 265 max pathlength: 9
Block name: /test/data/treeTest/testDocBuffer.txt/=FD0353/=00 num 0 verified? true, content: 2vrvljd35xp32rx1p3o3x5j35fdx37w0een7g9kwoksej3xgjv7
Block name: /test/data/treeTest/testDocBuffer.txt/=FD0353/=0064 num 100 verified? true, content: eutab7c609ostgteb2jlgerqsj2xgwurffm51sp8pcptxwcxh4
Block name: /test/data/treeTest/testDocBuffer.txt/=FD0353/=00C8 num 200 verified? true, content: 18jhqw7s66on8lunipqks1h38u4e7u7fjo6hj89cfgw6hn07wmq
Constructed tree of numleaves: 266 max pathlength: 9
Block name: /test/data/treeTest/testDocBuffer.txt/=FD0115/=00 num 0 verified? true, content: 3267ah2fl66jdb4eb292ecgsgcew7aj6t75256pthnm3t6bpjkm
Block name: /test/data/treeTest/testDocBuffer.txt/=FD0115/=0064 num 100 verified? true, content: 6g5rfltlvmk89po23vsoaqu1nw6jd26csvskxxe4basnxow3fl
Block name: /test/data/treeTest/testDocBuffer.txt/=FD0115/=00C8 num 200 verified? true, content: 2e5kqod0qpb5wkgc2v20bl0k5artim1ech5vfj27ck2soxfqfw6
Constructed tree of numleaves: 267 max pathlength: 9
Block name: /test/data/treeTest/testDocBuffer.txt/=FD0131/=00 num 0 verified? true, content: u9v3l2t1a0w5o3o858skumn133ma9px06elwhu1x4tp5uqxtvk
Block name: /test/data/treeTest/testDocBuffer.txt/=FD0131/=0064 num 100 verified? true, content: 2aarcuq1s9hsct7nff056p3060ne7ojp19xncvn33c8e3f3f59x
Block name: /test/data/treeTest/testDocBuffer.txt/=FD0131/=00C8 num 200 verified? true, content: 1320th1tuv70ex14gkvnx51ugkdujm1whuj05cw6vu5ghdrcej3
Constructed tree of numleaves: 268 max pathlength: 9
Block name: /test/data/treeTest/testDocBuffer.txt/=FD02A8/=00 num 0 verified? true, content: 1m20236jgkva113g55934x1idw6n6wkkf3ggwp22d80sw575bd
Block name: /test/data/treeTest/testDocBuffer.txt/=FD02A8/=0064 num 100 verified? true, content: 1m3wcmpq8opk67cn8fowp5lev8s0t3e67ipftp6c63roxhrleur
Block name: /test/data/treeTest/testDocBuffer.txt/=FD02A8/=00C8 num 200 verified? true, content: 2a5ms0cvak0tqwbu33vb4nnb9rtnb662g95rjtm2eek5t9dtp05
Constructed tree of numleaves: 269 max pathlength: 9
Block name: /test/data/treeTest/testDocBuffer.txt/=FD012D/=00 num 0 verified? true, content: 20pebtpfca9m0dt7a5o2h7lul6702qkx4rmj2xtbnb9260ranrq
Block name: /test/data/treeTest/testDocBuffer.txt/=FD012D/=0064 num 100 verified? true, content: 1rf83lhq5shxj5edkwreljpfq4sxlf1ds1opmvnqor05hn4uau4
Block name: /test/data/treeTest/testDocBuffer.txt/=FD012D/=00C8 num 200 verified? true, content: 2j6voubcp2l1hxfqbule59bnlma0w54e7sqvolnj3cmoolnh0tv
Constructed tree of numleaves: 270 max pathlength: 9
Block name: /test/data/treeTest/testDocBuffer.txt/=FD012A/=00 num 0 verified? true, content: 2kn0kn1kehwfksicgrnmuol8bngns3pxblosi0mftg369kbvk0x
Block name: /test/data/treeTest/testDocBuffer.txt/=FD012A/=0064 num 100 verified? true, content: hkhipr02bh0np6tvtknuxw0kflbqk8wimq6nev6okkdihhilit
Block name: /test/data/treeTest/testDocBuffer.txt/=FD012A/=00C8 num 200 verified? true, content: 26mcuif5854he1v8n9cpol7dcid4x2ow6nnk7mqrkkg2i1n8i2o
Constructed tree of numleaves: 271 max pathlength: 9
Block name: /test/data/treeTest/testDocBuffer.txt/=FD025A/=00 num 0 verified? true, content: 230lprblmjpmkh86a5j3b3bw2ce849trsrb43ecbjskxduff0ht
Block name: /test/data/treeTest/testDocBuffer.txt/=FD025A/=0064 num 100 verified? true, content: i7ldqvka4rq9gvbn33v5tdjojolwtrpo5njd78wmunxugqnl10
Block name: /test/data/treeTest/testDocBuffer.txt/=FD025A/=00C8 num 200 verified? true, content: 1l5ceu7o5jk9plh1hap9sm84reila7v7jjqr370qid0ktjxsrk2
Constructed tree of numleaves: 272 max pathlength: 9
Block name: /test/data/treeTest/testDocBuffer.txt/=FD0170/=00 num 0 verified? true, content: 24528i1r1e6f306oqvqob0kapj6ufetiefdmtgaxp19qhvgxsle
Block name: /test/data/treeTest/testDocBuffer.txt/=FD0170/=0064 num 100 verified? true, content: 2sroxwpk8wcjakbetl13p3ep544pl7fgxhg66u4uaer3nap5v7x
Block name: /test/data/treeTest/testDocBuffer.txt/=FD0170/=00C8 num 200 verified? true, content: x5vwwei2dsvwlpw52nq0w828ux12m9u769btds51cmmoxpr7p4
Constructed tree of numleaves: 273 max pathlength: 9
Block name: /test/data/treeTest/testDocBuffer.txt/=FD03B1/=00 num 0 verified? true, content: 20b63w195ps0fgntw1lpghtgipa4vhdblmxkawls64io8dvjhkq
Block name: /test/data/treeTest/testDocBuffer.txt/=FD03B1/=0064 num 100 verified? true, content: 217uuxx1axdgxam6p4r4uhcj6iljiqn6awffreo18pspxtlrn6r
Block name: /test/data/treeTest/testDocBuffer.txt/=FD03B1/=00C8 num 200 verified? true, content: 2xs2lsfup6lcs9td2knx88tqr9lj0bqhe1ewg4no61axx9i2j3t
Constructed tree of numleaves: 274 max pathlength: 9
Block name: /test/data/treeTest/testDocBuffer.txt/=FD6C/=00 num 0 verified? true, content: t2j37utsiovk6fu871n35vxrkmob0s03hemcm57qew74eqb1j1
Block name: /test/data/treeTest/testDocBuffer.txt/=FD6C/=0064 num 100 verified? true, content: 2sk25eja8seuqvcgngg3i916kgekvmi33t93kx1u6tg56vh4jmg
Block name: /test/data/treeTest/testDocBuffer.txt/=FD6C/=00C8 num 200 verified? true, content: gfq0mj07nx06a6pk5lvtii7apo9x3q246m324x7h3kx97i8qjd
Constructed tree of numleaves: 275 max pathlength: 9
Block name: /test/data/treeTest/testDocBuffer.txt/=FD0200/=00 num 0 verified? true, content: 2q16jg48bsxwe68wv93cdfu8p8k1xtp6ut85o43488wu9b8n0ow
Block name: /test/data/treeTest/testDocBuffer.txt/=FD0200/=0064 num 100 verified? true, content: 1nr3epk93hqgoxnp0s38ij0pkqnmmqojkul2eh8cwe6kjlun7v9
Block name: /test/data/treeTest/testDocBuffer.txt/=FD0200/=00C8 num 200 verified? true, content: 8uucrqap4lf5mfltolw85qwerppcw2gu0j4bgxrwaqb1nne552
Constructed tree of numleaves: 276 max pathlength: 9
Block name: /test/data/treeTest/testDocBuffer.txt/=FD01AB/=00 num 0 verified? true, content: ld2keq6co7q8wa643098v0em3prj3g8i66x7sbvcm4nbucim5m
Block name: /test/data/treeTest/testDocBuffer.txt/=FD01AB/=0064 num 100 verified? true, content: 1p0gougp6d6ts1uc0059uch1wbw5h39leuhsi7kb3vrm3c03gqm
Block name: /test/data/treeTest/testDocBuffer.txt/=FD01AB/=00C8 num 200 verified? true, content: n6te477x3vodifwlu5i0r5vv0drk2gbjof11swlseq0wvsg6u
Constructed tree of numleaves: 277 max pathlength: 9
Block name: /test/data/treeTest/testDocBuffer.txt/=FD0257/=00 num 0 verified? true, content: 1jd8aaeig239l7df5rsgw8dvclq4v4txbe0d5qrvgvb6xh8gade
Block name: /test/data/treeTest/testDocBuffer.txt/=FD0257/=0064 num 100 verified? true, content: xvqg1w4a7vnbsno3ag0xa3gjr7xhinc3iiq3l5edxir3visur7
Block name: /test/data/treeTest/testDocBuffer.txt/=FD0257/=00C8 num 200 verified? true, content: 21b1tn4qjjdnomv1e7te3gfbadqpgwo5vglm6gtj6nigixbe3jp
Constructed tree of numleaves: 278 max pathlength: 9
Block name: /test/data/treeTest/testDocBuffer.txt/=FD0287/=00 num 0 verified? true, content: 2o5w2ikjlbvjsti36k7dt3pasrxwd0b7gqca0lutx1gmidh4c83
Block name: /test/data/treeTest/testDocBuffer.txt/=FD0287/=0064 num 100 verified? true, content: 17bn49rimax9j677rnl8r8h0p586smd0rt7ajr1ggie9l9p92pf
Block name: /test/data/treeTest/testDocBuffer.txt/=FD0287/=00C8 num 200 verified? true, content: 27j7os85vkn4ugs4ahpixw5vtbvrr0ojcgahqvawe9jj72gdl5p
Constructed tree of numleaves: 279 max pathlength: 9
Block name: /test/data/treeTest/testDocBuffer.txt/=FD03CB/=00 num 0 verified? true, content: 1w16sfj0r6i2ai5o7bcnlaxrnke77h8jp4m76bbmblfi69aefta
Block name: /test/data/treeTest/testDocBuffer.txt/=FD03CB/=0064 num 100 verified? true, content: 2l2jn2m0wbfmlwfa6ms2d4rielosxc5k6bvi5eg3u28att3e2r5
Block name: /test/data/treeTest/testDocBuffer.txt/=FD03CB/=00C8 num 200 verified? true, content: 8dl5r634b0ho78rtvmk5r3t4w4gfuuog9osawe0e43mf4kwpmt
Constructed tree of numleaves: 280 max pathlength: 9
Block name: /test/data/treeTest/testDocBuffer.txt/=FD03DE/=00 num 0 verified? true, content: 2g2f1iwweudd8p9w0ncm2l3ta764pfpqdbrxdw8vuvenx3xm69c
Block name: /test/data/treeTest/testDocBuffer.txt/=FD03DE/=0064 num 100 verified? true, content: i4flaawcooj7ke8eqtppetpi7d1pj9thlb0iabgej5xo078avd
Block name: /test/data/treeTest/testDocBuffer.txt/=FD03DE/=00C8 num 200 verified? true, content: 322n3x7bqgvsmr2x2ce9k4r5861rxco2whn42ak2e6wdlhrx5im
Constructed tree of numleaves: 281 max pathlength: 9
Block name: /test/data/treeTest/testDocBuffer.txt/=FD0398/=00 num 0 verified? true, content: 1p66fpw50mb34gtlnvjcdrr8dcp8a5rm7velebd3jfjtwk13ft6
Block name: /test/data/treeTest/testDocBuffer.txt/=FD0398/=0064 num 100 verified? true, content: 25wue2dqsv1ijdvag93jbkfq79vxb2mr7efw1lxois7eneppbnh
Block name: /test/data/treeTest/testDocBuffer.txt/=FD0398/=00C8 num 200 verified? true, content: 2xkxif2n5x8rf64mtv646jm1sbe7lxt46824s6mit7pl2f6c3q
Constructed tree of numleaves: 282 max pathlength: 9
Block name: /test/data/treeTest/testDocBuffer.txt/=FD0377/=00 num 0 verified? true, content: 1qb9ugisrp6tox8v3241iaelkvsa00laj0dr919l4f7m39b0sr5
Block name: /test/data/treeTest/testDocBuffer.txt/=FD0377/=0064 num 100 verified? true, content: 1e8mwh5bskstkhmgjuqfi1ph18aokadjpuowrphb7eu70b5bnmp
Block name: /test/data/treeTest/testDocBuffer.txt/=FD0377/=00C8 num 200 verified? true, content: 3130gk15pjgfs3hw2re8igbddusuouk70ekh4pibunja1tbdrs4
Constructed tree of numleaves: 283 max pathlength: 9
Block name: /test/data/treeTest/testDocBuffer.txt/=FD0326/=00 num 0 verified? true, content: 2w16w41psexrohbj5makx3uxgrosljj08nxfna42qupsuh30ik2
Block name: /test/data/treeTest/testDocBuffer.txt/=FD0326/=0064 num 100 verified? true, content: 2wnga65sjpuutv1n4xk3q4ne4vxos5xt28vrioine6bc5mebxkl
Block name: /test/data/treeTest/testDocBuffer.txt/=FD0326/=00C8 num 200 verified? true, content: 1k562itoex4t9g82o7a8hpswc4j5q6gi9bq6f934o352xnfbvcm
Constructed tree of numleaves: 284 max pathlength: 9
Block name: /test/data/treeTest/testDocBuffer.txt/=FDCB/=00 num 0 verified? true, content: 6cx7tgbmxlf1rda0vr4c5e66cs520os17litateubo299w58i4
Block name: /test/data/treeTest/testDocBuffer.txt/=FDCB/=0064 num 100 verified? true, content: bgq1g2d8uist3dmbpcofaws31eatavbcws1e13xmjxq187omoq
Block name: /test/data/treeTest/testDocBuffer.txt/=FDCB/=00C8 num 200 verified? true, content: 2stx4ae5gfn6n4a2kmetw02tjgpttxar4swhjc1bm78outom9gq
Constructed tree of numleaves: 285 max pathlength: 9
Block name: /test/data/treeTest/testDocBuffer.txt/=FD0223/=00 num 0 verified? true, content: 2joiamha5ekss9lxipl70h9cx03daplo8c99ihvtg03u94vt8vo
Block name: /test/data/treeTest/testDocBuffer.txt/=FD0223/=0064 num 100 verified? true, content: ql6c5ixkjkl05m55medklhsug8xmnrt372vt6of6u4nbe0ji3f
Block name: /test/data/treeTest/testDocBuffer.txt/=FD0223/=00C8 num 200 verified? true, content: 2mu5hgnmfvaukl3o9cn0mw4ct5w3dti5trp93xeuf8hh5eovw5j
Constructed tree of numleaves: 286 max pathlength: 9
Block name: /test/data/treeTest/testDocBuffer.txt/=FD01F9/=00 num 0 verified? true, content: 22srka5uh3n3wja6qx11rp8348cdsl9mdx08bvfknssvemtu3l1
Block name: /test/data/treeTest/testDocBuffer.txt/=FD01F9/=0064 num 100 verified? true, content: 10rwiuoam1ieht4ux4dgp3xdkl65qjkrvm41ofn6n7tcw17st33
Block name: /test/data/treeTest/testDocBuffer.txt/=FD01F9/=00C8 num 200 verified? true, content: 2sn2b0ke0rpbha23ko4b75l1cnkg5b1wt3m3nhgqt0ku2lk4sf8
Constructed tree of numleaves: 287 max pathlength: 9
Block name: /test/data/treeTest/testDocBuffer.txt/=FD0179/=00 num 0 verified? true, content: 1sb5gna6gwbsh57w0f9lx2s87wwwkpimkfrk9lfn90l81v0f3q
Block name: /test/data/treeTest/testDocBuffer.txt/=FD0179/=0064 num 100 verified? true, content: 28u2i0xelvmik8316kd5m2fetnao4muu7hcnawi4f5w4t253bog
Block name: /test/data/treeTest/testDocBuffer.txt/=FD0179/=00C8 num 200 verified? true, content: 1fex3shhs930wmkbadmq341gb7679pg7c95gkqx9kuln516391e
Constructed tree of numleaves: 288 max pathlength: 9
Block name: /test/data/treeTest/testDocBuffer.txt/=FD0139/=00 num 0 verified? true, content: i9txmqtprp4s4g1w6b2uegl66iev608rsh7u5j0ddtmhp0lkwv
Block name: /test/data/treeTest/testDocBuffer.txt/=FD0139/=0064 num 100 verified? true, content: 2wo6hltmj9jdq5fakv0m8ved4avihtdr37hcbh8s3l9gn93c2m4
Block name: /test/data/treeTest/testDocBuffer.txt/=FD0139/=00C8 num 200 verified? true, content: 220mnainc4qq0trrcfiksedd6laidshhe98vr9qn5u1dbh09aec
Constructed tree of numleaves: 289 max pathlength: 9
Block name: /test/data/treeTest/testDocBuffer.txt/=FDCC/=00 num 0 verified? true, content: 2amwchq9iawul8le5nv3eurjvpkic4nk86dvx9iwhr9mw3khive
Block name: /test/data/treeTest/testDocBuffer.txt/=FDCC/=0064 num 100 verified? true, content: 314t902ak0vme7rwm0mh6te1shqed9mn2o1g0gg2im86t49kpgf
Block name: /test/data/treeTest/testDocBuffer.txt/=FDCC/=00C8 num 200 verified? true, content: 2gqlwecihwle9sk14o3325i10xighhs3q9p8j4e3fs90lu2nrat
Constructed tree of numleaves: 290 max pathlength: 9
Block name: /test/data/treeTest/testDocBuffer.txt/=FD0275/=00 num 0 verified? true, content: 283dquh1c6nvj9q4lf34kc4cppha0xbw9unnhbfvfuvi1qb92tj
Block name: /test/data/treeTest/testDocBuffer.txt/=FD0275/=0064 num 100 verified? true, content: 32wosxsxqx44kwmt8tbvmnh6mk9qbgg2rpg6p04un2v8t5apo1s
Block name: /test/data/treeTest/testDocBuffer.txt/=FD0275/=00C8 num 200 verified? true, content: 32cwkcrxc7htj2t8qej1bkck0rnj1mw5smmdw167wj532suswdt
Constructed tree of numleaves: 291 max pathlength: 9
Block name: /test/data/treeTest/testDocBuffer.txt/=FD01AF/=00 num 0 verified? true, content: 2fl8v7xucngalbrw0dr0sbv1gul1cgphx8copoxntm1ipb354it
Block name: /test/data/treeTest/testDocBuffer.txt/=FD01AF/=0064 num 100 verified? true, content: 1v9w4582lcdnanpfx7lo60vujwi9j426hkdhkkhntm1wmffrh75
Block name: /test/data/treeTest/testDocBuffer.txt/=FD01AF/=00C8 num 200 verified? true, content: 2vm49i858gc9vv63hvjvmrl6tcgnkk3qbwp54urh6af3gxhlxc9
Constructed tree of numleaves: 292 max pathlength: 9
Block name: /test/data/treeTest/testDocBuffer.txt/=FD02DB/=00 num 0 verified? true, content: 1ipp21cxhc1mo2240fudgfaaovrt9e9csw18q2g56xtx5h3xivx
Block name: /test/data/treeTest/testDocBuffer.txt/=FD02DB/=0064 num 100 verified? true, content: polu5lnhfw2ccq4s4vfnv4u75emkhxbl17sgi91w665169fh4h
Block name: /test/data/treeTest/testDocBuffer.txt/=FD02DB/=00C8 num 200 verified? true, content: 1ft80xltvrioo7nu8mks2goe740weqvxcrvt0l6f7h5x9xr467n
Constructed tree of numleaves: 293 max pathlength: 9
Block name: /test/data/treeTest/testDocBuffer.txt/=FD0391/=00 num 0 verified? true, content: 2siaod9amkxg7qqclrjhapuojm4xxqqw2f3a3f8g3mqiwkfkqf2
Block name: /test/data/treeTest/testDocBuffer.txt/=FD0391/=0064 num 100 verified? true, content: 13874btdfgk6xbgrd25lvkaaacq2175v3wv5osl7j913dlxwxq6
Block name: /test/data/treeTest/testDocBuffer.txt/=FD0391/=00C8 num 200 verified? true, content: 20qgmr37ubasdw9nt8rgi5cna4p8co6wjdununwedjgwq20fs8
Constructed tree of numleaves: 294 max pathlength: 9
Block name: /test/data/treeTest/testDocBuffer.txt/=FDBA/=00 num 0 verified? true, content: 2qlux74frv9mww4ksvumubcg0gn20umfl8akh55jdnfvun95d9k
Block name: /test/data/treeTest/testDocBuffer.txt/=FDBA/=0064 num 100 verified? true, content: 1qtxvkmbwfs1ebqos4cu9vfobmjsrwfmw1gv7w4367xpwmr2c2e
Block name: /test/data/treeTest/testDocBuffer.txt/=FDBA/=00C8 num 200 verified? true, content: 1ccfbcpqmdcf4pv94hgm5ragmc1840ilbq0o9b188w1wjr2outb
Constructed tree of numleaves: 295 max pathlength: 9
Block name: /test/data/treeTest/testDocBuffer.txt/=FD022D/=00 num 0 verified? true, content: fekpjo69jk2uxux9bsdmd7nqdbsavf6mpglb3al2i4q1cn3507
Block name: /test/data/treeTest/testDocBuffer.txt/=FD022D/=0064 num 100 verified? true, content: b60bsfrc9ff510u2a0xc1uxh8r3xvuvdi2lm8tu3pqk9s8508i
Block name: /test/data/treeTest/testDocBuffer.txt/=FD022D/=00C8 num 200 verified? true, content: 2o0kwe7ggep74arost35w9qdd7qtajcsp9ngnlv8p7t0pudb5tv
Constructed tree of numleaves: 296 max pathlength: 9
Block name: /test/data/treeTest/testDocBuffer.txt/=FD03AB/=00 num 0 verified? true, content: f0ab648s36mm3dpuvndj2xlifonqojkrvdelc7ho15elc6tvqj
Block name: /test/data/treeTest/testDocBuffer.txt/=FD03AB/=0064 num 100 verified? true, content: jk5kmhrkwsfu2gle1c31ms347tqbgp5p9id3r7edeoo3tc6193
Block name: /test/data/treeTest/testDocBuffer.txt/=FD03AB/=00C8 num 200 verified? true, content: 2ag4g89t1qdrc4cjgxw0ebf9s9hs0ulkf79gu7xicwdk28ta6pq
Constructed tree of numleaves: 297 max pathlength: 9
Block name: /test/data/treeTest/testDocBuffer.txt/=FDC0/=00 num 0 verified? true, content: 2cf4frjjrr380uvo4mec71mwtwn6t7n9g13n0fmifc1xavfr063
Block name: /test/data/treeTest/testDocBuffer.txt/=FDC0/=0064 num 100 verified? true, content: 2sqfw335gg6rs0b75ex46po8ui8dnmr9jx635tx0nlkjfq6k6c8
Block name: /test/data/treeTest/testDocBuffer.txt/=FDC0/=00C8 num 200 verified? true, content: 1164d9c27ba1xdbqpxabiw0kdt7801onne922m31qd924w9n7xf
Constructed tree of numleaves: 298 max pathlength: 9
Block name: /test/data/treeTest/testDocBuffer.txt/=FD0216/=00 num 0 verified? true, content: 25jtmxm7uddxdxxmddjc9i8mk64djgd2a9ks8egip8ws7wnw8br
Block name: /test/data/treeTest/testDocBuffer.txt/=FD0216/=0064 num 100 verified? true, content: 2epvl15lobcfkxxw828f2hsjm2nhq0gxtcue6x9v9r58u91ebio
Block name: /test/data/treeTest/testDocBuffer.txt/=FD0216/=00C8 num 200 verified? true, content: 1lsh3k1fn4aighuh6sgvh0eikx6hxorvsgbpso50s7ukmu0ux9m
Constructed tree of numleaves: 299 max pathlength: 9
Block name: /test/data/treeTest/testDocBuffer.txt/=FD03B2/=00 num 0 verified? true, content: 2a6673ch7wd73n25vx3vpol2c4r4t4ufd2xei81wjucftilw5jn
Block name: /test/data/treeTest/testDocBuffer.txt/=FD03B2/=0064 num 100 verified? true, content: 1f1o284c35kqteetv61qtc0ecnmc7jqljc6p2be2csplk2jdio9
Block name: /test/data/treeTest/testDocBuffer.txt/=FD03B2/=00C8 num 200 verified? true, content: 1cvppqnttxsql8cmkge8g1cqo87wn95etpe1sqh2k84ljxm30j7
Constructed tree of numleaves: 300 max pathlength: 9
Block name: /test/data/treeTest/testDocBuffer.txt/=FD028A/=00 num 0 verified? true, content: 19mjostnkqfaljva9r6cabcnhfsg00qhap2fxxohjicw7b8k9q3
Block name: /test/data/treeTest/testDocBuffer.txt/=FD028A/=0064 num 100 verified? true, content: 2traahppx7u0i9gahfvp1i0oxitsm1m8t45qb69fufejsdn8e9i
Block name: /test/data/treeTest/testDocBuffer.txt/=FD028A/=00C8 num 200 verified? true, content: mecef7ewdncj2sue6cj5wd4wkeqhu9a1ced61m3hm9u754c89b
Constructed tree of numleaves: 301 max pathlength: 9
Block name: /test/data/treeTest/testDocBuffer.txt/=FD93/=00 num 0 verified? true, content: 2u95qw4n4sfdajtblmukx6b5oojscn5opc5wchjnpnq5pqoe0lc
Block name: /test/data/treeTest/testDocBuffer.txt/=FD93/=0064 num 100 verified? true, content: 2wg4uqu1ovtb8jmix72mdjkjom4mxnq6fj0nmp1blkeuoud7brb
Block name: /test/data/treeTest/testDocBuffer.txt/=FD93/=00C8 num 200 verified? true, content: 133rdrsx8jhrmqgtgdurtao9onk7jnjraq3wh5q5e3lt7k98tp7
Constructed tree of numleaves: 302 max pathlength: 9
Block name: /test/data/treeTest/testDocBuffer.txt/=FD81/=00 num 0 verified? true, content: 1p8k58tjk1pfg95xg9adfv09pwo25sm0btd4ec7kgwwfere12xa
Block name: /test/data/treeTest/testDocBuffer.txt/=FD81/=0064 num 100 verified? true, content: 22iki7p7qrxphsrjwba4v7mjtfo0gwdogaml62x9gxphtjfl9ou
Block name: /test/data/treeTest/testDocBuffer.txt/=FD81/=00C8 num 200 verified? true, content: 32dn7v82cxv4dm2dxh18b363bqidcebnttotsgk96ogjfjfkhov
Block name: /test/data/treeTest/testDocBuffer.txt/=FD81/=00012C num 300 verified? true, content: 1bm6ewdnkhq0dk3e9qx05dhqsgcx2qd8w1471ktelo6cv1x84x9
Constructed tree of numleaves: 303 max pathlength: 9
Block name: /test/data/treeTest/testDocBuffer.txt/=FD0396/=00 num 0 verified? true, content: 67vukjomo1bljeuei8cwvgtuqs1jjikv1m7rdlqmaam633m3qa
Block name: /test/data/treeTest/testDocBuffer.txt/=FD0396/=0064 num 100 verified? true, content: 16oclxr6h3d1otcr72f8ascsqo84wqmdd4khiea9oaxm86tvvju
Block name: /test/data/treeTest/testDocBuffer.txt/=FD0396/=00C8 num 200 verified? true, content: 7cdc1f7516a2e1nju4w4txfv316oo24ndppudqp7hp3wgc6mci
Block name: /test/data/treeTest/testDocBuffer.txt/=FD0396/=00012C num 300 verified? true, content: 2bw6el54vgim3l8fumpx5nhs7b5vnlb5b5eexfc7caib373rgd
Constructed tree of numleaves: 304 max pathlength: 9
Block name: /test/data/treeTest/testDocBuffer.txt/=FDF5/=00 num 0 verified? true, content: 2nh61623jehhnjo8udkqb903m4rip491lx6ehnlh5hv9dbiimc4
Block name: /test/data/treeTest/testDocBuffer.txt/=FDF5/=0064 num 100 verified? true, content: 130jwhem197nomhrqwxmlbtapcocd3rule7kj6imwhdbh71e3s8
Block name: /test/data/treeTest/testDocBuffer.txt/=FDF5/=00C8 num 200 verified? true, content: 2knlv20fjnbv0f5ttxx36xwsb9vdvkqk7hps5g93l0q5wkl4g5c
Block name: /test/data/treeTest/testDocBuffer.txt/=FDF5/=00012C num 300 verified? true, content: 1qbivwfd3i4k0nj88ltj6nlmrir1neju89ah9c3n1gqw711cxfq
Constructed tree of numleaves: 305 max pathlength: 9
Block name: /test/data/treeTest/testDocBuffer.txt/=FD0303/=00 num 0 verified? true, content: 29qalx7nmxu14fbuna3x66trj16rvdh3ji4op1egq4jken1d98
Block name: /test/data/treeTest/testDocBuffer.txt/=FD0303/=0064 num 100 verified? true, content: 2klbtm37jdoeqsxm0xr9hiam8d0hpf5wpwtpdje3n1x8vl1w0qu
Block name: /test/data/treeTest/testDocBuffer.txt/=FD0303/=00C8 num 200 verified? true, content: 2ar9cdh0id7bxv01l08nogc4nj4etui15l6btgpdrlv2ej5kp6q
Block name: /test/data/treeTest/testDocBuffer.txt/=FD0303/=00012C num 300 verified? true, content: e96jlgn4opqjlx2fnhdputpo26egn1g14104w2xb76ajwnm2rp
Constructed tree of numleaves: 306 max pathlength: 9
Block name: /test/data/treeTest/testDocBuffer.txt/=FD0205/=00 num 0 verified? true, content: 2spxuk4cprqwf5g8x55hbh04b45p7u7qeegnxdp0r4hlvma7t2u
Block name: /test/data/treeTest/testDocBuffer.txt/=FD0205/=0064 num 100 verified? true, content: dknegflmemwgg58quefii7cj3mh35be35a0h0ki62rno3b3ngp
Block name: /test/data/treeTest/testDocBuffer.txt/=FD0205/=00C8 num 200 verified? true, content: 8bq4unxd567464nb5c5sp0g25ct2mgknv66jbpn4siec4iholx
Block name: /test/data/treeTest/testDocBuffer.txt/=FD0205/=00012C num 300 verified? true, content: 2jd55p2f8vr7aitn42r9b432uf25d9139ospmdahdwg5c7um7dc
Constructed tree of numleaves: 307 max pathlength: 9
Block name: /test/data/treeTest/testDocBuffer.txt/=FD03CB/=00 num 0 verified? true, content: 30f58nn40x5ijwm4uf2m7e5dnpxedi2bk7xsmj9iwi587wula7b
Block name: /test/data/treeTest/testDocBuffer.txt/=FD03CB/=0064 num 100 verified? true, content: 3k0a5mdrn830u42sk6v6cdxk4u603lvc2flj97e4d15riww4je
Block name: /test/data/treeTest/testDocBuffer.txt/=FD03CB/=00C8 num 200 verified? true, content: 1alfs45wf0j9xckmre13jiox814e8oxjgo6oilr2osgnxb98hvs
Block name: /test/data/treeTest/testDocBuffer.txt/=FD03CB/=00012C num 300 verified? true, content: 1scgaolkqmmnpokthroscipfhe2a37kq4vpppmem45uxjufw5r
Constructed tree of numleaves: 308 max pathlength: 9
Block name: /test/data/treeTest/testDocBuffer.txt/=FD0346/=00 num 0 verified? true, content: 14tj3jinmllrqfrmtghssc7hw8khrclwxfkgmnkw3gdkc1j4gcv
Block name: /test/data/treeTest/testDocBuffer.txt/=FD0346/=0064 num 100 verified? true, content: 2jfn8wp095fcnhf80qwjjm6hfwmcricmr61qn67p1vh2mark2xj
Block name: /test/data/treeTest/testDocBuffer.txt/=FD0346/=00C8 num 200 verified? true, content: x6su6kpx6pj43xeu66777oq88vljpi0c2l9hadmvih5rxdsl89
Block name: /test/data/treeTest/testDocBuffer.txt/=FD0346/=00012C num 300 verified? true, content: 13d50mukagq8p47sfsqbw8tmfn3amn94u75xqmh0xbpgalj8mfl
Constructed tree of numleaves: 309 max pathlength: 9
Block name: /test/data/treeTest/testDocBuffer.txt/=FD01FB/=00 num 0 verified? true, content: 1kb63hmk6s3qtdi1pe91apv1nqejxn4whs6jwl84p49dp0i12i4
Block name: /test/data/treeTest/testDocBuffer.txt/=FD01FB/=0064 num 100 verified? true, content: 1vwi76nr0dm19t5bpvnipoq3ax3r4fwixo7ovlr40jurcmqq93q
Block name: /test/data/treeTest/testDocBuffer.txt/=FD01FB/=00C8 num 200 verified? true, content: 2qikfckgiw5tqe3i0jxg4xqhjfu3w4f8gbu3v9prrf6i58o4s4s
Block name: /test/data/treeTest/testDocBuffer.txt/=FD01FB/=00012C num 300 verified? true, content: 18vjxbgvf0u7a26952sishvcej0tmrmqt71r175arm7tqpcjfd
Constructed tree of numleaves: 310 max pathlength: 9
Block name: /test/data/treeTest/testDocBuffer.txt/=FD0204/=00 num 0 verified? true, content: 9tm8oh0ghx9jj038q1vu1mkj6jqos8xbj17vjw99n6p8uqpmej
Block name: /test/data/treeTest/testDocBuffer.txt/=FD0204/=0064 num 100 verified? true, content: 57eihbc77wrtvseqa1ea6gb8impsnnadlb7wrqui9s4ixnbx8m
Block name: /test/data/treeTest/testDocBuffer.txt/=FD0204/=00C8 num 200 verified? true, content: 4qmgqfwf2uuvvgetuv3sin26v44lts9qa3qhcnwui2o6b7h220
Block name: /test/data/treeTest/testDocBuffer.txt/=FD0204/=00012C num 300 verified? true, content: 139s58t50x21p6x7tg7070cax9canwwner6ktc1d3eadkg1c8tb
Constructed tree of numleaves: 311 max pathlength: 9
Block name: /test/data/treeTest/testDocBuffer.txt/=FD01E8/=00 num 0 verified? true, content: 2fa77klune4wfdapfo5r0fwaxwf4j9s6k68wx0rdb5fga4iccve
Block name: /test/data/treeTest/testDocBuffer.txt/=FD01E8/=0064 num 100 verified? true, content: 282a4bh79lh2obo1mbjpcuwj3dcsb5jo0b1h342ecfkrxkrx31m
Block name: /test/data/treeTest/testDocBuffer.txt/=FD01E8/=00C8 num 200 verified? true, content: 2pd95qpsr81t4c311d4oo4mj095onk4hhcrsgabfnmwl2he6nak
Block name: /test/data/treeTest/testDocBuffer.txt/=FD01E8/=00012C num 300 verified? true, content: guc296f7qcrekc0ohactqehk0sqmdgpr8b2p9vd2uu12eju1gj
Constructed tree of numleaves: 312 max pathlength: 9
Block name: /test/data/treeTest/testDocBuffer.txt/=FD0385/=00 num 0 verified? true, content: 2qw1bbapw52tvc3cwstvshuaq77mk6d1nvkdb16ik50mjubp6ax
Block name: /test/data/treeTest/testDocBuffer.txt/=FD0385/=0064 num 100 verified? true, content: f4eup5ea71ftf612rsmb0t6vpc8xxj3nrftouuh2dc7tuahd65
Block name: /test/data/treeTest/testDocBuffer.txt/=FD0385/=00C8 num 200 verified? true, content: 2rk0rqvblopip687os9l5kk6p1hu5px1m7bhhg6vfcce7gh1ax3
Block name: /test/data/treeTest/testDocBuffer.txt/=FD0385/=00012C num 300 verified? true, content: 23u4252fdwb00piav3hpkahh9pbi5gh9b7bta92cv07h0n3v0us
Constructed tree of numleaves: 313 max pathlength: 9
Block name: /test/data/treeTest/testDocBuffer.txt/=FD01C4/=00 num 0 verified? true, content: 6hxd8q5ii6ro9ii4s4or4bo3stj51nhfs9amt33cflavr0xjj2
Block name: /test/data/treeTest/testDocBuffer.txt/=FD01C4/=0064 num 100 verified? true, content: 187igf28kk58hbboj08tc1ev345g7umlrc6bvs1c36kkhgn8r9t
Block name: /test/data/treeTest/testDocBuffer.txt/=FD01C4/=00C8 num 200 verified? true, content: 2m66u650d2en90kcet44nb3ep2fi9rv9bsu515nhidatb8cin1p
Block name: /test/data/treeTest/testDocBuffer.txt/=FD01C4/=00012C num 300 verified? true, content: 7r8i27kbjl5g46tanvd89jxiu5isno3kjxfuckwl9dx3w11ga8
Constructed tree of numleaves: 314 max pathlength: 9
Block name: /test/data/treeTest/testDocBuffer.txt/=FD36/=00 num 0 verified? true, content: 71i2acehcl578jsvj6thcfrb9h7qggfasub3gjc4xx8m2p4qna
Block name: /test/data/treeTest/testDocBuffer.txt/=FD36/=0064 num 100 verified? true, content: fnvdoxeks9hgx3vgr1a5qk7k4w6s2uvr0i50rusk0a5ao2gjvk
Block name: /test/data/treeTest/testDocBuffer.txt/=FD36/=00C8 num 200 verified? true, content: 2jtrdw27wovkvx473vxdfp3fnd688oh9n2t1qo3df4aktj03k27
Block name: /test/data/treeTest/testDocBuffer.txt/=FD36/=00012C num 300 verified? true, content: aohs75r9o50oxtfoq7adgchn7q04cbenosicpmk00cojdrc7wv
Constructed tree of numleaves: 315 max pathlength: 9
Block name: /test/data/treeTest/testDocBuffer.txt/=FD02D3/=00 num 0 verified? true, content: 307125u4vbxxew04gma53nmd82g3x5umbbo55cskwsvlvmlq1gx
Block name: /test/data/treeTest/testDocBuffer.txt/=FD02D3/=0064 num 100 verified? true, content: 968e9j15mgckerhr70p7dkld450l9li3b3is0sou0ailfc5b2e
Block name: /test/data/treeTest/testDocBuffer.txt/=FD02D3/=00C8 num 200 verified? true, content: 30q2924pu1svgpk9oi31wdxmtlh0i3knpmp0eskaj6livrni746
Block name: /test/data/treeTest/testDocBuffer.txt/=FD02D3/=00012C num 300 verified? true, content: rx0v8ermr4x3d9v66baxg7ubt6qls3ga4uuiva4lkdp0du1b08
Constructed tree of numleaves: 316 max pathlength: 9
Block name: /test/data/treeTest/testDocBuffer.txt/=FD7A/=00 num 0 verified? true, content: h9fkga7ofbr6omfp5oec1hvonsec57bcauvh3kqk3ab1h0nh9g
Block name: /test/data/treeTest/testDocBuffer.txt/=FD7A/=0064 num 100 verified? true, content: 9gukeq7gdwlm5ap3is5crxdtso801co7tcw3qx6p06ot795uuv
Block name: /test/data/treeTest/testDocBuffer.txt/=FD7A/=00C8 num 200 verified? true, content: 2rl3lhf823paa9os5gqkekx0wus37iq88r21xv3fdma8leedct5
Block name: /test/data/treeTest/testDocBuffer.txt/=FD7A/=00012C num 300 verified? true, content: 10mikff32v174px3mji75ljoh31m9nfchmwwx7a9r8klrobeuqh
Constructed tree of numleaves: 317 max pathlength: 9
Block name: /test/data/treeTest/testDocBuffer.txt/=FD01C7/=00 num 0 verified? true, content: 1ba9tjpbscud5jl0ds9tvqscivv2tsd6facjubxblbkjhx5hprx
Block name: /test/data/treeTest/testDocBuffer.txt/=FD01C7/=0064 num 100 verified? true, content: xprw46qoiu45sphbriivejrpt9luxuqt5e2t0uqextmv0q95ag
Block name: /test/data/treeTest/testDocBuffer.txt/=FD01C7/=00C8 num 200 verified? true, content: 1da0a8dlnhq2aa47s1s1jadgdkncsjq54af190vfxkhkwuagk2q
Block name: /test/data/treeTest/testDocBuffer.txt/=FD01C7/=00012C num 300 verified? true, content: 1cldbeu1i690vp0e0lx1pvngghhnns15u5atcijh9p1bt02nuqs
Constructed tree of numleaves: 318 max pathlength: 9
Block name: /test/data/treeTest/testDocBuffer.txt/=FD0235/=00 num 0 verified? true, content: 170mtgx6lrsovfbq7c1lvkggvp4534ew00j4emp9rkid181cgt4
Block name: /test/data/treeTest/testDocBuffer.txt/=FD0235/=0064 num 100 verified? true, content: 2d41m0le626res229rv7ku9s3dt33s00ft64fhg7rvrpcbkwafj
Block name: /test/data/treeTest/testDocBuffer.txt/=FD0235/=00C8 num 200 verified? true, content: 2rfln8ihrfh63tpta759m8sgi0ule05gfopj6sjv7cpsdne3c0p
Block name: /test/data/treeTest/testDocBuffer.txt/=FD0235/=00012C num 300 verified? true, content: 1iqdkv1d7sq7686p0l0sugbjlf5umkvjbr53u57v24fo9qwvg1j
Constructed tree of numleaves: 319 max pathlength: 9
Block name: /test/data/treeTest/testDocBuffer.txt/=FD024E/=00 num 0 verified? true, content: 1uftl368et4e50f9qrxji9rg3a645f4n6mtv2o8kn0pqv7d9glw
Block name: /test/data/treeTest/testDocBuffer.txt/=FD024E/=0064 num 100 verified? true, content: 7o24s2tatw1xcbut6k19ebufq1baqhlh8bmk22itj1wcs3mhvf
Block name: /test/data/treeTest/testDocBuffer.txt/=FD024E/=00C8 num 200 verified? true, content: 8b1ufw18wqx8e9tjr2bsjfkb0v2iqi5d18m3iopvpc1lwlqn2v
Block name: /test/data/treeTest/testDocBuffer.txt/=FD024E/=00012C num 300 verified? true, content: 1q68xsvaodimjx9dblqsidhc2mfktifjqo9ok0gwdhmhqm8owc5
Constructed tree of numleaves: 320 max pathlength: 9
Block name: /test/data/treeTest/testDocBuffer.txt/=FD0279/=00 num 0 verified? true, content: hkwmxr6qa4obqdrmx5rl9n6gdqefim6u4fkl86sopltfvn7ru9
Block name: /test/data/treeTest/testDocBuffer.txt/=FD0279/=0064 num 100 verified? true, content: 1um0w4qblk4huqloo4hpcrbdgofghnc8obwvw521sb14lislenb
Block name: /test/data/treeTest/testDocBuffer.txt/=FD0279/=00C8 num 200 verified? true, content: 2pd6et1xx5lsxq9tx04utx0rg61f241gxwtgg79hwi8mxc43c9i
Block name: /test/data/treeTest/testDocBuffer.txt/=FD0279/=00012C num 300 verified? true, content: ojhxpt8h3no0x1anhv7f873qvqrbajgv1sj5w5tits6gtvlqib
Constructed tree of numleaves: 321 max pathlength: 9
Block name: /test/data/treeTest/testDocBuffer.txt/=FD01D8/=00 num 0 verified? true, content: 2lednlwdqkaih7u10xrrrdafbe31nnqtqtxdn9ejqmcpckgv7tb
Block name: /test/data/treeTest/testDocBuffer.txt/=FD01D8/=0064 num 100 verified? true, content: 2o8r3b6recp5fi9tagvmqjcg4tawbomv5mh4qh1xbpg308elmxh
Block name: /test/data/treeTest/testDocBuffer.txt/=FD01D8/=00C8 num 200 verified? true, content: 2rq1p695l0wnqnlbo6pgequ449ewmf7f2f9j6h1pkud86pw1lh6
Block name: /test/data/treeTest/testDocBuffer.txt/=FD01D8/=00012C num 300 verified? true, content: 16ue1tqkgw2migo9mss7wglxo6r2wmxwxb2p662qlgut1cskda3
Constructed tree of numleaves: 322 max pathlength: 9
Block name: /test/data/treeTest/testDocBuffer.txt/=FD0247/=00 num 0 verified? true, content: 47315hehw392imuh1lv9c8o8g4juahxialxjq5op2lxaqcgia7
Block name: /test/data/treeTest/testDocBuffer.txt/=FD0247/=0064 num 100 verified? true, content: cafqgqgslial5mg4885qj2rj27m0fwlo35i1n3g69aliqb46iv
Block name: /test/data/treeTest/testDocBuffer.txt/=FD0247/=00C8 num 200 verified? true, content: 2as60sai3bl4qe2w4b1ei7thpbdxk4dcvgjv6fo38mikfkrbnif
Block name: /test/data/treeTest/testDocBuffer.txt/=FD0247/=00012C num 300 verified? true, content: 6f0xft31top3k8hx2mmh69ip6pg7crnwjomu7l0nl2nu3grckf
Constructed tree of numleaves: 323 max pathlength: 9
Block name: /test/data/treeTest/testDocBuffer.txt/=FD0332/=00 num 0 verified? true, content: 2hwkvxl245fftk18a09m83mnvvsxflhiiv1tr1h51htp1bbmonj
Block name: /test/data/treeTest/testDocBuffer.txt/=FD0332/=0064 num 100 verified? true, content: 2hiqx6tk1tj57i236qsldbmeb3hbsos4bx04cq2slkndlh9lr0b
Block name: /test/data/treeTest/testDocBuffer.txt/=FD0332/=00C8 num 200 verified? true, content: 2n2rvt1w2xple1iajpubcnv8kgqolaacxk517450i0cjijf6nlx
Block name: /test/data/treeTest/testDocBuffer.txt/=FD0332/=00012C num 300 verified? true, content: 1sben1qjg0290pobdonwh83bjoo1uv9ic4svensvdu4nk9rckl0
Constructed tree of numleaves: 324 max pathlength: 9
Block name: /test/data/treeTest/testDocBuffer.txt/=FD022A/=00 num 0 verified? true, content: 1sqs3rl1pfsrrcoilgj5lkcrpx3rt7oja4b7disf4nn2sx3iwde
Block name: /test/data/treeTest/testDocBuffer.txt/=FD022A/=0064 num 100 verified? true, content: 1ufth9nut5xf7ut6llk5wlxxo24ctnvs344rq3vldwj2g9lnwc
Block name: /test/data/treeTest/testDocBuffer.txt/=FD022A/=00C8 num 200 verified? true, content: 25sgrl7ibaqffpd7p8go1xjumohxehwjro647pjm5hm6ln5epnh
Block name: /test/data/treeTest/testDocBuffer.txt/=FD022A/=00012C num 300 verified? true, content: 1vua88qprqan0ioilpm50fr5iujgq7f66smxm4kxi967isdws88
Constructed tree of numleaves: 325 max pathlength: 9
Block name: /test/data/treeTest/testDocBuffer.txt/=FD0285/=00 num 0 verified? true, content: oqknt64deqecwhdlwk37j7lq560eruflg8bpagxwud216a0hua
Block name: /test/data/treeTest/testDocBuffer.txt/=FD0285/=0064 num 100 verified? true, content: 2f1a6vx5jj09j568aqdnq1j9mrp82uov2xmp165ao2q6q6j197w
Block name: /test/data/treeTest/testDocBuffer.txt/=FD0285/=00C8 num 200 verified? true, content: 32hll4v5a2v4vu4bk16qx2klg3chn1u8ekqsis08an8rq206fgn
Block name: /test/data/treeTest/testDocBuffer.txt/=FD0285/=00012C num 300 verified? true, content: 1m4rhg7j2s03ag21j1611i12t93tvqi4n2aq51ao3j7b2hjheid
Constructed tree of numleaves: 326 max pathlength: 9
Block name: /test/data/treeTest/testDocBuffer.txt/=FD0320/=00 num 0 verified? true, content: 1riseceormx48bcsldj37hk8gpfnq4i3d843f05mm57piasuhn7
Block name: /test/data/treeTest/testDocBuffer.txt/=FD0320/=0064 num 100 verified? true, content: 24ftnqe57g0k99fc31ld2osmtms21jbdbc8tprv8hmrux4l1r8g
Block name: /test/data/treeTest/testDocBuffer.txt/=FD0320/=00C8 num 200 verified? true, content: 2a4vbrqbv04924jb57sw3j1aoxm4b28qdx2s109n1mkr62j5hgq
Block name: /test/data/treeTest/testDocBuffer.txt/=FD0320/=00012C num 300 verified? true, content: 2rq454l6x4uf24m3pa2brwele1869d617nlw2dsdm7niuag3lhx
Constructed tree of numleaves: 327 max pathlength: 9
Block name: /test/data/treeTest/testDocBuffer.txt/=FD38/=00 num 0 verified? true, content: vww02g17vjlgsqonfre0i6583vqtq4luma8es3pw3qnwttqh33
Block name: /test/data/treeTest/testDocBuffer.txt/=FD38/=0064 num 100 verified? true, content: 1fq7o6l39xp7kvv5rdt3ts6d36e17ukkpe126dt69ntxpxmofx5
Block name: /test/data/treeTest/testDocBuffer.txt/=FD38/=00C8 num 200 verified? true, content: 18shivw6qnl9fbpmvx8vnj7gsxu8tq5cu5w3qlfdq9soud23ov7
Block name: /test/data/treeTest/testDocBuffer.txt/=FD38/=00012C num 300 verified? true, content: 131q2tkumlj2gn98vj8mrl18e4xovop1adpjpiqgwl2m6ptdc06
Constructed tree of numleaves: 328 max pathlength: 9
Block name: /test/data/treeTest/testDocBuffer.txt/=FD01EB/=00 num 0 verified? true, content: lpps67lbxhwjui583g941olrxrgf25rf8gb9dgeuh120fblvtx
Block name: /test/data/treeTest/testDocBuffer.txt/=FD01EB/=0064 num 100 verified? true, content: 2ot4j9ln2v1p6fr2gnno579o9aivwmjmihgs5o81hgrr7ww4vqh
Block name: /test/data/treeTest/testDocBuffer.txt/=FD01EB/=00C8 num 200 verified? true, content: 1tv2vi9x3e79p20td1kvf4724nkma3t5vicghek3ukkkplsoh6v
Block name: /test/data/treeTest/testDocBuffer.txt/=FD01EB/=00012C num 300 verified? true, content: 2i8osc8205m2f3t29i2xklkcjd7qg7165ucnubfg4ssor00mn4n
Constructed tree of numleaves: 329 max pathlength: 9
Block name: /test/data/treeTest/testDocBuffer.txt/=FD027F/=00 num 0 verified? true, content: 26acbvnt896346pkfu1d2f2g8e15luu9o3760qsgb58qk1ownwa
Block name: /test/data/treeTest/testDocBuffer.txt/=FD027F/=0064 num 100 verified? true, content: 2e8kh4sg2o92v567qc4lpouppux0wujlqrh3hgjof7d7tofedfk
Block name: /test/data/treeTest/testDocBuffer.txt/=FD027F/=00C8 num 200 verified? true, content: 2rtqcbnjn2a7m5c7r6qg57apc4nulp6xi158dn53pn9nu5j0ocm
Block name: /test/data/treeTest/testDocBuffer.txt/=FD027F/=00012C num 300 verified? true, content: 6l2ft0iwpe067oosmep06k3k9pigmtk3bu2q8pw94c6ossnc8f
Constructed tree of numleaves: 330 max pathlength: 9
Block name: /test/data/treeTest/testDocBuffer.txt/=FD0162/=00 num 0 verified? true, content: ucgmpm4l7aiajao2qmqiao83rxvc06iq9baa6n4ulo6r5ckpi0
Block name: /test/data/treeTest/testDocBuffer.txt/=FD0162/=0064 num 100 verified? true, content: 1b0k3mctv0lr9j5cdsirlqxeb6s2trghxvdl7gl18jip61g26xv
Block name: /test/data/treeTest/testDocBuffer.txt/=FD0162/=00C8 num 200 verified? true, content: 1r3eaqgutc0wx8cbu41ls5q6u8efe8d21f05r3b5qlub49xsj1x
Block name: /test/data/treeTest/testDocBuffer.txt/=FD0162/=00012C num 300 verified? true, content: 21brcmdabk2819c9xvtwp583u5idnpx3dsco3iboc09ea3xgjw9
Constructed tree of numleaves: 331 max pathlength: 9
Block name: /test/data/treeTest/testDocBuffer.txt/=FD02E7/=00 num 0 verified? true, content: 2fx1710s4bm9cbh8a671nhf7v8u54ha98r2q7ieb3aobdpd903e
Block name: /test/data/treeTest/testDocBuffer.txt/=FD02E7/=0064 num 100 verified? true, content: f30d08ci7g5b66fikjuqx29tbajafwtr9wirbk0fjafbpwfe4l
Block name: /test/data/treeTest/testDocBuffer.txt/=FD02E7/=00C8 num 200 verified? true, content: 2cit5ibtsscujhx1p1gog1rutcjvfsw3xjnjl2a69hkgei2ubk9
Block name: /test/data/treeTest/testDocBuffer.txt/=FD02E7/=00012C num 300 verified? true, content: 2rs6m2gejb9673ke4b5ms48agohpifgpno489bu404rflpkl52v
Constructed tree of numleaves: 332 max pathlength: 9
Block name: /test/data/treeTest/testDocBuffer.txt/=FD0224/=00 num 0 verified? true, content: 15aloxsuf0vrk4dxgdba5gfiu1p2moqurak3fqk06l85l5uxo7u
Block name: /test/data/treeTest/testDocBuffer.txt/=FD0224/=0064 num 100 verified? true, content: 2bw0frutlq4b7fbbmh5n4n38s3br5vnpl58eu9n7dif52klwsj2
Block name: /test/data/treeTest/testDocBuffer.txt/=FD0224/=00C8 num 200 verified? true, content: 2ra7133tvgi65g06knb0el3v6mb3skp9ei65l0kcnf07ll710xg
Block name: /test/data/treeTest/testDocBuffer.txt/=FD0224/=00012C num 300 verified? true, content: 28a9kulln9un87s2e0pvwk46fiued3p03xdf351g7aeb5uqsjnu
Constructed tree of numleaves: 333 max pathlength: 9
Block name: /test/data/treeTest/testDocBuffer.txt/=FD0240/=00 num 0 verified? true, content: 2l8f0bjgage35f18gw99w0eibg8k4n0u8edooqll9i8v48s1d3t
Block name: /test/data/treeTest/testDocBuffer.txt/=FD0240/=0064 num 100 verified? true, content: vewrxaf6vn4je9204vheotw3gl1ufpw6t31ivof4giafdfa7gl
Block name: /test/data/treeTest/testDocBuffer.txt/=FD0240/=00C8 num 200 verified? true, content: 2hm56kdq12vwj43u2vvldxexjmm76hlkda1grngw1m5k12hlx95
Block name: /test/data/treeTest/testDocBuffer.txt/=FD0240/=00012C num 300 verified? true, content: 32owd7i7tdaetkhxd0qu6kigps47x8jjian3ltvmdapgdfuo3j9
Constructed tree of numleaves: 334 max pathlength: 9
Block name: /test/data/treeTest/testDocBuffer.txt/=FD02A9/=00 num 0 verified? true, content: 2qwlqrkfibqnme8f0vpigs565jj3sqvo80e0clh6aakqk3w7kap
Block name: /test/data/treeTest/testDocBuffer.txt/=FD02A9/=0064 num 100 verified? true, content: 47v3h1g95whlnkiolxj94gq8tkro59bdujekaxeahd34nwx8ch
Block name: /test/data/treeTest/testDocBuffer.txt/=FD02A9/=00C8 num 200 verified? true, content: 1h4qoiqrw161xu0bqkvtd0f52910osbuijqa6iw4om7bl2odsfn
Block name: /test/data/treeTest/testDocBuffer.txt/=FD02A9/=00012C num 300 verified? true, content: 2e9tmikojl6qxvoev1mvvq35o330ntqlkpjmh1q5rpnbw41qpbs
Constructed tree of numleaves: 335 max pathlength: 9
Block name: /test/data/treeTest/testDocBuffer.txt/=FD010E/=00 num 0 verified? true, content: x6bsckjoadtrpih2slrbiif2jm7f3l1w4mw5e55lp8vt7xdrds
Block name: /test/data/treeTest/testDocBuffer.txt/=FD010E/=0064 num 100 verified? true, content: 322f3t524rb7r0mmaj6i0ig8ag2a6xeuvduvh164u9cjlwhwkmp
Block name: /test/data/treeTest/testDocBuffer.txt/=FD010E/=00C8 num 200 verified? true, content: rfn5ci6c8pncr94140vjk91sule6rbu43x89bf1o18upxo9kfd
Block name: /test/data/treeTest/testDocBuffer.txt/=FD010E/=00012C num 300 verified? true, content: 1vegm5cuxcott8cjodhlirgdac60hiuracp77cmv2buvxm20wce
Constructed tree of numleaves: 336 max pathlength: 9
Block name: /test/data/treeTest/testDocBuffer.txt/=FD02CE/=00 num 0 verified? true, content: f5af7ndpvq6ndlrs4j633wcumx8rswkf1viaqb015bdkpcweuq
Block name: /test/data/treeTest/testDocBuffer.txt/=FD02CE/=0064 num 100 verified? true, content: 2ri8e9o1rtr6imlomdvnwrlda2x2glcwbf8pumjjjr2f59sj5ui
Block name: /test/data/treeTest/testDocBuffer.txt/=FD02CE/=00C8 num 200 verified? true, content: 2cn4o2io3oiflx8digjkmk5kc1aqo0e8awljv06hjmirwprmt2l
Block name: /test/data/treeTest/testDocBuffer.txt/=FD02CE/=00012C num 300 verified? true, content: 2sc66ge9s9obll4gj02khgkhiahq8tgo4pi2stwawqq87xkgwv2
Constructed tree of numleaves: 337 max pathlength: 9
Block name: /test/data/treeTest/testDocBuffer.txt/=FD02FB/=00 num 0 verified? true, content: u1u88nfa75q1icf8anr85wr502k0gpskk20rlr5tacnfsdscbn
Block name: /test/data/treeTest/testDocBuffer.txt/=FD02FB/=0064 num 100 verified? true, content: plkcvmblc8m1n6ijnn3icacru4ck0esup6qm1i7e3tujbw5uku
Block name: /test/data/treeTest/testDocBuffer.txt/=FD02FB/=00C8 num 200 verified? true, content: 1hjr9s1t10g7kk4e6kha34mot2aga2q7pok7w3efm3wpv1r6sfu
Block name: /test/data/treeTest/testDocBuffer.txt/=FD02FB/=00012C num 300 verified? true, content: 2sjrpnvj6co12q8g76f6wr58cx1i8b5bj7rpuwviwfe5mnka8b4
Constructed tree of numleaves: 338 max pathlength: 9
Block name: /test/data/treeTest/testDocBuffer.txt/=FD037F/=00 num 0 verified? true, content: 1xggmshdlm8ldq28vb14n160pu6lrk76wglld8o6ev4hl2sm61r
Block name: /test/data/treeTest/testDocBuffer.txt/=FD037F/=0064 num 100 verified? true, content: wddaprt5ijftb6u98ubhf3p8iehm4bkpqvf2wiasmsprf6wnpx
Block name: /test/data/treeTest/testDocBuffer.txt/=FD037F/=00C8 num 200 verified? true, content: uuw5e912pxhxjexp1fe5qbx94faokadgwm04vmaiv83q2670o
Block name: /test/data/treeTest/testDocBuffer.txt/=FD037F/=00012C num 300 verified? true, content: 2t4h74h033q5widmwww1mp8wcaexnaovnpl0pcwb9s3agumb06d
Constructed tree of numleaves: 339 max pathlength: 9
Block name: /test/data/treeTest/testDocBuffer.txt/=FD017B/=00 num 0 verified? true, content: te1fkbbd0hhwgncr5fvi0rlbrlcffqxsjm8ish74o3vwl2cgnr
Block name: /test/data/treeTest/testDocBuffer.txt/=FD017B/=0064 num 100 verified? true, content: 5rvxot06jus3bbqfpld341patphkd335nramhecdtiggd84upd
Block name: /test/data/treeTest/testDocBuffer.txt/=FD017B/=00C8 num 200 verified? true, content: 15kbg5usx0olp3gj67ufkjhrkwu4645j6qr1m63awsbmfc4j30o
Block name: /test/data/treeTest/testDocBuffer.txt/=FD017B/=00012C num 300 verified? true, content: 1rrsqst86b36195bkhip5jbg4msedxmm3h2218fhlrxvwbp6nsa
Constructed tree of numleaves: 340 max pathlength: 9
Block name: /test/data/treeTest/testDocBuffer.txt/=FD01C0/=00 num 0 verified? true, content: 31qx886vm00kkhtlcofn5jel8gu2k14whgnqoisgdfwv1q4bqu
Block name: /test/data/treeTest/testDocBuffer.txt/=FD01C0/=0064 num 100 verified? true, content: 2l8im9p4w5g6atgkeacr21r8gq3x49bl5g7oqf6vtiq4qrr1wg1
Block name: /test/data/treeTest/testDocBuffer.txt/=FD01C0/=00C8 num 200 verified? true, content: 2pw0srn0xmr32xbgrirhujuxfg20jher897nv8gm32v7l7e672v
Block name: /test/data/treeTest/testDocBuffer.txt/=FD01C0/=00012C num 300 verified? true, content: 1c7olq7bpa2ujnte2bxu77wwprk6dkxiwrcam6q2vdtohh66n25
Constructed tree of numleaves: 341 max pathlength: 9
Block name: /test/data/treeTest/testDocBuffer.txt/=FD011A/=00 num 0 verified? true, content: g73fq9xsgqfft37tw66i1mlcwfb22nhhtrirlikwofgvdoemuj
Block name: /test/data/treeTest/testDocBuffer.txt/=FD011A/=0064 num 100 verified? true, content: 2oo6x1mh2qqmv5u8dqxr6usbglxk2vt7jotud76gk7wx886quh1
Block name: /test/data/treeTest/testDocBuffer.txt/=FD011A/=00C8 num 200 verified? true, content: g9rnl007lntr5iw32vwie6s0bsi4g30a30aoebmhkro75x17wb
Block name: /test/data/treeTest/testDocBuffer.txt/=FD011A/=00012C num 300 verified? true, content: 16ucseteg6uklvm0g6asdkic1m6lck05i7edxok0igh8jb29g76
Constructed tree of numleaves: 342 max pathlength: 9
Block name: /test/data/treeTest/testDocBuffer.txt/=FD02B9/=00 num 0 verified? true, content: 1fpulnfesuldg6b3ifqo9ia80mlswt2rbor89bauxgiks6w4ri8
Block name: /test/data/treeTest/testDocBuffer.txt/=FD02B9/=0064 num 100 verified? true, content: so750fjut0wtuqikfteutqhvhkk86okn0rxhfl96h4cj5ex5o4
Block name: /test/data/treeTest/testDocBuffer.txt/=FD02B9/=00C8 num 200 verified? true, content: 2g7sxgorh1nchcv0uqrdw6bixfotj2mqb0feq3qepepil3n637e
Block name: /test/data/treeTest/testDocBuffer.txt/=FD02B9/=00012C num 300 verified? true, content: mae1q4cc342t3ksv1ju13bx3te61gb712strldm718os0jiacn
Constructed tree of numleaves: 343 max pathlength: 9
Block name: /test/data/treeTest/testDocBuffer.txt/=FD01E4/=00 num 0 verified? true, content: 29qnkl959ajvnq91q1b88jkxdjdjlbqpaqpnam978c688kk3r06
Block name: /test/data/treeTest/testDocBuffer.txt/=FD01E4/=0064 num 100 verified? true, content: 19bwj3e9ruequw34hiqisplt2l2niq4i6s30pe0jskw3wip647k
Block name: /test/data/treeTest/testDocBuffer.txt/=FD01E4/=00C8 num 200 verified? true, content: 1x5iv4a769n8v64r1dkhfpjfv5xaxg50m0553jganmwikg7plgd
Block name: /test/data/treeTest/testDocBuffer.txt/=FD01E4/=00012C num 300 verified? true, content: 31nre9ku9x5eos4u7uaoondcq74hrdcvt0wjnkt8l0orxustwox
Constructed tree of numleaves: 344 max pathlength: 9
Block name: /test/data/treeTest/testDocBuffer.txt/=FD015E/=00 num 0 verified? true, content: 2g8m7ao6bh6c6d608ox2noqo5q77h19b5f491pj719wtx5sl9sx
Block name: /test/data/treeTest/testDocBuffer.txt/=FD015E/=0064 num 100 verified? true, content: 1to13xv5r1lvm1c17doqkv1a37ptdjaxad903ismt2nwknv2how
Block name: /test/data/treeTest/testDocBuffer.txt/=FD015E/=00C8 num 200 verified? true, content: tsj29v47xhscrs0dwmh6m7bodekvba93ssxopq5oqq01q8x9t
Block name: /test/data/treeTest/testDocBuffer.txt/=FD015E/=00012C num 300 verified? true, content: 2c30upa0w8pmlb7q1jvksb8xk32gmprdp6wimcftoibn6obqnw6
Constructed tree of numleaves: 345 max pathlength: 9
Block name: /test/data/treeTest/testDocBuffer.txt/=FD71/=00 num 0 verified? true, content: 19bpf9mseji843st97k0qljmqjrkainvt4s3htckfm2bfhfjit8
Block name: /test/data/treeTest/testDocBuffer.txt/=FD71/=0064 num 100 verified? true, content: d0d8p10m9qmucxjgf45ru5vnqqfia9960q4gvs9ao2k4226ja3
Block name: /test/data/treeTest/testDocBuffer.txt/=FD71/=00C8 num 200 verified? true, content: 2fd18tvq483b9hs8hsgtceohfhc7l2hl281873m0u61xmdb81oj
Block name: /test/data/treeTest/testDocBuffer.txt/=FD71/=00012C num 300 verified? true, content: hx1v5qe4blklkad1gpmjfkmlm51jrtbc1kghil0cjetlf7ap3c
Constructed tree of numleaves: 346 max pathlength: 9
Block name: /test/data/treeTest/testDocBuffer.txt/=FD95/=00 num 0 verified? true, content: 295oxuc90wkxrk6gmmuadl1ho244sd35rgu1b0h51tjn6ihm2eu
Block name: /test/data/treeTest/testDocBuffer.txt/=FD95/=0064 num 100 verified? true, content: 2n5lb2wdonal2uao6d5agiwne2xiefncrvkhg6j9b4k1bjbrlsu
Block name: /test/data/treeTest/testDocBuffer.txt/=FD95/=00C8 num 200 verified? true, content: 31x2p2rgotkkc8cx62u2t0av7hgt6fpgc6wtt4uwtn410uv6qjh
Block name: /test/data/treeTest/testDocBuffer.txt/=FD95/=00012C num 300 verified? true, content: 22mqisghh6fox2tecg88qbl2q5xtcvbael39q3uou73l4pr4we4
Constructed tree of numleaves: 347 max pathlength: 9
Block name: /test/data/treeTest/testDocBuffer.txt/=FDFA/=00 num 0 verified? true, content: 9ot8asldt8fmedut4qhhtrj05mkhai2664g4d2k9ujv1ue314a
Block name: /test/data/treeTest/testDocBuffer.txt/=FDFA/=0064 num 100 verified? true, content: 2p4ix00bgxl39d3gwbxhnitnr1xr8titw73gvp09nhegem7sqxk
Block name: /test/data/treeTest/testDocBuffer.txt/=FDFA/=00C8 num 200 verified? true, content: 32ph2cd5tl99j2ksvrg914oabac2d5uhtl7v7r8ho31hebt9q5v
Block name: /test/data/treeTest/testDocBuffer.txt/=FDFA/=00012C num 300 verified? true, content: 26h36rgt35qlw34h1fb0haavjd81ugfq99cjnoheshcpfmdv4cw
Constructed tree of numleaves: 348 max pathlength: 9
Block name: /test/data/treeTest/testDocBuffer.txt/=FD37/=00 num 0 verified? true, content: 43elfo7u74q1x36sibfdiq9gffdkhcbkqer3jultb6dpo5e9xd
Block name: /test/data/treeTest/testDocBuffer.txt/=FD37/=0064 num 100 verified? true, content: 1ataltkwrplbq7dfl6770pmf88ivm7tdeprerllbqn1bcba0km6
Block name: /test/data/treeTest/testDocBuffer.txt/=FD37/=00C8 num 200 verified? true, content: 2en8f86n9h4ki0jwxeuqp7gfi3483p19vltx3q1o7ilbem163vn
Block name: /test/data/treeTest/testDocBuffer.txt/=FD37/=00012C num 300 verified? true, content: 28b617a9iabjlgl3fkjjlpaan5h67alk4dqsqiwwjj2uwqwdvar
Constructed tree of numleaves: 349 max pathlength: 9
Block name: /test/data/treeTest/testDocBuffer.txt/=FD0288/=00 num 0 verified? true, content: 237dp8qxenqaw3mornn4tpc2ulq3tup04atim4vek5oai2kpsj9
Block name: /test/data/treeTest/testDocBuffer.txt/=FD0288/=0064 num 100 verified? true, content: 20o1omlnlvg3bfmkf6nskd08d9lu9bsbf7u1ep38woqb2335a9l
Block name: /test/data/treeTest/testDocBuffer.txt/=FD0288/=00C8 num 200 verified? true, content: 4l0s8k2hhxfi36cbkt5kti008hqntvu772tsf03kbhph6o59ir
Block name: /test/data/treeTest/testDocBuffer.txt/=FD0288/=00012C num 300 verified? true, content: 2vg4ltu0x4n3bmjmrar4lbqog3fa93ec7ka1vvoiahjhbd4l7fe
Constructed tree of numleaves: 350 max pathlength: 9
Block name: /test/data/treeTest/testDocBuffer.txt/=FD0281/=00 num 0 verified? true, content: 1i3nrj1rm8a0h6mhh974cig5r2wbojm4cmf4ll4hou08s5u2i3i
Block name: /test/data/treeTest/testDocBuffer.txt/=FD0281/=0064 num 100 verified? true, content: 8805t55jl3wil68gaajv93s5k1ljotfafr03vms2o1wj14twas
Block name: /test/data/treeTest/testDocBuffer.txt/=FD0281/=00C8 num 200 verified? true, content: 2kibvisf9gcjarp49so4xv7rrfltwptwwufigkrdsx2xjokmsga
Block name: /test/data/treeTest/testDocBuffer.txt/=FD0281/=00012C num 300 verified? true, content: eo7igqelwf52b131ikgn0o70541t00u8f6drp358ke4gbog1n3
Constructed tree of numleaves: 351 max pathlength: 9
Block name: /test/data/treeTest/testDocBuffer.txt/=FD0385/=00 num 0 verified? true, content: 1gjgdmjoop5f70lp3ojr62r4elbqb8ajqidpho14n9bt0kignkf
Block name: /test/data/treeTest/testDocBuffer.txt/=FD0385/=0064 num 100 verified? true, content: 1knrq95g762h5dkiv2loranu382vpcb4beb6onmigm0x6llrpn3
Block name: /test/data/treeTest/testDocBuffer.txt/=FD0385/=00C8 num 200 verified? true, content: ir0xo443ii5nfg4496n55akqtf3qv3coqlrg35keidnllrj75b
Block name: /test/data/treeTest/testDocBuffer.txt/=FD0385/=00012C num 300 verified? true, content: 2t99mao8o38ni5l68b8w3l1ixw16a9n988f2ghb6n0j4jxp3xi8
Constructed tree of numleaves: 352 max pathlength: 9
Block name: /test/data/treeTest/testDocBuffer.txt/=FD02EB/=00 num 0 verified? true, content: 2v6qe7o4k1mttthrijit66tqfrvkcxvw7xxcna0gcm7l54hv25u
Block name: /test/data/treeTest/testDocBuffer.txt/=FD02EB/=0064 num 100 verified? true, content: 28458q2pxkemjr6t7al1b4qfk0lr04tdsbxkagbe1jct8j5xu08
Block name: /test/data/treeTest/testDocBuffer.txt/=FD02EB/=00C8 num 200 verified? true, content: 2hbebqh4lf9a8owvmw4xnr9od4xa0a39kq9eri4xp32wwxagv5u
Block name: /test/data/treeTest/testDocBuffer.txt/=FD02EB/=00012C num 300 verified? true, content: ep1f6tnxsp4thlkbnric5ixmcsjo4x4iuxrrh56joahcct0l1k
Constructed tree of numleaves: 353 max pathlength: 9
Block name: /test/data/treeTest/testDocBuffer.txt/=FD012E/=00 num 0 verified? true, content: xwmqdsb1cxmq0mqu7im2mdka3rgwfxw3wbxlilooexs7okgv51
Block name: /test/data/treeTest/testDocBuffer.txt/=FD012E/=0064 num 100 verified? true, content: 109tj9gdxqiaqfu2wtj2bl3qq7kir0pw68b9d7h4xh9rwgapp0w
Block name: /test/data/treeTest/testDocBuffer.txt/=FD012E/=00C8 num 200 verified? true, content: 29a6pj718r969sivkeoe7njar2n399v4l0003po011lu2f4b076
Block name: /test/data/treeTest/testDocBuffer.txt/=FD012E/=00012C num 300 verified? true, content: 2f466023195l6is75q571x0ivh9vi8xawiw5evpxgq3jw9fna8q
Constructed tree of numleaves: 354 max pathlength: 9
Block name: /test/data/treeTest/testDocBuffer.txt/=FD02F9/=00 num 0 verified? true, content: 2mu8wvlhod4f29w1ew0tvugrto2ubhoab4khmp0ng6mgq9c0925
Block name: /test/data/treeTest/testDocBuffer.txt/=FD02F9/=0064 num 100 verified? true, content: 18g44a584c8owe0i24t1xw6kl94pf7xs3k1ncodxfd20780msdb
Block name: /test/data/treeTest/testDocBuffer.txt/=FD02F9/=00C8 num 200 verified? true, content: 1qqi8ho19wr5rh4wlkic2nepm2mgfldmugfcnq86ree3lrd5e13
Block name: /test/data/treeTest/testDocBuffer.txt/=FD02F9/=00012C num 300 verified? true, content: 1cm7s0g5p4lbg1lld233hqs3w9nxq5kt1k5t32a7ubk044gf5pk
Constructed tree of numleaves: 355 max pathlength: 9
Block name: /test/data/treeTest/testDocBuffer.txt/=FDB2/=00 num 0 verified? true, content: 2g6rbxjup4bghi0ihgcm7w0lft025phw5e2kkmorqc30wtwgtgk
Block name: /test/data/treeTest/testDocBuffer.txt/=FDB2/=0064 num 100 verified? true, content: wvnrmge5e31i93k3fihidippovrfrfspowqugwhvix9wo3q22u
Block name: /test/data/treeTest/testDocBuffer.txt/=FDB2/=00C8 num 200 verified? true, content: 190gacdwlt50o079leepe2t1c44egea1hspk8eiloik3md7x183
Block name: /test/data/treeTest/testDocBuffer.txt/=FDB2/=00012C num 300 verified? true, content: emt29qwbrj1errxrusg064htj07vol3e5g65wb9ud5vhqg7r19
Constructed tree of numleaves: 356 max pathlength: 9
Block name: /test/data/treeTest/testDocBuffer.txt/=FD031E/=00 num 0 verified? true, content: 18gg17wk534gwnqf1qxtqbqlp0xbc9d4vhgc02cx85qc1wugh69
Block name: /test/data/treeTest/testDocBuffer.txt/=FD031E/=0064 num 100 verified? true, content: 1t66rhe86lj4vq9teob1wvs9etv90m4l8k3d4jl0p7s696uq2nv
Block name: /test/data/treeTest/testDocBuffer.txt/=FD031E/=00C8 num 200 verified? true, content: 2ff09im1jlnu3jv1p2qb874x4nf5hocxbgj9qsesdde3a4j3ifb
Block name: /test/data/treeTest/testDocBuffer.txt/=FD031E/=00012C num 300 verified? true, content: 2ldfp2j1bt8p99awaisqxlc0uijjuqo4hdc6bt7dw83iolwh950
Constructed tree of numleaves: 357 max pathlength: 9
Block name: /test/data/treeTest/testDocBuffer.txt/=FD014A/=00 num 0 verified? true, content: 18k31f6mi1xhn9b8sw44pr128r5qeucin2boefaxxaq4oouhha1
Block name: /test/data/treeTest/testDocBuffer.txt/=FD014A/=0064 num 100 verified? true, content: 2hgrs9u806uo10srtvtm5sc7206i7axiowvdonl3xlox1dhshw1
Block name: /test/data/treeTest/testDocBuffer.txt/=FD014A/=00C8 num 200 verified? true, content: vr2l8bi52wbcek3qe2r73xewlebj6oe91d2kdi60tspv6rd7r
Block name: /test/data/treeTest/testDocBuffer.txt/=FD014A/=00012C num 300 verified? true, content: 2j4q2x0eq1ar3rhsfn50xiqcgvmhmxj84op8hpx73rm91vhcfv
Constructed tree of numleaves: 358 max pathlength: 9
Block name: /test/data/treeTest/testDocBuffer.txt/=FD24/=00 num 0 verified? true, content: 1vn4mpjjl93qn0k1r38f2m45kc4gr5pt61p730431vc6g73mnkq
Block name: /test/data/treeTest/testDocBuffer.txt/=FD24/=0064 num 100 verified? true, content: fn462348dar7rvda262c9sptxvo61lfistf7kfmwkhcrjwtts2
Block name: /test/data/treeTest/testDocBuffer.txt/=FD24/=00C8 num 200 verified? true, content: 174ije31otptqmtui5uv3nle2s6pahw0ppogadq8rmumeqm19xj
Block name: /test/data/treeTest/testDocBuffer.txt/=FD24/=00012C num 300 verified? true, content: 1itgu7v18h6g8tihks0cafta9pr11gvadior6dd6rtbm8sq9uhl
Constructed tree of numleaves: 359 max pathlength: 9
Block name: /test/data/treeTest/testDocBuffer.txt/=FD0348/=00 num 0 verified? true, content: 1rtm16wtotdvkc6j27g7u2ui6agp9cwp6m7kak04gexqwxl8vnn
Block name: /test/data/treeTest/testDocBuffer.txt/=FD0348/=0064 num 100 verified? true, content: 2tr4okav9qami3saejd1l43foo702e3dw4egng7mh56n3pikkcr
Block name: /test/data/treeTest/testDocBuffer.txt/=FD0348/=00C8 num 200 verified? true, content: 1dkp1s1a948amnvncwwkevnhfeb9mgm9250kvpul1vh9g46e0rr
Block name: /test/data/treeTest/testDocBuffer.txt/=FD0348/=00012C num 300 verified? true, content: 4l1am838slqfv215d7477v2o9jorwbxiuwf6h6skatewxqhrfi
Constructed tree of numleaves: 360 max pathlength: 9
Block name: /test/data/treeTest/testDocBuffer.txt/=FD0135/=00 num 0 verified? true, content: 1tvu6piggcd0m8s1dtnepso51lkhivu4owidga7utbd0pdar47g
Block name: /test/data/treeTest/testDocBuffer.txt/=FD0135/=0064 num 100 verified? true, content: 1sr7nlq5mt9d57xjbg3v5j8mq1r7gk1eft4i4sxd8pc0afkn2at
Block name: /test/data/treeTest/testDocBuffer.txt/=FD0135/=00C8 num 200 verified? true, content: vc3ahrkxo2k57wve96s29adslcpvcv6b2davi7cekicok0amht
Block name: /test/data/treeTest/testDocBuffer.txt/=FD0135/=00012C num 300 verified? true, content: 2be5kfwnqe8tf0hdwef08qoi3eealchux5tcqal3i7a5t1w658l
Constructed tree of numleaves: 361 max pathlength: 9
Block name: /test/data/treeTest/testDocBuffer.txt/=FDC4/=00 num 0 verified? true, content: 1fhjqkf8omhs21jus63mqd2spwtoso5dxfvqlil5eurrqawoip2
Block name: /test/data/treeTest/testDocBuffer.txt/=FDC4/=0064 num 100 verified? true, content: 2rbe4225pmbh7f7ecae9vdk9u3579ns8bnvv433mx6qd5nur4cb
Block name: /test/data/treeTest/testDocBuffer.txt/=FDC4/=00C8 num 200 verified? true, content: f6f04t6k4rolvgmjommx3x9kqij16nsllbiie0dqlg5k0d7f0e
Block name: /test/data/treeTest/testDocBuffer.txt/=FDC4/=00012C num 300 verified? true, content: 2tf8s4a4urj0vrffss9g2102pgvs31l5jmrormjhxhaw11sp810
Constructed tree of numleaves: 362 max pathlength: 9
Block name: /test/data/treeTest/testDocBuffer.txt/=FD023C/=00 num 0 verified? true, content: 2jbjxcbeeqt182j4fufcclijk6q6bprr7pq8nrxpbww3tox1c9j
Block name: /test/data/treeTest/testDocBuffer.txt/=FD023C/=0064 num 100 verified? true, content: jmiuq0uogec5thkahxm5rl66l57o4cv10ld2lolfo6dhh8uma3
Block name: /test/data/treeTest/testDocBuffer.txt/=FD023C/=00C8 num 200 verified? true, content: 113gw8la5rqfpkervp28labs94koe0r67g04w4hsuckkqq05j3k
Block name: /test/data/treeTest/testDocBuffer.txt/=FD023C/=00012C num 300 verified? true, content: xke3h6c5voevfh0fsvj7bffqdodi5w5owxkj3sheacqmc6d18d
Constructed tree of numleaves: 363 max pathlength: 9
Block name: /test/data/treeTest/testDocBuffer.txt/=FD7A/=00 num 0 verified? true, content: pu5ggvxsd70mfr737fe034wc9umvd0ir6hdwrwpnv7gmkbrwkk
Block name: /test/data/treeTest/testDocBuffer.txt/=FD7A/=0064 num 100 verified? true, content: svpec85ddr0ecwjm3j9u5tx74qr3g56wjljejogwun92wp9bp
Block name: /test/data/treeTest/testDocBuffer.txt/=FD7A/=00C8 num 200 verified? true, content: jmneo6j2aecrg025bxfx61nkfmq4vso0ul0btj4b2mgiv2pmfk
Block name: /test/data/treeTest/testDocBuffer.txt/=FD7A/=00012C num 300 verified? true, content: 1wouh1kbpa0lj07d0jljmfmofbff495a1ow0u7lt46aidlf8e6k
Constructed tree of numleaves: 364 max pathlength: 9
Block name: /test/data/treeTest/testDocBuffer.txt/=FD01AB/=00 num 0 verified? true, content: tsef71r307m9jxsuv8jfnjx2j9c09t4rv90bcw99wqhcme4c95
Block name: /test/data/treeTest/testDocBuffer.txt/=FD01AB/=0064 num 100 verified? true, content: h4pk6gs97iqlos4qxu8ox7nfpjp0tumjusv74m5fgh5jora4e2
Block name: /test/data/treeTest/testDocBuffer.txt/=FD01AB/=00C8 num 200 verified? true, content: jb2esp5tm6ecwucxqh3g1bod2gnqes7ek3ucsttxi0whbnf6hs
Block name: /test/data/treeTest/testDocBuffer.txt/=FD01AB/=00012C num 300 verified? true, content: 26bet11q1bnkqs0oapxmx4re3tw1l3u3kmpnkw7g9hpxsxr7h34
Constructed tree of numleaves: 365 max pathlength: 9
Block name: /test/data/treeTest/testDocBuffer.txt/=FD03C8/=00 num 0 verified? true, content: 28m5pas8tiimghp66tlwunai2q13iftoqg49pwr8so4j43fn0at
Block name: /test/data/treeTest/testDocBuffer.txt/=FD03C8/=0064 num 100 verified? true, content: 27lx5rhxemn3vnoku2labep6h3faubjmiimv8r7rctsgaa4px4v
Block name: /test/data/treeTest/testDocBuffer.txt/=FD03C8/=00C8 num 200 verified? true, content: 2buvjktom9mki3lmsf9c1tf1rxrlqr7dietsk56fxccq268w4gp
Block name: /test/data/treeTest/testDocBuffer.txt/=FD03C8/=00012C num 300 verified? true, content: 161apr7q3efjc9w541kp2fh25un10wdulswa4k69fcenvk4p154
Constructed tree of numleaves: 366 max pathlength: 9
Block name: /test/data/treeTest/testDocBuffer.txt/=FD0268/=00 num 0 verified? true, content: 144wh01ou11c3t5l44k0tudul8pcc3sq7gvromikckn9sdx6hkf
Block name: /test/data/treeTest/testDocBuffer.txt/=FD0268/=0064 num 100 verified? true, content: 7lge19322d8ree88rod5cwkrhuqjq9ga5jq0omtphbk9suun95
Block name: /test/data/treeTest/testDocBuffer.txt/=FD0268/=00C8 num 200 verified? true, content: 15rh606xda0s4cq1ahccr57t0m6itxj4pg46xumu0bmct87q7fr
Block name: /test/data/treeTest/testDocBuffer.txt/=FD0268/=00012C num 300 verified? true, content: 2nml7lc0apb7aixbsqwkck9ixq19jbxv2d1gefj5pkq845jjn6e
Constructed tree of numleaves: 367 max pathlength: 9
Block name: /test/data/treeTest/testDocBuffer.txt/=FD014F/=00 num 0 verified? true, content: l1jgxdf0x3bj2hofppxq3firt9v5pigapk3opn9ecto841liho
Block name: /test/data/treeTest/testDocBuffer.txt/=FD014F/=0064 num 100 verified? true, content: 3r69baxxntc6iv349x37ugu2ksc7to2bn084661ms2m1dh0w72
Block name: /test/data/treeTest/testDocBuffer.txt/=FD014F/=00C8 num 200 verified? true, content: 1ghc2tfcrv7ua7o667ijvlhlj3fv32e2ga0bfq7btxjboirsu5m
Block name: /test/data/treeTest/testDocBuffer.txt/=FD014F/=00012C num 300 verified? true, content: wkxnljnpkie4hx0mtm314mg9a03jnirplikrn5242sa031fx9p
Constructed tree of numleaves: 368 max pathlength: 9
Block name: /test/data/treeTest/testDocBuffer.txt/=FD57/=00 num 0 verified? true, content: 2u2jkm4wfgj4lmwkxnfeggh5is7eu5i0uwwmdcqh8btowmdcxkx
Block name: /test/data/treeTest/testDocBuffer.txt/=FD57/=0064 num 100 verified? true, content: 29x76o7nculflthaa5g554ndowx4f8rcxat66n40vdn6hxrwxbj
Block name: /test/data/treeTest/testDocBuffer.txt/=FD57/=00C8 num 200 verified? true, content: 851j43e5m1df79brq4fkmjf2bq6buisdnwivv7w5h892q4ep71
Block name: /test/data/treeTest/testDocBuffer.txt/=FD57/=00012C num 300 verified? true, content: 2g7eh7ik667j45km6mwpv3x2vkrxpt3652of1cki57igi6rf59
Constructed tree of numleaves: 369 max pathlength: 9
Block name: /test/data/treeTest/testDocBuffer.txt/=FD03BB/=00 num 0 verified? true, content: dqattdswt1jh0d3m1eehiobk9rx1ikd2cfwhan83k0kpq5sppp
Block name: /test/data/treeTest/testDocBuffer.txt/=FD03BB/=0064 num 100 verified? true, content: 22ktbels90axp9ooi2ua0l9gcsdd7pvp4vrnr1sr4qktda7ofk5
Block name: /test/data/treeTest/testDocBuffer.txt/=FD03BB/=00C8 num 200 verified? true, content: 1675bgs7u5nxoqc3u5eba2w5monlnr6iot2el67atokqmlat5g0
Block name: /test/data/treeTest/testDocBuffer.txt/=FD03BB/=00012C num 300 verified? true, content: eq17d78pvxouvjptjke02hj42wto308cbv4guhpxtlek08qnau
Constructed tree of numleaves: 370 max pathlength: 9
Block name: /test/data/treeTest/testDocBuffer.txt/=FD0147/=00 num 0 verified? true, content: hgxmo1onvqhtuv3nck0vvvhmrgfwm5a4imkp1n59wlgj4fw9ms
Block name: /test/data/treeTest/testDocBuffer.txt/=FD0147/=0064 num 100 verified? true, content: 1jcai46ol44bim00i6a2iuh8e1cs73ss0qlp5vt8xwc8kmps085
Block name: /test/data/treeTest/testDocBuffer.txt/=FD0147/=00C8 num 200 verified? true, content: 2lgd93rh82t3p5c8ftl0v8o46tfhh1180exnnun30x6jjhbht9j
Block name: /test/data/treeTest/testDocBuffer.txt/=FD0147/=00012C num 300 verified? true, content: 308ihe5bjrrv9ft5802jesa6rg19d6indb5q2d1nsjl689x91ft
Constructed tree of numleaves: 371 max pathlength: 9
Block name: /test/data/treeTest/testDocBuffer.txt/=FD03C4/=00 num 0 verified? true, content: 15hn0ias3tp6u6c30a0c18qukj0b7ma253e1ulkaok9r658i5qd
Block name: /test/data/treeTest/testDocBuffer.txt/=FD03C4/=0064 num 100 verified? true, content: 2n5k8mw4xlre2lvten7unbo5ex0ldhv9g37b92583rejphel771
Block name: /test/data/treeTest/testDocBuffer.txt/=FD03C4/=00C8 num 200 verified? true, content: e3lg1xsm90gdbtbcp6dxbdfbb63jwtpeujuxssbseo0wgmptip
Block name: /test/data/treeTest/testDocBuffer.txt/=FD03C4/=00012C num 300 verified? true, content: 20a45gk38ijqrgrspx0wlehu126j30a3okaafiqkodn5cowqk2h
Constructed tree of numleaves: 372 max pathlength: 9
Block name: /test/data/treeTest/testDocBuffer.txt/=FD02D5/=00 num 0 verified? true, content: 1cveerjwvpa751v9ems7owkq4n9gbt9nek4quowu6ldrex5krb7
Block name: /test/data/treeTest/testDocBuffer.txt/=FD02D5/=0064 num 100 verified? true, content: pa65m57ii51s3lndr8o9jr9sxgkt4stvxghgvj3hv5qh2qdwok
Block name: /test/data/treeTest/testDocBuffer.txt/=FD02D5/=00C8 num 200 verified? true, content: isiwk76ah4t8lnussl8l9wi1o2nx70nbwvrjqtd18eqovrmpcp
Block name: /test/data/treeTest/testDocBuffer.txt/=FD02D5/=00012C num 300 verified? true, content: 13nfli7p0r6cfeck71v55pwwdmb2t7jfwqompqt612wadgri4ao
Constructed tree of numleaves: 373 max pathlength: 9
Block name: /test/data/treeTest/testDocBuffer.txt/=FD01FF/=00 num 0 verified? true, content: 121o5kq2ta1k4vwwjdtrt2d7ufhwcc899n9bp38ihs7c50lijo3
Block name: /test/data/treeTest/testDocBuffer.txt/=FD01FF/=0064 num 100 verified? true, content: 24774s4fe1ts6u3l1qv721kq7aqag3wjoopwd4iithxcvsj8vt6
Block name: /test/data/treeTest/testDocBuffer.txt/=FD01FF/=00C8 num 200 verified? true, content: 25jcujj5t9gb9m104pmix5xdseijlegbw108gex6wfiq32g860x
Block name: /test/data/treeTest/testDocBuffer.txt/=FD01FF/=00012C num 300 verified? true, content: 23j0kqp9s5kt1b3wfp04be5casf2dh67d4ph0g1sbhefdk905ve
Constructed tree of numleaves: 374 max pathlength: 9
Block name: /test/data/treeTest/testDocBuffer.txt/=FD0264/=00 num 0 verified? true, content: f92l6q7ldge0moaw6kkahsk0wehskowfm4p6bwha29prd1d46j
Block name: /test/data/treeTest/testDocBuffer.txt/=FD0264/=0064 num 100 verified? true, content: 22rwv3r59o7v3fcr9j2q6mhj1m6wquuu5k0ctbekbem868pqxa2
Block name: /test/data/treeTest/testDocBuffer.txt/=FD0264/=00C8 num 200 verified? true, content: 1wmw6nk3u6dfsl45n87v23hunhoxciqgw8evsg83xncir4f915h
Block name: /test/data/treeTest/testDocBuffer.txt/=FD0264/=00012C num 300 verified? true, content: 1it87wgqd23ibe5q5wg6xbev9r34529fq2cg6mxfg3bjx8tb0
Constructed tree of numleaves: 375 max pathlength: 9
Block name: /test/data/treeTest/testDocBuffer.txt/=FD13/=00 num 0 verified? true, content: 1sk89wa7jvl441a5f460bl9ghhrcjxg1vd6dmpl7vrrvfqoapq0
Block name: /test/data/treeTest/testDocBuffer.txt/=FD13/=0064 num 100 verified? true, content: q03w140cakfjla16681i6l2sxwc0abm8xb530fi6qu9n05se0i
Block name: /test/data/treeTest/testDocBuffer.txt/=FD13/=00C8 num 200 verified? true, content: 2i10ue6665mks148jj83eo6rn38l6jtm86uoboghlwp7b7fan6a
Block name: /test/data/treeTest/testDocBuffer.txt/=FD13/=00012C num 300 verified? true, content: w72jjr2bwuj3j2d8jaf0juev3t8kb9dwb3gs0alc1q5i5ik14b
Constructed tree of numleaves: 376 max pathlength: 9
Block name: /test/data/treeTest/testDocBuffer.txt/=FD0256/=00 num 0 verified? true, content: 2qm6fol85mf8jf9e39a6cgxmvitxwf7497sk7th7ruw1uvw5pnc
Block name: /test/data/treeTest/testDocBuffer.txt/=FD0256/=0064 num 100 verified? true, content: 14r2ljx2eg5ruaoeamfsma92eft39usesmxgbxe3b9bjn1rk442
Block name: /test/data/treeTest/testDocBuffer.txt/=FD0256/=00C8 num 200 verified? true, content: 1v7ekcpaih1qlsf1wu34e93cfgpkoisleamms9u2v4vot0kgsid
Block name: /test/data/treeTest/testDocBuffer.txt/=FD0256/=00012C num 300 verified? true, content: 2xmkx2vqr3q4kievwtmj7gwfk7m4mlpqx1xsor1mso6ak2f3dif
Constructed tree of numleaves: 377 max pathlength: 9
Block name: /test/data/treeTest/testDocBuffer.txt/=FD0101/=00 num 0 verified? true, content: 2a7i5rn8lpcdje4sx10rhpv38v7qqu9oq9eangvx0xmf1rdme3w
Block name: /test/data/treeTest/testDocBuffer.txt/=FD0101/=0064 num 100 verified? true, content: ihua4foj14vvv4b4l4l04ap6gcmhjwvfa5bs8aa9tdicoigs7
Block name: /test/data/treeTest/testDocBuffer.txt/=FD0101/=00C8 num 200 verified? true, content: 3cvv3r0r1k8hwvt5otf8lidutmvapitkhav5n5q59c4jj8xevb
Block name: /test/data/treeTest/testDocBuffer.txt/=FD0101/=00012C num 300 verified? true, content: 1nagv2lqwxpc4j18ajcg48svlg26geke7itlc3naxn47dq9hoeb
Constructed tree of numleaves: 378 max pathlength: 9
Block name: /test/data/treeTest/testDocBuffer.txt/=FD03B9/=00 num 0 verified? true, content: 10n7pksd4c8kn7oeld3df27r49eldw8li4lvt68li96x236gmm9
Block name: /test/data/treeTest/testDocBuffer.txt/=FD03B9/=0064 num 100 verified? true, content: 1xe8n75v6l5m82j40n4tjoaxvtk22w3sfgp6fgijn6b3ob52353
Block name: /test/data/treeTest/testDocBuffer.txt/=FD03B9/=00C8 num 200 verified? true, content: 1q052fcqil9pxj103p8rftwfh7n1ce0us34h63a435u5mkta4ri
Block name: /test/data/treeTest/testDocBuffer.txt/=FD03B9/=00012C num 300 verified? true, content: adw2oqhnt4b1ook72puilrgoagvlrq3mu33exvbtgb6t43ac4
Constructed tree of numleaves: 379 max pathlength: 9
Block name: /test/data/treeTest/testDocBuffer.txt/=FD036D/=00 num 0 verified? true, content: 91wxnqqvmgl5fg2o7mq4vtg01rgth5fw0v2ueo4doivwk473b3
Block name: /test/data/treeTest/testDocBuffer.txt/=FD036D/=0064 num 100 verified? true, content: 2d5vwae6035u9a4sgrn83tgldjfec92wer1ceh4rst3xfufrc36
Block name: /test/data/treeTest/testDocBuffer.txt/=FD036D/=00C8 num 200 verified? true, content: 1she88wcxkbpjmslbrfljats6p0qxxl1fiwvcm62fjg3wwpptuf
Block name: /test/data/treeTest/testDocBuffer.txt/=FD036D/=00012C num 300 verified? true, content: 1khgcxah3t0ra84ba61wt68j056g7e2oflbximj4lm1g1vrj5ri
Constructed tree of numleaves: 380 max pathlength: 9
Block name: /test/data/treeTest/testDocBuffer.txt/=FD01C6/=00 num 0 verified? true, content: cee09b7ngrag32nvei5pn4ohl5ceua1pr85ibmujod8upxd51x
Block name: /test/data/treeTest/testDocBuffer.txt/=FD01C6/=0064 num 100 verified? true, content: 160ijsbexndinjn5xognqqrfwoqv8iej404a0kptd9tp5c63fn9
Block name: /test/data/treeTest/testDocBuffer.txt/=FD01C6/=00C8 num 200 verified? true, content: a5jrt3iecw9sui0xg945b7sk4x86o2d46hisrlnkjru52k12t0
Block name: /test/data/treeTest/testDocBuffer.txt/=FD01C6/=00012C num 300 verified? true, content: 2v48xspgnp9dggkxairc56hv36fa6exl63ltivdisk151e4aofv
Constructed tree of numleaves: 381 max pathlength: 9
Block name: /test/data/treeTest/testDocBuffer.txt/=FD035B/=00 num 0 verified? true, content: 1j0hkmei66cl8loiblt00u4ibf8n7i6k5cg9w35s76x5n7turuo
Block name: /test/data/treeTest/testDocBuffer.txt/=FD035B/=0064 num 100 verified? true, content: 6dad0lfx0dv3qbd01hoxa19no22gj9h8kpc5h67hpmva9sftlo
Block name: /test/data/treeTest/testDocBuffer.txt/=FD035B/=00C8 num 200 verified? true, content: 13t1s15aampdcllk9avhjos6pddcx73wkaphwdxdpidmawcgber
Block name: /test/data/treeTest/testDocBuffer.txt/=FD035B/=00012C num 300 verified? true, content: 1rjskqxb8p5d39xpkthq7bf3n9bvru3m156l2hdld2w7xlgweh1
Constructed tree of numleaves: 382 max pathlength: 9
Block name: /test/data/treeTest/testDocBuffer.txt/=FD02D2/=00 num 0 verified? true, content: kfn01j3lm23tuft5he1kj34sbljkvmd7u2vtrfnfn8w919vbt0
Block name: /test/data/treeTest/testDocBuffer.txt/=FD02D2/=0064 num 100 verified? true, content: 1av5rcw3jd1udbdfre2qqgmii70dleu7bvwg2h00pn0kh8ohrwm
Block name: /test/data/treeTest/testDocBuffer.txt/=FD02D2/=00C8 num 200 verified? true, content: 2ft72bs3v6l6265makesw8bgvdv23a2kk5go9p8au13a159qt61
Block name: /test/data/treeTest/testDocBuffer.txt/=FD02D2/=00012C num 300 verified? true, content: 1iuebfg30oe4eikxvt0j6aq9h0xni9fes3cag7n7hm6ea62v2lp
Constructed tree of numleaves: 383 max pathlength: 9
Block name: /test/data/treeTest/testDocBuffer.txt/=FDAA/=00 num 0 verified? true, content: 1tl01jge8qxb5hu5n00u2hp8udohfrxxuj1ow3qhc883iolc9e7
Block name: /test/data/treeTest/testDocBuffer.txt/=FDAA/=0064 num 100 verified? true, content: 99xq6f10fe5p5vcvuhrc822ncsenkle3v4f8kx9xjxl7epe7wo
Block name: /test/data/treeTest/testDocBuffer.txt/=FDAA/=00C8 num 200 verified? true, content: 5t3afeew5w46ddouu2gghnbg1pvvxsudfxnwlvto2jm0qjgr6r
Block name: /test/data/treeTest/testDocBuffer.txt/=FDAA/=00012C num 300 verified? true, content: 1w2c0e360jkxbdodqbi7g07ac2p7f0iw4u0jmjarfndi40gusog
Constructed tree of numleaves: 384 max pathlength: 9
Block name: /test/data/treeTest/testDocBuffer.txt/=FD0152/=00 num 0 verified? true, content: 2h1wcv6tr1f3j09cbjplrg371r0n1f1cm8fu8qe40330rlmtxgu
Block name: /test/data/treeTest/testDocBuffer.txt/=FD0152/=0064 num 100 verified? true, content: 1xbcj2htqu5rk2a5uwpa0lw1xkwu0jctes0if82idsxbteuxn8g
Block name: /test/data/treeTest/testDocBuffer.txt/=FD0152/=00C8 num 200 verified? true, content: 2e5en4a21xhqli01u3kmrknp0tkq2a8wvtk48w8xxl2ml80dnx9
Block name: /test/data/treeTest/testDocBuffer.txt/=FD0152/=00012C num 300 verified? true, content: 29sxpumxjcdj18pb6kp96ea3ladxepnkekwgj0r0u95iangub94
Constructed tree of numleaves: 385 max pathlength: 9
Block name: /test/data/treeTest/testDocBuffer.txt/=FD02FB/=00 num 0 verified? true, content: 25p95vj9f2sfqtu4cww1hsdede0co9se6dgpja8oo9knnupbq7a
Block name: /test/data/treeTest/testDocBuffer.txt/=FD02FB/=0064 num 100 verified? true, content: 1pa6eo2upnuxvw9t389cggnjvpfdkgmsiut725pl9fl4bol2aln
Block name: /test/data/treeTest/testDocBuffer.txt/=FD02FB/=00C8 num 200 verified? true, content: 2kfaj2hovka0b2vbo2mqrlklu6mtdvpj2wbl9hegowvwxv1lqx4
Block name: /test/data/treeTest/testDocBuffer.txt/=FD02FB/=00012C num 300 verified? true, content: 1gx6rv86atelwlnvmucaaqse05loqf62uemm61q5fsxme1inuph
Constructed tree of numleaves: 386 max pathlength: 9
Block name: /test/data/treeTest/testDocBuffer.txt/=FD03CE/=00 num 0 verified? true, content: mr4ks2jrda8ukwsjojsbonnj82k7mk29pror3kirdx58pd2op6
Block name: /test/data/treeTest/testDocBuffer.txt/=FD03CE/=0064 num 100 verified? true, content: 2hfobpu61492guanw24eucnd3lqh3x0whj8m8b012hf4umscrcd
Block name: /test/data/treeTest/testDocBuffer.txt/=FD03CE/=00C8 num 200 verified? true, content: 1otwa2bi9j06efmad1m90ifgs27v2ob87omwa0tge8mtl6lfdee
Block name: /test/data/treeTest/testDocBuffer.txt/=FD03CE/=00012C num 300 verified? true, content: dffg6deou4j2n2a538lxfml34s3lrsm0l0s52e1bkexlrvl6nw
Constructed tree of numleaves: 387 max pathlength: 9
Block name: /test/data/treeTest/testDocBuffer.txt/=FD09/=00 num 0 verified? true, content: kghnoecogq1aelabsi7qvxu1rfetx7i4q0djnktxjti8lxdxg3
Block name: /test/data/treeTest/testDocBuffer.txt/=FD09/=0064 num 100 verified? true, content: q7nbspbchv8s6fq37lba1232whvxler5t2oen3hnncpfhupg4j
Block name: /test/data/treeTest/testDocBuffer.txt/=FD09/=00C8 num 200 verified? true, content: 1ic7qgqrxvb33brw09cr8k1lvodg089fuufr2u5s51c445othon
Block name: /test/data/treeTest/testDocBuffer.txt/=FD09/=00012C num 300 verified? true, content: 2raj77efi2icrfpsle7pxvgnu351mu23pnswqhd84sotmv3p3bg
Constructed tree of numleaves: 388 max pathlength: 9
Block name: /test/data/treeTest/testDocBuffer.txt/=FD0283/=00 num 0 verified? true, content: 26kcsuwa22nlfbofub9a014jl46u4fhhko7m74fbv6wlrqhjl4x
Block name: /test/data/treeTest/testDocBuffer.txt/=FD0283/=0064 num 100 verified? true, content: 4xe9v2w4x72vhq4nl1cetwx4k9jhnmtspbh7ulwpxc7f4nfd2b
Block name: /test/data/treeTest/testDocBuffer.txt/=FD0283/=00C8 num 200 verified? true, content: 2ks95417m3q334uwrvp5ha6e7prvbxuwc2efqw05prbkxtumrd1
Block name: /test/data/treeTest/testDocBuffer.txt/=FD0283/=00012C num 300 verified? true, content: 2fvrk40w323g1i0gmix6xuldmih774r14e97tkh4p1fxqvi9crk
Constructed tree of numleaves: 389 max pathlength: 9
Block name: /test/data/treeTest/testDocBuffer.txt/=FD0273/=00 num 0 verified? true, content: jus60li3wohft0lr2gmcwq6i222tfctswj2ukk8gchgj11jj4m
Block name: /test/data/treeTest/testDocBuffer.txt/=FD0273/=0064 num 100 verified? true, content: 2q1omefwcom04hv8qs2jn1wmo7vug824q7ag8jj87dmlavnktol
Block name: /test/data/treeTest/testDocBuffer.txt/=FD0273/=00C8 num 200 verified? true, content: 23w7q43l2foet420tdnrocik9f2nj7x3xic62une4pl8j6tp548
Block name: /test/data/treeTest/testDocBuffer.txt/=FD0273/=00012C num 300 verified? true, content: 256qlo16ltk1q8gni01i9vjkdjnscjavtjdlxd50qd6jmkgq42g
Constructed tree of numleaves: 390 max pathlength: 9
Block name: /test/data/treeTest/testDocBuffer.txt/=FD0224/=00 num 0 verified? true, content: qx6rjigx5437pj7hla5h40jpur7aa8cc4if9ts1d44pe4ceo36
Block name: /test/data/treeTest/testDocBuffer.txt/=FD0224/=0064 num 100 verified? true, content: 1pwqrq4l3lsup0dc5bud4x1qft8n48oka3w9npsnbmxro0p7i4
Block name: /test/data/treeTest/testDocBuffer.txt/=FD0224/=00C8 num 200 verified? true, content: 2kan2ekwxkisua8sjv9010qho21jlnavekswqpkpjfrq9j6r4l2
Block name: /test/data/treeTest/testDocBuffer.txt/=FD0224/=00012C num 300 verified? true, content: 9ab6x2vchxao3d5bvtc7ddvrljgc5gt6t5vg2ju1g5x9dorxc9
Constructed tree of numleaves: 391 max pathlength: 9
Block name: /test/data/treeTest/testDocBuffer.txt/=FD024A/=00 num 0 verified? true, content: 12vdfw5118vq0r8m4p75740wj38qh8ib5v6vxhe5xl4p38797nv
Block name: /test/data/treeTest/testDocBuffer.txt/=FD024A/=0064 num 100 verified? true, content: rgfhnqdqtodseulp9iemt631qqdhxbc70xtwdnvlenlhovfgv7
Block name: /test/data/treeTest/testDocBuffer.txt/=FD024A/=00C8 num 200 verified? true, content: 2a5l5egomfkxv3d2nd3k48xkh3rhb37jd8q40r5ahxo6luhganh
Block name: /test/data/treeTest/testDocBuffer.txt/=FD024A/=00012C num 300 verified? true, content: 26opekc16urp05hwpbxkdgm0jglckgehiwi33vl17oqbg61fme8
Constructed tree of numleaves: 392 max pathlength: 9
Block name: /test/data/treeTest/testDocBuffer.txt/=FD0123/=00 num 0 verified? true, content: 1txum6fxoa7seo9eamwrij3iu6w9e7av3rasw1a6xdehw583jfs
Block name: /test/data/treeTest/testDocBuffer.txt/=FD0123/=0064 num 100 verified? true, content: 28rtudwhd9kvmj3dhsvd6g4gkunje1k0hejohvgon7o3htdxkr4
Block name: /test/data/treeTest/testDocBuffer.txt/=FD0123/=00C8 num 200 verified? true, content: sx8mceni0eqqf7d84f08a32e2m8qvidl0dm9jlhe0u9iniv2qs
Block name: /test/data/treeTest/testDocBuffer.txt/=FD0123/=00012C num 300 verified? true, content: i8dqhpo5iav2hgd5lun2v7agdoo3g40wo8whf4o44h1khq0ega
Constructed tree of numleaves: 393 max pathlength: 9
Block name: /test/data/treeTest/testDocBuffer.txt/=FD0392/=00 num 0 verified? true, content: 2vu1nvoub1u7xmvpxh9ntao8v0kgh6kc4p57b1xkaxpfiihqged
Block name: /test/data/treeTest/testDocBuffer.txt/=FD0392/=0064 num 100 verified? true, content: 2al819vd0ovb5xjeq7ba4dqrju1ihtmroo3s9amfnvagals0h7d
Block name: /test/data/treeTest/testDocBuffer.txt/=FD0392/=00C8 num 200 verified? true, content: 253307aoexj2np0t7r811kqs8063ji9k1hkj2n7jshxbrce9fd6
Block name: /test/data/treeTest/testDocBuffer.txt/=FD0392/=00012C num 300 verified? true, content: 22vh280arrxko9wplbxlc521gu1r9vkh7exhgt7i9n2ecl0w0vl
Constructed tree of numleaves: 394 max pathlength: 9
Block name: /test/data/treeTest/testDocBuffer.txt/=FDA8/=00 num 0 verified? true, content: 1pgs04cqgi8ronnokvpwto9rcwupotru2onrgvi32afepekivst
Block name: /test/data/treeTest/testDocBuffer.txt/=FDA8/=0064 num 100 verified? true, content: niwfh0qu6mx78jpr4ugbcdv6c7i213h385hw4wlbo021xqo567
Block name: /test/data/treeTest/testDocBuffer.txt/=FDA8/=00C8 num 200 verified? true, content: 2ommidvkx22qu3v6cbd7i0hfqg1fln440ld41kt2wwaj01djqhi
Block name: /test/data/treeTest/testDocBuffer.txt/=FDA8/=00012C num 300 verified? true, content: aqj0mfxwu35v1fvk8srggttm0txhor9e4eei72djj6lxumppe7
Constructed tree of numleaves: 395 max pathlength: 9
Block name: /test/data/treeTest/testDocBuffer.txt/=FDA0/=00 num 0 verified? true, content: 9xg4l432mntts7edabccgu1hxxx14qsavusm9rril0ivqhpdfu
Block name: /test/data/treeTest/testDocBuffer.txt/=FDA0/=0064 num 100 verified? true, content: 2qqm4g5kpcwvl9o6i0ucvouuc76a36okvfl5h9815kc80r0b85g
Block name: /test/data/treeTest/testDocBuffer.txt/=FDA0/=00C8 num 200 verified? true, content: 29hucfd1fhbqtf089pts4osh38klgk1nwd9d8lwfio9sva2hp6k
Block name: /test/data/treeTest/testDocBuffer.txt/=FDA0/=00012C num 300 verified? true, content: 10pux1dm3ilhwwbrw9h4hi3anmleqc3gwbrtrbroqj9v4cwxk5u
Constructed tree of numleaves: 396 max pathlength: 9
Block name: /test/data/treeTest/testDocBuffer.txt/=FD011A/=00 num 0 verified? true, content: 27fv39qvtxite4gqpfrqwvii0xo4tk084hewb55twr62jbhwos1
Block name: /test/data/treeTest/testDocBuffer.txt/=FD011A/=0064 num 100 verified? true, content: 32iixgex8e5xbswkm0pal9h0vd7vrvtqlwdwiknfh6bia6deb4e
Block name: /test/data/treeTest/testDocBuffer.txt/=FD011A/=00C8 num 200 verified? true, content: wlu1ffovmqifha8qe9gntgwo3562egkk23vgmjn1lcqroid2c1
Block name: /test/data/treeTest/testDocBuffer.txt/=FD011A/=00012C num 300 verified? true, content: 192skxg68jh6xwdj26tml7qjom77m3ag5jebgc0o9579xw6pms3
Constructed tree of numleaves: 397 max pathlength: 9
Block name: /test/data/treeTest/testDocBuffer.txt/=FD03D0/=00 num 0 verified? true, content: 85m7bnh2eauic27xjel5mohnbg7wkop0how3qtnrcvjxnui44u
Block name: /test/data/treeTest/testDocBuffer.txt/=FD03D0/=0064 num 100 verified? true, content: 2ttv7063colhubjjckf46crv860vvfs65spnl6cemhiucc7r9rl
Block name: /test/data/treeTest/testDocBuffer.txt/=FD03D0/=00C8 num 200 verified? true, content: 12ocqhh4t7xesaf6qmad0ed9ix3bwbuf5ete8oxhitp1wfkb28x
Block name: /test/data/treeTest/testDocBuffer.txt/=FD03D0/=00012C num 300 verified? true, content: 1w5hcss54q5g2p80ukcnw4osm53dujaau29anla5ugt7i0lcjgb
Constructed tree of numleaves: 398 max pathlength: 9
Block name: /test/data/treeTest/testDocBuffer.txt/=FD59/=00 num 0 verified? true, content: 2q8mgpkcdw8sjscd6vd77x9fkg5aewn24o6blfsiebgvt4o4qce
Block name: /test/data/treeTest/testDocBuffer.txt/=FD59/=0064 num 100 verified? true, content: udvdwun2kh2vgxqvo9roplha24xlsqlvkn0sb2ihxs318pw5ap
Block name: /test/data/treeTest/testDocBuffer.txt/=FD59/=00C8 num 200 verified? true, content: 2np6g1lkpge4668bceijgjsc25tv99a41027lxtgohirpjxu3ui
Block name: /test/data/treeTest/testDocBuffer.txt/=FD59/=00012C num 300 verified? true, content: 1qvfa02i7l57n7vp3dino6fx30sc59ucqcj510lihu7n2ciqge4
Constructed tree of numleaves: 399 max pathlength: 9
Block name: /test/data/treeTest/testDocBuffer.txt/=FD014C/=00 num 0 verified? true, content: dba2pqdcdnsfifoqkutl9ns2uodnp7ghrvwfwobi446v1o7e93
Block name: /test/data/treeTest/testDocBuffer.txt/=FD014C/=0064 num 100 verified? true, content: 31ap5xb2a5m1q8kad1swo40n9k0loac357222uu6xra60emw5vt
Block name: /test/data/treeTest/testDocBuffer.txt/=FD014C/=00C8 num 200 verified? true, content: 2k69b6lej8nvubj88loh0k2siavcx1a1tdptu0a465hge98ao0q
Block name: /test/data/treeTest/testDocBuffer.txt/=FD014C/=00012C num 300 verified? true, content: 1pknoqiggl78rdfhquvio9ohbcr44lwsa13hg9uqe44xq44ags7
Constructed tree of numleaves: 400 max pathlength: 9
Block name: /test/data/treeTest/testDocBuffer.txt/=FD02EC/=00 num 0 verified? true, content: n0kc0w9fhlbewigc28fcauk4rjtcwfknu736b49bb46309a78x
Block name: /test/data/treeTest/testDocBuffer.txt/=FD02EC/=0064 num 100 verified? true, content: 31u2hsj6bgp8f6ecdg96um24mlf6w9w2a6cvxmsfhb62oa803sw
Block name: /test/data/treeTest/testDocBuffer.txt/=FD02EC/=00C8 num 200 verified? true, content: 31x2dfjkqq8garimobucashefrbsr5k234lxllsbcallm2bxflm
Block name: /test/data/treeTest/testDocBuffer.txt/=FD02EC/=00012C num 300 verified? true, content: 1cwac9t6we09wcdjuk5pkq74vftdpavo6d8twuw8b55iburwq3e
Constructed tree of numleaves: 401 max pathlength: 9
Block name: /test/data/treeTest/testDocBuffer.txt/=FD60/=00 num 0 verified? true, content: oclx9anhxsrtu8bpf7sdd9bw0aai7d69i6iel019x1caks4i8e
Block name: /test/data/treeTest/testDocBuffer.txt/=FD60/=0064 num 100 verified? true, content: dl22jo4ogohjtmjq5fcllwtraxesk8ep9mexuhq606iaa4ed0x
Block name: /test/data/treeTest/testDocBuffer.txt/=FD60/=00C8 num 200 verified? true, content: 1bkqjv4o7t3j6t5qpp97cmu8ks3kxf7x2pf0rr6wagc83idinu7
Block name: /test/data/treeTest/testDocBuffer.txt/=FD60/=00012C num 300 verified? true, content: gufqal5k54bi73kvv7ea4q5lgtd3fx8qw2s4ducpiqm81jfj
Constructed tree of numleaves: 402 max pathlength: 9
Block name: /test/data/treeTest/testDocBuffer.txt/=FD0139/=00 num 0 verified? true, content: 13pmp9wgelcgpxq11o0xi50p0nnfpxxhqvsphoarvwis243aad5
Block name: /test/data/treeTest/testDocBuffer.txt/=FD0139/=0064 num 100 verified? true, content: 2r4komvptdbo2xxu8rrm40c1qg59cx9g2cs6eo3joacfivf49r8
Block name: /test/data/treeTest/testDocBuffer.txt/=FD0139/=00C8 num 200 verified? true, content: 1vonx234wqbm345hdel782giqxvn94qh6pcwcj2di1nmlc9ekr6
Block name: /test/data/treeTest/testDocBuffer.txt/=FD0139/=00012C num 300 verified? true, content: 2x5jkhfudxhc5a910j1d17gg9wmki3665biqjkrk372j2jk5hmd
Block name: /test/data/treeTest/testDocBuffer.txt/=FD0139/=000190 num 400 verified? true, content: 173he7rplducie5mle4irbogcn4etrv6g3fr9id1jbamla8hsi5
Constructed tree of numleaves: 403 max pathlength: 9
Block name: /test/data/treeTest/testDocBuffer.txt/=FD01DC/=00 num 0 verified? true, content: 22vtq8vw3d7vg4381aoasfaoho2r3h389k2hvtw1mo34hwus0rc
Block name: /test/data/treeTest/testDocBuffer.txt/=FD01DC/=0064 num 100 verified? true, content: 2i07jq2gmm0w69tnoi4l6smxgiu9w3kvxkbpq51nodxd3m1qafd
Block name: /test/data/treeTest/testDocBuffer.txt/=FD01DC/=00C8 num 200 verified? true, content: ro77fnscwbxad64ea3k4sdj1aqf3qm9mt8b8cw9sxlxgct4t2g
Block name: /test/data/treeTest/testDocBuffer.txt/=FD01DC/=00012C num 300 verified? true, content: 17usicl60tjeaoaxefisprbgbe1wd4uet014ldgt17a8idw8t01
Block name: /test/data/treeTest/testDocBuffer.txt/=FD01DC/=000190 num 400 verified? true, content: 1rlki7n9fwxjotjeua92naw95dpobr537f03lvaiq0vkkd4l7k2
Constructed tree of numleaves: 404 max pathlength: 9
Block name: /test/data/treeTest/testDocBuffer.txt/=FD0299/=00 num 0 verified? true, content: bfp2r4pvelbuoj7qi9kt1rndfjofvnn3wqsu1hs7nccss0hhh5
Block name: /test/data/treeTest/testDocBuffer.txt/=FD0299/=0064 num 100 verified? true, content: 2uk324jrohep091f9gd6p13wch8ip2paob83ptb5c3845jb8x06
Block name: /test/data/treeTest/testDocBuffer.txt/=FD0299/=00C8 num 200 verified? true, content: 1tf62il6juov08kxsobjeaws0c7ohnxv2kqk80nqd3gxhi4f2pa
Block name: /test/data/treeTest/testDocBuffer.txt/=FD0299/=00012C num 300 verified? true, content: 139xhmwrwg44eadrk1ofx70qg1pbomgwrl6sqpmtiao5g92c66q
Block name: /test/data/treeTest/testDocBuffer.txt/=FD0299/=000190 num 400 verified? true, content: 2u4o78jvi561bm0wjcc072p313inpq7ir51u2md5k1vtw4elf0b
Constructed tree of numleaves: 405 max pathlength: 9
Block name: /test/data/treeTest/testDocBuffer.txt/=FD67/=00 num 0 verified? true, content: 2iktiu3gbo52cs4n5j079re3sn9gtdkixewmp6ewpxim3iug764
Block name: /test/data/treeTest/testDocBuffer.txt/=FD67/=0064 num 100 verified? true, content: 1mpeaxcuhq3m2rd070xoghw0unxahdjr5a8xhpenl9hwep9d2je
Block name: /test/data/treeTest/testDocBuffer.txt/=FD67/=00C8 num 200 verified? true, content: 2ljjru3nugel77vk8n2c3s8hob2efi2wf8kp1l28jpdq5hkq7x8
Block name: /test/data/treeTest/testDocBuffer.txt/=FD67/=00012C num 300 verified? true, content: 28m378ttjoe8vnkuw47b9a9a3mkhf9sf5xi153ma5eevhwrkiph
Block name: /test/data/treeTest/testDocBuffer.txt/=FD67/=000190 num 400 verified? true, content: 30c04sxi1wdvhwuxg9jmw9954hjg8jfad51je1bnq33hg1tgl13
Constructed tree of numleaves: 406 max pathlength: 9
Block name: /test/data/treeTest/testDocBuffer.txt/=FD0308/=00 num 0 verified? true, content: 2gftn3wda3wo549tbq6k5mhv3r0e8enok6jkc63ch3vqdljlm1j
Block name: /test/data/treeTest/testDocBuffer.txt/=FD0308/=0064 num 100 verified? true, content: ew7jmv1h7lrgpwadr0qlttoqr9avnf7x3sssj506dxmikjcrgf
Block name: /test/data/treeTest/testDocBuffer.txt/=FD0308/=00C8 num 200 verified? true, content: 23r4tmcis29p80pj3q075ipd4ambi1anu5po8jnk3kaih7aivb4
Block name: /test/data/treeTest/testDocBuffer.txt/=FD0308/=00012C num 300 verified? true, content: 27teffuvk359k18crw7as9v9f98505msrqefouc04we2xgv88c6
Block name: /test/data/treeTest/testDocBuffer.txt/=FD0308/=000190 num 400 verified? true, content: 2a0lxv8o8ar4aguqsubh8vwbcme7vkaloa3kfknm5ql0qchobm
Constructed tree of numleaves: 407 max pathlength: 9
Block name: /test/data/treeTest/testDocBuffer.txt/=FD015A/=00 num 0 verified? true, content: 18l48apaq2kj6mib2f22nxhg0mb4pjpuejc68brlvdkw4q5g1f8
Block name: /test/data/treeTest/testDocBuffer.txt/=FD015A/=0064 num 100 verified? true, content: 1avcagg5hljn6deds7tm617ktv444cjd0wciw453khuraqcoe7m
Block name: /test/data/treeTest/testDocBuffer.txt/=FD015A/=00C8 num 200 verified? true, content: 2awlgm8farhj8jifb80ee4r9fixgib8bdwwvomo069xjibnqjo7
Block name: /test/data/treeTest/testDocBuffer.txt/=FD015A/=00012C num 300 verified? true, content: 1fv9mi1mp9twcosgrneawerm7egt1vl2pjj35c1x7etovpqvgw5
Block name: /test/data/treeTest/testDocBuffer.txt/=FD015A/=000190 num 400 verified? true, content: 1g2moisjnd8mgt2t4stngtuxomuecotpiqqblprt430p4df79bq
Constructed tree of numleaves: 408 max pathlength: 9
Block name: /test/data/treeTest/testDocBuffer.txt/=FD42/=00 num 0 verified? true, content: 2hek66ok41inj7ufdce28s8erux8mqu8usfvvewhf3ifxigbi6a
Block name: /test/data/treeTest/testDocBuffer.txt/=FD42/=0064 num 100 verified? true, content: 2juvuw5crtde42xsdo38fij5ibgm437qxux0ahixg78xltimnm4
Block name: /test/data/treeTest/testDocBuffer.txt/=FD42/=00C8 num 200 verified? true, content: 1axoi536f9vlwffoasm81mkw8jlde6sc0pr9vwtl7rtwmm9xmvc
Block name: /test/data/treeTest/testDocBuffer.txt/=FD42/=00012C num 300 verified? true, content: 2tt09e5g5ct0c5ogq4ltto5sp3t900r98wen9s97d48qg8nvrli
Block name: /test/data/treeTest/testDocBuffer.txt/=FD42/=000190 num 400 verified? true, content: kve64tl14r4hbt16x0rnj6dgrsg4mo1xqkr619xkoi48nvmeql
Constructed tree of numleaves: 409 max pathlength: 9
Block name: /test/data/treeTest/testDocBuffer.txt/=FD01C9/=00 num 0 verified? true, content: fhk6r1s8ainandvtxux80r44httqv37mm9jb2whhig3ehsqwl7
Block name: /test/data/treeTest/testDocBuffer.txt/=FD01C9/=0064 num 100 verified? true, content: herr89xuo0xsbq0w35v0lc3cojjo42b65cu8l8pl0mtqvkrhw3
Block name: /test/data/treeTest/testDocBuffer.txt/=FD01C9/=00C8 num 200 verified? true, content: 1u5erujexvwmat1jj533crnnbsnwt0bb14kt5p0p78aqs7fh8vh
Block name: /test/data/treeTest/testDocBuffer.txt/=FD01C9/=00012C num 300 verified? true, content: nk1gh45evehj8bbxdo25i2rsboho6vbu608bbe89959taox79r
Block name: /test/data/treeTest/testDocBuffer.txt/=FD01C9/=000190 num 400 verified? true, content: 1sx6v05c0rww0c7dbreacch85j62o6wx9ur916s1ht2jw3lgv7a
Constructed tree of numleaves: 410 max pathlength: 9
Block name: /test/data/treeTest/testDocBuffer.txt/=FDBD/=00 num 0 verified? true, content: 323l8mwe0k1et4vkr2jd4hqqtwk6sqdvtu71h9qij1o6k7wj243
Block name: /test/data/treeTest/testDocBuffer.txt/=FDBD/=0064 num 100 verified? true, content: fq192wb3bxffcp2xrvq6ixjo95npr2j7m796j1jup78vm8itjx
Block name: /test/data/treeTest/testDocBuffer.txt/=FDBD/=00C8 num 200 verified? true, content: 2b8kmicvtte1o8jvwpu7jkua63jre8cf8jitbnis69ibalhhajg
Block name: /test/data/treeTest/testDocBuffer.txt/=FDBD/=00012C num 300 verified? true, content: vraqle18aglhhwgqtmttr6bu61a7dnkekqap2fbd8kxbokq6nv
Block name: /test/data/treeTest/testDocBuffer.txt/=FDBD/=000190 num 400 verified? true, content: 2grg60tv45sktwjxpvxsr7mpctiwjp2blf0hbn8kum48af90wpj
Constructed tree of numleaves: 411 max pathlength: 9
Block name: /test/data/treeTest/testDocBuffer.txt/=FD0100/=00 num 0 verified? true, content: gwdu6cp6c6guwsdlda1otnrc5pcfw2s5kf9rgm9da89qngfefb
Block name: /test/data/treeTest/testDocBuffer.txt/=FD0100/=0064 num 100 verified? true, content: 2h80ocxqmsbjbja9t96nilg9fuvp16truwaek8g5lmbf4c9r551
Block name: /test/data/treeTest/testDocBuffer.txt/=FD0100/=00C8 num 200 verified? true, content: 2ku74vkdi7rtq4pt3dlvdoup1rc88wcb9waaheqri4sitbr8fbp
Block name: /test/data/treeTest/testDocBuffer.txt/=FD0100/=00012C num 300 verified? true, content: x2l73lxt6hgqviotaip9bgq3c49o2eoxw2gno6n07cuva4ujx4
Block name: /test/data/treeTest/testDocBuffer.txt/=FD0100/=000190 num 400 verified? true, content: cfgiv1n2fnslb1l208b6av1efvnp0w8dbtjo86c3xn23mm0kuh
Constructed tree of numleaves: 412 max pathlength: 9
Block name: /test/data/treeTest/testDocBuffer.txt/=FD0244/=00 num 0 verified? true, content: h6vp7gf3bt7fpm288v4s3s0nt13cctn4ulxenbhx8hsie8g58k
Block name: /test/data/treeTest/testDocBuffer.txt/=FD0244/=0064 num 100 verified? true, content: 27kgjam9l0qavmq6r19c96q2qegvt7ssn9ojsxqesdn4cfmhl2g
Block name: /test/data/treeTest/testDocBuffer.txt/=FD0244/=00C8 num 200 verified? true, content: 2mxkl5wmem57bmx3149ug1j8rfgsgaevf82m7xvt96dtwfvkpma
Block name: /test/data/treeTest/testDocBuffer.txt/=FD0244/=00012C num 300 verified? true, content: 13s0xqhlqf7v6nxx9apthtr168qmhtqbiln0alv1uc97pudvtw4
Block name: /test/data/treeTest/testDocBuffer.txt/=FD0244/=000190 num 400 verified? true, content: 16fx9dc5segwsnkqwmu9tsejhnwcw4ujfb8lvvva0podxoj726i
Constructed tree of numleaves: 413 max pathlength: 9
Block name: /test/data/treeTest/testDocBuffer.txt/=FD03BB/=00 num 0 verified? true, content: 31hpwqunjoos0wuxdm226jfiaw9bp15hrxpr45xaxircksharbw
Block name: /test/data/treeTest/testDocBuffer.txt/=FD03BB/=0064 num 100 verified? true, content: r9pbc97crpt4moq86fpojgikxl3srnwt05sotikfpxb1pokf9x
Block name: /test/data/treeTest/testDocBuffer.txt/=FD03BB/=00C8 num 200 verified? true, content: nwxp412nhxa0sde6ucu553lkofsr2q04dsjpxw16kp9ki5wgwj
Block name: /test/data/treeTest/testDocBuffer.txt/=FD03BB/=00012C num 300 verified? true, content: 2t32cjjcdtiueo01rt4tm291pptgudkl99ns93tjvamm074vk2k
Block name: /test/data/treeTest/testDocBuffer.txt/=FD03BB/=000190 num 400 verified? true, content: 2m5u6vm8i53642hgkhqjgi8xwscntv1rto8a6a7fmib1mupvddk
Constructed tree of numleaves: 414 max pathlength: 9
Block name: /test/data/treeTest/testDocBuffer.txt/=FD025A/=00 num 0 verified? true, content: 2l3ckw14mxis1r4e0kw6qf3aqxpjf4gukckm76qn4ptho4a050u
Block name: /test/data/treeTest/testDocBuffer.txt/=FD025A/=0064 num 100 verified? true, content: 1cm2qw4w94bipmqqxdv8tfujxsepvpwca90v3fhu3ast2mvpx5s
Block name: /test/data/treeTest/testDocBuffer.txt/=FD025A/=00C8 num 200 verified? true, content: wdfuj1gie8rnscrsj60ohtfoq1ieuxfiqdf27ojwrb0gd6td51
Block name: /test/data/treeTest/testDocBuffer.txt/=FD025A/=00012C num 300 verified? true, content: 2sasetuvlxpl0hidcd04cnu48hk37gd629aj96s9u5i126k2a5o
Block name: /test/data/treeTest/testDocBuffer.txt/=FD025A/=000190 num 400 verified? true, content: 2lniruldk34o8mh77qw0b1uxxqwdhoxtleftxvdhahdo746ulex
Constructed tree of numleaves: 415 max pathlength: 9
Block name: /test/data/treeTest/testDocBuffer.txt/=FD03D1/=00 num 0 verified? true, content: 17go3p6mck0mt74dxta2rm07d6k5xdbdu5wilki3mg3ue1cfc3b
Block name: /test/data/treeTest/testDocBuffer.txt/=FD03D1/=0064 num 100 verified? true, content: v5fqtjgb0xa7kmll7prsdce4ik4okdg388u9al60p51l6j6pcu
Block name: /test/data/treeTest/testDocBuffer.txt/=FD03D1/=00C8 num 200 verified? true, content: 1r02llr3gtpwn00duotqdu1ijdeki3uohlnwu6p8f8gulotujgn
Block name: /test/data/treeTest/testDocBuffer.txt/=FD03D1/=00012C num 300 verified? true, content: 17sew1vqqmsjwrpcp0fm5of1rcpbbw2mougetiucqa8udb787o4
Block name: /test/data/treeTest/testDocBuffer.txt/=FD03D1/=000190 num 400 verified? true, content: 1gdjx5otosgt9txd0fb6l9s4kuflsh9jjaf8u30m0tkpcfexdhl
Constructed tree of numleaves: 416 max pathlength: 9
Block name: /test/data/treeTest/testDocBuffer.txt/=FD02CB/=00 num 0 verified? true, content: 1m1xh9w64b2ppqp403qi9moxtgo4cvfnm6ukd1bhldxk830llrh
Block name: /test/data/treeTest/testDocBuffer.txt/=FD02CB/=0064 num 100 verified? true, content: 2ippflnqp7ui1j2wq7w1d3tgmc625qhbd1ah9vclx0h00es9bvr
Block name: /test/data/treeTest/testDocBuffer.txt/=FD02CB/=00C8 num 200 verified? true, content: 1h7x8d3u3t1fojkdviox70x13nkx7f4xhbcnpbjiwgxcminu6hs
Block name: /test/data/treeTest/testDocBuffer.txt/=FD02CB/=00012C num 300 verified? true, content: adcquxu9513vciogko0x654hxssgl80f3jxookhsms1bk788w0
Block name: /test/data/treeTest/testDocBuffer.txt/=FD02CB/=000190 num 400 verified? true, content: ee42n1xhpkw0t7dpsk6tcudh5qprhr0eon2e1h1htkgf25bgc4
Constructed tree of numleaves: 417 max pathlength: 9
Block name: /test/data/treeTest/testDocBuffer.txt/=FD7C/=00 num 0 verified? true, content: 2bthqg0kfjxud4oi13jruq2qiice3vmfrrajqo4qun0g0jisg6q
Block name: /test/data/treeTest/testDocBuffer.txt/=FD7C/=0064 num 100 verified? true, content: 2u9c9tn4o5xub4tfbrlm47rd4hdu2n91t8opfhpjtxw57m5x14j
Block name: /test/data/treeTest/testDocBuffer.txt/=FD7C/=00C8 num 200 verified? true, content: 1nv5ewa1eabj29rt47unho622rt2m84u3xd5nelojnki72ogmq6
Block name: /test/data/treeTest/testDocBuffer.txt/=FD7C/=00012C num 300 verified? true, content: 1p9esjkhdf9aqnea99r05bcra2akwnu90606nrne7bgjejim42a
Block name: /test/data/treeTest/testDocBuffer.txt/=FD7C/=000190 num 400 verified? true, content: ppc203hcckocrxva7ukdb1w4cilw4gh622n40ikro0de0ovj40
Constructed tree of numleaves: 418 max pathlength: 9
Block name: /test/data/treeTest/testDocBuffer.txt/=FD032B/=00 num 0 verified? true, content: cgosf0rc9fwv921trh1apvh97blv2lqsauos1k44ap2okph3qt
Block name: /test/data/treeTest/testDocBuffer.txt/=FD032B/=0064 num 100 verified? true, content: 2u6wpkmspsfa8e7ndvq8sw4cjrqsqtj9m9l7bwtmj417xqogqqu
Block name: /test/data/treeTest/testDocBuffer.txt/=FD032B/=00C8 num 200 verified? true, content: wf5ogcqxigqolrbb8mmdbvh6plgv7cq8ow42cetr1qaf7cd6e5
Block name: /test/data/treeTest/testDocBuffer.txt/=FD032B/=00012C num 300 verified? true, content: fwg7w6wegag1hra3jvur27bs8i855wgcba24jkoqojc6exom77
Block name: /test/data/treeTest/testDocBuffer.txt/=FD032B/=000190 num 400 verified? true, content: 14w093i18ik4830uvbhpvsr9hb2evq4nvbt2vsw7rvkcfmx395s
Constructed tree of numleaves: 419 max pathlength: 9
Block name: /test/data/treeTest/testDocBuffer.txt/=FD1B/=00 num 0 verified? true, content: o52gh3w8exfomvv98u0f1jnififf24m02k6925ohg0k932d7i1
Block name: /test/data/treeTest/testDocBuffer.txt/=FD1B/=0064 num 100 verified? true, content: 2bgn39kwlfie8hi2bq6hnt90599ue1erno2exvpeatjdnune81n
Block name: /test/data/treeTest/testDocBuffer.txt/=FD1B/=00C8 num 200 verified? true, content: 1w0d34sx306w6rf1ide13f3me0onucner5635un9mqnlxdpl05k
Block name: /test/data/treeTest/testDocBuffer.txt/=FD1B/=00012C num 300 verified? true, content: cnlionrn7a8cx3daptwflmkgwfq1kf3di4ghdud8vr7lhxkn6c
Block name: /test/data/treeTest/testDocBuffer.txt/=FD1B/=000190 num 400 verified? true, content: 1fewlc5ikohd91w45mt516dxhbjsseskx3taxtbjcslqubm6ob7
Constructed tree of numleaves: 420 max pathlength: 9
Block name: /test/data/treeTest/testDocBuffer.txt/=FD0156/=00 num 0 verified? true, content: 1u4xbjo49br2f1r6gq1bqocaklhpp1llrb41bbbtsvxt37u1f4s
Block name: /test/data/treeTest/testDocBuffer.txt/=FD0156/=0064 num 100 verified? true, content: 1r7424o6f8pikap2vvk9ih23ieqwl93avolb6s91a67lobklel7
Block name: /test/data/treeTest/testDocBuffer.txt/=FD0156/=00C8 num 200 verified? true, content: qhv3dgrhb519d86phec9jlj3qdnfix7dfk994s3sb3tbgm15al
Block name: /test/data/treeTest/testDocBuffer.txt/=FD0156/=00012C num 300 verified? true, content: 2mbejvtbf8o7a5lqso3rihfv5adc14kv0cgfdqbq03f7m4t34wh
Block name: /test/data/treeTest/testDocBuffer.txt/=FD0156/=000190 num 400 verified? true, content: 1pt02r7oiaaq67rv105c95r4uf8lmt9vtr2r7eo705oh3o7o6s0
Constructed tree of numleaves: 421 max pathlength: 9
Block name: /test/data/treeTest/testDocBuffer.txt/=FD015C/=00 num 0 verified? true, content: 17vrvewqfjqur4ctj6o4weafdmhbwtsr0k6pbw7fmtippeh60cd
Block name: /test/data/treeTest/testDocBuffer.txt/=FD015C/=0064 num 100 verified? true, content: 2n0q9n4c1k8nbiocwqkngc706xpc1v6qn36g6o856f78j5jliw6
Block name: /test/data/treeTest/testDocBuffer.txt/=FD015C/=00C8 num 200 verified? true, content: 2dbx032um2rrdf9f3aml6nqdv5vine93rms8spij5g499pio3nt
Block name: /test/data/treeTest/testDocBuffer.txt/=FD015C/=00012C num 300 verified? true, content: xctkmwcfssut5cx41ag1q36oo0ujsnp7ur7764pls8f23co5hx
Block name: /test/data/treeTest/testDocBuffer.txt/=FD015C/=000190 num 400 verified? true, content: 15crqct86850x33wk4mlj29qjppcwrur8k03em2xrh23ig3olgu
Constructed tree of numleaves: 422 max pathlength: 9
Block name: /test/data/treeTest/testDocBuffer.txt/=FD01D3/=00 num 0 verified? true, content: 190vksu5a45tgkcihxu10huwhit7e2c2ij5fegtvr6u8hapkr0e
Block name: /test/data/treeTest/testDocBuffer.txt/=FD01D3/=0064 num 100 verified? true, content: 8cor5fh9u9ac7p4okxdt10t1fk1itbgn61nxvah4csn1dgm2o4
Block name: /test/data/treeTest/testDocBuffer.txt/=FD01D3/=00C8 num 200 verified? true, content: 10bc1hdqfcq6rxjx3wutgq7s57hnj4g4hs7ohn5td2h4bnf9ixo
Block name: /test/data/treeTest/testDocBuffer.txt/=FD01D3/=00012C num 300 verified? true, content: 2xcq6eukm0odmte3sqh81r7jh8vcrvshjj5uujoi0d9i1kj622d
Block name: /test/data/treeTest/testDocBuffer.txt/=FD01D3/=000190 num 400 verified? true, content: 1be2g84ntvf8ew39rgrx90x05kbv2iuam5a7jlws9a3vui8294e
Constructed tree of numleaves: 423 max pathlength: 9
Block name: /test/data/treeTest/testDocBuffer.txt/=FD0319/=00 num 0 verified? true, content: 1cfdhorhqfufu5i3g4xonlho42usjwf5kgmpaud62a8rptnq15a
Block name: /test/data/treeTest/testDocBuffer.txt/=FD0319/=0064 num 100 verified? true, content: 7q9j2lm1smedl41l7kwpnirmkjegqpmtxoghasb7uqel5lonnj
Block name: /test/data/treeTest/testDocBuffer.txt/=FD0319/=00C8 num 200 verified? true, content: 1ithfor35ogu23vdiiq6dxxipshp721emastxioefurapite9dw
Block name: /test/data/treeTest/testDocBuffer.txt/=FD0319/=00012C num 300 verified? true, content: 1qrf0dfkvvacx4e2xv0x6em3vgwqbv2vt1qdj98la4ovah6wf0b
Block name: /test/data/treeTest/testDocBuffer.txt/=FD0319/=000190 num 400 verified? true, content: 2fi50m7utlbeb8gcxsrp6t484sb5rcvcsgm8flpc2fgotek2wvg
Constructed tree of numleaves: 424 max pathlength: 9
Block name: /test/data/treeTest/testDocBuffer.txt/=FD02EA/=00 num 0 verified? true, content: 1j9njxr1bnm41gaoo2qw2otq45bh8t7qh925uc9k25rjuwb0q5g
Block name: /test/data/treeTest/testDocBuffer.txt/=FD02EA/=0064 num 100 verified? true, content: x4q60tn07wh47s1ctbooc821s29lo06bf9xcrb3qxwtcmep19m
Block name: /test/data/treeTest/testDocBuffer.txt/=FD02EA/=00C8 num 200 verified? true, content: k6ujanbq7ev9bpc6qbcfi1h978dt6ptfaar6k681nrs0thrnvs
Block name: /test/data/treeTest/testDocBuffer.txt/=FD02EA/=00012C num 300 verified? true, content: 1rjnna6ha33tnrsoiv2rfd61186lceuuerphuvxjwtvgk2sksk5
Block name: /test/data/treeTest/testDocBuffer.txt/=FD02EA/=000190 num 400 verified? true, content: iv1qt16ijtljqudkvu5g139j5wbnkqx3swx7fnnhvt9pbbcf52
Constructed tree of numleaves: 425 max pathlength: 9
Block name: /test/data/treeTest/testDocBuffer.txt/=FD67/=00 num 0 verified? true, content: 1ltv51q5n0sew68gm6sgfpebwl4bvcnp0l6ejtuof8ofobftace
Block name: /test/data/treeTest/testDocBuffer.txt/=FD67/=0064 num 100 verified? true, content: xsb2qxa474xjbuv7tn95egs5m5ubepiejv70i0bu4k5nc8exbq
Block name: /test/data/treeTest/testDocBuffer.txt/=FD67/=00C8 num 200 verified? true, content: 3mhmux0wux117ux63h5nht0i5thcftmq8dvxha77cb91o8xvqp
Block name: /test/data/treeTest/testDocBuffer.txt/=FD67/=00012C num 300 verified? true, content: 2xnomkxjo6ufrf68ldjtn6n1wbiaippj9a0pqp1p9p6g749ri3
Block name: /test/data/treeTest/testDocBuffer.txt/=FD67/=000190 num 400 verified? true, content: kxaktn7q3vu0i1uhdgvov5xsp7ww3id0oukb65deebn1vhce4o
Constructed tree of numleaves: 426 max pathlength: 9
Block name: /test/data/treeTest/testDocBuffer.txt/=FD032C/=00 num 0 verified? true, content: 2mw3rbwrpvse1dcrgj4nxaa3pc5r54vohfo3xskhf7c18b412b7
Block name: /test/data/treeTest/testDocBuffer.txt/=FD032C/=0064 num 100 verified? true, content: 1avcwil0689gquf59rbn7efterh12sq2n30u256r0k6l77hvfct
Block name: /test/data/treeTest/testDocBuffer.txt/=FD032C/=00C8 num 200 verified? true, content: 31h67ss9saelpp640k8s5woet687f2ea5whn3ikqr849nof05u7
Block name: /test/data/treeTest/testDocBuffer.txt/=FD032C/=00012C num 300 verified? true, content: 2qfua8vog1vgspsaw189gs8horwuvnh2ue00k44vcip5p63tbuo
Block name: /test/data/treeTest/testDocBuffer.txt/=FD032C/=000190 num 400 verified? true, content: 1ulnam7swkg58hvjjtiss9x7o23313xfn2v26ulwknlnxj1p8qp
Constructed tree of numleaves: 427 max pathlength: 9
Block name: /test/data/treeTest/testDocBuffer.txt/=FD1C/=00 num 0 verified? true, content: 1pbmfwqrass7kn2w65foe06wqu0xgn5q4er5ue8u3vcd94u31qf
Block name: /test/data/treeTest/testDocBuffer.txt/=FD1C/=0064 num 100 verified? true, content: 2j8jtocsq6t3uh21muj3xq7khjq26jgm3uebsacp008nwhf61mi
Block name: /test/data/treeTest/testDocBuffer.txt/=FD1C/=00C8 num 200 verified? true, content: 1lxnjvnoslnfs574avpb3hadax8o3eplq663chxm7bta3fh2cfe
Block name: /test/data/treeTest/testDocBuffer.txt/=FD1C/=00012C num 300 verified? true, content: r84sofqadw8bol1ec82wsgm52lesxa2hw49k8w2qudwj6eq66p
Block name: /test/data/treeTest/testDocBuffer.txt/=FD1C/=000190 num 400 verified? true, content: 11u7nrge0toutdooprmpaodfmh1cfores238ctp5k55jq9d1an6
Constructed tree of numleaves: 428 max pathlength: 9
Block name: /test/data/treeTest/testDocBuffer.txt/=FD0115/=00 num 0 verified? true, content: 2qn1ijlbkfuvaehmdk9uvxinj9v3i51fw0wi05cop6rm1x3kqbc
Block name: /test/data/treeTest/testDocBuffer.txt/=FD0115/=0064 num 100 verified? true, content: 1rjass1l685wrobaoi3pe196fut6imv9ltdm30g2e0xq1p3c6b9
Block name: /test/data/treeTest/testDocBuffer.txt/=FD0115/=00C8 num 200 verified? true, content: 1bwt9ww52u4k7q8c8cbx6tjewuaxvcr2rsov321p77p1x755qs1
Block name: /test/data/treeTest/testDocBuffer.txt/=FD0115/=00012C num 300 verified? true, content: 142cluigl58n5m5iexuvuqvitv8cj4st1q7kos6c5vkeh7974js
Block name: /test/data/treeTest/testDocBuffer.txt/=FD0115/=000190 num 400 verified? true, content: ndfijtba2oimvchj0vruia3fs0737njmirxw3bjc1fxjikvse7
Constructed tree of numleaves: 429 max pathlength: 9
Block name: /test/data/treeTest/testDocBuffer.txt/=FD01BC/=00 num 0 verified? true, content: 1ju22nwlil78uedv1tblj0r82cxjac0f5onb3lq8x2sp82fnr04
Block name: /test/data/treeTest/testDocBuffer.txt/=FD01BC/=0064 num 100 verified? true, content: 220c5g368186swkql8cxietf3loqvh42ieu8bdosn09vhmffqev
Block name: /test/data/treeTest/testDocBuffer.txt/=FD01BC/=00C8 num 200 verified? true, content: v1okdol4l4cmftks8leu81fo42oi691nbaji2dp2ecp0vw9mfm
Block name: /test/data/treeTest/testDocBuffer.txt/=FD01BC/=00012C num 300 verified? true, content: cwiggtrm5filpta5v3tn0g5fxl805lwrnquf3sg8i8j6qiufsv
Block name: /test/data/treeTest/testDocBuffer.txt/=FD01BC/=000190 num 400 verified? true, content: 2841iq5nsnm61sgwk91o7wu7lnq6e0ao1n95fiqh0u6g1gubh9
Constructed tree of numleaves: 430 max pathlength: 9
Block name: /test/data/treeTest/testDocBuffer.txt/=FD0138/=00 num 0 verified? true, content: 29mdt5srgmtnqt6d7ffbkslgnabel2f50gmunvpmobmtvim5v7q
Block name: /test/data/treeTest/testDocBuffer.txt/=FD0138/=0064 num 100 verified? true, content: 2wcowchkof1rgvk8i4hp5hxa92r4le80vn6qpqbo4xcvqtiok9f
Block name: /test/data/treeTest/testDocBuffer.txt/=FD0138/=00C8 num 200 verified? true, content: 1oiwr89ka3acpv0gjnu0kj2bmpcdibm8bpdet9404oqea3hc3hq
Block name: /test/data/treeTest/testDocBuffer.txt/=FD0138/=00012C num 300 verified? true, content: 324dqt19942tkhpl0uq7fsngek0d0nugo9vecxwrbxtfh3nr4s2
Block name: /test/data/treeTest/testDocBuffer.txt/=FD0138/=000190 num 400 verified? true, content: vw9cigs3fs311q22thvlmpe4xpua095fkex3odk3qibfl10wc7
Constructed tree of numleaves: 431 max pathlength: 9
Block name: /test/data/treeTest/testDocBuffer.txt/=FDC9/=00 num 0 verified? true, content: 16darlllrffdk52raa6ku7w1iixjcnif0egiibkhtu204krtw1g
Block name: /test/data/treeTest/testDocBuffer.txt/=FDC9/=0064 num 100 verified? true, content: 2wb9qev0jj0u34klpq18rcfa4n1jwxl6oihgauv9ghrgfapeng5
Block name: /test/data/treeTest/testDocBuffer.txt/=FDC9/=00C8 num 200 verified? true, content: x8185qswx4s03qubdggvv7kh82xds7bfujewnvmekq84pm66n8
Block name: /test/data/treeTest/testDocBuffer.txt/=FDC9/=00012C num 300 verified? true, content: lqf5fukmd41mobr21dcgei2u09c7swj2v11jqxgb1rfg9vvj3n
Block name: /test/data/treeTest/testDocBuffer.txt/=FDC9/=000190 num 400 verified? true, content: lh5ihhhvo1dw4k3ia50qek9wbd1np8k5i66sfo3k29oi1u9xkw
Constructed tree of numleaves: 432 max pathlength: 9
Block name: /test/data/treeTest/testDocBuffer.txt/=FD0360/=00 num 0 verified? true, content: bsq5lcmaq49j6ex05o0qwdpjh4phsvqxiu8lbl2ofi00n4gpen
Block name: /test/data/treeTest/testDocBuffer.txt/=FD0360/=0064 num 100 verified? true, content: qvntfkotbd339wj6vsx79lgqofw6wxk8557183ur2lmkho9mnj
Block name: /test/data/treeTest/testDocBuffer.txt/=FD0360/=00C8 num 200 verified? true, content: 8lx73fjkuco03c2rks143jt19annr5bahequdm5ij33ehk73eh
Block name: /test/data/treeTest/testDocBuffer.txt/=FD0360/=00012C num 300 verified? true, content: f6t1hf3miexrsxmropg1e0sctx3g9nura9nqehoibrqe9mqht2
Block name: /test/data/treeTest/testDocBuffer.txt/=FD0360/=000190 num 400 verified? true, content: 2qiutojgm7bcivcbtb47buqv3rn10dpcux2s46eqi8wd6b7c5nf
Constructed tree of numleaves: 433 max pathlength: 9
Block name: /test/data/treeTest/testDocBuffer.txt/=FD011F/=00 num 0 verified? true, content: 1mavwv1vlhsjmb9mrhogxrsnov7qcnirudvl7tm39d65v7ldgnd
Block name: /test/data/treeTest/testDocBuffer.txt/=FD011F/=0064 num 100 verified? true, content: 2pb58ag15t0lfxlhv9etcc6e2tdlk8nrnfnwktwicapbs9x9ek5
Block name: /test/data/treeTest/testDocBuffer.txt/=FD011F/=00C8 num 200 verified? true, content: 1nwuwxw662qg9cg8mjhndtjoh9ptv7f1ih0qc7ww0opv0wor3n5
Block name: /test/data/treeTest/testDocBuffer.txt/=FD011F/=00012C num 300 verified? true, content: xhb7wr5dum6mfliwkk0n1ol0fijh4dmugmx8367h325ulm3alj
Block name: /test/data/treeTest/testDocBuffer.txt/=FD011F/=000190 num 400 verified? true, content: 1n6naoq3mwum94u9hbup7efdtv7fnxu68w8maf8tb8bh98o8iq9
Constructed tree of numleaves: 434 max pathlength: 9
Block name: /test/data/treeTest/testDocBuffer.txt/=FD0180/=00 num 0 verified? true, content: 1f6mp5nfd2a3asdqqm08inihhiuhs18sh2g6wf7j7c8o5vew1h8
Block name: /test/data/treeTest/testDocBuffer.txt/=FD0180/=0064 num 100 verified? true, content: 2vjb9imerg5t34r99ccd0lbn6beima0o6igcllngtle13i4q16v
Block name: /test/data/treeTest/testDocBuffer.txt/=FD0180/=00C8 num 200 verified? true, content: 16gvpqagnpoultrwj8mrtxo4157iiwne9pwwomxb3ujvcakvfjh
Block name: /test/data/treeTest/testDocBuffer.txt/=FD0180/=00012C num 300 verified? true, content: 7vv68os5xddojgp7bg73jqg6nkkaqvqf20481xclq1e6t8nv8b
Block name: /test/data/treeTest/testDocBuffer.txt/=FD0180/=000190 num 400 verified? true, content: cffk53xgdr0hvlvftlmv1i7eqlrmjeewwpbofcrhhosc5q0ejj
Constructed tree of numleaves: 435 max pathlength: 9
Block name: /test/data/treeTest/testDocBuffer.txt/=FD05/=00 num 0 verified? true, content: 175m67okfalmb3qmpvc9pljeufh5w77l7hoej7rhfrdmbfgci4j
Block name: /test/data/treeTest/testDocBuffer.txt/=FD05/=0064 num 100 verified? true, content: 1mj9gx9sihdf845n2j63ln6ifhq3u3abicxn3u6q3j2rjceej60
Block name: /test/data/treeTest/testDocBuffer.txt/=FD05/=00C8 num 200 verified? true, content: 2rfx5vjhf53o2mwrnt3exdo4269bngh5ti0nvf162rdcop9b9at
Block name: /test/data/treeTest/testDocBuffer.txt/=FD05/=00012C num 300 verified? true, content: 29e0ap7s7rchjhmaadt4lme7qifgujqvulli2mederj9i3e1l5c
Block name: /test/data/treeTest/testDocBuffer.txt/=FD05/=000190 num 400 verified? true, content: 2c830ksmhq1bhb6cpedu2ijqd03g8q2h9uitcholfv454war8v1
Constructed tree of numleaves: 436 max pathlength: 9
Block name: /test/data/treeTest/testDocBuffer.txt/=FD09/=00 num 0 verified? true, content: pkvu872fjrkj2s6rdea81gdb2utl7jvumx895oawhxocllv10x
Block name: /test/data/treeTest/testDocBuffer.txt/=FD09/=0064 num 100 verified? true, content: 5up871p0auf40drf79fbbb4gg8lh234qu2vggxoi6t85vmag78
Block name: /test/data/treeTest/testDocBuffer.txt/=FD09/=00C8 num 200 verified? true, content: fd0e1lmqix4sdo5cpstqrmqqm6d9f20v77ach4icep60au7xdx
Block name: /test/data/treeTest/testDocBuffer.txt/=FD09/=00012C num 300 verified? true, content: 2i4ucs0fvrkmv4j32pgvkjgm16r8vh4oe2hf5glwkcwaptre4b5
Block name: /test/data/treeTest/testDocBuffer.txt/=FD09/=000190 num 400 verified? true, content: i2svqg7ihr8ne059k42pkiunid8pd3d4mfufendsjixair6sa5
Constructed tree of numleaves: 437 max pathlength: 9
Block name: /test/data/treeTest/testDocBuffer.txt/=FD033D/=00 num 0 verified? true, content: 1fvdg0b4r6ganb99uasgmkt92sq37tddgxc1akaut0tmnlieipj
Block name: /test/data/treeTest/testDocBuffer.txt/=FD033D/=0064 num 100 verified? true, content: 5qq2pds6u4t3s78wd2cxdnm8cb92p84mui1a8737vdtxuba566
Block name: /test/data/treeTest/testDocBuffer.txt/=FD033D/=00C8 num 200 verified? true, content: 1sv9oab913kt3em561wxku9bt8ogewffoj6dbns6b6x6olmbbg1
Block name: /test/data/treeTest/testDocBuffer.txt/=FD033D/=00012C num 300 verified? true, content: 1o1km4obj6fj2f985bulhu1x3j1v6i16q533pqw4ruho128s3rt
Block name: /test/data/treeTest/testDocBuffer.txt/=FD033D/=000190 num 400 verified? true, content: pckicwv00qp166dw8fu89kdms6jw23fwlcmx940xd8rri6xw0i
Constructed tree of numleaves: 438 max pathlength: 9
Block name: /test/data/treeTest/testDocBuffer.txt/=FDA9/=00 num 0 verified? true, content: og6paf2kh1p2udlmv4jbtei527n47ple33vj7qlpsenousj7l9
Block name: /test/data/treeTest/testDocBuffer.txt/=FDA9/=0064 num 100 verified? true, content: 12udt7n4jf05eqr6t7qipjo3uour3l010nepffe3hut9ckr2gmw
Block name: /test/data/treeTest/testDocBuffer.txt/=FDA9/=00C8 num 200 verified? true, content: 19vkbjkmj2psvk46m145ms0n7vo7pwmva1c6ed4lqwwidps31e1
Block name: /test/data/treeTest/testDocBuffer.txt/=FDA9/=00012C num 300 verified? true, content: tqkdwtnln9rk4g9hoig5nv7fnf952vbwj5vwa6x359koho8rft
Block name: /test/data/treeTest/testDocBuffer.txt/=FDA9/=000190 num 400 verified? true, content: 4e74hrsk7ludxa7djp0j8qbol8vcsx4fhf15s7iwtgp9xskuap
Constructed tree of numleaves: 439 max pathlength: 9
Block name: /test/data/treeTest/testDocBuffer.txt/=FD0374/=00 num 0 verified? true, content: 2msvd3gn0xxpsahr5vl0t1c98atd9stp1d9i45mwsmpln67qt8f
Block name: /test/data/treeTest/testDocBuffer.txt/=FD0374/=0064 num 100 verified? true, content: 2sa9j43l5glhdli63mspddrrp7m8l69mme8suelavcblpweetej
Block name: /test/data/treeTest/testDocBuffer.txt/=FD0374/=00C8 num 200 verified? true, content: 2t8hdqo4jn8sbfhd5dei0xa0m135tu8ekqig9ume94j40us4gtv
Block name: /test/data/treeTest/testDocBuffer.txt/=FD0374/=00012C num 300 verified? true, content: 1da4wbg74nr6goetgsoer8t0o6i6t0vuxw190w3dcvmjbp6dl6s
Block name: /test/data/treeTest/testDocBuffer.txt/=FD0374/=000190 num 400 verified? true, content: ej849bctvetwqhc0cvfx2svv3d7flvbjqhusee1e0lrandhi5x
Constructed tree of numleaves: 440 max pathlength: 9
Block name: /test/data/treeTest/testDocBuffer.txt/=FD03CC/=00 num 0 verified? true, content: 2q2jlpbphwtex90h5kcl04jlr9citujua7h3wbv94mitrbbkv9a
Block name: /test/data/treeTest/testDocBuffer.txt/=FD03CC/=0064 num 100 verified? true, content: 1ng1nqw2cr0n058sqp0lpkikx632qqju8xsj0051rfx6gou5xj3
Block name: /test/data/treeTest/testDocBuffer.txt/=FD03CC/=00C8 num 200 verified? true, content: e9gjh5lottm3vn0tjbr1xwmsh78h4wjctf6n0w8rpxa4694wo1
Block name: /test/data/treeTest/testDocBuffer.txt/=FD03CC/=00012C num 300 verified? true, content: 7hp9lf0oiwa3m4efiwt7biq8psi8i1l7e2vilc4ii98s5kta5f
Block name: /test/data/treeTest/testDocBuffer.txt/=FD03CC/=000190 num 400 verified? true, content: 5265f1fxgrehfecmpxr8xwjdom67fp079hqgdgatec6jkj3wag
Constructed tree of numleaves: 441 max pathlength: 9
Block name: /test/data/treeTest/testDocBuffer.txt/=FD0276/=00 num 0 verified? true, content: 197nbsvv2dl394rlgm2eegf9bbwab3qd54hsaxppiu68p0xpqmt
Block name: /test/data/treeTest/testDocBuffer.txt/=FD0276/=0064 num 100 verified? true, content: 134d4ajlp7xhs8lkua9x4p5b611nt36un9t0xra42x9rnocs6qn
Block name: /test/data/treeTest/testDocBuffer.txt/=FD0276/=00C8 num 200 verified? true, content: r2938w444vr3elig6do9o76ec9mw2kmw16k9hc0ad3lee82h05
Block name: /test/data/treeTest/testDocBuffer.txt/=FD0276/=00012C num 300 verified? true, content: 1hkkn2c3hcpugp20h2u91opc4rf3imbri8k5vkqtc97tkejnprb
Block name: /test/data/treeTest/testDocBuffer.txt/=FD0276/=000190 num 400 verified? true, content: 1na797bi7anacc71r6n6x1kv07x2287tjhjkdfsw8s1xt5htc6o
Constructed tree of numleaves: 442 max pathlength: 9
Block name: /test/data/treeTest/testDocBuffer.txt/=FD02B6/=00 num 0 verified? true, content: 2ivmg60ehxt81si97xwed6bobhr7wf3hx3pgwquk7kmwj9oufh
Block name: /test/data/treeTest/testDocBuffer.txt/=FD02B6/=0064 num 100 verified? true, content: 18n9hfmhcwertcbjgn2kgrxaofnowlngfi9h45jn6v61sg5qsnr
Block name: /test/data/treeTest/testDocBuffer.txt/=FD02B6/=00C8 num 200 verified? true, content: 7jld9wrsknnbbmmt66j1p8cefqbbhigr6koxt0t3ho51v6e4ug
Block name: /test/data/treeTest/testDocBuffer.txt/=FD02B6/=00012C num 300 verified? true, content: 2a8mcuq6mf5s08alds877mua05fh819nmqe8swp97ioxx0qdoe3
Block name: /test/data/treeTest/testDocBuffer.txt/=FD02B6/=000190 num 400 verified? true, content: 20ibuvrus5x722monkslxc0jmeo583bpqr6jfuktow6whblx977
Constructed tree of numleaves: 443 max pathlength: 9
Block name: /test/data/treeTest/testDocBuffer.txt/=FD0201/=00 num 0 verified? true, content: pn1utrfibi8i4sdcl89kf9bg1hftm5g3e7aq1oqi86tuii0a8l
Block name: /test/data/treeTest/testDocBuffer.txt/=FD0201/=0064 num 100 verified? true, content: 2wc2ajecr9ocdhm2bmino418hc2m3d4a4q6pxok62vxr6drn5s9
Block name: /test/data/treeTest/testDocBuffer.txt/=FD0201/=00C8 num 200 verified? true, content: 20ecnmfba108ii5t234vg7m3fmwh4h1vb8o3ldci6w2dgefik0c
Block name: /test/data/treeTest/testDocBuffer.txt/=FD0201/=00012C num 300 verified? true, content: 2eoxrn4rl14bo29wtdsci6jqajsw5vthd8724pdef5r4jedqu82
Block name: /test/data/treeTest/testDocBuffer.txt/=FD0201/=000190 num 400 verified? true, content: 26i7ev9kplmhk3uhalcc3gawg2rb5eisabuomafp5bplfj83q1k
Constructed tree of numleaves: 444 max pathlength: 9
Block name: /test/data/treeTest/testDocBuffer.txt/=FDA4/=00 num 0 verified? true, content: 1po18higbj4jd2w96iqapbsp2lt5nn64xrjjbtl83nqsl8nw7r
Block name: /test/data/treeTest/testDocBuffer.txt/=FDA4/=0064 num 100 verified? true, content: 2mpilndnlr1674r6j6lefvurmofxoaveoc016crjddrimmjj30i
Block name: /test/data/treeTest/testDocBuffer.txt/=FDA4/=00C8 num 200 verified? true, content: 2pxrk4qon1bcovasauqg6lije92wtwhrc7qwx7xe10lm555l7lk
Block name: /test/data/treeTest/testDocBuffer.txt/=FDA4/=00012C num 300 verified? true, content: 31qel0vfwhltejp2l4w6brl9clpomkm4fo7nww11gx4go108qcs
Block name: /test/data/treeTest/testDocBuffer.txt/=FDA4/=000190 num 400 verified? true, content: 1e8ept1b4la2r0tqk08w6tdkc0l6edcx8pmw3m8oa2dmplun9t0
Constructed tree of numleaves: 445 max pathlength: 9
Block name: /test/data/treeTest/testDocBuffer.txt/=FD0385/=00 num 0 verified? true, content: 2jpiu7h37k73gchxnu7idvcfhcn9w839t2lqqwxs2w04lwqpb8a
Block name: /test/data/treeTest/testDocBuffer.txt/=FD0385/=0064 num 100 verified? true, content: 2ui8sn47ks2lup4uqw2o8pe09q69inn2m8iwafqprx8w50vnoa1
Block name: /test/data/treeTest/testDocBuffer.txt/=FD0385/=00C8 num 200 verified? true, content: 1vnnum7jegcw4ei3fq19n07mgv89xmm3wln9b4347hfsh7frala
Block name: /test/data/treeTest/testDocBuffer.txt/=FD0385/=00012C num 300 verified? true, content: 24otcjwkpc3tvwf09tuq3wmp68nmfw970icw3tgrq2sfh6xu8tb
Block name: /test/data/treeTest/testDocBuffer.txt/=FD0385/=000190 num 400 verified? true, content: wc4eed3ma8pteiex4ptuobmca5gs4vfj0nwu81sdr1hn55dtag
Constructed tree of numleaves: 446 max pathlength: 9
Block name: /test/data/treeTest/testDocBuffer.txt/=FD01DF/=00 num 0 verified? true, content: 1txwrhlqkgb8t3urowbvs0hsi2e4hcl04akjlxe8m0hpv4mnaqw
Block name: /test/data/treeTest/testDocBuffer.txt/=FD01DF/=0064 num 100 verified? true, content: 1p74lax7138n4q19ag5lah8vlmfwu8pfk4h4qs4fa9huul77e9j
Block name: /test/data/treeTest/testDocBuffer.txt/=FD01DF/=00C8 num 200 verified? true, content: g7sri8dqfcg0cpm5few2dqh5oqehha492h0sflqfcah3o4jfnm
Block name: /test/data/treeTest/testDocBuffer.txt/=FD01DF/=00012C num 300 verified? true, content: s7jqumle49o7x7utcx9sdr5856meemxwkip9k2ep9qjkdetfks
Block name: /test/data/treeTest/testDocBuffer.txt/=FD01DF/=000190 num 400 verified? true, content: 1fd4l88332gwrtf2iqcpsgdgda5ce16knleldtwn2sfcxm0iv84
Constructed tree of numleaves: 447 max pathlength: 9
Block name: /test/data/treeTest/testDocBuffer.txt/=FD0117/=00 num 0 verified? true, content: rlb4v1f3j1p0cupcdk2lg418vexppdjouc3x4smi4iubmq0e6f
Block name: /test/data/treeTest/testDocBuffer.txt/=FD0117/=0064 num 100 verified? true, content: 2wn2eldm3njaacu4iuc6s8kx1mwplvjp9vtera5f8w3eqjr87hp
Block name: /test/data/treeTest/testDocBuffer.txt/=FD0117/=00C8 num 200 verified? true, content: v966fhwge7b8ms6hdffdtramfh9nx59gq8fme5jpbmf1v2w6b5
Block name: /test/data/treeTest/testDocBuffer.txt/=FD0117/=00012C num 300 verified? true, content: 283gijk70glv38338rscwq60ek0grx03qsna731s556r3urqfl0
Block name: /test/data/treeTest/testDocBuffer.txt/=FD0117/=000190 num 400 verified? true, content: 1ut849lbjjv7b0ctmbmengh4u2ac67es7ch059d8p7937aix36x
Constructed tree of numleaves: 448 max pathlength: 9
Block name: /test/data/treeTest/testDocBuffer.txt/=FD0282/=00 num 0 verified? true, content: 6g222hblm4l8lnsh0mnm236agnxqbhva55kfkbf9p6gm41jgtf
Block name: /test/data/treeTest/testDocBuffer.txt/=FD0282/=0064 num 100 verified? true, content: 185cxo6c3ino0x5ii1da8e4rth7xholan7eu7ljsbmmbuxepssi
Block name: /test/data/treeTest/testDocBuffer.txt/=FD0282/=00C8 num 200 verified? true, content: 1tulu9tv5lowutps8rrcutjl8rh64fmwd26wsuxno9mq8kmat0l
Block name: /test/data/treeTest/testDocBuffer.txt/=FD0282/=00012C num 300 verified? true, content: 32o5ss7n52m1bf2jg0sib6u40lkk5n6uange307t8in18scjx9o
Block name: /test/data/treeTest/testDocBuffer.txt/=FD0282/=000190 num 400 verified? true, content: 1qs818qvqsg8c2vg55g6jtcxsmpqbwuiv3r8hlx8mhwo9oxuki4
Constructed tree of numleaves: 449 max pathlength: 9
Block name: /test/data/treeTest/testDocBuffer.txt/=FD0223/=00 num 0 verified? true, content: q21ge47gahrhak56un4mq6dqcxhlrugsrqw2s1biqspf0hutqm
Block name: /test/data/treeTest/testDocBuffer.txt/=FD0223/=0064 num 100 verified? true, content: 22jcxf45mqxvajemedo9t0w1q9v2avdl0ku36wrt1xbf5ittenx
Block name: /test/data/treeTest/testDocBuffer.txt/=FD0223/=00C8 num 200 verified? true, content: 2x0j7mo990wpoc477wemfc4249c5bed7udsu35xu91vg2ex6119
Block name: /test/data/treeTest/testDocBuffer.txt/=FD0223/=00012C num 300 verified? true, content: 1wx5tjnlxl6df0j3rxhu4rvt04hufx6epv15qofk54560prrt37
Block name: /test/data/treeTest/testDocBuffer.txt/=FD0223/=000190 num 400 verified? true, content: 1htod1c6qlhsck0bi5jtb9jb8x12lr2ebd6oht3jjw13g6pnp9h
Constructed tree of numleaves: 450 max pathlength: 9
Block name: /test/data/treeTest/testDocBuffer.txt/=FD029C/=00 num 0 verified? true, content: 2vvw8t51ivx1g8qu4j593vt4xsvsv82erjgc57h3gkc4eqi3wvs
Block name: /test/data/treeTest/testDocBuffer.txt/=FD029C/=0064 num 100 verified? true, content: l0c5gv0pmds52koiqg7kimb40igq2uc3ohfmwv7gka9e74quer
Block name: /test/data/treeTest/testDocBuffer.txt/=FD029C/=00C8 num 200 verified? true, content: q19xxe2v1gudullk0523p70txcxf9gfl3wmnbkprrwx1q1hgqp
Block name: /test/data/treeTest/testDocBuffer.txt/=FD029C/=00012C num 300 verified? true, content: 7c5acarrjv8f4jkx6ucx7b82ut0mna9ne206k0fsbuh32xnvh4
Block name: /test/data/treeTest/testDocBuffer.txt/=FD029C/=000190 num 400 verified? true, content: npdu8pfa7pn6jhtf64ni65ox56xqqmql1bromunic60gwh63qk
Constructed tree of numleaves: 451 max pathlength: 9
Block name: /test/data/treeTest/testDocBuffer.txt/=FD02AE/=00 num 0 verified? true, content: in9rgmph78acw8gisp5j25a6vuiwhurlx258st1tafalxr7ssc
Block name: /test/data/treeTest/testDocBuffer.txt/=FD02AE/=0064 num 100 verified? true, content: 271m64nqdsjpie412rlct1d3xu2x93fc8g6xh00p7nadt8quaik
Block name: /test/data/treeTest/testDocBuffer.txt/=FD02AE/=00C8 num 200 verified? true, content: o2i68ipf5k8c679cmlrskum6t6l5wp80f3jc63sn8dik9ft0b1
Block name: /test/data/treeTest/testDocBuffer.txt/=FD02AE/=00012C num 300 verified? true, content: 2gv0w9unw6pijtbgrcdmrvffnvbg8rr6aphkq4g164cplbv57mn
Block name: /test/data/treeTest/testDocBuffer.txt/=FD02AE/=000190 num 400 verified? true, content: 2b7ks58rcteherbg713vr2a741ouj8rbisrliekde030c5q41l
Constructed tree of numleaves: 452 max pathlength: 9
Block name: /test/data/treeTest/testDocBuffer.txt/=FD01B2/=00 num 0 verified? true, content: ukg0qjkugq94qgw80nl2km2stu8wqeaiqjp6ntxledj4k81lmn
Block name: /test/data/treeTest/testDocBuffer.txt/=FD01B2/=0064 num 100 verified? true, content: 3ij2xb5kxlwa0oa7h9ahxoqba6q5qxoip6jasnrmds234rkmp2
Block name: /test/data/treeTest/testDocBuffer.txt/=FD01B2/=00C8 num 200 verified? true, content: 1iihs9440msich7dat3wd3jguic3wpd4t5piqsve7s2bcf9601x
Block name: /test/data/treeTest/testDocBuffer.txt/=FD01B2/=00012C num 300 verified? true, content: 1shg16hiws53anp2gn8ispt7ddr6ohsglhfusehabcss6n8w2p8
Block name: /test/data/treeTest/testDocBuffer.txt/=FD01B2/=000190 num 400 verified? true, content: apufhkpk3067rj56crkmrpoakosagagl2m6km6pdab2uofvhdk
Constructed tree of numleaves: 453 max pathlength: 9
Block name: /test/data/treeTest/testDocBuffer.txt/=FDEA/=00 num 0 verified? true, content: tlkk418edox383w0x5xahfm2uor1sd2ake41jho4ma0r8att30
Block name: /test/data/treeTest/testDocBuffer.txt/=FDEA/=0064 num 100 verified? true, content: tq1mco2evd5cprxxt1axr36k6ll1o5qmk28f356ki9xa2q1502
Block name: /test/data/treeTest/testDocBuffer.txt/=FDEA/=00C8 num 200 verified? true, content: 31xguiinalbr996i141lwnj10wrx9slwqvu7dho06l7i3ghau7o
Block name: /test/data/treeTest/testDocBuffer.txt/=FDEA/=00012C num 300 verified? true, content: 2be06octme81inpx8cjou8qk8ofmjl98peue359743q8amscuv
Block name: /test/data/treeTest/testDocBuffer.txt/=FDEA/=000190 num 400 verified? true, content: 1a40kuc3xajcmi28ccqaajbxp8xe5f3w25j1bpedxedtopq44dd
Constructed tree of numleaves: 454 max pathlength: 9
Block name: /test/data/treeTest/testDocBuffer.txt/=FD0165/=00 num 0 verified? true, content: 25mowtd0cfmxe7hoqv43j5bhajqb156ggshlv3bgr9lgd89qlwd
Block name: /test/data/treeTest/testDocBuffer.txt/=FD0165/=0064 num 100 verified? true, content: 1hfmirtfgllqft737i73ecrdobjsffoibvsocgftop2xr2b3xxu
Block name: /test/data/treeTest/testDocBuffer.txt/=FD0165/=00C8 num 200 verified? true, content: l7ieoarxbl545wppac966o8kv3wm7wbawh4itpn9ls8p8i0fh6
Block name: /test/data/treeTest/testDocBuffer.txt/=FD0165/=00012C num 300 verified? true, content: pdu3vhlx99t9wpvitsh8h9nlpeqhvqd15kaiaowp05u8nf5u3k
Block name: /test/data/treeTest/testDocBuffer.txt/=FD0165/=000190 num 400 verified? true, content: 2x5u7wsr1gnglgrcj6bcifp2xmafkifulro4gpx49dxi0c2glqk
Constructed tree of numleaves: 455 max pathlength: 9
Block name: /test/data/treeTest/testDocBuffer.txt/=FD49/=00 num 0 verified? true, content: 1ti2n8orfnjrt72dg7hqb3rdrxblwmk6fhxm0s58kpo2qw2k9e3
Block name: /test/data/treeTest/testDocBuffer.txt/=FD49/=0064 num 100 verified? true, content: b0bhnbfhau0vvm0xknta8wsbji1fhcpjlme2ofoneqtsa98bun
Block name: /test/data/treeTest/testDocBuffer.txt/=FD49/=00C8 num 200 verified? true, content: 7qdo68895vim4plmi5prbpupqrb352pnpwf9f6carlao0jwr8s
Block name: /test/data/treeTest/testDocBuffer.txt/=FD49/=00012C num 300 verified? true, content: 29kp60cfmf9jqk4rj8ukjsv49jc71x5nc8ov802bx2hqv2jqqgd
Block name: /test/data/treeTest/testDocBuffer.txt/=FD49/=000190 num 400 verified? true, content: fh662jfrh3wa0gj1shdkddbfl6vnw6vrntghe740imxw1ub94x
Constructed tree of numleaves: 456 max pathlength: 9
Block name: /test/data/treeTest/testDocBuffer.txt/=FD02FE/=00 num 0 verified? true, content: i9wrhef15kgbtbig7dmj4j9lx91d8kfmsi8d6thmrc868sqb7q
Block name: /test/data/treeTest/testDocBuffer.txt/=FD02FE/=0064 num 100 verified? true, content: kudwnpw81sc5djldffuss77edm45f3rmf6lxuu3d6oalqlkfvd
Block name: /test/data/treeTest/testDocBuffer.txt/=FD02FE/=00C8 num 200 verified? true, content: 11rxihwgtincxlrdbbxf80v0mbr563p6i5oeubmdo9j9h3jnevr
Block name: /test/data/treeTest/testDocBuffer.txt/=FD02FE/=00012C num 300 verified? true, content: 2sg04uenrlvlo5r3kmsoc5d1x9lsh55cxw96r45e4ajgg7pbcd8
Block name: /test/data/treeTest/testDocBuffer.txt/=FD02FE/=000190 num 400 verified? true, content: 267e1c4ema713ljhh6o8bok646x6ew90md7soic1vb2bu4m8w27
Constructed tree of numleaves: 457 max pathlength: 9
Block name: /test/data/treeTest/testDocBuffer.txt/=FD96/=00 num 0 verified? true, content: 1wi6bmqhftvs1n5na1mxotxno35gcwpb80i0hkilnnftveq90f3
Block name: /test/data/treeTest/testDocBuffer.txt/=FD96/=0064 num 100 verified? true, content: 2ux4si9unmp7avsqondniqv1tlxkvnmbm87i9ot300mb0gip8vj
Block name: /test/data/treeTest/testDocBuffer.txt/=FD96/=00C8 num 200 verified? true, content: 2guswbiaxo4jsapglk908iph0bnxt61vjscm1dkfdnupph9sjph
Block name: /test/data/treeTest/testDocBuffer.txt/=FD96/=00012C num 300 verified? true, content: 1tcw40e62wlr63oputft74oarw6vx6xous7cvswn2jl60d3qjur
Block name: /test/data/treeTest/testDocBuffer.txt/=FD96/=000190 num 400 verified? true, content: 2w2m1bv60xhv537pud3ctoo3s80bbqxmq0ibfgpadfbw04395pt
Constructed tree of numleaves: 458 max pathlength: 9
Block name: /test/data/treeTest/testDocBuffer.txt/=FD0131/=00 num 0 verified? true, content: cixrgw060wu2ws4xo6fjk3hqr8hlb0ei30df8cqod4hv2809ct
Block name: /test/data/treeTest/testDocBuffer.txt/=FD0131/=0064 num 100 verified? true, content: e3qvwxd7ecuqhml0cs2oppiw22eomucubkk83g6ewww4rkj9s2
Block name: /test/data/treeTest/testDocBuffer.txt/=FD0131/=00C8 num 200 verified? true, content: ekvpofswsmc8b0g74oqikiag5fk46wbvss0lp58jxj57a2qenw
Block name: /test/data/treeTest/testDocBuffer.txt/=FD0131/=00012C num 300 verified? true, content: 2o0vws9f7nj654temsd23r413menltmevppigk3twb1ftb7wubu
Block name: /test/data/treeTest/testDocBuffer.txt/=FD0131/=000190 num 400 verified? true, content: 7da7ski8qmjwiebwtuorfu9akip67ljxpaloahpvhsr4bgkqcj
Constructed tree of numleaves: 459 max pathlength: 9
Block name: /test/data/treeTest/testDocBuffer.txt/=FD01AB/=00 num 0 verified? true, content: 2dbl3ilt3elnso0pr2hfv3faqp76pnbu8ag2ed62vp4mx5x8wxu
Block name: /test/data/treeTest/testDocBuffer.txt/=FD01AB/=0064 num 100 verified? true, content: t8dcg6d2f2rp08edbxko841lumewrbmsv5q9u9ahhh401xdhqf
Block name: /test/data/treeTest/testDocBuffer.txt/=FD01AB/=00C8 num 200 verified? true, content: 18c0t5hg3efmbaserqv0pr0jecxgstactbsjeuqtudkv2l0p7jl
Block name: /test/data/treeTest/testDocBuffer.txt/=FD01AB/=00012C num 300 verified? true, content: 1g5l2u3v56fbq9uh0xaf2rrke6oj2ujge2lxvm6sdfpnduigb9j
Block name: /test/data/treeTest/testDocBuffer.txt/=FD01AB/=000190 num 400 verified? true, content: 20igc2h3p5pgpfr917mrsbakjwercc7rx6sfa2socmq9mgxrc5b
Constructed tree of numleaves: 460 max pathlength: 9
Block name: /test/data/treeTest/testDocBuffer.txt/=FD61/=00 num 0 verified? true, content: 1lgkrdl5q9sx395kktxqr71xtt05ugdklw5lm23en1exkpj7lj4
Block name: /test/data/treeTest/testDocBuffer.txt/=FD61/=0064 num 100 verified? true, content: npbuc2kha5cx790d6qimkjnomrg3rou84krijul5lul3qxj14w
Block name: /test/data/treeTest/testDocBuffer.txt/=FD61/=00C8 num 200 verified? true, content: 2v0pktda2tne5cr9cd4vv26jwmtfaa46o81adn9t28d5m2rxk1r
Block name: /test/data/treeTest/testDocBuffer.txt/=FD61/=00012C num 300 verified? true, content: 1kv4ftlvln5rip4iu9hgi42vt6khb51ene4frpqq8vh10g1owv8
Block name: /test/data/treeTest/testDocBuffer.txt/=FD61/=000190 num 400 verified? true, content: 2bsu81114ot1bvqkmur2xksf1u9oqtcr2s5l7omqva007og5b85
Constructed tree of numleaves: 461 max pathlength: 9
Block name: /test/data/treeTest/testDocBuffer.txt/=FDFF/=00 num 0 verified? true, content: 2m6304s9koqd2rbmdv77uw9cnmadgvwcgoobdq0d57jp7vgal4
Block name: /test/data/treeTest/testDocBuffer.txt/=FDFF/=0064 num 100 verified? true, content: 2juq5b47nuopt3xhs7xkhqubls3evxmicnea6u8wb0kcosa36dg
Block name: /test/data/treeTest/testDocBuffer.txt/=FDFF/=00C8 num 200 verified? true, content: vcxjwl47lkwmhfe15iarmx7hwowtnh95nj4sdeal0vqhcu9eim
Block name: /test/data/treeTest/testDocBuffer.txt/=FDFF/=00012C num 300 verified? true, content: nhj5rmgbigx2vfelw7h04ooc4sboi1dqt3fr1w5swupc3kep6t
Block name: /test/data/treeTest/testDocBuffer.txt/=FDFF/=000190 num 400 verified? true, content: 14cstxnbuerqokwj9de9osdx6qxqbqua0wgehsnqc25wnvj4ttd
Constructed tree of numleaves: 462 max pathlength: 9
Block name: /test/data/treeTest/testDocBuffer.txt/=FD01E1/=00 num 0 verified? true, content: 1phe88aj54rv3gcjdcpoj9k2df4xtpspwh70su67egvo7lvu7vt
Block name: /test/data/treeTest/testDocBuffer.txt/=FD01E1/=0064 num 100 verified? true, content: 16fmlgbg93018gruatrm2api9e0ka93vfrp44nxo3wg00t8i7js
Block name: /test/data/treeTest/testDocBuffer.txt/=FD01E1/=00C8 num 200 verified? true, content: bg3ij5kfkwwtwgwwfsmr6x1q2e71qa4qbo75q1lwno6kj9sg5d
Block name: /test/data/treeTest/testDocBuffer.txt/=FD01E1/=00012C num 300 verified? true, content: 19q0ukw3r3h73u33uscfxwlh2d4h3prcf74nxcnjm8kqvri7eis
Block name: /test/data/treeTest/testDocBuffer.txt/=FD01E1/=000190 num 400 verified? true, content: 2x5qhb3vtqg62gc5jdqid575h0amgdnnfdn3r2n8ivgsg4omh05
Constructed tree of numleaves: 463 max pathlength: 9
Block name: /test/data/treeTest/testDocBuffer.txt/=FD03AA/=00 num 0 verified? true, content: 2net2fal898r0796qfm4apfe4ei218nlfn6ofrhe08x0ogg4g82
Block name: /test/data/treeTest/testDocBuffer.txt/=FD03AA/=0064 num 100 verified? true, content: 18sivbxafaapcwnije9ku0i0ualxg7xqmqrw6mdahd9ugh1bf8g
Block name: /test/data/treeTest/testDocBuffer.txt/=FD03AA/=00C8 num 200 verified? true, content: 2801lnsvpn3g2hnp50bmiebi67rdngt3ne9rne00v31hskuqbio
Block name: /test/data/treeTest/testDocBuffer.txt/=FD03AA/=00012C num 300 verified? true, content: 146u28plj2a3l9i4uwsiwj8uic3j7rftfautjti0d5qw3xx7pde
Block name: /test/data/treeTest/testDocBuffer.txt/=FD03AA/=000190 num 400 verified? true, content: d11rgrh2pjdm7chr3nocav06eiejx2le9ecvjkabcs37b6ba4w
Constructed tree of numleaves: 464 max pathlength: 9
Block name: /test/data/treeTest/testDocBuffer.txt/=FD0399/=00 num 0 verified? true, content: 2glc7gaoew6t605so6k4chekxc8gdicwdu053gnmuue5wk0290
Block name: /test/data/treeTest/testDocBuffer.txt/=FD0399/=0064 num 100 verified? true, content: uee73om03aaa9xdrlseikbondljc06u9t4uajsjmrf24kdwt26
Block name: /test/data/treeTest/testDocBuffer.txt/=FD0399/=00C8 num 200 verified? true, content: 1oah3lx3q6wkc2fh1nxhsmj7ihpdkflnrgvfrolin04xfwrt95g
Block name: /test/data/treeTest/testDocBuffer.txt/=FD0399/=00012C num 300 verified? true, content: 1s2og17v4u2sobkdlble5krlq2ssaeu135jmlrhjbvdov8jfogr
Block name: /test/data/treeTest/testDocBuffer.txt/=FD0399/=000190 num 400 verified? true, content: 26lovb88x4k7sxd1w1btlc4tji5uqpg3226ricqk8lhkqmw3wct
Constructed tree of numleaves: 465 max pathlength: 9
Block name: /test/data/treeTest/testDocBuffer.txt/=FD2A/=00 num 0 verified? true, content: 79troo9dx73klxbqshrfnuae1l9ebefpsp9euui5sdjrn51wh4
Block name: /test/data/treeTest/testDocBuffer.txt/=FD2A/=0064 num 100 verified? true, content: 9nvx177dbhxj0xckjlqlpusx8k3k8ttsn2wc3p9jl4873jaehs
Block name: /test/data/treeTest/testDocBuffer.txt/=FD2A/=00C8 num 200 verified? true, content: 1vvr4xfn1pipc2w2e568ima4j6nq6c09jii6qxsk79ilu5hd3pv
Block name: /test/data/treeTest/testDocBuffer.txt/=FD2A/=00012C num 300 verified? true, content: 1frar43oq78aloo3h5tfemwtl1h5cxs8es51q65kdjeoktpq97l
Block name: /test/data/treeTest/testDocBuffer.txt/=FD2A/=000190 num 400 verified? true, content: 2k2vlnekjsaa67t317ebvptg0cvw351mtjxtkca84wahb9g5k47
Constructed tree of numleaves: 466 max pathlength: 9
Block name: /test/data/treeTest/testDocBuffer.txt/=FD61/=00 num 0 verified? true, content: 2m2aoe8k2qrh1cj2h51v9smjr1l6qdki41r8jrf814jinrt4nsa
Block name: /test/data/treeTest/testDocBuffer.txt/=FD61/=0064 num 100 verified? true, content: 2m5tmwx8qf5g5rvs6tgn8bm24aftod2keubh05vgipbnbqc6uu1
Block name: /test/data/treeTest/testDocBuffer.txt/=FD61/=00C8 num 200 verified? true, content: 14jx3ir2g06nv40nlniiljeovt1nrxw9lqfcqhoxx3aki17osok
Block name: /test/data/treeTest/testDocBuffer.txt/=FD61/=00012C num 300 verified? true, content: 2prw1p02gap9hfiurjacgic00itvdje28387jrtjda5qbgiiqhg
Block name: /test/data/treeTest/testDocBuffer.txt/=FD61/=000190 num 400 verified? true, content: goghpfesdvhw5mp6n5rwpgni5omaliv6e34ehdj4souinbfjwo
Constructed tree of numleaves: 467 max pathlength: 9
Block name: /test/data/treeTest/testDocBuffer.txt/=FD023C/=00 num 0 verified? true, content: 1hvurrgo5p2kd9onng19e2qi92nvxlulxh3lt1fcjktw9eckp62
Block name: /test/data/treeTest/testDocBuffer.txt/=FD023C/=0064 num 100 verified? true, content: 19x99fd2kgp7i50vd0d57gifdv8v7safeno8mjdxe08ghqu263c
Block name: /test/data/treeTest/testDocBuffer.txt/=FD023C/=00C8 num 200 verified? true, content: 6edx0rvnu44qavi8gupefb030v2odbfwk8j2ali5t3gq6hh7va
Block name: /test/data/treeTest/testDocBuffer.txt/=FD023C/=00012C num 300 verified? true, content: 303w0c6dx8xm7wwd07sbvjhvfso5jxk1ej3cj3xkb3mguhvcl7b
Block name: /test/data/treeTest/testDocBuffer.txt/=FD023C/=000190 num 400 verified? true, content: 1nfc967t8vnbw4lvukd5jrqlv6q7nnm7proh7u1wdn6dtuwpkdu
Constructed tree of numleaves: 468 max pathlength: 9
Block name: /test/data/treeTest/testDocBuffer.txt/=FDB8/=00 num 0 verified? true, content: 65d13941fg3v3er7b58a0vmggrqfanp3tb55s5tvhnx9998tj9
Block name: /test/data/treeTest/testDocBuffer.txt/=FDB8/=0064 num 100 verified? true, content: a0gdcuhpa9a58cvei3ts1du958mi0kd77qhh6vkhkflaoe6k3c
Block name: /test/data/treeTest/testDocBuffer.txt/=FDB8/=00C8 num 200 verified? true, content: 1crr1exbvbhq3cggdjmjhj42d1mww8k9psjh57xdgg5ikghjl42
Block name: /test/data/treeTest/testDocBuffer.txt/=FDB8/=00012C num 300 verified? true, content: qib37pvt4u1b2squw8wapkr8bnke8wi5gwuamwh14xecafjid
Block name: /test/data/treeTest/testDocBuffer.txt/=FDB8/=000190 num 400 verified? true, content: 2eudcmpcj4spcqu19s6lg56s1k25agjdms5vpdleqni5ew3ge0f
Constructed tree of numleaves: 469 max pathlength: 9
Block name: /test/data/treeTest/testDocBuffer.txt/=FD039D/=00 num 0 verified? true, content: ito1fucpb6nurrvuf2iuxg3a5bvag0uxxrqi58k9x14v6ck3m7
Block name: /test/data/treeTest/testDocBuffer.txt/=FD039D/=0064 num 100 verified? true, content: 2u56pb9fcqifteqg2b86pgpiunlpmiou8hfolbeiug7gnv3eit8
Block name: /test/data/treeTest/testDocBuffer.txt/=FD039D/=00C8 num 200 verified? true, content: 22vmn0dhumo1d5f0ddf0df6uwop16but9xf7p006b0ov33tv51n
Block name: /test/data/treeTest/testDocBuffer.txt/=FD039D/=00012C num 300 verified? true, content: 1a43jrvucsvg0grbm9t4cwun52u22hvtgxw4hxn5hsh68icrpf4
Block name: /test/data/treeTest/testDocBuffer.txt/=FD039D/=000190 num 400 verified? true, content: 1qj9kh12ed57wf9wnxjl38g1o38js5upsqtsbj9ahsfb8p57v4c
Constructed tree of numleaves: 470 max pathlength: 9
Block name: /test/data/treeTest/testDocBuffer.txt/=FD0263/=00 num 0 verified? true, content: 1911jlk7auq2v0apvw4o1qih5wc0g4uhdjomk4iufc9jchfb6l6
Block name: /test/data/treeTest/testDocBuffer.txt/=FD0263/=0064 num 100 verified? true, content: 2r3xacun4mq9gqq1lsv4682205e4bpb5ujg57w1ah4q6jd46eic
Block name: /test/data/treeTest/testDocBuffer.txt/=FD0263/=00C8 num 200 verified? true, content: 2q5ug26tloq5aa7hn5tokinixg4cgjnbbkxnha7u4a8b7lnppp7
Block name: /test/data/treeTest/testDocBuffer.txt/=FD0263/=00012C num 300 verified? true, content: 1na6fsbuub4s8cwpfphg87egll1n2hfhgeu2pllunx0cow7peq8
Block name: /test/data/treeTest/testDocBuffer.txt/=FD0263/=000190 num 400 verified? true, content: 25qmeh6amhosg784g1epcn4ku6noxifsswattudcx03lctmxhu
Constructed tree of numleaves: 471 max pathlength: 9
Block name: /test/data/treeTest/testDocBuffer.txt/=FD15/=00 num 0 verified? true, content: 9laorpf4dtbj0a2ngth2u9k76hqpa2dx4gf68ilkap2tjdtnxp
Block name: /test/data/treeTest/testDocBuffer.txt/=FD15/=0064 num 100 verified? true, content: 2ivf9ulifdr3nbwdjwctmkp5q2f5nvo11jekgu481x1722d9ua1
Block name: /test/data/treeTest/testDocBuffer.txt/=FD15/=00C8 num 200 verified? true, content: 227m12cdqdskgfukapuhko8ihkqlg299qwb1tf4vq5r4a8hjlhn
Block name: /test/data/treeTest/testDocBuffer.txt/=FD15/=00012C num 300 verified? true, content: ov8huhvjtp478hhd4aajnb5nqrccs6ghwxwcl9apktudxbsdng
Block name: /test/data/treeTest/testDocBuffer.txt/=FD15/=000190 num 400 verified? true, content: 16p6n9hn6xje7xpdmqptljt0h2hevrvnerwdargbjc2d5shtm0u
Constructed tree of numleaves: 472 max pathlength: 9
Block name: /test/data/treeTest/testDocBuffer.txt/=FD30/=00 num 0 verified? true, content: 1gqc4pbko810w0hsv2re8f8o8w11334cda1hdssrnrw8uvlolv
Block name: /test/data/treeTest/testDocBuffer.txt/=FD30/=0064 num 100 verified? true, content: 307x83vso2oqx5c5e8sku1vwsk9w81vlitwlh7wafn0nu5ueajd
Block name: /test/data/treeTest/testDocBuffer.txt/=FD30/=00C8 num 200 verified? true, content: 5fhfh0dv5ilukpkao82lswk5nmdsrkkalk72qhpcrhnkex910a
Block name: /test/data/treeTest/testDocBuffer.txt/=FD30/=00012C num 300 verified? true, content: 2c7ovk51vcw5vb0r4vwaorb02d3jjmtn7cth4std1nv8bus8bxs
Block name: /test/data/treeTest/testDocBuffer.txt/=FD30/=000190 num 400 verified? true, content: kq6xj0cdd9s8eeonbmbr9m44iag1o5g2nwjb57hk258vdvwcof
Constructed tree of numleaves: 473 max pathlength: 9
Block name: /test/data/treeTest/testDocBuffer.txt/=FD32/=00 num 0 verified? true, content: 1g6jiq9oe8giobd3omft4spijf44k463qhotos0wd9fe5q6jk7o
Block name: /test/data/treeTest/testDocBuffer.txt/=FD32/=0064 num 100 verified? true, content: ceq1f68hvp9skgsdgn17bwrvhuo1nocf50dpp032anm1er9b95
Block name: /test/data/treeTest/testDocBuffer.txt/=FD32/=00C8 num 200 verified? true, content: 2qbdlxpvfq97qqsx0ophss9g9fib25auxh0wktr94xvxb1wsap7
Block name: /test/data/treeTest/testDocBuffer.txt/=FD32/=00012C num 300 verified? true, content: 4b2s76ohrwenv6l3u411g500k1v9mer28epibg0spqi2chos1b
Block name: /test/data/treeTest/testDocBuffer.txt/=FD32/=000190 num 400 verified? true, content: 3jevsildfjsu7r6mxiv41v0v7wlifsa2q12xe9c3qgb8v2gf6d
Constructed tree of numleaves: 474 max pathlength: 9
Block name: /test/data/treeTest/testDocBuffer.txt/=FD02B0/=00 num 0 verified? true, content: 2nbp8acw0v7bj9wdhail09su1wmkk392wk531runqbudiu8rqm7
Block name: /test/data/treeTest/testDocBuffer.txt/=FD02B0/=0064 num 100 verified? true, content: 25xbq8nsbbcto4ghblpv23iqhid9nafqefc1klld5p0lxrhbv0j
Block name: /test/data/treeTest/testDocBuffer.txt/=FD02B0/=00C8 num 200 verified? true, content: nl7akq4qmd1nsvs58xdl2ji3bwxq7d75m10ttva52eah8rdrv7
Block name: /test/data/treeTest/testDocBuffer.txt/=FD02B0/=00012C num 300 verified? true, content: 2fo4eqq01g5wwewakg5pad9thic9xtdf8x88uhihrdlhacdjdrn
Block name: /test/data/treeTest/testDocBuffer.txt/=FD02B0/=000190 num 400 verified? true, content: wj3gekslq1q9676ib2ajhpqaid2ai7fadpjc5vbm8ghx0ivl4a
Constructed tree of numleaves: 475 max pathlength: 9
Block name: /test/data/treeTest/testDocBuffer.txt/=FDDA/=00 num 0 verified? true, content: 1njtqk6baajeuh04abxqam3etlsfmt8gxmgpr6qsudv0q6k1sbx
Block name: /test/data/treeTest/testDocBuffer.txt/=FDDA/=0064 num 100 verified? true, content: 210o4k184b38tcc8olw1vswim0aj0nmk9r898sn38cg55aqdobc
Block name: /test/data/treeTest/testDocBuffer.txt/=FDDA/=00C8 num 200 verified? true, content: nqtqotdnwpu41cs5gpvcfov59vc4815a1m18fw2wxesfhxuf59
Block name: /test/data/treeTest/testDocBuffer.txt/=FDDA/=00012C num 300 verified? true, content: 21m0k41qrw5d3gu6k0i9k482m8i6c2ex3di6vi399dbd4x2h0f
Block name: /test/data/treeTest/testDocBuffer.txt/=FDDA/=000190 num 400 verified? true, content: lmxfw59vqiw6bl17mup81mnebk9dwat3mb01v2x8kisiekp52b
Constructed tree of numleaves: 476 max pathlength: 9
Block name: /test/data/treeTest/testDocBuffer.txt/=FD03E3/=00 num 0 verified? true, content: tte6dejt26b187kc2eh57jw7s7pl5vqtvugcgr4gl9o0oh1s80
Block name: /test/data/treeTest/testDocBuffer.txt/=FD03E3/=0064 num 100 verified? true, content: xpi2grgr4xdme8pq71r1qwuiglf4t9v63dqibs2jvi6o7lf5pb
Block name: /test/data/treeTest/testDocBuffer.txt/=FD03E3/=00C8 num 200 verified? true, content: mcddh1puudfwjw9sah12vr0fawen7o574op7pumg5lb0aplw9n
Block name: /test/data/treeTest/testDocBuffer.txt/=FD03E3/=00012C num 300 verified? true, content: e0fbkejsnemxo70wdhukojc977700fj29bsmvlbp932ss0c7xv
Block name: /test/data/treeTest/testDocBuffer.txt/=FD03E3/=000190 num 400 verified? true, content: i528snftffjomawaenqbsan771so7tag54rvn027ca5lew9u9w
Constructed tree of numleaves: 477 max pathlength: 9
Block name: /test/data/treeTest/testDocBuffer.txt/=FD0324/=00 num 0 verified? true, content: 1x0i7llglqmxj0m9hhj3e2k4v8ug5m1kmk2ctoqaev4lpi86dpa
Block name: /test/data/treeTest/testDocBuffer.txt/=FD0324/=0064 num 100 verified? true, content: 19we2vfmlktiesv47s5jdjpsd6vjm5wfhqwn8ngrtk16pix46ep
Block name: /test/data/treeTest/testDocBuffer.txt/=FD0324/=00C8 num 200 verified? true, content: 2x952j33ei6enkl5maxq1mo3uprrcmgk8h6ktoflt5rajp3wqgh
Block name: /test/data/treeTest/testDocBuffer.txt/=FD0324/=00012C num 300 verified? true, content: u717uulwuv0wb18cia8gd5w5k0uwih5t88b5vbkrdcvmtjjvid
Block name: /test/data/treeTest/testDocBuffer.txt/=FD0324/=000190 num 400 verified? true, content: 25bcmhmke7iap66tqgq38oe44t1w06go3erqqh1d1g4imt4c8no
Constructed tree of numleaves: 478 max pathlength: 9
Block name: /test/data/treeTest/testDocBuffer.txt/=FD01BB/=00 num 0 verified? true, content: 1r4p9uqfnjb6g2el0xjtqnragw3xo4tdr79oai9kio96m08s8hq
Block name: /test/data/treeTest/testDocBuffer.txt/=FD01BB/=0064 num 100 verified? true, content: 2odbbvhsdfxbpsebmhpiw1vlthcr7xe85itmmd07p33db09qv0c
Block name: /test/data/treeTest/testDocBuffer.txt/=FD01BB/=00C8 num 200 verified? true, content: 1rmjgmapx62uowquuwcf1hqioai89ot26qf96bax26xnrtkd0j3
Block name: /test/data/treeTest/testDocBuffer.txt/=FD01BB/=00012C num 300 verified? true, content: 31fqkto7biie3sle9j3saoebsi8s78llg0npbsfr740x3sowj5
Block name: /test/data/treeTest/testDocBuffer.txt/=FD01BB/=000190 num 400 verified? true, content: 1uwk3x8sqrxv02ge8dph8qmi34ng1fj4n9o9ptcokhhfabj2utc
Constructed tree of numleaves: 479 max pathlength: 9
Block name: /test/data/treeTest/testDocBuffer.txt/=FD017F/=00 num 0 verified? true, content: 1wd13bi23nq6lv18tnw5bc77w0kj8t9et07u0sq01ndln0rxls6
Block name: /test/data/treeTest/testDocBuffer.txt/=FD017F/=0064 num 100 verified? true, content: 23kp0ggbf4x4kvo9srq3jaifalrqrdmcmt2ibdjg6qp4fu92nsu
Block name: /test/data/treeTest/testDocBuffer.txt/=FD017F/=00C8 num 200 verified? true, content: v94hlvmsdbaov5xwkjvnr4prhmia1lv5beasaapf0mf9xttcqj
Block name: /test/data/treeTest/testDocBuffer.txt/=FD017F/=00012C num 300 verified? true, content: 2stogpjn1mg5931ou56defgjlmma1mqqmstkxmxx5j4bvcdkwcv
Block name: /test/data/treeTest/testDocBuffer.txt/=FD017F/=000190 num 400 verified? true, content: f6oaa8mq09x9p45xv5dkorvxd49dv5ejan2f5uumbafo0sd2kw
Constructed tree of numleaves: 480 max pathlength: 9
Block name: /test/data/treeTest/testDocBuffer.txt/=FD03CB/=00 num 0 verified? true, content: 1xp4l8qm7jfd0i1ns6063sgxbu7sr32qaio4qc3nxk4i8luwik7
Block name: /test/data/treeTest/testDocBuffer.txt/=FD03CB/=0064 num 100 verified? true, content: 2nd1hxj1o2t2lhitqnsw6uvvq91bwh1nnm80cbmr8fgcc7frjm4
Block name: /test/data/treeTest/testDocBuffer.txt/=FD03CB/=00C8 num 200 verified? true, content: tspsnf1x9t0dc2gfxgdrjlk72h03kmu1qell4xhpqk5bhsgsmo
Block name: /test/data/treeTest/testDocBuffer.txt/=FD03CB/=00012C num 300 verified? true, content: dwiwhi11esf8d7f93up75a32d14ftq8bpru7uu56pigt6iiddw
Block name: /test/data/treeTest/testDocBuffer.txt/=FD03CB/=000190 num 400 verified? true, content: 15pur9vb2gl1fug4x0oi61bmkhbesq2xdgnqadt273hre4a16i6
Constructed tree of numleaves: 481 max pathlength: 9
Block name: /test/data/treeTest/testDocBuffer.txt/=FD0155/=00 num 0 verified? true, content: 5enn8musol4gqgmhj2e65xin83wn8g41hd3eqrqvttohti1lrm
Block name: /test/data/treeTest/testDocBuffer.txt/=FD0155/=0064 num 100 verified? true, content: 327se96fropi1n5glc8mvgrrdk2e4ac1jeit448iqi6rimxihhl
Block name: /test/data/treeTest/testDocBuffer.txt/=FD0155/=00C8 num 200 verified? true, content: 21w5ilfbajcv0q26a2hfnr045mqhw28a4n8c1j9flqatm969kbk
Block name: /test/data/treeTest/testDocBuffer.txt/=FD0155/=00012C num 300 verified? true, content: 2d2gq7od5dqh2wj8cqljwtj22wt5foh7r3x5c31se120rq8nqe4
Block name: /test/data/treeTest/testDocBuffer.txt/=FD0155/=000190 num 400 verified? true, content: ag8ftmulfwvv9e482g8i1hfixxcgxtokls2wli0utau1xeujn1
Constructed tree of numleaves: 482 max pathlength: 9
Block name: /test/data/treeTest/testDocBuffer.txt/=FD030C/=00 num 0 verified? true, content: 165spqqvhwuelle7pdhpv4pwjubci9d6hsk9qql0p1a7w1qp084
Block name: /test/data/treeTest/testDocBuffer.txt/=FD030C/=0064 num 100 verified? true, content: ku78ahsdxu3ql1m7uv0xcoontscvu6a7el4ii073m5d93ijxhk
Block name: /test/data/treeTest/testDocBuffer.txt/=FD030C/=00C8 num 200 verified? true, content: 12xj2kfu9xbkgbd0hqil52h169w5kewv9tctpqdedjpmpphqcie
Block name: /test/data/treeTest/testDocBuffer.txt/=FD030C/=00012C num 300 verified? true, content: abgcmcjp56tp4wwh41rwsphpugko1d1agsqqqvw4fjkawpkr8e
Block name: /test/data/treeTest/testDocBuffer.txt/=FD030C/=000190 num 400 verified? true, content: c1o0id3dlt52oqniqln1l2sfoskpfp46p7w4f44u63ilnq60rd
Constructed tree of numleaves: 483 max pathlength: 9
Block name: /test/data/treeTest/testDocBuffer.txt/=FDBC/=00 num 0 verified? true, content: 1554evf2igcl2b2wdqvgegrecj90dmvvmmr99ur598j5klcf1jj
Block name: /test/data/treeTest/testDocBuffer.txt/=FDBC/=0064 num 100 verified? true, content: 2keuprwa0g1345cmwdvx7nsclvqmbf778hkswl7wqbq8tx290l2
Block name: /test/data/treeTest/testDocBuffer.txt/=FDBC/=00C8 num 200 verified? true, content: 2b969fupbd9a2jvwn9df0ekjbs4rin4xgwje404lthv2h816pt1
Block name: /test/data/treeTest/testDocBuffer.txt/=FDBC/=00012C num 300 verified? true, content: 2x6mtfbg2ccoxf7r0ijxmii15ai9autn5qwgmdjk78v7dqfjwg9
Block name: /test/data/treeTest/testDocBuffer.txt/=FDBC/=000190 num 400 verified? true, content: 10jrscce2v0xx7n5jli486uks9nkdqhj3pnvm4e9mvifrnxx5b0
Constructed tree of numleaves: 484 max pathlength: 9
Block name: /test/data/treeTest/testDocBuffer.txt/=FD0104/=00 num 0 verified? true, content: 6h9ikfin9ve2dfj7wvfjk26sthp9g26j0ov4b8vrdslvih6n0u
Block name: /test/data/treeTest/testDocBuffer.txt/=FD0104/=0064 num 100 verified? true, content: 1cdqq68iaopt0imcrfxvpjeem5j2g7rv1nh8j6oowxpr8ednpec
Block name: /test/data/treeTest/testDocBuffer.txt/=FD0104/=00C8 num 200 verified? true, content: 1oqsgpr42o3hpo0svo0i0ndefxep6ljh7a7xdamdw3mjmve0aki
Block name: /test/data/treeTest/testDocBuffer.txt/=FD0104/=00012C num 300 verified? true, content: 323ke3c7h0mekoov8jpjc2p73f09tp9pn5admn2tqd7c0lhfhaq
Block name: /test/data/treeTest/testDocBuffer.txt/=FD0104/=000190 num 400 verified? true, content: 23k428pv7innukvflc3lcn0afnds7v5hv7f5g5bhrv7os9720pg
Constructed tree of numleaves: 485 max pathlength: 9
Block name: /test/data/treeTest/testDocBuffer.txt/=FD03A0/=00 num 0 verified? true, content: r7xm01c49l3rmpwwqook9knq244g8v6hs6jma5ml44bvrgugvw
Block name: /test/data/treeTest/testDocBuffer.txt/=FD03A0/=0064 num 100 verified? true, content: 1t1afp4cmlm7kvdi6avk5sei8c9j8723iv8iqr6re8ihcswh59
Block name: /test/data/treeTest/testDocBuffer.txt/=FD03A0/=00C8 num 200 verified? true, content: 8cvdc8c3pxnl2ulfxsx4q2eslv9ti1fx3hbb4b5wuqe7j8ex5k
Block name: /test/data/treeTest/testDocBuffer.txt/=FD03A0/=00012C num 300 verified? true, content: 11fx2o2xi8b3q55rof5xmei5bicooe3qv0cqkmue5a41mugftmu
Block name: /test/data/treeTest/testDocBuffer.txt/=FD03A0/=000190 num 400 verified? true, content: 1jm5swt5nj66i469fh8r9rcahir8vm05e8em7p6jmal3k6ihwjf
Constructed tree of numleaves: 486 max pathlength: 9
Block name: /test/data/treeTest/testDocBuffer.txt/=FD01F6/=00 num 0 verified? true, content: 3b6mw77mognn8qlqgtee1hsgcidlen2x7029smsc6oe1qcn492
Block name: /test/data/treeTest/testDocBuffer.txt/=FD01F6/=0064 num 100 verified? true, content: m8bm2bbe266ckp78s9h7dew64p8amm2r3uwq27ng9ut3ft30wr
Block name: /test/data/treeTest/testDocBuffer.txt/=FD01F6/=00C8 num 200 verified? true, content: 10tgihvdjpjckvod0h5g1j1o8d96n40a4jslq3494wjnbnf9078
Block name: /test/data/treeTest/testDocBuffer.txt/=FD01F6/=00012C num 300 verified? true, content: 103xmt4m877bdx9kgqfn7bkg9qrf0sk9xe1s4j6ks62bvh16gjn
Block name: /test/data/treeTest/testDocBuffer.txt/=FD01F6/=000190 num 400 verified? true, content: uccn9rnpriux2clua4kjvbect800k08w53ecar35vccscunbr1
Constructed tree of numleaves: 487 max pathlength: 9
Block name: /test/data/treeTest/testDocBuffer.txt/=FD0306/=00 num 0 verified? true, content: uwgdj6691tbjsv4hf3tkt0vxkujukd3p1jaf4k43xk2uug7fqu
Block name: /test/data/treeTest/testDocBuffer.txt/=FD0306/=0064 num 100 verified? true, content: 2tf8fepoh57ku9ldhmq92025jmx8508c5l92kj1hexxk7fu4fto
Block name: /test/data/treeTest/testDocBuffer.txt/=FD0306/=00C8 num 200 verified? true, content: coblqj6jh5t8s07pr7ns5v8bplla7ixdr018fqexepvl37fp4b
Block name: /test/data/treeTest/testDocBuffer.txt/=FD0306/=00012C num 300 verified? true, content: rmjonv0f70d0itud0629blj2mmqko48jejb8grjv0bvuld1510
Block name: /test/data/treeTest/testDocBuffer.txt/=FD0306/=000190 num 400 verified? true, content: 1deboovdu77lr3ktfiqjj0nvu3o4kr0tnde8ilg5qai3xt2ru6u
Constructed tree of numleaves: 488 max pathlength: 9
Block name: /test/data/treeTest/testDocBuffer.txt/=FD0243/=00 num 0 verified? true, content: 1givqq316k00awh73v7uhdixo0b6vk7202wmt704b1eqaw7kvgc
Block name: /test/data/treeTest/testDocBuffer.txt/=FD0243/=0064 num 100 verified? true, content: 2lvb4wnat3whhmkle28eo6e30rekoevpu3mrihkpddxdu60h8mv
Block name: /test/data/treeTest/testDocBuffer.txt/=FD0243/=00C8 num 200 verified? true, content: 1mpeoq092cx08ef9gbd2isd9k0ae0e3i9f7foftqf1x0jm2c17e
Block name: /test/data/treeTest/testDocBuffer.txt/=FD0243/=00012C num 300 verified? true, content: 1raqc5ijnlkwrcjws6dmisqwhbcqh2bk3ruorogfx8j2835w81s
Block name: /test/data/treeTest/testDocBuffer.txt/=FD0243/=000190 num 400 verified? true, content: 5frt0p67ud1hh9cqjrw0dt0ibbr0whi3oje5kqqjpw825176tx
Constructed tree of numleaves: 489 max pathlength: 9
Block name: /test/data/treeTest/testDocBuffer.txt/=FD63/=00 num 0 verified? true, content: q8elxx7eltjesu72jpm60lfsp6elkqncd1x8nlcqh2o58q7wae
Block name: /test/data/treeTest/testDocBuffer.txt/=FD63/=0064 num 100 verified? true, content: 1sve99e9wmilxj54twhojxi832nv72qb05r99b9orng6iqmedhl
Block name: /test/data/treeTest/testDocBuffer.txt/=FD63/=00C8 num 200 verified? true, content: 2wc2msjaj3xjntkwu17x3x15olgrsxo8w42n3mo2pjb8hxv2ji1
Block name: /test/data/treeTest/testDocBuffer.txt/=FD63/=00012C num 300 verified? true, content: tfo1u6qoukjfuksd70x593ciisqmfr1a4vib69pk24cbdax0an
Block name: /test/data/treeTest/testDocBuffer.txt/=FD63/=000190 num 400 verified? true, content: 1aqsdqx7uh9mis19akqswl8pm5079fo2nhvr9br3ga4efg08kub
Constructed tree of numleaves: 490 max pathlength: 9
Block name: /test/data/treeTest/testDocBuffer.txt/=FDE6/=00 num 0 verified? true, content: 1n4dkf8jqrc4b7g1ua64er2fe2jqqr6afrgl2thwq0c8h4unuji
Block name: /test/data/treeTest/testDocBuffer.txt/=FDE6/=0064 num 100 verified? true, content: hun9wis5wbg5q05xjn5shrwbic8maf1g02aoi1nm9idtlf27ro
Block name: /test/data/treeTest/testDocBuffer.txt/=FDE6/=00C8 num 200 verified? true, content: 31f8a9c3ixbn6cblxibl60qd1bot5tw617g0hj8jd8bx4sj7hip
Block name: /test/data/treeTest/testDocBuffer.txt/=FDE6/=00012C num 300 verified? true, content: 2fl5w9f17cagjijfvu0wmja6pvb5clmn51vknw3uw8pdmphrw1
Block name: /test/data/treeTest/testDocBuffer.txt/=FDE6/=000190 num 400 verified? true, content: 27wkad4ch4gmbw8a07ovbcf2gec8g61r8moq3rwkse7wwf96rbq
Constructed tree of numleaves: 491 max pathlength: 9
Block name: /test/data/treeTest/testDocBuffer.txt/=FD0301/=00 num 0 verified? true, content: 1b3or4s25wrecgm12wcbplfkkd2srlxnug57osbisiv1bsbig7c
Block name: /test/data/treeTest/testDocBuffer.txt/=FD0301/=0064 num 100 verified? true, content: 2vx2pwwd0erme3vu1tb49vdmr3wb0i7v18c9pn0qcjv1plvj5ql
Block name: /test/data/treeTest/testDocBuffer.txt/=FD0301/=00C8 num 200 verified? true, content: nau5tjh4fcg1htc58r9000sk9l63dxhfo75qposlx8l3s78kc
Block name: /test/data/treeTest/testDocBuffer.txt/=FD0301/=00012C num 300 verified? true, content: 227d1so7whe7cf3chhwnm0im7k1u6x153bb40kn3n50xv5u5ont
Block name: /test/data/treeTest/testDocBuffer.txt/=FD0301/=000190 num 400 verified? true, content: 191b0612eboh1xqm2w0fasw2l2olvtoerel5s045sw6071s1cda
Constructed tree of numleaves: 492 max pathlength: 9
Block name: /test/data/treeTest/testDocBuffer.txt/=FDF9/=00 num 0 verified? true, content: 28imqtaxmbp5h0irnuwma4pfsba4aoijjbqlpbi2xib3fcugd82
Block name: /test/data/treeTest/testDocBuffer.txt/=FDF9/=0064 num 100 verified? true, content: 18cap5jlga77q91od7xd19qrb450xjgve52x06jqigmx1gofxj8
Block name: /test/data/treeTest/testDocBuffer.txt/=FDF9/=00C8 num 200 verified? true, content: 1q4j67pvc5hild5jabtq5to9mptf4jdsfcq0gj9vxk00f2pmfqk
Block name: /test/data/treeTest/testDocBuffer.txt/=FDF9/=00012C num 300 verified? true, content: 1bgdpv7795vric1dpjsa1ob3gurl7el541rrodkx5bo1g4gd3xu
Block name: /test/data/treeTest/testDocBuffer.txt/=FDF9/=000190 num 400 verified? true, content: 16uriw0543rfumptk53wf8alc7sb0daq5r5trpklao58b08chip
Constructed tree of numleaves: 493 max pathlength: 9
Block name: /test/data/treeTest/testDocBuffer.txt/=FD036D/=00 num 0 verified? true, content: 30r1v4sfpj8vns8op2huwp8unk05nci6lookr9bmmwgwk2kigsu
Block name: /test/data/treeTest/testDocBuffer.txt/=FD036D/=0064 num 100 verified? true, content: 10qwjtwrnxpera99b4u9fdhtuk7mnhsxiqp6ef4pn52xc880vlt
Block name: /test/data/treeTest/testDocBuffer.txt/=FD036D/=00C8 num 200 verified? true, content: 29svlw7igb03c28bgj9dem0gvumfe8ab6mt5r90o7uf3gj6kv0n
Block name: /test/data/treeTest/testDocBuffer.txt/=FD036D/=00012C num 300 verified? true, content: 19r20gk39dur16i5ko14em9ktlgv2vs2i51i4mgdnfvtbas92gl
Block name: /test/data/treeTest/testDocBuffer.txt/=FD036D/=000190 num 400 verified? true, content: 9f5jha96opcxb9lro4s4jatw8rxs3q3jn51c5gfxlpo01hsnii
Constructed tree of numleaves: 494 max pathlength: 9
Block name: /test/data/treeTest/testDocBuffer.txt/=FD0111/=00 num 0 verified? true, content: 279ht871d19spdsajqtpofd3e4ni0t1udkcdtnn1qv7nktco5l4
Block name: /test/data/treeTest/testDocBuffer.txt/=FD0111/=0064 num 100 verified? true, content: 1x5ousp4pmcgsdhx0gw5hqwaaitoujbtcqpcqakkhw5wnr1mdk8
Block name: /test/data/treeTest/testDocBuffer.txt/=FD0111/=00C8 num 200 verified? true, content: 1elc7us1up84dttv0idsns34o63du5s9kmhdnsqrcq9e5tt269i
Block name: /test/data/treeTest/testDocBuffer.txt/=FD0111/=00012C num 300 verified? true, content: 2wlmd7r5xjmmbwllfiq6l7epu5m6pek0x4q28jst23n504f7nnr
Block name: /test/data/treeTest/testDocBuffer.txt/=FD0111/=000190 num 400 verified? true, content: 8t61a3s304qt1ckt9enpcgb12wsik2kpfsnjbh9op0o35atae8
Constructed tree of numleaves: 495 max pathlength: 9
Block name: /test/data/treeTest/testDocBuffer.txt/=FD02EB/=00 num 0 verified? true, content: 53vns4hdwg31n4dgt6n3n3serwjpen54bf2umfqke2j8c8krhq
Block name: /test/data/treeTest/testDocBuffer.txt/=FD02EB/=0064 num 100 verified? true, content: r8q88jbe522vgp23x8s0qo5xj3h3tl0ijke6gapf031v7dueiv
Block name: /test/data/treeTest/testDocBuffer.txt/=FD02EB/=00C8 num 200 verified? true, content: 200mr15v15prt3oljf0u1alp66vcue51nbnvs4vs32uj620pjuu
Block name: /test/data/treeTest/testDocBuffer.txt/=FD02EB/=00012C num 300 verified? true, content: lc9lddff9kcmubiwij6cwdthfog7xg0jqov7scv52tnx8w21ah
Block name: /test/data/treeTest/testDocBuffer.txt/=FD02EB/=000190 num 400 verified? true, content: 1jhijgx410tvw261298a4cop6bdhh0fh0ateh2dtiw7sag16i6q
Constructed tree of numleaves: 496 max pathlength: 9
Block name: /test/data/treeTest/testDocBuffer.txt/=FD0171/=00 num 0 verified? true, content: 2gvsmxbs0pu0nuvjdq7a8lgd1cjbto9i2fga1ljt699jvrcakdq
Block name: /test/data/treeTest/testDocBuffer.txt/=FD0171/=0064 num 100 verified? true, content: ivrx1sfb1094nkbbgl5mr52etkmu9p9ia93rhwtc2ntfbn8q5r
Block name: /test/data/treeTest/testDocBuffer.txt/=FD0171/=00C8 num 200 verified? true, content: 10x7khd0tbwpum98phma4ggoxcmreqglselj23n5pj2l7a6dp6e
Block name: /test/data/treeTest/testDocBuffer.txt/=FD0171/=00012C num 300 verified? true, content: 2ifawxdmmj9qgii183spca7cw1l2dglcxrn93mms248wfwl24op
Block name: /test/data/treeTest/testDocBuffer.txt/=FD0171/=000190 num 400 verified? true, content: 22nfhwct5icw39sd793ervcb93ukdu2a7cd46djxifih2ewvmdv
Constructed tree of numleaves: 497 max pathlength: 9
Block name: /test/data/treeTest/testDocBuffer.txt/=FD014E/=00 num 0 verified? true, content: ew2hwn78s43lo9pr5jo4q8lspb04ed55bim69s7k9tewxui61u
Block name: /test/data/treeTest/testDocBuffer.txt/=FD014E/=0064 num 100 verified? true, content: umhhtqdjixtqh6b4464ju0vrmqq9x0q4xencbk2mbjesa60gtf
Block name: /test/data/treeTest/testDocBuffer.txt/=FD014E/=00C8 num 200 verified? true, content: 30o37i48kx0hbmpvdosrwfereakunk1kbd5nsbek1wxnmoa1alg
Block name: /test/data/treeTest/testDocBuffer.txt/=FD014E/=00012C num 300 verified? true, content: b158gnagpeu59o1eghlenfigjdkhh89j86a2aj8bq0tbaiuwme
Block name: /test/data/treeTest/testDocBuffer.txt/=FD014E/=000190 num 400 verified? true, content: b1ewonthb1vjlgj8gvc2jotlbvawdh58gohb7qonlhu7nj2ngt
Constructed tree of numleaves: 498 max pathlength: 9
Block name: /test/data/treeTest/testDocBuffer.txt/=FD0308/=00 num 0 verified? true, content: 639m0hnjvn31xc6pepcltueg0gnbhig053g4rnn1ifugc7flks
Block name: /test/data/treeTest/testDocBuffer.txt/=FD0308/=0064 num 100 verified? true, content: 11n9wr5dtuidiiqmg0o4emib7n0euo896ahsjst2fevik6s0581
Block name: /test/data/treeTest/testDocBuffer.txt/=FD0308/=00C8 num 200 verified? true, content: 1xeobuqwc0e01uqr6iqt2k5thc6q8ifrsnmd5fu8v29tw3dk9n3
Block name: /test/data/treeTest/testDocBuffer.txt/=FD0308/=00012C num 300 verified? true, content: je3x4olx56431aevic4ciet4165r50uobtbhekvjd4ri99rmjt
Block name: /test/data/treeTest/testDocBuffer.txt/=FD0308/=000190 num 400 verified? true, content: 206rp0sstt5vjr89s6tj8pkao5k80e6504usjgw2ihcpgj93lso
Constructed tree of numleaves: 499 max pathlength: 9
Block name: /test/data/treeTest/testDocBuffer.txt/=FD0374/=00 num 0 verified? true, content: 2368rsvq067nk8xp1iticoluglxru0lnhhsmw55i6nul5xlwkje
Block name: /test/data/treeTest/testDocBuffer.txt/=FD0374/=0064 num 100 verified? true, content: 1h1nbmilr7t0p6566bmn94h3k99tof1vjcbl4qxvdibx311maah
Block name: /test/data/treeTest/testDocBuffer.txt/=FD0374/=00C8 num 200 verified? true, content: 1umphf3fupxnj8c15shuepn6htoikhdxd1xm23eao3oqedn97ox
Block name: /test/data/treeTest/testDocBuffer.txt/=FD0374/=00012C num 300 verified? true, content: mj8tuc3ngvamq6dj532ij3m4r2edm06xo6c9wf6vmwacfjnc39
Block name: /test/data/treeTest/testDocBuffer.txt/=FD0374/=000190 num 400 verified? true, content: 17j124encnjd26s1nh0ixqfw3o85pbpd1c7xkwqtjxqxb83tkna
Constructed tree of numleaves: 500 max pathlength: 9
Block name: /test/data/treeTest/testDocBuffer.txt/=FD02B3/=00 num 0 verified? true, content: btlsprs9kni5hwxcp19qg5d02rb9o4pm7t03mr9s1s014ow50j
Block name: /test/data/treeTest/testDocBuffer.txt/=FD02B3/=0064 num 100 verified? true, content: 1pf7c1ar7q2emn2gdpmm0ua25aqc21xkh1rcvskd49am2wqj4t4
Block name: /test/data/treeTest/testDocBuffer.txt/=FD02B3/=00C8 num 200 verified? true, content: 2xc75fb9kv43t4num2amtak7wv7g1euth8xbpbbf0wnt4bxcuxh
Block name: /test/data/treeTest/testDocBuffer.txt/=FD02B3/=00012C num 300 verified? true, content: 2i7jb1ao80lkr3co10k8fj7qm4l7131wns79p8owwlo3ipg15mq
Block name: /test/data/treeTest/testDocBuffer.txt/=FD02B3/=000190 num 400 verified? true, content: 1n7xqkuqm0olec99mk0kxgujdoqp4p5kp13d5pfsr7rx6pk7xu8
Constructed tree of numleaves: 501 max pathlength: 9
Block name: /test/data/treeTest/testDocBuffer.txt/=FD0375/=00 num 0 verified? true, content: 23nwwaqmoe6ptit3w8ua1q7fgi9bdsx61o89dsg8u6ihkji7vqd
Block name: /test/data/treeTest/testDocBuffer.txt/=FD0375/=0064 num 100 verified? true, content: 2baari90l8lkokrudw9dp135ahv5q3i25d1os2inl5viuksee7t
Block name: /test/data/treeTest/testDocBuffer.txt/=FD0375/=00C8 num 200 verified? true, content: 11sb732ce0c722nkq6ruvtfghe3epqchwmtdptcw0coedjdj809
Block name: /test/data/treeTest/testDocBuffer.txt/=FD0375/=00012C num 300 verified? true, content: e3mee58ivmxvofmvuvccj8717bksl794xiernggfnvi5ectb6k
Block name: /test/data/treeTest/testDocBuffer.txt/=FD0375/=000190 num 400 verified? true, content: 2gc53ocvp6q8q81iutjmkkp6t2bgetkvt4nnkcsrv2apddmnuc6
Constructed tree of numleaves: 502 max pathlength: 9
Block name: /test/data/treeTest/testDocBuffer.txt/=FD0392/=00 num 0 verified? true, content: 2ws3vqw33e0d1g6mnvn754rk2naucsoekg6so2vo00c8uhqreks
Block name: /test/data/treeTest/testDocBuffer.txt/=FD0392/=0064 num 100 verified? true, content: 1l40wtad8ur17cbgmaox90pnrs0wix02ta7v2l9gwvr4alk68hr
Block name: /test/data/treeTest/testDocBuffer.txt/=FD0392/=00C8 num 200 verified? true, content: 1b3i9qth2coj3shr4kmu8f66pcappvpsn5gn71angejg7ipg5c1
Block name: /test/data/treeTest/testDocBuffer.txt/=FD0392/=00012C num 300 verified? true, content: 1dhci4cbbrr5hfnbp24svebx18rxx7nvwenbiuqbh2jkhc9clbi
Block name: /test/data/treeTest/testDocBuffer.txt/=FD0392/=000190 num 400 verified? true, content: 12pufl8u8wwnefpbkom4ex5thfl0gi975jbxvf5g9oapv6a87fa
Block name: /test/data/treeTest/testDocBuffer.txt/=FD0392/=0001F4 num 500 verified? true, content: terk15wqa1btpeppkdvn3gu73resstes8hwmswdg0tjup4bs82
Constructed tree of numleaves: 503 max pathlength: 9
Block name: /test/data/treeTest/testDocBuffer.txt/=FD01C1/=00 num 0 verified? true, content: ej3x8avhox63b8bmd04qtoo6apk5uc5pxxf5b1cbdwlhpe5cer
Block name: /test/data/treeTest/testDocBuffer.txt/=FD01C1/=0064 num 100 verified? true, content: 104ghg6rtkr7tet7r8jamnt5blqk9gpti6x8qv6i3uaahm2l73j
Block name: /test/data/treeTest/testDocBuffer.txt/=FD01C1/=00C8 num 200 verified? true, content: 14i1xg4qf5gogkpew8q69m75owvvbhgr7aabj0qe6m79ct4thic
Block name: /test/data/treeTest/testDocBuffer.txt/=FD01C1/=00012C num 300 verified? true, content: 162ivelp58jw12ifov8ief253f8p47a5s03owkxfn868xnsx4wc
Block name: /test/data/treeTest/testDocBuffer.txt/=FD01C1/=000190 num 400 verified? true, content: 2ra9ai4pdktjnfr2q24kueskwpgrhfo9cgjfo6169dqvkrrtojx
Block name: /test/data/treeTest/testDocBuffer.txt/=FD01C1/=0001F4 num 500 verified? true, content: 2o88meph7qx30pd70s60di60ax5dn2v740oh8v3b398o3b1s22b
Constructed tree of numleaves: 504 max pathlength: 9
Block name: /test/data/treeTest/testDocBuffer.txt/=FD030C/=00 num 0 verified? true, content: mp557twk72k3tn4883oj7c0k5njrin6u97e51rwca6cbi4s14
Block name: /test/data/treeTest/testDocBuffer.txt/=FD030C/=0064 num 100 verified? true, content: 2ia2frsmeiwlhi1dwjicfm7rnqpjohcbpwvlhjht12w5jghe10q
Block name: /test/data/treeTest/testDocBuffer.txt/=FD030C/=00C8 num 200 verified? true, content: 1usivebkd7h60ta4hatdiosxloifp2kbfteqc7a5626l75ufpxk
Block name: /test/data/treeTest/testDocBuffer.txt/=FD030C/=00012C num 300 verified? true, content: 1nhjfhn2x3w9f5ui3nq032df65pbvm9bufejhc29uiwtqu17ddd
Block name: /test/data/treeTest/testDocBuffer.txt/=FD030C/=000190 num 400 verified? true, content: gtv8d559fftkdxs3912t3lam4epvwantn1wdgi481ca8oklh1p
Block name: /test/data/treeTest/testDocBuffer.txt/=FD030C/=0001F4 num 500 verified? true, content: 2r7kpwugpepjch6op70bv3d70bpx5bsgovki7ikf5giqkuwu4w9
Constructed tree of numleaves: 505 max pathlength: 9
Block name: /test/data/treeTest/testDocBuffer.txt/=FD026A/=00 num 0 verified? true, content: 2312g3l0samwrr4spgw1x91cn1pul0lk78k91tgef63t8exn74r
Block name: /test/data/treeTest/testDocBuffer.txt/=FD026A/=0064 num 100 verified? true, content: 1lq6t5qpuiwnhndonqxjtssu3kwww4e8kf08amsd6uhbqbsxodf
Block name: /test/data/treeTest/testDocBuffer.txt/=FD026A/=00C8 num 200 verified? true, content: 2lpo4pi6c6gis3f75pgj66l8mx7kakhbbr4tn4voqrsw7pc1v41
Block name: /test/data/treeTest/testDocBuffer.txt/=FD026A/=00012C num 300 verified? true, content: u6l1bojla5ww34t1xr4w3pfwtrlu5esqbl49g576dkkdaaafo1
Block name: /test/data/treeTest/testDocBuffer.txt/=FD026A/=000190 num 400 verified? true, content: 16aqo2ebuaux6kobfx7uiwju65mf1vuv85dgdtklxweoeu7o5l3
Block name: /test/data/treeTest/testDocBuffer.txt/=FD026A/=0001F4 num 500 verified? true, content: 2mfqvkts92t1v687rkn2uqfdb6whnsx0e60l3lxn0fjojm9bmco
Constructed tree of numleaves: 506 max pathlength: 9
Block name: /test/data/treeTest/testDocBuffer.txt/=FD0326/=00 num 0 verified? true, content: 1spsse98v124ncqtt12trj75u7cld0tctvl8dn424rpqlpdjlco
Block name: /test/data/treeTest/testDocBuffer.txt/=FD0326/=0064 num 100 verified? true, content: 3nmrtf95fmjqdgiq6xklddhrr5u1veh612nfsrnx1othg3xa6h
Block name: /test/data/treeTest/testDocBuffer.txt/=FD0326/=00C8 num 200 verified? true, content: 286dblode9nrexrtw4s8odpoesx7bmow2k4fiw698wrp1roant1
Block name: /test/data/treeTest/testDocBuffer.txt/=FD0326/=00012C num 300 verified? true, content: 31mda1abmxosearimms3v4hu5bpjkh28oubvq8m2nu6fhv9nsdq
Block name: /test/data/treeTest/testDocBuffer.txt/=FD0326/=000190 num 400 verified? true, content: 10n5p3avrxq6qpf22aebqbs5wgoew9417toiup33c2u9pd5o0qh
Block name: /test/data/treeTest/testDocBuffer.txt/=FD0326/=0001F4 num 500 verified? true, content: 1212477p1c1nf4x2j061uis78o6vbf4levk4tavlk9spkbu0jkk
Constructed tree of numleaves: 507 max pathlength: 9
Block name: /test/data/treeTest/testDocBuffer.txt/=FD0268/=00 num 0 verified? true, content: uspu8g2v34uhdxep26xolhpena6s40ilv1ihp5fa68bv7bf8ak
Block name: /test/data/treeTest/testDocBuffer.txt/=FD0268/=0064 num 100 verified? true, content: 2wr5re3f4x7d5o1qnmdx218o7vltuvuv7qswkpgmaiu9atevdo8
Block name: /test/data/treeTest/testDocBuffer.txt/=FD0268/=00C8 num 200 verified? true, content: 5uputmrke9ieo5x9ff69rh0i52l5sw841pulsn2uq1dfm7q8ip
Block name: /test/data/treeTest/testDocBuffer.txt/=FD0268/=00012C num 300 verified? true, content: 1ojw04prgxx8oomoo7qxse36hix68am9796iju0na5uom84p5kg
Block name: /test/data/treeTest/testDocBuffer.txt/=FD0268/=000190 num 400 verified? true, content: roil65ogw0a0x5jpnt8p6ssft3t0ppmm5pc79illx6ncu1tbn5
Block name: /test/data/treeTest/testDocBuffer.txt/=FD0268/=0001F4 num 500 verified? true, content: 1ebjdu072bftk648m5g432e25dtfximucjffd5v27i9h66rk7b1
Constructed tree of numleaves: 508 max pathlength: 9
Block name: /test/data/treeTest/testDocBuffer.txt/=FD01AB/=00 num 0 verified? true, content: 2j09j29n9mx89q9x85j91swvxrn1c1274q41r6a7ih3j1aqpfx1
Block name: /test/data/treeTest/testDocBuffer.txt/=FD01AB/=0064 num 100 verified? true, content: 973m1cbmcoxf5a2kis3c3lvkfk855h7tg0s7a6vwtr1cowr1v3
Block name: /test/data/treeTest/testDocBuffer.txt/=FD01AB/=00C8 num 200 verified? true, content: 53eqcd3s4xll3o3tcwwqectmffxhli7i9qkmlrg0d80uffrkbp
Block name: /test/data/treeTest/testDocBuffer.txt/=FD01AB/=00012C num 300 verified? true, content: 11s6kn3vbu566gc7l4e67j9bek3ak0c7rbcrtws7qwjut7e25sn
Block name: /test/data/treeTest/testDocBuffer.txt/=FD01AB/=000190 num 400 verified? true, content: l7a86gw8tttk7nq774kn5590n241o9wdrcnsnkuqtfs78bw49o
Block name: /test/data/treeTest/testDocBuffer.txt/=FD01AB/=0001F4 num 500 verified? true, content: 31qs3pvqccp334k3b0hoebgipgv83obnwx4wutbmq831djiark4
Constructed tree of numleaves: 509 max pathlength: 9
Block name: /test/data/treeTest/testDocBuffer.txt/=FD02A4/=00 num 0 verified? true, content: 1586e7xauljgmuvahemu8b2ho1lgo653akniiggekrt0ef6q8mr
Block name: /test/data/treeTest/testDocBuffer.txt/=FD02A4/=0064 num 100 verified? true, content: s9prxcwrw4pt3krh2t56i7prq9p689g130j64v1c7o7vdcfit9
Block name: /test/data/treeTest/testDocBuffer.txt/=FD02A4/=00C8 num 200 verified? true, content: h4dfhop1uwwdon77pj07x741mpa7iohct7b9ikx5ufj4xfgpkl
Block name: /test/data/treeTest/testDocBuffer.txt/=FD02A4/=00012C num 300 verified? true, content: xc3r0fv7833p10sq1edvwp687lnnberqpdn8p4oixkjhgxnjk3
Block name: /test/data/treeTest/testDocBuffer.txt/=FD02A4/=000190 num 400 verified? true, content: 1vnfjdw9dbe1bn6dumdrnf1ledq8q3qadhbjsgm2eoxwan877g8
Block name: /test/data/treeTest/testDocBuffer.txt/=FD02A4/=0001F4 num 500 verified? true, content: 150h0jv1dpdix40eikdelut37abafsdavr6hiuvavhni9aefe54
Constructed tree of numleaves: 510 max pathlength: 9
Block name: /test/data/treeTest/testDocBuffer.txt/=FD030C/=00 num 0 verified? true, content: 1oo69m281324wx1sbhhvknu8ir024wbp558m5wjjpdmqm21qjed
Block name: /test/data/treeTest/testDocBuffer.txt/=FD030C/=0064 num 100 verified? true, content: cftk5532wqse2tc27eo89j0sg70gcbrgjpo2i7bknad5d39io1
Block name: /test/data/treeTest/testDocBuffer.txt/=FD030C/=00C8 num 200 verified? true, content: 10cqtd57iu5m2wlcbdjcvdlb0qivib2tmh0f4j9qsol9kwfos7f
Block name: /test/data/treeTest/testDocBuffer.txt/=FD030C/=00012C num 300 verified? true, content: 10ng4tup5fus5k5v1qco7cmf2279gj4rrfjn39pvt3i3odmdob0
Block name: /test/data/treeTest/testDocBuffer.txt/=FD030C/=000190 num 400 verified? true, content: 296x43342cwdcausd3kbdqmlxuhjfm0hmdotoxo7e145wlaporv
Block name: /test/data/treeTest/testDocBuffer.txt/=FD030C/=0001F4 num 500 verified? true, content: aouv07c6wxgff73dspf114mdaluwpg2cxwqdf15bjqjfv4i3s6
Constructed tree of numleaves: 511 max pathlength: 9
Block name: /test/data/treeTest/testDocBuffer.txt/=FD03AD/=00 num 0 verified? true, content: 1158k87t7cbrse06l1g4tva9wsfjh8ehgl3ek5ih67iah1rn13a
Block name: /test/data/treeTest/testDocBuffer.txt/=FD03AD/=0064 num 100 verified? true, content: 182k4vhtw7ocxmnvnsh5n8m2hpqbwndb58w7ig839cesdo68nxe
Block name: /test/data/treeTest/testDocBuffer.txt/=FD03AD/=00C8 num 200 verified? true, content: 2kbb43lgek6lf6wg88su8ou5vt5lw9e3qs7uem6kqkq5ci2xssd
Block name: /test/data/treeTest/testDocBuffer.txt/=FD03AD/=00012C num 300 verified? true, content: bihomlq2j4gevo5x5husoq5jej1n21evwjwe4scou9dl36b34u
Block name: /test/data/treeTest/testDocBuffer.txt/=FD03AD/=000190 num 400 verified? true, content: 29hfv28a01pewtx8xmq8vha8pbguqj98lubvdq6iebx00g85s1b
Block name: /test/data/treeTest/testDocBuffer.txt/=FD03AD/=0001F4 num 500 verified? true, content: 2pkw8oa2hilkc5nxoovdkl3tjnv3qwdtas0x23uubiiseq2dj67
Constructed tree of numleaves: 512 max pathlength: 9
Block name: /test/data/treeTest/testDocBuffer.txt/=FD0362/=00 num 0 verified? true, content: sg0hfdjiju8cl5gk4v8g73cjd7tx1genhaasl4lgfm5unl0fmd
Block name: /test/data/treeTest/testDocBuffer.txt/=FD0362/=0064 num 100 verified? true, content: rmus1v174vd3xgns2x18d7teedbm05nnt47jp2q8m9t2u7fc98
Block name: /test/data/treeTest/testDocBuffer.txt/=FD0362/=00C8 num 200 verified? true, content: 1qr3ml0j1mu4t6r1xquih0slan6twqcmhrn0xwk3s0dd5g7ah1t
Block name: /test/data/treeTest/testDocBuffer.txt/=FD0362/=00012C num 300 verified? true, content: ttdf4oofgtim5ut9gm4tagqchr236wxw743ou41sglhp5ebtrt
Block name: /test/data/treeTest/testDocBuffer.txt/=FD0362/=000190 num 400 verified? true, content: 29s0bqc0ixuui3qigdbwc7bkx7hue6r8kwwxa61unfm2it4qe8u
Block name: /test/data/treeTest/testDocBuffer.txt/=FD0362/=0001F4 num 500 verified? true, content: 322jd2stifjg07mqd499sd5126o1dw3n7pmllo4veh3m2k2vd2a
Constructed tree of numleaves: 513 max pathlength: 10
Block name: /test/data/treeTest/testDocBuffer.txt/=FD76/=00 num 0 verified? true, content: 28f9d63avtbef51ufa9ibbtxw2j0s8w22llcn8h4g6x3tsnxtvw
Block name: /test/data/treeTest/testDocBuffer.txt/=FD76/=0064 num 100 verified? true, content: aab6jx5c4ahvnia0m4lvgpdwwbv61va7grb3f657me59r4vxeh
Block name: /test/data/treeTest/testDocBuffer.txt/=FD76/=00C8 num 200 verified? true, content: 1o0021tuplxsn788nfo22fhgav2aa7xsiqddvqdjviloa6v5m5r
Block name: /test/data/treeTest/testDocBuffer.txt/=FD76/=00012C num 300 verified? true, content: 175mnjmh7bejtkx0cqpt180ejwu7qm3w45bhrd9g92ufan48bgq
Block name: /test/data/treeTest/testDocBuffer.txt/=FD76/=000190 num 400 verified? true, content: 12qutvhrtv299xqractmr669v4n65sed6h8hg3pa4sbt29f7ao7
Block name: /test/data/treeTest/testDocBuffer.txt/=FD76/=0001F4 num 500 verified? true, content: i4cv5bmq1xblt18vmp2mqgc0o9rc8dm89opht77025bae2ptji
Constructed tree of numleaves: 514 max pathlength: 10
Block name: /test/data/treeTest/testDocBuffer.txt/=FD0118/=00 num 0 verified? true, content: vmqrd3f4s6gkvhp5inkk643enxvtu8koqqdoiblqmkx4ueaf0k
Block name: /test/data/treeTest/testDocBuffer.txt/=FD0118/=0064 num 100 verified? true, content: 16o16nxnwlpa46eli6oxwkdmd6gdx33n4i95u1u5s5v46wckm3q
Block name: /test/data/treeTest/testDocBuffer.txt/=FD0118/=00C8 num 200 verified? true, content: 8c2fj3ixqq8xo0os0gahr8vdwwum0bp5u9lbjhfnbcnx7sn7wi
Block name: /test/data/treeTest/testDocBuffer.txt/=FD0118/=00012C num 300 verified? true, content: 13plutx8dumjf7kq7tarss8ipt3rxs1p1halbkv0v0o9bxab8u2
Block name: /test/data/treeTest/testDocBuffer.txt/=FD0118/=000190 num 400 verified? true, content: 2furmwk4ueand2kht5i4261x3qgcpuiwxlicdbfdjrwptiw3ww9
Block name: /test/data/treeTest/testDocBuffer.txt/=FD0118/=0001F4 num 500 verified? true, content: 124lnkiv4wkm0o5jb7gl1892bd3o61j1kxbt692q3f2xogo4bml
Testing large trees, fixed block widths.
Constructed tree of numleaves: 1000 max pathlength: 10
Block name: /test/data/treeTest/testDocBuffer.txt/=FD01A2/=00 num 0 verified? true, content: 14becnqs400xcb81aoxlx24gaqiego5qx2884pa3anoio9w8s1t
Block name: /test/data/treeTest/testDocBuffer.txt/=FD01A2/=0064 num 100 verified? true, content: 2mwh12d563tmfh9dwilebduh8nkl9cxpckob6i1l45vagc481rm
Block name: /test/data/treeTest/testDocBuffer.txt/=FD01A2/=00C8 num 200 verified? true, content: 2pa2l0tpvah1v8wbptceu8pkte0nv0vs824owvmp9hv1ngq788q
Block name: /test/data/treeTest/testDocBuffer.txt/=FD01A2/=00012C num 300 verified? true, content: 201en5o1s9nsuwkhqct09u0j2xufh4jwjrx3mh4pxtg8db8hsxf
Block name: /test/data/treeTest/testDocBuffer.txt/=FD01A2/=000190 num 400 verified? true, content: 2935eefbt33s9orkp8beis3r1133fnemrc7jmw4ui87do0dvc4d
Block name: /test/data/treeTest/testDocBuffer.txt/=FD01A2/=0001F4 num 500 verified? true, content: 2l13ltt4v5b591jkbv86bqxowr8r67h2oxw9t9j4plkixvk887b
Block name: /test/data/treeTest/testDocBuffer.txt/=FD01A2/=000258 num 600 verified? true, content: 313nvo6cel0bmegeuo22a96avkml1m0dwrs10kuucaqhmplwewi
Block name: /test/data/treeTest/testDocBuffer.txt/=FD01A2/=0002BC num 700 verified? true, content: n3kjjjxf0jopq1usfu7ewojtwn6mjqka6apg2q038gxfwck9wg
Block name: /test/data/treeTest/testDocBuffer.txt/=FD01A2/=000320 num 800 verified? true, content: 28u6ih02fn08tqrdfhf3mljtgi6wahuflw8x9jl3ebbr4oj91ec
Block name: /test/data/treeTest/testDocBuffer.txt/=FD01A2/=000384 num 900 verified? true, content: 21g5nsrdm4gdkbhtu6sak8r5gu07iurfrfpjdnj9n3rgw66ho1o
Constructed tree of numleaves: 1001 max pathlength: 10
Block name: /test/data/treeTest/testDocBuffer.txt/=FD0257/=00 num 0 verified? true, content: 1o6j8tinpr6wspn1ewmc3xsr8lu6bv4qncdl2qg3bbsx9hq0sl2
Block name: /test/data/treeTest/testDocBuffer.txt/=FD0257/=0064 num 100 verified? true, content: 1m2kn3trpc4tfq2wfonoufb3pta4uicpsexd9qs2q6tvrev041s
Block name: /test/data/treeTest/testDocBuffer.txt/=FD0257/=00C8 num 200 verified? true, content: k35rr9lj6sqgmao9df8meoccgccboxr1cb8uk3vwdvcgcvxlt4
Block name: /test/data/treeTest/testDocBuffer.txt/=FD0257/=00012C num 300 verified? true, content: oevlxx3lboa1chlh46gqj6p07lf0xsl0a6vd4dgjh55gnf7i3n
Block name: /test/data/treeTest/testDocBuffer.txt/=FD0257/=000190 num 400 verified? true, content: 3fj3g2fh1c394cjim91vd5o85suo4ohtoe8kj92w0m7xuddbef
Block name: /test/data/treeTest/testDocBuffer.txt/=FD0257/=0001F4 num 500 verified? true, content: bdobekh4s47rv1n4xcqxkpv8ed83ohfmvms5e0s73cqsik3gnm
Block name: /test/data/treeTest/testDocBuffer.txt/=FD0257/=000258 num 600 verified? true, content: 1vwsc9gdnr4dcc68bakq8lo4u87o64l7qkndd351ktellmcc33u
Block name: /test/data/treeTest/testDocBuffer.txt/=FD0257/=0002BC num 700 verified? true, content: 2ji07pgv0ti5mm8xkg9ve717cckmu25go15qe46g9i6m6xkd32u
Block name: /test/data/treeTest/testDocBuffer.txt/=FD0257/=000320 num 800 verified? true, content: 1haf16s7hj5upjl5sgp3uga6iub6dv3lepv2c0ll7bnjjhcp81m
Block name: /test/data/treeTest/testDocBuffer.txt/=FD0257/=000384 num 900 verified? true, content: 317cd8ppv4g5xf6r2gsb1hjm773fplhjflbtpajni3ks56xk76t
Constructed tree of numleaves: 1025 max pathlength: 11
Block name: /test/data/treeTest/testDocBuffer.txt/=FD029B/=00 num 0 verified? true, content: 1qxn20pd7xvl6uww69ftvji57uxmmj6rki1bswvp11i8dk74mn7
Block name: /test/data/treeTest/testDocBuffer.txt/=FD029B/=0064 num 100 verified? true, content: jplgs6q0bj5eqp6x0j26f6ud88wf821md397w5plxqg9ka6hgb
Block name: /test/data/treeTest/testDocBuffer.txt/=FD029B/=00C8 num 200 verified? true, content: 21ufv82iv9godg30u13jew5bsuhcaqn4v1hfr5cga5dlih3isnw
Block name: /test/data/treeTest/testDocBuffer.txt/=FD029B/=00012C num 300 verified? true, content: 22po1bxdq5vxfpf9a8m0iqck2ftfs1ccdjrm8dta8lbox6fprwa
Block name: /test/data/treeTest/testDocBuffer.txt/=FD029B/=000190 num 400 verified? true, content: 32h06usqvinele8dwj0d7v6919elptf4rtgt0agle0td9gxqdhr
Block name: /test/data/treeTest/testDocBuffer.txt/=FD029B/=0001F4 num 500 verified? true, content: 154nnhgca7gwcao51s64g7xhtp79om6v0vh3qlhe41jxtrjsula
Block name: /test/data/treeTest/testDocBuffer.txt/=FD029B/=000258 num 600 verified? true, content: 2suf3wfvkdpw7747116pwp00am7qmfd0025cct3t8qktfnlr1nq
Block name: /test/data/treeTest/testDocBuffer.txt/=FD029B/=0002BC num 700 verified? true, content: 1n2viv9moa5mlgc7rbm7wddpf013n5g0x75ovhx4drdssa68auo
Block name: /test/data/treeTest/testDocBuffer.txt/=FD029B/=000320 num 800 verified? true, content: 973fapmr30ou80wjxkam1heonoenxiv00n47ld3qjfqwb52pre
Block name: /test/data/treeTest/testDocBuffer.txt/=FD029B/=000384 num 900 verified? true, content: 24lbl6tt36x9lls4a67tatkp53uhk1xehxa6iam8sh3n89sqloa
Block name: /test/data/treeTest/testDocBuffer.txt/=FD029B/=0003E8 num 1000 verified? true, content: 1egqp9vdu046dfc883lt267kajk7qhe82ihsv2hvl8vqbcxr60g
Constructed tree of numleaves: 1098 max pathlength: 11
Block name: /test/data/treeTest/testDocBuffer.txt/=FD03E7/=00 num 0 verified? true, content: 2tbw10fmku55aq9h7cjqngrjds87uv6uqtijkhrljkncdha6tsn
Block name: /test/data/treeTest/testDocBuffer.txt/=FD03E7/=0064 num 100 verified? true, content: 1xhmtbjretnmx0khn6xhtd4lt1grcn4hwlmlav2flbg0mat2cg0
Block name: /test/data/treeTest/testDocBuffer.txt/=FD03E7/=00C8 num 200 verified? true, content: 1uluct0dlvmliwxv5si2lslm4j3ako945k2twbaxvqamg7tkklk
Block name: /test/data/treeTest/testDocBuffer.txt/=FD03E7/=00012C num 300 verified? true, content: 1irxtg5f4l2lv2uj5p86dgxlmpwg2dim799gcruo0bt3d56tj01
Block name: /test/data/treeTest/testDocBuffer.txt/=FD03E7/=000190 num 400 verified? true, content: rss4s1ls3scmpc6aa7um50vbn0g4mdnqr8v76tp2lcsfash3q2
Block name: /test/data/treeTest/testDocBuffer.txt/=FD03E7/=0001F4 num 500 verified? true, content: 1lknetgtpl43q910981veshl3482q3f9a1dwa4lgactg2urq4n8
Block name: /test/data/treeTest/testDocBuffer.txt/=FD03E7/=000258 num 600 verified? true, content: 2jqnp6ukk54dbn4v6bvifkovaxw5nb2vrp4mnc42p76onsdaupl
Block name: /test/data/treeTest/testDocBuffer.txt/=FD03E7/=0002BC num 700 verified? true, content: on271abomckqgwgrrn0ixomfgic3qhxgesiw67pnkam5khq0p9
Block name: /test/data/treeTest/testDocBuffer.txt/=FD03E7/=000320 num 800 verified? true, content: ulq9ns22f5oraeoga0w8ld4x4w8ekbtttd3f5jca2avtm7tinw
Block name: /test/data/treeTest/testDocBuffer.txt/=FD03E7/=000384 num 900 verified? true, content: 1vogxrq7k80srn4grv9xkp0kr0lpdm4b8drnpsvxn5a2fpvxdua
Block name: /test/data/treeTest/testDocBuffer.txt/=FD03E7/=0003E8 num 1000 verified? true, content: 2t25t9qcb2p2im3anvin3l85okbwaln8xk4neo4caw74ceubs90
Constructed tree of numleaves: 1536 max pathlength: 11
Block name: /test/data/treeTest/testDocBuffer.txt/=FD035F/=00 num 0 verified? true, content: 2ffu4p0xqbpu52s4l7o9ir4vlpg5fnahjb6mjq024uikh3kdf1u
Block name: /test/data/treeTest/testDocBuffer.txt/=FD035F/=0064 num 100 verified? true, content: b1ovgjrb3k3q8w0qtq9omu5bxvb1njiiap2mcpkukd0ddrt54j
Block name: /test/data/treeTest/testDocBuffer.txt/=FD035F/=00C8 num 200 verified? true, content: 1febbdkmcjdwsemx26al1mlusiho6o6brndrq7siibkr489t5v8
Block name: /test/data/treeTest/testDocBuffer.txt/=FD035F/=00012C num 300 verified? true, content: 10tbnofiib1k5j9kdpnr7pblx7k5cfhja8m8f35g90q8uemo644
Block name: /test/data/treeTest/testDocBuffer.txt/=FD035F/=000190 num 400 verified? true, content: 11kg7v7643nleekx1i3tcv6sv12cn7ai1qbggo39ejn1e1gei7n
Block name: /test/data/treeTest/testDocBuffer.txt/=FD035F/=0001F4 num 500 verified? true, content: 2sw5olms0nserojrl943m7wcrjblh0n9opve3hglx9jnnk1v0m9
Block name: /test/data/treeTest/testDocBuffer.txt/=FD035F/=000258 num 600 verified? true, content: 2805lg2mhbme5xw1blbjgvbtco40nskb7d0h99i7te02wkgvvso
Block name: /test/data/treeTest/testDocBuffer.txt/=FD035F/=0002BC num 700 verified? true, content: ib4tqenb7lcxhfjnqkrwu0nks2joad27dciwb340f240tfe37a
Block name: /test/data/treeTest/testDocBuffer.txt/=FD035F/=000320 num 800 verified? true, content: 1hjplg77h8tmdwlmibo0s8ineou46i73k5xixwoqg9ssdo13j7o
Block name: /test/data/treeTest/testDocBuffer.txt/=FD035F/=000384 num 900 verified? true, content: 2tnlmfhxv4u6v8ep3b43m11o0wx0gfuwf0anungnja2vq47iw4g
Block name: /test/data/treeTest/testDocBuffer.txt/=FD035F/=0003E8 num 1000 verified? true, content: 1kwjho5fbj89guvbfxu91oiem19isf3bkljm3r9j1pivfeov8q8
Block name: /test/data/treeTest/testDocBuffer.txt/=FD035F/=00044C num 1100 verified? true, content: 11b9oo57h2hc7s6twes3sgid9711nahccfnvramwull53r6ulp9
Block name: /test/data/treeTest/testDocBuffer.txt/=FD035F/=0004B0 num 1200 verified? true, content: v0wu8pf6haapmsnhxf15w4q2chwrpv3hdd382xa3m4v1snj5ma
Block name: /test/data/treeTest/testDocBuffer.txt/=FD035F/=000514 num 1300 verified? true, content: 1ngd1wljsnoe86tkwu6gg3fnodk2wud38rsm3h704ms933a25cg
Block name: /test/data/treeTest/testDocBuffer.txt/=FD035F/=000578 num 1400 verified? true, content: 19lwjk3c8ks59d3a8bu3mhx9cu54feenhtlngopner02t82ejkt
Block name: /test/data/treeTest/testDocBuffer.txt/=FD035F/=0005DC num 1500 verified? true, content: svbjuxvng7u1c9b5k5ohql1lmfdfooelgnd8545d7nujohk9tr
Constructed tree of numleaves: 1575 max pathlength: 11
Block name: /test/data/treeTest/testDocBuffer.txt/=FD0191/=00 num 0 verified? true, content: cx06flrw61p6vp45jmfqo7ilt15mpor02o7n1j2b7nwt57xhh2
Block name: /test/data/treeTest/testDocBuffer.txt/=FD0191/=0064 num 100 verified? true, content: 27fl8sfi7qrof7sfjb1bc8jm9i9blpmd489vll0ddppdc0d3trj
Block name: /test/data/treeTest/testDocBuffer.txt/=FD0191/=00C8 num 200 verified? true, content: 2gvbulm7gseakct98an3qtkw0qbxws8di4qkon9s19iwkwwqxj2
Block name: /test/data/treeTest/testDocBuffer.txt/=FD0191/=00012C num 300 verified? true, content: 1oo1nss7avurcvvohwjwbjmfslionk62u1vur5lxp99h575h648
Block name: /test/data/treeTest/testDocBuffer.txt/=FD0191/=000190 num 400 verified? true, content: 2h10m5a77oij8se157hfjnrlev9m1xhf8bh7tna270up7toa96q
Block name: /test/data/treeTest/testDocBuffer.txt/=FD0191/=0001F4 num 500 verified? true, content: 2ouqtm26lb5cn4srjo0glqeghwdv4fdnvegk4g717armorhij0x
Block name: /test/data/treeTest/testDocBuffer.txt/=FD0191/=000258 num 600 verified? true, content: 16sx3o4jf9j797tl7839pmqmo5gsjc4f84bv46bs46l54b4acmo
Block name: /test/data/treeTest/testDocBuffer.txt/=FD0191/=0002BC num 700 verified? true, content: 30j77hjhs3ocfrw6simt52561rge10j32t52paudumqwt1p9b3c
Block name: /test/data/treeTest/testDocBuffer.txt/=FD0191/=000320 num 800 verified? true, content: m7qhw339pfl4qmsulq10f80prl1xpvu2kogvujo4nfwmugmga0
Block name: /test/data/treeTest/testDocBuffer.txt/=FD0191/=000384 num 900 verified? true, content: 1mx19o7fkdgakdxrxw1l3tp5wlutr73m64row1qme4k8gmb1n6h
Block name: /test/data/treeTest/testDocBuffer.txt/=FD0191/=0003E8 num 1000 verified? true, content: p3efs2hkbgjnfj4ktia9s5p9uc68etelbpoi3pduh6fatwrg2s
Block name: /test/data/treeTest/testDocBuffer.txt/=FD0191/=00044C num 1100 verified? true, content: 1c7074870f7n516axrqt0nnv8ew48lmv514najcx7ue2a6ffbp6
Block name: /test/data/treeTest/testDocBuffer.txt/=FD0191/=0004B0 num 1200 verified? true, content: okjxcxgno8lh442w1iup6oq2edvma7b1wl466tkbs3ujbha4ss
Block name: /test/data/treeTest/testDocBuffer.txt/=FD0191/=000514 num 1300 verified? true, content: 1ceaujllhhlprdb5k0b1gbtbswaqjh6r3hj4o2aixjmd978ttvc
Block name: /test/data/treeTest/testDocBuffer.txt/=FD0191/=000578 num 1400 verified? true, content: 2u39ue8nd1tclbtcka5d2sul8mdbrds3whhes0v6mj3mxaiv5e3
Block name: /test/data/treeTest/testDocBuffer.txt/=FD0191/=0005DC num 1500 verified? true, content: rpnpofix9weki7lewu5lbwj17fdiske4nlk0qup2jb1r8uai9w
Constructed tree of numleaves: 2053 max pathlength: 12
Block name: /test/data/treeTest/testDocBuffer.txt/=FD02D6/=00 num 0 verified? true, content: f5c408cdisbo1assc9h2rq7cpbkl5qign9ps1hp7d31corhrt3
Block name: /test/data/treeTest/testDocBuffer.txt/=FD02D6/=0064 num 100 verified? true, content: 15vfkj64lb42eque2nq6rurcda5c86awcixcg1mtu3mw16d0qnv
Block name: /test/data/treeTest/testDocBuffer.txt/=FD02D6/=00C8 num 200 verified? true, content: 1dv6nint7ewn8uwbcalmqecxkxmbqt5s4j9vlo9o36wf612vtp7
Block name: /test/data/treeTest/testDocBuffer.txt/=FD02D6/=00012C num 300 verified? true, content: hvxrhob757otdrrk8r33j42qq3mjlrgasigo2gdicgoes7sniq
Block name: /test/data/treeTest/testDocBuffer.txt/=FD02D6/=000190 num 400 verified? true, content: 16qbt8f2bo1wl4garroqrbh4iqsiw8bqjfaphtqpfssnkl3i9cg
Block name: /test/data/treeTest/testDocBuffer.txt/=FD02D6/=0001F4 num 500 verified? true, content: 1s6svg9a5lga58tbecbf2gw0p6jc0gdor9imjfewaf02x4mskl2
Block name: /test/data/treeTest/testDocBuffer.txt/=FD02D6/=000258 num 600 verified? true, content: 2fq8l9twd2h2q6do11o55gthq1bc5wxpjt98lh3sdkrvmt15884
Block name: /test/data/treeTest/testDocBuffer.txt/=FD02D6/=0002BC num 700 verified? true, content: 1601afacc5bhn153drkb0wocgeaj8upr8qw1k87xdff2rl7hngi
Block name: /test/data/treeTest/testDocBuffer.txt/=FD02D6/=000320 num 800 verified? true, content: 1to287b73ugo4d09l0tvg58p6khv6tmh1u16msw2huv9dctdefq
Block name: /test/data/treeTest/testDocBuffer.txt/=FD02D6/=000384 num 900 verified? true, content: 395tkbbllh5ox54o7tqp5pal5be3tvskco1aujrei27jq93ra2
Block name: /test/data/treeTest/testDocBuffer.txt/=FD02D6/=0003E8 num 1000 verified? true, content: 2vg0g1k2fpwth6i3fa9g1at7vcm3hp6ci8c4woctxnqmp3adg3p
Block name: /test/data/treeTest/testDocBuffer.txt/=FD02D6/=00044C num 1100 verified? true, content: 2jmjr39o7ai3xcqxvj1ej7xcr9boua2m4q2h19620w7d1oi1mlu
Block name: /test/data/treeTest/testDocBuffer.txt/=FD02D6/=0004B0 num 1200 verified? true, content: 2ue8faqan8nusdccjvfpsk3vf13kes4dvxjkw8n2omom9ek1mgb
Block name: /test/data/treeTest/testDocBuffer.txt/=FD02D6/=000514 num 1300 verified? true, content: 8ceq540mjm5als9admunfbdimn06lp70klau8npi8rhjri6uoe
Block name: /test/data/treeTest/testDocBuffer.txt/=FD02D6/=000578 num 1400 verified? true, content: 2da3rjr5wvj2srplbme9pj68ldxjnt8wj216eaws99edhqa9qtc
Block name: /test/data/treeTest/testDocBuffer.txt/=FD02D6/=0005DC num 1500 verified? true, content: 20fjw3va0lfmebfr12bcbm26eaku8w6v0vld7cfvxq85qej34o8
Block name: /test/data/treeTest/testDocBuffer.txt/=FD02D6/=000640 num 1600 verified? true, content: 2udg3xgil2mi7n719mpaqal8bsf9xvd0opvvkdmo8949hlv2n6h
Block name: /test/data/treeTest/testDocBuffer.txt/=FD02D6/=0006A4 num 1700 verified? true, content: fw3p11lgbjfxmph3ff00e0c76ddrk5urngjadnt3q42r6pr6jj
Block name: /test/data/treeTest/testDocBuffer.txt/=FD02D6/=000708 num 1800 verified? true, content: 290fjo72d36iv3imqqfk1evgm4btu88ldfscnd0wetjibxkw2ri
Block name: /test/data/treeTest/testDocBuffer.txt/=FD02D6/=00076C num 1900 verified? true, content: 2womp1hicxbe0l5ipf1giejmp1gab8hj09wdr49piopn9wmbpcl
Block name: /test/data/treeTest/testDocBuffer.txt/=FD02D6/=0007D0 num 2000 verified? true, content: l1d3blajmvrlj5si0h49wru5ha97ccb17dwljool5v7nvrw0or
Constructed tree of numleaves: 5147 max pathlength: 13
Block name: /test/data/treeTest/testDocBuffer.txt/=FD02F5/=00 num 0 verified? true, content: 2i0k138ncgqh27dbjk5gb605ae7uklkti8fpfn95foocm4der2w
Block name: /test/data/treeTest/testDocBuffer.txt/=FD02F5/=0064 num 100 verified? true, content: 21rc2c3cekfmx6r57xj17nlptb8439r7pww4fsuk5jmsrw8o8t
Block name: /test/data/treeTest/testDocBuffer.txt/=FD02F5/=00C8 num 200 verified? true, content: 31aqsc77nwxc3u183x2q5r2ipf7tln1ubn7tdxbk51xujju396t
Block name: /test/data/treeTest/testDocBuffer.txt/=FD02F5/=00012C num 300 verified? true, content: 2muwukbawqqqgvmrlcixg25dxb1kfgxon4hnhjoa2ji82vonw27
Block name: /test/data/treeTest/testDocBuffer.txt/=FD02F5/=000190 num 400 verified? true, content: 9ujx0g18jxig78d02bti994g2gob8jbbscufg56mbepv6p272c
Block name: /test/data/treeTest/testDocBuffer.txt/=FD02F5/=0001F4 num 500 verified? true, content: 14e19hhixrr39g3dwigotuxfxsnt4w75cmb9qm8c8kv3o8tu377
Block name: /test/data/treeTest/testDocBuffer.txt/=FD02F5/=000258 num 600 verified? true, content: 10oofumam3v2i6p0bt7wwxukhc4a11xdk36h0efrx16vx9jlnlw
Block name: /test/data/treeTest/testDocBuffer.txt/=FD02F5/=0002BC num 700 verified? true, content: 2359if8a79opo6on36oxubxcfeglhtnpdt1xfsm91lariclt8mi
Block name: /test/data/treeTest/testDocBuffer.txt/=FD02F5/=000320 num 800 verified? true, content: 2l1lkhfn24c5m8wbrm25eetaoq9rg0mkw9tgcw380n75uc0j1bw
Block name: /test/data/treeTest/testDocBuffer.txt/=FD02F5/=000384 num 900 verified? true, content: 26ekj1qj6jxbd3tv9n6820wlms0falli3rsc0dxtsfjvceiti25
Block name: /test/data/treeTest/testDocBuffer.txt/=FD02F5/=0003E8 num 1000 verified? true, content: 156wfesl4wtepddrg9imv7jvsmitc8evxerwwjxvm97qcxkpole
Block name: /test/data/treeTest/testDocBuffer.txt/=FD02F5/=00044C num 1100 verified? true, content: 22v185bk1eeseg1flx6xjm1l7bftt6t8s787esjhn96pjw17dmo
Block name: /test/data/treeTest/testDocBuffer.txt/=FD02F5/=0004B0 num 1200 verified? true, content: 2vslboninrmp4x7aa8s609rt510loqpwvk7ojt7sgh6jp3hj01h
Block name: /test/data/treeTest/testDocBuffer.txt/=FD02F5/=000514 num 1300 verified? true, content: 37l288xm2q9ocm3icmlbt6nes8ha2gwkm7goes7bwl1r38bxuo
Block name: /test/data/treeTest/testDocBuffer.txt/=FD02F5/=000578 num 1400 verified? true, content: wmpmdsse77fk838q5t682bno8q6nui63x22g9q54rpltekmj5k
Block name: /test/data/treeTest/testDocBuffer.txt/=FD02F5/=0005DC num 1500 verified? true, content: 3k1s6n1mm70f86kknpnri9wwbe4r0j3mvru5unvh5e6rr7mvft
Block name: /test/data/treeTest/testDocBuffer.txt/=FD02F5/=000640 num 1600 verified? true, content: 30vc2mw9eaf63tp84wrjmkifto41jre3m853unqel1tnacqbvw8
Block name: /test/data/treeTest/testDocBuffer.txt/=FD02F5/=0006A4 num 1700 verified? true, content: 52o7jnq0sdrr4wemwnsal32fs6urv2jva735gbii03ruljmfvn
Block name: /test/data/treeTest/testDocBuffer.txt/=FD02F5/=000708 num 1800 verified? true, content: 86uaf8xvornrqo5onmt1clbns4cgwbrfa15fkdvru7rxoca0pk
Block name: /test/data/treeTest/testDocBuffer.txt/=FD02F5/=00076C num 1900 verified? true, content: t61gfstobvw2ajh1fbwvxmula1muxriq7iav813o6bdrih45hx
Block name: /test/data/treeTest/testDocBuffer.txt/=FD02F5/=0007D0 num 2000 verified? true, content: 2875h92tr5m3554cs7c9eir3m2qgksuf9pxjkd2augopcjpwrer
Block name: /test/data/treeTest/testDocBuffer.txt/=FD02F5/=000834 num 2100 verified? true, content: 2jem078rmd3rwsg9fxa0tnrrtg0kuadjflrkus0tm03hjntpw9r
Block name: /test/data/treeTest/testDocBuffer.txt/=FD02F5/=000898 num 2200 verified? true, content: w9l5k5nun4psi45ll7q0r7alpsomtva1c5bxlmcmuuiq6jkjrf
Block name: /test/data/treeTest/testDocBuffer.txt/=FD02F5/=0008FC num 2300 verified? true, content: g1miq758fwq9igccu70ok61568gu0fjjbdwhu83fje3msvnogp
Block name: /test/data/treeTest/testDocBuffer.txt/=FD02F5/=000960 num 2400 verified? true, content: 26v1lg3av4x7xaq83kam4jlwjm3pvuhi2jb1715wasirmabjkod
Block name: /test/data/treeTest/testDocBuffer.txt/=FD02F5/=0009C4 num 2500 verified? true, content: xlp5rvws0bsfiun9d60p8nx75espheh0vihow6xjon3s3dl2w
Block name: /test/data/treeTest/testDocBuffer.txt/=FD02F5/=000A28 num 2600 verified? true, content: 1s2mg77nglba3c4fie91v5885qj42kihfn3ul6etclti1ebr32m
Block name: /test/data/treeTest/testDocBuffer.txt/=FD02F5/=000A8C num 2700 verified? true, content: v43o9a8v2ti7d5rrsp65ofvjt30a63437d2qiilljlraop4eur
Block name: /test/data/treeTest/testDocBuffer.txt/=FD02F5/=000AF0 num 2800 verified? true, content: 133x31a86gwfd5ernq4lxdx64pjepdqd4e7vdhgaolup8anh9st
Block name: /test/data/treeTest/testDocBuffer.txt/=FD02F5/=000B54 num 2900 verified? true, content: 1lr1vsmejkh9ovu1nie6rgbqps718codhad4t6po0wjifmuilt3
Block name: /test/data/treeTest/testDocBuffer.txt/=FD02F5/=000BB8 num 3000 verified? true, content: 8wiu22q084dhgwd770x0ptg8q259a6dw34hje48weuw6dtp35m
Block name: /test/data/treeTest/testDocBuffer.txt/=FD02F5/=000C1C num 3100 verified? true, content: 8dr3grh2ok67opt5lov3vndildjn5e25rv467axagkfmmwnhkm
Block name: /test/data/treeTest/testDocBuffer.txt/=FD02F5/=000C80 num 3200 verified? true, content: 2bcg6red4uvk1j7om7wuh4trvcnxql1o5484cmnjpbqug7fq850
Block name: /test/data/treeTest/testDocBuffer.txt/=FD02F5/=000CE4 num 3300 verified? true, content: i94lars31vfqpvvbw137gxjuh4m3sf3qvehkhlq6lgdsniruts
Block name: /test/data/treeTest/testDocBuffer.txt/=FD02F5/=000D48 num 3400 verified? true, content: b1tghgvluge5lgv6mdihwf0j66esjnk54fdlx7o5javl9cr41d
Block name: /test/data/treeTest/testDocBuffer.txt/=FD02F5/=000DAC num 3500 verified? true, content: 32crsukm8slb9raj3ksqqv6frje3t7kcuk2l2o39p9kbagwmh28
Block name: /test/data/treeTest/testDocBuffer.txt/=FD02F5/=000E10 num 3600 verified? true, content: q3gscgeoe6rgovxnm9ctcag9qqs6wppp58eqe6w40ooki100dm
Block name: /test/data/treeTest/testDocBuffer.txt/=FD02F5/=000E74 num 3700 verified? true, content: lrj92use35p4gg6u900jh5n2b4p5hvbsgqqopk92dpfl4qndgp
Block name: /test/data/treeTest/testDocBuffer.txt/=FD02F5/=000ED8 num 3800 verified? true, content: 1hqwxefffmsb3se2gh1vk794wufkeprewtddecgb4uk2ru7nfi8
Block name: /test/data/treeTest/testDocBuffer.txt/=FD02F5/=000F3C num 3900 verified? true, content: kxr8tqflh9lqnexg7pn84bbm67hw1ldu4lpgl4wtmgur055lex
Block name: /test/data/treeTest/testDocBuffer.txt/=FD02F5/=000FA0 num 4000 verified? true, content: 2md8m0xrbxe70l8tpdan0mscarsdvgtvbmn5pou431j0q3vscpc
Block name: /test/data/treeTest/testDocBuffer.txt/=FD02F5/=001004 num 4100 verified? true, content: 1xnrmn3ft460kmxhct5dhao9j9f66w20lm7c5cbflc9oxqdj6l3
Block name: /test/data/treeTest/testDocBuffer.txt/=FD02F5/=001068 num 4200 verified? true, content: 2nn0sem9gkiae7te58thxw3su34tlvqn6cs0srw4fd4hmss5tsu
Block name: /test/data/treeTest/testDocBuffer.txt/=FD02F5/=0010CC num 4300 verified? true, content: 22ibvwlju6pns774qk3ifobshfwan2l8jwuiwhpjda1i6jj7tm0
Block name: /test/data/treeTest/testDocBuffer.txt/=FD02F5/=001130 num 4400 verified? true, content: 2vwf4t7mvinkagr9bbmwc9rs27gni6qkdp30smhr4rnvflb9o28
Block name: /test/data/treeTest/testDocBuffer.txt/=FD02F5/=001194 num 4500 verified? true, content: 1bufbc7aaqbxrvomlqkvs7l6oiler0lav1j7nutf4hxe5epi353
Block name: /test/data/treeTest/testDocBuffer.txt/=FD02F5/=0011F8 num 4600 verified? true, content: 4oht303tea2fv3h5oh7i679qjedvj8lqkwd7j8wahk41s01rfh
Block name: /test/data/treeTest/testDocBuffer.txt/=FD02F5/=00125C num 4700 verified? true, content: 1tm388paiaga3x1lu5f863ndci8qrbin06ibftfs4pgvgmnbe06
Block name: /test/data/treeTest/testDocBuffer.txt/=FD02F5/=0012C0 num 4800 verified? true, content: 3229uc5m7d95ocne85xnd1xrekmwp2kfa8ee30kjk5ilw3t3d9f
Block name: /test/data/treeTest/testDocBuffer.txt/=FD02F5/=001324 num 4900 verified? true, content: 1ixgwmq70piuex6mn576h1533835quaji4u5jv48wrxfgkno48w
Block name: /test/data/treeTest/testDocBuffer.txt/=FD02F5/=001388 num 5000 verified? true, content: 1pw3va9c2ul5ui89ka4xqn2kqr8gdblsrabt6ghbbqsto9c9vxn
Block name: /test/data/treeTest/testDocBuffer.txt/=FD02F5/=0013EC num 5100 verified? true, content: 1bpxoja0ostseldrv57q5c1b8ha22gutdmrjnx4esnn3m603a7h
Constructed tree of numleaves: 8900 max pathlength: 14
Block name: /test/data/treeTest/testDocBuffer.txt/=FD025D/=00 num 0 verified? true, content: 275m0sqkkpawpn79f9kpl5ttki0q8t7g5egahx2m72px74cw0cf
Block name: /test/data/treeTest/testDocBuffer.txt/=FD025D/=0064 num 100 verified? true, content: 2glq519rs1te6kapb0vfp2igdmkwect6il7wir13aht5tsd2lr4
Block name: /test/data/treeTest/testDocBuffer.txt/=FD025D/=00C8 num 200 verified? true, content: 1xgi7dhon0gprae6xme7r1jqnjhr1oaxn2i3xpdvugcoio8cshe
Block name: /test/data/treeTest/testDocBuffer.txt/=FD025D/=00012C num 300 verified? true, content: pr4h86eq8rwk6ujxoemj1qee4rbc76mfbwp729od2dj07boexs
Block name: /test/data/treeTest/testDocBuffer.txt/=FD025D/=000190 num 400 verified? true, content: e58bm6c7o8innw0bclj5f1fglm4009p00kgll4tg7nbjqvd02l
Block name: /test/data/treeTest/testDocBuffer.txt/=FD025D/=0001F4 num 500 verified? true, content: 17s741acbulgtaetjqh732s2ipnvdl646u6jw362uh228715l82
Block name: /test/data/treeTest/testDocBuffer.txt/=FD025D/=000258 num 600 verified? true, content: 2mi4vvg1evcwbgacpk0qdfsikwa9re6bv7qo9dcm3ov9me1x6rh
Block name: /test/data/treeTest/testDocBuffer.txt/=FD025D/=0002BC num 700 verified? true, content: xdlg2p84xt2qgm0m3stuncets851h9gnlx40tj3ev1gigtt2ps
Block name: /test/data/treeTest/testDocBuffer.txt/=FD025D/=000320 num 800 verified? true, content: 2iuampj9oxkrwdtm9h3pnx6epelcr42dtbujkfsckvhv3rnrwg8
Block name: /test/data/treeTest/testDocBuffer.txt/=FD025D/=000384 num 900 verified? true, content: 2k4mmc22mbm4f1amuumfdqdl5jn944d917uuuxveslln1l8h6m0
Block name: /test/data/treeTest/testDocBuffer.txt/=FD025D/=0003E8 num 1000 verified? true, content: q370tcqv0jjd9smcipgd4k4omx9xtkigh2ws7uehmfusoe30n6
Block name: /test/data/treeTest/testDocBuffer.txt/=FD025D/=00044C num 1100 verified? true, content: 1n7x7tgi1n6n1x0tg7kjf88mrobjalrrw99e5xfv3iio29f662w
Block name: /test/data/treeTest/testDocBuffer.txt/=FD025D/=0004B0 num 1200 verified? true, content: 1wrnj8lsvhswofnudmurolq3fn32i6bn2kffqi2kvfsxtim3obb
Block name: /test/data/treeTest/testDocBuffer.txt/=FD025D/=000514 num 1300 verified? true, content: 2upxd5i3ewak7agff6uxu7jbtq2fbsw0h0uqldnq63fnu96wabm
Block name: /test/data/treeTest/testDocBuffer.txt/=FD025D/=000578 num 1400 verified? true, content: 107rqmvcnk8mp1fe5bdmq7hf2t46od27g5pvgkrxmlpa4txqwwu
Block name: /test/data/treeTest/testDocBuffer.txt/=FD025D/=0005DC num 1500 verified? true, content: 32c4xkc498t8bti8ml234uv0807nd4m7dmjsov4hnx7g9q716dv
Block name: /test/data/treeTest/testDocBuffer.txt/=FD025D/=000640 num 1600 verified? true, content: 2e80k0ql56rxdapn1l1e5xsmuat8c42cgpp535oekswhbxuvqeu
Block name: /test/data/treeTest/testDocBuffer.txt/=FD025D/=0006A4 num 1700 verified? true, content: 1vpm5ipqco0l285bpe0sb01fmrh82i4j6rvxda9timc6tmbe3eb
Block name: /test/data/treeTest/testDocBuffer.txt/=FD025D/=000708 num 1800 verified? true, content: 32g839te3evthqs0xnqrhs3kw2d5m0vx71ar6vw1xlkeiojbffa
Block name: /test/data/treeTest/testDocBuffer.txt/=FD025D/=00076C num 1900 verified? true, content: 2hvps9uci2jqcna79bkq0c4r8mwiofen0646l1dcuno9g0xxp8f
Block name: /test/data/treeTest/testDocBuffer.txt/=FD025D/=0007D0 num 2000 verified? true, content: 1ben2ufl5faq5p9med169w549c4mjibeqmluwl5jti5dc2jsitu
Block name: /test/data/treeTest/testDocBuffer.txt/=FD025D/=000834 num 2100 verified? true, content: c993b9nfx23xpvucjr1upd4veq3mm3ojonilt52jqthwhdlvp4
Block name: /test/data/treeTest/testDocBuffer.txt/=FD025D/=000898 num 2200 verified? true, content: b743nvs8xvuj23u44fdolwntup0ujv1bxhdobxlabh7t4w6u2n
Block name: /test/data/treeTest/testDocBuffer.txt/=FD025D/=0008FC num 2300 verified? true, content: 2qtwf61f0twb70ifjn25ui22hjxiblrxew6r3jirai5dlejc2fk
Block name: /test/data/treeTest/testDocBuffer.txt/=FD025D/=000960 num 2400 verified? true, content: 2pedh0g0f639j90qor92t8wl52j9as8fp53s87mxd18slpwhuuj
Block name: /test/data/treeTest/testDocBuffer.txt/=FD025D/=0009C4 num 2500 verified? true, content: 19ifeu88or0uwg0f4k82i03264eeml1oe9hw9dlbnup5naab68f
Block name: /test/data/treeTest/testDocBuffer.txt/=FD025D/=000A28 num 2600 verified? true, content: 1m16xv01k8futi9msdog14hiorw07fk7dacl32emlrduoi314ij
Block name: /test/data/treeTest/testDocBuffer.txt/=FD025D/=000A8C num 2700 verified? true, content: kmofhmctskfaqeqoan1mvxth8b05b30epolfggek9j12wjjxod
Block name: /test/data/treeTest/testDocBuffer.txt/=FD025D/=000AF0 num 2800 verified? true, content: ukx74orm26tkt129cvrdec2iump64nhsrj45boxmoblatq152r
Block name: /test/data/treeTest/testDocBuffer.txt/=FD025D/=000B54 num 2900 verified? true, content: 2jn4waxridd14oj05q9oplvqxace839vf0dfdajpee9ifpt76gp
Block name: /test/data/treeTest/testDocBuffer.txt/=FD025D/=000BB8 num 3000 verified? true, content: q1vuhscxwlw956gm0aj86aj9kouj2sbmwoilojqwp07nang0a1
Block name: /test/data/treeTest/testDocBuffer.txt/=FD025D/=000C1C num 3100 verified? true, content: 1h8fer6oncv3ib402rmsgm1ccmnmwp43ilfm4gqg0djp74n2ick
Block name: /test/data/treeTest/testDocBuffer.txt/=FD025D/=000C80 num 3200 verified? true, content: 2x2v93qosewdll8ufa58d6ngi3pqblk03c3pi89tckmel570k4v
Block name: /test/data/treeTest/testDocBuffer.txt/=FD025D/=000CE4 num 3300 verified? true, content: 49xlaw84wn1aqe0blqca5mlpl2xjma5fnn5gl371iitqkhwanj
Block name: /test/data/treeTest/testDocBuffer.txt/=FD025D/=000D48 num 3400 verified? true, content: 2xe3cj1a9ekgddxmuvh9ravl8kva8nkbctovu7exitje6qfsq05
Block name: /test/data/treeTest/testDocBuffer.txt/=FD025D/=000DAC num 3500 verified? true, content: 13b89v7k8w452ado06bbjvm36wackcsn3e4kfrm28ldtb2r3qdu
Block name: /test/data/treeTest/testDocBuffer.txt/=FD025D/=000E10 num 3600 verified? true, content: 4tfpx6qeobnrvq6vr2q4v0r16145gr9bauxg4lflwtpklc8f6v
Block name: /test/data/treeTest/testDocBuffer.txt/=FD025D/=000E74 num 3700 verified? true, content: c9kt3xr1kkxpjk5ca2l4egvg569uqqbc5839bu6mcs12fwx6f1
Block name: /test/data/treeTest/testDocBuffer.txt/=FD025D/=000ED8 num 3800 verified? true, content: 16hbkpt5jruhaf486avnl3ugd03c8r3a2h4flv5u0auqsljs8c4
Block name: /test/data/treeTest/testDocBuffer.txt/=FD025D/=000F3C num 3900 verified? true, content: 1uad6d8xmfsxk1hbg6oq94105e94ow1xaw44xaka1b1lii98g3f
Block name: /test/data/treeTest/testDocBuffer.txt/=FD025D/=000FA0 num 4000 verified? true, content: 1mrkeiiux2rbntsmd70tktx2ro5u8f3t5fno6idbjdgga09nqu0
Block name: /test/data/treeTest/testDocBuffer.txt/=FD025D/=001004 num 4100 verified? true, content: bt202xa2wwf9j3787gfjwi489e2o2nw32450jc1bekot3pkxsg
Block name: /test/data/treeTest/testDocBuffer.txt/=FD025D/=001068 num 4200 verified? true, content: v71t5d6rboghww87b8b24760i8424hc1h02wo1ow02h61hkmvd
Block name: /test/data/treeTest/testDocBuffer.txt/=FD025D/=0010CC num 4300 verified? true, content: 1q1n1tulhton2c18upw7p42ck2l3dh182x7lwlwgw9b4t3qe8w3
Block name: /test/data/treeTest/testDocBuffer.txt/=FD025D/=001130 num 4400 verified? true, content: 24dnmh4pc7189ed60jjk71dm4fgckjbrqhddap42o6cknk6cuvs
Block name: /test/data/treeTest/testDocBuffer.txt/=FD025D/=001194 num 4500 verified? true, content: esk0xn31ngkbpt4i4sh20xq46vfc37vg3nax9937108q4lw79p
Block name: /test/data/treeTest/testDocBuffer.txt/=FD025D/=0011F8 num 4600 verified? true, content: 31699dq5d70x3nackfe8kf6j3cm54j3l2qphvcd5uhp8m769egi
Block name: /test/data/treeTest/testDocBuffer.txt/=FD025D/=00125C num 4700 verified? true, content: 1ei1g8hxj454u5xwmmmsmkhwh6autek29u1cmi5olcvl55teflt
Block name: /test/data/treeTest/testDocBuffer.txt/=FD025D/=0012C0 num 4800 verified? true, content: 2bl2g9elukv47o9s5hsh7x70xrwb1bq9fq40qqd9n5qrevvb2c7
Block name: /test/data/treeTest/testDocBuffer.txt/=FD025D/=001324 num 4900 verified? true, content: 11fnggrlfstllwrhmnmth18imgcjpakvi7w0rl3mx9i84opf0x5
Block name: /test/data/treeTest/testDocBuffer.txt/=FD025D/=001388 num 5000 verified? true, content: 13wswui45kno6dos9le3nh06vffjqr9uk1h8eaapkpgvxujjth8
Block name: /test/data/treeTest/testDocBuffer.txt/=FD025D/=0013EC num 5100 verified? true, content: 21onrbl5ehrluowalob5dgo9diatw4hqmcxifrjk31d5gk6d2qu
Block name: /test/data/treeTest/testDocBuffer.txt/=FD025D/=001450 num 5200 verified? true, content: 1vswpo73i97dp2el357keb244gogd12875uc5pxkrxxwflhxtl5
Block name: /test/data/treeTest/testDocBuffer.txt/=FD025D/=0014B4 num 5300 verified? true, content: 13xbv8tq1ere03hdxhx6w7so0ld8r253tsas2d5jpdj8h7didfj
Block name: /test/data/treeTest/testDocBuffer.txt/=FD025D/=001518 num 5400 verified? true, content: 26eo2gqgm9x4d4shkuq3lraxdd0v3hqd471eq8md31uvdiciu52
Block name: /test/data/treeTest/testDocBuffer.txt/=FD025D/=00157C num 5500 verified? true, content: 246qr795s08i7juui49tag8l6r80sux02e3osjqml3cwt6e66wo
Block name: /test/data/treeTest/testDocBuffer.txt/=FD025D/=0015E0 num 5600 verified? true, content: xohajv7951kclxoh4uh1mjpipoa80i0ttj7bi0aieqi7k2wf07
Block name: /test/data/treeTest/testDocBuffer.txt/=FD025D/=001644 num 5700 verified? true, content: 2q51wqv3n7xbfnmnnx354idfv3r7lw7diak27v5lbluci2f33q5
Block name: /test/data/treeTest/testDocBuffer.txt/=FD025D/=0016A8 num 5800 verified? true, content: 11d9gjbvemafts4k1anh3p3nxlxt38tv71iws5osxis9so9jpj1
Block name: /test/data/treeTest/testDocBuffer.txt/=FD025D/=00170C num 5900 verified? true, content: 46qb2uwik09omcu63p3noebvcsx3nw8or99bndkcukrb2t5bmm
Block name: /test/data/treeTest/testDocBuffer.txt/=FD025D/=001770 num 6000 verified? true, content: 1w9d2jpn1akdg85arxns32dvxqcjq4wall093l76d7ih6dbalii
Block name: /test/data/treeTest/testDocBuffer.txt/=FD025D/=0017D4 num 6100 verified? true, content: 7e8n5wi7wcvepu4c37rpqjv0vwad0t0nqe433aqwjx35foa36d
Block name: /test/data/treeTest/testDocBuffer.txt/=FD025D/=001838 num 6200 verified? true, content: 290noqtfh8bl70hh4028k5lom3o1arlemju64cqbngkxb1dnn4
Block name: /test/data/treeTest/testDocBuffer.txt/=FD025D/=00189C num 6300 verified? true, content: 2buw47i61afwx9p1m9pa6p6i94wtv4cc26maarerrxkn103vkox
Block name: /test/data/treeTest/testDocBuffer.txt/=FD025D/=001900 num 6400 verified? true, content: 1d9raf8o7r8ir48k0amem4u0mneai1nhn9qwb5rjk5ct3c98k6k
Block name: /test/data/treeTest/testDocBuffer.txt/=FD025D/=001964 num 6500 verified? true, content: 2kij85qf7w4q17nwct3vrpx6mvnk1fcrdd9esgm23dinqtr373h
Block name: /test/data/treeTest/testDocBuffer.txt/=FD025D/=0019C8 num 6600 verified? true, content: j2bwb23gow4kl4bsg1cgjgbx6avwfbuusr1qus9cjqujlll0jn
Block name: /test/data/treeTest/testDocBuffer.txt/=FD025D/=001A2C num 6700 verified? true, content: 1t4lwsdl7lf1wjmoufvevofe203hx44119ngb2wa9nkmvcxlw5o
Block name: /test/data/treeTest/testDocBuffer.txt/=FD025D/=001A90 num 6800 verified? true, content: 321gttn40x4q61ulxalq1kfjug944og6s6mv9ib8bnps6omh1kl
Block name: /test/data/treeTest/testDocBuffer.txt/=FD025D/=001AF4 num 6900 verified? true, content: 31h7mujnrswx914eupca3get86fsmtb5ksci9ws5qxbawf7sc1j
Block name: /test/data/treeTest/testDocBuffer.txt/=FD025D/=001B58 num 7000 verified? true, content: 2uhco729gpwv09tsl9t9ifgnji1ku40wker6pk66b0ni4wqq6e3
Block name: /test/data/treeTest/testDocBuffer.txt/=FD025D/=001BBC num 7100 verified? true, content: 2j4prsqcarrh49pj36rhf12258dtuuqphtf1l7lcu7x39797bow
Block name: /test/data/treeTest/testDocBuffer.txt/=FD025D/=001C20 num 7200 verified? true, content: 2gbb32mksg8gu0bi7jootetmb69lpsj6mhatplwx4r0dkb5ag9
Block name: /test/data/treeTest/testDocBuffer.txt/=FD025D/=001C84 num 7300 verified? true, content: uh9ja2s9v3sw914rtnlhcv6n6r2h4gpo4fo6xlrapdvndoqf4x
Block name: /test/data/treeTest/testDocBuffer.txt/=FD025D/=001CE8 num 7400 verified? true, content: arskxer93p3prrdjtdwfk4d9ub46n41fmk5heq5cwlt69cnt76
Block name: /test/data/treeTest/testDocBuffer.txt/=FD025D/=001D4C num 7500 verified? true, content: rnhn04godj5u9l6cd5s35rcn4856ux59n1s3hvque1lojoiedg
Block name: /test/data/treeTest/testDocBuffer.txt/=FD025D/=001DB0 num 7600 verified? true, content: 2wllmb6siq6gv333emb4462upioe0hpj9t199up4l2xpgl0qb2k
Block name: /test/data/treeTest/testDocBuffer.txt/=FD025D/=001E14 num 7700 verified? true, content: 2e1607c1d8fg1xtsh0sg3r84e2e62wwgekxph4rmm7fx763802c
Block name: /test/data/treeTest/testDocBuffer.txt/=FD025D/=001E78 num 7800 verified? true, content: 6p5ql9ohpcurd42ch6fxiof0eeowmgf30tlmaxpjbou07lbqo7
Block name: /test/data/treeTest/testDocBuffer.txt/=FD025D/=001EDC num 7900 verified? true, content: 17fmkqs3rhhbvqnhb8179qcu1kb2nbrh2bkjbxr7fwtf8xei7s5
Block name: /test/data/treeTest/testDocBuffer.txt/=FD025D/=001F40 num 8000 verified? true, content: 1sb9fil3gc2qdmrw14a846wnggnechmsp8wvf0u1rq5uffgtiba
Block name: /test/data/treeTest/testDocBuffer.txt/=FD025D/=001FA4 num 8100 verified? true, content: 1ffjink1566kecoa437quswq9diru0umkg2ibco36hb9okai3h3
Block name: /test/data/treeTest/testDocBuffer.txt/=FD025D/=002008 num 8200 verified? true, content: 23ki0h4xuuvtu0htmb5wmjho654wodsd142w79jqn0edfwicjkl
Block name: /test/data/treeTest/testDocBuffer.txt/=FD025D/=00206C num 8300 verified? true, content: 2m2mjcfcxwaxl4j7kjslskenb41p2qacelv6fm0ooej4wtwih3u
Block name: /test/data/treeTest/testDocBuffer.txt/=FD025D/=0020D0 num 8400 verified? true, content: 168g4lato4fs7kot1ox4pwuj7wt9r69h562qvs4dxtx17faig1k
Block name: /test/data/treeTest/testDocBuffer.txt/=FD025D/=002134 num 8500 verified? true, content: 19sckwtw43bpo1if7jq3ohhgrhfhaeetc8nkhdd1qtmwtrgnjro
Block name: /test/data/treeTest/testDocBuffer.txt/=FD025D/=002198 num 8600 verified? true, content: n9uh7ctrbon0k0jurm9x371diacd9j8btuktx760w7qkl4jtlh
Block name: /test/data/treeTest/testDocBuffer.txt/=FD025D/=0021FC num 8700 verified? true, content: 1ap01ulfl91qrkg0a9vqk8oi08vgiuonppp4x7mln0s36e2rltf
Block name: /test/data/treeTest/testDocBuffer.txt/=FD025D/=002260 num 8800 verified? true, content: 2bmo274bwgfvqc9j7d1ox4x5f3p36fsfvpakb4i0ofhpjpxn8t4
Constructed tree of numleaves: 9998 max pathlength: 14
Block name: /test/data/treeTest/testDocBuffer.txt/=FD038D/=00 num 0 verified? true, content: 2saw7kvrqo9ftb0otvkcb8686b99nwjlsw5u6gun5cj2f8636gu
Block name: /test/data/treeTest/testDocBuffer.txt/=FD038D/=0064 num 100 verified? true, content: gs3ed455eb8m8fvwuind8c8i9js2rit4daghq6fdps205d63jr
Block name: /test/data/treeTest/testDocBuffer.txt/=FD038D/=00C8 num 200 verified? true, content: 9k0dbrm9lh4o9hb9npcv9kcb8xrnmabpqfvm92n2arjwe4uqtn
Block name: /test/data/treeTest/testDocBuffer.txt/=FD038D/=00012C num 300 verified? true, content: 7g2il1bjsl5iax0o8kctbtcx6osqwq2kw6ws449hndr43wvbnv
Block name: /test/data/treeTest/testDocBuffer.txt/=FD038D/=000190 num 400 verified? true, content: 28i2ubo8ur3xwsmvpquskwcv0hr92bx7dxii7uembeptri3x0q4
Block name: /test/data/treeTest/testDocBuffer.txt/=FD038D/=0001F4 num 500 verified? true, content: 1942xi1vo7n04ggb68ecdtguc58rqxl09rjooin55rt8kg0unkl
Block name: /test/data/treeTest/testDocBuffer.txt/=FD038D/=000258 num 600 verified? true, content: 2qkt194imt7c4g8axmuptmpns5xgh52nmu891g1evbj369mufck
Block name: /test/data/treeTest/testDocBuffer.txt/=FD038D/=0002BC num 700 verified? true, content: 32hjvru7kjrn99jl4rtqkfw522s3tdmtleo61bh8x9j69hud4uv
Block name: /test/data/treeTest/testDocBuffer.txt/=FD038D/=000320 num 800 verified? true, content: 2k0rkccvhjostqwhcjl1jo6sdgu4vbs28is1fkbunwc15tuvxhb
Block name: /test/data/treeTest/testDocBuffer.txt/=FD038D/=000384 num 900 verified? true, content: 2g0f0p67v8n2utqf2g8d5uqlvcskl1stqeucbo4s8ktfmde1lw4
Block name: /test/data/treeTest/testDocBuffer.txt/=FD038D/=0003E8 num 1000 verified? true, content: 15niia60270heh1rdbug4p9pssbp2brjqji02ei6vxhsupac055
Block name: /test/data/treeTest/testDocBuffer.txt/=FD038D/=00044C num 1100 verified? true, content: 2jfeg0gvhvq0la9hxot828l1endcbn1lc1hmsq547k1f17eouf3
Block name: /test/data/treeTest/testDocBuffer.txt/=FD038D/=0004B0 num 1200 verified? true, content: toc53v438dkqu4eqa91otneb4vxd4uj6ervtrb5w5oapqrd9p7
Block name: /test/data/treeTest/testDocBuffer.txt/=FD038D/=000514 num 1300 verified? true, content: 7cg8s7s3wnojtqc428qvsxdnkb74rev91w1781tjlwmn8sx9tf
Block name: /test/data/treeTest/testDocBuffer.txt/=FD038D/=000578 num 1400 verified? true, content: po7hhi9blqn4irxhwsfqta6b6oksf6tuilail1rngmeekm2pn4
Block name: /test/data/treeTest/testDocBuffer.txt/=FD038D/=0005DC num 1500 verified? true, content: 32f75i5uomp9wt2fj2x5lq8g265qrdxn22886h77jgomuavxf3w
Block name: /test/data/treeTest/testDocBuffer.txt/=FD038D/=000640 num 1600 verified? true, content: 12ij22085hdjopxewfhxrvmrw9d6snaedudgxk2h9kofkvapvwx
Block name: /test/data/treeTest/testDocBuffer.txt/=FD038D/=0006A4 num 1700 verified? true, content: 1uvdtvslq1rv63f2tld44mar3a8dtcr57sd5aeqbonbnpso41nm
Block name: /test/data/treeTest/testDocBuffer.txt/=FD038D/=000708 num 1800 verified? true, content: 2sn5tloan3bq8fedsl48koka8fuv6a87cluf1jrjrudbi5r7aap
Block name: /test/data/treeTest/testDocBuffer.txt/=FD038D/=00076C num 1900 verified? true, content: 23roulqbukkefl6xjsq9q0007xr2xqvngb75r8rh3rmxukb6h9l
Block name: /test/data/treeTest/testDocBuffer.txt/=FD038D/=0007D0 num 2000 verified? true, content: 1ng4jpr4qbarodi0l79eaqwsr4o03s5ro5pieems7w6awwdqetk
Block name: /test/data/treeTest/testDocBuffer.txt/=FD038D/=000834 num 2100 verified? true, content: 24b7tv92trlrt88sa37p3e1tm6xud10c6p35m0vrmld974tpvct
Block name: /test/data/treeTest/testDocBuffer.txt/=FD038D/=000898 num 2200 verified? true, content: pjw9v4l8nsc69bcghmdsowehl6xcd6cricvxmkiou96hna41xp
Block name: /test/data/treeTest/testDocBuffer.txt/=FD038D/=0008FC num 2300 verified? true, content: 31d6sqvbupv8dj2dr546bk9kulxw2b2wha5gd3g0c8ofkehjqsi
Block name: /test/data/treeTest/testDocBuffer.txt/=FD038D/=000960 num 2400 verified? true, content: 3275a4c7xavswcrlvap0ve2wh9xbrdlih2eqq6a4d28ae1u6lda
Block name: /test/data/treeTest/testDocBuffer.txt/=FD038D/=0009C4 num 2500 verified? true, content: 1a6jin1xg8tqunmcqwv6cgruvgnvbvfn8cvnhcdxfed7iaxt3x7
Block name: /test/data/treeTest/testDocBuffer.txt/=FD038D/=000A28 num 2600 verified? true, content: 1cukxv8384t6tiiwwd7t7bx1n1gwtt00xlkgo4rnioe1h08ued2
Block name: /test/data/treeTest/testDocBuffer.txt/=FD038D/=000A8C num 2700 verified? true, content: 2pkfl46awcao89vo5f71u7xn7kwfos60l9ftv8e1rg59l564dmt
Block name: /test/data/treeTest/testDocBuffer.txt/=FD038D/=000AF0 num 2800 verified? true, content: quld0pkwb40p7ds6ia2wur9h79r1ii5jn6usri5drkm8ux68u4
Block name: /test/data/treeTest/testDocBuffer.txt/=FD038D/=000B54 num 2900 verified? true, content: 2jhlkvptji9u3413x88rgjqxevu27sjrecqgqunp0ugnmvelcl7
Block name: /test/data/treeTest/testDocBuffer.txt/=FD038D/=000BB8 num 3000 verified? true, content: 1ca66s2k2rceo5j4n3ad0ssp1bw3t6mlhxcpdacoh6t0djd0wq9
Block name: /test/data/treeTest/testDocBuffer.txt/=FD038D/=000C1C num 3100 verified? true, content: 12heesuxm7144h57ajkj96usrfu5uua4hxprn8ht7w1fc3sd1u1
Block name: /test/data/treeTest/testDocBuffer.txt/=FD038D/=000C80 num 3200 verified? true, content: 4hl6cx37el4fru6e9m1ru64fgf6ljf3gtkdr4vgu0vb4v5po5p
Block name: /test/data/treeTest/testDocBuffer.txt/=FD038D/=000CE4 num 3300 verified? true, content: 1avsw0fx7mvq38v773ifl8pnavvaenbhgdk957nkdg4rlfpkd1v
Block name: /test/data/treeTest/testDocBuffer.txt/=FD038D/=000D48 num 3400 verified? true, content: 2vwgbjne2065jex39wnbfw2hqvdwmcftbwt6e1hqxip755gdho7
Block name: /test/data/treeTest/testDocBuffer.txt/=FD038D/=000DAC num 3500 verified? true, content: 2rfm2p5t97g19xmtpv8cg5woc8p8ppiqrio61vl5uc3undmmm1u
Block name: /test/data/treeTest/testDocBuffer.txt/=FD038D/=000E10 num 3600 verified? true, content: n3dh4guqq8nbj0atka4oevoj3rupkcoe9k4amn85lo33w8hbt2
Block name: /test/data/treeTest/testDocBuffer.txt/=FD038D/=000E74 num 3700 verified? true, content: vc3g60ph9ig59mk7ifbrex9m4gcof4dupf97qcbmnqon2udohp
Block name: /test/data/treeTest/testDocBuffer.txt/=FD038D/=000ED8 num 3800 verified? true, content: e8m2qbhcivl8f61hqbepm8bmkpmwgv883edxkdpffhvn4fqbc0
Block name: /test/data/treeTest/testDocBuffer.txt/=FD038D/=000F3C num 3900 verified? true, content: 1d31fhbnqamqh1re16uux3wuq8foxp7vj4aerciebp4st5rhmol
Block name: /test/data/treeTest/testDocBuffer.txt/=FD038D/=000FA0 num 4000 verified? true, content: 17qos4pjpdx35ius62b2tpiq10mfsp1n58ghbmitxmjirfd7r7o
Block name: /test/data/treeTest/testDocBuffer.txt/=FD038D/=001004 num 4100 verified? true, content: nbepjvi8egmqnamqf60v55ukih54k9sag1wjcawqxtru5i53st
Block name: /test/data/treeTest/testDocBuffer.txt/=FD038D/=001068 num 4200 verified? true, content: 1les4oq5pisoqefrwo1hvdegjlmutfpjnhe03ewbsrrie90x6oa
Block name: /test/data/treeTest/testDocBuffer.txt/=FD038D/=0010CC num 4300 verified? true, content: 287rn0xmi9nkjutxq0peok5vb3cphhn4gkcw6252ckgv8qri5io
Block name: /test/data/treeTest/testDocBuffer.txt/=FD038D/=001130 num 4400 verified? true, content: 2cqg9sk9n9lxkrs8qa8kn4v7ggklkg091s6ergu91g0ufgmdkwf
Block name: /test/data/treeTest/testDocBuffer.txt/=FD038D/=001194 num 4500 verified? true, content: 15uqq6s9wl4u2hdfoqecv2x4g3mxn9qmrj1pwfvqpcf60mkn13i
Block name: /test/data/treeTest/testDocBuffer.txt/=FD038D/=0011F8 num 4600 verified? true, content: 1ig07n546hm8f4d4n9dbpxodlfxf16d0dmwx7mu42jt5p7rsm5r
Block name: /test/data/treeTest/testDocBuffer.txt/=FD038D/=00125C num 4700 verified? true, content: 2pcv0hhr5mjj08vk9t29pm8jnjvnuxu6870df6pvfssx7d2ukox
Block name: /test/data/treeTest/testDocBuffer.txt/=FD038D/=0012C0 num 4800 verified? true, content: 2sgvqe7ao80o0xh4bjl8r0rf4b9p7nudolabd8t994t1d29vfnu
Block name: /test/data/treeTest/testDocBuffer.txt/=FD038D/=001324 num 4900 verified? true, content: jf457qln0qw8b0ef6s2uae8l2k671h5bsrlinupdnvxso5qfdd
Block name: /test/data/treeTest/testDocBuffer.txt/=FD038D/=001388 num 5000 verified? true, content: 2lvs7ormm86r60fqabuvhq7j5ewl8ek5h502qk1axrk95bgjmmu
Block name: /test/data/treeTest/testDocBuffer.txt/=FD038D/=0013EC num 5100 verified? true, content: 2kxf4j4ka673348w17qilmukp7chfostk4vj9cfcqeosssl06wf
Block name: /test/data/treeTest/testDocBuffer.txt/=FD038D/=001450 num 5200 verified? true, content: 2i9cw9xmvdf7kbvo057f4l2l9e86sla6khlcrllfq0kalb3bgg9
Block name: /test/data/treeTest/testDocBuffer.txt/=FD038D/=0014B4 num 5300 verified? true, content: 2qs8hsron2j5l1088cj1q91hak9qt3ulrksdmacrih36vfsgmhq
Block name: /test/data/treeTest/testDocBuffer.txt/=FD038D/=001518 num 5400 verified? true, content: 9bq1d28q31nxiv2um90fnw8d3m6urcve5vqievoo7nmdln0vhx
Block name: /test/data/treeTest/testDocBuffer.txt/=FD038D/=00157C num 5500 verified? true, content: 1m4r02tv5gr5qusa6unem4xljxru8ekit8vp5wu77fav2tt457s
Block name: /test/data/treeTest/testDocBuffer.txt/=FD038D/=0015E0 num 5600 verified? true, content: ktja2kqhoivjgoaoci4c31ta4x2inx8u17eux87iqupgqkf9ku
Block name: /test/data/treeTest/testDocBuffer.txt/=FD038D/=001644 num 5700 verified? true, content: 3hk79vhr2jeatc7lmpxnifo00wl7kf18mgsa7ess58s2i9pmou
Block name: /test/data/treeTest/testDocBuffer.txt/=FD038D/=0016A8 num 5800 verified? true, content: lv11jx3fo9ab66sg81vsdu36jlm5k6nq5ake2s0pwtsk19fian
Block name: /test/data/treeTest/testDocBuffer.txt/=FD038D/=00170C num 5900 verified? true, content: 2sexrnt72upcbie8uvkvdhoc62s8srmqcc6sf6q2nwj93nskoud
Block name: /test/data/treeTest/testDocBuffer.txt/=FD038D/=001770 num 6000 verified? true, content: 1md9rxe2mfxw2jq9xa59j6a0p0spoppiaarhssfhokc5uulqata
Block name: /test/data/treeTest/testDocBuffer.txt/=FD038D/=0017D4 num 6100 verified? true, content: 2whk707hr1jwei9d7t0cwgn61jo9banrqqq4srtnowsaqwbkaeu
Block name: /test/data/treeTest/testDocBuffer.txt/=FD038D/=001838 num 6200 verified? true, content: sxwp8ofeon9q1ivbgil53m01mmkn2kfiim4q9te5vifqjbi2oh
Block name: /test/data/treeTest/testDocBuffer.txt/=FD038D/=00189C num 6300 verified? true, content: 31tjdfqk7u2crdpeg47kq52vug0x3akmrce2bhl7jc9cswu2ndg
Block name: /test/data/treeTest/testDocBuffer.txt/=FD038D/=001900 num 6400 verified? true, content: hvh1sx218t1qvacx07fqeh2d8m08vuexfqrqixs13wpa3vsr6t
Block name: /test/data/treeTest/testDocBuffer.txt/=FD038D/=001964 num 6500 verified? true, content: 314ia5j2amu3txotv28efeu8fgpensfmuqsdjj8puarskove7v7
Block name: /test/data/treeTest/testDocBuffer.txt/=FD038D/=0019C8 num 6600 verified? true, content: 2mbnrgpdv7uvqkn2x1g2udasf9d22smaq89bjmo9urdbtidp6rw
Block name: /test/data/treeTest/testDocBuffer.txt/=FD038D/=001A2C num 6700 verified? true, content: 1swrn64ao9meeefam766a3k9jrqe12dt1lr4qsaf6skuhp9k2gl
Block name: /test/data/treeTest/testDocBuffer.txt/=FD038D/=001A90 num 6800 verified? true, content: qtumrjdkar5bhp32sihsa1ungmomiijuo8qo29jscv4q1d833k
Block name: /test/data/treeTest/testDocBuffer.txt/=FD038D/=001AF4 num 6900 verified? true, content: 5weusb5gpa7vlqv044srxxq0aj79edc589trbrv6n7a5dod20e
Block name: /test/data/treeTest/testDocBuffer.txt/=FD038D/=001B58 num 7000 verified? true, content: 6pgsg9432be00f0k4dv2ohww1jjcblvxkedqtgwt19h5elommo
Block name: /test/data/treeTest/testDocBuffer.txt/=FD038D/=001BBC num 7100 verified? true, content: 2a07o3ijpm6qt258om8efsfqr64520obbllhivu4c0stprag0gi
Block name: /test/data/treeTest/testDocBuffer.txt/=FD038D/=001C20 num 7200 verified? true, content: 26rnqi87l5mtk5ep77px8x933xigxbv9ojhqbuko0wc59615pt3
Block name: /test/data/treeTest/testDocBuffer.txt/=FD038D/=001C84 num 7300 verified? true, content: 2upl0j73wfhcx48fkn8lkjqosk8ovb2xdqs2car7isb8ipe8piv
Block name: /test/data/treeTest/testDocBuffer.txt/=FD038D/=001CE8 num 7400 verified? true, content: 1x39rx8dofil7x4725j7gpx9pnjq0uheki2n3aa9o1mkixccocn
Block name: /test/data/treeTest/testDocBuffer.txt/=FD038D/=001D4C num 7500 verified? true, content: bqlcc0rh6sqghoe3qfoos7ilxxo35oibgivev1js3m81ciadp5
Block name: /test/data/treeTest/testDocBuffer.txt/=FD038D/=001DB0 num 7600 verified? true, content: 24l4t4chb964430xhvo817a32t3rchv9mdmovp0snci10q3miol
Block name: /test/data/treeTest/testDocBuffer.txt/=FD038D/=001E14 num 7700 verified? true, content: 1vt5078qi0b9st7appqaqup6qj5w82qm72x3105vrdjug63k0lm
Block name: /test/data/treeTest/testDocBuffer.txt/=FD038D/=001E78 num 7800 verified? true, content: gaa92bb2oliwo819cslvk5pwl5agkf21eq9twka0qwfwtsd2lu
Block name: /test/data/treeTest/testDocBuffer.txt/=FD038D/=001EDC num 7900 verified? true, content: 2aeloq8irdbbrimhbpjjksius7e7357snbqpwq2u35mp46ie6rs
Block name: /test/data/treeTest/testDocBuffer.txt/=FD038D/=001F40 num 8000 verified? true, content: 2c3d1o4gp760g3iuuqpwbcqe3i4uo3265hpd1hqcjlrrnhpr6xs
Block name: /test/data/treeTest/testDocBuffer.txt/=FD038D/=001FA4 num 8100 verified? true, content: 2qrtoxpkxx6frmu3ake14ca8clvh816j6q1g7k9txjtlsajp432
Block name: /test/data/treeTest/testDocBuffer.txt/=FD038D/=002008 num 8200 verified? true, content: 2jsusa397kpfu9mmpc1a3is7p3ns1he4ww41gsvo3jtig5ttxbo
Block name: /test/data/treeTest/testDocBuffer.txt/=FD038D/=00206C num 8300 verified? true, content: 130880l0oh8fbexhcwfkfv97jtlg7krl4lm0rncesehuuiaincv
Block name: /test/data/treeTest/testDocBuffer.txt/=FD038D/=0020D0 num 8400 verified? true, content: 1844bejlf8w8a0sgxo9bwmw2dqptkllb5abhv68glu8mmsqh3ee
Block name: /test/data/treeTest/testDocBuffer.txt/=FD038D/=002134 num 8500 verified? true, content: 9pe8js05rv8ggj52jdnib6v652n6u9dcs15wibqjm0fw0wxqdb
Block name: /test/data/treeTest/testDocBuffer.txt/=FD038D/=002198 num 8600 verified? true, content: hqia2puvogq6gmljkldu9swurfg3jbdhl5g859fe48b1bul80u
Block name: /test/data/treeTest/testDocBuffer.txt/=FD038D/=0021FC num 8700 verified? true, content: g1lxlo8gkwearl9rlosd8r93w8w8bm39dnepwjfrsql5luvql6
Block name: /test/data/treeTest/testDocBuffer.txt/=FD038D/=002260 num 8800 verified? true, content: 8qvs62c7qhajeqenmh541a8etd91n3jn411fq13sxjrqmwh5ku
Block name: /test/data/treeTest/testDocBuffer.txt/=FD038D/=0022C4 num 8900 verified? true, content: 2luj4j5fa1inr3x1f9bv3gn5jnjiwrvc8u5e74wbesp4idsgheu
Block name: /test/data/treeTest/testDocBuffer.txt/=FD038D/=002328 num 9000 verified? true, content: 1p63dpnmln7jikav1gsmu074pmucrpjovlxrm4bdg0w8ltd8vs7
Block name: /test/data/treeTest/testDocBuffer.txt/=FD038D/=00238C num 9100 verified? true, content: 1b039i0sfslsibg69wifeoov4rge62exhsvk9f6lgfesdrr0sfs
Block name: /test/data/treeTest/testDocBuffer.txt/=FD038D/=0023F0 num 9200 verified? true, content: 26i64bwpxf8nmtnt45daqcigmbvfwroc0mwtpfgok2hm07caehe
Block name: /test/data/treeTest/testDocBuffer.txt/=FD038D/=002454 num 9300 verified? true, content: om9ck4ivwkjtwi4dj90ecme154gvqr4c0o0odbqwsxtkau43ks
Block name: /test/data/treeTest/testDocBuffer.txt/=FD038D/=0024B8 num 9400 verified? true, content: 17astdmk2jelbx4oi1ccfh3gmt1j4b3w91huvtugph2pnm4fqgh
Block name: /test/data/treeTest/testDocBuffer.txt/=FD038D/=00251C num 9500 verified? true, content: 646c20x2p0clhumreeo2tj7d1k6eww8974bntqkl6wr8s7tsup
Block name: /test/data/treeTest/testDocBuffer.txt/=FD038D/=002580 num 9600 verified? true, content: 2dkfcarlchalg437sx1nhheiki01xdf1pwbcnbh3dxb87th8h11
Block name: /test/data/treeTest/testDocBuffer.txt/=FD038D/=0025E4 num 9700 verified? true, content: g7dcbu2fnpwoa3kg0d7nx5fkx68ocf1aqej7x39ovdjk2kur2c
Block name: /test/data/treeTest/testDocBuffer.txt/=FD038D/=002648 num 9800 verified? true, content: fs6asjskmwmfeu64tdlxx9e3w53fgmidqq0j0t3kc6joxfo93m
Block name: /test/data/treeTest/testDocBuffer.txt/=FD038D/=0026AC num 9900 verified? true, content: 1l3cr8eina6d2t28db5pwhb1a7ahaxibwohr9g1fcqlciwsn07e
Testing small trees, random block widths.
Constructed tree of numleaves: 10 max pathlength: 4
Block name: /test/data/treeTest/testDocBuffer.txt/=FD17/=00 num 0 verified? true, content: e53d0foxh8kmih9xe97edcnd9qcojl5q56gjumqpmso15dt0af
Constructed tree of numleaves: 11 max pathlength: 4
Block name: /test/data/treeTest/testDocBuffer.txt/=FD03E1/=00 num 0 verified? true, content: h76mmqv2fh1vuckibphxg64iovcmwq5x7mv4wnnsgoaqvk0x57
Constructed tree of numleaves: 12 max pathlength: 4
Block name: /test/data/treeTest/testDocBuffer.txt/=FD2D/=00 num 0 verified? true, content: 1bvmtjovbcecgodurbrgv86lxh4xqk0obf3ljs6m9d3tjujqdx2
Constructed tree of numleaves: 13 max pathlength: 4
Block name: /test/data/treeTest/testDocBuffer.txt/=FD0201/=00 num 0 verified? true, content: 1ovgkhbqdb9oebcc1gh91cahjt69ge9j7r7a8uhxn56bbvxrf7a
Constructed tree of numleaves: 14 max pathlength: 4
Block name: /test/data/treeTest/testDocBuffer.txt/=FD026B/=00 num 0 verified? true, content: 2rstex1h139n6gmqn8k0ii55g39f1h204ns01ua973mf6hk6gi4
Constructed tree of numleaves: 15 max pathlength: 4
Block name: /test/data/treeTest/testDocBuffer.txt/=FD030D/=00 num 0 verified? true, content: 2uqoi01tk123sneec7frcctg3pil4gniilid79nkpj4rj2g01r2
Constructed tree of numleaves: 16 max pathlength: 4
Block name: /test/data/treeTest/testDocBuffer.txt/=FD0223/=00 num 0 verified? true, content: 2900cven1sb2j7e31uoaqxohwgnlsog548xrrfnnnqhxcteblnv
Constructed tree of numleaves: 17 max pathlength: 5
Block name: /test/data/treeTest/testDocBuffer.txt/=FD08/=00 num 0 verified? true, content: 11m4mgwbqe4uhdoa7i0ah2qt4q31klg48uki2i1cwk84vwppe6t
Constructed tree of numleaves: 18 max pathlength: 5
Block name: /test/data/treeTest/testDocBuffer.txt/=FD0355/=00 num 0 verified? true, content: qq5lkufigxgrbici8q4mlt6nqne8mldv8f3a7j2frta4f2rnni
Constructed tree of numleaves: 19 max pathlength: 5
Block name: /test/data/treeTest/testDocBuffer.txt/=FD0114/=00 num 0 verified? true, content: 1mp1hhts9hkd2d8pm4hcx6wg3ogo5rtoxrupf9x3tpte5ju0uf6
Constructed tree of numleaves: 20 max pathlength: 5
Block name: /test/data/treeTest/testDocBuffer.txt/=FD039B/=00 num 0 verified? true, content: 8gujkmrtpe4vqbgd2g0ddtk2fobcdd5g7xh6uk01d45v23crbm
Constructed tree of numleaves: 21 max pathlength: 5
Block name: /test/data/treeTest/testDocBuffer.txt/=FDE4/=00 num 0 verified? true, content: 2bo9q8dl7v481gtg8wmu4rdbx0d5ckcj147lu7gqlwcdonwark3
Constructed tree of numleaves: 22 max pathlength: 5
Block name: /test/data/treeTest/testDocBuffer.txt/=FD01B1/=00 num 0 verified? true, content: 13tew49bb3ilkxepngteb0hc5o43tml1gbg7ksf03qm7gt4hrlq
Constructed tree of numleaves: 23 max pathlength: 5
Block name: /test/data/treeTest/testDocBuffer.txt/=FD0119/=00 num 0 verified? true, content: 2s2netbgaiiuaugmtth8c5o5a8046i3s3d7to5mlwb37gqsm67e
Constructed tree of numleaves: 24 max pathlength: 5
Block name: /test/data/treeTest/testDocBuffer.txt/=FD02/=00 num 0 verified? true, content: 1j2qdkhg2rno5jplhvx6k2l2roqqaicp29bs1em44h442tpvcb3
Constructed tree of numleaves: 25 max pathlength: 5
Block name: /test/data/treeTest/testDocBuffer.txt/=FD029A/=00 num 0 verified? true, content: 10snk0e67qidedpshpladpqnvnasutrowrclegvngig9jljq1he
Constructed tree of numleaves: 26 max pathlength: 5
Block name: /test/data/treeTest/testDocBuffer.txt/=FDCC/=00 num 0 verified? true, content: 1ol6kuevrn83nl2i9pq1os8gug4h939gtxbeohxe188tq2xpa9b
Constructed tree of numleaves: 27 max pathlength: 5
Block name: /test/data/treeTest/testDocBuffer.txt/=FD017B/=00 num 0 verified? true, content: 2amglkbdxml5mw14d14306ogk8q0actvrperbc68xif8geihff5
Constructed tree of numleaves: 28 max pathlength: 5
Block name: /test/data/treeTest/testDocBuffer.txt/=FDF7/=00 num 0 verified? true, content: 1aoe8hbiwws484sgo4phs72um4x2wrjq7cj72cmuaepqwwf6ho2
Constructed tree of numleaves: 29 max pathlength: 5
Block name: /test/data/treeTest/testDocBuffer.txt/=FD02A3/=00 num 0 verified? true, content: 1lpxaj6j3s4wn5sqdjibpq3p318fpdv1pwuje7nivw72xsolhhj
Constructed tree of numleaves: 30 max pathlength: 5
Block name: /test/data/treeTest/testDocBuffer.txt/=FD036F/=00 num 0 verified? true, content: 2r17g5636jldjgk2v3xosattpgtisnkflcwgsukdkqlg7ohavs1
Constructed tree of numleaves: 31 max pathlength: 5
Block name: /test/data/treeTest/testDocBuffer.txt/=FD9E/=00 num 0 verified? true, content: 1dff83j05frqgxxeg3uembfv4h8c48oio1pxo1lu7gwd0d1btst
Constructed tree of numleaves: 32 max pathlength: 5
Block name: /test/data/treeTest/testDocBuffer.txt/=FD024B/=00 num 0 verified? true, content: 2uvaoii9cjugt8d1mn4e4lxkb84bi87g7h7mbu1jbwww9pw4mqq
Constructed tree of numleaves: 33 max pathlength: 6
Block name: /test/data/treeTest/testDocBuffer.txt/=FD01C0/=00 num 0 verified? true, content: 1s82nj9n1l6hkafin6fwsarsrpcnurkb1aha8oq2c1o5fvfdjhd
Constructed tree of numleaves: 34 max pathlength: 6
Block name: /test/data/treeTest/testDocBuffer.txt/=FD0123/=00 num 0 verified? true, content: 17nsk6kpg7t0ukd9ofnul1d6cgvjndkt80akx61emn1vkdw460u
Constructed tree of numleaves: 35 max pathlength: 6
Block name: /test/data/treeTest/testDocBuffer.txt/=FD0132/=00 num 0 verified? true, content: 14dbgh3v0refxiucrejie50hld1lenuqmbmnt3q50df3sio8c8v
Constructed tree of numleaves: 36 max pathlength: 6
Block name: /test/data/treeTest/testDocBuffer.txt/=FD02FA/=00 num 0 verified? true, content: ekhb8a53u5wfktw96t03mq1q787fhdai1kgwe7mi3jq0m6wx3a
Constructed tree of numleaves: 37 max pathlength: 6
Block name: /test/data/treeTest/testDocBuffer.txt/=FD0197/=00 num 0 verified? true, content: 28wg6cgkeec35sr6lxsj58cwblwr8ftukavub8d55sald9237g4
Constructed tree of numleaves: 38 max pathlength: 6
Block name: /test/data/treeTest/testDocBuffer.txt/=FDC4/=00 num 0 verified? true, content: 75unta0cg04x19t7g17po74l81ueg313g3pp20g54vw9t76s2h
Constructed tree of numleaves: 39 max pathlength: 6
Block name: /test/data/treeTest/testDocBuffer.txt/=FD79/=00 num 0 verified? true, content: vpamen4tup4875rud8japfhg1u8lskxlk2gjncej8k20t7m4eg
Constructed tree of numleaves: 40 max pathlength: 6
Block name: /test/data/treeTest/testDocBuffer.txt/=FD01A0/=00 num 0 verified? true, content: 1hqsxq4f9csro2rjcua9f3hi1kfj4vlj43f8noi843prpgqp6l7
Constructed tree of numleaves: 41 max pathlength: 6
Block name: /test/data/treeTest/testDocBuffer.txt/=FD01BE/=00 num 0 verified? true, content: wobdisf9osiwa34mmx37svmpvif2s5tnhxnx0oefjk08dg3sdi
Constructed tree of numleaves: 42 max pathlength: 6
Block name: /test/data/treeTest/testDocBuffer.txt/=FD90/=00 num 0 verified? true, content: 1orh3ehswt54vito3idw1onbn9xi134avdkquxqois1x6x1j8ua
Constructed tree of numleaves: 43 max pathlength: 6
Block name: /test/data/treeTest/testDocBuffer.txt/=FD0207/=00 num 0 verified? true, content: 19u2medocp73vk1j3vqh5tnibjhr2rof73a0icbevbr0empvmaa
Constructed tree of numleaves: 44 max pathlength: 6
Block name: /test/data/treeTest/testDocBuffer.txt/=FD01D0/=00 num 0 verified? true, content: 325tjef90k0o6o6edp0ox4jqv23br745rrd341j8p0whu91wt2h
Constructed tree of numleaves: 45 max pathlength: 6
Block name: /test/data/treeTest/testDocBuffer.txt/=FD3E/=00 num 0 verified? true, content: apelqbx86cje5evtrg3582e0mhhdrfm1goxf2r0kwtf5fhw8dc
Constructed tree of numleaves: 46 max pathlength: 6
Block name: /test/data/treeTest/testDocBuffer.txt/=FD01D2/=00 num 0 verified? true, content: 1ws11h7e2bgh4mt853va90mhrphcd2kbdjklunevld000n73jes
Constructed tree of numleaves: 47 max pathlength: 6
Block name: /test/data/treeTest/testDocBuffer.txt/=FD03/=00 num 0 verified? true, content: pnq4u9uliqwkciotnbo78ulmq8lp3807wabdtkwspb6bpq6jhs
Constructed tree of numleaves: 48 max pathlength: 6
Block name: /test/data/treeTest/testDocBuffer.txt/=FD0259/=00 num 0 verified? true, content: 16ic6r24lkmh528ew5cqppjb9eoqbfmc6xixxe77hmnr0vjbtsa
Constructed tree of numleaves: 49 max pathlength: 6
Block name: /test/data/treeTest/testDocBuffer.txt/=FD016E/=00 num 0 verified? true, content: 2jmms546kx4lc94whb6q9kk2fm7nticidbfgf50cb5ixrkwtjlq
Constructed tree of numleaves: 50 max pathlength: 6
Block name: /test/data/treeTest/testDocBuffer.txt/=FD02FA/=00 num 0 verified? true, content: 2n8c05l1iwbm6ukqb1b53a292c11ha0ekw7ues0bvckahj7if5u
Constructed tree of numleaves: 51 max pathlength: 6
Block name: /test/data/treeTest/testDocBuffer.txt/=FD21/=00 num 0 verified? true, content: 1dlb6rj3nhv40grt4tmkli6qd960b8xulj3fn13bxapwmp39af3
Constructed tree of numleaves: 52 max pathlength: 6
Block name: /test/data/treeTest/testDocBuffer.txt/=FD0104/=00 num 0 verified? true, content: 3inersjlmi8baw89gw7fju00876fe7xm4k9up1ehvlfd8xtuxo
Constructed tree of numleaves: 53 max pathlength: 6
Block name: /test/data/treeTest/testDocBuffer.txt/=FD01D7/=00 num 0 verified? true, content: 91rx9qwhn66jum2g7dx58i8q8grs98hhf0b2rl1mn3piocfbpk
Constructed tree of numleaves: 54 max pathlength: 6
Block name: /test/data/treeTest/testDocBuffer.txt/=FD53/=00 num 0 verified? true, content: qd3dqxxsaams8wrrmv1mjp9wfmup9ni3h2tx5ceosacoblwvqj
Constructed tree of numleaves: 55 max pathlength: 6
Block name: /test/data/treeTest/testDocBuffer.txt/=FD010A/=00 num 0 verified? true, content: 1tkc55l0c93h7k50gq8gn12qs3t2o13lmirj1k9tcbpowj6br3q
Constructed tree of numleaves: 56 max pathlength: 6
Block name: /test/data/treeTest/testDocBuffer.txt/=FDC3/=00 num 0 verified? true, content: 76avlqtv4sw8766hg1bds853fkumanhp9wgb100u3l7914x74o
Constructed tree of numleaves: 57 max pathlength: 6
Block name: /test/data/treeTest/testDocBuffer.txt/=FD017E/=00 num 0 verified? true, content: rlq4vnius9iw75gpbwmte595ss13s7r61i6rt3eq7jcstbeeaq
Constructed tree of numleaves: 58 max pathlength: 6
Block name: /test/data/treeTest/testDocBuffer.txt/=FD01C2/=00 num 0 verified? true, content: vj1xdoxex093g1dbvi5a64i09j6tiao4cs0xal8mturllcpgvg
Constructed tree of numleaves: 59 max pathlength: 6
Block name: /test/data/treeTest/testDocBuffer.txt/=FD0200/=00 num 0 verified? true, content: fpf3t7curwfrp4sunlpj1b88nd8gmehjnl1crtrffx3r896qjs
Constructed tree of numleaves: 60 max pathlength: 6
Block name: /test/data/treeTest/testDocBuffer.txt/=FD01C2/=00 num 0 verified? true, content: 1isu6bhwwhdl8vurogxvli62g2vas2ua3942epq2tfrqdlg6nkl
Constructed tree of numleaves: 61 max pathlength: 6
Block name: /test/data/treeTest/testDocBuffer.txt/=FD013B/=00 num 0 verified? true, content: 139pwp615mkeitkbwg9n8jvwkftdes2d2xjgl55bk0ei1h38wde
Constructed tree of numleaves: 62 max pathlength: 6
Block name: /test/data/treeTest/testDocBuffer.txt/=FD010F/=00 num 0 verified? true, content: nfttic3t9obaec68947c32p39j7jwv1n3d9st8s3xd9lkold41
Constructed tree of numleaves: 63 max pathlength: 6
Block name: /test/data/treeTest/testDocBuffer.txt/=FD02D7/=00 num 0 verified? true, content: 24igf7c6c1usexsp0twcdi5orjs5uag8jc9qokcdou45n145prw
Constructed tree of numleaves: 64 max pathlength: 6
Block name: /test/data/treeTest/testDocBuffer.txt/=FD02F2/=00 num 0 verified? true, content: 1i1ew8deq3trsuj8kb94n0fim5ca7bghoop6daqnx0kkp677vf2
Constructed tree of numleaves: 65 max pathlength: 7
Block name: /test/data/treeTest/testDocBuffer.txt/=FD8C/=00 num 0 verified? true, content: wr6shcvs46s6e4b5mhj1mw8feodwxechejbkqo20twb41ptfkk
Constructed tree of numleaves: 66 max pathlength: 7
Block name: /test/data/treeTest/testDocBuffer.txt/=FD0302/=00 num 0 verified? true, content: lu5fq8pkgtuunqpwt6ww8r4tl98ljhfdmitv4b9xwfs21pvg2k
Constructed tree of numleaves: 67 max pathlength: 7
Block name: /test/data/treeTest/testDocBuffer.txt/=FD0370/=00 num 0 verified? true, content: 22u6gxfuknpf5t0xfc5xuocwvd85w6t5jkpuli21vxso6fsvx4x
Constructed tree of numleaves: 68 max pathlength: 7
Block name: /test/data/treeTest/testDocBuffer.txt/=FD022E/=00 num 0 verified? true, content: 1btldl03vo348pce2boxqm5rgq87c2p1b77hxom536c4br7b7o1
Constructed tree of numleaves: 69 max pathlength: 7
Block name: /test/data/treeTest/testDocBuffer.txt/=FD02DB/=00 num 0 verified? true, content: j67loqnsfxg9jpe2x8swc5d3r5u20kuuvsium13dn3eew7qwgn
Constructed tree of numleaves: 70 max pathlength: 7
Block name: /test/data/treeTest/testDocBuffer.txt/=FD2F/=00 num 0 verified? true, content: 28vnl9d9o10oxcngb2li23j601vg0tfwhwjtcrcx06470x6acv5
Constructed tree of numleaves: 71 max pathlength: 7
Block name: /test/data/treeTest/testDocBuffer.txt/=FD45/=00 num 0 verified? true, content: nbviratcv96fa4tcgjkeobugp07bs1xbkg4i0r7mtjwgtrmi4j
Constructed tree of numleaves: 72 max pathlength: 7
Block name: /test/data/treeTest/testDocBuffer.txt/=FD01CF/=00 num 0 verified? true, content: wvbqqc90u8ggp15hjlirxtrkg5577i0bqobs9l614ge3pbmkdl
Constructed tree of numleaves: 73 max pathlength: 7
Block name: /test/data/treeTest/testDocBuffer.txt/=FD13/=00 num 0 verified? true, content: a1mhcqdovbi1315ba3o2q9r462bwkkbor6ugurklsfeq7xprlp
Constructed tree of numleaves: 74 max pathlength: 7
Block name: /test/data/treeTest/testDocBuffer.txt/=FD98/=00 num 0 verified? true, content: ov5dxpmbburmh0gg7s9e0xugov8ndmd9w5p50pew805vhm2ekj
Constructed tree of numleaves: 75 max pathlength: 7
Block name: /test/data/treeTest/testDocBuffer.txt/=FD03CA/=00 num 0 verified? true, content: 2s1w39v6rsbmqdjrv4muncal83wqjk8u9wltgr6nv77bai2kcum
Constructed tree of numleaves: 76 max pathlength: 7
Block name: /test/data/treeTest/testDocBuffer.txt/=FD020C/=00 num 0 verified? true, content: 2lw89k7epp59aqviu1g4swhumkm475nf3pg3rauqfi2pvxlau9t
Constructed tree of numleaves: 77 max pathlength: 7
Block name: /test/data/treeTest/testDocBuffer.txt/=FD015E/=00 num 0 verified? true, content: 1u7fvwjuiw9lj87102mos54k67ehmjws134xd6rss30ap9mml1n
Constructed tree of numleaves: 78 max pathlength: 7
Block name: /test/data/treeTest/testDocBuffer.txt/=FD02ED/=00 num 0 verified? true, content: 1nhg4o9i505i33dg9v7bttrb8tddbcjo956uuwn151vwt7xunie
Constructed tree of numleaves: 79 max pathlength: 7
Block name: /test/data/treeTest/testDocBuffer.txt/=FD01CE/=00 num 0 verified? true, content: 92rr2v4hq1k23x64l138ibqidool6b2w2f2naxxr1txa7ljc16
Constructed tree of numleaves: 80 max pathlength: 7
Block name: /test/data/treeTest/testDocBuffer.txt/=FDBD/=00 num 0 verified? true, content: 1rpni3k35x9ls27sl19aavvqptwcnoojt5o3t6vqwu6qjhwg4mm
Constructed tree of numleaves: 81 max pathlength: 7
Block name: /test/data/treeTest/testDocBuffer.txt/=FD01/=00 num 0 verified? true, content: 2joqw1f1hggc8r25jeclwi2pu0f49rt40p1613h545r36d2gxon
Constructed tree of numleaves: 82 max pathlength: 7
Block name: /test/data/treeTest/testDocBuffer.txt/=FDCC/=00 num 0 verified? true, content: 1sjgu273etrdu2qirtobxskq07eqdkpv46wcw27lec00ju0lkwe
Constructed tree of numleaves: 83 max pathlength: 7
Block name: /test/data/treeTest/testDocBuffer.txt/=FD012C/=00 num 0 verified? true, content: 21po4dc39xdugu2qsbgjbird8j12pr5v94oh3bfvs2tqglb1va2
Constructed tree of numleaves: 84 max pathlength: 7
Block name: /test/data/treeTest/testDocBuffer.txt/=FD2C/=00 num 0 verified? true, content: 272l3994o48f222onukhhqrdb4aqti9u3e4q556jedil0kof36j
Constructed tree of numleaves: 85 max pathlength: 7
Block name: /test/data/treeTest/testDocBuffer.txt/=FD017D/=00 num 0 verified? true, content: 10bj90ho3v3em2gvlxopo8mm8bugnffv1w66tinxwukdn99d8as
Constructed tree of numleaves: 86 max pathlength: 7
Block name: /test/data/treeTest/testDocBuffer.txt/=FD4C/=00 num 0 verified? true, content: s9saqqwis2ecw81gu52pxfattgt6brqsgsnemqq0t3wspax7et
Constructed tree of numleaves: 87 max pathlength: 7
Block name: /test/data/treeTest/testDocBuffer.txt/=FD01F5/=00 num 0 verified? true, content: 16ajqlbnrlexaj0w9bqtvnxawe646ivvvjbljhtgmptroibacdv
Constructed tree of numleaves: 88 max pathlength: 7
Block name: /test/data/treeTest/testDocBuffer.txt/=FD0324/=00 num 0 verified? true, content: 1qoubovknea6tpn7d3k47p1kbom6jtimghaswce8ws1uvefrlbe
Constructed tree of numleaves: 89 max pathlength: 7
Block name: /test/data/treeTest/testDocBuffer.txt/=FD01D6/=00 num 0 verified? true, content: 14nj2fdhv7tb7mx4cg5k1inj3hfvuvqsxu6punclrw4fk0iv3eg
Constructed tree of numleaves: 90 max pathlength: 7
Block name: /test/data/treeTest/testDocBuffer.txt/=FD018C/=00 num 0 verified? true, content: slqinksqgmruav80k1noudb304us9k336wgm3p5js585vnj1bw
Constructed tree of numleaves: 91 max pathlength: 7
Block name: /test/data/treeTest/testDocBuffer.txt/=FD023C/=00 num 0 verified? true, content: 17p5q9tfkbu7i0wqui7l8sqkhmc6nk0425t0dvk1k832qghn7om
Constructed tree of numleaves: 92 max pathlength: 7
Block name: /test/data/treeTest/testDocBuffer.txt/=FD01B1/=00 num 0 verified? true, content: 2capfme2h2awpqdbt1xa5gjdhev2cse7derk2uwnf9etonbf59k
Constructed tree of numleaves: 93 max pathlength: 7
Block name: /test/data/treeTest/testDocBuffer.txt/=FD018F/=00 num 0 verified? true, content: n2btdqpu3n2u9mb9cmb8fdj4ir6dpk48ne78aa91ji2qible3u
Constructed tree of numleaves: 94 max pathlength: 7
Block name: /test/data/treeTest/testDocBuffer.txt/=FD036E/=00 num 0 verified? true, content: a2php5jpbsf6ee5pqb6ew97t1e5k7jikfoh0p97vrm95ejn18g
Constructed tree of numleaves: 95 max pathlength: 7
Block name: /test/data/treeTest/testDocBuffer.txt/=FD8E/=00 num 0 verified? true, content: p1q259e284cnwuenif5oa1kghafvmapf0cfcsun8whj27ewag4
Constructed tree of numleaves: 96 max pathlength: 7
Block name: /test/data/treeTest/testDocBuffer.txt/=FD02DB/=00 num 0 verified? true, content: qlennds0id1tj7vkkmkwcvcx2937qplc3p3vxmc3lj806jt4w0
Constructed tree of numleaves: 97 max pathlength: 7
Block name: /test/data/treeTest/testDocBuffer.txt/=FD0143/=00 num 0 verified? true, content: tjsa2lp2clli61kta7bc7wqv1u6dlw5n7jh7dvigw3xdgctg0n
Constructed tree of numleaves: 98 max pathlength: 7
Block name: /test/data/treeTest/testDocBuffer.txt/=FD01DB/=00 num 0 verified? true, content: duffokhmec2qqca34ck9humouikdqaaho96spb67x0j1jjdoln
Constructed tree of numleaves: 99 max pathlength: 7
Block name: /test/data/treeTest/testDocBuffer.txt/=FD033D/=00 num 0 verified? true, content: 20m2udhfpe5pd7nugd5trpt1nurwmm8v5aow5vadr7wfj1n8sg4
Constructed tree of numleaves: 100 max pathlength: 7
Block name: /test/data/treeTest/testDocBuffer.txt/=FD01D3/=00 num 0 verified? true, content: 2tmdcmblso43jgeejrnq23p9pw4j07iadqoltte2vvbrl74lggj
Constructed tree of numleaves: 101 max pathlength: 7
Block name: /test/data/treeTest/testDocBuffer.txt/=FDC4/=00 num 0 verified? true, content: 1d0mei2noq449d010qm75awsugdjrgo57f6wc2bk6jvgv0c9qo8
Constructed tree of numleaves: 102 max pathlength: 7
Block name: /test/data/treeTest/testDocBuffer.txt/=FD01B1/=00 num 0 verified? true, content: 2udghfu586fk9p4tj8e3ssemwxacfda2xbd4gs6rt7p3rxn1auv
Block name: /test/data/treeTest/testDocBuffer.txt/=FD01B1/=0064 num 100 verified? true, content: 9b7cmoespxp5a1636bieil7kti3ahxn2genjts9jtfg80wqtjf
Constructed tree of numleaves: 103 max pathlength: 7
Block name: /test/data/treeTest/testDocBuffer.txt/=FD020E/=00 num 0 verified? true, content: l80rqrdkgw7pg3877f6cej0c24wt19gc69vweuf2ceaeidjsno
Block name: /test/data/treeTest/testDocBuffer.txt/=FD020E/=0064 num 100 verified? true, content: hidm82ki33o7exql44ixjmw7a1uaj4qdme6er69e7ccd3dwkit
Constructed tree of numleaves: 104 max pathlength: 7
Block name: /test/data/treeTest/testDocBuffer.txt/=FD024B/=00 num 0 verified? true, content: 1je5k1chu0jwonkcobbtg8fqffie4lg5147u3gamfddrstu41ta
Block name: /test/data/treeTest/testDocBuffer.txt/=FD024B/=0064 num 100 verified? true, content: rhrgcqgr4xokvkdog5l1nhvr8bat9airs81na5ewpln8ulk19e
Constructed tree of numleaves: 105 max pathlength: 7
Block name: /test/data/treeTest/testDocBuffer.txt/=FD033E/=00 num 0 verified? true, content: 30h02v6fuq155io9macog03oo2ck89a12c4jghu84hn85v40965
Block name: /test/data/treeTest/testDocBuffer.txt/=FD033E/=0064 num 100 verified? true, content: rq3u0inm4xdpv6uou16q1lbf4ptpps96uvtdwrvgw7m99bx90s
Constructed tree of numleaves: 106 max pathlength: 7
Block name: /test/data/treeTest/testDocBuffer.txt/=FD038D/=00 num 0 verified? true, content: 1abf7o8pmpt30t9gh1m9j9vqu6hohisep11df15xomoah47xm2p
Block name: /test/data/treeTest/testDocBuffer.txt/=FD038D/=0064 num 100 verified? true, content: 1jav5mfpdntgf3rgv01c4vs3318s4nmk0fakwm59s2j6apg7b6s
Constructed tree of numleaves: 107 max pathlength: 7
Block name: /test/data/treeTest/testDocBuffer.txt/=FD024C/=00 num 0 verified? true, content: hrlxijblo3okfuuu2b7x3cr813ulr7fxkefjipfu3u36taeo9x
Block name: /test/data/treeTest/testDocBuffer.txt/=FD024C/=0064 num 100 verified? true, content: j6chnexq4fb269x38fdandq34m2q0h6rp6rmd293j76v7krdka
Constructed tree of numleaves: 108 max pathlength: 7
Block name: /test/data/treeTest/testDocBuffer.txt/=FD0192/=00 num 0 verified? true, content: 158fkg07jpb2thwg92ffx5etr00a1bqthdvk8d8tl8kuwc5cpdv
Block name: /test/data/treeTest/testDocBuffer.txt/=FD0192/=0064 num 100 verified? true, content: 29uf962axsuieukoqoh60hoxstqxxbgqptdirn511tbsc5708vb
Constructed tree of numleaves: 109 max pathlength: 7
Block name: /test/data/treeTest/testDocBuffer.txt/=FD3C/=00 num 0 verified? true, content: svncaa48cmhh00wbqo0gs7rjp3lfpgqq1iu07iadetjk6p5qm7
Block name: /test/data/treeTest/testDocBuffer.txt/=FD3C/=0064 num 100 verified? true, content: qql74cto3f5i7h5cpkd74r7pfurm6dwv5e33hhd9owb93gjfhk
Constructed tree of numleaves: 110 max pathlength: 7
Block name: /test/data/treeTest/testDocBuffer.txt/=FD01A6/=00 num 0 verified? true, content: 2fl9qhoepwi5r1tfbvcc81089q1cqh0bwct7wsb1463j7ceoe6f
Block name: /test/data/treeTest/testDocBuffer.txt/=FD01A6/=0064 num 100 verified? true, content: bl4dj8wnvs4hg5bsth8egca3m9qc7igg066t3p74n7fttf5r2b
Constructed tree of numleaves: 111 max pathlength: 7
Block name: /test/data/treeTest/testDocBuffer.txt/=FD0301/=00 num 0 verified? true, content: a1s9hjuctdkr3bdp5iiv93d9p8sidj08l1njvltuxgg58bhq3c
Block name: /test/data/treeTest/testDocBuffer.txt/=FD0301/=0064 num 100 verified? true, content: 18l51ximkj0nxvufpjst0ucv588ixvbmbl0937axgnrpcqihkjv
Constructed tree of numleaves: 112 max pathlength: 7
Block name: /test/data/treeTest/testDocBuffer.txt/=FD01B2/=00 num 0 verified? true, content: 4290c7kpj6ih8hehqnl70ghghfokhh05bathh3mj9bb2ssox2f
Block name: /test/data/treeTest/testDocBuffer.txt/=FD01B2/=0064 num 100 verified? true, content: 2o8p8jbkt3r55pjbcvs94jab84o11vmx77av7tpxmaeccw3p715
Constructed tree of numleaves: 113 max pathlength: 7
Block name: /test/data/treeTest/testDocBuffer.txt/=FD01FC/=00 num 0 verified? true, content: 21kiwso9wwl5haxh0t7mjkegdfrkhju97qgda3070pafxtm626x
Block name: /test/data/treeTest/testDocBuffer.txt/=FD01FC/=0064 num 100 verified? true, content: ssd7obot9rhwludu7dosmjkfx1pmiihx6mdbv40ng7gu19wdor
Constructed tree of numleaves: 114 max pathlength: 7
Block name: /test/data/treeTest/testDocBuffer.txt/=FD0333/=00 num 0 verified? true, content: b52c9fw1hohiqu96qqx8tf9iqug8bfbbk5prn9k2a0at9j3a0m
Block name: /test/data/treeTest/testDocBuffer.txt/=FD0333/=0064 num 100 verified? true, content: 1w64oreu955923wokwnk45u6jv1lgbu0x735slgib3rog3rl4o9
Constructed tree of numleaves: 115 max pathlength: 7
Block name: /test/data/treeTest/testDocBuffer.txt/=FD01BE/=00 num 0 verified? true, content: 2esu084a9gff7cs4uvcx6e1dclq3dot2ohm6c7fit3lc4rejcdu
Block name: /test/data/treeTest/testDocBuffer.txt/=FD01BE/=0064 num 100 verified? true, content: 2bblkh4hv9sfl2rq6b0p3o6ash3097cg1fmxnuxnaxwki7d0nvc
Constructed tree of numleaves: 116 max pathlength: 7
Block name: /test/data/treeTest/testDocBuffer.txt/=FD8B/=00 num 0 verified? true, content: 20pq8qchernixwjwhhmpicqpr2k5i8iv6pgs1iqcqql6t75wnrf
Block name: /test/data/treeTest/testDocBuffer.txt/=FD8B/=0064 num 100 verified? true, content: 2iuh14cnuo0k3424qcqc5ublj43jjvi7cs7ldjv399qb7vmm7f6
Constructed tree of numleaves: 117 max pathlength: 7
Block name: /test/data/treeTest/testDocBuffer.txt/=FD62/=00 num 0 verified? true, content: xtc4ewgh2tpqu17r66mhpd0ol6ow806gm3bjipj2aiqafmi76f
Block name: /test/data/treeTest/testDocBuffer.txt/=FD62/=0064 num 100 verified? true, content: gjpel4so2ag3f8hd6wltlj04340imx1isg3hq7b1cevrvnnohh
Constructed tree of numleaves: 118 max pathlength: 7
Block name: /test/data/treeTest/testDocBuffer.txt/=FD013D/=00 num 0 verified? true, content: 1bq8drd4e66w4th636vg59b0woplmjxog2nloxpqfun7ks9cugu
Block name: /test/data/treeTest/testDocBuffer.txt/=FD013D/=0064 num 100 verified? true, content: 2cl49wcmxl6wa5grrg2poc1svoiosh0b27jp434easx4mdwktwv
Constructed tree of numleaves: 119 max pathlength: 7
Block name: /test/data/treeTest/testDocBuffer.txt/=FD02B2/=00 num 0 verified? true, content: 1cd1n2e5wv4nq7mkemfb99sgtclh9bfq5gkv5fxf3dvvqsrs53v
Block name: /test/data/treeTest/testDocBuffer.txt/=FD02B2/=0064 num 100 verified? true, content: 144hpws2w644beekss8w37tf3fxxxivgd68ujl8t5um7sc4umfj
Constructed tree of numleaves: 120 max pathlength: 7
Block name: /test/data/treeTest/testDocBuffer.txt/=FD021A/=00 num 0 verified? true, content: 1iuglqpqutdusc9w95221vslli2hqkpp1unlca2r7kg994ikwqu
Block name: /test/data/treeTest/testDocBuffer.txt/=FD021A/=0064 num 100 verified? true, content: 1hevgfue9f4f0tti1u3hh3wrs37477jnu1axtp10neki2sfd88k
Constructed tree of numleaves: 121 max pathlength: 7
Block name: /test/data/treeTest/testDocBuffer.txt/=FD0333/=00 num 0 verified? true, content: 8vxb7tk6tsm6exq98ek117pimhunlt98nm6x3q6haadkqu2pn8
Block name: /test/data/treeTest/testDocBuffer.txt/=FD0333/=0064 num 100 verified? true, content: 1m4ignl7gso30j9b2n2w1mpg41f2eaow0sb37379rdgi5jx5cuq
Constructed tree of numleaves: 122 max pathlength: 7
Block name: /test/data/treeTest/testDocBuffer.txt/=FD40/=00 num 0 verified? true, content: 1vlbun4709cfr34b5gpg9idb29q821ho5stuopwkvajixjia4l
Block name: /test/data/treeTest/testDocBuffer.txt/=FD40/=0064 num 100 verified? true, content: sch4wod0rj4ish3rguqp9wjhwhlpivm9u0lwpjugbaco9qb7rl
Constructed tree of numleaves: 123 max pathlength: 7
Block name: /test/data/treeTest/testDocBuffer.txt/=FD01C8/=00 num 0 verified? true, content: 2dbu6e2spw4warqhswvf2avpg9crrcd2nwx5t62jqamrgaulqi5
Block name: /test/data/treeTest/testDocBuffer.txt/=FD01C8/=0064 num 100 verified? true, content: 2swg891vgah0qte0lve6qavoarx7oemfgjrg9j8febnrsqu51fc
Constructed tree of numleaves: 124 max pathlength: 7
Block name: /test/data/treeTest/testDocBuffer.txt/=FDAB/=00 num 0 verified? true, content: br4a86w6s7f75b462pwaawlu9cstiks4x1s2j9bo4rc610wsi0
Block name: /test/data/treeTest/testDocBuffer.txt/=FDAB/=0064 num 100 verified? true, content: 1qrlv0700cf64kxggmts2j160p322o4u4nourf3jcanxjfglsk9
Constructed tree of numleaves: 125 max pathlength: 7
Block name: /test/data/treeTest/testDocBuffer.txt/=FD0185/=00 num 0 verified? true, content: 2qj99n2tmc0wqosemxtns57g4n9afjr7j3tihsmi98j64fbwkfr
Block name: /test/data/treeTest/testDocBuffer.txt/=FD0185/=0064 num 100 verified? true, content: 1rbd5nbjvjklpdp7u3eufda1adrihv3e53do5amrfmau838m1g2
Constructed tree of numleaves: 126 max pathlength: 7
Block name: /test/data/treeTest/testDocBuffer.txt/=FD01F5/=00 num 0 verified? true, content: 2h4qawaqci25sq7a60d96opd8d4c1dqih2ruqm7dgipl0ldglu
Block name: /test/data/treeTest/testDocBuffer.txt/=FD01F5/=0064 num 100 verified? true, content: 2fent2c9cj1acpjk2eljhhu7sqee2nruqmfqthtbsl38i5meneh
Constructed tree of numleaves: 127 max pathlength: 7
Block name: /test/data/treeTest/testDocBuffer.txt/=FD03D6/=00 num 0 verified? true, content: 1t5sjlltwkvtl6mlv9x6cij4dkvtbcag5owc2ftjgl8rsx1bcvd
Block name: /test/data/treeTest/testDocBuffer.txt/=FD03D6/=0064 num 100 verified? true, content: 22nqvs7j7ck3wmgbpwxjmob7aat5n1h4thtidkkh8ij0on0ehe1
Constructed tree of numleaves: 128 max pathlength: 7
Block name: /test/data/treeTest/testDocBuffer.txt/=FD0335/=00 num 0 verified? true, content: jk2nqsmrataqxvn6mtv1olgm1wrc0nfje3p30nk9be8ht1mfam
Block name: /test/data/treeTest/testDocBuffer.txt/=FD0335/=0064 num 100 verified? true, content: v4shc9ofhu16q9i65942jeisjrbu03u9gdmbaoi9cxm47ghfqe
Constructed tree of numleaves: 129 max pathlength: 8
Block name: /test/data/treeTest/testDocBuffer.txt/=FD029A/=00 num 0 verified? true, content: 1cnrmkdkgqm1js94v8qu0purl0h0a3t3gf3jjhr8ubohfus6d7q
Block name: /test/data/treeTest/testDocBuffer.txt/=FD029A/=0064 num 100 verified? true, content: 48x3e5792kgdjtcnwd6i403lm92vnlfhwr3svv085txk0u7i7b
Constructed tree of numleaves: 130 max pathlength: 8
Block name: /test/data/treeTest/testDocBuffer.txt/=FD51/=00 num 0 verified? true, content: 5k266e3iok8voprxgdefneo91gmh6l4fie4pchf09ttt34a1aj
Block name: /test/data/treeTest/testDocBuffer.txt/=FD51/=0064 num 100 verified? true, content: v55oq5nd6159jwp5dmb933ltsx4pedn93uiow9qhgh9f247anb
Constructed tree of numleaves: 131 max pathlength: 8
Block name: /test/data/treeTest/testDocBuffer.txt/=FD02D2/=00 num 0 verified? true, content: 2lprj40itciqkt0n8bo2kak8raxj6cmc9d1opolns5tcmce3e65
Block name: /test/data/treeTest/testDocBuffer.txt/=FD02D2/=0064 num 100 verified? true, content: 26l8v1glv5vggnfogklrtkkhwhl5ek839r0joxsap5hak0x6ni8
Constructed tree of numleaves: 132 max pathlength: 8
Block name: /test/data/treeTest/testDocBuffer.txt/=FD0117/=00 num 0 verified? true, content: amjraxnwbueixwbrl81xqf28igxnhsod21t1rdcenwb3vuujr4
Block name: /test/data/treeTest/testDocBuffer.txt/=FD0117/=0064 num 100 verified? true, content: 1mjoksocolrel2vcsxtcoiws9n68thpfl430wjjjjo2uworwqvn
Constructed tree of numleaves: 133 max pathlength: 8
Block name: /test/data/treeTest/testDocBuffer.txt/=FDCF/=00 num 0 verified? true, content: 2p0s2ipoq2oapbw6ns25n1gae2hdeahesircpn50fjlcq5fmvkh
Block name: /test/data/treeTest/testDocBuffer.txt/=FDCF/=0064 num 100 verified? true, content: 1e7cbft2jducs1q2kwbwfx208hu9gh5ckdea0c9kcrx0p7dunno
Constructed tree of numleaves: 134 max pathlength: 8
Block name: /test/data/treeTest/testDocBuffer.txt/=FD0140/=00 num 0 verified? true, content: 63ua9gdfhko88x9hkjtrsmu13tcma6u00w46vgq0dg6s5gnw94
Block name: /test/data/treeTest/testDocBuffer.txt/=FD0140/=0064 num 100 verified? true, content: 8co0mdj4tbqh4uxgg8tqia3uft9qetdnoi76jgrigfjc8l40xr
Constructed tree of numleaves: 135 max pathlength: 8
Block name: /test/data/treeTest/testDocBuffer.txt/=FD11/=00 num 0 verified? true, content: 2nji1ss079rm735clo9x4miv96nxfnpg94o3ku6bx21inupeupe
Block name: /test/data/treeTest/testDocBuffer.txt/=FD11/=0064 num 100 verified? true, content: rjakhr70ncvp7nih0fvl1k4nmm0pm3tmnsthtn7anvrwr2dxhn
Constructed tree of numleaves: 136 max pathlength: 8
Block name: /test/data/treeTest/testDocBuffer.txt/=FD0143/=00 num 0 verified? true, content: 2hek8kfkkb4ogrhnxnlk513ar4eef7rix64dsd16l05cdlxqgxb
Block name: /test/data/treeTest/testDocBuffer.txt/=FD0143/=0064 num 100 verified? true, content: 1l5gtv05vrcp8w2bivgsqfngj7xu3333xd8goilns49anvrr69f
Constructed tree of numleaves: 137 max pathlength: 8
Block name: /test/data/treeTest/testDocBuffer.txt/=FD0194/=00 num 0 verified? true, content: 1q6c6v901tu4527gr5shfbf3klc7uorqornjrf40axcua80na02
Block name: /test/data/treeTest/testDocBuffer.txt/=FD0194/=0064 num 100 verified? true, content: 1exumhx4j87gukhkbufbfa277kqk71imi0d7v6hjotrrw42to6x
Constructed tree of numleaves: 138 max pathlength: 8
Block name: /test/data/treeTest/testDocBuffer.txt/=FD031A/=00 num 0 verified? true, content: 1q99ws4bu544d3ivxb3fs2n8t1arog2mvtxjbmho0nj03vsh20r
Block name: /test/data/treeTest/testDocBuffer.txt/=FD031A/=0064 num 100 verified? true, content: 22btb3oh94eoiut3lt67eehgdnu3q1x0vc07b5ke70u0l8rugoi
Constructed tree of numleaves: 139 max pathlength: 8
Block name: /test/data/treeTest/testDocBuffer.txt/=FD74/=00 num 0 verified? true, content: 323bbbb12flifgd770qncf814pljqkpkd2a5xr0r9tpgierqwj1
Block name: /test/data/treeTest/testDocBuffer.txt/=FD74/=0064 num 100 verified? true, content: fmql0o8w7qjvr536v49dwmel4ph4xtvsc384mupw7m0pib10k3
Constructed tree of numleaves: 140 max pathlength: 8
Block name: /test/data/treeTest/testDocBuffer.txt/=FD0D/=00 num 0 verified? true, content: 1qs304o4w0wji0grkn7xjklths16sf913satj8v7wi498f1d13c
Block name: /test/data/treeTest/testDocBuffer.txt/=FD0D/=0064 num 100 verified? true, content: 13jn132pkqeql9cn1c98xcbq6sshxv4fxkhiulo5ar725wtdwdv
Constructed tree of numleaves: 141 max pathlength: 8
Block name: /test/data/treeTest/testDocBuffer.txt/=FD0358/=00 num 0 verified? true, content: mfg8ia8tk3e61wk3e1m1m2wgpes55hj7nqc59g7swtwi3qfal2
Block name: /test/data/treeTest/testDocBuffer.txt/=FD0358/=0064 num 100 verified? true, content: mmjupba0d3xnol1w2eh549aa5lsxlqbxw2pjetk4jnf4qbfgpr
Constructed tree of numleaves: 142 max pathlength: 8
Block name: /test/data/treeTest/testDocBuffer.txt/=FD0304/=00 num 0 verified? true, content: ld8wkwelq1q42rsmo3v9qs4goj6gf5n2oeg1pcqwj6j7ogjoqi
Block name: /test/data/treeTest/testDocBuffer.txt/=FD0304/=0064 num 100 verified? true, content: 2qih345dhw65xwc66buw0mjc8xc0bh22lsj67bvacpa9sarw5ao
Constructed tree of numleaves: 143 max pathlength: 8
Block name: /test/data/treeTest/testDocBuffer.txt/=FD01C0/=00 num 0 verified? true, content: l9sni5n1ogdjh6rlcuxpa2xgvrxncuq3fdf0ehhp0dbd2bb57k
Block name: /test/data/treeTest/testDocBuffer.txt/=FD01C0/=0064 num 100 verified? true, content: 1jcp0utaw5lo1a11v0kbhlevngm0lt80belm2lcw6t9t31krcxo
Constructed tree of numleaves: 144 max pathlength: 8
Block name: /test/data/treeTest/testDocBuffer.txt/=FDC5/=00 num 0 verified? true, content: 1tn22vc7nt3fr2tpqcpa02sfu98v4d0mlqur5v9q6geqlk533we
Block name: /test/data/treeTest/testDocBuffer.txt/=FDC5/=0064 num 100 verified? true, content: 1dbdtcmvunda17f7rrap48phkdcr95l65g9r4gg8scih37djhlj
Constructed tree of numleaves: 145 max pathlength: 8
Block name: /test/data/treeTest/testDocBuffer.txt/=FD0288/=00 num 0 verified? true, content: 86i82i1j9ssbkfd4594t8udj6alghe82f36wv79eq3d67v03v
Block name: /test/data/treeTest/testDocBuffer.txt/=FD0288/=0064 num 100 verified? true, content: 26c0tiktdx762qjg5p3aiqa8n9xt3x99gh1tt4dqqr12owvdci0
Constructed tree of numleaves: 146 max pathlength: 8
Block name: /test/data/treeTest/testDocBuffer.txt/=FD034D/=00 num 0 verified? true, content: 23avmnb6ar3aasak9v7txaq3lnxusw92h3rqrdeiusr7laxts50
Block name: /test/data/treeTest/testDocBuffer.txt/=FD034D/=0064 num 100 verified? true, content: 1ai8diiht4apjfk3p2xxmrfq4mxpw2urruebbccjxfqditwkoo8
Constructed tree of numleaves: 147 max pathlength: 8
Block name: /test/data/treeTest/testDocBuffer.txt/=FD036A/=00 num 0 verified? true, content: hd7tvaomeknf4ed0kpotjfamkebn3ud63hubbwmqejewlkgi35
Block name: /test/data/treeTest/testDocBuffer.txt/=FD036A/=0064 num 100 verified? true, content: 1c5con2e4ptw0i4rohmlffpwiggpdsvq3t748cqwbuwhswgqsfq
Constructed tree of numleaves: 148 max pathlength: 8
Block name: /test/data/treeTest/testDocBuffer.txt/=FD0313/=00 num 0 verified? true, content: 1348lurafttft108k2djxgqwumad2n6u4r3wo706dsup8woucla
Block name: /test/data/treeTest/testDocBuffer.txt/=FD0313/=0064 num 100 verified? true, content: 1c4jxshcedotr32vbhg9xu5lfxkhet21ecj0hku88g605lk1umb
Constructed tree of numleaves: 149 max pathlength: 8
Block name: /test/data/treeTest/testDocBuffer.txt/=FD01FB/=00 num 0 verified? true, content: 11mbd1plq23gnc3gxu7kr6x1rh829584bfddol86s786ui1f8ha
Block name: /test/data/treeTest/testDocBuffer.txt/=FD01FB/=0064 num 100 verified? true, content: 249du146u2uq3t285cbfqpg2n3w29ahjo5lrrk5ff357e3tlvf3
Constructed tree of numleaves: 150 max pathlength: 8
Block name: /test/data/treeTest/testDocBuffer.txt/=FD4B/=00 num 0 verified? true, content: 2c1iuige32vwcule0df13twef4x31srstgbbfmshle6ptejis3v
Block name: /test/data/treeTest/testDocBuffer.txt/=FD4B/=0064 num 100 verified? true, content: 2ohmgwjtslkxuccb4w2b37vwni08lpejlahwrj0nav3sjewiidw
Constructed tree of numleaves: 151 max pathlength: 8
Block name: /test/data/treeTest/testDocBuffer.txt/=FD51/=00 num 0 verified? true, content: 16oqj0n98kvkhwab23oj9qjv48tt2k3f8d6wpqajhcv3pgdeg5o
Block name: /test/data/treeTest/testDocBuffer.txt/=FD51/=0064 num 100 verified? true, content: 1nfpxpbeti9ql3lddb5vrauiadn7w1ek30k4vnql680923kedrt
Constructed tree of numleaves: 152 max pathlength: 8
Block name: /test/data/treeTest/testDocBuffer.txt/=FD0233/=00 num 0 verified? true, content: d9c1ok4kvbo41xwalhlmqfvd4xmvrl6a4tis3rpg6d39j0apei
Block name: /test/data/treeTest/testDocBuffer.txt/=FD0233/=0064 num 100 verified? true, content: 232j3ujvluh278cwu601u2h6g5ep8fgjpdsvn455jvd8w6lbodk
Constructed tree of numleaves: 153 max pathlength: 8
Block name: /test/data/treeTest/testDocBuffer.txt/=FD0252/=00 num 0 verified? true, content: 26tgl77t7b9x2olfja5t4p3mufjd6e90i2ewt2qqusqi8u2m56x
Block name: /test/data/treeTest/testDocBuffer.txt/=FD0252/=0064 num 100 verified? true, content: 1kt67wood62s2gfwewo7nxo6n9jwa8ji525e8kl6dsge3wadrlo
Constructed tree of numleaves: 154 max pathlength: 8
Block name: /test/data/treeTest/testDocBuffer.txt/=FD031C/=00 num 0 verified? true, content: b5nnmxn9evn8s36dcxwbs9hfu32h43e9re27otteathni67d0v
Block name: /test/data/treeTest/testDocBuffer.txt/=FD031C/=0064 num 100 verified? true, content: 28pxgmmlljtnwp3ux76g6pdwcvhthat5u2i9x8tglw9qqbr3v45
Constructed tree of numleaves: 155 max pathlength: 8
Block name: /test/data/treeTest/testDocBuffer.txt/=FD08/=00 num 0 verified? true, content: 1mkcnti9dotrixg5wfoslan8obb1dnae2xfrqtxjf5quktkxmu5
Block name: /test/data/treeTest/testDocBuffer.txt/=FD08/=0064 num 100 verified? true, content: bcv14r7v6c5ajeennomfhj4sme3bor7q2dvlbpsprhaonfxfad
Constructed tree of numleaves: 156 max pathlength: 8
Block name: /test/data/treeTest/testDocBuffer.txt/=FD01DC/=00 num 0 verified? true, content: 1a8oq5agcerta7ktf3xcewgdt3699rbih08bpxbd0nxjm8eia5d
Block name: /test/data/treeTest/testDocBuffer.txt/=FD01DC/=0064 num 100 verified? true, content: cgtlpdi8r3q9g6fngktnuxbi4lneijojpqp9ocsevi8uqjwgkd
Constructed tree of numleaves: 157 max pathlength: 8
Block name: /test/data/treeTest/testDocBuffer.txt/=FD03C2/=00 num 0 verified? true, content: 1m5sgx6bktb5f48wbrsfed8gh4tds7u5tj51pbdk4ds5fstpx2n
Block name: /test/data/treeTest/testDocBuffer.txt/=FD03C2/=0064 num 100 verified? true, content: 27j8api0opavh696l0mdigox34oho8ljqakxn8b1bm75qc7njnr
Constructed tree of numleaves: 158 max pathlength: 8
Block name: /test/data/treeTest/testDocBuffer.txt/=FDA7/=00 num 0 verified? true, content: 1wxi3i45e7vqnlscw72f77jqhnu5rd3utibwsj0fs1plmkhqp58
Block name: /test/data/treeTest/testDocBuffer.txt/=FDA7/=0064 num 100 verified? true, content: 132ls4i941qewqc5aqmeldpugm21allbvh75xont2h052ogu13b
Constructed tree of numleaves: 159 max pathlength: 8
Block name: /test/data/treeTest/testDocBuffer.txt/=FD0115/=00 num 0 verified? true, content: fb2fvmnl0x8f28sra1hatrpt09o34bnrwgxr4kab58ln3tbiwq
Block name: /test/data/treeTest/testDocBuffer.txt/=FD0115/=0064 num 100 verified? true, content: 2qs8xnq4sjg0ik52cs7hcf9rarqwoqknr9lul5gt58w87vnsl7i
Constructed tree of numleaves: 160 max pathlength: 8
Block name: /test/data/treeTest/testDocBuffer.txt/=FD02DD/=00 num 0 verified? true, content: n1lo582mgdv8mr2gabwu2prrwplpetiuaaogvlg43aln7e5vgk
Block name: /test/data/treeTest/testDocBuffer.txt/=FD02DD/=0064 num 100 verified? true, content: 2vti1f7uip223pljosrqs4d9lm8mihd70rvpkiadx49b9a12wpn
Constructed tree of numleaves: 161 max pathlength: 8
Block name: /test/data/treeTest/testDocBuffer.txt/=FD02A9/=00 num 0 verified? true, content: 2ca6wd1aad3gmgrnm2s6cfv9q130tge6tmtt7tlxbaafppp189f
Block name: /test/data/treeTest/testDocBuffer.txt/=FD02A9/=0064 num 100 verified? true, content: epxn1q3mmtx5fgbjf54e2ted8b9auo9dkodsapm89gukfksjnk
Constructed tree of numleaves: 162 max pathlength: 8
Block name: /test/data/treeTest/testDocBuffer.txt/=FD0119/=00 num 0 verified? true, content: 15sn8d5nc6wuxm7j4tlm2c17rhp8lt3ad1uso99fbkm5pmnh8eb
Block name: /test/data/treeTest/testDocBuffer.txt/=FD0119/=0064 num 100 verified? true, content: 1f9l56bshdi78wlnqbuev18x4wtvnv4gd0qorvh0ala1s1ckbgj
Constructed tree of numleaves: 163 max pathlength: 8
Block name: /test/data/treeTest/testDocBuffer.txt/=FD0349/=00 num 0 verified? true, content: 2f5t41o70pund82obh53vcvraurn6fj7ximj4eun383icpgllvu
Block name: /test/data/treeTest/testDocBuffer.txt/=FD0349/=0064 num 100 verified? true, content: 1o74nkj4ese59epr1fr2ffo87xn38qknl97egjwo8ha57vjotkm
Constructed tree of numleaves: 164 max pathlength: 8
Block name: /test/data/treeTest/testDocBuffer.txt/=FD0371/=00 num 0 verified? true, content: ind8eoaqr38kfheo3qo57m6k5d6fe3p57rvnedq15mnm5564r9
Block name: /test/data/treeTest/testDocBuffer.txt/=FD0371/=0064 num 100 verified? true, content: 32sguvkw69nh7qw63j2vamxjbn09wx28sxkwo9vinlh2833h6l5
Constructed tree of numleaves: 165 max pathlength: 8
Block name: /test/data/treeTest/testDocBuffer.txt/=FD0350/=00 num 0 verified? true, content: 2n0lmqk9d8hsmewi8vfawa0w8dn2plm0p6th94xx3v73wtsln45
Block name: /test/data/treeTest/testDocBuffer.txt/=FD0350/=0064 num 100 verified? true, content: 1q207nl7ffu9g3fdlge6da009s3l643fw1d59l9p6bhw81vfvtc
Constructed tree of numleaves: 166 max pathlength: 8
Block name: /test/data/treeTest/testDocBuffer.txt/=FD025C/=00 num 0 verified? true, content: 2lj3sj3r5kcpow3eofijgi7o2npt8g2poqdxhobb0f1llxlgfv
Block name: /test/data/treeTest/testDocBuffer.txt/=FD025C/=0064 num 100 verified? true, content: m9xc4bichf885w08ibdd35xdh2ac9rfqcf4enamp62n58br2qb
Constructed tree of numleaves: 167 max pathlength: 8
Block name: /test/data/treeTest/testDocBuffer.txt/=FD027A/=00 num 0 verified? true, content: 1dknie0u0g0xj58toi3a355ad89g6gdouihdomx0rrlwdxsta22
Block name: /test/data/treeTest/testDocBuffer.txt/=FD027A/=0064 num 100 verified? true, content: l8tool41tr5ni7seudojpem4usjwwoetfkef1nempdknh6wn
Constructed tree of numleaves: 168 max pathlength: 8
Block name: /test/data/treeTest/testDocBuffer.txt/=FD0170/=00 num 0 verified? true, content: 14vco540805mo2cabnx1u1hg41vvhp1pau3fdkdd6x6i298g9lo
Block name: /test/data/treeTest/testDocBuffer.txt/=FD0170/=0064 num 100 verified? true, content: f3c3d8jhwievb1axm3xh9r1f5juxh4r2h084102nkqdfaexs1t
Constructed tree of numleaves: 169 max pathlength: 8
Block name: /test/data/treeTest/testDocBuffer.txt/=FDED/=00 num 0 verified? true, content: gelvseimiiuv7uxxcfnib54nsril8kicvabx523ja0r6tvgoo
Block name: /test/data/treeTest/testDocBuffer.txt/=FDED/=0064 num 100 verified? true, content: jq456h9hfckm6gwmvlj5r0upshrk3pgdjhh7oha14u95aas5i2
Constructed tree of numleaves: 170 max pathlength: 8
Block name: /test/data/treeTest/testDocBuffer.txt/=FD01A8/=00 num 0 verified? true, content: j8qjfpv2p5lix81nucdf3ppwphdk6b1a9mte1bx0lxu16ux9p8
Block name: /test/data/treeTest/testDocBuffer.txt/=FD01A8/=0064 num 100 verified? true, content: 18ou192a0sns6ueuv5577db2hhiah1dafjiug2cdbveqehfud9u
Constructed tree of numleaves: 171 max pathlength: 8
Block name: /test/data/treeTest/testDocBuffer.txt/=FD01DD/=00 num 0 verified? true, content: 2kcp3g61x3wr8g1ai90x44q608r27o427kweep6uiqxu41f0gr8
Block name: /test/data/treeTest/testDocBuffer.txt/=FD01DD/=0064 num 100 verified? true, content: 1ob5r4dmekeee04hhqn198ei98tpa2cm77cbxd3kpi6ul8twe13
Constructed tree of numleaves: 172 max pathlength: 8
Block name: /test/data/treeTest/testDocBuffer.txt/=FD02BB/=00 num 0 verified? true, content: 1ccr39xwsn6w3msulpexmwtr2u7eutt28k04wejmvi0roq5enbx
Block name: /test/data/treeTest/testDocBuffer.txt/=FD02BB/=0064 num 100 verified? true, content: vjwloje0itivjuw6sc1umnbhampukgjbi3mcrbtltijp3qmbw7
Constructed tree of numleaves: 173 max pathlength: 8
Block name: /test/data/treeTest/testDocBuffer.txt/=FD95/=00 num 0 verified? true, content: 1d39a2ihpnr8c1evk67c651wr4ilad047plebjhxwbmg5nkvdkd
Block name: /test/data/treeTest/testDocBuffer.txt/=FD95/=0064 num 100 verified? true, content: aidqo38crnd0097ebhfcid66datltwe95eveothunhioomdfap
Constructed tree of numleaves: 174 max pathlength: 8
Block name: /test/data/treeTest/testDocBuffer.txt/=FDE1/=00 num 0 verified? true, content: c156iwn6at0wx2p5kj76xg8eruto9ws0qj99lvs73nc92lub27
Block name: /test/data/treeTest/testDocBuffer.txt/=FDE1/=0064 num 100 verified? true, content: 17v5fhl86gkj522hh8exkge2gg121j2k7pdjuwf0xd7rrir9dgt
Constructed tree of numleaves: 175 max pathlength: 8
Block name: /test/data/treeTest/testDocBuffer.txt/=FD0338/=00 num 0 verified? true, content: 279sgc6qffw8dflox90hwsffhshthf41omsabbv9fral71hkunv
Block name: /test/data/treeTest/testDocBuffer.txt/=FD0338/=0064 num 100 verified? true, content: 2xd6hbggpnu9ww1e89gda3vlnlvmaw5ctnokbuqtjcinarhvete
Constructed tree of numleaves: 176 max pathlength: 8
Block name: /test/data/treeTest/testDocBuffer.txt/=FD02B9/=00 num 0 verified? true, content: eeqdwaq4e2knvfuj0pmvw2ex7hfgj49q8ecxi818wrj9t4sm4m
Block name: /test/data/treeTest/testDocBuffer.txt/=FD02B9/=0064 num 100 verified? true, content: 1x3fx3eww8kbqepf30pe34k001suu36j3240fjhpqqa17s7e9p0
Constructed tree of numleaves: 177 max pathlength: 8
Block name: /test/data/treeTest/testDocBuffer.txt/=FD0305/=00 num 0 verified? true, content: 2cbhnp1bml7bitmf0i9wjl55v4xijakqal4f3wng8rwc21vp5r7
Block name: /test/data/treeTest/testDocBuffer.txt/=FD0305/=0064 num 100 verified? true, content: 1lxvkhshw4re9thk794lecwm8e1s9wq30uq13mueeseb3b13qii
Constructed tree of numleaves: 178 max pathlength: 8
Block name: /test/data/treeTest/testDocBuffer.txt/=FD034F/=00 num 0 verified? true, content: 134cmnmip2vinkwf76vsrgu4l8jtar9lcob1nrnxcvutgqd3is2
Block name: /test/data/treeTest/testDocBuffer.txt/=FD034F/=0064 num 100 verified? true, content: 1mx773kspx5q75q4bjadghhnfdiu3fowl0gxqxe5k9dcp4ur4cr
Constructed tree of numleaves: 179 max pathlength: 8
Block name: /test/data/treeTest/testDocBuffer.txt/=FD01CF/=00 num 0 verified? true, content: 2dt81h3ak3o9iljjlr1irojrbnfhisdhkj87d690h1767lalxdk
Block name: /test/data/treeTest/testDocBuffer.txt/=FD01CF/=0064 num 100 verified? true, content: dq62naakgo0k9ux2801h8a7o512wu6jw9ltaqcpnbpuo31hq4l
Constructed tree of numleaves: 180 max pathlength: 8
Block name: /test/data/treeTest/testDocBuffer.txt/=FD01BA/=00 num 0 verified? true, content: 1lk1dn0qeotdsiqfjqwoqcvxhvuah9nwdgs15q7hgal449alltq
Block name: /test/data/treeTest/testDocBuffer.txt/=FD01BA/=0064 num 100 verified? true, content: 1na1ownkw1q8ln8d3mok5ilrhpfvxsjnmqmlu2bgieutlxwmjo7
Constructed tree of numleaves: 181 max pathlength: 8
Block name: /test/data/treeTest/testDocBuffer.txt/=FD87/=00 num 0 verified? true, content: 2vex5sxxke7s2aonihpnn1irrmewpqpnagsqu9ad6e4jx6k4eu5
Block name: /test/data/treeTest/testDocBuffer.txt/=FD87/=0064 num 100 verified? true, content: 246qnsp0b5v15w62vtr1caff5i37btg935n8e5v31rqop2urfvw
Constructed tree of numleaves: 182 max pathlength: 8
Block name: /test/data/treeTest/testDocBuffer.txt/=FD98/=00 num 0 verified? true, content: 23tjpj7s1hdloi9ahvxp109l2ld1njf6ug5aqmo2dqq9mia69vi
Block name: /test/data/treeTest/testDocBuffer.txt/=FD98/=0064 num 100 verified? true, content: 5guwa445er3f3ce2o3vgasmvdf21f1r60a7e1vuoxrverbftpa
Constructed tree of numleaves: 183 max pathlength: 8
Block name: /test/data/treeTest/testDocBuffer.txt/=FD0324/=00 num 0 verified? true, content: g0lenm204i3k47dubx63cc42mpicoeqaveu8lw2vdm55ddq4te
Block name: /test/data/treeTest/testDocBuffer.txt/=FD0324/=0064 num 100 verified? true, content: 2temf7urjso77b947nnp7ophtx3e0wqdf1jhlhaaugdcvtao5a0
Constructed tree of numleaves: 184 max pathlength: 8
Block name: /test/data/treeTest/testDocBuffer.txt/=FD0150/=00 num 0 verified? true, content: ug8scb656sj05iqn8f021a6t9s8tjigcebcfesejh4mhc2k4vr
Block name: /test/data/treeTest/testDocBuffer.txt/=FD0150/=0064 num 100 verified? true, content: pt5rmdxcdsv2nb7xtxxdpuwo18i7pglov9vqbxox7m4mfx6lc5
Constructed tree of numleaves: 185 max pathlength: 8
Block name: /test/data/treeTest/testDocBuffer.txt/=FD012A/=00 num 0 verified? true, content: 2fr3tvppq3i0fxaj36r338teknjkjtm5cqx1mli4vv6uwsvpr3r
Block name: /test/data/treeTest/testDocBuffer.txt/=FD012A/=0064 num 100 verified? true, content: 2g2d5bvn7hhtmlbv0gf69vfff8er2hxs6xe9k0df5nssl4ijq63
Constructed tree of numleaves: 186 max pathlength: 8
Block name: /test/data/treeTest/testDocBuffer.txt/=FD013A/=00 num 0 verified? true, content: 22bw9tmjg5hrhesjngn2daimslwqlqrlemekvpgofgsd3c1bglh
Block name: /test/data/treeTest/testDocBuffer.txt/=FD013A/=0064 num 100 verified? true, content: 28bvco1h3595hhhwu6c30mb27loitqa2sg0eq1h75q2sv2nl65c
Constructed tree of numleaves: 187 max pathlength: 8
Block name: /test/data/treeTest/testDocBuffer.txt/=FD30/=00 num 0 verified? true, content: 1gwqql6lktmkk3arlm625awhca7behfkh4modqhikbika4l531e
Block name: /test/data/treeTest/testDocBuffer.txt/=FD30/=0064 num 100 verified? true, content: ewd911jiwvc2o2t627vpol1jurr4usbvwhpac0o8e7xlthi780
Constructed tree of numleaves: 188 max pathlength: 8
Block name: /test/data/treeTest/testDocBuffer.txt/=FD0165/=00 num 0 verified? true, content: 22clxru28mgigu2jch3tqqkw10x5r4pbx92jfiwh6ovpmkpaq82
Block name: /test/data/treeTest/testDocBuffer.txt/=FD0165/=0064 num 100 verified? true, content: 1tofhnmaarh8o061jbggbxvoq8wh4ee02j28cg2k8l52jfm7fot
Constructed tree of numleaves: 189 max pathlength: 8
Block name: /test/data/treeTest/testDocBuffer.txt/=FD01AA/=00 num 0 verified? true, content: rngn1v6ujlpx4ax1or1r7vovjx9b236a0el0qi8h7nd61ev91f
Block name: /test/data/treeTest/testDocBuffer.txt/=FD01AA/=0064 num 100 verified? true, content: 26lhh31hgrmecoc795t1kj5co281j2qfavnp8pics2dl6p2e3n2
Constructed tree of numleaves: 190 max pathlength: 8
Block name: /test/data/treeTest/testDocBuffer.txt/=FD0221/=00 num 0 verified? true, content: 2jbqef86tsnwh9of2w902k909ckjxrnsl3vhn1m5ea2l689e05v
Block name: /test/data/treeTest/testDocBuffer.txt/=FD0221/=0064 num 100 verified? true, content: 1vbvroku10it38b2p5f3n6juisujcsud8oucpp1j6gk1q41729n
Constructed tree of numleaves: 191 max pathlength: 8
Block name: /test/data/treeTest/testDocBuffer.txt/=FD0103/=00 num 0 verified? true, content: 2l7v7fhqgomu05x9e51vjaoogv660j84wttww5vhj88ld21c4hi
Block name: /test/data/treeTest/testDocBuffer.txt/=FD0103/=0064 num 100 verified? true, content: 21hqvvgg8g64n63qm15rwcb5bj9dirk9ob6pnarjedxbpglj0x0
Constructed tree of numleaves: 192 max pathlength: 8
Block name: /test/data/treeTest/testDocBuffer.txt/=FD0148/=00 num 0 verified? true, content: 2x5hx72a1ee3crjpo9sl5m5aih5uuvnbfx2bkjqcmqtxa1hh4lb
Block name: /test/data/treeTest/testDocBuffer.txt/=FD0148/=0064 num 100 verified? true, content: 1drohigvhx866gelw9w665dcq80svj7nm1s9ig7gx033cvbjoj0
Constructed tree of numleaves: 193 max pathlength: 8
Block name: /test/data/treeTest/testDocBuffer.txt/=FD1B/=00 num 0 verified? true, content: 2epcbg6svk577ctu88tt7r1pxcgm5svd31omiw4w6g9dxpt3vlm
Block name: /test/data/treeTest/testDocBuffer.txt/=FD1B/=0064 num 100 verified? true, content: 12fmbl8sm7j82g2q4c720du0pgt6io79nt33nr9kwl15sqsm5lw
Constructed tree of numleaves: 194 max pathlength: 8
Block name: /test/data/treeTest/testDocBuffer.txt/=FD0293/=00 num 0 verified? true, content: 1apqp85guxk8soqfxbhd6l5i0o6j7kfv6hq0p8kcqrc8172qcev
Block name: /test/data/treeTest/testDocBuffer.txt/=FD0293/=0064 num 100 verified? true, content: j48mmkfg2qdvlu6wkvgbkr5bf2gavrvpfq5ir9mx21f5q6fkhc
Constructed tree of numleaves: 195 max pathlength: 8
Block name: /test/data/treeTest/testDocBuffer.txt/=FD02B7/=00 num 0 verified? true, content: c4q76j8ve4mbhbpdun33ms9r00fcfo4j6kcvwc0ipqch13c35f
Block name: /test/data/treeTest/testDocBuffer.txt/=FD02B7/=0064 num 100 verified? true, content: 318toru57ptv0b8cbl4raonc9ri7g7j7345ixhiqt31nj1vq6a0
Constructed tree of numleaves: 196 max pathlength: 8
Block name: /test/data/treeTest/testDocBuffer.txt/=FDD0/=00 num 0 verified? true, content: 1njlwvkko54haanrn1raun5k524sv3m7b3tigh5cneq5v5hwvg1
Block name: /test/data/treeTest/testDocBuffer.txt/=FDD0/=0064 num 100 verified? true, content: 132a67txp1lsmof73t2ew3hefcxs3tpeepad44hls0vgsoxk1n7
Constructed tree of numleaves: 197 max pathlength: 8
Block name: /test/data/treeTest/testDocBuffer.txt/=FDB9/=00 num 0 verified? true, content: 1cago5v4qe5exfhlu83nv29xv7a40mj3acocuerigwvm7wbio3t
Block name: /test/data/treeTest/testDocBuffer.txt/=FDB9/=0064 num 100 verified? true, content: ehccngvr6viik505wr0tsu29tldsnqntleptfecr5uin32kq0a
Constructed tree of numleaves: 198 max pathlength: 8
Block name: /test/data/treeTest/testDocBuffer.txt/=FD037F/=00 num 0 verified? true, content: 2xexhbvstdxt98f1vwttom9ecuv5f5u0oiugmjluwiks4xn7tlo
Block name: /test/data/treeTest/testDocBuffer.txt/=FD037F/=0064 num 100 verified? true, content: orneedo7fd5lj1xw3c06lftheiavojrqxihmdro1nrt37e2ovw
Constructed tree of numleaves: 199 max pathlength: 8
Block name: /test/data/treeTest/testDocBuffer.txt/=FD0205/=00 num 0 verified? true, content: 1u1w6367lkx9bq8j2n97h2knxdo16h7ptcr5sjfr0scksfl0bb6
Block name: /test/data/treeTest/testDocBuffer.txt/=FD0205/=0064 num 100 verified? true, content: 1hfp89218663t5mimb6ww0rux0gpfn9x4hs909r7iqs4dtsr5n3
Constructed tree of numleaves: 200 max pathlength: 8
Block name: /test/data/treeTest/testDocBuffer.txt/=FD03CD/=00 num 0 verified? true, content: 2sx0oukr3tfglsiqovbqubge2s2j66i6fn0ocoq15g4uuv39mo5
Block name: /test/data/treeTest/testDocBuffer.txt/=FD03CD/=0064 num 100 verified? true, content: 2qs48uc7aigu0nc4ocssdej1wvhg810x3a26fddn105stiqxm72
Constructed tree of numleaves: 201 max pathlength: 8
Block name: /test/data/treeTest/testDocBuffer.txt/=FD028B/=00 num 0 verified? true, content: 2rl71ii7fwa7fkt74r84jve073f4tj6lall8bfdtl7smgovk4ix
Block name: /test/data/treeTest/testDocBuffer.txt/=FD028B/=0064 num 100 verified? true, content: 2lmq9wwtvvnre5tkhj9cj5wrvsg4lqkigqvn7xogmanlxi56u3i
Constructed tree of numleaves: 202 max pathlength: 8
Block name: /test/data/treeTest/testDocBuffer.txt/=FD69/=00 num 0 verified? true, content: 2mj3n7dfocxmct3sq91vf6j6svp45nmu5d00egiiwa1fxfhjxd5
Block name: /test/data/treeTest/testDocBuffer.txt/=FD69/=0064 num 100 verified? true, content: 2a91hwddoxfriql9j81vfaik8lj7t1q85wmhbarnb7mq0bqrqll
Block name: /test/data/treeTest/testDocBuffer.txt/=FD69/=00C8 num 200 verified? true, content: 2ouf6kbtm18chh2ex9mlu5ee08ecjuivgon5f9cofv1i63u384l
Constructed tree of numleaves: 203 max pathlength: 8
Block name: /test/data/treeTest/testDocBuffer.txt/=FD0189/=00 num 0 verified? true, content: da6dvcbq58xc3kpunj60qomss3kh2poemvbrqspbg6kg7vivlq
Block name: /test/data/treeTest/testDocBuffer.txt/=FD0189/=0064 num 100 verified? true, content: 22rmr6bpmu9gajwijn75s0v0ohalbv7w1oshg9gxgqjd3b9ao2k
Block name: /test/data/treeTest/testDocBuffer.txt/=FD0189/=00C8 num 200 verified? true, content: 1hdjjq8kj1ctj9qmawc6v1425rx7amr30vdn3t5mmesm82rh45p
Constructed tree of numleaves: 204 max pathlength: 8
Block name: /test/data/treeTest/testDocBuffer.txt/=FD02F6/=00 num 0 verified? true, content: 2kjodgdtvc42bmisf0gnm2idouwp1oi5765xw72gb6eo8i6u0j7
Block name: /test/data/treeTest/testDocBuffer.txt/=FD02F6/=0064 num 100 verified? true, content: 29qlj9g49pmddiwudeq9bmq2q2wgu72uq99o5eemmi5ek1lvq95
Block name: /test/data/treeTest/testDocBuffer.txt/=FD02F6/=00C8 num 200 verified? true, content: 30p9art9f9ud7n4lf6cxjeutmd2hsvkdfn83foeci67hj8bkr8j
Constructed tree of numleaves: 205 max pathlength: 8
Block name: /test/data/treeTest/testDocBuffer.txt/=FD02B4/=00 num 0 verified? true, content: xuxp0o1hevpx4lil22hqwehjkfup4ebbfdu5crhqw4aiude3cj
Block name: /test/data/treeTest/testDocBuffer.txt/=FD02B4/=0064 num 100 verified? true, content: bju7dbie0nc53x8s9pbui1evl2on30thils135ogi9wgcpkt43
Block name: /test/data/treeTest/testDocBuffer.txt/=FD02B4/=00C8 num 200 verified? true, content: 1k8u18u6pf6wrukn3smbbncwhva6vrflgj08i35hoo3efmnlw8n
Constructed tree of numleaves: 206 max pathlength: 8
Block name: /test/data/treeTest/testDocBuffer.txt/=FD02A2/=00 num 0 verified? true, content: 1014xpvv8tgt2n2winqmwqajv1veddhgeq68w4srpvjkg4k2el3
Block name: /test/data/treeTest/testDocBuffer.txt/=FD02A2/=0064 num 100 verified? true, content: fu7nh2cboj3hul0gigis017iua19d0d5p4qtmp9livqglfdu74
Block name: /test/data/treeTest/testDocBuffer.txt/=FD02A2/=00C8 num 200 verified? true, content: 1f8q32wert8qd6q3smo0f73go3m84e110h6hr49n1lri69n0tr8
Constructed tree of numleaves: 207 max pathlength: 8
Block name: /test/data/treeTest/testDocBuffer.txt/=FD0327/=00 num 0 verified? true, content: qfvde1mplahlmrspgmveoo4m9fipc6uq5x7g7r0hp1g196oca3
Block name: /test/data/treeTest/testDocBuffer.txt/=FD0327/=0064 num 100 verified? true, content: 1f7x9gpxco8swdj0lkcoqpmi1x9u95np251vnrv709h0p2gqsuc
Block name: /test/data/treeTest/testDocBuffer.txt/=FD0327/=00C8 num 200 verified? true, content: 176eoto8e8lblqlwsexrue0k4cpuj0f0uc30ivjwb1xwprpq3vr
Constructed tree of numleaves: 208 max pathlength: 8
Block name: /test/data/treeTest/testDocBuffer.txt/=FD4B/=00 num 0 verified? true, content: kvf8rx1fceou97mkj9hhodwodx4i5dgpl2q636m4mrfcjc9oai
Block name: /test/data/treeTest/testDocBuffer.txt/=FD4B/=0064 num 100 verified? true, content: kumg66ixgju98jt83lw35nxnkdq0dxf9rh81v4nii7gpqen0aj
Block name: /test/data/treeTest/testDocBuffer.txt/=FD4B/=00C8 num 200 verified? true, content: 1p9t9o1fpibpgdeo711gd74wm7svw78ex7jvcgkcmm7g5guguqj
Constructed tree of numleaves: 209 max pathlength: 8
Block name: /test/data/treeTest/testDocBuffer.txt/=FD023F/=00 num 0 verified? true, content: 2cqvvmfbfguem01o5quq4smqm6907dl9i99m2utvxo4sowhr3pm
Block name: /test/data/treeTest/testDocBuffer.txt/=FD023F/=0064 num 100 verified? true, content: 2avh02isnrnrbc2hh3lxl9e3jjasj0qsm0xfnhugds01b2164ov
Block name: /test/data/treeTest/testDocBuffer.txt/=FD023F/=00C8 num 200 verified? true, content: gmbgv78uwfw0p9ge2vjqesqbnj3bw0t4w7hw6n9dsckrj4jb6k
Constructed tree of numleaves: 210 max pathlength: 8
Block name: /test/data/treeTest/testDocBuffer.txt/=FD0384/=00 num 0 verified? true, content: ma1wl8h7l0xm6g1cc07u1v2avfpxgldmiv75i6xlbk0c8penca
Block name: /test/data/treeTest/testDocBuffer.txt/=FD0384/=0064 num 100 verified? true, content: nrvdupeli3act7m46qp6n5kf6uwsdo1ldvc0ecio20gnbo64tm
Block name: /test/data/treeTest/testDocBuffer.txt/=FD0384/=00C8 num 200 verified? true, content: 2s8d1pvkflsbcm61bg2iakf04l33b9nmwl34pr2ed7a5drxvgle
Constructed tree of numleaves: 211 max pathlength: 8
Block name: /test/data/treeTest/testDocBuffer.txt/=FD01A0/=00 num 0 verified? true, content: 2npi7xmvtdgrqmk7x8a54kxqvth27e3sbq2m1mactmqn7a3gkob
Block name: /test/data/treeTest/testDocBuffer.txt/=FD01A0/=0064 num 100 verified? true, content: svnrv7b1dqowdr45807fjvex44on45b1pjed8585clruxa9cje
Block name: /test/data/treeTest/testDocBuffer.txt/=FD01A0/=00C8 num 200 verified? true, content: 165xbw7i3es1atb1conw4uqardmpkdjfvfo9rpst6k69ub0dpv8
Constructed tree of numleaves: 212 max pathlength: 8
Block name: /test/data/treeTest/testDocBuffer.txt/=FD0176/=00 num 0 verified? true, content: 12epdd9o2k14r9go60pesbpfd4r6uq5egrlpccxnsd8cktb032k
Block name: /test/data/treeTest/testDocBuffer.txt/=FD0176/=0064 num 100 verified? true, content: 193xwcvqw8cb2fqh85d4qdwtsx1jnf4e2w9blsref29htoepb60
Block name: /test/data/treeTest/testDocBuffer.txt/=FD0176/=00C8 num 200 verified? true, content: k5vncuie1r9gacri66f8itq0q0hqd5tlfilsxw0l2xv9pnf7aj
Constructed tree of numleaves: 213 max pathlength: 8
Block name: /test/data/treeTest/testDocBuffer.txt/=FDDC/=00 num 0 verified? true, content: xscri87oqux3hgjds50g01qc0h02tdl2h3x62826uf7n226scn
Block name: /test/data/treeTest/testDocBuffer.txt/=FDDC/=0064 num 100 verified? true, content: 2em4wekxgkqgclvjguoxhgxenog2ixxxw537va0bn7bhv96txnf
Block name: /test/data/treeTest/testDocBuffer.txt/=FDDC/=00C8 num 200 verified? true, content: 29ejnxfk5plgku29ifruju51tum0oh8hjn1cpud7ft990la20fh
Constructed tree of numleaves: 214 max pathlength: 8
Block name: /test/data/treeTest/testDocBuffer.txt/=FD0280/=00 num 0 verified? true, content: 2nnfnc8qqntapl7of6t5gthtqhp5sndrq1vcfsjwtto8j3rwx11
Block name: /test/data/treeTest/testDocBuffer.txt/=FD0280/=0064 num 100 verified? true, content: 30pl92xj5x3dc4q9eebcfjbsde4gcxe0fncqs7qn4q8735o85uj
Block name: /test/data/treeTest/testDocBuffer.txt/=FD0280/=00C8 num 200 verified? true, content: 54f1qk9oms3pnbvixm2knqn8e8u68ojbvl0dfe4o5t8jqxkqke
Constructed tree of numleaves: 215 max pathlength: 8
Block name: /test/data/treeTest/testDocBuffer.txt/=FD032A/=00 num 0 verified? true, content: 1uma4ub28p5vedkw6uoibkhpdois6ep8dn535t7b37bo8dp5tx2
Block name: /test/data/treeTest/testDocBuffer.txt/=FD032A/=0064 num 100 verified? true, content: ietbnk350bxmtls0rnp7cdowoohf63qrjapckgc0tc0rm7fvb8
Block name: /test/data/treeTest/testDocBuffer.txt/=FD032A/=00C8 num 200 verified? true, content: 7kuf4n6c749ulf7vjh33i24bu5sf4r5c05lnxjagd9lou5d3xd
Constructed tree of numleaves: 216 max pathlength: 8
Block name: /test/data/treeTest/testDocBuffer.txt/=FD02DB/=00 num 0 verified? true, content: fi3jmv2f4tuk5x35wcbu6mhelsur3lfbxvd54stfh4nmwe0gwa
Block name: /test/data/treeTest/testDocBuffer.txt/=FD02DB/=0064 num 100 verified? true, content: t7giwdkx560jni66mvtscepd3jsm83xt6tqee7vcw8r8vfi9xa
Block name: /test/data/treeTest/testDocBuffer.txt/=FD02DB/=00C8 num 200 verified? true, content: 1rb8cm0i689nslwgaisc81f8jovl2f2slifv6vhfegvs03lq9dv
Constructed tree of numleaves: 217 max pathlength: 8
Block name: /test/data/treeTest/testDocBuffer.txt/=FDE8/=00 num 0 verified? true, content: 1b2754v9n8igohpavfq3ddvm8dk0k6w2v7kjj8sojehdq5cfaxj
Block name: /test/data/treeTest/testDocBuffer.txt/=FDE8/=0064 num 100 verified? true, content: davwnlj77j4pekkrhd9g2xx3kra0tc94xqow9v3tkmlk9ko6ge
Block name: /test/data/treeTest/testDocBuffer.txt/=FDE8/=00C8 num 200 verified? true, content: 31ivesk3jf274rvrrd55ill8oxwoh3uiofjhvcp1fkffwsrhrtb
Constructed tree of numleaves: 218 max pathlength: 8
Block name: /test/data/treeTest/testDocBuffer.txt/=FD0327/=00 num 0 verified? true, content: 1hosdvxqbfoxge8kx88m72pcw8iqg3ql2nb21lqhn3lgjfmwa8n
Block name: /test/data/treeTest/testDocBuffer.txt/=FD0327/=0064 num 100 verified? true, content: a5k594r4icjh77l6l0mgttgat79dae6i9eqj95la0gvh2cdxo3
Block name: /test/data/treeTest/testDocBuffer.txt/=FD0327/=00C8 num 200 verified? true, content: 2ctphfwfe5juqqqamu4lt0sda1dasd3vujcfbjwbp109gsg5883
Constructed tree of numleaves: 219 max pathlength: 8
Block name: /test/data/treeTest/testDocBuffer.txt/=FDE6/=00 num 0 verified? true, content: 48v695b6chargjct398fd9b4xuda6ewdj2v7o6caoq79aeq9up
Block name: /test/data/treeTest/testDocBuffer.txt/=FDE6/=0064 num 100 verified? true, content: 4iurbl2po9839ecw4w68dph4uve5ilu1dfc7ed5h9fih60hloo
Block name: /test/data/treeTest/testDocBuffer.txt/=FDE6/=00C8 num 200 verified? true, content: e84w1x0f9166puei2063ebrbvuif8j1u9qhlrn348k7o3n541p
Constructed tree of numleaves: 220 max pathlength: 8
Block name: /test/data/treeTest/testDocBuffer.txt/=FD0112/=00 num 0 verified? true, content: j9u1dj43gv0fpidbd05c82ciuurdx495d063fen4h6i55vike3
Block name: /test/data/treeTest/testDocBuffer.txt/=FD0112/=0064 num 100 verified? true, content: ralvuoesm4fcwfcapsklg81vwfupxr108pwg6ebk6ugel64i7
Block name: /test/data/treeTest/testDocBuffer.txt/=FD0112/=00C8 num 200 verified? true, content: 2in74s0nobpn6ccedtd5sgffu0af6ko99kfs977mw9le5fr5lig
Constructed tree of numleaves: 221 max pathlength: 8
Block name: /test/data/treeTest/testDocBuffer.txt/=FD02B9/=00 num 0 verified? true, content: gnm6t8jh26xqr0kgsp6bncx68hxqwisn6jv6a4jt1gjlni9tt
Block name: /test/data/treeTest/testDocBuffer.txt/=FD02B9/=0064 num 100 verified? true, content: 2vo2onif9gcm9lejvdxn5usuhrut2ru9rratkptgx0bvmvhoae5
Block name: /test/data/treeTest/testDocBuffer.txt/=FD02B9/=00C8 num 200 verified? true, content: 1ahn3k6xv7ad7tm5s5k2206rdgfb6rniqu1ow99pf3c1gpnovp6
Constructed tree of numleaves: 222 max pathlength: 8
Block name: /test/data/treeTest/testDocBuffer.txt/=FD3D/=00 num 0 verified? true, content: 1g1ma9khicwvixpjfhe266lhe7w528hnu00xhldsxr3wb8shl9j
Block name: /test/data/treeTest/testDocBuffer.txt/=FD3D/=0064 num 100 verified? true, content: 2mcarw0cqtfatpqdgl6um55975qa20uec8mb0qkuqjo8fe6jle1
Block name: /test/data/treeTest/testDocBuffer.txt/=FD3D/=00C8 num 200 verified? true, content: 28pjrlp1pem63qx2q507prnnhuv1r0tg8khbmuqdrxjuklje350
Constructed tree of numleaves: 223 max pathlength: 8
Block name: /test/data/treeTest/testDocBuffer.txt/=FD93/=00 num 0 verified? true, content: 3nb2bi1rivct2sx2helx2bcg6da85llmdpx9dfq5hd34ql3ofo
Block name: /test/data/treeTest/testDocBuffer.txt/=FD93/=0064 num 100 verified? true, content: 21hodbq12428svubpsbmb157xbfu41qrxqxa6fivxde5han429
Block name: /test/data/treeTest/testDocBuffer.txt/=FD93/=00C8 num 200 verified? true, content: 2k96bhqn2k6uivvwu7ckqv90nwbiwps98gxtsvclxmfvd8bc57g
Constructed tree of numleaves: 224 max pathlength: 8
Block name: /test/data/treeTest/testDocBuffer.txt/=FD0312/=00 num 0 verified? true, content: 1alw9pmhjvt9vcqq2bw71us3vqfk5ve94l134ambsckkhkt4e1r
Block name: /test/data/treeTest/testDocBuffer.txt/=FD0312/=0064 num 100 verified? true, content: 1mwe9k14bu3wmk4w9u3k3lqacqvt0mf95q65hlx878rttwcpabe
Block name: /test/data/treeTest/testDocBuffer.txt/=FD0312/=00C8 num 200 verified? true, content: 2fu56werj9ovl422s4qgt8u606umsbmjethfaqfh6gjr1ljnref
Constructed tree of numleaves: 225 max pathlength: 8
Block name: /test/data/treeTest/testDocBuffer.txt/=FD01BF/=00 num 0 verified? true, content: 2p93kmn9tvscka0c4cda6l8ikklbjbilgwpoc7biftr2o4b7utf
Block name: /test/data/treeTest/testDocBuffer.txt/=FD01BF/=0064 num 100 verified? true, content: 1ddctq31bnxp6k6d2ds5qcu5gfk9h9bnpwtxu584na98jihc1n1
Block name: /test/data/treeTest/testDocBuffer.txt/=FD01BF/=00C8 num 200 verified? true, content: 2lsf0qk9un886ir6twi3c91f3tu1pt6rurl88v1obmbw41kmhu3
Constructed tree of numleaves: 226 max pathlength: 8
Block name: /test/data/treeTest/testDocBuffer.txt/=FD02DB/=00 num 0 verified? true, content: 1crkoit2smq7faawxbhtjrd5mxe35cgk4o9d4mau8mjl9oiffwx
Block name: /test/data/treeTest/testDocBuffer.txt/=FD02DB/=0064 num 100 verified? true, content: 2pojmi8o393mtdlsbi0i8637arg3xija0kr3luru9ihhd93jjq0
Block name: /test/data/treeTest/testDocBuffer.txt/=FD02DB/=00C8 num 200 verified? true, content: ousn8f4sjc38po58lch6ceqqm8xv4luqbmeebrlq4t3drlofcs
Constructed tree of numleaves: 227 max pathlength: 8
Block name: /test/data/treeTest/testDocBuffer.txt/=FD0127/=00 num 0 verified? true, content: 1kwsk1le8j1swsvgjuk46a9m0atkm8l1l8xhu9t1tft6er2874f
Block name: /test/data/treeTest/testDocBuffer.txt/=FD0127/=0064 num 100 verified? true, content: 2ils65ctkqb5rsrxrr1fb7kmedfa9k7kh928sfbwbehd3b5jcgk
Block name: /test/data/treeTest/testDocBuffer.txt/=FD0127/=00C8 num 200 verified? true, content: x1dl5avb1co4m2lqodc060anrr06rhdbr2ssdted3b7ewev15q
Constructed tree of numleaves: 228 max pathlength: 8
Block name: /test/data/treeTest/testDocBuffer.txt/=FD03A6/=00 num 0 verified? true, content: 1xa43svi24f273f1aihuwi9rn0wsfpfcxs22aluejfs8jnmtsa
Block name: /test/data/treeTest/testDocBuffer.txt/=FD03A6/=0064 num 100 verified? true, content: 1dwsplol15bw3w45c9bn9q2vaaqhcid6k8flsn6cgn0dsd432jw
Block name: /test/data/treeTest/testDocBuffer.txt/=FD03A6/=00C8 num 200 verified? true, content: 1nc5j86ahwlgwkuf6mpv9mcv3wv20jpiu7rla3qdfd417hh67gj
Constructed tree of numleaves: 229 max pathlength: 8
Block name: /test/data/treeTest/testDocBuffer.txt/=FD020A/=00 num 0 verified? true, content: rlibv2q7qhdwgw65gcr935mu9ffrkk2q4vda2nntpf3s1n9lrr
Block name: /test/data/treeTest/testDocBuffer.txt/=FD020A/=0064 num 100 verified? true, content: 32hw39vv01j5thv3wrg6bwgwn0hxxhhabeq04uj52a524lfgtl0
Block name: /test/data/treeTest/testDocBuffer.txt/=FD020A/=00C8 num 200 verified? true, content: f5x10fwpdo1cix627t3ia7h0hgp139x9crq4jddowe86qe3plt
Constructed tree of numleaves: 230 max pathlength: 8
Block name: /test/data/treeTest/testDocBuffer.txt/=FD038B/=00 num 0 verified? true, content: 1hj25j4ugtwklpucawe59e78foitkuwve15v809trfmgimcpkgo
Block name: /test/data/treeTest/testDocBuffer.txt/=FD038B/=0064 num 100 verified? true, content: xchkasdcgiqxjip4hn56t6n36jle20nldt5xtqgc77nl03dtvo
Block name: /test/data/treeTest/testDocBuffer.txt/=FD038B/=00C8 num 200 verified? true, content: 29b2lvnqux8hcku6tmtx8ilhxqd01flqulj8hacipx68cq70siq
Constructed tree of numleaves: 231 max pathlength: 8
Block name: /test/data/treeTest/testDocBuffer.txt/=FD018D/=00 num 0 verified? true, content: 7fdvr1t0d105fxncwohd2aaa9ml653lcsieed8p5s50tmj09kf
Block name: /test/data/treeTest/testDocBuffer.txt/=FD018D/=0064 num 100 verified? true, content: 2tgmvdtw6smu34ncwqmsfdqd58rp5u3ul619r4qs00q36qki9nx
Block name: /test/data/treeTest/testDocBuffer.txt/=FD018D/=00C8 num 200 verified? true, content: fitj4ubm1av07abcm5fmp2x3c69vu3t2tu3jdbwdt5wjsw4dih
Constructed tree of numleaves: 232 max pathlength: 8
Block name: /test/data/treeTest/testDocBuffer.txt/=FD40/=00 num 0 verified? true, content: 19kjcibun5jd5wa10i7sq0ach41ok4uuql9u30qjapn42eejtta
Block name: /test/data/treeTest/testDocBuffer.txt/=FD40/=0064 num 100 verified? true, content: 2j5svq7sqvhs881ojkfur8qaiivolthx38klbj4ma545ux7tm64
Block name: /test/data/treeTest/testDocBuffer.txt/=FD40/=00C8 num 200 verified? true, content: 2roaq9wgf7im08ekvrmvnwajlgpp41psw1aknwffw8tqow92nl
Constructed tree of numleaves: 233 max pathlength: 8
Block name: /test/data/treeTest/testDocBuffer.txt/=FD01F3/=00 num 0 verified? true, content: o9hj3m5742w6vuprqw043sp37u37vnbf3aq02ppmhpw24m0pxu
Block name: /test/data/treeTest/testDocBuffer.txt/=FD01F3/=0064 num 100 verified? true, content: 2aannqpsc0ipuius8icswkfjrer699povcpjt6fuc8b8q1kfteq
Block name: /test/data/treeTest/testDocBuffer.txt/=FD01F3/=00C8 num 200 verified? true, content: 2cdsgmaefpxw70p3ho83w6imdxmow8jvq5vqwx800ow6aujqrh9
Constructed tree of numleaves: 234 max pathlength: 8
Block name: /test/data/treeTest/testDocBuffer.txt/=FD51/=00 num 0 verified? true, content: ugpgw9rtdfhbcc5hhvcc21jq4poxi12q3jmfi7bnhlqhp5583d
Block name: /test/data/treeTest/testDocBuffer.txt/=FD51/=0064 num 100 verified? true, content: s8aecm3hojhgfcilheftpwm4kd01no2slpv8u2sd1xagcmualx
Block name: /test/data/treeTest/testDocBuffer.txt/=FD51/=00C8 num 200 verified? true, content: 14nsbwrqfelwa33o57ii3fc7hfkxaxi5hio7np1i662km1m1hdp
Constructed tree of numleaves: 235 max pathlength: 8
Block name: /test/data/treeTest/testDocBuffer.txt/=FD02DA/=00 num 0 verified? true, content: r7tpqvt8sapx3bx29i5j4dgrv6x9lbrvglvbjo5c5kxh77kwxq
Block name: /test/data/treeTest/testDocBuffer.txt/=FD02DA/=0064 num 100 verified? true, content: 3gfv6n221ju3s2ggigk0u2wc2p125lr94es59l7qqvk5mhgr44
Block name: /test/data/treeTest/testDocBuffer.txt/=FD02DA/=00C8 num 200 verified? true, content: 1kmn7kpqbhahrng9r541xblr8bcw8tpkirioswik3gngrm2gug0
Constructed tree of numleaves: 236 max pathlength: 8
Block name: /test/data/treeTest/testDocBuffer.txt/=FD0347/=00 num 0 verified? true, content: 1ga9unq9io5ts6dwg6pawieomt0t79cpkql0bu6c01smniiiaah
Block name: /test/data/treeTest/testDocBuffer.txt/=FD0347/=0064 num 100 verified? true, content: 12rpow4a6ttfgxr9o11c7tgjpvdm64jkokcpe2o97mrt9mgknmm
Block name: /test/data/treeTest/testDocBuffer.txt/=FD0347/=00C8 num 200 verified? true, content: 21raqxkemq1mrkluo5wsl37j5tx3oil75vr4dx1nbkax488mm5t
Constructed tree of numleaves: 237 max pathlength: 8
Block name: /test/data/treeTest/testDocBuffer.txt/=FD2B/=00 num 0 verified? true, content: ge8xfp2x663bd27wehsagigkdndl10nc8tbio5dimudorb4jch
Block name: /test/data/treeTest/testDocBuffer.txt/=FD2B/=0064 num 100 verified? true, content: 1tbqe41dhxfin0tfgkpb4qxdfroj36spq4jmsfnepffeel4bvuo
Block name: /test/data/treeTest/testDocBuffer.txt/=FD2B/=00C8 num 200 verified? true, content: g2xkhwl2b8l1pv3fiulfk4jnh9onl1ipx3mvddeu1bmbu41mck
Constructed tree of numleaves: 238 max pathlength: 8
Block name: /test/data/treeTest/testDocBuffer.txt/=FDE4/=00 num 0 verified? true, content: 1039ca94at8pn9ns49bep8ed7wkh1cb9cg1j4hs7br964c5jhr6
Block name: /test/data/treeTest/testDocBuffer.txt/=FDE4/=0064 num 100 verified? true, content: 2i8tha4dn8b679whpjmxrmeiiapac5m1a5ukid3419u96ga1aua
Block name: /test/data/treeTest/testDocBuffer.txt/=FDE4/=00C8 num 200 verified? true, content: 27h2puks6jcfpexgwm0i1xun2mvga0hx4kep9cxjk95nsf8nv1r
Constructed tree of numleaves: 239 max pathlength: 8
Block name: /test/data/treeTest/testDocBuffer.txt/=FD1D/=00 num 0 verified? true, content: benj6u0mio77t0sxejo2lgqir9s99cqwolpc0hroe52w0ttmen
Block name: /test/data/treeTest/testDocBuffer.txt/=FD1D/=0064 num 100 verified? true, content: 1coi0c6x81ljafm9xjju8t7rx14rdl63a8evf9at3jvvhs069wl
Block name: /test/data/treeTest/testDocBuffer.txt/=FD1D/=00C8 num 200 verified? true, content: 1030k5w7im74tqit2atiwwp3sj0drb15qthixmkqbasf5veitlj
Constructed tree of numleaves: 240 max pathlength: 8
Block name: /test/data/treeTest/testDocBuffer.txt/=FD02F7/=00 num 0 verified? true, content: 3ncvm9mftl3ejttgnoa5tim32euqdq1ipsp3uv4c292emjepuw
Block name: /test/data/treeTest/testDocBuffer.txt/=FD02F7/=0064 num 100 verified? true, content: 268md0d7lfln7cmp3i0b5supudb6aomavorx1xgsxpe0m3w1x4m
Block name: /test/data/treeTest/testDocBuffer.txt/=FD02F7/=00C8 num 200 verified? true, content: 2ervexafa1pta7qquewq85o3j3uc8oiplxr7lljgjxr37whr01g
Constructed tree of numleaves: 241 max pathlength: 8
Block name: /test/data/treeTest/testDocBuffer.txt/=FD038C/=00 num 0 verified? true, content: 2m2ahcnxe8ivsvep6ioh7wfeleks1mhsqp7s6t5grwube6q43w3
Block name: /test/data/treeTest/testDocBuffer.txt/=FD038C/=0064 num 100 verified? true, content: 188o55w4kccvmmgdp296p26jwsak4qt6hki15pnbo3e8lkcdo99
Block name: /test/data/treeTest/testDocBuffer.txt/=FD038C/=00C8 num 200 verified? true, content: 29qa24iit7pbpk165btjmiikkf7h48ipf3fqrljp484trfuetda
Constructed tree of numleaves: 242 max pathlength: 8
Block name: /test/data/treeTest/testDocBuffer.txt/=FD0135/=00 num 0 verified? true, content: 1438iddaealuxwjnkfaesolrp2vtpfp2g4pr0urn5dbkl7jmjre
Block name: /test/data/treeTest/testDocBuffer.txt/=FD0135/=0064 num 100 verified? true, content: 29thiqs8asdbwcap2c85vis7rvl9wfwo5b9juquwaq7tlxe02tg
Block name: /test/data/treeTest/testDocBuffer.txt/=FD0135/=00C8 num 200 verified? true, content: fc650fjil6grpgwigxc50okukhp0gh3cab1fi5jnf0fpgdvivm
Constructed tree of numleaves: 243 max pathlength: 8
Block name: /test/data/treeTest/testDocBuffer.txt/=FDE1/=00 num 0 verified? true, content: xip1b1vjenu7s5b2hlhocnf16lm16ac6cvw00vwpdsnhpkkir4
Block name: /test/data/treeTest/testDocBuffer.txt/=FDE1/=0064 num 100 verified? true, content: 1wwerahunapmbjus8gq87hc38wf71i86o7ub6e0jsdauqhn8v27
Block name: /test/data/treeTest/testDocBuffer.txt/=FDE1/=00C8 num 200 verified? true, content: 2jkjwax4ttptb1hnol2ap50692i1dkdcnvqtbin7brmu4hj1erc
Constructed tree of numleaves: 244 max pathlength: 8
Block name: /test/data/treeTest/testDocBuffer.txt/=FD0342/=00 num 0 verified? true, content: 1b9ax4eqqk0q1gedpgk83604er5i8958aj9ldujw5hjc2s3awc8
Block name: /test/data/treeTest/testDocBuffer.txt/=FD0342/=0064 num 100 verified? true, content: m8o94fs5c492kx3us9hh704d8rw9f61cehpter6e4d2xxmw7ja
Block name: /test/data/treeTest/testDocBuffer.txt/=FD0342/=00C8 num 200 verified? true, content: 18o928g9lnrbjtw03412vcabad1pncs1reran8tpcce2j64dfqe
Constructed tree of numleaves: 245 max pathlength: 8
Block name: /test/data/treeTest/testDocBuffer.txt/=FD01D6/=00 num 0 verified? true, content: 2cvu8vom75rv668bwmriksqafg835s298ionton31iu110kcl4t
Block name: /test/data/treeTest/testDocBuffer.txt/=FD01D6/=0064 num 100 verified? true, content: 2ew4qonqaxlhj9mo4unl7q0t22tbjlrvqqiw0dtuiwqmlslb83l
Block name: /test/data/treeTest/testDocBuffer.txt/=FD01D6/=00C8 num 200 verified? true, content: 2u566aq58ba5mxeq5jhw5p3rw1itxjcia6qos7xou2gfwdx820m
Constructed tree of numleaves: 246 max pathlength: 8
Block name: /test/data/treeTest/testDocBuffer.txt/=FD0194/=00 num 0 verified? true, content: 1cpgmxagt5sbpsemxavoq74d68dcia9ajgw8q7r0uotounrmwiw
Block name: /test/data/treeTest/testDocBuffer.txt/=FD0194/=0064 num 100 verified? true, content: 27u4gbn4vfogv3752satcqeqq7lpltrvlmo10012l1pfdtn5db0
Block name: /test/data/treeTest/testDocBuffer.txt/=FD0194/=00C8 num 200 verified? true, content: 2hwuw81rlb76uicbpcj5vjikmq5rncni8vjds7m5wlr5m4pvl1b
Constructed tree of numleaves: 247 max pathlength: 8
Block name: /test/data/treeTest/testDocBuffer.txt/=FD016D/=00 num 0 verified? true, content: ssmvnhslb16kace0kel0vut97bhfx0uj2tc6w4mq4st51m2gq4
Block name: /test/data/treeTest/testDocBuffer.txt/=FD016D/=0064 num 100 verified? true, content: 6ddnhgduk0rwkoe1x8d6ddjx69awe9rf2tlwk098f18g7up3mu
Block name: /test/data/treeTest/testDocBuffer.txt/=FD016D/=00C8 num 200 verified? true, content: 1o38xk0c72j39ii7da91uve8twgepf43kx59t5mmv1tv71fefo5
Constructed tree of numleaves: 248 max pathlength: 8
Block name: /test/data/treeTest/testDocBuffer.txt/=FD98/=00 num 0 verified? true, content: 2ep3oldwjwr6bapa1n4m3imlb21s6hjon9aovwwuatxjamcjaf1
Block name: /test/data/treeTest/testDocBuffer.txt/=FD98/=0064 num 100 verified? true, content: x4o8v0x9wi4pvbrikne8rbf27ojh4cwvdap3sxmnnh4cuil58m
Block name: /test/data/treeTest/testDocBuffer.txt/=FD98/=00C8 num 200 verified? true, content: 1fie88sxq7dtl92rhi0r0bxml7l516socill097g68npwelbcv8
Constructed tree of numleaves: 249 max pathlength: 8
Block name: /test/data/treeTest/testDocBuffer.txt/=FD0333/=00 num 0 verified? true, content: 2jtnhm6fo37w8gtjfx6j0twp023dvjqfhcgwfqkuhi6bvkrm390
Block name: /test/data/treeTest/testDocBuffer.txt/=FD0333/=0064 num 100 verified? true, content: 5rda3k1hegmwlkkqjdcc72wibge4kpcg8lnhme3nk6o3j00895
Block name: /test/data/treeTest/testDocBuffer.txt/=FD0333/=00C8 num 200 verified? true, content: iwr55ad1qteb8d1ku0dpkaahmbob6lo15wqgr49d33aivscmh8
Constructed tree of numleaves: 250 max pathlength: 8
Block name: /test/data/treeTest/testDocBuffer.txt/=FD03A8/=00 num 0 verified? true, content: 1xkp5w3q834gofx81idbl88nww744afde1fe34ln7peertfa9ik
Block name: /test/data/treeTest/testDocBuffer.txt/=FD03A8/=0064 num 100 verified? true, content: 1bvh5katcag229lcd48g6epxni5651d1et7uf3ekunj006j7hm9
Block name: /test/data/treeTest/testDocBuffer.txt/=FD03A8/=00C8 num 200 verified? true, content: 2ms9wt3ki5nlecw253lmhuh30u1ncxqb2sj495kgq8tr9ionm6i
Constructed tree of numleaves: 251 max pathlength: 8
Block name: /test/data/treeTest/testDocBuffer.txt/=FDC5/=00 num 0 verified? true, content: 1jagtm9ittpnhberl6u1hkqf9dm9vts7hkq5jppgjakv9rh3ejq
Block name: /test/data/treeTest/testDocBuffer.txt/=FDC5/=0064 num 100 verified? true, content: 1sg337hlkj0fjwgoidl2n2tkmaic5idkcrlap53cfx16qbrx6a3
Block name: /test/data/treeTest/testDocBuffer.txt/=FDC5/=00C8 num 200 verified? true, content: 2um4xn9iemjaoewx1802bap84alnlgido5lkbuv7ger5fo71h2x
Constructed tree of numleaves: 252 max pathlength: 8
Block name: /test/data/treeTest/testDocBuffer.txt/=FD018B/=00 num 0 verified? true, content: 30jm8f3t1cfl1g7sjfoc8r14v0lrtli1ded5nwbp8mia9ungg49
Block name: /test/data/treeTest/testDocBuffer.txt/=FD018B/=0064 num 100 verified? true, content: 1h8b8hpms0w3jj4r7c03odjglvb39rfdkdgve6qeg95iteojvod
Block name: /test/data/treeTest/testDocBuffer.txt/=FD018B/=00C8 num 200 verified? true, content: 2g0u5grx4tc2i7b4rodjr8e18q2kb88jqedjx48jc7ls7g77hxe
Constructed tree of numleaves: 253 max pathlength: 8
Block name: /test/data/treeTest/testDocBuffer.txt/=FD0368/=00 num 0 verified? true, content: 83spwl7q7wwu0w0m2n3pur5ejmj2q624a8jk2wws6duelm1xmu
Block name: /test/data/treeTest/testDocBuffer.txt/=FD0368/=0064 num 100 verified? true, content: 2uj11xkv4tpxsou475hgo3r5ji6ps200m0hc3xlq51ro1skucmo
Block name: /test/data/treeTest/testDocBuffer.txt/=FD0368/=00C8 num 200 verified? true, content: tiwjsl1cg424k1s6ki0u60catv8i9nx1ok0wrlff74xeihiqft
Constructed tree of numleaves: 254 max pathlength: 8
Block name: /test/data/treeTest/testDocBuffer.txt/=FD40/=00 num 0 verified? true, content: 1vxrte66ujgf69mx5v5rj4ce6hsigxsve6torwjajbl9hhoaufq
Block name: /test/data/treeTest/testDocBuffer.txt/=FD40/=0064 num 100 verified? true, content: 28aov4pes2imthhobcxn9f8ko7qfeq8ub86ve2b71qngscw3gr8
Block name: /test/data/treeTest/testDocBuffer.txt/=FD40/=00C8 num 200 verified? true, content: 1lg27cat49b1ma9c8xdh1tpaotjpden8l9m8tdm00x760507ekq
Constructed tree of numleaves: 255 max pathlength: 8
Block name: /test/data/treeTest/testDocBuffer.txt/=FD0103/=00 num 0 verified? true, content: 12j7uagopvn39gblw0or3fsxummhcwpcfgb7d1nfaqe29pqlov0
Block name: /test/data/treeTest/testDocBuffer.txt/=FD0103/=0064 num 100 verified? true, content: m00qjm25c2ljkonuj0vcba2o7o99mu7fbe3ud4uxa6g32cxmrl
Block name: /test/data/treeTest/testDocBuffer.txt/=FD0103/=00C8 num 200 verified? true, content: 2ccj0vsjegixxmic65lqhspr9u22shj966m0utfh5qmhrmoq8sq
Constructed tree of numleaves: 256 max pathlength: 8
Block name: /test/data/treeTest/testDocBuffer.txt/=FD01F2/=00 num 0 verified? true, content: 1gmtlb936qul61js2d73ho58whratiptxh2t22u78hhshscveqq
Block name: /test/data/treeTest/testDocBuffer.txt/=FD01F2/=0064 num 100 verified? true, content: 1ws2ooquqc7s022sks2bv15hq3p6skq3ic6r6v6lh63sqwr0rii
Block name: /test/data/treeTest/testDocBuffer.txt/=FD01F2/=00C8 num 200 verified? true, content: 1c5e84bi16dbsss5hgbf0en91qge0i93ml6r1j54cjpaje922rt
Constructed tree of numleaves: 257 max pathlength: 9
Block name: /test/data/treeTest/testDocBuffer.txt/=FD0388/=00 num 0 verified? true, content: 294g3dk3ujm6x9q25p8kt3e1x8wgktpja6stgjtvef0bb59922i
Block name: /test/data/treeTest/testDocBuffer.txt/=FD0388/=0064 num 100 verified? true, content: 1q5nrpp0ewl87a1t2k48h5iohm2mfge9rh8lwgoa6sga22pi916
Block name: /test/data/treeTest/testDocBuffer.txt/=FD0388/=00C8 num 200 verified? true, content: 1d783ceduds4cst5xt87uo1st82mr4dxhc7vpjjf9jilgkxh1r7
Constructed tree of numleaves: 258 max pathlength: 9
Block name: /test/data/treeTest/testDocBuffer.txt/=FDF7/=00 num 0 verified? true, content: 1tatm7q8aqul9se5bdxpofb5633fpw9uxrvllktk8q24m3uqqcf
Block name: /test/data/treeTest/testDocBuffer.txt/=FDF7/=0064 num 100 verified? true, content: 2707mswj2nboxokcxf8vkt2m3mgr9orn4bofw122iwa0jvor0s
Block name: /test/data/treeTest/testDocBuffer.txt/=FDF7/=00C8 num 200 verified? true, content: t8cqn4o570eqplostmpeojkvblar95ugo2v4xovf7wmi1fn5bi
Constructed tree of numleaves: 259 max pathlength: 9
Block name: /test/data/treeTest/testDocBuffer.txt/=FD01D9/=00 num 0 verified? true, content: 2bbj50fvnl0ghshchw0qucg1rgr45u54lgqqxtfxccr57f1onhg
Block name: /test/data/treeTest/testDocBuffer.txt/=FD01D9/=0064 num 100 verified? true, content: 1g4i3qpwbxwu98vxunbwe0aw6agb2kxatocrkkc3erf0wo74h07
Block name: /test/data/treeTest/testDocBuffer.txt/=FD01D9/=00C8 num 200 verified? true, content: 1u0l0u7uak8s9k26v2ou7ou06j6fbcd0sb2ddi6vk603h2b3a8d
Constructed tree of numleaves: 260 max pathlength: 9
Block name: /test/data/treeTest/testDocBuffer.txt/=FD51/=00 num 0 verified? true, content: 13ru8l8nktaqueo99g16uo74s9p3mg8bgrhp39hs18n36huw4be
Block name: /test/data/treeTest/testDocBuffer.txt/=FD51/=0064 num 100 verified? true, content: cxmdir56te02pwoqbh0341140jk311268hj2vnrvk9ai578srp
Block name: /test/data/treeTest/testDocBuffer.txt/=FD51/=00C8 num 200 verified? true, content: 2ihcj5w81ppsglafd8bn2sos4a5cfj2xu0r6x3sd4p0fdrvvr8n
Constructed tree of numleaves: 261 max pathlength: 9
Block name: /test/data/treeTest/testDocBuffer.txt/=FD96/=00 num 0 verified? true, content: 2kgfmafjhosl37cqibthhq1lb1n473xe309x6uesv5hat6o29cg
Block name: /test/data/treeTest/testDocBuffer.txt/=FD96/=0064 num 100 verified? true, content: 16vb1g5cv6ro3bib2l8icr762nofddf8il9paaqk4nlwf3ra7sf
Block name: /test/data/treeTest/testDocBuffer.txt/=FD96/=00C8 num 200 verified? true, content: 11im029d1tipek7gbfc00agtpng6n0p13m7mjgnpqm2bpkb025s
Constructed tree of numleaves: 262 max pathlength: 9
Block name: /test/data/treeTest/testDocBuffer.txt/=FD36/=00 num 0 verified? true, content: 26p1s40bmsdw3rm86na3d670j77uxmw8qdp1lh1fu30nd57k634
Block name: /test/data/treeTest/testDocBuffer.txt/=FD36/=0064 num 100 verified? true, content: srpm3qfpp8n47v9ndbbs8ljqwbvj1mnv7vus5ouff6ixm6bplv
Block name: /test/data/treeTest/testDocBuffer.txt/=FD36/=00C8 num 200 verified? true, content: 2v4x598v7s16n73qnavlrm9usgx4c7a95sj75gv281hnag90w73
Constructed tree of numleaves: 263 max pathlength: 9
Block name: /test/data/treeTest/testDocBuffer.txt/=FD01BC/=00 num 0 verified? true, content: 1tjw5a7m38mtlg3wn7ujvp2ne6c65km25vckcsvti0ni3tjak78
Block name: /test/data/treeTest/testDocBuffer.txt/=FD01BC/=0064 num 100 verified? true, content: 2idln96bvc40b0ctw1063obckfuigrbibf6upcumhgupxogk7n6
Block name: /test/data/treeTest/testDocBuffer.txt/=FD01BC/=00C8 num 200 verified? true, content: asbjuhp22vtvgcgfwkhj32lvaok8nj8n9g3sl659x4j80rfb8a
Constructed tree of numleaves: 264 max pathlength: 9
Block name: /test/data/treeTest/testDocBuffer.txt/=FDEA/=00 num 0 verified? true, content: 2puli6tlh13q3f0h0l9n6mpqg3eg8jlujl7b8r7isbnbo3j453r
Block name: /test/data/treeTest/testDocBuffer.txt/=FDEA/=0064 num 100 verified? true, content: 2vcj5wisdiqo0h48lnrcoafw8d63siul0h24ucswsnrvwj83n75
Block name: /test/data/treeTest/testDocBuffer.txt/=FDEA/=00C8 num 200 verified? true, content: 1e2wl0ufpi4ug6x34u3uh4oedkoj0ja5dnkudiwbt82lg0g3x64
Constructed tree of numleaves: 265 max pathlength: 9
Block name: /test/data/treeTest/testDocBuffer.txt/=FD0101/=00 num 0 verified? true, content: gjmercpqpi2ewbxv7xdeuq81vnnm1qp3b01rvwh6883de0h4le
Block name: /test/data/treeTest/testDocBuffer.txt/=FD0101/=0064 num 100 verified? true, content: 2bh6en0s3566ggs02dg80csl73tfinlr1j03m0vh3xt30rbdtkm
Block name: /test/data/treeTest/testDocBuffer.txt/=FD0101/=00C8 num 200 verified? true, content: vbken3f6lead3d1x6bl34olenncj1wu2l5tgbstbnc4p3a1ed7
Constructed tree of numleaves: 266 max pathlength: 9
Block name: /test/data/treeTest/testDocBuffer.txt/=FD0345/=00 num 0 verified? true, content: 2ovmqdd2cgg1qr38ek1bxgknc968po7dke0ld3chan43bepiafh
Block name: /test/data/treeTest/testDocBuffer.txt/=FD0345/=0064 num 100 verified? true, content: 1qrkl3xk85ax6n2i8d1g79957otxcx4mgmmcctigpxnif57r024
Block name: /test/data/treeTest/testDocBuffer.txt/=FD0345/=00C8 num 200 verified? true, content: 5rrq5grdj9gv2b9k9o49batt0nbmooepcmi09fqv19q8ip1n15
Constructed tree of numleaves: 267 max pathlength: 9
Block name: /test/data/treeTest/testDocBuffer.txt/=FD027D/=00 num 0 verified? true, content: 1mmow89thesk81tp5f1xbbigqwbsiltd0lfr5olcw4swwjqbfk8
Block name: /test/data/treeTest/testDocBuffer.txt/=FD027D/=0064 num 100 verified? true, content: ltpnwaeaw41rx79nd7v5gevle5ukf6otrmuqan0dpmd61r5fpc
Block name: /test/data/treeTest/testDocBuffer.txt/=FD027D/=00C8 num 200 verified? true, content: 1s0jhniecib9w6gah58su4ruoqqt8vq6s2qhi7af3a5dl436six
Constructed tree of numleaves: 268 max pathlength: 9
Block name: /test/data/treeTest/testDocBuffer.txt/=FD01B5/=00 num 0 verified? true, content: 1bpbcsbbjf6s0mm6lj6drwthrx4huqmo3dv7rfunoj1ieart40j
Block name: /test/data/treeTest/testDocBuffer.txt/=FD01B5/=0064 num 100 verified? true, content: 1d04qgkulvrtt7vxn5srrp3wd9qxgwan78ku595mnu128jfs0am
Block name: /test/data/treeTest/testDocBuffer.txt/=FD01B5/=00C8 num 200 verified? true, content: hvw1a0etuqgweq2h640wo63l5cbja9jhx87f2gxw2e7mgf1dn7
Constructed tree of numleaves: 269 max pathlength: 9
Block name: /test/data/treeTest/testDocBuffer.txt/=FD012C/=00 num 0 verified? true, content: 2rhb7ahcvsu08em8u10ooe3wug2emgr17h83h9c1hrloffsbri
Block name: /test/data/treeTest/testDocBuffer.txt/=FD012C/=0064 num 100 verified? true, content: bpousfqashs01pt3sh831hako61e7djjsx9w5xva99v2r9afir
Block name: /test/data/treeTest/testDocBuffer.txt/=FD012C/=00C8 num 200 verified? true, content: 2had6l2xm8nrktmj6llmcwsub5oelqw59hiteptqnefr89ovtd2
Constructed tree of numleaves: 270 max pathlength: 9
Block name: /test/data/treeTest/testDocBuffer.txt/=FD0358/=00 num 0 verified? true, content: n2059wowvhxu58tk75jhs4ta0obaj62do8osau6ni31g5ubwbj
Block name: /test/data/treeTest/testDocBuffer.txt/=FD0358/=0064 num 100 verified? true, content: 1rnu567547hmb48le1irbl9dap8thx74i1mmor1deg4lgblootw
Block name: /test/data/treeTest/testDocBuffer.txt/=FD0358/=00C8 num 200 verified? true, content: 11it50flw12aqsk51h1tkaes2n52gcwkcbssefcttc5ftvgdhrk
Constructed tree of numleaves: 271 max pathlength: 9
Block name: /test/data/treeTest/testDocBuffer.txt/=FD01B4/=00 num 0 verified? true, content: 1vtkgwis86sv90u9141exa7p6jiknxrocwctv60cfjfan97el54
Block name: /test/data/treeTest/testDocBuffer.txt/=FD01B4/=0064 num 100 verified? true, content: ustqb70qk6i64qwu6v9vv9i1a7w2bot8k73gbbvo68n6ks8gvg
Block name: /test/data/treeTest/testDocBuffer.txt/=FD01B4/=00C8 num 200 verified? true, content: u4nueibgwuql1eh4h3mum6nsu0w11wv17afn4qo1i8lwujpac3
Constructed tree of numleaves: 272 max pathlength: 9
Block name: /test/data/treeTest/testDocBuffer.txt/=FDB0/=00 num 0 verified? true, content: 2qu4a5s48dc9dtdw7iw9g2empaksvbg0ue5159xxcr4qwg0i822
Block name: /test/data/treeTest/testDocBuffer.txt/=FDB0/=0064 num 100 verified? true, content: 2188nttvsp9c0kut8tsxkt31oedovwprs2qvogostvtdmeq3t10
Block name: /test/data/treeTest/testDocBuffer.txt/=FDB0/=00C8 num 200 verified? true, content: 2ndbehcg3exwj2fi26wlwwsms1ddukkfx1via12amqbd7rciepc
Constructed tree of numleaves: 273 max pathlength: 9
Block name: /test/data/treeTest/testDocBuffer.txt/=FD0356/=00 num 0 verified? true, content: 2f6iwsgssgqq2jnshij6mxtcc2ot7rd6qd990m9wh84m1f14nk9
Block name: /test/data/treeTest/testDocBuffer.txt/=FD0356/=0064 num 100 verified? true, content: bo7qqijgtljcvlacff3sdxldrr9n23rcfer033ve86sgk1ccun
Block name: /test/data/treeTest/testDocBuffer.txt/=FD0356/=00C8 num 200 verified? true, content: 1wf5egjaa3ut3wr4eph69vekjw619kan23s0l04pu78fqqxrkkv
Constructed tree of numleaves: 274 max pathlength: 9
Block name: /test/data/treeTest/testDocBuffer.txt/=FD4E/=00 num 0 verified? true, content: 28reccqru0afuvjgca6fsda4nvjij918u46vhbpaq6ll5ixc02q
Block name: /test/data/treeTest/testDocBuffer.txt/=FD4E/=0064 num 100 verified? true, content: 2b61hfc19w9fd3q3v9awfg6ompwvepa0jwlcapoht94ibc57tkt
Block name: /test/data/treeTest/testDocBuffer.txt/=FD4E/=00C8 num 200 verified? true, content: 29scp95dhnkcx5qsfd9kq51donocg51qj6airxfpshko5878mc8
Constructed tree of numleaves: 275 max pathlength: 9
Block name: /test/data/treeTest/testDocBuffer.txt/=FD02DE/=00 num 0 verified? true, content: 1gasf23kbdhaaxvtoge65jwj1nltg8brbrg0oadqj3eus7ac2o5
Block name: /test/data/treeTest/testDocBuffer.txt/=FD02DE/=0064 num 100 verified? true, content: fp33v1x7ucad3c1k7mmpvm5mtq1xv2vrfnwao027382b9ao2k8
Block name: /test/data/treeTest/testDocBuffer.txt/=FD02DE/=00C8 num 200 verified? true, content: 14ntc5th0g7udc7x7g3j1xxsulvwgopas42000fgu8esbw8akb6
Constructed tree of numleaves: 276 max pathlength: 9
Block name: /test/data/treeTest/testDocBuffer.txt/=FD03BE/=00 num 0 verified? true, content: 14g56son2d54hwtiaou8j9iwpscb9vww2f44947wj9bpnpxa7k
Block name: /test/data/treeTest/testDocBuffer.txt/=FD03BE/=0064 num 100 verified? true, content: 103s35oqh4qudnqsbid8qeavsrk9rvgnt2h5ujfloefu2in4kbn
Block name: /test/data/treeTest/testDocBuffer.txt/=FD03BE/=00C8 num 200 verified? true, content: 1acq3lbc9rw2ms0hn3hc7aiq5et0nkb0oagvdw7o0sxld560h5b
Constructed tree of numleaves: 277 max pathlength: 9
Block name: /test/data/treeTest/testDocBuffer.txt/=FD02EF/=00 num 0 verified? true, content: 1om4plf6di0apbecakt69v81smpg34u0k8jcm7u6936cic2b8w2
Block name: /test/data/treeTest/testDocBuffer.txt/=FD02EF/=0064 num 100 verified? true, content: 1vu8ck6sat8n7xj4sm3sv923w5kr8u3098wd4nipm44djdx22aw
Block name: /test/data/treeTest/testDocBuffer.txt/=FD02EF/=00C8 num 200 verified? true, content: 2gwpghqepp1jquq54ngv074r6u29ifdcb9nxkdqqprdj0702c3p
Constructed tree of numleaves: 278 max pathlength: 9
Block name: /test/data/treeTest/testDocBuffer.txt/=FD84/=00 num 0 verified? true, content: twlgar92e06gwq651agsesxo7w64let8fr04d9xhl7vstodffs
Block name: /test/data/treeTest/testDocBuffer.txt/=FD84/=0064 num 100 verified? true, content: 2cs25xvihw16jr4ts4ieng0aal90vluf37insvt3sbqxn23h5fw
Block name: /test/data/treeTest/testDocBuffer.txt/=FD84/=00C8 num 200 verified? true, content: 1twjkw0wn1a78idor86t9mpklvulmghkv6ndovhv53mb3va04bc
Constructed tree of numleaves: 279 max pathlength: 9
Block name: /test/data/treeTest/testDocBuffer.txt/=FD0272/=00 num 0 verified? true, content: 23m14amx6bghej9wa6vel1i1adpo9fueq9jm0thwjuvelxtd2o
Block name: /test/data/treeTest/testDocBuffer.txt/=FD0272/=0064 num 100 verified? true, content: 1imrdab6jkm2v1xx69lwdwl6el1k0m9hjtvbohabhoa5exh4ipi
Block name: /test/data/treeTest/testDocBuffer.txt/=FD0272/=00C8 num 200 verified? true, content: 15k21g7qo2tib6ibv3uepbrdesg74854i52hhknvtm7pcvnfuta
Constructed tree of numleaves: 280 max pathlength: 9
Block name: /test/data/treeTest/testDocBuffer.txt/=FD01BB/=00 num 0 verified? true, content: 2s6dsqi14mos180jctqe3hpf6nwtt7s67jl6s0nkx929kvwg8hu
Block name: /test/data/treeTest/testDocBuffer.txt/=FD01BB/=0064 num 100 verified? true, content: ujlq63t5q2hvsirv4sgxvp6nkgp5l1pkjkfg39bxu1q939t8fb
Block name: /test/data/treeTest/testDocBuffer.txt/=FD01BB/=00C8 num 200 verified? true, content: 1cjp7dapan9fcjh5c3a0k2rg32pqlq6w96agobegeg35cadctm6
Constructed tree of numleaves: 281 max pathlength: 9
Block name: /test/data/treeTest/testDocBuffer.txt/=FD0287/=00 num 0 verified? true, content: 2q09jd3nhkea7jn8mmgkpjrfgp5jrp98hk5exjm4xlus1022ucp
Block name: /test/data/treeTest/testDocBuffer.txt/=FD0287/=0064 num 100 verified? true, content: 2pdw1n3jx3e1skcxgigmlxbksv6pgpnc6da397pm5j56d1ralvu
Block name: /test/data/treeTest/testDocBuffer.txt/=FD0287/=00C8 num 200 verified? true, content: 1pgj1pfn1l9djr79pno22ihtsu8mm3q5kjo620925crk9w7q5lh
Constructed tree of numleaves: 282 max pathlength: 9
Block name: /test/data/treeTest/testDocBuffer.txt/=FD0130/=00 num 0 verified? true, content: im1u2oct9ttn188brr2mnjb5jcjsctrbxcu3sqtqgcimovrqjv
Block name: /test/data/treeTest/testDocBuffer.txt/=FD0130/=0064 num 100 verified? true, content: 3smk2ifd1tsb9deebp43663he74j24qd6vv47idpsdei3erhj9
Block name: /test/data/treeTest/testDocBuffer.txt/=FD0130/=00C8 num 200 verified? true, content: 2t75cdsu1w5wn53sw1tvmjo4wpn1winh8ppgcc16959mdan8d20
Constructed tree of numleaves: 283 max pathlength: 9
Block name: /test/data/treeTest/testDocBuffer.txt/=FD0367/=00 num 0 verified? true, content: 10t4o6r764k5vvw3hx4kirdh0dmfvvc7vc4ma8ni7hfb5up73xj
Block name: /test/data/treeTest/testDocBuffer.txt/=FD0367/=0064 num 100 verified? true, content: 2pdx3hsdm80w4lqscxo79wiwoxkioisof0rei8ljsnfcbuk77ak
Block name: /test/data/treeTest/testDocBuffer.txt/=FD0367/=00C8 num 200 verified? true, content: 1j84qo7vmkld4vkt7fa96xnwmwqq17tbu9m8k5ubj4igguwnb2w
Constructed tree of numleaves: 284 max pathlength: 9
Block name: /test/data/treeTest/testDocBuffer.txt/=FD03AC/=00 num 0 verified? true, content: sgjc6e6wejdp5jsx621xpi5ghejd70hurimsxfscd920203j3d
Block name: /test/data/treeTest/testDocBuffer.txt/=FD03AC/=0064 num 100 verified? true, content: brj5fgo0aarvfa5eibe5creerokhe3qvbl7krickf47nfqji3b
Block name: /test/data/treeTest/testDocBuffer.txt/=FD03AC/=00C8 num 200 verified? true, content: 5t0f3j9hd0jhjk2f1utq7knm4sxlidjg749ha6v25p9mi9mpp0
Constructed tree of numleaves: 285 max pathlength: 9
Block name: /test/data/treeTest/testDocBuffer.txt/=FD0205/=00 num 0 verified? true, content: xplr3opg1krptjaxtc5f9hnc9h73ax8778oxr3lmpw5obhvt2j
Block name: /test/data/treeTest/testDocBuffer.txt/=FD0205/=0064 num 100 verified? true, content: 17vc25daibopbotdcx9obgwf1rfvbnlv8qb6f7e15v03lx2as3d
Block name: /test/data/treeTest/testDocBuffer.txt/=FD0205/=00C8 num 200 verified? true, content: 1mxvu23nhhx8pkrk9k5m2phv5blrj28ap54qt08ox9piatalimt
Constructed tree of numleaves: 286 max pathlength: 9
Block name: /test/data/treeTest/testDocBuffer.txt/=FD75/=00 num 0 verified? true, content: jx64u2uvhiqtj6itfuoisrm0b7si86f2hisdlmmfjit95a9tp7
Block name: /test/data/treeTest/testDocBuffer.txt/=FD75/=0064 num 100 verified? true, content: xsbdp5qwmv7u7p8mrctqkmgur7e149pcvjamvv9rlvdj1psl4r
Block name: /test/data/treeTest/testDocBuffer.txt/=FD75/=00C8 num 200 verified? true, content: 2tepahg1q2wc1oivuin5lf0ow0u6mx2ertrx7eitg2eob69nk77
Constructed tree of numleaves: 287 max pathlength: 9
Block name: /test/data/treeTest/testDocBuffer.txt/=FD0199/=00 num 0 verified? true, content: 6fivdj7bpplm8b9bv819wbj5wuus4hre2s1px7qblmq0bv84fq
Block name: /test/data/treeTest/testDocBuffer.txt/=FD0199/=0064 num 100 verified? true, content: 326tsp3qb87gfv4b0p61dhx1p7a53cw7tshqv4aveb4so4c2asl
Block name: /test/data/treeTest/testDocBuffer.txt/=FD0199/=00C8 num 200 verified? true, content: 29tkmmpo3rf967g63tqnw2itp8qh58c4jigcg1788kawxr55doe
Constructed tree of numleaves: 288 max pathlength: 9
Block name: /test/data/treeTest/testDocBuffer.txt/=FD0235/=00 num 0 verified? true, content: 2jvrb8q1hm3woeb4v2ofegak7w1b05qf9ikm7k5liv1anuuw7gi
Block name: /test/data/treeTest/testDocBuffer.txt/=FD0235/=0064 num 100 verified? true, content: kpipf8ds0xpud1qg8gh568glw25l8c5s567f5ooxhenfdbtet6
Block name: /test/data/treeTest/testDocBuffer.txt/=FD0235/=00C8 num 200 verified? true, content: 1bk0kao56o63c6487xmjlua5dgpetilcsusne2ss9li7gcw7rdb
Constructed tree of numleaves: 289 max pathlength: 9
Block name: /test/data/treeTest/testDocBuffer.txt/=FDAD/=00 num 0 verified? true, content: 2tpjmccvrvjnjd2ani4np5qq8vwran5hatnntrwoee4lnoo03aa
Block name: /test/data/treeTest/testDocBuffer.txt/=FDAD/=0064 num 100 verified? true, content: 2p3oj9xlni9pa4mjh9koiko8h9pn2epe3s6wu9uq25fnsspd4l7
Block name: /test/data/treeTest/testDocBuffer.txt/=FDAD/=00C8 num 200 verified? true, content: 2gb7digk2m5gpa67m3djwpw1axe26fawiv0np8go8vd668uavfd
Constructed tree of numleaves: 290 max pathlength: 9
Block name: /test/data/treeTest/testDocBuffer.txt/=FD0307/=00 num 0 verified? true, content: 33sp7k35144xfb0qv71i3gdblwb7i3pj1u62j44208oftbld3e
Block name: /test/data/treeTest/testDocBuffer.txt/=FD0307/=0064 num 100 verified? true, content: 2c02j28va4ikkr20rfoi9xehe82rmlgbdf0k1dlb0oh2k33t5r9
Block name: /test/data/treeTest/testDocBuffer.txt/=FD0307/=00C8 num 200 verified? true, content: 46vmm5d1d459wllkr834xp7vsxt3csrvh918jdmuv2q565h115
Constructed tree of numleaves: 291 max pathlength: 9
Block name: /test/data/treeTest/testDocBuffer.txt/=FD03AF/=00 num 0 verified? true, content: 2ot4u06x1j7d0e7am36fs48pj78a9et6mw74vlsjkkjujm8b5dj
Block name: /test/data/treeTest/testDocBuffer.txt/=FD03AF/=0064 num 100 verified? true, content: 1f4e2eu5xc791udjbk07dkoji35rmko3tu6nxtpbg3o4cpg01s
Block name: /test/data/treeTest/testDocBuffer.txt/=FD03AF/=00C8 num 200 verified? true, content: 2u72n7hxuavmtdkvs3g8q1bj67r99q3olb7dmtg34vi9hf3ql3j
Constructed tree of numleaves: 292 max pathlength: 9
Block name: /test/data/treeTest/testDocBuffer.txt/=FD035F/=00 num 0 verified? true, content: bexs8dsj1erc197u5k6n33rv3ltcathcufkgd0j8lwvjieasw2
Block name: /test/data/treeTest/testDocBuffer.txt/=FD035F/=0064 num 100 verified? true, content: 1vgqxkn0b7c52hbs37btd8imhwk361ga7oa1wkqc89t8vtt1ugj
Block name: /test/data/treeTest/testDocBuffer.txt/=FD035F/=00C8 num 200 verified? true, content: 251vhiug5v027q64npu1ogera6vp88ag0uv3cbxcjnfi65t0p8b
Constructed tree of numleaves: 293 max pathlength: 9
Block name: /test/data/treeTest/testDocBuffer.txt/=FD0296/=00 num 0 verified? true, content: 2k8gbks3rtl6c7how7qdt6wbug4srokk8vuf9jbv25pobputsdr
Block name: /test/data/treeTest/testDocBuffer.txt/=FD0296/=0064 num 100 verified? true, content: 2nt40jr3kcxjokkvoi2pwk9lex8groa9ah02xs6100a3xh8o5fv
Block name: /test/data/treeTest/testDocBuffer.txt/=FD0296/=00C8 num 200 verified? true, content: 2r8ugesmmscqon1hkf8e5u687v46vg40pss14fhutg456bcswx1
Constructed tree of numleaves: 294 max pathlength: 9
Block name: /test/data/treeTest/testDocBuffer.txt/=FD03A1/=00 num 0 verified? true, content: 2wuq33n1lwai38cpvf7bum3q0fhqw2ujdb8w1tkjqgmalwbt0pr
Block name: /test/data/treeTest/testDocBuffer.txt/=FD03A1/=0064 num 100 verified? true, content: 1vhujitonvp6vu7mol1vt3nw369daa06krawgo5nat241emlp6e
Block name: /test/data/treeTest/testDocBuffer.txt/=FD03A1/=00C8 num 200 verified? true, content: 12kxfbalp06gug8rer30iljm7lh8e3spsminxf9lvnqueeibhk7
Constructed tree of numleaves: 295 max pathlength: 9
Block name: /test/data/treeTest/testDocBuffer.txt/=FD017B/=00 num 0 verified? true, content: t0mj4i0psltxloci32x3flf65kgd9f98xjxit9w1a5ugqds5l9
Block name: /test/data/treeTest/testDocBuffer.txt/=FD017B/=0064 num 100 verified? true, content: 32q06ojcl75i03fq2xouguwc4uuqietrbnofsco68e69x94v23f
Block name: /test/data/treeTest/testDocBuffer.txt/=FD017B/=00C8 num 200 verified? true, content: lcbaf8873b49g18ttwlvg3ed7v4u333kdbhs7go2uvdvxbk8cn
Constructed tree of numleaves: 296 max pathlength: 9
Block name: /test/data/treeTest/testDocBuffer.txt/=FDEB/=00 num 0 verified? true, content: 591aogx44qgipewcl3xhe1pne2u1e1jp4up9rr9dnb8fjwfo9s
Block name: /test/data/treeTest/testDocBuffer.txt/=FDEB/=0064 num 100 verified? true, content: 48n5nuk3wrljpdpjtxc3cx5ub0xr1gkqbklblkh23g5nrsm2dt
Block name: /test/data/treeTest/testDocBuffer.txt/=FDEB/=00C8 num 200 verified? true, content: af37tltkeorhpkc2o1f1prrv4c4bwkbuugwb4nqrfq216k1qrm
Constructed tree of numleaves: 297 max pathlength: 9
Block name: /test/data/treeTest/testDocBuffer.txt/=FD02F9/=00 num 0 verified? true, content: 2vs50aojf3ge3bl7o3pdo4h9fvilt3ston1sx93u9cid5vda01v
Block name: /test/data/treeTest/testDocBuffer.txt/=FD02F9/=0064 num 100 verified? true, content: 1ud4w3djt5pjj0vntipr05846v02hd4702k3iwc78leh8u4cvon
Block name: /test/data/treeTest/testDocBuffer.txt/=FD02F9/=00C8 num 200 verified? true, content: 27sfq8o3r63wliml1ubom7eiue98vjv972di7dxe5m1i3w37pei
Constructed tree of numleaves: 298 max pathlength: 9
Block name: /test/data/treeTest/testDocBuffer.txt/=FD03C2/=00 num 0 verified? true, content: 215jr4fmuvm3d21lmrb4pb02p2v1pm3707slmjcow2e8aoituao
Block name: /test/data/treeTest/testDocBuffer.txt/=FD03C2/=0064 num 100 verified? true, content: mbp9ikqu1lnt5evioa1jxj7drlu6osnohxb2755m0mwppcwahp
Block name: /test/data/treeTest/testDocBuffer.txt/=FD03C2/=00C8 num 200 verified? true, content: 1wm489vswdekp686iwwq5m89hm02igmav19oqctab57x3knq2su
Constructed tree of numleaves: 299 max pathlength: 9
Block name: /test/data/treeTest/testDocBuffer.txt/=FD03DC/=00 num 0 verified? true, content: 1kdulamh0t8ruqi4i2rie6mqfviwl2n0v1fio45wfe8g3mgaan6
Block name: /test/data/treeTest/testDocBuffer.txt/=FD03DC/=0064 num 100 verified? true, content: ekvl3hpvuiueve7npx69dg12ug383h45oljcolj5mfj63hal41
Block name: /test/data/treeTest/testDocBuffer.txt/=FD03DC/=00C8 num 200 verified? true, content: 26376bgub22715f0rnvlvrkcp0f650deuq48l8c6ifmkun9i9ad
Constructed tree of numleaves: 300 max pathlength: 9
Block name: /test/data/treeTest/testDocBuffer.txt/=FD0327/=00 num 0 verified? true, content: 2woikvkrtk0ah933unibg2wdpoanasde2ohhth6ohq4u5u3ewfu
Block name: /test/data/treeTest/testDocBuffer.txt/=FD0327/=0064 num 100 verified? true, content: 2qmcxhpxnbcqexc9vlbu0a7sx2b26098xns7uw1qocr0e84lctj
Block name: /test/data/treeTest/testDocBuffer.txt/=FD0327/=00C8 num 200 verified? true, content: 1riphgs0undkh16htdmup2vs6fglfp0lawttfv2hf83bxl2de1u
Constructed tree of numleaves: 301 max pathlength: 9
Block name: /test/data/treeTest/testDocBuffer.txt/=FD01A9/=00 num 0 verified? true, content: 2jgx2v9um1hwlqu99bk1e3h65bhtoac1j36tlqm31hi2odu8mh1
Block name: /test/data/treeTest/testDocBuffer.txt/=FD01A9/=0064 num 100 verified? true, content: cq0vln7oqv6mw4bbh15elv29f9vb8k17wqkpc3ge7ddc65q4cv
Block name: /test/data/treeTest/testDocBuffer.txt/=FD01A9/=00C8 num 200 verified? true, content: 1qxkfbkt11vbmaiqtebmt5isehaid0lw9n2rc3g0rfu17x6vne1
Constructed tree of numleaves: 302 max pathlength: 9
Block name: /test/data/treeTest/testDocBuffer.txt/=FD01A7/=00 num 0 verified? true, content: 1bism6ao2r9ab4tx49m1auga92nanw3wc47puqaqgkqk77nnvwf
Block name: /test/data/treeTest/testDocBuffer.txt/=FD01A7/=0064 num 100 verified? true, content: 2e89mvjkqo3opooquhsgxh1wah27wq2t6e3sr1qw0va0pdivn4v
Block name: /test/data/treeTest/testDocBuffer.txt/=FD01A7/=00C8 num 200 verified? true, content: 16uhiupwhtgh5r4nhcgl04k4mpl0cs2qhssa12ux9f7iudmpd86
Block name: /test/data/treeTest/testDocBuffer.txt/=FD01A7/=00012C num 300 verified? true, content: 1pjowx6qpd91o6958fvomic9g2uhtc4hb3am7nj5bb0tukc0bax
Constructed tree of numleaves: 303 max pathlength: 9
Block name: /test/data/treeTest/testDocBuffer.txt/=FD72/=00 num 0 verified? true, content: s37hqrpf5328137sem318470vwgwb9sgcl1eqf8bs3548dgpgx
Block name: /test/data/treeTest/testDocBuffer.txt/=FD72/=0064 num 100 verified? true, content: 198xwru64gxmehm72m0mbof7to28oj55vx7cmfw5fcmmlp0768g
Block name: /test/data/treeTest/testDocBuffer.txt/=FD72/=00C8 num 200 verified? true, content: 1efcv1wkg82ppefc1v7tfb03r5c40o6w00qvrk37xx3als9je7s
Block name: /test/data/treeTest/testDocBuffer.txt/=FD72/=00012C num 300 verified? true, content: 55unqe2nj7okeb9fe8kb39t92hsa0s2ii13wct3ajjlhn3oxef
Constructed tree of numleaves: 304 max pathlength: 9
Block name: /test/data/treeTest/testDocBuffer.txt/=FD0141/=00 num 0 verified? true, content: 22lc2b9476ihifsmxtr8btdutau6au1uclvcmlkj8aad4jsl8ph
Block name: /test/data/treeTest/testDocBuffer.txt/=FD0141/=0064 num 100 verified? true, content: hmdhs91vedo3eurvcn3qrp4cvqfvv8m7lislfmk1sokue1773x
Block name: /test/data/treeTest/testDocBuffer.txt/=FD0141/=00C8 num 200 verified? true, content: 2hgn1s34e8fd7kc6l001d0lww1hh4qddm40xvccob1s1l0s5niv
Block name: /test/data/treeTest/testDocBuffer.txt/=FD0141/=00012C num 300 verified? true, content: 1h2w9wqsgwlmuov4bjedicocqbu02xrfr155ef2h48t89eienj6
Constructed tree of numleaves: 305 max pathlength: 9
Block name: /test/data/treeTest/testDocBuffer.txt/=FD02FC/=00 num 0 verified? true, content: 2p80t9nkx06kf7w7sroxg3ktqqerdeeamvfv2rrdd81ep6r502
Block name: /test/data/treeTest/testDocBuffer.txt/=FD02FC/=0064 num 100 verified? true, content: 1phs72cjxotfh4srqpos04am78otdgcxfa6gjtd77rhtii4w7ms
Block name: /test/data/treeTest/testDocBuffer.txt/=FD02FC/=00C8 num 200 verified? true, content: 19tp33ahx0xi8oc6xcg82q50fhk193a657n0q566jvuo3j356mr
Block name: /test/data/treeTest/testDocBuffer.txt/=FD02FC/=00012C num 300 verified? true, content: 42vux67379rct8k0e597n6fuxfuof59x6r8r5bttd7gl0q0j0p
Constructed tree of numleaves: 306 max pathlength: 9
Block name: /test/data/treeTest/testDocBuffer.txt/=FD01E3/=00 num 0 verified? true, content: 1e8xhi0b7g0a1337fhf97lwvaatup7k9hpgiorxe3q5enfon45a
Block name: /test/data/treeTest/testDocBuffer.txt/=FD01E3/=0064 num 100 verified? true, content: 3ut5h0hwle0vlttm0vtp3pq728e3h6k269tt14k65wg2lmxhq6
Block name: /test/data/treeTest/testDocBuffer.txt/=FD01E3/=00C8 num 200 verified? true, content: 16ghohv33vnaswn15e4fb6g2oetbp7ljlirto7rc9jxem06i8ko
Block name: /test/data/treeTest/testDocBuffer.txt/=FD01E3/=00012C num 300 verified? true, content: 1apfn4gpxgmvbjevwkfhcma3qchegste9w1s6x2qsc4bu6g5t7r
Constructed tree of numleaves: 307 max pathlength: 9
Block name: /test/data/treeTest/testDocBuffer.txt/=FD03BF/=00 num 0 verified? true, content: 19gris3mp8ee030kr02nu9n4flfn4rw8foa95t4s4hiqpvmxi3x
Block name: /test/data/treeTest/testDocBuffer.txt/=FD03BF/=0064 num 100 verified? true, content: 1cvwtbcx0scf886e2r7p036ra41bu52thbb74tw0s7uv30f6ao4
Block name: /test/data/treeTest/testDocBuffer.txt/=FD03BF/=00C8 num 200 verified? true, content: 1d7rpmdjv8ne5lff8fgst6o8kkv03cpaf541ho03mtqqn4phi7n
Block name: /test/data/treeTest/testDocBuffer.txt/=FD03BF/=00012C num 300 verified? true, content: 519d4t3js94mdc1h1kf2hj32pru3r070xkeqxu4fif784hf7cb
Constructed tree of numleaves: 308 max pathlength: 9
Block name: /test/data/treeTest/testDocBuffer.txt/=FDE3/=00 num 0 verified? true, content: 24oe9v3crp7j5wi35956vrtwf7g1ib2shrk1rxcxsu0t32s824x
Block name: /test/data/treeTest/testDocBuffer.txt/=FDE3/=0064 num 100 verified? true, content: swlnv2v6078igchkio63e7d8tedhmni9rqhm05jtnikxs964ub
Block name: /test/data/treeTest/testDocBuffer.txt/=FDE3/=00C8 num 200 verified? true, content: 259ju7aqt1e03l7qktju9awugi8bw84pssu7iqx83fm0vl6tkap
Block name: /test/data/treeTest/testDocBuffer.txt/=FDE3/=00012C num 300 verified? true, content: xeekrl3r6l7slgekowk4fvrjgsc0o638dpn8ssptf9f0p8l8qs
Constructed tree of numleaves: 309 max pathlength: 9
Block name: /test/data/treeTest/testDocBuffer.txt/=FD5F/=00 num 0 verified? true, content: 30it6p01ujjakvlqxi1gu75500mmosc0rr0lhctka769psf3dqi
Block name: /test/data/treeTest/testDocBuffer.txt/=FD5F/=0064 num 100 verified? true, content: m6pxodbdrag822lcexuwn3p51bqk2ptr6vjs8b12u8q2a76sp6
Block name: /test/data/treeTest/testDocBuffer.txt/=FD5F/=00C8 num 200 verified? true, content: 1o64wc6fecw1gpuqckthev58742xrpbt9tjvpsge19frsgoupis
Block name: /test/data/treeTest/testDocBuffer.txt/=FD5F/=00012C num 300 verified? true, content: 28mjr28spdf2x439mteq77x0gnwb2nci2d1al3q1xkj9rgvl4ss
Constructed tree of numleaves: 310 max pathlength: 9
Block name: /test/data/treeTest/testDocBuffer.txt/=FD03C3/=00 num 0 verified? true, content: 15lk813lk651otrl4df98jsoeqt6kxnw0mr960lm84hxi7cxb4f
Block name: /test/data/treeTest/testDocBuffer.txt/=FD03C3/=0064 num 100 verified? true, content: 1i8fboqnhgp26hhv8lwi6n8wqxs2aaddx3g72iijn8q0h2e3kbn
Block name: /test/data/treeTest/testDocBuffer.txt/=FD03C3/=00C8 num 200 verified? true, content: 2f0bntonmt1niuud5jn141lljp3p37j8996a7e3vic4ce4q6n0n
Block name: /test/data/treeTest/testDocBuffer.txt/=FD03C3/=00012C num 300 verified? true, content: 2nh63esueaqwf2wldoqu5frf4ou0cbtawtmk8wkfbokwbgn2evu
Constructed tree of numleaves: 311 max pathlength: 9
Block name: /test/data/treeTest/testDocBuffer.txt/=FD0361/=00 num 0 verified? true, content: 1vsuargcr9fr4m1sq7vi7c3nixbaqagwbdsl8aq3xmpwsa963qg
Block name: /test/data/treeTest/testDocBuffer.txt/=FD0361/=0064 num 100 verified? true, content: 18ffi0gvtl15lq6rxgv1xtifh7b4cvp790fpc4l00rmkqds8kh5
Block name: /test/data/treeTest/testDocBuffer.txt/=FD0361/=00C8 num 200 verified? true, content: 2ldwarpqgl19f1pf6vx1mminoirjfqs56o5itv4p9kpeu1kfln4
Block name: /test/data/treeTest/testDocBuffer.txt/=FD0361/=00012C num 300 verified? true, content: kdcbv24706gixvbwvrox4gf4kajaiguo51j10saumcri3g7d2l
Constructed tree of numleaves: 312 max pathlength: 9
Block name: /test/data/treeTest/testDocBuffer.txt/=FD023E/=00 num 0 verified? true, content: 20ekft3grqvmbxxb25f4gdee0ehfejw2pcfsxsstqa9bw19j47q
Block name: /test/data/treeTest/testDocBuffer.txt/=FD023E/=0064 num 100 verified? true, content: oanvdlxe4rr9c9vtc77lhfcjom9m3nj8rocihhjvs9esgbv20r
Block name: /test/data/treeTest/testDocBuffer.txt/=FD023E/=00C8 num 200 verified? true, content: iuw5cas6kureak2jsvrp8bvuufsngx4emo59pm75j4pmqf3abi
Block name: /test/data/treeTest/testDocBuffer.txt/=FD023E/=00012C num 300 verified? true, content: fck1jb8015xalriepdxkki9cutqk983le6ugi0jmgipd0r5x2u
Constructed tree of numleaves: 313 max pathlength: 9
Block name: /test/data/treeTest/testDocBuffer.txt/=FDFA/=00 num 0 verified? true, content: 1prvr7g230cut5skplobu88vl02hlbmhp6ojet1dfx7whce0gln
Block name: /test/data/treeTest/testDocBuffer.txt/=FDFA/=0064 num 100 verified? true, content: rwt1274p4psio4q0kj6ve49j60lxxnr7vu9xkl1de8wc9nr7ub
Block name: /test/data/treeTest/testDocBuffer.txt/=FDFA/=00C8 num 200 verified? true, content: 19akt7fc3lhu9o2in6a3tovhrfacpisjj5kg5wxj4wusjnxqw0t
Block name: /test/data/treeTest/testDocBuffer.txt/=FDFA/=00012C num 300 verified? true, content: pltetn4qmaxporii4jq5kmempeqnjbm0bnsalhjow6v3spi6l2
Constructed tree of numleaves: 314 max pathlength: 9
Block name: /test/data/treeTest/testDocBuffer.txt/=FD03DB/=00 num 0 verified? true, content: g26uajl0ivwqke4mxu942qn0wq06wdeunj5ijnnaw0qeopdr17
Block name: /test/data/treeTest/testDocBuffer.txt/=FD03DB/=0064 num 100 verified? true, content: 2ajj12tbbtmgenoollcre856jk8v08lxu4gkgnnoo6etbko5pt1
Block name: /test/data/treeTest/testDocBuffer.txt/=FD03DB/=00C8 num 200 verified? true, content: 12hq4r4qpde2en1t2mcsgjk5ff0w6fo4t5q2rwwgg0fdwbwcear
Block name: /test/data/treeTest/testDocBuffer.txt/=FD03DB/=00012C num 300 verified? true, content: 1afwvivngtbob7te81i8fe63b5t13qv4j526n5k18ce5jv7h5m6
Constructed tree of numleaves: 315 max pathlength: 9
Block name: /test/data/treeTest/testDocBuffer.txt/=FD02EC/=00 num 0 verified? true, content: 1jdt6i01u7bpjbonv3f74v9c5tv9ig4v826bci5acsxqricq7h6
Block name: /test/data/treeTest/testDocBuffer.txt/=FD02EC/=0064 num 100 verified? true, content: ug4k3oidx7gwm794xt4mnhd09c1jl1xexqkae62q2wx106s3be
Block name: /test/data/treeTest/testDocBuffer.txt/=FD02EC/=00C8 num 200 verified? true, content: 2fw5bx68ihnahx9bsvvhdeku3erf5l45kbjcl3vluirrthckuqk
Block name: /test/data/treeTest/testDocBuffer.txt/=FD02EC/=00012C num 300 verified? true, content: 2m4agwbd2bm3n8s59qim2l84n6jcj1fg44s6mbr7eg8f6wcu5im
Constructed tree of numleaves: 316 max pathlength: 9
Block name: /test/data/treeTest/testDocBuffer.txt/=FDA6/=00 num 0 verified? true, content: 18iobc6ih71upntd6ob0wjh2wd2rcvi5nj7i4lr43x174rr8oj
Block name: /test/data/treeTest/testDocBuffer.txt/=FDA6/=0064 num 100 verified? true, content: 1xjmf1bldpjfevs3ihx305tjo6ilibafcekgr50lak86vtvrwm1
Block name: /test/data/treeTest/testDocBuffer.txt/=FDA6/=00C8 num 200 verified? true, content: 1l4pvsj6d5h0q3698wcjdptabtge8t1e1mq2u15iurht4m6et31
Block name: /test/data/treeTest/testDocBuffer.txt/=FDA6/=00012C num 300 verified? true, content: 2fl3q9e8j7k4qdiu4afntsa32bjb20uuif8ms204wwbmp0koa2f
Constructed tree of numleaves: 317 max pathlength: 9
Block name: /test/data/treeTest/testDocBuffer.txt/=FD017D/=00 num 0 verified? true, content: 1019e109nap21mkgjsp7ar47230uj3xce6vx5t0f99obas96no0
Block name: /test/data/treeTest/testDocBuffer.txt/=FD017D/=0064 num 100 verified? true, content: krjbqmx1pkxeg0jot3jja3langp46nm4gfv58jn6btggdfuj7v
Block name: /test/data/treeTest/testDocBuffer.txt/=FD017D/=00C8 num 200 verified? true, content: s652xeb8jtru85o2vjsgi8w3bbcmr4emxnucbxm6gc44knpc9e
Block name: /test/data/treeTest/testDocBuffer.txt/=FD017D/=00012C num 300 verified? true, content: 2078npre97iljf63pjn417r9iv8106pf35s7uqe9lajdxocgjts
Constructed tree of numleaves: 318 max pathlength: 9
Block name: /test/data/treeTest/testDocBuffer.txt/=FD02AD/=00 num 0 verified? true, content: s68vpjw5d9kmftbms06ohwrdv199rm3gaovx3x42748nnxx123
Block name: /test/data/treeTest/testDocBuffer.txt/=FD02AD/=0064 num 100 verified? true, content: 1ku2rww6pee8gmt0xqgadjjmgmlwh0uncuj7u3l84jx806o7m9i
Block name: /test/data/treeTest/testDocBuffer.txt/=FD02AD/=00C8 num 200 verified? true, content: 2jd4b3eber8k8bm7c9n5cwtxid5lkjuucs08s7i5sgmrw3klx6i
Block name: /test/data/treeTest/testDocBuffer.txt/=FD02AD/=00012C num 300 verified? true, content: 8ekb8a9i2l8hddgi8qg9ooplx9fw2ks1njpc1cbfm2sb325cn
Constructed tree of numleaves: 319 max pathlength: 9
Block name: /test/data/treeTest/testDocBuffer.txt/=FD0319/=00 num 0 verified? true, content: 2rtao0fdriq99jteaa8b67sxwp18g7i3i2nvlxuqtt1wk1kcjig
Block name: /test/data/treeTest/testDocBuffer.txt/=FD0319/=0064 num 100 verified? true, content: 20wkkf9alj8vqq6oqt01xa21lmg26nk0nvs3256hb5j024kn1kp
Block name: /test/data/treeTest/testDocBuffer.txt/=FD0319/=00C8 num 200 verified? true, content: 1bjf4xruia9m5g8x8kmem8e3aiqmmuotahgkw5cnw5writbbut1
Block name: /test/data/treeTest/testDocBuffer.txt/=FD0319/=00012C num 300 verified? true, content: 2b2dp6u3ouqggbqjtqbh7mdtb0udl55aeswvpmfaohnkis4j710
Constructed tree of numleaves: 320 max pathlength: 9
Block name: /test/data/treeTest/testDocBuffer.txt/=FD03B9/=00 num 0 verified? true, content: 1rk1kce14j08fe9ednk6rr0lc7m682bl4ffj6a1oexfvrh6rh21
Block name: /test/data/treeTest/testDocBuffer.txt/=FD03B9/=0064 num 100 verified? true, content: f7d2t0npq74mee42kl7lmpkiq2be0tl190wg1ibjlndsapucuc
Block name: /test/data/treeTest/testDocBuffer.txt/=FD03B9/=00C8 num 200 verified? true, content: xe9bnj7hgx0w9kejseivn7ogg4q37lnraxmqgb97g4tmub8w0n
Block name: /test/data/treeTest/testDocBuffer.txt/=FD03B9/=00012C num 300 verified? true, content: 18i71dlqnkrbqhr3408ko8mmaf48n6v4addgon0nh5555vuhju9
Constructed tree of numleaves: 321 max pathlength: 9
Block name: /test/data/treeTest/testDocBuffer.txt/=FDDD/=00 num 0 verified? true, content: fw03xkmdv3xoj2uavlq5ef5fs9b9of44kl6sw6qrecaga06hkd
Block name: /test/data/treeTest/testDocBuffer.txt/=FDDD/=0064 num 100 verified? true, content: 1d5c12vpmm62a8h2r34ik53fvgjsf1n1rf7c4tjwv7pvuaut6u1
Block name: /test/data/treeTest/testDocBuffer.txt/=FDDD/=00C8 num 200 verified? true, content: 12edgub0ijgcbnqfcfb233bpqctdj9dea8nbv591ojp3wwclmx8
Block name: /test/data/treeTest/testDocBuffer.txt/=FDDD/=00012C num 300 verified? true, content: ir34a1182d4vxbvtr6f7mtfu85gxrgdpc2mi168jspf2p68bff
Constructed tree of numleaves: 322 max pathlength: 9
Block name: /test/data/treeTest/testDocBuffer.txt/=FD01F1/=00 num 0 verified? true, content: 29e4o3f0v96it2aqtf6dk2640pd3x4nf61h6bibj2i7xltfx0io
Block name: /test/data/treeTest/testDocBuffer.txt/=FD01F1/=0064 num 100 verified? true, content: 2b2fiwq0g45xml0irdt4dh6sp6cdqjet7mwchnw0bsjla6vaefv
Block name: /test/data/treeTest/testDocBuffer.txt/=FD01F1/=00C8 num 200 verified? true, content: 103hflae88uxfbmm2gjl9jauc2c3ikrwr319alracafgmqgxrh7
Block name: /test/data/treeTest/testDocBuffer.txt/=FD01F1/=00012C num 300 verified? true, content: 24nup6kg03agpdffkbe9asq6gic8uow1u0wgtt0tr8artgkrqdo
Constructed tree of numleaves: 323 max pathlength: 9
Block name: /test/data/treeTest/testDocBuffer.txt/=FD022F/=00 num 0 verified? true, content: 2lu7a73jitlrtgx8kbiog1s4lw6tbetbfxbnk6xjr3i3l5pjbt5
Block name: /test/data/treeTest/testDocBuffer.txt/=FD022F/=0064 num 100 verified? true, content: 1e4u7or8swnlolr8kwbf0bsl20ek2e5uu44nnkrjo55k6px9sos
Block name: /test/data/treeTest/testDocBuffer.txt/=FD022F/=00C8 num 200 verified? true, content: 2rwmh0lnqt1ueteljnsmwbmkf0bfrbev0ntpdomgbv3g1p9s6ix
Block name: /test/data/treeTest/testDocBuffer.txt/=FD022F/=00012C num 300 verified? true, content: 3242bvp9wlaacp3fpvqc15v2jmvgpotvsj9s9sodwmvj7dqucnm
Constructed tree of numleaves: 324 max pathlength: 9
Block name: /test/data/treeTest/testDocBuffer.txt/=FD014D/=00 num 0 verified? true, content: 217meajkn2rovkra0efdoki8qge6v07tsvcmm14lxge6hrgjkk4
Block name: /test/data/treeTest/testDocBuffer.txt/=FD014D/=0064 num 100 verified? true, content: 1nkjh4p09ojgfob1vox4wlwtcfjwg0gck90accvj2lg3kjt2lab
Block name: /test/data/treeTest/testDocBuffer.txt/=FD014D/=00C8 num 200 verified? true, content: d3m22kimo406wli3e71at4k22pjucj063fclavs1lt65f39j68
Block name: /test/data/treeTest/testDocBuffer.txt/=FD014D/=00012C num 300 verified? true, content: 21jlgk8c7vcolc2rk3wg077qsng0dav8c406n34waa549rfe3wt
Constructed tree of numleaves: 325 max pathlength: 9
Block name: /test/data/treeTest/testDocBuffer.txt/=FD0302/=00 num 0 verified? true, content: 1ggcp6lbwamkw8h6hh9uwew54eumm2tejg6mp3jibbop6gn7x9u
Block name: /test/data/treeTest/testDocBuffer.txt/=FD0302/=0064 num 100 verified? true, content: 15ge1clplqwtogt26fxipg94f9jse7d5o9kol1u4itmrm6fert3
Block name: /test/data/treeTest/testDocBuffer.txt/=FD0302/=00C8 num 200 verified? true, content: g0fdosw1nmdaws5ourikweu8u1whkf1pmuuv6brs5ifbvma6qu
Block name: /test/data/treeTest/testDocBuffer.txt/=FD0302/=00012C num 300 verified? true, content: 2tmkq2xa9au86ouigdr82xxfc7slrhte2ep2bopd6osfn53d4ub
Constructed tree of numleaves: 326 max pathlength: 9
Block name: /test/data/treeTest/testDocBuffer.txt/=FD12/=00 num 0 verified? true, content: 9ka2tx2vpg6gxhi6m1p5j2dsp61fgslev79xh2vj2o3vta7d0n
Block name: /test/data/treeTest/testDocBuffer.txt/=FD12/=0064 num 100 verified? true, content: 1vja603r40epbjr44qqrbfo6tu1m8rlt0p8sbmb6o540c1qx8an
Block name: /test/data/treeTest/testDocBuffer.txt/=FD12/=00C8 num 200 verified? true, content: 2qm86b8f7iqwvjpfxqvfusu39ho94ar3xoum20xnbc8xh1k36a8
Block name: /test/data/treeTest/testDocBuffer.txt/=FD12/=00012C num 300 verified? true, content: f6q128t2k4wi7ihbisxr7k45gr2q8nxl4g29jcklqm188we9m9
Constructed tree of numleaves: 327 max pathlength: 9
Block name: /test/data/treeTest/testDocBuffer.txt/=FD0291/=00 num 0 verified? true, content: 2fxra39g73ns616ia7x7r1dadsps67mc9j9760kk5i80akb36wb
Block name: /test/data/treeTest/testDocBuffer.txt/=FD0291/=0064 num 100 verified? true, content: 1c99a3t33biqppw1q7elc3ctlmxf4spxvx5kf0njw789pf9ft3p
Block name: /test/data/treeTest/testDocBuffer.txt/=FD0291/=00C8 num 200 verified? true, content: b6ndt9romdug4maxsnxabceej78j1v47nwiu6j3fxvh52sbemf
Block name: /test/data/treeTest/testDocBuffer.txt/=FD0291/=00012C num 300 verified? true, content: 1l26bjep1ndlqpr5llsejn332gvres3ch7wnbefpsv16b30ct4u
Constructed tree of numleaves: 328 max pathlength: 9
Block name: /test/data/treeTest/testDocBuffer.txt/=FD02F1/=00 num 0 verified? true, content: 1x74246q20oc6bsfkup7s7ba383r9wf36qgalblo3tm4dphas4a
Block name: /test/data/treeTest/testDocBuffer.txt/=FD02F1/=0064 num 100 verified? true, content: 1kwnau44kvm8ki1v7n4df8p7j5korxivxewuic9ps3skhe91x49
Block name: /test/data/treeTest/testDocBuffer.txt/=FD02F1/=00C8 num 200 verified? true, content: 27rqi7412fjulp20ddlcem9mhprtxgktobv39vw7mfw96x3ls4u
Block name: /test/data/treeTest/testDocBuffer.txt/=FD02F1/=00012C num 300 verified? true, content: 2jqn1vh965g5prtapt35ewos9qo297fjge4xv9h6x02uuwg9tqw
Constructed tree of numleaves: 329 max pathlength: 9
Block name: /test/data/treeTest/testDocBuffer.txt/=FD0224/=00 num 0 verified? true, content: 7sf74maw6lu0k909fr02vwr1kqfuckap0bti9d5l482m7dcsfv
Block name: /test/data/treeTest/testDocBuffer.txt/=FD0224/=0064 num 100 verified? true, content: 25t4vetplj75nwxtjb8qrs42rs37tdpopl61pie17wirprngr3o
Block name: /test/data/treeTest/testDocBuffer.txt/=FD0224/=00C8 num 200 verified? true, content: 13p4hhmf41c5rorurpw74696m5bc7n8hq86k3ghbnq1sg94x2mf
Block name: /test/data/treeTest/testDocBuffer.txt/=FD0224/=00012C num 300 verified? true, content: 25whirl3a8h4pdxnrfie3ven0sordkxhdqdpal8mh5h20woton3
Constructed tree of numleaves: 330 max pathlength: 9
Block name: /test/data/treeTest/testDocBuffer.txt/=FDA7/=00 num 0 verified? true, content: 532qffctnak6v3epbihus5k8qvat7x0q2m33pw2jxlta2gxran
Block name: /test/data/treeTest/testDocBuffer.txt/=FDA7/=0064 num 100 verified? true, content: bjvrm71cmwx82cs11vhsu19fa21w3a23bb9xnmw966mngradpb
Block name: /test/data/treeTest/testDocBuffer.txt/=FDA7/=00C8 num 200 verified? true, content: 1ree774thb0kqwxehfqfcu8g5r1sx92oj96vpd898pc7or3v8wf
Block name: /test/data/treeTest/testDocBuffer.txt/=FDA7/=00012C num 300 verified? true, content: 1abrnj2ktewdbt6a4jx5ivl33b0t4elid7ct6ws4s4mn7a1ifko
Constructed tree of numleaves: 331 max pathlength: 9
Block name: /test/data/treeTest/testDocBuffer.txt/=FD016F/=00 num 0 verified? true, content: 1sff2vtvb8uldwj4ss3rfo0vwwqgi542bcd25glrt5omxok46wi
Block name: /test/data/treeTest/testDocBuffer.txt/=FD016F/=0064 num 100 verified? true, content: 321p5n66vbfiijt4ggb2kpvxge63xtd13h85sspoxj8dpkvet9t
Block name: /test/data/treeTest/testDocBuffer.txt/=FD016F/=00C8 num 200 verified? true, content: 1vpapit7com00egx4oopswu9bv8cvllc4thee6sm9cjqr5cfipe
Block name: /test/data/treeTest/testDocBuffer.txt/=FD016F/=00012C num 300 verified? true, content: 2pcaxhoafr3wbdnqvpdr2uk0qxvoda627t2flxwwi64ngrijm3t
Constructed tree of numleaves: 332 max pathlength: 9
Block name: /test/data/treeTest/testDocBuffer.txt/=FD02D3/=00 num 0 verified? true, content: 9d02gsg5fskuhb58qdcem802p0cggc2it71t7jft0atur5awuj
Block name: /test/data/treeTest/testDocBuffer.txt/=FD02D3/=0064 num 100 verified? true, content: gvh99ik71urhx58adq5rd56po8uorrujcqvlvm2fux4056mvt3
Block name: /test/data/treeTest/testDocBuffer.txt/=FD02D3/=00C8 num 200 verified? true, content: 31amqgt748iqo5pkxq8mde7mt9q9pws1ptusi07bk21r5koudh3
Block name: /test/data/treeTest/testDocBuffer.txt/=FD02D3/=00012C num 300 verified? true, content: lri897hbji8j6vdn51olttpnfgpjfn4ftx33keotplro51c7ka
Constructed tree of numleaves: 333 max pathlength: 9
Block name: /test/data/treeTest/testDocBuffer.txt/=FDC9/=00 num 0 verified? true, content: 1wlr8cekv3ggb9w3tcdg8814skfsf6ro8hnmpfk2sp1n151eu3b
Block name: /test/data/treeTest/testDocBuffer.txt/=FDC9/=0064 num 100 verified? true, content: 2xqlsbmdwkaqh6k969b5xlbn7ni802crb0thdqgkt9rxo6anvea
Block name: /test/data/treeTest/testDocBuffer.txt/=FDC9/=00C8 num 200 verified? true, content: 28fm1q54eugq49dg43ttg6l0l0cqewwo1b7bnt62b99w03lpb7e
Block name: /test/data/treeTest/testDocBuffer.txt/=FDC9/=00012C num 300 verified? true, content: 18chkr5f94s5oplk3v73t3chcbmj2b62ijxhtsjcdh9ubk9lrg9
Constructed tree of numleaves: 334 max pathlength: 9
Block name: /test/data/treeTest/testDocBuffer.txt/=FDA6/=00 num 0 verified? true, content: 2turga8b2twaf8u0o0m9w5fkgtqjhf6jiawh5hn55nmfuhp4sgq
Block name: /test/data/treeTest/testDocBuffer.txt/=FDA6/=0064 num 100 verified? true, content: 169vhn62m3f3tl6esecumocwilvnma9tfiwjumeo6vc6kbctjk0
Block name: /test/data/treeTest/testDocBuffer.txt/=FDA6/=00C8 num 200 verified? true, content: 13sk6arv5j1r6ih49v6fg1k81a2wfe936xgn82durnnl1jc06nx
Block name: /test/data/treeTest/testDocBuffer.txt/=FDA6/=00012C num 300 verified? true, content: 1hjvqo7tu4i3erbetnpk9c8jfq06tutm4nmir4accc5bpmgoaej
Constructed tree of numleaves: 335 max pathlength: 9
Block name: /test/data/treeTest/testDocBuffer.txt/=FD02C4/=00 num 0 verified? true, content: 1n87b3qquovlq2reoap6cklxr99jq48m470ig2wf670waksmkxr
Block name: /test/data/treeTest/testDocBuffer.txt/=FD02C4/=0064 num 100 verified? true, content: 286a0h996crphebk8cmbjf9p2n2pdeuoegb493dkkwvkpcxrkwh
Block name: /test/data/treeTest/testDocBuffer.txt/=FD02C4/=00C8 num 200 verified? true, content: n7u1dj35kuc49kx6321a7km52hp3fdeextpp1q5fw7s7mwaamd
Block name: /test/data/treeTest/testDocBuffer.txt/=FD02C4/=00012C num 300 verified? true, content: ehcita5re7mbpgjbou5of44pjlq2oo7qxvrj4mjo7pasxkss1p
Constructed tree of numleaves: 336 max pathlength: 9
Block name: /test/data/treeTest/testDocBuffer.txt/=FD034D/=00 num 0 verified? true, content: whqaqn1exxin8kojeqabfw2knr3wwh4qlitk31ou307lxbcq72
Block name: /test/data/treeTest/testDocBuffer.txt/=FD034D/=0064 num 100 verified? true, content: 1jll2oju5r23k5ltwjs21nr9qsol0cbkkriwgmrqxlnmshhrbgo
Block name: /test/data/treeTest/testDocBuffer.txt/=FD034D/=00C8 num 200 verified? true, content: 2lt2q60sekmlua95arvmpb6mvxoxl2v7tnp2j4em8q87pljvsdd
Block name: /test/data/treeTest/testDocBuffer.txt/=FD034D/=00012C num 300 verified? true, content: 2j069sbd8mkdqt2saxgpnqgtrt5ehdrb5q57xox3ovv8880drp0
Constructed tree of numleaves: 337 max pathlength: 9
Block name: /test/data/treeTest/testDocBuffer.txt/=FD023E/=00 num 0 verified? true, content: a895n16609ss99f7mltnncr8sia67wvcohs7efpn5d95g837hq
Block name: /test/data/treeTest/testDocBuffer.txt/=FD023E/=0064 num 100 verified? true, content: 2w4kfjl0axdt3fl289wsd93pjnxsrqmb8iot6xp7qciqan2idoq
Block name: /test/data/treeTest/testDocBuffer.txt/=FD023E/=00C8 num 200 verified? true, content: 1f85pjh61phlgk7ktvc6f78ctatgusawhe4vomejw3ltsu33t4w
Block name: /test/data/treeTest/testDocBuffer.txt/=FD023E/=00012C num 300 verified? true, content: m8u55pi5m6l55wkkirir6vcon2x2gl67rf8jtc0owk9i2rmptc
Constructed tree of numleaves: 338 max pathlength: 9
Block name: /test/data/treeTest/testDocBuffer.txt/=FDCF/=00 num 0 verified? true, content: 24l3idjxaduxfami3eopll0vqqkjni9c7npq6l1n0nh19du7kaf
Block name: /test/data/treeTest/testDocBuffer.txt/=FDCF/=0064 num 100 verified? true, content: doj8djx50wcqu4rru3idlvo0k2qociqwlds1hmhxtkga7n8qf1
Block name: /test/data/treeTest/testDocBuffer.txt/=FDCF/=00C8 num 200 verified? true, content: 1oa3oqtwhjklj51v2gagsllcjqrscum24a7ub4nwhoi1mbw4aw6
Block name: /test/data/treeTest/testDocBuffer.txt/=FDCF/=00012C num 300 verified? true, content: 191h3x2a7q48g2sa3scilv3lbqddcpi7a0dq4uldnb86rk64oxo
Constructed tree of numleaves: 339 max pathlength: 9
Block name: /test/data/treeTest/testDocBuffer.txt/=FDDD/=00 num 0 verified? true, content: 9pmtq45jdi4t0pork7s3b1eep4cmokgi3aga39xxawgxxavixd
Block name: /test/data/treeTest/testDocBuffer.txt/=FDDD/=0064 num 100 verified? true, content: x8jmjwuvash8uqd9m6n641q1o8itl959d0jse0ajnqsp4rda7x
Block name: /test/data/treeTest/testDocBuffer.txt/=FDDD/=00C8 num 200 verified? true, content: 1vg5j1k59w741i85k380lfnp0xwor3h381rgkw60wptg37a71kn
Block name: /test/data/treeTest/testDocBuffer.txt/=FDDD/=00012C num 300 verified? true, content: 2m59iia48t740mm6bpdg89btdo53ku1qaxsi5r7c1s81ut1997k
Constructed tree of numleaves: 340 max pathlength: 9
Block name: /test/data/treeTest/testDocBuffer.txt/=FD01AE/=00 num 0 verified? true, content: 2dxffjhibv219ftmnjf3rq75l0js6i3t2t3hxdqpq2q28i94jj2
Block name: /test/data/treeTest/testDocBuffer.txt/=FD01AE/=0064 num 100 verified? true, content: 25rgoajgc1edqdssu2c24btw1wel88nq0jv2d9030pcfjfaue68
Block name: /test/data/treeTest/testDocBuffer.txt/=FD01AE/=00C8 num 200 verified? true, content: 2m03fdlrb6gitq4swc0tumju51u3stjcen63ro5cafs70re59c2
Block name: /test/data/treeTest/testDocBuffer.txt/=FD01AE/=00012C num 300 verified? true, content: 2t6ncdgixosgqe98w02mi2wm2dbq6m8j1s6qrridw4545xa98sl
Constructed tree of numleaves: 341 max pathlength: 9
Block name: /test/data/treeTest/testDocBuffer.txt/=FD01D3/=00 num 0 verified? true, content: 1hmr9r0409raxb6fev6m8n8i09dtdjk0lddc0xjfl4h7emhdjtx
Block name: /test/data/treeTest/testDocBuffer.txt/=FD01D3/=0064 num 100 verified? true, content: 2vppxmswqebp9ku5ktvj4imenneqqjg0gp5nnu6vfmen1dolmpv
Block name: /test/data/treeTest/testDocBuffer.txt/=FD01D3/=00C8 num 200 verified? true, content: w9iknjo422sof85ww5ubrrpuwtqauua67ui08l2dcxsblv3mmp
Block name: /test/data/treeTest/testDocBuffer.txt/=FD01D3/=00012C num 300 verified? true, content: 1rk4kied6k5jpdldcpa08cgsbsq5rmlbj54vh3ksd0p89hdn6e8
Constructed tree of numleaves: 342 max pathlength: 9
Block name: /test/data/treeTest/testDocBuffer.txt/=FD0232/=00 num 0 verified? true, content: 2frahv1cstj762m49qrkw5oog0bp8i6oa5jqnm31waew6de9la6
Block name: /test/data/treeTest/testDocBuffer.txt/=FD0232/=0064 num 100 verified? true, content: n0se6oxb6oaeqn6iqas5wx5urrlm0olrttd1e3t9xu638br4tw
Block name: /test/data/treeTest/testDocBuffer.txt/=FD0232/=00C8 num 200 verified? true, content: 2jltcvw6pkpgn8j6eemlqnvjju5u7229kubs36cmbjj5e3gbh8q
Block name: /test/data/treeTest/testDocBuffer.txt/=FD0232/=00012C num 300 verified? true, content: 1swq4m82u3ffj5dcigdlqcpmll4uj4s8rnj04niq0b1fkn5ps79
Constructed tree of numleaves: 343 max pathlength: 9
Block name: /test/data/treeTest/testDocBuffer.txt/=FD0352/=00 num 0 verified? true, content: i67e3s2h2rkuqgkc7bwmp34ddq3e917t0s12hws2ohn2njvegs
Block name: /test/data/treeTest/testDocBuffer.txt/=FD0352/=0064 num 100 verified? true, content: 1il67tb77aar3vtnkcbgtojf85csvi97tlh2g3seveslug60eu1
Block name: /test/data/treeTest/testDocBuffer.txt/=FD0352/=00C8 num 200 verified? true, content: 2jllonvrm1gbmdbbu10kcfur835hvddta8wm9551fhqfmf9v87
Block name: /test/data/treeTest/testDocBuffer.txt/=FD0352/=00012C num 300 verified? true, content: 12wt9k8gwxvfqv55l8a1jk78cx7llsskb4s88mmb79umdh4j520
Constructed tree of numleaves: 344 max pathlength: 9
Block name: /test/data/treeTest/testDocBuffer.txt/=FD78/=00 num 0 verified? true, content: 1gjbbk6b2fu6q05v4wqdnebhrlkfkl32b9jt35r5qudrv2p1n8x
Block name: /test/data/treeTest/testDocBuffer.txt/=FD78/=0064 num 100 verified? true, content: 1lnr3wtuh29cugkb8p7wvr9tm7ql30b59t7jmh9e1x6s7bl1lul
Block name: /test/data/treeTest/testDocBuffer.txt/=FD78/=00C8 num 200 verified? true, content: 2wgf6o5blftg28derlx223a8nnufulwu97vf8owxnj02n4v3v43
Block name: /test/data/treeTest/testDocBuffer.txt/=FD78/=00012C num 300 verified? true, content: 2g8dwadd10wtlvrg3vmg5nqmr42w4fj63nqibv0h57gmagqra8v
Constructed tree of numleaves: 345 max pathlength: 9
Block name: /test/data/treeTest/testDocBuffer.txt/=FD03E7/=00 num 0 verified? true, content: 77hkw1v1fe9lf8cioff7k1hnxp8n05fepw26e1rdqvir95bkv3
Block name: /test/data/treeTest/testDocBuffer.txt/=FD03E7/=0064 num 100 verified? true, content: 24vtnv01ejq68rdagnf4ngx7oclj45d1emu29l0ekb6r571642d
Block name: /test/data/treeTest/testDocBuffer.txt/=FD03E7/=00C8 num 200 verified? true, content: 2iw3m9xpxd7dpnqc9g88xadnkv4pe2rtsqesrplktv9sld247w7
Block name: /test/data/treeTest/testDocBuffer.txt/=FD03E7/=00012C num 300 verified? true, content: 1lh0ogo28g7og1vt4owhnkw6irvum334129t4u824eeqj6m3fx8
Constructed tree of numleaves: 346 max pathlength: 9
Block name: /test/data/treeTest/testDocBuffer.txt/=FD4A/=00 num 0 verified? true, content: 1v7w2d2k4vx6p7amh73i9p12qkug6o0nib82qw34xaw1spraefa
Block name: /test/data/treeTest/testDocBuffer.txt/=FD4A/=0064 num 100 verified? true, content: 6fcknuxpp36oxx8510xfcx5k0vlnqopfto1fh4ghe508a3sgnc
Block name: /test/data/treeTest/testDocBuffer.txt/=FD4A/=00C8 num 200 verified? true, content: 251rwmok9h6j3jga4gvq5fqlkfm7kewn465jx8i9cp7xvdjnhx3
Block name: /test/data/treeTest/testDocBuffer.txt/=FD4A/=00012C num 300 verified? true, content: 1h5vbb8uclbkk37i3o8en4epv7tl135xt70486qp89x21fgpls1
Constructed tree of numleaves: 347 max pathlength: 9
Block name: /test/data/treeTest/testDocBuffer.txt/=FD19/=00 num 0 verified? true, content: 2cbo4rtli6dlr50hjrvbia5iu7731odg2c63cc78l75u23f7kt9
Block name: /test/data/treeTest/testDocBuffer.txt/=FD19/=0064 num 100 verified? true, content: ihpw81klh6pu4h12l4o37tkxd8ne2uowlvlgwln36xssrqvcmf
Block name: /test/data/treeTest/testDocBuffer.txt/=FD19/=00C8 num 200 verified? true, content: nk0mjwlsh40832m3pbx3k5q2osrk7q5b7f2ooetqdwh52mq57x
Block name: /test/data/treeTest/testDocBuffer.txt/=FD19/=00012C num 300 verified? true, content: 7h752ebdaw2p6aopc3rgncs1l4tq9gfjvox7255nl4kudgrvkd
Constructed tree of numleaves: 348 max pathlength: 9
Block name: /test/data/treeTest/testDocBuffer.txt/=FDC0/=00 num 0 verified? true, content: 1f48faw1cac63xxigtn8uh1dk2obdpc5dp8k9ilnb34qiohv8pa
Block name: /test/data/treeTest/testDocBuffer.txt/=FDC0/=0064 num 100 verified? true, content: nhhcto9dgm4sh4uoepovkiqi9o78r2fpvlppv6cdg8uim0h1w3
Block name: /test/data/treeTest/testDocBuffer.txt/=FDC0/=00C8 num 200 verified? true, content: 1dg8tr0be2uk4766opact13s3xr1prvm4m27rq9apagx3gir3q5
Block name: /test/data/treeTest/testDocBuffer.txt/=FDC0/=00012C num 300 verified? true, content: 27p43j6bsos7vfjn9ebmes54imbwn6wowmvxp26g7snxbdfrsw4
Constructed tree of numleaves: 349 max pathlength: 9
Block name: /test/data/treeTest/testDocBuffer.txt/=FD014C/=00 num 0 verified? true, content: 1xijel1qfqhvqgr463onad3b4c5c3pk1okdmfiamgwakvvpjspc
Block name: /test/data/treeTest/testDocBuffer.txt/=FD014C/=0064 num 100 verified? true, content: 25j4v6f26l8dufkn5mgx5ml8ueramdmhojm95488be3djr0j3bu
Block name: /test/data/treeTest/testDocBuffer.txt/=FD014C/=00C8 num 200 verified? true, content: 1nkx3pkhxm0a12qgffx7uaownbr99bbbd0fx8sv3jfhs7a380kr
Block name: /test/data/treeTest/testDocBuffer.txt/=FD014C/=00012C num 300 verified? true, content: 2q9hg39sh22p4pwrb16scxuinmi6q1j4t92dtomib9iaa58vaiu
Constructed tree of numleaves: 350 max pathlength: 9
Block name: /test/data/treeTest/testDocBuffer.txt/=FD02D6/=00 num 0 verified? true, content: 2ihd3e0rw3kqivh7qfe1h3kfi940va0f3er194qknrf7nmvint5
Block name: /test/data/treeTest/testDocBuffer.txt/=FD02D6/=0064 num 100 verified? true, content: 210kjb7huhl2o22v20714x46lqfd3lp23xifn6qaod6iv1nuh18
Block name: /test/data/treeTest/testDocBuffer.txt/=FD02D6/=00C8 num 200 verified? true, content: 10pkrh2uf646wv17nntbcm1bm0go5n6hepwh9f6xc8k8ed2127k
Block name: /test/data/treeTest/testDocBuffer.txt/=FD02D6/=00012C num 300 verified? true, content: 1fen07oc8u9k0xuvmgkc9nj1rie3lmnontrxidc2i4ocxsw5kpm
Constructed tree of numleaves: 351 max pathlength: 9
Block name: /test/data/treeTest/testDocBuffer.txt/=FD039C/=00 num 0 verified? true, content: 2eop895fndtc6hwo1hhw89uil23661knq0ctdfjd9w6sa786ps
Block name: /test/data/treeTest/testDocBuffer.txt/=FD039C/=0064 num 100 verified? true, content: 2q7s31jelavhk4clg3rc4cg7u2vhhdda94gsqcm83almjh1jhmo
Block name: /test/data/treeTest/testDocBuffer.txt/=FD039C/=00C8 num 200 verified? true, content: l4fm8p3cp7sf17alpjcq5u9j4lk3er8a6i77e859b0jnd8fa7v
Block name: /test/data/treeTest/testDocBuffer.txt/=FD039C/=00012C num 300 verified? true, content: 1mtsbox91s1w4nphh6959pngdca9wfisfnw969d9wvnlgb0mf2l
Constructed tree of numleaves: 352 max pathlength: 9
Block name: /test/data/treeTest/testDocBuffer.txt/=FD01D3/=00 num 0 verified? true, content: 178ufcjt9slcld39ebsta3secrr118kpxdohpb74eqnxgrbubgg
Block name: /test/data/treeTest/testDocBuffer.txt/=FD01D3/=0064 num 100 verified? true, content: 1pl9p40r76a0cjhopsumosu757jgb9vmt0esu9rimx8qccpglgc
Block name: /test/data/treeTest/testDocBuffer.txt/=FD01D3/=00C8 num 200 verified? true, content: 4m5hiivkbeodfu8mca8jm5w572jw86kgni0rnl1dlj2lr34nad
Block name: /test/data/treeTest/testDocBuffer.txt/=FD01D3/=00012C num 300 verified? true, content: 2sngt7xiu0mp2a1kwrq47ohuri6scvf8nnhcnr3pukvrr37qksn
Constructed tree of numleaves: 353 max pathlength: 9
Block name: /test/data/treeTest/testDocBuffer.txt/=FD039D/=00 num 0 verified? true, content: 3u0t69lme33ciero6k565ttlivkkx9x4h044fhnw572ksxelq9
Block name: /test/data/treeTest/testDocBuffer.txt/=FD039D/=0064 num 100 verified? true, content: cttheec18v8iuk2c9bj9bl343spwb45vdjo0cettq8gul5wptm
Block name: /test/data/treeTest/testDocBuffer.txt/=FD039D/=00C8 num 200 verified? true, content: 22omh6otvu9d6v3so63qukvshatvhbc4ivuo51gs6qnm0kr2wbu
Block name: /test/data/treeTest/testDocBuffer.txt/=FD039D/=00012C num 300 verified? true, content: 1shb69xajaa73s99sunsf3wi05v2g3trlfr6jqqspebqc51merh
Constructed tree of numleaves: 354 max pathlength: 9
Block name: /test/data/treeTest/testDocBuffer.txt/=FD36/=00 num 0 verified? true, content: c29krscwbnh0hr7u14827fbj13regml92cflkbi5jgp509l9to
Block name: /test/data/treeTest/testDocBuffer.txt/=FD36/=0064 num 100 verified? true, content: 28t90mj359109ed1c78qt5s1tcsb9qntdof46u1g9x4fphqqlbk
Block name: /test/data/treeTest/testDocBuffer.txt/=FD36/=00C8 num 200 verified? true, content: c0ds0fl9rvp0hhfqamb2wxlwtawxhwui7q0cprqcwkkq3eelp4
Block name: /test/data/treeTest/testDocBuffer.txt/=FD36/=00012C num 300 verified? true, content: 2uk8hn3vf3dqg1qlck2ojl6shmhhhqeoike92admgumswh2g4kr
Constructed tree of numleaves: 355 max pathlength: 9
Block name: /test/data/treeTest/testDocBuffer.txt/=FD011A/=00 num 0 verified? true, content: 2bmu90d7r8t0i6xjo1sm2bfoaleohvgtwsond9ip09dlg3lbw9l
Block name: /test/data/treeTest/testDocBuffer.txt/=FD011A/=0064 num 100 verified? true, content: 2a4ru0fdwjgnh1huimjvqd8eqjdja94ev0891m2n006r021n4lh
Block name: /test/data/treeTest/testDocBuffer.txt/=FD011A/=00C8 num 200 verified? true, content: 2da162c1j7i0umrlwimdxx4xdv41r2187wjo3h7nifx4cjwlaup
Block name: /test/data/treeTest/testDocBuffer.txt/=FD011A/=00012C num 300 verified? true, content: 5xrfase7evsv53ohgmu0c12bg3wlpatljqi1id76vnmegfalr
Constructed tree of numleaves: 356 max pathlength: 9
Block name: /test/data/treeTest/testDocBuffer.txt/=FD0149/=00 num 0 verified? true, content: 2psh6f9kru7wscg5vw61eeaugs0mu9l1l7r76p7rhp936q29xa2
Block name: /test/data/treeTest/testDocBuffer.txt/=FD0149/=0064 num 100 verified? true, content: 2hdoabo88u9fipmj6pd9d489t1iq8h67cg1c24dalnrweq5oqic
Block name: /test/data/treeTest/testDocBuffer.txt/=FD0149/=00C8 num 200 verified? true, content: 1o6i7e4dm36x110agx8qu2qggujvxf3d857x41hsout1t2vgkoh
Block name: /test/data/treeTest/testDocBuffer.txt/=FD0149/=00012C num 300 verified? true, content: 2x9ucsf0r2td31nf2i3brndb1m3tvgxpugnghkhbde33q3fj08
Constructed tree of numleaves: 357 max pathlength: 9
Block name: /test/data/treeTest/testDocBuffer.txt/=FD72/=00 num 0 verified? true, content: o7ecjxdaggsewpaqfvc8uch9vppehwalc0110of8e2t7fw666f
Block name: /test/data/treeTest/testDocBuffer.txt/=FD72/=0064 num 100 verified? true, content: 3269rtkkt4u9r3c31s0xr65otvg7gt5rx518c62h10q85hkb252
Block name: /test/data/treeTest/testDocBuffer.txt/=FD72/=00C8 num 200 verified? true, content: 2b78nk3ciqo3hid0jogb246dngrt3bnds2px4qst335g9pi0coi
Block name: /test/data/treeTest/testDocBuffer.txt/=FD72/=00012C num 300 verified? true, content: 2ho4pfxusbaa1sp7487humb45kle7um8v6o6ed35tkvkwr49bih
Constructed tree of numleaves: 358 max pathlength: 9
Block name: /test/data/treeTest/testDocBuffer.txt/=FD03C9/=00 num 0 verified? true, content: 4x1chuaw6wemb55x53tsn944t3t1wmdtmbrk3qcuuk7o63oe9m
Block name: /test/data/treeTest/testDocBuffer.txt/=FD03C9/=0064 num 100 verified? true, content: 2mmeu5dmhcqs7mhgn8mk8ec8h3klo3aguh5a42k72ucxhpinalw
Block name: /test/data/treeTest/testDocBuffer.txt/=FD03C9/=00C8 num 200 verified? true, content: 1j12rkurb71hbodldu2oh0o2vfxmtiqvd6o3hncwwv5gcjbc56w
Block name: /test/data/treeTest/testDocBuffer.txt/=FD03C9/=00012C num 300 verified? true, content: 2tc6jprc37lwa88ppiwe7pe60rfwdxhe8xbd1hdkr4g99dwx6h3
Constructed tree of numleaves: 359 max pathlength: 9
Block name: /test/data/treeTest/testDocBuffer.txt/=FD030D/=00 num 0 verified? true, content: 20a5duqhu5ih5ndsodn2nvbvsi39plrkbdamqwsg99287w9shxd
Block name: /test/data/treeTest/testDocBuffer.txt/=FD030D/=0064 num 100 verified? true, content: qgns6td7owj5bunbbhjvksefcxcsrjd43u05r77wv396l11gbb
Block name: /test/data/treeTest/testDocBuffer.txt/=FD030D/=00C8 num 200 verified? true, content: 6dxghcphdv8dh1hklcp4eh8d5t9q8ipo7r7ru521av8lq31i2b
Block name: /test/data/treeTest/testDocBuffer.txt/=FD030D/=00012C num 300 verified? true, content: 2p72q1mh9iddtqs16lrr26o8hkbb0io1mfnpxo8m7l1csuf54v1
Constructed tree of numleaves: 360 max pathlength: 9
Block name: /test/data/treeTest/testDocBuffer.txt/=FDF7/=00 num 0 verified? true, content: 2pfehgcd8cj08xbrwb23aji7w9xe232iawr9wugnxp6hd9b4mx8
Block name: /test/data/treeTest/testDocBuffer.txt/=FDF7/=0064 num 100 verified? true, content: 18fgpgd5ouh85087g3jqkgubwuurormtsg3oxscfevi09prq3i7
Block name: /test/data/treeTest/testDocBuffer.txt/=FDF7/=00C8 num 200 verified? true, content: djlbjnn9bxcjc5avurog19w85nmvn3begepccjqs0afe1s9rmx
Block name: /test/data/treeTest/testDocBuffer.txt/=FDF7/=00012C num 300 verified? true, content: ksx3c6tur2xgi8rc4j2ehb4wcdeejeowqvetut1srncknkoelt
Constructed tree of numleaves: 361 max pathlength: 9
Block name: /test/data/treeTest/testDocBuffer.txt/=FD0148/=00 num 0 verified? true, content: v81c3noxao1m2lxc6doo3t4nrx7dor3ejidqan8eop512ivnex
Block name: /test/data/treeTest/testDocBuffer.txt/=FD0148/=0064 num 100 verified? true, content: 17t6o6628a33tbi07ho0w4vsh30cwdrs6itnbwawl34v15hdaqx
Block name: /test/data/treeTest/testDocBuffer.txt/=FD0148/=00C8 num 200 verified? true, content: f7slnuu78rq281ktx3qjouwffl8su9jt78h68os9cpceo9wvxn
Block name: /test/data/treeTest/testDocBuffer.txt/=FD0148/=00012C num 300 verified? true, content: v96jakcqqa16sp9cofj93bjre0qkt6u4pjn5t37k0r8k0cc7vn
Constructed tree of numleaves: 362 max pathlength: 9
Block name: /test/data/treeTest/testDocBuffer.txt/=FDF6/=00 num 0 verified? true, content: 1kg0osvn6a7gs15oj2e16qkhog02oiu06b3vtimrjcd1n98idwb
Block name: /test/data/treeTest/testDocBuffer.txt/=FDF6/=0064 num 100 verified? true, content: 2rhivjwxafd2iwqfksd134oavr8nxojr0rlnjj7lfovlhx0uhmv
Block name: /test/data/treeTest/testDocBuffer.txt/=FDF6/=00C8 num 200 verified? true, content: 2imr1ccaxp5i7i6q01i8u4o8jirwbpm8imxbstu8vvpc22sso1n
Block name: /test/data/treeTest/testDocBuffer.txt/=FDF6/=00012C num 300 verified? true, content: 1pdrebu2f7f6mwatsmolrmhikowxt70powjgwa17m82ice4kpm0
Constructed tree of numleaves: 363 max pathlength: 9
Block name: /test/data/treeTest/testDocBuffer.txt/=FD02F9/=00 num 0 verified? true, content: 3uordldinvkpos0igx2u78pog2ud33ielxbkcbgne450qg4h6m
Block name: /test/data/treeTest/testDocBuffer.txt/=FD02F9/=0064 num 100 verified? true, content: 27ke5lkat19ram7fmn38gnho0cn14hbtsemwbwwf5es8urxnxei
Block name: /test/data/treeTest/testDocBuffer.txt/=FD02F9/=00C8 num 200 verified? true, content: 1c86u8n494858hwij05o5sdle69th7l88thvku7sbcp62pembkp
Block name: /test/data/treeTest/testDocBuffer.txt/=FD02F9/=00012C num 300 verified? true, content: 117ko7gfepx4lje9f41liqb2s593exk0s9uxqc0mh9xadljdlkx
Constructed tree of numleaves: 364 max pathlength: 9
Block name: /test/data/treeTest/testDocBuffer.txt/=FD01BA/=00 num 0 verified? true, content: 14plqq41jjwwb2nr9xf6fwmknw4ncxibw0i67i5bvc3329fupkh
Block name: /test/data/treeTest/testDocBuffer.txt/=FD01BA/=0064 num 100 verified? true, content: 23g2vr0xbkuwgdw1useho0dn3wglb8sd9ao5s0999u6df2ng59j
Block name: /test/data/treeTest/testDocBuffer.txt/=FD01BA/=00C8 num 200 verified? true, content: 20jh0wmbhvhf2f15cdm6602lst0mmc1h3hmmmvjg27ckf35tu7b
Block name: /test/data/treeTest/testDocBuffer.txt/=FD01BA/=00012C num 300 verified? true, content: 19sl59t3pt7004n6c51a0jwhxp1fgs05acx262qwl6rrpjuchih
Constructed tree of numleaves: 365 max pathlength: 9
Block name: /test/data/treeTest/testDocBuffer.txt/=FD0121/=00 num 0 verified? true, content: 305bo5hrn03awt6j3adf55iirvwq0e6wwf1jxa3cuqg96wvdod2
Block name: /test/data/treeTest/testDocBuffer.txt/=FD0121/=0064 num 100 verified? true, content: 2iq785wa4hkukis3mfhstdtcwmh4p9o1xklktpx7xreksqfm6hw
Block name: /test/data/treeTest/testDocBuffer.txt/=FD0121/=00C8 num 200 verified? true, content: ugotah5anosjpw4ov7w8i1tqkxdf4gjrglu6u1k0ga71cxek04
Block name: /test/data/treeTest/testDocBuffer.txt/=FD0121/=00012C num 300 verified? true, content: mknuta074w26vf4fhvwsoo5dfkw1qg33itacd4s72wehg30l5v
Constructed tree of numleaves: 366 max pathlength: 9
Block name: /test/data/treeTest/testDocBuffer.txt/=FD0294/=00 num 0 verified? true, content: 3gqt4oqkbrniangxciufjaoo0efqvedcw6a1d3x1216ulxuj64
Block name: /test/data/treeTest/testDocBuffer.txt/=FD0294/=0064 num 100 verified? true, content: 18b7nhu16rs0h5scxxnb7pvs89xeghp823t033np0p4flm0dboq
Block name: /test/data/treeTest/testDocBuffer.txt/=FD0294/=00C8 num 200 verified? true, content: 2g5dumbocv5isjw0wai7v4qogts09olf94ir3fshheqrluofeqn
Block name: /test/data/treeTest/testDocBuffer.txt/=FD0294/=00012C num 300 verified? true, content: fmaxwb6dbeox6m851jfqdqq34brsw24i2qajsl0mvpnh333j77
Constructed tree of numleaves: 367 max pathlength: 9
Block name: /test/data/treeTest/testDocBuffer.txt/=FD50/=00 num 0 verified? true, content: 1e0lk78tqma9g38bd9ttidjt71opuad71j6e2k4g9w06058pra1
Block name: /test/data/treeTest/testDocBuffer.txt/=FD50/=0064 num 100 verified? true, content: 1vcenukiel3go0ke55k8l1k92nluhknvtlawcf65ji5d5kk0ejl
Block name: /test/data/treeTest/testDocBuffer.txt/=FD50/=00C8 num 200 verified? true, content: 19epccnshkfom30lv1qw0n9en1h7a42471vu9vv211gu7qt77sg
Block name: /test/data/treeTest/testDocBuffer.txt/=FD50/=00012C num 300 verified? true, content: 78cfshqs4w4d8odo7jxan98shthqt35dww1tmvo8kf0jmp4sf6
Constructed tree of numleaves: 368 max pathlength: 9
Block name: /test/data/treeTest/testDocBuffer.txt/=FDE2/=00 num 0 verified? true, content: 325u9fm1h0sxidnmb62gxiaoaaglemvbe50va7rk68wha9gomgw
Block name: /test/data/treeTest/testDocBuffer.txt/=FDE2/=0064 num 100 verified? true, content: 2uvh8bi41e3wji6wlugmrwk02303tvv6m9w38fpjjv2j0vseb6b
Block name: /test/data/treeTest/testDocBuffer.txt/=FDE2/=00C8 num 200 verified? true, content: u9r8men13rbi6vq9jd08l7hklh6aupb96u7ts3ii4p1hw36hmf
Block name: /test/data/treeTest/testDocBuffer.txt/=FDE2/=00012C num 300 verified? true, content: 1x7qi01boo460pmhi36sbwqb7b89daxdk00ma8mgdi69vjus1x5
Constructed tree of numleaves: 369 max pathlength: 9
Block name: /test/data/treeTest/testDocBuffer.txt/=FD0308/=00 num 0 verified? true, content: 22tk04bjxf98f8g6c7i61v9o1uli67m80asx6x62k59q8wb5tpm
Block name: /test/data/treeTest/testDocBuffer.txt/=FD0308/=0064 num 100 verified? true, content: kjpost18d2binwcmk2v27dc0q9jubrtk9cfexomg7q0ghbw2lk
Block name: /test/data/treeTest/testDocBuffer.txt/=FD0308/=00C8 num 200 verified? true, content: 30p2b5k65x0i12hxdhituaseumcn6ta34n537vqqfht3v7kktv8
Block name: /test/data/treeTest/testDocBuffer.txt/=FD0308/=00012C num 300 verified? true, content: 1rv00rxxlf4d7rcqbwc47xieow73v6wg7pxfjx3iu67hpnpk0cw
Constructed tree of numleaves: 370 max pathlength: 9
Block name: /test/data/treeTest/testDocBuffer.txt/=FD8A/=00 num 0 verified? true, content: ocge6sdim1ig3l5fb436sgpifqgg9qelsp2xhvttm0fdj8h6tf
Block name: /test/data/treeTest/testDocBuffer.txt/=FD8A/=0064 num 100 verified? true, content: hlfhf3lc4fpbii3u3kg2t9q1wl654fdco5n64mb7oawpxwa426
Block name: /test/data/treeTest/testDocBuffer.txt/=FD8A/=00C8 num 200 verified? true, content: 2x1x0o8q4epx2w5ts1rx28v1s6vf23f47pf3mlxqr0ms5dtxfij
Block name: /test/data/treeTest/testDocBuffer.txt/=FD8A/=00012C num 300 verified? true, content: 32scg6ebo1cgo19k3s2hbhienv7oku29o8v4ug04fs2j6p3vsl8
Constructed tree of numleaves: 371 max pathlength: 9
Block name: /test/data/treeTest/testDocBuffer.txt/=FD03A5/=00 num 0 verified? true, content: 1xk134a0olslx9w4xv7amq7jiuq3ube03dmfbvf0ocbpvc14q3n
Block name: /test/data/treeTest/testDocBuffer.txt/=FD03A5/=0064 num 100 verified? true, content: 1xpwxua6hd4jmi0cownim2n87uioine9clvafjmjnx3cw9mscmi
Block name: /test/data/treeTest/testDocBuffer.txt/=FD03A5/=00C8 num 200 verified? true, content: 2jcek3i2u135s5vsd4qvqmiwnfk81mpiobo0m3bce9qnlnax8xv
Block name: /test/data/treeTest/testDocBuffer.txt/=FD03A5/=00012C num 300 verified? true, content: 2368env7kja1r8xpskc8gnc878obfwmsgnqow2l8273lfjqef4m
Constructed tree of numleaves: 372 max pathlength: 9
Block name: /test/data/treeTest/testDocBuffer.txt/=FDF6/=00 num 0 verified? true, content: 2mohl81pclbnd1nc50vtc64ubjibmvxu4jgd2hbroplxid7o7l1
Block name: /test/data/treeTest/testDocBuffer.txt/=FDF6/=0064 num 100 verified? true, content: 2ls1gasand129xwfn3nvr0cngfhhfw9ot8qfrm6srq1ge9e231u
Block name: /test/data/treeTest/testDocBuffer.txt/=FDF6/=00C8 num 200 verified? true, content: 3mb0qqo79w7jx4083rl35njqxdpbikmgtd1fa2jihlbvrcq2ks
Block name: /test/data/treeTest/testDocBuffer.txt/=FDF6/=00012C num 300 verified? true, content: x4wi3rpsu0i9us1023ru1fe0x5sulpcqi2lv3r6qp1i6o12ln9
Constructed tree of numleaves: 373 max pathlength: 9
Block name: /test/data/treeTest/testDocBuffer.txt/=FD0170/=00 num 0 verified? true, content: qwokhfj8irdm59ur04ir4t570rl6kmxhiiewi7ai1fnm885wcm
Block name: /test/data/treeTest/testDocBuffer.txt/=FD0170/=0064 num 100 verified? true, content: 1st4sjw6qdwdoqlfj2m2a2ppraiculbx336abe8503mdrlpi3u8
Block name: /test/data/treeTest/testDocBuffer.txt/=FD0170/=00C8 num 200 verified? true, content: 1n7hn1xpupjou9775lbjwsh63b4mhdbq3v55un9vq9focgxjna9
Block name: /test/data/treeTest/testDocBuffer.txt/=FD0170/=00012C num 300 verified? true, content: qn68ddnwwt7sgjn28v956shb6l4gfeqf9pf188m68nb5vqx4
Constructed tree of numleaves: 374 max pathlength: 9
Block name: /test/data/treeTest/testDocBuffer.txt/=FD031E/=00 num 0 verified? true, content: 1hq97mgfmew2qgmvcek0bjo65lii208w9lv3q6sm5k7hk1092jq
Block name: /test/data/treeTest/testDocBuffer.txt/=FD031E/=0064 num 100 verified? true, content: 2tdr46te672pamd9l3k2ukv34es4cklnakl0rma324sms8b95ux
Block name: /test/data/treeTest/testDocBuffer.txt/=FD031E/=00C8 num 200 verified? true, content: 250bq91x4tf298333rjqnciaualk088qrn1up8xa9u2mxi2ofo8
Block name: /test/data/treeTest/testDocBuffer.txt/=FD031E/=00012C num 300 verified? true, content: 1al5gpck1k2c6oivd9n9rdm7grmo5lwlnuedenepresb9tx20wa
Constructed tree of numleaves: 375 max pathlength: 9
Block name: /test/data/treeTest/testDocBuffer.txt/=FD0162/=00 num 0 verified? true, content: 222giwqcf1e1949h37ev0fmm3n4tk85sf3g25fdvwwhu26bone8
Block name: /test/data/treeTest/testDocBuffer.txt/=FD0162/=0064 num 100 verified? true, content: 179lsc2fitn8nbkaggnq0n7du1l2f3smwhicprdx2q1fjfx1egq
Block name: /test/data/treeTest/testDocBuffer.txt/=FD0162/=00C8 num 200 verified? true, content: 2af4rhwepn3fkbos2d94o6dxd4cxl2vje6g1xe2i206r467rfg4
Block name: /test/data/treeTest/testDocBuffer.txt/=FD0162/=00012C num 300 verified? true, content: po9gi8oo511jthm306a6b9nhlnn14x1h8w5lfr8ie085vlosmq
Constructed tree of numleaves: 376 max pathlength: 9
Block name: /test/data/treeTest/testDocBuffer.txt/=FD021B/=00 num 0 verified? true, content: b2fm1if2d30q209dudguf7e87hk3f0smoe4gg80x24e8q0b7x9
Block name: /test/data/treeTest/testDocBuffer.txt/=FD021B/=0064 num 100 verified? true, content: oax9lu4gapnehmogrkllc0995fbbexe7p5pw5c0rj5kt35tpip
Block name: /test/data/treeTest/testDocBuffer.txt/=FD021B/=00C8 num 200 verified? true, content: 4ho2d0qqw842aqnomcbag3r8uc6u2f40x8n9t16eqclkt0ifbn
Block name: /test/data/treeTest/testDocBuffer.txt/=FD021B/=00012C num 300 verified? true, content: 2vamulrqeo42vdqdnw7htqpjgf7rs4d5jo81e5dbjtna3q81mo0
Constructed tree of numleaves: 377 max pathlength: 9
Block name: /test/data/treeTest/testDocBuffer.txt/=FD0314/=00 num 0 verified? true, content: 887p5dwsusg19345wabar0xgfaxbu0cowon7h5qb2gkacr042m
Block name: /test/data/treeTest/testDocBuffer.txt/=FD0314/=0064 num 100 verified? true, content: 1wb4bje82ltrfme9v7hoa87kd4v7wkl3bcw92b88d1q1mbjfw9m
Block name: /test/data/treeTest/testDocBuffer.txt/=FD0314/=00C8 num 200 verified? true, content: 1n6omsl01guvesck17pjaaxb00mqd1dqtgtpue61ubqhsshjv5m
Block name: /test/data/treeTest/testDocBuffer.txt/=FD0314/=00012C num 300 verified? true, content: 2fmmsbxbgsecnkxv3t1ucsnj9atjr2j4bpnhpe983wv59mp6crs
Constructed tree of numleaves: 378 max pathlength: 9
Block name: /test/data/treeTest/testDocBuffer.txt/=FD35/=00 num 0 verified? true, content: fwpk7lvk7xqx1xb4of3qc37hfk2a2bwbocqi2n613912u08ut6
Block name: /test/data/treeTest/testDocBuffer.txt/=FD35/=0064 num 100 verified? true, content: 1lp1639vx7rrm49h0odq88tvjvrt7arltec06hw8e5c26pkbh1p
Block name: /test/data/treeTest/testDocBuffer.txt/=FD35/=00C8 num 200 verified? true, content: 2jh58idgf335ftfjf76s7ro3qrhpvrmq92sxeqe6oxuxet50e92
Block name: /test/data/treeTest/testDocBuffer.txt/=FD35/=00012C num 300 verified? true, content: 2e8pujejsadn61rfxr9ovb5w9fsfus6iojq04qqs6atp36fpdxm
Constructed tree of numleaves: 379 max pathlength: 9
Block name: /test/data/treeTest/testDocBuffer.txt/=FD0113/=00 num 0 verified? true, content: rs0m7hss3xllf5scswpxpcphxjrdp3cmfe5gwbwn0kvdpsovet
Block name: /test/data/treeTest/testDocBuffer.txt/=FD0113/=0064 num 100 verified? true, content: mvwhjjo7etplmgvbuv5olsevns4djj6r1mo1bvf354me6j7ksm
Block name: /test/data/treeTest/testDocBuffer.txt/=FD0113/=00C8 num 200 verified? true, content: 12l5f7cish9t13d9wp0enx1r14snnbvq4uivul2ahvlwpf8pgju
Block name: /test/data/treeTest/testDocBuffer.txt/=FD0113/=00012C num 300 verified? true, content: ikxo07sbb3t331h7bxhawqhajsqb18xftijg1iq3x3d4haba2c
Constructed tree of numleaves: 380 max pathlength: 9
Block name: /test/data/treeTest/testDocBuffer.txt/=FD03C6/=00 num 0 verified? true, content: 2a1kmmhvp5l4cw88qutbh9qu8rhn709qn9uc6x19sbgtlbkl786
Block name: /test/data/treeTest/testDocBuffer.txt/=FD03C6/=0064 num 100 verified? true, content: 1k7oka6a9lg81sfhhoc2diq1hiluwfko1016gj6bancd2a6eri1
Block name: /test/data/treeTest/testDocBuffer.txt/=FD03C6/=00C8 num 200 verified? true, content: 306rlpcmlhjkq7sx791bh6t2midpa2rw68oo707awf0qhcfmvrx
Block name: /test/data/treeTest/testDocBuffer.txt/=FD03C6/=00012C num 300 verified? true, content: f6p6h027bp62chtp0nqpift0fm3x9qi9jws8arq5bhw65swqjq
Constructed tree of numleaves: 381 max pathlength: 9
Block name: /test/data/treeTest/testDocBuffer.txt/=FD02E3/=00 num 0 verified? true, content: 30db7iusqes4wl2sdvnsj3gkflgmaecn9xf2mrt1hl7quwuqjpx
Block name: /test/data/treeTest/testDocBuffer.txt/=FD02E3/=0064 num 100 verified? true, content: 2dn7m2xbpvpbkqobc195jxg4peofjaa4fb6mkklkt5fj5kjh8hh
Block name: /test/data/treeTest/testDocBuffer.txt/=FD02E3/=00C8 num 200 verified? true, content: 1bb2gw6ipor85ovpsu7x79gnhts5mkrokuqqw99rhuqpa7pt6ju
Block name: /test/data/treeTest/testDocBuffer.txt/=FD02E3/=00012C num 300 verified? true, content: 49glmxr1agf8vc0d5cf45m4gp68h91ef2cttq6nlfcm5dlh222
Constructed tree of numleaves: 382 max pathlength: 9
Block name: /test/data/treeTest/testDocBuffer.txt/=FD0116/=00 num 0 verified? true, content: fa7wainxma75sowhaghlff6u1u9p64owgr2gd6volcf5duoij0
Block name: /test/data/treeTest/testDocBuffer.txt/=FD0116/=0064 num 100 verified? true, content: 2hgi9lraeix5rhfjokkoc72u75g0gp5q5fpxxkluct9u75fq48q
Block name: /test/data/treeTest/testDocBuffer.txt/=FD0116/=00C8 num 200 verified? true, content: 2abh3omo9e0b6qr7lwikjfkex5j8vqlvdbh2cwn4bbiamp1c89w
Block name: /test/data/treeTest/testDocBuffer.txt/=FD0116/=00012C num 300 verified? true, content: 1nmcr1gdgcst8arwmadm1wscf6amj0vqn5utuaetpgfugjtf8a9
Constructed tree of numleaves: 383 max pathlength: 9
Block name: /test/data/treeTest/testDocBuffer.txt/=FD0226/=00 num 0 verified? true, content: hjrtjkum745tf3l8tcvr70gv6v3qrk9rm225c48xv1mwabbqv
Block name: /test/data/treeTest/testDocBuffer.txt/=FD0226/=0064 num 100 verified? true, content: 3da7gi6veuwg2ckf7aqnx58a4tu3lccwa93dgud634fgiagsqb
Block name: /test/data/treeTest/testDocBuffer.txt/=FD0226/=00C8 num 200 verified? true, content: vm24l4lng88bmau81dw3jb0kwambwt54vick0oosevgk5rnn98
Block name: /test/data/treeTest/testDocBuffer.txt/=FD0226/=00012C num 300 verified? true, content: 158s0xelmg5c265uw9w6d17tuehqt7v0rtqlnk49ksfp7270bfg
Constructed tree of numleaves: 384 max pathlength: 9
Block name: /test/data/treeTest/testDocBuffer.txt/=FD0128/=00 num 0 verified? true, content: 8ja043mnfrhsupal2rle8m7h25d8n46alw5ddrjw5xfxvkoewq
Block name: /test/data/treeTest/testDocBuffer.txt/=FD0128/=0064 num 100 verified? true, content: p8pukjtggesv22vcb1fbt1l8ftid2kl14rklcttnleho4ss6o5
Block name: /test/data/treeTest/testDocBuffer.txt/=FD0128/=00C8 num 200 verified? true, content: 7648ohss08j7piudsllira7d167kp7girk7bge4nbrklxa88hw
Block name: /test/data/treeTest/testDocBuffer.txt/=FD0128/=00012C num 300 verified? true, content: 31jc9ql618n3xgivxqw1ipxaqbliex7w1iru3ks3u1uscjnxw68
Constructed tree of numleaves: 385 max pathlength: 9
Block name: /test/data/treeTest/testDocBuffer.txt/=FD03C5/=00 num 0 verified? true, content: 2fneq4vjqv336opxfa7bgjviao9p5iu2cedsth35a6s3a3c6w7m
Block name: /test/data/treeTest/testDocBuffer.txt/=FD03C5/=0064 num 100 verified? true, content: 1aas0jl19ia6qdwtcbq243sgfee2pnc4luvgrxmh0hhbgm86i02
Block name: /test/data/treeTest/testDocBuffer.txt/=FD03C5/=00C8 num 200 verified? true, content: 1k5t8utruo99ii3mlds4f2civ9ekddvfurx357g6u05makm9kb5
Block name: /test/data/treeTest/testDocBuffer.txt/=FD03C5/=00012C num 300 verified? true, content: p1cokl6r6vje5trldmve11vo5t27fp8534dk3iuxwpiowjp8j0
Constructed tree of numleaves: 386 max pathlength: 9
Block name: /test/data/treeTest/testDocBuffer.txt/=FD03A2/=00 num 0 verified? true, content: kq59gdbv84ifo71wuodt0mkj55qb2kwxl2gt1c3o3x2khaltwq
Block name: /test/data/treeTest/testDocBuffer.txt/=FD03A2/=0064 num 100 verified? true, content: 2o44u86evq7aphsbhpbxi4r2bkdklosep9fhi2hlou88jv8n9i4
Block name: /test/data/treeTest/testDocBuffer.txt/=FD03A2/=00C8 num 200 verified? true, content: 147cmawck8wi3cc59mhfxm83lrbwu8m81njpvc79opqq30qdbxx
Block name: /test/data/treeTest/testDocBuffer.txt/=FD03A2/=00012C num 300 verified? true, content: 1itr8ukfgpc785lm5vq4630udd57olxqli8bubcd9c3ol9eghsq
Constructed tree of numleaves: 387 max pathlength: 9
Block name: /test/data/treeTest/testDocBuffer.txt/=FD5E/=00 num 0 verified? true, content: 2hq5638wifwsbrm6bp30hiwo2be9bd6823x5vuar9f5j4gnjuia
Block name: /test/data/treeTest/testDocBuffer.txt/=FD5E/=0064 num 100 verified? true, content: 1b42agm8pxv0pxv9ht1xstc1k80renu8l0cbeksdm2kooecwmo2
Block name: /test/data/treeTest/testDocBuffer.txt/=FD5E/=00C8 num 200 verified? true, content: 2gc2opbwgo3xrc6vuwpknvben6i994lfmmlfr80f50v5ejte6nj
Block name: /test/data/treeTest/testDocBuffer.txt/=FD5E/=00012C num 300 verified? true, content: 2hd8l1urfta8pih2ci4svxuan9mvgnlj7mrjq4c0g5k0mbt4wjc
Constructed tree of numleaves: 388 max pathlength: 9
Block name: /test/data/treeTest/testDocBuffer.txt/=FD03E3/=00 num 0 verified? true, content: 2gwi6fo7b9njv64lxujdw6s3drcfmprk5lx7ek4s7q0fc1qo4gm
Block name: /test/data/treeTest/testDocBuffer.txt/=FD03E3/=0064 num 100 verified? true, content: 296rar9meh2w2an8ff0f9mb7fquwbab2pioq6arsdcs0mimt4n2
Block name: /test/data/treeTest/testDocBuffer.txt/=FD03E3/=00C8 num 200 verified? true, content: drweevdsua9q93u918mkcqsckveueiqhjltsvhbxtboqa0hnv6
Block name: /test/data/treeTest/testDocBuffer.txt/=FD03E3/=00012C num 300 verified? true, content: 1565k6p9ciqau1dmdaa1fs52jk187vg9wnvsuqg37tudblked2i
Constructed tree of numleaves: 389 max pathlength: 9
Block name: /test/data/treeTest/testDocBuffer.txt/=FD037C/=00 num 0 verified? true, content: flk331p39xkctk6kqk22v6o20dv45ajum09wpmthqeqwh30mvh
Block name: /test/data/treeTest/testDocBuffer.txt/=FD037C/=0064 num 100 verified? true, content: ab1kigvf1hiukcvobujujhbsxt5v8arxa5b5n21ifjgoi3fqto
Block name: /test/data/treeTest/testDocBuffer.txt/=FD037C/=00C8 num 200 verified? true, content: 2vj0bwg73t4sugh9ft0rlbobv9x0n72jsn86gfqs2l3tcjhdaa4
Block name: /test/data/treeTest/testDocBuffer.txt/=FD037C/=00012C num 300 verified? true, content: rsvmvvkeshvisacsmomevg5gugremlsl5en0vaoduicksgthnn
Constructed tree of numleaves: 390 max pathlength: 9
Block name: /test/data/treeTest/testDocBuffer.txt/=FD029F/=00 num 0 verified? true, content: wne9bmwi9hfr5m68oucg6w14uunmqk8kq97tovb0q4h6f9rmmh
Block name: /test/data/treeTest/testDocBuffer.txt/=FD029F/=0064 num 100 verified? true, content: 1qdu67pn4jgc5nkkx0snfej7ksog3tctcku7w68mrj8v2ua8fd
Block name: /test/data/treeTest/testDocBuffer.txt/=FD029F/=00C8 num 200 verified? true, content: escgnlihlmdaqt97d25xttc2v9vk2ooidei47qtc4x8hqddahc
Block name: /test/data/treeTest/testDocBuffer.txt/=FD029F/=00012C num 300 verified? true, content: pckrk1m2huv78g7k40v5ls4n0osh752ahqiepdw6efl8niua8b
Constructed tree of numleaves: 391 max pathlength: 9
Block name: /test/data/treeTest/testDocBuffer.txt/=FD9E/=00 num 0 verified? true, content: 1ral1d05fk98ovjmglhov0b0ido8g6gr81od8llcmlv7dmlegdq
Block name: /test/data/treeTest/testDocBuffer.txt/=FD9E/=0064 num 100 verified? true, content: 2f8tv64qptlfk530x4lkoj8i7i0qr6g4lwrof045c3c6r8m5j88
Block name: /test/data/treeTest/testDocBuffer.txt/=FD9E/=00C8 num 200 verified? true, content: 1c3jlfhjsuqfkutleskcmgc7iwv468xmuv6qemoqd1t0ebo4upk
Block name: /test/data/treeTest/testDocBuffer.txt/=FD9E/=00012C num 300 verified? true, content: 1cxvil6plqikbd4nnkn9ujqhlwno1dmchsef53f5fno19vjedj3
Constructed tree of numleaves: 392 max pathlength: 9
Block name: /test/data/treeTest/testDocBuffer.txt/=FD8F/=00 num 0 verified? true, content: 2q6os14nlvljtec27rk4u4xpjtfhm28egimskh1qotqlkchuvxm
Block name: /test/data/treeTest/testDocBuffer.txt/=FD8F/=0064 num 100 verified? true, content: 1x8udak16nxm9b9juqx38mjgv907fm60uu5sgnue5rqcsj44r2l
Block name: /test/data/treeTest/testDocBuffer.txt/=FD8F/=00C8 num 200 verified? true, content: brec2o7lq7rdlps50s1wevlhpm40l0rl5snancekqvkcdaksfl
Block name: /test/data/treeTest/testDocBuffer.txt/=FD8F/=00012C num 300 verified? true, content: 2kb58424n9nqtra7j5md0shiqx0di0wbdt04d14jka31lapilm8
Constructed tree of numleaves: 393 max pathlength: 9
Block name: /test/data/treeTest/testDocBuffer.txt/=FD81/=00 num 0 verified? true, content: 1e8ktfpi2ocgq1ouuphxtd6coj5j7s2iw1kt1s3lha2nv1a4akw
Block name: /test/data/treeTest/testDocBuffer.txt/=FD81/=0064 num 100 verified? true, content: 1adm6wqml9oo5ffur977f3jrkep5oh2dggu2qasnhxbpoeh128u
Block name: /test/data/treeTest/testDocBuffer.txt/=FD81/=00C8 num 200 verified? true, content: a0i7lax90kfqedwdne1ukrpeh7qs0lwd8jnthmi0k8n5p9hmca
Block name: /test/data/treeTest/testDocBuffer.txt/=FD81/=00012C num 300 verified? true, content: 25nw1tislv9txt87xiwbpcvjt89bwlho6oxb5nqbv71ur8ueaa2
Constructed tree of numleaves: 394 max pathlength: 9
Block name: /test/data/treeTest/testDocBuffer.txt/=FD0284/=00 num 0 verified? true, content: 2h1x064ok741jikd47b2ifm0apkb748v55k3895el9vaocg1acd
Block name: /test/data/treeTest/testDocBuffer.txt/=FD0284/=0064 num 100 verified? true, content: t8xq3acec1pmvv74ofcaq7s3pl4eetrsh100nh7ce7e6e0q2dm
Block name: /test/data/treeTest/testDocBuffer.txt/=FD0284/=00C8 num 200 verified? true, content: 2vojlbbbbax4i54b7106ll5sk2wxh38nrxgq73fkhjp6swh48ja
Block name: /test/data/treeTest/testDocBuffer.txt/=FD0284/=00012C num 300 verified? true, content: 2xbx8jsdrx2jowl3wqmbal5ufl485da7jo72l0wopwj8lh511oo
Constructed tree of numleaves: 395 max pathlength: 9
Block name: /test/data/treeTest/testDocBuffer.txt/=FD0353/=00 num 0 verified? true, content: 13drm16x79t6affi0ripd5bcjtbu6h36d5k16uhqd2fvm30t077
Block name: /test/data/treeTest/testDocBuffer.txt/=FD0353/=0064 num 100 verified? true, content: 24fq8bd97goab3s4hb0285p0r324lmq7461sc0eub089nximofg
Block name: /test/data/treeTest/testDocBuffer.txt/=FD0353/=00C8 num 200 verified? true, content: 8mrnvaiewve1da4pu4aadnfplgvu3mwka38u71t0pxl9x2lq0j
Block name: /test/data/treeTest/testDocBuffer.txt/=FD0353/=00012C num 300 verified? true, content: 9f96hl9auqijplhqmwidmkl4vcm3o7ag27ng2ega6p7kx8l3dq
Constructed tree of numleaves: 396 max pathlength: 9
Block name: /test/data/treeTest/testDocBuffer.txt/=FD0250/=00 num 0 verified? true, content: 1falco0kcj3kh43hgb9i9et19endh25l51o906a8kbs0vx5851t
Block name: /test/data/treeTest/testDocBuffer.txt/=FD0250/=0064 num 100 verified? true, content: 25uv707wdwxgb64iirpf7bpel82xn7gw384n5l3b2dt06dqufv2
Block name: /test/data/treeTest/testDocBuffer.txt/=FD0250/=00C8 num 200 verified? true, content: 1b4wta8koerqqjvduekg8bwp3wj4su4qi9ltqvf1dkohma5pjci
Block name: /test/data/treeTest/testDocBuffer.txt/=FD0250/=00012C num 300 verified? true, content: 2tioprfr05df4fu6ln6wewkge0x5d6l33ii8nrvx79g7l461nbk
Constructed tree of numleaves: 397 max pathlength: 9
Block name: /test/data/treeTest/testDocBuffer.txt/=FDE9/=00 num 0 verified? true, content: 21e46w0xrfwsghgme8din8dcki2b6foebck58e0q3nwuscgh3lj
Block name: /test/data/treeTest/testDocBuffer.txt/=FDE9/=0064 num 100 verified? true, content: 2tpwop01cmldn7s1pj9mh1kci4xjqlq6ur418ovovnxoeddj936
Block name: /test/data/treeTest/testDocBuffer.txt/=FDE9/=00C8 num 200 verified? true, content: 14qrcui8kon4x4vdqsfgghqfbwducaf75ir44i9wuhrb29cx2md
Block name: /test/data/treeTest/testDocBuffer.txt/=FDE9/=00012C num 300 verified? true, content: kpmhi84ib6xq851v23ppeegn4a38w02wjne6t6hunhm0n3t6xf
Constructed tree of numleaves: 398 max pathlength: 9
Block name: /test/data/treeTest/testDocBuffer.txt/=FD023F/=00 num 0 verified? true, content: 1dgnxu7p9cugrq7c2oavgfaf28wk6dtrw8kfkrx84q0teutj2cd
Block name: /test/data/treeTest/testDocBuffer.txt/=FD023F/=0064 num 100 verified? true, content: 2w3olnoqvgos05tmdwuwn1dqlwttecnemhaq8tglkpk1xh99gvc
Block name: /test/data/treeTest/testDocBuffer.txt/=FD023F/=00C8 num 200 verified? true, content: 3g5ie0w4d4v38qhh0k7pt50tacvcurre13d6uane0w6bvbi1p6
Block name: /test/data/treeTest/testDocBuffer.txt/=FD023F/=00012C num 300 verified? true, content: 2ke923kn1f07o5u6mrgjfjd3mgxqm1e0og5r2075wdi0l3da23i
Constructed tree of numleaves: 399 max pathlength: 9
Block name: /test/data/treeTest/testDocBuffer.txt/=FD0240/=00 num 0 verified? true, content: 27611rxcocdjkjsc5r9v995qb481f0vt9llv9vug3s5rk6q12du
Block name: /test/data/treeTest/testDocBuffer.txt/=FD0240/=0064 num 100 verified? true, content: 29i8h2b0n75bmulowdapwfjh43i79gntslp16l186kwcgdt0v8o
Block name: /test/data/treeTest/testDocBuffer.txt/=FD0240/=00C8 num 200 verified? true, content: 83t8vnxlifono57ab25awfbeve84re7ucb7onj4u9ronp0bv92
Block name: /test/data/treeTest/testDocBuffer.txt/=FD0240/=00012C num 300 verified? true, content: 28rmdsc62dt41c7pjrtuxb9lptccbvrh5qaiejvsqcqjr7iqdpr
Constructed tree of numleaves: 400 max pathlength: 9
Block name: /test/data/treeTest/testDocBuffer.txt/=FD0216/=00 num 0 verified? true, content: xjcwqrua2khr1gftjl6sruvs78vhik562ak1a915mjbxhtpxg
Block name: /test/data/treeTest/testDocBuffer.txt/=FD0216/=0064 num 100 verified? true, content: 2wr19hvtr1j0vswpi2esj324k03ltr6x3t72rfq9ct61d68acs4
Block name: /test/data/treeTest/testDocBuffer.txt/=FD0216/=00C8 num 200 verified? true, content: 1rpawthdi5lg1k5ol4hmll7uxek74epifdj3dr8ekvfchg1csjk
Block name: /test/data/treeTest/testDocBuffer.txt/=FD0216/=00012C num 300 verified? true, content: wjq0qnvpqjb2perhfun8bh4dps2qeckktexooheecw2v81sh8e
Constructed tree of numleaves: 401 max pathlength: 9
Block name: /test/data/treeTest/testDocBuffer.txt/=FDF8/=00 num 0 verified? true, content: 1utbk0qk2b1v7or7b3fb38c0menrapkcic1ndd8i6ger955rwe7
Block name: /test/data/treeTest/testDocBuffer.txt/=FDF8/=0064 num 100 verified? true, content: jsv1alxmmnuqvnx9hdvnhj765ss11qt9in7bfn9pkfevoui41x
Block name: /test/data/treeTest/testDocBuffer.txt/=FDF8/=00C8 num 200 verified? true, content: 1044u83ga6g2fjp8oep6g3so6wqqpjg51km47neo0lh1lirlr6w
Block name: /test/data/treeTest/testDocBuffer.txt/=FDF8/=00012C num 300 verified? true, content: okpevw9ohhv3t341iwowojdk7275kw77nx7st8n54uc73t1q3n
Constructed tree of numleaves: 402 max pathlength: 9
Block name: /test/data/treeTest/testDocBuffer.txt/=FD022B/=00 num 0 verified? true, content: 1ju102d1kpus9618td4kiw7kjqgw9nt3uf9aurbn66uuqdl94q2
Block name: /test/data/treeTest/testDocBuffer.txt/=FD022B/=0064 num 100 verified? true, content: 2fm7a6s3fciv6q2inbo0k2lapo5w5osrnhreapbiugh9uw666qr
Block name: /test/data/treeTest/testDocBuffer.txt/=FD022B/=00C8 num 200 verified? true, content: 2kihque417iutdlr71orv2ve7ta2t4jl9app5b1bkdlbif2he6t
Block name: /test/data/treeTest/testDocBuffer.txt/=FD022B/=00012C num 300 verified? true, content: 1t4m83bdr10q8tsr536g9u71ucxcxam8drqbug5ojltq07opmaq
Block name: /test/data/treeTest/testDocBuffer.txt/=FD022B/=000190 num 400 verified? true, content: 1ru5aoh08h43frixahd0m3kbvciafikttox4js2dpna32rixhpr
Constructed tree of numleaves: 403 max pathlength: 9
Block name: /test/data/treeTest/testDocBuffer.txt/=FD01B0/=00 num 0 verified? true, content: 1eol3hq1g4lp6s4bsjfjw4jq8i9hjdlacc4j8gm1aqv1vhxg8g5
Block name: /test/data/treeTest/testDocBuffer.txt/=FD01B0/=0064 num 100 verified? true, content: 4htlgs4glffmd923jbu7fft9ismemmtqcfxaibm9xgtmjx3aeo
Block name: /test/data/treeTest/testDocBuffer.txt/=FD01B0/=00C8 num 200 verified? true, content: 1w1x1ewnx2ad9o8rteg16mjxsjjb0nw31ql7bxnkchrve1uotl8
Block name: /test/data/treeTest/testDocBuffer.txt/=FD01B0/=00012C num 300 verified? true, content: dn9bquer46v15wvqcpthnrtvc0x1issievhnj2ajf9kr2hf3qk
Block name: /test/data/treeTest/testDocBuffer.txt/=FD01B0/=000190 num 400 verified? true, content: 1eqmtgvuwesst5971sj7kdh1ehodwfg9u3vmi916tiuivttbbl9
Constructed tree of numleaves: 404 max pathlength: 9
Block name: /test/data/treeTest/testDocBuffer.txt/=FDB9/=00 num 0 verified? true, content: 31r8bjt2wc36ibt3ip10rpbdabnh09923mpq859th8wc1618bj4
Block name: /test/data/treeTest/testDocBuffer.txt/=FDB9/=0064 num 100 verified? true, content: caebmvb31aw2jg80txqu49w644x78hhivb5a9drq3v2df81uu4
Block name: /test/data/treeTest/testDocBuffer.txt/=FDB9/=00C8 num 200 verified? true, content: 23odnn4ue8ef9wx6kfmva6k1n764kfsdv8n9vcx848885wi9rhv
Block name: /test/data/treeTest/testDocBuffer.txt/=FDB9/=00012C num 300 verified? true, content: 2cqsin35trtnsn3dmdkr71ud5v9et7g0ejipkhp41rv58uan03
Block name: /test/data/treeTest/testDocBuffer.txt/=FDB9/=000190 num 400 verified? true, content: psecbtlgd9hmaruutjmo1u1guffievdc16feu5njpm708qwt4g
Constructed tree of numleaves: 405 max pathlength: 9
Block name: /test/data/treeTest/testDocBuffer.txt/=FD01B9/=00 num 0 verified? true, content: qqegojvixo7nr1m4ph5uu84ug1pbcp4ofie5jpsneq8oq0durs
Block name: /test/data/treeTest/testDocBuffer.txt/=FD01B9/=0064 num 100 verified? true, content: 2jdi9s1kftt8wkf8k43m58jx5xv3j3w64t0dulq7ks1lpph583r
Block name: /test/data/treeTest/testDocBuffer.txt/=FD01B9/=00C8 num 200 verified? true, content: 1aaewcn0tj9x6tv7wwr5a0c5gkpxdc813ap90q6s29e6ko4rvv3
Block name: /test/data/treeTest/testDocBuffer.txt/=FD01B9/=00012C num 300 verified? true, content: 2drnajc9ss7c81muptffedw5qqwsca1s9rxtpmetc8di1f3mexu
Block name: /test/data/treeTest/testDocBuffer.txt/=FD01B9/=000190 num 400 verified? true, content: 1awa9uvvxkc8axdqbr3mxf40345ggs96cxnwjtt0safkqjn2uba
Constructed tree of numleaves: 406 max pathlength: 9
Block name: /test/data/treeTest/testDocBuffer.txt/=FD03C6/=00 num 0 verified? true, content: 1u305u9q7h12c4r5dit8xljwjkfh6eni8p3e4efw27ed3of5j55
Block name: /test/data/treeTest/testDocBuffer.txt/=FD03C6/=0064 num 100 verified? true, content: ehg1pug424ijtf85wvrb0a6wqv49n1bmtq662m2uq40v1ihnxf
Block name: /test/data/treeTest/testDocBuffer.txt/=FD03C6/=00C8 num 200 verified? true, content: 1gpwh6ttpaastea97oi58ukmps8d1p8uholbcciat4fi43mnjje
Block name: /test/data/treeTest/testDocBuffer.txt/=FD03C6/=00012C num 300 verified? true, content: 2sr4chv8ol1xf8lgq0g49qidhf2oiisg719j1vvd19gq5hxw8rx
Block name: /test/data/treeTest/testDocBuffer.txt/=FD03C6/=000190 num 400 verified? true, content: 6m38ahehwaeixmv79hku0lf9t9dm1agjgrw30itqvgdbxuef91
Constructed tree of numleaves: 407 max pathlength: 9
Block name: /test/data/treeTest/testDocBuffer.txt/=FD0103/=00 num 0 verified? true, content: 1xed8d92vue6is4nn6ipqh1qnvbqx3s3mqv50nxfr8h9cn3sns0
Block name: /test/data/treeTest/testDocBuffer.txt/=FD0103/=0064 num 100 verified? true, content: 1udjw9s7sf83flwquk88almp18mw93jukik5h0b1gu29i50l7hc
Block name: /test/data/treeTest/testDocBuffer.txt/=FD0103/=00C8 num 200 verified? true, content: 1722ppj3bard2hnfu5oof390sef06q7anog4t1m9ifx38fm07di
Block name: /test/data/treeTest/testDocBuffer.txt/=FD0103/=00012C num 300 verified? true, content: k6mcxn8cprbedpfw42ljkvj8q7hpbwsi5afpgm4wkk5b340epn
Block name: /test/data/treeTest/testDocBuffer.txt/=FD0103/=000190 num 400 verified? true, content: qguhtwkp17c4flh19ekpkxtrnvwppu8tgvkbnkmpocu240m4pm
Constructed tree of numleaves: 408 max pathlength: 9
Block name: /test/data/treeTest/testDocBuffer.txt/=FD0162/=00 num 0 verified? true, content: 2mj0klwjnxtja0vvtv2leru7r7xjonskjbcg64dac1phgce32fu
Block name: /test/data/treeTest/testDocBuffer.txt/=FD0162/=0064 num 100 verified? true, content: 2s6x8j46lejiphtlgtg0rs90xstmvhhbqmd2chd3keuehmuv4d2
Block name: /test/data/treeTest/testDocBuffer.txt/=FD0162/=00C8 num 200 verified? true, content: i1xdtv97bhx5qp91iraq57b0p5f0465l8iej48vcldkcwk74px
Block name: /test/data/treeTest/testDocBuffer.txt/=FD0162/=00012C num 300 verified? true, content: 2miesknk4vdek71wxd4mio9lslboupgjgn677r9j653w7lvkbpk
Block name: /test/data/treeTest/testDocBuffer.txt/=FD0162/=000190 num 400 verified? true, content: 2e3bkse7eg432johagj3jm5lurum6skmpc0guf21kdvp23le4b6
Constructed tree of numleaves: 409 max pathlength: 9
Block name: /test/data/treeTest/testDocBuffer.txt/=FD024B/=00 num 0 verified? true, content: 30e5xet0gmb7849xst5htnnliqu999inwg0luden84v93im6sjd
Block name: /test/data/treeTest/testDocBuffer.txt/=FD024B/=0064 num 100 verified? true, content: 1kphioc27up4wcf4rrbx3k8cax3ec793ak7ijqrhj4omaspx2vf
Block name: /test/data/treeTest/testDocBuffer.txt/=FD024B/=00C8 num 200 verified? true, content: 1cralgsqsi10sthx1k4sk3do1j0fwiu765wmafl7hrdnw2lmrsr
Block name: /test/data/treeTest/testDocBuffer.txt/=FD024B/=00012C num 300 verified? true, content: bj4q51db32pp0g1w1k7490qh3opkf1tnplpkehcswt9gl655ii
Block name: /test/data/treeTest/testDocBuffer.txt/=FD024B/=000190 num 400 verified? true, content: 4ai5fnxltin1dce8i2vephk2cgte1kcna8lu49f7eh47urij5n
Constructed tree of numleaves: 410 max pathlength: 9
Block name: /test/data/treeTest/testDocBuffer.txt/=FD0187/=00 num 0 verified? true, content: 1qdqt0ecxa37bgecogk9scxi8h9ji4728t2hromlapm1vl2918t
Block name: /test/data/treeTest/testDocBuffer.txt/=FD0187/=0064 num 100 verified? true, content: 12w7wul6lsa77vnn1jjax03315w82vgpmf04wilap49ikp2790u
Block name: /test/data/treeTest/testDocBuffer.txt/=FD0187/=00C8 num 200 verified? true, content: 2ff5ibcvkiv3aak5w132l35rxmaujkkf6a8p6okko4h7jfx454q
Block name: /test/data/treeTest/testDocBuffer.txt/=FD0187/=00012C num 300 verified? true, content: pievdw00qf9lou8vea2vjfsv8muc6x1adumhbgc9iqrkl7769i
Block name: /test/data/treeTest/testDocBuffer.txt/=FD0187/=000190 num 400 verified? true, content: 1l2cn0rw5f4qvqvmo07mxra2pwe1denkb6u0ohra48fo6iqfhqa
Constructed tree of numleaves: 411 max pathlength: 9
Block name: /test/data/treeTest/testDocBuffer.txt/=FD0121/=00 num 0 verified? true, content: 2win4pqu2tanri0bbd5kgpdrw7c448bc2pw59nwklelm2pkp9d2
Block name: /test/data/treeTest/testDocBuffer.txt/=FD0121/=0064 num 100 verified? true, content: 1er5g6lxlakmbwjj4qivfogxqr2p3norl1chq4iadq3nf4pfqpb
Block name: /test/data/treeTest/testDocBuffer.txt/=FD0121/=00C8 num 200 verified? true, content: v3qqcp9m7gc5h303j7mckt7dck1u6rvvj49x38r58qi1q847eb
Block name: /test/data/treeTest/testDocBuffer.txt/=FD0121/=00012C num 300 verified? true, content: 2p0fs8maqt428vpbpl3hwcci089thcma6diis5xgeb7xsvi1lgc
Block name: /test/data/treeTest/testDocBuffer.txt/=FD0121/=000190 num 400 verified? true, content: tb7253th97edb42b89blwrscq0eedvjhxr187mddtb1wfjc55c
Constructed tree of numleaves: 412 max pathlength: 9
Block name: /test/data/treeTest/testDocBuffer.txt/=FD0261/=00 num 0 verified? true, content: 144amr6wj4b2b0jqot5rcqtg3ahk9mfk94nxu1tu6mw5soel8d1
Block name: /test/data/treeTest/testDocBuffer.txt/=FD0261/=0064 num 100 verified? true, content: 24kvcdsw2ra5wgq2rn395k4paiwaxu2l7fncrfm2aun59nf2x3d
Block name: /test/data/treeTest/testDocBuffer.txt/=FD0261/=00C8 num 200 verified? true, content: 2xuqqkv6dxqw1i3dmbi8cgj4hd96sqdlcktkot9fe2gobcjpihi
Block name: /test/data/treeTest/testDocBuffer.txt/=FD0261/=00012C num 300 verified? true, content: tb6ti1ct7x1a4vgr50ncb920xgpcdk4hrimuf8dl3p6osl8oht
Block name: /test/data/treeTest/testDocBuffer.txt/=FD0261/=000190 num 400 verified? true, content: 1ecegcgbfrrjco24ld84sf23fx2gvfvidn3v95geu8wr1u9bpan
Constructed tree of numleaves: 413 max pathlength: 9
Block name: /test/data/treeTest/testDocBuffer.txt/=FD034A/=00 num 0 verified? true, content: 1g51px9bx4j123u5i5oe68hbkukkiopoqnb34rndqwwlspdddxf
Block name: /test/data/treeTest/testDocBuffer.txt/=FD034A/=0064 num 100 verified? true, content: 1vq0oxavv95kfpob9ak2mjnnfarfehlx6eon6tjsd43r7c44s71
Block name: /test/data/treeTest/testDocBuffer.txt/=FD034A/=00C8 num 200 verified? true, content: 2bngp0iw0jbpxj5evg1xsut86a9l3e6g18otuowb9biw6l5l811
Block name: /test/data/treeTest/testDocBuffer.txt/=FD034A/=00012C num 300 verified? true, content: 2v6cxr2u6le7qw7jneqepfe9blkodb3wjisajbvcww2n4wc5dmm
Block name: /test/data/treeTest/testDocBuffer.txt/=FD034A/=000190 num 400 verified? true, content: 8suai5l5xblc2l9mhh1xj7s67l29boem067arbhi6al26b87k2
Constructed tree of numleaves: 414 max pathlength: 9
Block name: /test/data/treeTest/testDocBuffer.txt/=FD02FF/=00 num 0 verified? true, content: 2198fmdoah9rr8s9kxl5r21ejs706kaxdttuaf8jq39luo1i0xt
Block name: /test/data/treeTest/testDocBuffer.txt/=FD02FF/=0064 num 100 verified? true, content: vxil5rbdbqg7ehtvkkh3d66iqdn4lnvsr2j3aiwwh7n853b2b7
Block name: /test/data/treeTest/testDocBuffer.txt/=FD02FF/=00C8 num 200 verified? true, content: epnlwjuukpselate4mr0sgxg0a77860j2lm2jclgigpv25obeg
Block name: /test/data/treeTest/testDocBuffer.txt/=FD02FF/=00012C num 300 verified? true, content: t0pbl2mx49gu80ovghvx1wksafr153ijxbedrp417kepgtmudo
Block name: /test/data/treeTest/testDocBuffer.txt/=FD02FF/=000190 num 400 verified? true, content: 2xvcatw1a39osgdlxt6rk6oveg0pnepecck2ath0u1cw1u863up
Constructed tree of numleaves: 415 max pathlength: 9
Block name: /test/data/treeTest/testDocBuffer.txt/=FD036A/=00 num 0 verified? true, content: 2twpvtxo7erwt3smg8mqhux04g7ad1tho479iuj01pr3ssqo7ra
Block name: /test/data/treeTest/testDocBuffer.txt/=FD036A/=0064 num 100 verified? true, content: 22tlkk1fw11hv4015ahq5gjug9fg1j26ahbs6r7udubtbneravx
Block name: /test/data/treeTest/testDocBuffer.txt/=FD036A/=00C8 num 200 verified? true, content: 1ikp0j9pka26wbnxm3hxdijdrk15nnmdr8x4mpbr69rwnkpswjm
Block name: /test/data/treeTest/testDocBuffer.txt/=FD036A/=00012C num 300 verified? true, content: 26nomkv3220560m956iqdool408et8v1bi0vwcbldfqwcxk4lpi
Block name: /test/data/treeTest/testDocBuffer.txt/=FD036A/=000190 num 400 verified? true, content: h5oqqln5xpn1jqo5o8v2hmj562vtnlwv2w9o76sqix4wort864
Constructed tree of numleaves: 416 max pathlength: 9
Block name: /test/data/treeTest/testDocBuffer.txt/=FD39/=00 num 0 verified? true, content: 1pgpiwe484s1fe5moequkxsd90uf78votwsdxr5msco9f9gkcx7
Block name: /test/data/treeTest/testDocBuffer.txt/=FD39/=0064 num 100 verified? true, content: 13sq659rq92vxbeitqtmchlihh1na1eoiij8m697rlra0tnvp34
Block name: /test/data/treeTest/testDocBuffer.txt/=FD39/=00C8 num 200 verified? true, content: xfd7lqwsp7ovtinu3mii46mpdin4vs5d83rdg6stqd1phijme8
Block name: /test/data/treeTest/testDocBuffer.txt/=FD39/=00012C num 300 verified? true, content: 1af4n7qnf7xhvvp2ob1g7cp3pbta4t03a784weh1iofei34emvg
Block name: /test/data/treeTest/testDocBuffer.txt/=FD39/=000190 num 400 verified? true, content: 2mirqv1gw2jrx2u5cxtn76k0ems61rcho1sx33lb23e9dh1rtr3
Constructed tree of numleaves: 417 max pathlength: 9
Block name: /test/data/treeTest/testDocBuffer.txt/=FD02D6/=00 num 0 verified? true, content: 133xq33k5vkc3in5oi8sebvr8gpla7ad6g3f6ef8hih1adc3l72
Block name: /test/data/treeTest/testDocBuffer.txt/=FD02D6/=0064 num 100 verified? true, content: 2xlatde8ux6n5qlvndqfslmo4fhf2t64afr8as3l8pl2afug13k
Block name: /test/data/treeTest/testDocBuffer.txt/=FD02D6/=00C8 num 200 verified? true, content: 24wmqt751iii9r0192it5u2bj3f3663hi2iu3gxurxb6oosrrau
Block name: /test/data/treeTest/testDocBuffer.txt/=FD02D6/=00012C num 300 verified? true, content: 267i1dcthdpebw30sp4dvm49lmjtc0cin53lfrqtoe79ctxm4dl
Block name: /test/data/treeTest/testDocBuffer.txt/=FD02D6/=000190 num 400 verified? true, content: 1dp4umv6rgj8qpb3i3dtusop8l1bw8wqmxjpwx36cutcftb7jox
Constructed tree of numleaves: 418 max pathlength: 9
Block name: /test/data/treeTest/testDocBuffer.txt/=FD02AA/=00 num 0 verified? true, content: 2d1q84shv4orivgeo5t3giscjx5oppuw590mb2kth16n5kikfg2
Block name: /test/data/treeTest/testDocBuffer.txt/=FD02AA/=0064 num 100 verified? true, content: 2kmwrfwqtur31hwwlglxnj3fwuf082hcvqvlckwj1nvth77jgun
Block name: /test/data/treeTest/testDocBuffer.txt/=FD02AA/=00C8 num 200 verified? true, content: 2wie0amsbbb74x0av9mw3od7kcffr9ms8o3b4l9g04qh1g5nvq8
Block name: /test/data/treeTest/testDocBuffer.txt/=FD02AA/=00012C num 300 verified? true, content: 2ddapr3dvenuch0hq2f3h0x96fr87uw99kewph0wlj1m5rxojh2
Block name: /test/data/treeTest/testDocBuffer.txt/=FD02AA/=000190 num 400 verified? true, content: hdoi0u9wgi9k3qxa7a708et4h2dc5rv1dfexsqlpnfabub46vw
Constructed tree of numleaves: 419 max pathlength: 9
Block name: /test/data/treeTest/testDocBuffer.txt/=FD02F7/=00 num 0 verified? true, content: 158uhpsqgafc8ha0i35tt2p2qh0wdpwo4ah8ns7o9e9be8qlbf9
Block name: /test/data/treeTest/testDocBuffer.txt/=FD02F7/=0064 num 100 verified? true, content: 2snrb9ix7jlckkt99tf2e13enlf738hqp3187t0c5w3w5mhcq29
Block name: /test/data/treeTest/testDocBuffer.txt/=FD02F7/=00C8 num 200 verified? true, content: 2o4dsxswgqq2lidke2a7o0u1fdlv6ewili42xoi03esw7p4xp6n
Block name: /test/data/treeTest/testDocBuffer.txt/=FD02F7/=00012C num 300 verified? true, content: 1oge50hc7blp67x6jixph4q786indm3jc876x34gvgrqgreanqa
Block name: /test/data/treeTest/testDocBuffer.txt/=FD02F7/=000190 num 400 verified? true, content: 1bkliask2eh82op6wad0aphjmsui62cj3tkgnbw8s7cnrhag83w
Constructed tree of numleaves: 420 max pathlength: 9
Block name: /test/data/treeTest/testDocBuffer.txt/=FD0215/=00 num 0 verified? true, content: 230wqsv7j9qlo05lo11diee5qdp1tdeddo314sfo4ip5v2xamhw
Block name: /test/data/treeTest/testDocBuffer.txt/=FD0215/=0064 num 100 verified? true, content: wpsx9w44k9b81goa1bhpj4gn4bgaaesh4rr6douaaijlu1tft1
Block name: /test/data/treeTest/testDocBuffer.txt/=FD0215/=00C8 num 200 verified? true, content: 1ef2hagkapr1duxae9w3902onn9kf409f5oqt7te8p4lkvdfjie
Block name: /test/data/treeTest/testDocBuffer.txt/=FD0215/=00012C num 300 verified? true, content: 2qjg08tu296bqhje8j4xv2rgbmrjmf47d4wm98t95kupjvemngt
Block name: /test/data/treeTest/testDocBuffer.txt/=FD0215/=000190 num 400 verified? true, content: 31i3q8dr6tpi4vfrbrdxl2r3bbatl54t74aicxjbbv5fgvur2qr
Constructed tree of numleaves: 421 max pathlength: 9
Block name: /test/data/treeTest/testDocBuffer.txt/=FD0183/=00 num 0 verified? true, content: 1hwqni2j4ogcb2pnwh7l6vtrb232qlrs044ewbe7fdqxhne1jca
Block name: /test/data/treeTest/testDocBuffer.txt/=FD0183/=0064 num 100 verified? true, content: 2i30xgu31m7sf5ee2f30b5d0q2bsmhgmtblrt7p7p8ltt0klntj
Block name: /test/data/treeTest/testDocBuffer.txt/=FD0183/=00C8 num 200 verified? true, content: 1vofqltxuunc9ioj2wwmoicwaovbg7xxvfmme1c6lv0lrss23a2
Block name: /test/data/treeTest/testDocBuffer.txt/=FD0183/=00012C num 300 verified? true, content: 2m4qrktp3frfh0mb16q5qvbi4lv825xi493i3wguubvl5d1v7vp
Block name: /test/data/treeTest/testDocBuffer.txt/=FD0183/=000190 num 400 verified? true, content: fkoe9ljhn566kp4a854jutdr6vha6l0987oargxjg34v2ps0hj
Constructed tree of numleaves: 422 max pathlength: 9
Block name: /test/data/treeTest/testDocBuffer.txt/=FDEA/=00 num 0 verified? true, content: k4vbt1bbd8w1onoixsd1iqh34g41399qpsco5msbo7872em82f
Block name: /test/data/treeTest/testDocBuffer.txt/=FDEA/=0064 num 100 verified? true, content: sgk4tura076oedm5jadaj7ps8b6onmnv0780ocr028tqtiqwpn
Block name: /test/data/treeTest/testDocBuffer.txt/=FDEA/=00C8 num 200 verified? true, content: 2v27l7a6gh9iha0spmo1d7kbv1980v0fms9b8xhqo7s0ns2udi4
Block name: /test/data/treeTest/testDocBuffer.txt/=FDEA/=00012C num 300 verified? true, content: 1kg9k93g4pqpf24hrn2mb8sx1n9gv77kc7oe2bbhe4nsnokaj2r
Block name: /test/data/treeTest/testDocBuffer.txt/=FDEA/=000190 num 400 verified? true, content: 2s6ho8uoipqdnji2s50v4ldti3qm9w4ph7qc7mco7norwnx2j3e
Constructed tree of numleaves: 423 max pathlength: 9
Block name: /test/data/treeTest/testDocBuffer.txt/=FD017E/=00 num 0 verified? true, content: 29ilheirxmaqsb64ldsa217kb2ngen0rjwskie5w06b3mhqvvld
Block name: /test/data/treeTest/testDocBuffer.txt/=FD017E/=0064 num 100 verified? true, content: 2a4r5ccssaklnqra2qam8uqvc40xvcag97iskah68juggjajxa6
Block name: /test/data/treeTest/testDocBuffer.txt/=FD017E/=00C8 num 200 verified? true, content: puextg328x183jbs48jvi9cu0omstoqm7j1x5ide28ibt2s14e
Block name: /test/data/treeTest/testDocBuffer.txt/=FD017E/=00012C num 300 verified? true, content: 722fteqk0qsgubh8ncb3jifhq3t49s5rgs9sbo64t9dkbji3w5
Block name: /test/data/treeTest/testDocBuffer.txt/=FD017E/=000190 num 400 verified? true, content: 25msad7wcakhp7ewdmme7ldpe5ko5adqnpu7j9hof0jb4b1mdx5
Constructed tree of numleaves: 424 max pathlength: 9
Block name: /test/data/treeTest/testDocBuffer.txt/=FD037A/=00 num 0 verified? true, content: 1hd7jrlgrjqve9xcwllirthug8c47no51jiqseg09i0wj84fr5b
Block name: /test/data/treeTest/testDocBuffer.txt/=FD037A/=0064 num 100 verified? true, content: 2vedn7r7xu2mt6nsf2egvi0cjexr47fe3oij84bxgfwo1i8f0j0
Block name: /test/data/treeTest/testDocBuffer.txt/=FD037A/=00C8 num 200 verified? true, content: 2cp5j059li45xa9pxxrxsls13x4vp6ojku4kg7m1a28vla58k2x
Block name: /test/data/treeTest/testDocBuffer.txt/=FD037A/=00012C num 300 verified? true, content: 241xwipps5s1mhf4o2el9xot2xtlnb72d5k4mbnm4904ebuo4v6
Block name: /test/data/treeTest/testDocBuffer.txt/=FD037A/=000190 num 400 verified? true, content: 13n0j1bpwllcqk4uitsfjc472vu1lgqpv1dfc32rmbd39n1dahl
Constructed tree of numleaves: 425 max pathlength: 9
Block name: /test/data/treeTest/testDocBuffer.txt/=FD011B/=00 num 0 verified? true, content: 11o3dkcjakpmi5qr664120n83o5igfe85cukl55er0a2oj82fik
Block name: /test/data/treeTest/testDocBuffer.txt/=FD011B/=0064 num 100 verified? true, content: poj45c8ht70q3p3killcfibuuxwh780gxcm4wvel0ohru0tbir
Block name: /test/data/treeTest/testDocBuffer.txt/=FD011B/=00C8 num 200 verified? true, content: 1i091wf4xo9j78g30n8nc8juaeqj114kcrr3d5dtp3a08jwa2r1
Block name: /test/data/treeTest/testDocBuffer.txt/=FD011B/=00012C num 300 verified? true, content: 4io78qk0uu40ca593orwnhipdja7ewdd6ick1hjk9eq6uht7xq
Block name: /test/data/treeTest/testDocBuffer.txt/=FD011B/=000190 num 400 verified? true, content: 1ubmato1lpftcdvekwpcaapk7v5kp99rohku0e3tauf9rgkjh52
Constructed tree of numleaves: 426 max pathlength: 9
Block name: /test/data/treeTest/testDocBuffer.txt/=FD03AC/=00 num 0 verified? true, content: 1ffpkc8429ubsw0rf2vqeg188maihvrr9jsvh7a43585bfqjrqr
Block name: /test/data/treeTest/testDocBuffer.txt/=FD03AC/=0064 num 100 verified? true, content: ifo5oc3a1xgt5fwt7k7ssh9hojde04i687f2pwx2cvjwbw244u
Block name: /test/data/treeTest/testDocBuffer.txt/=FD03AC/=00C8 num 200 verified? true, content: l4s8o08k1i6bdcubg79t5k8d0x4er8hfijbaj5slv6l9gi20c1
Block name: /test/data/treeTest/testDocBuffer.txt/=FD03AC/=00012C num 300 verified? true, content: 2bf5ek8bd88p0uc8pwlkitwrhro1feawhtqw9kw9pg48scf8onq
Block name: /test/data/treeTest/testDocBuffer.txt/=FD03AC/=000190 num 400 verified? true, content: 11ue0qso06of7hpl592dw937unbxkwwixp4uuupx22thuob471v
Constructed tree of numleaves: 427 max pathlength: 9
Block name: /test/data/treeTest/testDocBuffer.txt/=FD022F/=00 num 0 verified? true, content: 2awl7p2rnx1307er26nndvxir7wqstthtjnvlwp1e7al4wilccr
Block name: /test/data/treeTest/testDocBuffer.txt/=FD022F/=0064 num 100 verified? true, content: 8krh3ge5ffwrhsfvlq9fqg60etf14k01bwb0t3qejsdp1fg3ol
Block name: /test/data/treeTest/testDocBuffer.txt/=FD022F/=00C8 num 200 verified? true, content: 187m0ffnl43n1og6h1u9khd1ui66cjp9tb6n7sm6e03s1pupqm7
Block name: /test/data/treeTest/testDocBuffer.txt/=FD022F/=00012C num 300 verified? true, content: 64ju1lq0axi6elstui9iqot11bvgu9vbsl21khj1axqk0216e6
Block name: /test/data/treeTest/testDocBuffer.txt/=FD022F/=000190 num 400 verified? true, content: r8t8e3l64dosobqi5xstl73lmupuudon20ieln9lnn53r2g2us
Constructed tree of numleaves: 428 max pathlength: 9
Block name: /test/data/treeTest/testDocBuffer.txt/=FD029F/=00 num 0 verified? true, content: tiffvj6rxrwkflkmd4pegqs49dm4c5t1gsinki6991gvrtuohq
Block name: /test/data/treeTest/testDocBuffer.txt/=FD029F/=0064 num 100 verified? true, content: 1mu5qwdv5alb968bmgbm6urqxtxjngadrphgik2hc18v45176ci
Block name: /test/data/treeTest/testDocBuffer.txt/=FD029F/=00C8 num 200 verified? true, content: 1okvw17f3tgk4son96t9fiq5b3geej5ev7a6sdndmfxu8lluf37
Block name: /test/data/treeTest/testDocBuffer.txt/=FD029F/=00012C num 300 verified? true, content: 31gfrlhp22c7okn4k7soujuffuahpl7kfxl3ejigl02q2h8aglq
Block name: /test/data/treeTest/testDocBuffer.txt/=FD029F/=000190 num 400 verified? true, content: 4klkxbjvvhghmsjw4k9t9gllju2i6hwgkbwi0uffb2religh6c
Constructed tree of numleaves: 429 max pathlength: 9
Block name: /test/data/treeTest/testDocBuffer.txt/=FD0136/=00 num 0 verified? true, content: 2ouh1lhfovvvv266qtc22i5xh32q9ps206sud2d3mlrhmsxivp0
Block name: /test/data/treeTest/testDocBuffer.txt/=FD0136/=0064 num 100 verified? true, content: 28j33ssx41ahptm9a2jpnxkbm4957a4otp7or7e0vf7n7m8hv23
Block name: /test/data/treeTest/testDocBuffer.txt/=FD0136/=00C8 num 200 verified? true, content: m790it412huev3cecs3lwpuwwldmkjrd3ex0ovpmrcp2c2niw4
Block name: /test/data/treeTest/testDocBuffer.txt/=FD0136/=00012C num 300 verified? true, content: 9wnm6jt2ejo29iglfenl0r76muk9kbwu86ue39um18k4osuxdo
Block name: /test/data/treeTest/testDocBuffer.txt/=FD0136/=000190 num 400 verified? true, content: 1d805914n66g266d3uqsj57llfh7lqs6et4cwnbh3767b9ho249
Constructed tree of numleaves: 430 max pathlength: 9
Block name: /test/data/treeTest/testDocBuffer.txt/=FD0117/=00 num 0 verified? true, content: 1feb03cidwo8tn8pkfn5armtc8awtjvvohv5cw6viv4kp4rr9uh
Block name: /test/data/treeTest/testDocBuffer.txt/=FD0117/=0064 num 100 verified? true, content: 232co89cqv7cdlkekl2umd5e84jvh2qhbudwb0826d5rce6ufhf
Block name: /test/data/treeTest/testDocBuffer.txt/=FD0117/=00C8 num 200 verified? true, content: 1kab8e0tpsc6a4crisd1p8fje6aa1fss2ne04pu7qjonjbtk5va
Block name: /test/data/treeTest/testDocBuffer.txt/=FD0117/=00012C num 300 verified? true, content: 2bpaug9munqcorfetggfj2brb63i2mjowjpfg5ejigmppedolp0
Block name: /test/data/treeTest/testDocBuffer.txt/=FD0117/=000190 num 400 verified? true, content: vmuaidb3j56awvs78lafmjwb7rk3bjmr9qiqi46jbp5kd2ol5e
Constructed tree of numleaves: 431 max pathlength: 9
Block name: /test/data/treeTest/testDocBuffer.txt/=FD033F/=00 num 0 verified? true, content: 20u8fjrwr8677nhvgvn0cj3hidkn5637ceqk7667x5h9b3wpj6s
Block name: /test/data/treeTest/testDocBuffer.txt/=FD033F/=0064 num 100 verified? true, content: 1jkobdgiisnxabkxnbg1ckqkx59x1govdph5pigwdldw17l3tc4
Block name: /test/data/treeTest/testDocBuffer.txt/=FD033F/=00C8 num 200 verified? true, content: 2kunj7p0ljahjxl89wo3kb69weulwkw54oj4jrkpi2d4jba9bx8
Block name: /test/data/treeTest/testDocBuffer.txt/=FD033F/=00012C num 300 verified? true, content: 1lpi3dvqexkb7ccb1fj2h6tjku1fd1d926ur57bgcuugcnvamm5
Block name: /test/data/treeTest/testDocBuffer.txt/=FD033F/=000190 num 400 verified? true, content: 2vx3sgpvugprfx0ncfjlbbbhdxqmr7ge19mpv2l41at4853gdsw
Constructed tree of numleaves: 432 max pathlength: 9
Block name: /test/data/treeTest/testDocBuffer.txt/=FD01F2/=00 num 0 verified? true, content: 1459vkd7cp96a8in4tn3j63js1nq7cc957vrps049akqnwaxlqh
Block name: /test/data/treeTest/testDocBuffer.txt/=FD01F2/=0064 num 100 verified? true, content: 1jg61pl5o8qeqvha0nvxg8cuc5mcv405sh2353j9tmdwhp4nq34
Block name: /test/data/treeTest/testDocBuffer.txt/=FD01F2/=00C8 num 200 verified? true, content: 2o8kqsij9x89dbqat5und4injjifvqr05q1ke1i3l7tct0l9p9f
Block name: /test/data/treeTest/testDocBuffer.txt/=FD01F2/=00012C num 300 verified? true, content: 1v1lmfb9t3d4d3gr01bb3i87rr4adqqa5to172pd07fdl78xiu5
Block name: /test/data/treeTest/testDocBuffer.txt/=FD01F2/=000190 num 400 verified? true, content: e665n6qgkin2d6nrid9i6p5iu73nihmpap5eaxc3ldj0re6u6k
Constructed tree of numleaves: 433 max pathlength: 9
Block name: /test/data/treeTest/testDocBuffer.txt/=FD0316/=00 num 0 verified? true, content: qala0jm0e7f2vot2p6hibr90fxj82s1w1kbtml0fg6c39wnsg2
Block name: /test/data/treeTest/testDocBuffer.txt/=FD0316/=0064 num 100 verified? true, content: 17i0tbvp7b98va0guhileel63rsmn63nnpvemcurbv1i8h55aqf
Block name: /test/data/treeTest/testDocBuffer.txt/=FD0316/=00C8 num 200 verified? true, content: ok4rxmoej9oho0vd5nd1pd0anavkq9tw00v7kxsbc0nt289us8
Block name: /test/data/treeTest/testDocBuffer.txt/=FD0316/=00012C num 300 verified? true, content: b32stkmriw8alsbj9cukmkgcovc7jec5qfar2ncmkemr790j30
Block name: /test/data/treeTest/testDocBuffer.txt/=FD0316/=000190 num 400 verified? true, content: 2dkfh7wb9cv9dg6dvmjeoqnj75300avv0vothpwmdfnkcc6cin9
Constructed tree of numleaves: 434 max pathlength: 9
Block name: /test/data/treeTest/testDocBuffer.txt/=FD033B/=00 num 0 verified? true, content: 2jpatuc9kbdcfx30xnh2i7qdaf4k7hamedqnft199tkintfj00l
Block name: /test/data/treeTest/testDocBuffer.txt/=FD033B/=0064 num 100 verified? true, content: 19jfb3ep1qpem3qolwm4jxna3enjjkwmrbwt01rv13lbum9wlb
Block name: /test/data/treeTest/testDocBuffer.txt/=FD033B/=00C8 num 200 verified? true, content: dfdqnkhkdx1l1fiu92nikai693apn97qlqgl9sb2cgib8ai3b9
Block name: /test/data/treeTest/testDocBuffer.txt/=FD033B/=00012C num 300 verified? true, content: 206gcjqk07o79b4mbn5a3rds81oio45cirpx4sv46elx45wqjws
Block name: /test/data/treeTest/testDocBuffer.txt/=FD033B/=000190 num 400 verified? true, content: 1ktm631uj3lseqmnw1ilgjp0scn3hnjv7ni301i5q95nrh5a92x
Constructed tree of numleaves: 435 max pathlength: 9
Block name: /test/data/treeTest/testDocBuffer.txt/=FD50/=00 num 0 verified? true, content: iu3jgext8q3kn5gmtttvfae6ui87feq0a40nbv4j2wr7d9297j
Block name: /test/data/treeTest/testDocBuffer.txt/=FD50/=0064 num 100 verified? true, content: 1wcmsgonqsq7xnudvaxjibi0gpnkwv633upnf1drpjwravb9ll7
Block name: /test/data/treeTest/testDocBuffer.txt/=FD50/=00C8 num 200 verified? true, content: v5ud9n4l9lljp6w8cvsxalaq1fqqou47lccxkh3ltg2ctcm14l
Block name: /test/data/treeTest/testDocBuffer.txt/=FD50/=00012C num 300 verified? true, content: 3gweojh3dqbsj60aqkxra32mmvgju6pc0vwgdr00dxvfnjka8h
Block name: /test/data/treeTest/testDocBuffer.txt/=FD50/=000190 num 400 verified? true, content: xp2i71oln11ejp1c26tmeam1220c7w11kb2977l7tsgkl1prml
Constructed tree of numleaves: 436 max pathlength: 9
Block name: /test/data/treeTest/testDocBuffer.txt/=FD0275/=00 num 0 verified? true, content: 1i6387glg1q44hkjeumob23wgtdmgrmvfq00dfrii8qgqfvehum
Block name: /test/data/treeTest/testDocBuffer.txt/=FD0275/=0064 num 100 verified? true, content: 12ijkmbn660vuvu63hgre3i03j5xowwnoc8bpf1ldflan76q5g4
Block name: /test/data/treeTest/testDocBuffer.txt/=FD0275/=00C8 num 200 verified? true, content: 10s6gik6f2dgh3o7t8d5s7sp8ucr1kv6bid0gvokljot8ufetrr
Block name: /test/data/treeTest/testDocBuffer.txt/=FD0275/=00012C num 300 verified? true, content: 24ks9hna2tg92xkivwgi3un1jnn6m57xoknxsffgojuiu0iuuq3
Block name: /test/data/treeTest/testDocBuffer.txt/=FD0275/=000190 num 400 verified? true, content: 1phvesht39hqghkiem2dc730fk6nj1hl4gp82smaowhgm2qidf6
Constructed tree of numleaves: 437 max pathlength: 9
Block name: /test/data/treeTest/testDocBuffer.txt/=FDEE/=00 num 0 verified? true, content: 32oxg0e58f712vldhcw76vka59339142m332984ltos6blqb5o5
Block name: /test/data/treeTest/testDocBuffer.txt/=FDEE/=0064 num 100 verified? true, content: 2or6tn0t2scrli5jrqvq0bdgvnri0fjvt9hi8ev1u1l754jg3t8
Block name: /test/data/treeTest/testDocBuffer.txt/=FDEE/=00C8 num 200 verified? true, content: 21oansred2pg3krnxql8q2q2clw45bkbg2okstqc6w7nmpah34v
Block name: /test/data/treeTest/testDocBuffer.txt/=FDEE/=00012C num 300 verified? true, content: qdejbh4cq069l6fsmoor42ji4o5elc4m0rud9mne39rx1x2o0k
Block name: /test/data/treeTest/testDocBuffer.txt/=FDEE/=000190 num 400 verified? true, content: 28rbf5vjug46fmhtf1ovvbogx7eg04oa80wvxwfb7n7gdag33e6
Constructed tree of numleaves: 438 max pathlength: 9
Block name: /test/data/treeTest/testDocBuffer.txt/=FD01E9/=00 num 0 verified? true, content: 2v74tegx8xo9gjjbx1llhuslj34n4olhhh5tapxa38i36spd24
Block name: /test/data/treeTest/testDocBuffer.txt/=FD01E9/=0064 num 100 verified? true, content: l4tdtx9ksmoco1393xl5q609x349bqcj8oxwg8qcidex4sdnos
Block name: /test/data/treeTest/testDocBuffer.txt/=FD01E9/=00C8 num 200 verified? true, content: 1aapakisftvm99ei5gbhndadccidvpjcjko05pp3qeh4gpk45j2
Block name: /test/data/treeTest/testDocBuffer.txt/=FD01E9/=00012C num 300 verified? true, content: ni4a1wqbkp0rljd6ffdt19kwb7npjvrotcdggqi9w70taoav34
Block name: /test/data/treeTest/testDocBuffer.txt/=FD01E9/=000190 num 400 verified? true, content: 2c86dfv99q0t1ugl5iafcl5imkaahthgn7xiaug71uwgorpie08
Constructed tree of numleaves: 439 max pathlength: 9
Block name: /test/data/treeTest/testDocBuffer.txt/=FD01A1/=00 num 0 verified? true, content: 1d95kwumearr1c2n03qilgd8hb2i6r5d343w1t3t8fn9pwfapjc
Block name: /test/data/treeTest/testDocBuffer.txt/=FD01A1/=0064 num 100 verified? true, content: 32fpgmbk5fb7uexkp2vnftjhj4iql61c01c5d8r5t5ekcl47ik5
Block name: /test/data/treeTest/testDocBuffer.txt/=FD01A1/=00C8 num 200 verified? true, content: 2t3r1ageolcmdhhf6to73563b3gv5opdjp8ufgl99o4oasts5gs
Block name: /test/data/treeTest/testDocBuffer.txt/=FD01A1/=00012C num 300 verified? true, content: 1c7ngdssnjs3re1ogqbrhmdxi1f6jxh3qt1c9xuhqa8aedc5hwp
Block name: /test/data/treeTest/testDocBuffer.txt/=FD01A1/=000190 num 400 verified? true, content: 2s2a139i6pnb71pvemh5etejb4c2acjv3q4736v5wr2bx24bvhm
Constructed tree of numleaves: 440 max pathlength: 9
Block name: /test/data/treeTest/testDocBuffer.txt/=FD0329/=00 num 0 verified? true, content: 112cfchnn7thgg9xutf36ewlj20serjx7auo5vjdic5ev9c0dp5
Block name: /test/data/treeTest/testDocBuffer.txt/=FD0329/=0064 num 100 verified? true, content: 27ljw5u2gm4hgpll52h32uto67km0k29nf4xw9eutquaxpvfkue
Block name: /test/data/treeTest/testDocBuffer.txt/=FD0329/=00C8 num 200 verified? true, content: 1np6vkium7hh26hirmoi6ufbwvljjgu7c6jja8uptkgx0i5bba6
Block name: /test/data/treeTest/testDocBuffer.txt/=FD0329/=00012C num 300 verified? true, content: 2rlqqce9svxrth6kftv5f7j67il1ex4lux3orck53pl1gi48qxi
Block name: /test/data/treeTest/testDocBuffer.txt/=FD0329/=000190 num 400 verified? true, content: 2hsa6n4k7q364o7894wbq4s2xod318h2jtc8lx8f638kkmhujk4
Constructed tree of numleaves: 441 max pathlength: 9
Block name: /test/data/treeTest/testDocBuffer.txt/=FD011D/=00 num 0 verified? true, content: ihbw70fhi0kka1rkdhio7i8c69s04ituesma1c9n5in5vk78f3
Block name: /test/data/treeTest/testDocBuffer.txt/=FD011D/=0064 num 100 verified? true, content: vsb4d9b0n7j8to14jsgicdolhiusibnef80vf4pa4ts22s8kmo
Block name: /test/data/treeTest/testDocBuffer.txt/=FD011D/=00C8 num 200 verified? true, content: 2de7qmo0hgatdc3hwwfnlgensetxqk1phipio6bxhdk9lm9qlcu
Block name: /test/data/treeTest/testDocBuffer.txt/=FD011D/=00012C num 300 verified? true, content: 3qxxouffo99xhma3gqlrkp77hpjgeprn9mmhmx5k8tie8iqwku
Block name: /test/data/treeTest/testDocBuffer.txt/=FD011D/=000190 num 400 verified? true, content: 21wwnvnf2jmcm9ihoexu8gl7pkob3m5ap76sw61f20ujexpqfh9
Constructed tree of numleaves: 442 max pathlength: 9
Block name: /test/data/treeTest/testDocBuffer.txt/=FD0116/=00 num 0 verified? true, content: 1f2pju8qgbs47ra7a501ai2rrn4b8w3xg657a4r8rj1jsean437
Block name: /test/data/treeTest/testDocBuffer.txt/=FD0116/=0064 num 100 verified? true, content: 2wlcxjha0osfadjnpixrndlv07mq1iln7sohhicids899r0r3wc
Block name: /test/data/treeTest/testDocBuffer.txt/=FD0116/=00C8 num 200 verified? true, content: 25qcxx5i1u22tgpeopidibvd8l0wk02glvf9gqq9d7af7916wej
Block name: /test/data/treeTest/testDocBuffer.txt/=FD0116/=00012C num 300 verified? true, content: 32hpb4ij3n8n0c882u9lfdhoxqt10iuj3wa7q8nig3kwa1t5iw3
Block name: /test/data/treeTest/testDocBuffer.txt/=FD0116/=000190 num 400 verified? true, content: 20axibga6v0uvccgg8r8refsetodclv7ebhchv9br75io3jfm68
Constructed tree of numleaves: 443 max pathlength: 9
Block name: /test/data/treeTest/testDocBuffer.txt/=FD01F7/=00 num 0 verified? true, content: 1wrjui11n4jxgvrvjhx6b1vj16d77vr4rolil8ektfrm37pv4u7
Block name: /test/data/treeTest/testDocBuffer.txt/=FD01F7/=0064 num 100 verified? true, content: qh73j2mivj7fe69p6v3oijrnvo995884r3ijxtli825muoasjw
Block name: /test/data/treeTest/testDocBuffer.txt/=FD01F7/=00C8 num 200 verified? true, content: 1imuguq6x2qj5370w4scin1g6qvaeh41bom7452cbf4gvb275fd
Block name: /test/data/treeTest/testDocBuffer.txt/=FD01F7/=00012C num 300 verified? true, content: 143lk2oo9fr6wx93lit8hv8dq4xupmh0rqaxkdbw9kecp4pd2vw
Block name: /test/data/treeTest/testDocBuffer.txt/=FD01F7/=000190 num 400 verified? true, content: 2a3j13b8khv2nonhi1rwkkcuo484dqofpef395vx7b715buo4ct
Constructed tree of numleaves: 444 max pathlength: 9
Block name: /test/data/treeTest/testDocBuffer.txt/=FD0134/=00 num 0 verified? true, content: 2gbk12mhe8ujquifm8f335vj86kigp8ieasjn28u3n3l1gpk375
Block name: /test/data/treeTest/testDocBuffer.txt/=FD0134/=0064 num 100 verified? true, content: 2hft2xpn3oxhtx8hgmxmdtoswd6tj6k4k2plvmtrbaamf3oinsh
Block name: /test/data/treeTest/testDocBuffer.txt/=FD0134/=00C8 num 200 verified? true, content: 1cbtn8g1wlme6kcsd3avlldwl3d94xqi5cjh95unaoeqee0lsbl
Block name: /test/data/treeTest/testDocBuffer.txt/=FD0134/=00012C num 300 verified? true, content: 1w9rtisjh7moma2apk5ag23vjioxmumli4p04wtxtpi5br7s0ub
Block name: /test/data/treeTest/testDocBuffer.txt/=FD0134/=000190 num 400 verified? true, content: 185x26fw79lxxi4exqus127h984krgwlfjnpp0lbo1k9sqx12va
Constructed tree of numleaves: 445 max pathlength: 9
Block name: /test/data/treeTest/testDocBuffer.txt/=FD03B8/=00 num 0 verified? true, content: 2c7kfi3goq19pw5jaw1evrfe0cg7227af1g175fv4qrq2kxe312
Block name: /test/data/treeTest/testDocBuffer.txt/=FD03B8/=0064 num 100 verified? true, content: 6goks12u8ltogd8c5h7rgi9sahbpxl31burhske9p31p49hch1
Block name: /test/data/treeTest/testDocBuffer.txt/=FD03B8/=00C8 num 200 verified? true, content: 28kpaol9rw9hq2he23p9bgi6nkgopnklwnsa9wmi435ftl5wp5k
Block name: /test/data/treeTest/testDocBuffer.txt/=FD03B8/=00012C num 300 verified? true, content: 1hskdrdvjm9utfqwdctbca1id01cd3uf71h43ioxiinq9f687fu
Block name: /test/data/treeTest/testDocBuffer.txt/=FD03B8/=000190 num 400 verified? true, content: 1vu7ooijmufr9e6pnakghe1glrac2atkve7x57gf2rknjsr942v
Constructed tree of numleaves: 446 max pathlength: 9
Block name: /test/data/treeTest/testDocBuffer.txt/=FD026B/=00 num 0 verified? true, content: 1v992x23v90jg476abbmouocde56wfkwkp81jlsgl9rosbhu5t4
Block name: /test/data/treeTest/testDocBuffer.txt/=FD026B/=0064 num 100 verified? true, content: bnpss1bqtnh9cnpglkr8qv3wgdanhg4hlk7ohxxmctltmlh6sk
Block name: /test/data/treeTest/testDocBuffer.txt/=FD026B/=00C8 num 200 verified? true, content: 2f765d9s67ngwkpftqp2la99ecci1elgl43tx5x5kuixsr4wp85
Block name: /test/data/treeTest/testDocBuffer.txt/=FD026B/=00012C num 300 verified? true, content: 2f77dqmu9tee81fm4bu9ts1aviosmcqvl7jnbo99wjuvvika39m
Block name: /test/data/treeTest/testDocBuffer.txt/=FD026B/=000190 num 400 verified? true, content: 25139m550i87xb0g7gqvx5mlldv34fgsvh61lmg34c1m7ddhp5o
Constructed tree of numleaves: 447 max pathlength: 9
Block name: /test/data/treeTest/testDocBuffer.txt/=FD5B/=00 num 0 verified? true, content: hgr4whge6v2kijk1p29vkcb413f78mkkt2f970slk6r4uknveb
Block name: /test/data/treeTest/testDocBuffer.txt/=FD5B/=0064 num 100 verified? true, content: 2m8vp9r803d17ooa0xosjr1akg50vr7e098n05hj5m9agjkrtmi
Block name: /test/data/treeTest/testDocBuffer.txt/=FD5B/=00C8 num 200 verified? true, content: s60r5cbcgjhd9np66emt8drra8vdi6b2vnc4n7i0dc42s1ire
Block name: /test/data/treeTest/testDocBuffer.txt/=FD5B/=00012C num 300 verified? true, content: 2akl8e65c0p33r2f0bp68gs8cawblvge0oq3x43au47huqcdpgc
Block name: /test/data/treeTest/testDocBuffer.txt/=FD5B/=000190 num 400 verified? true, content: 2wbper25f26oqbei10ivn8gpt78u7tb8xs5issqe5k5ehjn5t23
Constructed tree of numleaves: 448 max pathlength: 9
Block name: /test/data/treeTest/testDocBuffer.txt/=FD03C5/=00 num 0 verified? true, content: 2sd7fnrc5xo7rattam1x4fn6ggh8sflvmlo9kbjxnqxma2f15bp
Block name: /test/data/treeTest/testDocBuffer.txt/=FD03C5/=0064 num 100 verified? true, content: 119gqop0jq2ps99i6hos2du3avcfu5f2sde8xshmcxffckknokv
Block name: /test/data/treeTest/testDocBuffer.txt/=FD03C5/=00C8 num 200 verified? true, content: uuj24aijlolpsl0ho65r3qmejpxgqiib1imkckn0c0xsgj8m3g
Block name: /test/data/treeTest/testDocBuffer.txt/=FD03C5/=00012C num 300 verified? true, content: 1p61pd6ppg48l3sbkh7jgj1xnks11b4veqme74vdj085e255d2x
Block name: /test/data/treeTest/testDocBuffer.txt/=FD03C5/=000190 num 400 verified? true, content: 2tscdh533idh9oi87bfisct5j420crr7vg6usw6q09xj9oe5k3u
Constructed tree of numleaves: 449 max pathlength: 9
Block name: /test/data/treeTest/testDocBuffer.txt/=FD02EF/=00 num 0 verified? true, content: b0fc9ggwo2giije4xm0kcjgmlpjv14p7irpi0n91w5fcfl3b90
Block name: /test/data/treeTest/testDocBuffer.txt/=FD02EF/=0064 num 100 verified? true, content: p6s3k0gsve099vxl25p41kthqescjf017rr5hq880676421795
Block name: /test/data/treeTest/testDocBuffer.txt/=FD02EF/=00C8 num 200 verified? true, content: 2l2xwtd3qqd7x0mxu9krumi55fdltflkma81jdfixjma8vubt86
Block name: /test/data/treeTest/testDocBuffer.txt/=FD02EF/=00012C num 300 verified? true, content: 2etc1m5jg89v4nhgxd82wga9p67kt9dm192j244v9j6hwelii9
Block name: /test/data/treeTest/testDocBuffer.txt/=FD02EF/=000190 num 400 verified? true, content: f018ncm9d3bdxsiuwhtrqqof87l70td28k5cgd9ii8xvr9do65
Constructed tree of numleaves: 450 max pathlength: 9
Block name: /test/data/treeTest/testDocBuffer.txt/=FD57/=00 num 0 verified? true, content: 1ophn5gffdlfd4o20sl4arivar8cpn9axnnexwxjx1hkke0ct8d
Block name: /test/data/treeTest/testDocBuffer.txt/=FD57/=0064 num 100 verified? true, content: 2io4hlco111mpvogrmumx8wdix5sodhdmrurul9ua3di05u5eeu
Block name: /test/data/treeTest/testDocBuffer.txt/=FD57/=00C8 num 200 verified? true, content: 1riumntgmfp2ife257fnx1a587mcl35bns056j4j91clxpux7be
Block name: /test/data/treeTest/testDocBuffer.txt/=FD57/=00012C num 300 verified? true, content: 1364ac1lmpvmokm5o2ojcr2bi4j5q4gqji7mrutjhcqbjbsm4k4
Block name: /test/data/treeTest/testDocBuffer.txt/=FD57/=000190 num 400 verified? true, content: 1cxlxt1jdwia579p9u4jctks4dto00m3ndbkkivxurrellohjc6
Constructed tree of numleaves: 451 max pathlength: 9
Block name: /test/data/treeTest/testDocBuffer.txt/=FDC1/=00 num 0 verified? true, content: 7s7tv77n55wlie04011l78cu43073fa9h66igwtk69rvnn3u98
Block name: /test/data/treeTest/testDocBuffer.txt/=FDC1/=0064 num 100 verified? true, content: 25t3fm5kbtcq7nc4rjanbcqnuxv13cgrh3lxp5thl5fu1c23ke1
Block name: /test/data/treeTest/testDocBuffer.txt/=FDC1/=00C8 num 200 verified? true, content: 2g1tcki8fh9kuw9mt5nevxf9kxttqkkfco609nunj0x03vxi1dx
Block name: /test/data/treeTest/testDocBuffer.txt/=FDC1/=00012C num 300 verified? true, content: 2qpgoax605n4orr96g9kuas4idn6mu1jhoeq8sav8mi3p40pw1d
Block name: /test/data/treeTest/testDocBuffer.txt/=FDC1/=000190 num 400 verified? true, content: 1rva3lpurvrm4hlp69dujflmrqw256xlso2moasl59cmqhut5b5
Constructed tree of numleaves: 452 max pathlength: 9
Block name: /test/data/treeTest/testDocBuffer.txt/=FD02CE/=00 num 0 verified? true, content: 1va2ohf7eqamk9gskactr3et074mkp2hwwqck89i00cws2mahwp
Block name: /test/data/treeTest/testDocBuffer.txt/=FD02CE/=0064 num 100 verified? true, content: tiocj9t38tb5mrpfbo0grt915a0ll3ugdi0d6gvsv3t7ok8cqb
Block name: /test/data/treeTest/testDocBuffer.txt/=FD02CE/=00C8 num 200 verified? true, content: 27ge308pfw20x0mtrv2skxbx397wrmbki0hq4w553rvgq7j7wjx
Block name: /test/data/treeTest/testDocBuffer.txt/=FD02CE/=00012C num 300 verified? true, content: 1x11ankask275s88l08tu8nc8mgp3bcfn3f4son2r3c19wp5ami
Block name: /test/data/treeTest/testDocBuffer.txt/=FD02CE/=000190 num 400 verified? true, content: gs6id5pmomife2q3ct870ajpfqbpdeiror4hcrpujdp6hsmtub
Constructed tree of numleaves: 453 max pathlength: 9
Block name: /test/data/treeTest/testDocBuffer.txt/=FD03D0/=00 num 0 verified? true, content: 2uide544g6pd0jqo1dxwj3uqhsbmb72ob43enj87outan84no3p
Block name: /test/data/treeTest/testDocBuffer.txt/=FD03D0/=0064 num 100 verified? true, content: ax0e1oo3djbeiqg1rwk1it2t46fcdgscrna0dng6c2gtm6qg96
Block name: /test/data/treeTest/testDocBuffer.txt/=FD03D0/=00C8 num 200 verified? true, content: 22eb9v5oo1ijr9a16v7rhgf82r4rtrjo8m8jovxuv77ewa2xiv0
Block name: /test/data/treeTest/testDocBuffer.txt/=FD03D0/=00012C num 300 verified? true, content: 12v5rsanmevfquucgl91mi5b0kbce9mt29alde9xnnj6tlaiqrk
Block name: /test/data/treeTest/testDocBuffer.txt/=FD03D0/=000190 num 400 verified? true, content: 2763twssghiuhbv7lcs66jkrm4ohwj7bm0501q9t85enasgs7vn
Constructed tree of numleaves: 454 max pathlength: 9
Block name: /test/data/treeTest/testDocBuffer.txt/=FD01E8/=00 num 0 verified? true, content: 1g921fq0bnwu6xish1wo4oxhnla36gomnc9qnxan3smg0t15l5g
Block name: /test/data/treeTest/testDocBuffer.txt/=FD01E8/=0064 num 100 verified? true, content: 1w4ftatn9rrqsqm0wtewm1c1aatjarsr7pu90bi2hk5t6sxf75l
Block name: /test/data/treeTest/testDocBuffer.txt/=FD01E8/=00C8 num 200 verified? true, content: 8khx9aoi708r023bgfuik0ke1badvr1ou2lckm6t0612ixiham
Block name: /test/data/treeTest/testDocBuffer.txt/=FD01E8/=00012C num 300 verified? true, content: 2edt9dl0qng2mhn7b47kc0046frxs64w3ei7i2vp3rpe77dpj3u
Block name: /test/data/treeTest/testDocBuffer.txt/=FD01E8/=000190 num 400 verified? true, content: 8ldr9nfggr94hi2wwtnk9iaq60mqk7dleg2ncdshx8xxgqb5bj
Constructed tree of numleaves: 455 max pathlength: 9
Block name: /test/data/treeTest/testDocBuffer.txt/=FD01BF/=00 num 0 verified? true, content: m43atnpsni0jin2sjhau2aiknjwririw68f6k5w7sja65jbg96
Block name: /test/data/treeTest/testDocBuffer.txt/=FD01BF/=0064 num 100 verified? true, content: ju4i7j5wwns6ok39blvkd9amhf6obtg425v5p7pg402jp9rcgp
Block name: /test/data/treeTest/testDocBuffer.txt/=FD01BF/=00C8 num 200 verified? true, content: 2t9nmd479gpu12n9heatl9vbqnh8we59np5me6jdo26v1vf58pc
Block name: /test/data/treeTest/testDocBuffer.txt/=FD01BF/=00012C num 300 verified? true, content: 6wxus9g15l5ee5ln4lejcq5ugb2c27r24u7pv514munh3mjpvp
Block name: /test/data/treeTest/testDocBuffer.txt/=FD01BF/=000190 num 400 verified? true, content: 30r5q9uei1krfnqjgkanlnrj4aixjcke53ltjotri3wo9ii6k6x
Constructed tree of numleaves: 456 max pathlength: 9
Block name: /test/data/treeTest/testDocBuffer.txt/=FD0211/=00 num 0 verified? true, content: 2oes5o97shhvchgxac2lsg7ocmw1gloi78uk861q00592imd1wn
Block name: /test/data/treeTest/testDocBuffer.txt/=FD0211/=0064 num 100 verified? true, content: 1lmaefp0vm4gfof8csxhq7388qqin4suashcro8sx8rx4bdup23
Block name: /test/data/treeTest/testDocBuffer.txt/=FD0211/=00C8 num 200 verified? true, content: 1cac88rplguh54ku9xe19ir0dilu9fa729recdrimg8w00g8tdg
Block name: /test/data/treeTest/testDocBuffer.txt/=FD0211/=00012C num 300 verified? true, content: 1lo5nj87d1vle69txplmfb050ibtmbmmdwkal64wehdh0ewnans
Block name: /test/data/treeTest/testDocBuffer.txt/=FD0211/=000190 num 400 verified? true, content: 19tjkagja7675b394qhvd8ul9rwtq0ve9i1snwe719a70ml8fmg
Constructed tree of numleaves: 457 max pathlength: 9
Block name: /test/data/treeTest/testDocBuffer.txt/=FD0208/=00 num 0 verified? true, content: 2t8p10fphg6vjmg8ax9r6kj5ec471vqmdcs546ramp8k1vch710
Block name: /test/data/treeTest/testDocBuffer.txt/=FD0208/=0064 num 100 verified? true, content: 1t61nc2th9r2k8s4gx8u7f1jnhgv57fbw42aedxpah71nfg86tq
Block name: /test/data/treeTest/testDocBuffer.txt/=FD0208/=00C8 num 200 verified? true, content: 1hjeban3j9g7e8ka6mqq2k193buu2v2b1ibqwisnvpcfufcdxb7
Block name: /test/data/treeTest/testDocBuffer.txt/=FD0208/=00012C num 300 verified? true, content: 1t16l1gwv7slrp7ggpi1fjqdc7dl9cp6wddpbxlif83biectq5f
Block name: /test/data/treeTest/testDocBuffer.txt/=FD0208/=000190 num 400 verified? true, content: unr1chml5axa6gf8h6rxpor3iu67t4ebp9f6gsh2ip51o5qpjl
Constructed tree of numleaves: 458 max pathlength: 9
Block name: /test/data/treeTest/testDocBuffer.txt/=FD0383/=00 num 0 verified? true, content: 1k2bodq6dhxccu1n4512iqn0m4o01lp4j8vm7ekxug87vdsgci5
Block name: /test/data/treeTest/testDocBuffer.txt/=FD0383/=0064 num 100 verified? true, content: 1wdhxdemh8mivmkt5juegqoqmb7crsw1fridilsr4sjvs4bvaof
Block name: /test/data/treeTest/testDocBuffer.txt/=FD0383/=00C8 num 200 verified? true, content: 5k96wjh00haasutx7ovh5japqnqq2pbpd2ro75qnlgc7e4g25o
Block name: /test/data/treeTest/testDocBuffer.txt/=FD0383/=00012C num 300 verified? true, content: 30g1hk61gh435mqwgltlkwh782po7pknraut5o1qihesfj54pg9
Block name: /test/data/treeTest/testDocBuffer.txt/=FD0383/=000190 num 400 verified? true, content: 2psnqunv0msr5fu45ggwgvfk7166cavlh175012dunvic9fu6nk
Constructed tree of numleaves: 459 max pathlength: 9
Block name: /test/data/treeTest/testDocBuffer.txt/=FDDF/=00 num 0 verified? true, content: 13i7qpv40aeid6bvmx7xw1n1hws1p4ql6p5lsj09hdwntgs0ajv
Block name: /test/data/treeTest/testDocBuffer.txt/=FDDF/=0064 num 100 verified? true, content: 17pqba1wpconxxe1r9637rwiqmjhcp59hbosmhsmtwijidlvhfs
Block name: /test/data/treeTest/testDocBuffer.txt/=FDDF/=00C8 num 200 verified? true, content: 236dt73rsq34j6p6xx9e1x4l259brpmxtpaqa2lw6d8xbq291a6
Block name: /test/data/treeTest/testDocBuffer.txt/=FDDF/=00012C num 300 verified? true, content: 2f9f5mqk1d9k6pha0vncs7psp39m49q2bmlm4mmfq9gbhnfgq91
Block name: /test/data/treeTest/testDocBuffer.txt/=FDDF/=000190 num 400 verified? true, content: 1eotgp2axw2fhcexprfwt0wk41wj87v0hb7mfa5bog6d003lfpe
Constructed tree of numleaves: 460 max pathlength: 9
Block name: /test/data/treeTest/testDocBuffer.txt/=FD03D2/=00 num 0 verified? true, content: 2m8xo10g3a267qa9qddhs2dd25cwn9kds3toi5gnrcuqxxj4cl9
Block name: /test/data/treeTest/testDocBuffer.txt/=FD03D2/=0064 num 100 verified? true, content: 2b2x88q5lj5dsvc37leqfmt4h0ta5vdqaescjtsuwjbsuharg5p
Block name: /test/data/treeTest/testDocBuffer.txt/=FD03D2/=00C8 num 200 verified? true, content: 1rt0is3ertcwsith9vrfv6d49i9ipxgv9gfvtjk2ceghhl0nvv1
Block name: /test/data/treeTest/testDocBuffer.txt/=FD03D2/=00012C num 300 verified? true, content: 13lbija1d8fhtk0biafn3omls4h0peovs8gfnov5ualsd471k5i
Block name: /test/data/treeTest/testDocBuffer.txt/=FD03D2/=000190 num 400 verified? true, content: bdp1g5smt83h17pdug8wl7ins6vkjl979elt1uj4qbsx6waa1x
Constructed tree of numleaves: 461 max pathlength: 9
Block name: /test/data/treeTest/testDocBuffer.txt/=FDF1/=00 num 0 verified? true, content: 2vp980msmr3pp4lprx475com98foe9oi9ao4ltkl9lfk672eitm
Block name: /test/data/treeTest/testDocBuffer.txt/=FDF1/=0064 num 100 verified? true, content: gsd1160t6wq6rqcla1vvl4gjhv4x98r9qotjskb7sbcu2odl0m
Block name: /test/data/treeTest/testDocBuffer.txt/=FDF1/=00C8 num 200 verified? true, content: 31nx3utqkamq0894ww2cbmngulqqvd3rsxgm0v4spme1clnw08w
Block name: /test/data/treeTest/testDocBuffer.txt/=FDF1/=00012C num 300 verified? true, content: 2vmdps9wngpw1on44nfo5k6kpi648qtvbqmkl68umnlrtaojh70
Block name: /test/data/treeTest/testDocBuffer.txt/=FDF1/=000190 num 400 verified? true, content: fkfoexqw70pe4btr6ondnx752otf088qn5vwpa4wbquqsscepd
Constructed tree of numleaves: 462 max pathlength: 9
Block name: /test/data/treeTest/testDocBuffer.txt/=FDBF/=00 num 0 verified? true, content: 2egqd6nr1knh74elbbuvadtbi2ro8me3ldb66esfr9h46gup1kg
Block name: /test/data/treeTest/testDocBuffer.txt/=FDBF/=0064 num 100 verified? true, content: 2avb16kcj8wo1qwa6u3kkuj1trcwv8fwdt1lm82kr1sen2jouer
Block name: /test/data/treeTest/testDocBuffer.txt/=FDBF/=00C8 num 200 verified? true, content: 1mspiwnur85o6ves0hg3agbdwsl7q5ejtng9j275uka329wrltt
Block name: /test/data/treeTest/testDocBuffer.txt/=FDBF/=00012C num 300 verified? true, content: 2dk1jqm86uhj0jipnb7j038o41m24ckirflks3nsok3rgiwvvx
Block name: /test/data/treeTest/testDocBuffer.txt/=FDBF/=000190 num 400 verified? true, content: l4dtjvsg34wjclku4ji1dse7v1gsd263j34d4se8wkne4o67x5
Constructed tree of numleaves: 463 max pathlength: 9
Block name: /test/data/treeTest/testDocBuffer.txt/=FD03DD/=00 num 0 verified? true, content: 31rafdpl52hq7se5j0grk8o2csva29cq2obmmsm1o69l45ijdct
Block name: /test/data/treeTest/testDocBuffer.txt/=FD03DD/=0064 num 100 verified? true, content: gug15d0v2rnkhhafo25pefo2pqb37vwemxhcevhldxwmel4hlv
Block name: /test/data/treeTest/testDocBuffer.txt/=FD03DD/=00C8 num 200 verified? true, content: 15s4xnian3imchsrlkuomivx2p9mmt5gb0qxn90kjwhp271hdiq
Block name: /test/data/treeTest/testDocBuffer.txt/=FD03DD/=00012C num 300 verified? true, content: 320dgfb8t2kjktsk2vspb9h61jf657rnex4r3icggxmi2iv1fnd
Block name: /test/data/treeTest/testDocBuffer.txt/=FD03DD/=000190 num 400 verified? true, content: 1mlsikmlt2ihaqts4pbh6g0h6od1i8j6v47lrtdb6b3flvr7tf7
Constructed tree of numleaves: 464 max pathlength: 9
Block name: /test/data/treeTest/testDocBuffer.txt/=FD011B/=00 num 0 verified? true, content: 1i0381tso52xf74dngnkxsq777rh7mbco1pupaxu9gtbo4m4lem
Block name: /test/data/treeTest/testDocBuffer.txt/=FD011B/=0064 num 100 verified? true, content: 2tmhp4w2u8k0r5qcp4rbhxkxheft0o76enswhq48spjwai1j1fn
Block name: /test/data/treeTest/testDocBuffer.txt/=FD011B/=00C8 num 200 verified? true, content: 19fdupk0phq7hejdqvwrtbln73ew7w1flon5wxcoefvpoo3eag3
Block name: /test/data/treeTest/testDocBuffer.txt/=FD011B/=00012C num 300 verified? true, content: iafeo5bgvrrhv8nri1ftsljjop5ds4g4igl26lhbukseomln2w
Block name: /test/data/treeTest/testDocBuffer.txt/=FD011B/=000190 num 400 verified? true, content: qmxpepnh2b8qdcu29aht34u2e3fkjc0ndm585rmuq8co90b80v
Constructed tree of numleaves: 465 max pathlength: 9
Block name: /test/data/treeTest/testDocBuffer.txt/=FD4C/=00 num 0 verified? true, content: 8t8iju4o8fgvvu13ql0e8d11q75qflwp4wpbkbcind3a72w6w5
Block name: /test/data/treeTest/testDocBuffer.txt/=FD4C/=0064 num 100 verified? true, content: p2h2remofmgnf4fj1j7mmbagtnoqlsixinvrq8bk29civmd403
Block name: /test/data/treeTest/testDocBuffer.txt/=FD4C/=00C8 num 200 verified? true, content: i10ckl3r24g7qh8joug8fpine4grqhgek1k7icn0vbkocdpou6
Block name: /test/data/treeTest/testDocBuffer.txt/=FD4C/=00012C num 300 verified? true, content: 18mkviqh0kdvmv4x59mhtjofg10m0nghnjd3b9sl93s0mlwm2be
Block name: /test/data/treeTest/testDocBuffer.txt/=FD4C/=000190 num 400 verified? true, content: 2jutx4dcfpqvqxjeni7br1qtbe6shgg80rwxk50bin9u96rw0ls
Constructed tree of numleaves: 466 max pathlength: 9
Block name: /test/data/treeTest/testDocBuffer.txt/=FD5F/=00 num 0 verified? true, content: 275wog19lcke89mnasvwen7is0m8mqbd7co31cvi2tfvrd0nd4v
Block name: /test/data/treeTest/testDocBuffer.txt/=FD5F/=0064 num 100 verified? true, content: 101w9w2lvaxvf76ck2mk6tc2sehx2j5vccow4t378ql2dug0ofp
Block name: /test/data/treeTest/testDocBuffer.txt/=FD5F/=00C8 num 200 verified? true, content: 1tx460ppjwkwt5t7qb0kctg2s96esbk5si5hsjorgewjsuch5vo
Block name: /test/data/treeTest/testDocBuffer.txt/=FD5F/=00012C num 300 verified? true, content: 1xmi3h6wbnt22snm4wa238bwfhwoctfs2piq6afnt6f5osm5e7f
Block name: /test/data/treeTest/testDocBuffer.txt/=FD5F/=000190 num 400 verified? true, content: 20ia2hvowc7qets0c79ewpev6gwk8ce8ocfu0ot93bjv3mqa8g0
Constructed tree of numleaves: 467 max pathlength: 9
Block name: /test/data/treeTest/testDocBuffer.txt/=FD0156/=00 num 0 verified? true, content: 82hdes6hsqobr0kkof8rn3wbxc0wnk30j85nosmaio6odvhat0
Block name: /test/data/treeTest/testDocBuffer.txt/=FD0156/=0064 num 100 verified? true, content: 25s8rw34qf1s0n90ruvglgp3iwfsm0pjt6ev47lg7n2ecaj0ecl
Block name: /test/data/treeTest/testDocBuffer.txt/=FD0156/=00C8 num 200 verified? true, content: saoes5mimp228i1aqoodx04p2cqjd2n3m0diodj9a3pj6r6733
Block name: /test/data/treeTest/testDocBuffer.txt/=FD0156/=00012C num 300 verified? true, content: 2w87vrfp7crspxchenbp5xopp5o5jcqtm18std9v9lwbljndbqa
Block name: /test/data/treeTest/testDocBuffer.txt/=FD0156/=000190 num 400 verified? true, content: 2h4eumtqxgj7gakn1k0tl9nq66uewbs7t4nihwbv5sqdedmab6c
Constructed tree of numleaves: 468 max pathlength: 9
Block name: /test/data/treeTest/testDocBuffer.txt/=FD014B/=00 num 0 verified? true, content: 12rn6hrr6qqm6i54aqurbgr1p4eb9lih4156t00m8w9dmrlwnrm
Block name: /test/data/treeTest/testDocBuffer.txt/=FD014B/=0064 num 100 verified? true, content: 2jwaikgxhghomg7fkvclv8m2mctpuvxbnopf2iialpfkmk6sp73
Block name: /test/data/treeTest/testDocBuffer.txt/=FD014B/=00C8 num 200 verified? true, content: 2o53mv2g4xwjr0did06aoomrv5uu5vs2r1n42vpdbgdls7kuee
Block name: /test/data/treeTest/testDocBuffer.txt/=FD014B/=00012C num 300 verified? true, content: 2oju51x18jgsdr2akgkbsadkh462cdquj26ig7rawc7cp8hqgh1
Block name: /test/data/treeTest/testDocBuffer.txt/=FD014B/=000190 num 400 verified? true, content: 1koa2knsqes6qhjuf0skj3fk30flfm4uugns79m6b77eo1g3d0t
Constructed tree of numleaves: 469 max pathlength: 9
Block name: /test/data/treeTest/testDocBuffer.txt/=FD02C8/=00 num 0 verified? true, content: mddqgbentv07gt66kkxtijn7i9janrbupgwcid9gfgmfu4iwaq
Block name: /test/data/treeTest/testDocBuffer.txt/=FD02C8/=0064 num 100 verified? true, content: dl943m4qgm7uotu1x3245ldgfeqi4hctmv1ml7oi0s13xu3shj
Block name: /test/data/treeTest/testDocBuffer.txt/=FD02C8/=00C8 num 200 verified? true, content: 213t6gi88p8249sn0jdrrd6rqv2t5oekwapk4wnk9w8l39p40c1
Block name: /test/data/treeTest/testDocBuffer.txt/=FD02C8/=00012C num 300 verified? true, content: feakrahqflpgmfib9quveo0cb6nwwou78m1xgik67890sh4ngm
Block name: /test/data/treeTest/testDocBuffer.txt/=FD02C8/=000190 num 400 verified? true, content: 1qxxfhc857oitjetciw3c8fbwfbox62tsxjgo2eje5m1lsvceui
Constructed tree of numleaves: 470 max pathlength: 9
Block name: /test/data/treeTest/testDocBuffer.txt/=FD91/=00 num 0 verified? true, content: 9d1jmdevan29vwd9m0p4vwqoavxfm8d3s9aa90v75lq2rvbj0o
Block name: /test/data/treeTest/testDocBuffer.txt/=FD91/=0064 num 100 verified? true, content: 301tp8vgefrxxonmv8v29bvhdawdc9uddlba4jrk32e990dta70
Block name: /test/data/treeTest/testDocBuffer.txt/=FD91/=00C8 num 200 verified? true, content: 2w4koq21d9b6alvtoa16ierplh44gmfnse6lbonkkgcarq2x6f9
Block name: /test/data/treeTest/testDocBuffer.txt/=FD91/=00012C num 300 verified? true, content: kvf28fg2uj1dk5uxk5w1xc12phn26dkf6ijdb1dipkivexdrnn
Block name: /test/data/treeTest/testDocBuffer.txt/=FD91/=000190 num 400 verified? true, content: 2kp1ebs0b1hpwpubgmju7n75bipjs76r83fvilf9ikwk3v5rg7p
Constructed tree of numleaves: 471 max pathlength: 9
Block name: /test/data/treeTest/testDocBuffer.txt/=FD01BE/=00 num 0 verified? true, content: 1o3niwgvjwq29l39jonq4efngi8v2afp1w5pqgh21o2ocq8i9hl
Block name: /test/data/treeTest/testDocBuffer.txt/=FD01BE/=0064 num 100 verified? true, content: 1snkmc4m3qnrx2jvdj02ipcjxa975tvdot9m3jddr1xk03mwi5p
Block name: /test/data/treeTest/testDocBuffer.txt/=FD01BE/=00C8 num 200 verified? true, content: 24777rqap1991719llt19h4m2u3wu39gb5n6omgnvmphpl8m2f6
Block name: /test/data/treeTest/testDocBuffer.txt/=FD01BE/=00012C num 300 verified? true, content: 12a0wnnu637faxku853d7vinev6ntfedodtf3fhh7lvr1rtaplk
Block name: /test/data/treeTest/testDocBuffer.txt/=FD01BE/=000190 num 400 verified? true, content: fbla3ow19vhu0o24fngqr45b2mo4cxpaok2vkaacb83b7vpq7g
Constructed tree of numleaves: 472 max pathlength: 9
Block name: /test/data/treeTest/testDocBuffer.txt/=FD01AD/=00 num 0 verified? true, content: 2oo3tf19dss0oc004atqo0oovdt33jt81rjb7idwb28826o6m2g
Block name: /test/data/treeTest/testDocBuffer.txt/=FD01AD/=0064 num 100 verified? true, content: 1s1va2ch4nsrnkc93eewtbiifrq85m87vx46eghh5ghpk76ht51
Block name: /test/data/treeTest/testDocBuffer.txt/=FD01AD/=00C8 num 200 verified? true, content: 2q83g3wnvpopwo00a3l4gbvovawool9ao5ksrjcdukrb51erql4
Block name: /test/data/treeTest/testDocBuffer.txt/=FD01AD/=00012C num 300 verified? true, content: 18h1io2ak1lwslxf55vkpdvap5pc9scno9ticw8nppj0tu94259
Block name: /test/data/treeTest/testDocBuffer.txt/=FD01AD/=000190 num 400 verified? true, content: 4ux0cmqjhlt6h1ptnfxwa5kis9w8e4bpxgrnj2wperiuxsfxkm
Constructed tree of numleaves: 473 max pathlength: 9
Block name: /test/data/treeTest/testDocBuffer.txt/=FD0252/=00 num 0 verified? true, content: 21xv3qpek61duw5g786knebioe6j4j7ugpxvvmxgcvo0bsukxxu
Block name: /test/data/treeTest/testDocBuffer.txt/=FD0252/=0064 num 100 verified? true, content: 2s0osxqj04xtslwtb9c8uuncjc0phrfsr5cx86bqashn53mbb9s
Block name: /test/data/treeTest/testDocBuffer.txt/=FD0252/=00C8 num 200 verified? true, content: c30ibvo41oiscjiix1kcxw3jnxjlpqloj72g18agts8fng830i
Block name: /test/data/treeTest/testDocBuffer.txt/=FD0252/=00012C num 300 verified? true, content: jsae7xdhsxc3d4mpp89hj1f7ihcb1gmagfltko6rdbaehvldtn
Block name: /test/data/treeTest/testDocBuffer.txt/=FD0252/=000190 num 400 verified? true, content: 2w14ql90ak7kipavmbp34s8ua54ki3hnt7fbmlj1tcw8b2ub38k
Constructed tree of numleaves: 474 max pathlength: 9
Block name: /test/data/treeTest/testDocBuffer.txt/=FD0396/=00 num 0 verified? true, content: 1awxmljgjjoo4cfd2u0vnhqg2g3rg7b8jt8loqie4mgh1mbnmg6
Block name: /test/data/treeTest/testDocBuffer.txt/=FD0396/=0064 num 100 verified? true, content: 1kjw90enljhpaf6t1m3j3i7h7t7t6g2n0hpaulepmrpa82ek1fl
Block name: /test/data/treeTest/testDocBuffer.txt/=FD0396/=00C8 num 200 verified? true, content: 1eewol6mtq253n97ufus0jjiobsuea70gguej9blfoswq3gjscc
Block name: /test/data/treeTest/testDocBuffer.txt/=FD0396/=00012C num 300 verified? true, content: 2jh43pw5hpvnkht39g69574pqugui7fun8axan5kkdoobxgces9
Block name: /test/data/treeTest/testDocBuffer.txt/=FD0396/=000190 num 400 verified? true, content: 2wrntp20q2gt0e87drd36i8u2b3a0prkxj5t8xvmq321hv9feol
Constructed tree of numleaves: 475 max pathlength: 9
Block name: /test/data/treeTest/testDocBuffer.txt/=FD50/=00 num 0 verified? true, content: v4d7lapwldp105jrp92vtabjxjugc2io72f2c5pegfgnd3xdbs
Block name: /test/data/treeTest/testDocBuffer.txt/=FD50/=0064 num 100 verified? true, content: 2askoekpa0nrprs2o6c85wv1k1nmeiakv8h4jcspwur2531xi11
Block name: /test/data/treeTest/testDocBuffer.txt/=FD50/=00C8 num 200 verified? true, content: 29bk97i7v1ig52w1299ru8dnfb50ebsjgfrhp0162fq0x8ihunm
Block name: /test/data/treeTest/testDocBuffer.txt/=FD50/=00012C num 300 verified? true, content: 2p74hqanxmtnakohcgfd9rt8ra8dgh90k4bp81q7hrnxitdko7a
Block name: /test/data/treeTest/testDocBuffer.txt/=FD50/=000190 num 400 verified? true, content: 364xvpdhxuosra0302xtlqeb9nehfwkvredsvk2rebhagtftbt
Constructed tree of numleaves: 476 max pathlength: 9
Block name: /test/data/treeTest/testDocBuffer.txt/=FD6F/=00 num 0 verified? true, content: 4pwnheqeeo7kq0fdfj6brvwkmm93pcsr2q87x9cq9ag0q2f8qt
Block name: /test/data/treeTest/testDocBuffer.txt/=FD6F/=0064 num 100 verified? true, content: llmilof35v716rl67m7t9u1nktvmrojk0sa7hgmf039fwue9ks
Block name: /test/data/treeTest/testDocBuffer.txt/=FD6F/=00C8 num 200 verified? true, content: 24ms70lwnmxfadugan8vk64nj2vrpr8498p5ssk7dtpss9o9wqj
Block name: /test/data/treeTest/testDocBuffer.txt/=FD6F/=00012C num 300 verified? true, content: 181li05ordpa36gx44vp7mt78n8bmpkf9x6ak4xmfutwpdj72gm
Block name: /test/data/treeTest/testDocBuffer.txt/=FD6F/=000190 num 400 verified? true, content: 9dv8b6li04bm30qqfej4a1q79mafwfqgfnmh1cn0g8sxoaefgm
Constructed tree of numleaves: 477 max pathlength: 9
Block name: /test/data/treeTest/testDocBuffer.txt/=FDF7/=00 num 0 verified? true, content: 162m1gsb94764ccgvp0awstw69fhfvqq8xhcxttb7uxw625r6oj
Block name: /test/data/treeTest/testDocBuffer.txt/=FDF7/=0064 num 100 verified? true, content: fqelwwkg9s05lh986qe7c9s871ud26h2lwb92mgnalmvm53317
Block name: /test/data/treeTest/testDocBuffer.txt/=FDF7/=00C8 num 200 verified? true, content: 14piet3aeii71ncrr8rii9hqx5xe06w6rabswg2bl0rdripu9hi
Block name: /test/data/treeTest/testDocBuffer.txt/=FDF7/=00012C num 300 verified? true, content: 2stsbb1e0wc87gtukt5cgjruoo0wdi168v06t9vtgqsq85vr6b
Block name: /test/data/treeTest/testDocBuffer.txt/=FDF7/=000190 num 400 verified? true, content: s23nen46v4nkal7jsd24h72br3c36k9wcgjh1wmwjpr4pj3dfh
Constructed tree of numleaves: 478 max pathlength: 9
Block name: /test/data/treeTest/testDocBuffer.txt/=FD0369/=00 num 0 verified? true, content: 28tjgvbt47o8g40rqnv2joko84xkn9inshbiv2q5xi980acdv6n
Block name: /test/data/treeTest/testDocBuffer.txt/=FD0369/=0064 num 100 verified? true, content: 2fjpfkemg9tsk7e89amihfi1a9m90450f050wmv2pbcjsbhjpkc
Block name: /test/data/treeTest/testDocBuffer.txt/=FD0369/=00C8 num 200 verified? true, content: v3qjkhj7jtn5gtc9ghx55cq9s554d34eentc46cpj9du6ceaur
Block name: /test/data/treeTest/testDocBuffer.txt/=FD0369/=00012C num 300 verified? true, content: 1qpxvlmh0enadicwdgrckh4xkqx1812k2dx31s3xtobc6p9ofod
Block name: /test/data/treeTest/testDocBuffer.txt/=FD0369/=000190 num 400 verified? true, content: 7rh0ldn8xqq79fb82qbljok92r0xfsvo9fu9mgs6vlifwbjbq3
Constructed tree of numleaves: 479 max pathlength: 9
Block name: /test/data/treeTest/testDocBuffer.txt/=FD0284/=00 num 0 verified? true, content: 2kk0qbsexj1cjjs448aiwlg4b9rp0vuu23j3d2ehjguwowhxmu4
Block name: /test/data/treeTest/testDocBuffer.txt/=FD0284/=0064 num 100 verified? true, content: 2caigbnv884m5f4q4d8rd6ne3fxvw398as5u89mx3nnvr8qxqbr
Block name: /test/data/treeTest/testDocBuffer.txt/=FD0284/=00C8 num 200 verified? true, content: 1qbk9dltbwa52flrkqhg4wkwfqaq36r1uv4b46tsmqs5waac7m0
Block name: /test/data/treeTest/testDocBuffer.txt/=FD0284/=00012C num 300 verified? true, content: 1qvq4jkhb9d7kems913k8mow10dbi59waefhh02vx7bqep4e0es
Block name: /test/data/treeTest/testDocBuffer.txt/=FD0284/=000190 num 400 verified? true, content: dnkjrm45rf2fv61h7lllqpqf9kc9srtkg9b4qeoacifwaku2pk
Constructed tree of numleaves: 480 max pathlength: 9
Block name: /test/data/treeTest/testDocBuffer.txt/=FD033E/=00 num 0 verified? true, content: 1opw5d0vdrahtsxr43idjhiwtoxj08qtjdx4xhkdabhtgk5qot0
Block name: /test/data/treeTest/testDocBuffer.txt/=FD033E/=0064 num 100 verified? true, content: 4fxg132av76146pt13waaxk8huu99lqb19iq5mfs1c1rlimjqs
Block name: /test/data/treeTest/testDocBuffer.txt/=FD033E/=00C8 num 200 verified? true, content: 2wudrbqu4jch6t4ln2a4o73qquglkjtvnrldmh5jua7pm6au8vs
Block name: /test/data/treeTest/testDocBuffer.txt/=FD033E/=00012C num 300 verified? true, content: 2m6pjxf814h7g36j5tshmxw7sc19row5e5oh977xaq4gpgb3il8
Block name: /test/data/treeTest/testDocBuffer.txt/=FD033E/=000190 num 400 verified? true, content: 2bum6qqcw1mdf2u8pnvvqpt9nx8jlobd66bo4a1gas77sgt8qsv
Constructed tree of numleaves: 481 max pathlength: 9
Block name: /test/data/treeTest/testDocBuffer.txt/=FD1F/=00 num 0 verified? true, content: 20ndh9o5ggnmx7v11dea50kcp02fjwupouu0230d4ngate7809n
Block name: /test/data/treeTest/testDocBuffer.txt/=FD1F/=0064 num 100 verified? true, content: 1beww9oiwhbhqlqpxpx1ixti5grkf1suf3o6al6kualscxgdef3
Block name: /test/data/treeTest/testDocBuffer.txt/=FD1F/=00C8 num 200 verified? true, content: 10xjf84k2xn1h2i3c0mp2n5203th7f794sh1tqvxhpdl3itv5tx
Block name: /test/data/treeTest/testDocBuffer.txt/=FD1F/=00012C num 300 verified? true, content: 17xl4lsw4hrhubm1flq1c552lbql6lvkrsds55ge2oawi3maqdv
Block name: /test/data/treeTest/testDocBuffer.txt/=FD1F/=000190 num 400 verified? true, content: 31vfp59x8pb3u5f0m9hhkmolucw9xnj7u7irkh47wrx96bv8xb8
Constructed tree of numleaves: 482 max pathlength: 9
Block name: /test/data/treeTest/testDocBuffer.txt/=FD86/=00 num 0 verified? true, content: 1sq9fh7o0pam66uwx8a05p7rll7av25hbtckbb2xk9vsf46xb0d
Block name: /test/data/treeTest/testDocBuffer.txt/=FD86/=0064 num 100 verified? true, content: mncjee40wsmfbi0upb93h5eaqpku29aqjvi30jh25td1nrrwgw
Block name: /test/data/treeTest/testDocBuffer.txt/=FD86/=00C8 num 200 verified? true, content: 2m6xbf9qxf3wxweosvkt1gg89o4e3i3xgheg1em1k42jc1xfxbh
Block name: /test/data/treeTest/testDocBuffer.txt/=FD86/=00012C num 300 verified? true, content: 298srpel0q60ggl5bh1awhhganhhih9vjaxvvp4q3jh0v3flpu5
Block name: /test/data/treeTest/testDocBuffer.txt/=FD86/=000190 num 400 verified? true, content: 2rtdhit7lb9eg8gmmir5tlil8i7druq1pu3gg3go43jif69k01g
Constructed tree of numleaves: 483 max pathlength: 9
Block name: /test/data/treeTest/testDocBuffer.txt/=FD0385/=00 num 0 verified? true, content: 1vhb979l5sa5p40occ144b6ccxr05vvpo5lfgd9qbastfbxirg2
Block name: /test/data/treeTest/testDocBuffer.txt/=FD0385/=0064 num 100 verified? true, content: 1mmi19b3ngtnkv768simdbqtw0qe76gbv8sxb5h6rox0vbpkxl1
Block name: /test/data/treeTest/testDocBuffer.txt/=FD0385/=00C8 num 200 verified? true, content: cth3cguadu7h8ia6odlf1k7ueorhws5b4o61q96s7ivg9pegc8
Block name: /test/data/treeTest/testDocBuffer.txt/=FD0385/=00012C num 300 verified? true, content: g2sd8uk5psgde9sce0r9529765xf7s1x3xmq7l4mu1r19xcp08
Block name: /test/data/treeTest/testDocBuffer.txt/=FD0385/=000190 num 400 verified? true, content: fm8i0fv2or24acm56opuqrj97f15oe9vq9nno71oo5qpw5pchc
Constructed tree of numleaves: 484 max pathlength: 9
Block name: /test/data/treeTest/testDocBuffer.txt/=FD01AD/=00 num 0 verified? true, content: 24wt2rvflfqk4nt4tjljcusucwquotgm59tsganp0alnf3akil4
Block name: /test/data/treeTest/testDocBuffer.txt/=FD01AD/=0064 num 100 verified? true, content: 1mmgd5qocjk8vbdgqse1ucc4qxosuhu6swfx49k5f5becxx8jsl
Block name: /test/data/treeTest/testDocBuffer.txt/=FD01AD/=00C8 num 200 verified? true, content: dadxunkw8wktji73psl21rqfcxb0j0a4f15fw0kheapju78tck
Block name: /test/data/treeTest/testDocBuffer.txt/=FD01AD/=00012C num 300 verified? true, content: 1vweu5keob43pboc1pvuusu4aqf1dwthc9cj31j9cabe7tqt75a
Block name: /test/data/treeTest/testDocBuffer.txt/=FD01AD/=000190 num 400 verified? true, content: 4dgdlkp050o05lu62o2t1929rpbvdtwluvsm5776ajnwv9w58q
Constructed tree of numleaves: 485 max pathlength: 9
Block name: /test/data/treeTest/testDocBuffer.txt/=FD0370/=00 num 0 verified? true, content: 27wrqig81ma3ec74ww0ejailco9g3j06jokwngkilrrb0e79406
Block name: /test/data/treeTest/testDocBuffer.txt/=FD0370/=0064 num 100 verified? true, content: 16tag74lbn7uxhg63cuenx25i7kjvh7rkjnftnwf2h3kd6789nb
Block name: /test/data/treeTest/testDocBuffer.txt/=FD0370/=00C8 num 200 verified? true, content: 14fgkjuhnxo0nugmktqmro53gilj4sgebnfsn1nnueic6pl9o7e
Block name: /test/data/treeTest/testDocBuffer.txt/=FD0370/=00012C num 300 verified? true, content: gv45haudcblxv4lot0ir08s6qomkfgovcqiwa04q3c10q13st8
Block name: /test/data/treeTest/testDocBuffer.txt/=FD0370/=000190 num 400 verified? true, content: 2edkgflm9od161rl01n33jr51ww8j5actlnflmt7d9fx18vnl45
Constructed tree of numleaves: 486 max pathlength: 9
Block name: /test/data/treeTest/testDocBuffer.txt/=FD032C/=00 num 0 verified? true, content: 105igwk64agcrx2iqivjwq2fwexcrusmew0uknod2t50xm82f9d
Block name: /test/data/treeTest/testDocBuffer.txt/=FD032C/=0064 num 100 verified? true, content: 1sc2m0qe4vot63eoa2642k0v5inoke2wabon77h63erw2xv4uks
Block name: /test/data/treeTest/testDocBuffer.txt/=FD032C/=00C8 num 200 verified? true, content: 1he0vmd18g17otf4vep7ag3806tjih6fnnlas5eg46fo8i0d0ts
Block name: /test/data/treeTest/testDocBuffer.txt/=FD032C/=00012C num 300 verified? true, content: dnpd626iwsh7xx20ssf88r4ppq3bcvw3rue36kt180qi6acv7v
Block name: /test/data/treeTest/testDocBuffer.txt/=FD032C/=000190 num 400 verified? true, content: 10u3n85apal7evmfeo2oafafhufe8uoxi6qr80eaefrlotr510q
Constructed tree of numleaves: 487 max pathlength: 9
Block name: /test/data/treeTest/testDocBuffer.txt/=FD0187/=00 num 0 verified? true, content: 239934447aar0xe7f49ke3hj9tgph15ha6tmhtgc174kkbq2j1n
Block name: /test/data/treeTest/testDocBuffer.txt/=FD0187/=0064 num 100 verified? true, content: 11g4ur946mv7ndu6aalduc5c4pf4iblnhuhvvb45q87fn01bxqh
Block name: /test/data/treeTest/testDocBuffer.txt/=FD0187/=00C8 num 200 verified? true, content: 323pfaur8e201e87hvc2ai6fwuqxwndb1dg7vcxm7ovpd985thr
Block name: /test/data/treeTest/testDocBuffer.txt/=FD0187/=00012C num 300 verified? true, content: 19m07h4q6lj95huue4u2g2xh4mb0sp3hgun6jvg39ho72hdiwmh
Block name: /test/data/treeTest/testDocBuffer.txt/=FD0187/=000190 num 400 verified? true, content: 1mkmiko3amn75h1wt5gwgx0d24hfb68vjlrnsgx37pdfwsoo9c0
Constructed tree of numleaves: 488 max pathlength: 9
Block name: /test/data/treeTest/testDocBuffer.txt/=FD0308/=00 num 0 verified? true, content: 1548nruok4ionk00g71624lo9sxtu5wjbgh0kaxlkr4cnk1ijdq
Block name: /test/data/treeTest/testDocBuffer.txt/=FD0308/=0064 num 100 verified? true, content: 2gqxsqn8xpsn32alpil04uwws49sipxcv399573tludi8b83x66
Block name: /test/data/treeTest/testDocBuffer.txt/=FD0308/=00C8 num 200 verified? true, content: 2l3vg5ms35qp6hpcnwegs12la3jvniuh13o9av2v5wq1t2li8c5
Block name: /test/data/treeTest/testDocBuffer.txt/=FD0308/=00012C num 300 verified? true, content: 28xfhwmtuth0fsc471k2asplg83qn856cpk8glro8onp3nvrr5r
Block name: /test/data/treeTest/testDocBuffer.txt/=FD0308/=000190 num 400 verified? true, content: c7i1wd9kggpd5ejnwxm9b4qv4buniic2atob4ueuhir99pq7qw
Constructed tree of numleaves: 489 max pathlength: 9
Block name: /test/data/treeTest/testDocBuffer.txt/=FD0336/=00 num 0 verified? true, content: 1d2935b32krs5bw32wkbc27rlqqp1qejuevnhbwp8a81m32whfs
Block name: /test/data/treeTest/testDocBuffer.txt/=FD0336/=0064 num 100 verified? true, content: 19rbll65k4tn9bcd00bums4nndmjrjjk6bebbkk7n2tv9qekc44
Block name: /test/data/treeTest/testDocBuffer.txt/=FD0336/=00C8 num 200 verified? true, content: jl3vpn6kecgbx850l8kxklp1bqafhkqk5ko38cr2f8drx6utt0
Block name: /test/data/treeTest/testDocBuffer.txt/=FD0336/=00012C num 300 verified? true, content: 1b1q8oe5lhd8s4jkq60cn8aua4ojt1u5rf5ggbmvg21gx71jiw
Block name: /test/data/treeTest/testDocBuffer.txt/=FD0336/=000190 num 400 verified? true, content: 1dmxjw369rx0oulmji6b6ccx6cu4s97vsuu55orr98s8k58j3vg
Constructed tree of numleaves: 490 max pathlength: 9
Block name: /test/data/treeTest/testDocBuffer.txt/=FD0175/=00 num 0 verified? true, content: wjbdue7gsujfh44q2r4vwnouphmoieawjjd2t08t4r7gnmt4h2
Block name: /test/data/treeTest/testDocBuffer.txt/=FD0175/=0064 num 100 verified? true, content: 1i4sx37fek7ndpcm2wb91f137w0el1uhmm3g47xnuoesq3rpo87
Block name: /test/data/treeTest/testDocBuffer.txt/=FD0175/=00C8 num 200 verified? true, content: 6231jdsrhpl380nm7bb2au7w69eq6lbjw3kus9viixix9esfr6
Block name: /test/data/treeTest/testDocBuffer.txt/=FD0175/=00012C num 300 verified? true, content: 1hobbh6o979x5in33271vpnl40axqe8pf9co40l9o142b9rgumd
Block name: /test/data/treeTest/testDocBuffer.txt/=FD0175/=000190 num 400 verified? true, content: 1so9ilg26a0xauicg79jql5xki31udovmevam939p0bgog1uktk
Constructed tree of numleaves: 491 max pathlength: 9
Block name: /test/data/treeTest/testDocBuffer.txt/=FD39/=00 num 0 verified? true, content: 1uv58qc538mrjf9ov7hm6qqkog6ht98skeqfkbinhhqsokockkc
Block name: /test/data/treeTest/testDocBuffer.txt/=FD39/=0064 num 100 verified? true, content: ce4wi2is04kpdej9tqog1nx0tmj17s7ufir56c1e4s9kpigwq5
Block name: /test/data/treeTest/testDocBuffer.txt/=FD39/=00C8 num 200 verified? true, content: qxresnuj5bf0cb7lv4kf6x1r28thbc37a0vpfog5jupndbf8si
Block name: /test/data/treeTest/testDocBuffer.txt/=FD39/=00012C num 300 verified? true, content: lt13vgt5erj8gnl60ph2av2mv4s66ghmf13ce9x0rt23oj4te
Block name: /test/data/treeTest/testDocBuffer.txt/=FD39/=000190 num 400 verified? true, content: 2poa9f68mvg8ct7ancln5on2o4vlffb6ple6tqihhs23673ab61
Constructed tree of numleaves: 492 max pathlength: 9
Block name: /test/data/treeTest/testDocBuffer.txt/=FD0253/=00 num 0 verified? true, content: 1gsbjegblvr0gqwejoqmtoj0p9vk727di2qip7uhrxc3osc4j4l
Block name: /test/data/treeTest/testDocBuffer.txt/=FD0253/=0064 num 100 verified? true, content: l8l27apfndexc667najeslt5g3dsro7lq93w6exejitmiuea2a
Block name: /test/data/treeTest/testDocBuffer.txt/=FD0253/=00C8 num 200 verified? true, content: 69n5l8997056gnkvo60c70tvwohwxtrnahmp5hu7diu46bm30u
Block name: /test/data/treeTest/testDocBuffer.txt/=FD0253/=00012C num 300 verified? true, content: tf9rkbm6pet68xkoxiwevgcophfb54bw7l4rh6md5nie5a0fex
Block name: /test/data/treeTest/testDocBuffer.txt/=FD0253/=000190 num 400 verified? true, content: 3033cvef0lutlvpsktdm33wr8gat5cilh2fck24tt6i1uhfnsii
Constructed tree of numleaves: 493 max pathlength: 9
Block name: /test/data/treeTest/testDocBuffer.txt/=FDCD/=00 num 0 verified? true, content: 1b3o41777cbfk8e9kj79abqwqlqcridsrvwb8b6f1mrnrjqkxgd
Block name: /test/data/treeTest/testDocBuffer.txt/=FDCD/=0064 num 100 verified? true, content: f16lhigjqxb5ecj8jrkvci2b483f2m6882q8brs2akf06lvmt3
Block name: /test/data/treeTest/testDocBuffer.txt/=FDCD/=00C8 num 200 verified? true, content: 2lt4puorwxfb4v60mklvb34tkrl6g5299owa2j09hwfrubk1bet
Block name: /test/data/treeTest/testDocBuffer.txt/=FDCD/=00012C num 300 verified? true, content: 18qob9xi2xks5fao8todjo1i9sh08agw2p3ek9pxn4p9cqpsp9m
Block name: /test/data/treeTest/testDocBuffer.txt/=FDCD/=000190 num 400 verified? true, content: 14acj1t1ias2cjdgq9gv7sk82cecd3kbp37hkvifjpnq9h3mujk
Constructed tree of numleaves: 494 max pathlength: 9
Block name: /test/data/treeTest/testDocBuffer.txt/=FD0268/=00 num 0 verified? true, content: 14gwuoe003xja1bruhlqwg93xhc0q63ut3tm2oc7v3kb6pbpcnf
Block name: /test/data/treeTest/testDocBuffer.txt/=FD0268/=0064 num 100 verified? true, content: 30c4htdf0g5g3r026v4m2p3evoii1f5ns6rue5p2f9vn6txughw
Block name: /test/data/treeTest/testDocBuffer.txt/=FD0268/=00C8 num 200 verified? true, content: 2pf1jfglmqqrhn4r5m2iktx16oload4q3qu67it760e3ex8bnvm
Block name: /test/data/treeTest/testDocBuffer.txt/=FD0268/=00012C num 300 verified? true, content: 1578ewfnqso4f4ck9sbcogj6l1fvd56ff7248kxqfpjgfe5078t
Block name: /test/data/treeTest/testDocBuffer.txt/=FD0268/=000190 num 400 verified? true, content: 1u2qhc2k802u9xmsn326sntkpkrqlosw2kqddt36ev8mdvf5a4p
Constructed tree of numleaves: 495 max pathlength: 9
Block name: /test/data/treeTest/testDocBuffer.txt/=FD02C0/=00 num 0 verified? true, content: 2nbb0u7omdci8ie6bj662g2p9nelq66eenm2r2cuhjg61j6eb48
Block name: /test/data/treeTest/testDocBuffer.txt/=FD02C0/=0064 num 100 verified? true, content: vqpi2dh4rx1ld43831ana8p2r8aeesu2s5m6pdvhqve0sclrv1
Block name: /test/data/treeTest/testDocBuffer.txt/=FD02C0/=00C8 num 200 verified? true, content: pff17gl4m9m0jurcxs5ieisw4prt4oa5ogf9ks6lql9c3nkr0c
Block name: /test/data/treeTest/testDocBuffer.txt/=FD02C0/=00012C num 300 verified? true, content: vi70l9pc46m44v8gcf78afwpn6fpfs35fekvlxppvjq99km8kr
Block name: /test/data/treeTest/testDocBuffer.txt/=FD02C0/=000190 num 400 verified? true, content: ln886fhqw7gucskhlp0ag47840i8cb1cf4xfcejdpi7xsask17
Constructed tree of numleaves: 496 max pathlength: 9
Block name: /test/data/treeTest/testDocBuffer.txt/=FD12/=00 num 0 verified? true, content: 2mcnrchap1lhif2fqkfvlworkbpuaqlnoo24fj5764nridhuj6w
Block name: /test/data/treeTest/testDocBuffer.txt/=FD12/=0064 num 100 verified? true, content: 2iroougu4ss1co288t886mwo4iln8lk7iuq0jfdfwqevhb4jkb6
Block name: /test/data/treeTest/testDocBuffer.txt/=FD12/=00C8 num 200 verified? true, content: 1itpibrqoei7t7avh4wkshg3bwwgw1ic3gmrwkai446w1o2edk5
Block name: /test/data/treeTest/testDocBuffer.txt/=FD12/=00012C num 300 verified? true, content: 2mxobxpg3a4sel14b1lkdwsexnd84tvivxjwglc7uod983r25hq
Block name: /test/data/treeTest/testDocBuffer.txt/=FD12/=000190 num 400 verified? true, content: 2c30nqtiapape9gl5qwf41knxaaw23iaopt0qje7of4c2rg8o79
Constructed tree of numleaves: 497 max pathlength: 9
Block name: /test/data/treeTest/testDocBuffer.txt/=FD1B/=00 num 0 verified? true, content: rsc0luvgnuxeduiguj1126cxw5bmwgmwgji96hdr8lwh1enhn6
Block name: /test/data/treeTest/testDocBuffer.txt/=FD1B/=0064 num 100 verified? true, content: 1x5h9tghdr5ds8vtc2o472jch04qq5hxpapmrwurarel2upg0k
Block name: /test/data/treeTest/testDocBuffer.txt/=FD1B/=00C8 num 200 verified? true, content: ps5ij79nbepn9ntgmar5plo81lnp0q0xhk6ov91m6eh6k4aqv2
Block name: /test/data/treeTest/testDocBuffer.txt/=FD1B/=00012C num 300 verified? true, content: 2sl057e2h0knn7jqwqules1b51u510f7ffi198eii42rb2a4jup
Block name: /test/data/treeTest/testDocBuffer.txt/=FD1B/=000190 num 400 verified? true, content: xdshvt2u2oe6vtcm7wdcju2xmov5d3k3cglf9ei209dq9pg4s1
Constructed tree of numleaves: 498 max pathlength: 9
Block name: /test/data/treeTest/testDocBuffer.txt/=FD0295/=00 num 0 verified? true, content: 18av8b31js2ou7itfgqti7glghuu1fff36u75v4vxuljdr2kna8
Block name: /test/data/treeTest/testDocBuffer.txt/=FD0295/=0064 num 100 verified? true, content: 1cqbhqilnht82hvpnpgughslbh1lrpw1clto8vhv9hvum8n1dnw
Block name: /test/data/treeTest/testDocBuffer.txt/=FD0295/=00C8 num 200 verified? true, content: 3utp2jw6k08651e5f11otc5t1xk2fdbtjmbcd5n396oi73boeg
Block name: /test/data/treeTest/testDocBuffer.txt/=FD0295/=00012C num 300 verified? true, content: dfbeqsuua5c50fp5ej7l4dicvxgel4vf4ampso0qasjpj778v8
Block name: /test/data/treeTest/testDocBuffer.txt/=FD0295/=000190 num 400 verified? true, content: 1icr1xsria9mtehl3pctr465ddhd8v9lkm7f1dp81m694dfifqa
Constructed tree of numleaves: 499 max pathlength: 9
Block name: /test/data/treeTest/testDocBuffer.txt/=FDB2/=00 num 0 verified? true, content: w23ctvcp07w8s1grgg80gjr0kwk6h24c5o3v1gc87xef16htqo
Block name: /test/data/treeTest/testDocBuffer.txt/=FDB2/=0064 num 100 verified? true, content: 109183fllpcdr9q26mwf5aqeinpi21s2jpplwe1lj78o4xkktef
Block name: /test/data/treeTest/testDocBuffer.txt/=FDB2/=00C8 num 200 verified? true, content: i6wlwe9ur8q3b0561v7xvqjp75r7qi03fwvih3snwne2dmsa7n
Block name: /test/data/treeTest/testDocBuffer.txt/=FDB2/=00012C num 300 verified? true, content: 255g18ikab5kkcgpi5owf4daj1qo23hvtroed73nm7ltsla08la
Block name: /test/data/treeTest/testDocBuffer.txt/=FDB2/=000190 num 400 verified? true, content: hvts8bk66dx48evj0qiuhq2cerderbd02hno6kh5u1d2ln3ub0
Constructed tree of numleaves: 500 max pathlength: 9
Block name: /test/data/treeTest/testDocBuffer.txt/=FD02FE/=00 num 0 verified? true, content: se82qv3cni8eifnjlnirt5cr7ut7l5nkal0218jf8o6k6hxrfk
Block name: /test/data/treeTest/testDocBuffer.txt/=FD02FE/=0064 num 100 verified? true, content: 1tp7wtk6v4ud5l5nugici98n1up086wjnknl4w1i036q8tegmm
Block name: /test/data/treeTest/testDocBuffer.txt/=FD02FE/=00C8 num 200 verified? true, content: 2nh9wgljl2a0b21fr4xoorvbfecbci1mlndn64pp0ouasnspcjo
Block name: /test/data/treeTest/testDocBuffer.txt/=FD02FE/=00012C num 300 verified? true, content: 20tg2c6vvq04m5ria8tm2atikfkn6otqm1af3eg04m6v53uhuss
Block name: /test/data/treeTest/testDocBuffer.txt/=FD02FE/=000190 num 400 verified? true, content: kqktrebp5f3p4tb8uq4apmp79t88c90226uvoa9bcrqt3jxwae
Constructed tree of numleaves: 501 max pathlength: 9
Block name: /test/data/treeTest/testDocBuffer.txt/=FD0302/=00 num 0 verified? true, content: 2w72gxov3bgo66sqomw8ev847ht96ohq2569sotij3muoxq1vgj
Block name: /test/data/treeTest/testDocBuffer.txt/=FD0302/=0064 num 100 verified? true, content: 1shaw8prp9xef9fmp58dtb4kf5htgrfqo4cive721wbhdpv9125
Block name: /test/data/treeTest/testDocBuffer.txt/=FD0302/=00C8 num 200 verified? true, content: 2vrugg1cui1r913rn8ub5s7877dr5w1f1ehmxw1ei498c4sisvr
Block name: /test/data/treeTest/testDocBuffer.txt/=FD0302/=00012C num 300 verified? true, content: 1faa57jk5eu4vaq5mtssspw4f6jxuiv15vwh5qnwcign1nfpm0b
Block name: /test/data/treeTest/testDocBuffer.txt/=FD0302/=000190 num 400 verified? true, content: ph8eoxvou0n7m0jkf34cf4ftxpsvjggb27cj9k2rbskpljkwvs
Constructed tree of numleaves: 502 max pathlength: 9
Block name: /test/data/treeTest/testDocBuffer.txt/=FD0148/=00 num 0 verified? true, content: kjub7mxi9ijts6h2lpo1de8nmfcu1453e0sfg0hr8vp1kt7v6b
Block name: /test/data/treeTest/testDocBuffer.txt/=FD0148/=0064 num 100 verified? true, content: vip8h66u9u9vcobbr6xxquutifm9wegiln8tdnxudpr0vr7tu3
Block name: /test/data/treeTest/testDocBuffer.txt/=FD0148/=00C8 num 200 verified? true, content: 11aih285onm09de7mntwmkfco763x1fpuuwc7icbqwuh5s7l93n
Block name: /test/data/treeTest/testDocBuffer.txt/=FD0148/=00012C num 300 verified? true, content: suqfutap7u5n4o8krwnflprg3ocfik57ro3jok57dwlq0110hp
Block name: /test/data/treeTest/testDocBuffer.txt/=FD0148/=000190 num 400 verified? true, content: 1n1kxchd4h0hwe37n6nbtvatks4q46a11mf4mjkjc96la4jom3s
Block name: /test/data/treeTest/testDocBuffer.txt/=FD0148/=0001F4 num 500 verified? true, content: 1oihbum03jfequp6okek3r5wk4q87qdfje74efnq6fw0o9php1b
Constructed tree of numleaves: 503 max pathlength: 9
Block name: /test/data/treeTest/testDocBuffer.txt/=FD0309/=00 num 0 verified? true, content: 1dp0t4f4b84iqb5bqd2x4g28u7x3w5j592qlpnph7a4dv9d8xvs
Block name: /test/data/treeTest/testDocBuffer.txt/=FD0309/=0064 num 100 verified? true, content: 2n6qg3ibqgfco9iqbie80kvfkef5vcvar7jap6bp0or29dcsg4w
Block name: /test/data/treeTest/testDocBuffer.txt/=FD0309/=00C8 num 200 verified? true, content: 1lb6saabtcaxgt3o6k0a8b9me6pc0csou2dbcvle669ogfnq648
Block name: /test/data/treeTest/testDocBuffer.txt/=FD0309/=00012C num 300 verified? true, content: iukh3qja7pru7lmx8ddnpfcxd5shnramqwe1ijgj3c515j5kxr
Block name: /test/data/treeTest/testDocBuffer.txt/=FD0309/=000190 num 400 verified? true, content: 1jck7cpu6tca5c4mte3632oc0xfjjrfbj2sqqwaua968s5woqjn
Block name: /test/data/treeTest/testDocBuffer.txt/=FD0309/=0001F4 num 500 verified? true, content: 12cld4ntd4gmpwmoam3wnx5d0a79bmqkdrb6tot51qabqcgicau
Constructed tree of numleaves: 504 max pathlength: 9
Block name: /test/data/treeTest/testDocBuffer.txt/=FD0314/=00 num 0 verified? true, content: 1qqa37jq0xkat3ptv5i7dpxu901aj7b8or2sg11ob24jtirrm64
Block name: /test/data/treeTest/testDocBuffer.txt/=FD0314/=0064 num 100 verified? true, content: 1uea9933sm5139v74v7fj6bcgtk2cir5su8x0xamq4937h85w5w
Block name: /test/data/treeTest/testDocBuffer.txt/=FD0314/=00C8 num 200 verified? true, content: 1da5u638lphbv5p5kwhukh7qkqoctsant2i5thf6w4v5e83nn7o
Block name: /test/data/treeTest/testDocBuffer.txt/=FD0314/=00012C num 300 verified? true, content: 19qwko6oi0t8r113pgxfjq0c6sda00thhmerhqx9hal253la63f
Block name: /test/data/treeTest/testDocBuffer.txt/=FD0314/=000190 num 400 verified? true, content: t1jar65khpbp5pcfnxsxb0x35xtv6dfdnfv1nf2jbgnf4c3aoq
Block name: /test/data/treeTest/testDocBuffer.txt/=FD0314/=0001F4 num 500 verified? true, content: 1dna7vx01go5bxq384an7u1s71wpl8s4lt3x5gghi5fub5fi8g4
Constructed tree of numleaves: 505 max pathlength: 9
Block name: /test/data/treeTest/testDocBuffer.txt/=FD01E0/=00 num 0 verified? true, content: 1xox51huh82mxuqt9ced7stm32j1g1k2ur9ujjotcefmt0otsvi
Block name: /test/data/treeTest/testDocBuffer.txt/=FD01E0/=0064 num 100 verified? true, content: 2vt8c9trmugvea7tbe5ilu404d2ncec45j3lpeukuowlnp7hfb5
Block name: /test/data/treeTest/testDocBuffer.txt/=FD01E0/=00C8 num 200 verified? true, content: qdtku42bpo9wgcqxql5b95rtkgf8lm2jae0g6591wtvbm3mdho
Block name: /test/data/treeTest/testDocBuffer.txt/=FD01E0/=00012C num 300 verified? true, content: 3v4trib39bkgddttm9fjhxn2mmw3cnmkdf4sj9fa5q9irn2xht
Block name: /test/data/treeTest/testDocBuffer.txt/=FD01E0/=000190 num 400 verified? true, content: 2bfcvtj9i2afh7mxqlwfqwqematscus2p3rmmwsd2vkalpjmtrp
Block name: /test/data/treeTest/testDocBuffer.txt/=FD01E0/=0001F4 num 500 verified? true, content: 11aeplbvuxu2poeit2kw77m5bul0w7qwm241i1pndc4gc25tlck
Constructed tree of numleaves: 506 max pathlength: 9
Block name: /test/data/treeTest/testDocBuffer.txt/=FD015D/=00 num 0 verified? true, content: 1qf505rijrhcbqeur30gm98tv6cddacov5p51lxficqnngiswb
Block name: /test/data/treeTest/testDocBuffer.txt/=FD015D/=0064 num 100 verified? true, content: 1a34kljwddv3urt2t8afb6g31w8lwsomktdugjdqfctiur79ca3
Block name: /test/data/treeTest/testDocBuffer.txt/=FD015D/=00C8 num 200 verified? true, content: 1x3fe5msdr5r1w8pjt8lm4qk8qc78293uoktbxclvi6fcgxjovt
Block name: /test/data/treeTest/testDocBuffer.txt/=FD015D/=00012C num 300 verified? true, content: 17rt203g6hf2fg24caxxwt7u847sa79525c41ko8rr7ll8ccj32
Block name: /test/data/treeTest/testDocBuffer.txt/=FD015D/=000190 num 400 verified? true, content: gkaeijn1m091q6gqj5i00t4pj77sbf04e5n7nnqqoxasdcx5o2
Block name: /test/data/treeTest/testDocBuffer.txt/=FD015D/=0001F4 num 500 verified? true, content: 1a11499uf463nbe15b8lcv09pt37bgtf8im8p713awlge25a49n
Constructed tree of numleaves: 507 max pathlength: 9
Block name: /test/data/treeTest/testDocBuffer.txt/=FD93/=00 num 0 verified? true, content: 23fb7wkbpf5w6fwk97sf91njegn9s0tu98nxakj8lo6vxiq6m3i
Block name: /test/data/treeTest/testDocBuffer.txt/=FD93/=0064 num 100 verified? true, content: pi500pnpodw4mbkflxqj7aisu7iv3roulual7053s1h4ci3ov5
Block name: /test/data/treeTest/testDocBuffer.txt/=FD93/=00C8 num 200 verified? true, content: 18e8t1i92kgar8w4djak4n0vklpjqv0xr2927xnql4qn4m5a9ax
Block name: /test/data/treeTest/testDocBuffer.txt/=FD93/=00012C num 300 verified? true, content: 2va3qkkgxadh7e9x0s9joavq41ilm88h4pjm8dro03c4il8nall
Block name: /test/data/treeTest/testDocBuffer.txt/=FD93/=000190 num 400 verified? true, content: 2ph0arovinle4kqu4go8ivd1mnk4p5qjv2sie8drklfkif4kjrj
Block name: /test/data/treeTest/testDocBuffer.txt/=FD93/=0001F4 num 500 verified? true, content: f3iord2lnuqd5e3qhrcbcxg7slpl98x473puvumkg9cgi5snid
Constructed tree of numleaves: 508 max pathlength: 9
Block name: /test/data/treeTest/testDocBuffer.txt/=FD0161/=00 num 0 verified? true, content: 1hiaf1649ao0im83cpjh56ute054ancnvci47drbg0ktc1ccgl5
Block name: /test/data/treeTest/testDocBuffer.txt/=FD0161/=0064 num 100 verified? true, content: 2e0s2f6iabruokuj5c8rs04d24fs3cxb035wvgog11se4c73mw4
Block name: /test/data/treeTest/testDocBuffer.txt/=FD0161/=00C8 num 200 verified? true, content: 1a278e9hr2vnaewkw21528qwgf8muu83oqqgtkjs36sl9qa106m
Block name: /test/data/treeTest/testDocBuffer.txt/=FD0161/=00012C num 300 verified? true, content: 1247g2pc48lj59ek1ja4s4wqw0qe6sc3opjg2w5c2uqtcfit4fk
Block name: /test/data/treeTest/testDocBuffer.txt/=FD0161/=000190 num 400 verified? true, content: 2ifwl8fmtc2fr40uurjv9pj7epkc50mq45vu6pwabbwxmdv4r3f
Block name: /test/data/treeTest/testDocBuffer.txt/=FD0161/=0001F4 num 500 verified? true, content: 1q0j3i42gej932xedfdt0x0ncddki9gf8fg3q7djsang2a0jbu4
Constructed tree of numleaves: 509 max pathlength: 9
Block name: /test/data/treeTest/testDocBuffer.txt/=FD0167/=00 num 0 verified? true, content: 19r35llme65u762nuwhcvns1xmlj5b9f8a1rq96gp4emmo1rvfx
Block name: /test/data/treeTest/testDocBuffer.txt/=FD0167/=0064 num 100 verified? true, content: 1pqvvhujrevp3c8eslm7lgk8aq53b0jvh33f1o047toihm73jsw
Block name: /test/data/treeTest/testDocBuffer.txt/=FD0167/=00C8 num 200 verified? true, content: 20hpn9h11wo1q6pjsmsxrimjamsii3q3t4nuagp84c4cb77e9an
Block name: /test/data/treeTest/testDocBuffer.txt/=FD0167/=00012C num 300 verified? true, content: 2gr932sc98k1ckx2k661cjxm71irh7g3ro3s7uv6v9oto2tuphq
Block name: /test/data/treeTest/testDocBuffer.txt/=FD0167/=000190 num 400 verified? true, content: 2xh8078aupmfpsw38sf3lnplh8wp5rdrd8ktlemphhq54wnhuwj
Block name: /test/data/treeTest/testDocBuffer.txt/=FD0167/=0001F4 num 500 verified? true, content: axv4i8k2h9hocp3ihe5s42530ialfb9a4tqb11w3scqxinkqt8
Constructed tree of numleaves: 510 max pathlength: 9
Block name: /test/data/treeTest/testDocBuffer.txt/=FD3C/=00 num 0 verified? true, content: gept0eq8l60vfs1x5cwpwoovgdvis6lgec4lvtnjlqwh3rrfdb
Block name: /test/data/treeTest/testDocBuffer.txt/=FD3C/=0064 num 100 verified? true, content: 1p5f9e16llgq5ikgjefuerfqcn39v8n3vvubvxdjrlmohex6g0p
Block name: /test/data/treeTest/testDocBuffer.txt/=FD3C/=00C8 num 200 verified? true, content: 16blbudjqeqocc01mqo5ru54s6rh0xn368g5sfuml2qxle1sgva
Block name: /test/data/treeTest/testDocBuffer.txt/=FD3C/=00012C num 300 verified? true, content: 14dkel96wj5sdorw8elqn7p8twmo5njcffpmriu4m5t9d6wsiag
Block name: /test/data/treeTest/testDocBuffer.txt/=FD3C/=000190 num 400 verified? true, content: ji7bfoxcmbc5h21kk4t1wprh2kgoke7ruhv2p2kkitud7ofqwv
Block name: /test/data/treeTest/testDocBuffer.txt/=FD3C/=0001F4 num 500 verified? true, content: 142vdd3pjc4r290g6bai1h4p1dlsvri39u0o7logtccw8942qqi
Constructed tree of numleaves: 511 max pathlength: 9
Block name: /test/data/treeTest/testDocBuffer.txt/=FD010B/=00 num 0 verified? true, content: 2ei6eu5351983fbqvclk43mtafvc19ms8pbqt10xu18m93kcw0g
Block name: /test/data/treeTest/testDocBuffer.txt/=FD010B/=0064 num 100 verified? true, content: 15m7gumq3hu033h3dt2j8nfo6rngccta2nhims800swdfjc18ij
Block name: /test/data/treeTest/testDocBuffer.txt/=FD010B/=00C8 num 200 verified? true, content: ak0068jdgjq3kfdj4txmefw7tqrwrdn1tincljipf6knblcd7a
Block name: /test/data/treeTest/testDocBuffer.txt/=FD010B/=00012C num 300 verified? true, content: 2qnkw08toxfcr7mk9qqfdakhu54d8lcs092pvr08mf9a9tsk0ff
Block name: /test/data/treeTest/testDocBuffer.txt/=FD010B/=000190 num 400 verified? true, content: 2bi6atknor2ftgkmlqd5p5nj7i5pkejxss392scxj4aktc25ov
Block name: /test/data/treeTest/testDocBuffer.txt/=FD010B/=0001F4 num 500 verified? true, content: 15jq3n21saadw8jnps3nnhbhqq24lrcfwno0nb1tqcrqe4g9kwt
Constructed tree of numleaves: 512 max pathlength: 9
Block name: /test/data/treeTest/testDocBuffer.txt/=FD88/=00 num 0 verified? true, content: q8e1pcnc0qxwhiwamnvgshpfnw7e6ala3ov8xd9ei7f46jn1vl
Block name: /test/data/treeTest/testDocBuffer.txt/=FD88/=0064 num 100 verified? true, content: 2xv2ldpk9wsf6dowtl0bg81xdhbv34n55vt944kojgj6970rob
Block name: /test/data/treeTest/testDocBuffer.txt/=FD88/=00C8 num 200 verified? true, content: 27xma8x6jin1b9onfolssof4rp0av3vtn2b4ns3pc83hues820m
Block name: /test/data/treeTest/testDocBuffer.txt/=FD88/=00012C num 300 verified? true, content: qdxk1cowe8xavl08xmq1svqile480m2xd361skqvvliad78ol1
Block name: /test/data/treeTest/testDocBuffer.txt/=FD88/=000190 num 400 verified? true, content: 1da4fdhn04b5apnmqav7mhdbve49bw7lqkuk294bc4tj5b8e6ie
Block name: /test/data/treeTest/testDocBuffer.txt/=FD88/=0001F4 num 500 verified? true, content: uvmut2gnd5s0p909wmnrlrl2nn2hr9ea8apej33kjbxi81drn0
Constructed tree of numleaves: 513 max pathlength: 10
Block name: /test/data/treeTest/testDocBuffer.txt/=FD034E/=00 num 0 verified? true, content: 1po3o9med6plmrwe96c23p8dv1rq6g9le8dcns34t56nl836cx1
Block name: /test/data/treeTest/testDocBuffer.txt/=FD034E/=0064 num 100 verified? true, content: 1fui95qsd2xmoa9hca7pm3pv3ecbrold5h7johwcf5pps1s84v5
Block name: /test/data/treeTest/testDocBuffer.txt/=FD034E/=00C8 num 200 verified? true, content: 1x31853qa6q0vevqkgwb2d1uviivpppq8tanpx8mdq6ovhnp5mt
Block name: /test/data/treeTest/testDocBuffer.txt/=FD034E/=00012C num 300 verified? true, content: 2a8ovtje5bp0m1ob8hh3nh3ok51ihejcwgiuabgx0nvenrol0f0
Block name: /test/data/treeTest/testDocBuffer.txt/=FD034E/=000190 num 400 verified? true, content: 1j1mbehkm7joku30dqamt63lq4vbt38dcif8bg6p237e7jkcrh7
Block name: /test/data/treeTest/testDocBuffer.txt/=FD034E/=0001F4 num 500 verified? true, content: 1qh6pp5xd1fmth5mfxgs8vsbmrx1w7tv1vk5xo96xc9macecjlf
Constructed tree of numleaves: 514 max pathlength: 10
Block name: /test/data/treeTest/testDocBuffer.txt/=FDE6/=00 num 0 verified? true, content: 2ics5o4s2atbexk9hadrl4t3u4k1ao5tamct9kowjeitc8i0bj2
Block name: /test/data/treeTest/testDocBuffer.txt/=FDE6/=0064 num 100 verified? true, content: 282whrcgimw1ststmu689d8lr4bpi0wf72xq5l5o58256i0rwfm
Block name: /test/data/treeTest/testDocBuffer.txt/=FDE6/=00C8 num 200 verified? true, content: vag2d8ohuk4lmo7lk7mti2482g33xwpv3rinlt3v2wp3ada6p2
Block name: /test/data/treeTest/testDocBuffer.txt/=FDE6/=00012C num 300 verified? true, content: 1301cjhu0q7tfek64we2sgxiharh2t3cnlobocmws8j191knbqk
Block name: /test/data/treeTest/testDocBuffer.txt/=FDE6/=000190 num 400 verified? true, content: 1g54qlhlrr6currhebd0qqrrmfw6go362gerjiu4guukw0m05fv
Block name: /test/data/treeTest/testDocBuffer.txt/=FDE6/=0001F4 num 500 verified? true, content: 3o5gtnu2f7g1ciwht0f6b1gr684jpt92hp57sb9q8cqa0ov922
Building tree of 0 Nodes. Caught a java.lang.IllegalArgumentException exception: MerkleTrees must have 2 or more nodes!
Building tree of 1 Nodes. Caught a java.lang.IllegalArgumentException exception: MerkleTrees must have 2 or more nodes!
Testing small trees.
Testing large trees.
]]></system-out>
  <system-err><![CDATA[三月 16, 2015 9:50:12 上午 org.ccnx.ccn.encoding.DecoderTest testResync
信息: Starting testResync
三月 16, 2015 9:50:12 上午 org.ccnx.ccn.encoding.DecoderTest testChopped
信息: Resync failed with size 13
三月 16, 2015 9:50:12 上午 org.ccnx.ccn.impl.encoding.BinaryXMLDecoder beginDecoding
严重: Saw error: Unexpected EOF - attempting resync
三月 16, 2015 9:50:12 上午 org.ccnx.ccn.impl.encoding.BinaryXMLDecoder getPacket
严重: Error decoding packet - unknown element 0x02 0x000a position 0
三月 16, 2015 9:50:12 上午 org.ccnx.ccn.impl.encoding.BinaryXMLDecoder getPacket
严重: Error decoding packet - unknown element 0x02 0x000e position 0
三月 16, 2015 9:50:12 上午 org.ccnx.ccn.impl.encoding.BinaryXMLDecoder getPacket
严重: Error decoding packet - unknown element 0x02 0x000f position 0
三月 16, 2015 9:50:12 上午 org.ccnx.ccn.impl.encoding.BinaryXMLDecoder getPacket
严重: Error decoding packet - unknown element 0x02 0xcbcfa01a position 0
三月 16, 2015 9:50:12 上午 org.ccnx.ccn.impl.encoding.BinaryXMLDecoder getPacket
严重: Error decoding packet - unknown element 0x02 0xcbcfa01a position 0
三月 16, 2015 9:50:12 上午 org.ccnx.ccn.impl.encoding.BinaryXMLDecoder getPacket
严重: Error decoding packet - unknown element 0x02 0x1cfa01a position 0
三月 16, 2015 9:50:12 上午 org.ccnx.ccn.impl.encoding.BinaryXMLDecoder getPacket
严重: Error decoding packet - unknown element 0x02 0x3a01a position 0
三月 16, 2015 9:50:12 上午 org.ccnx.ccn.impl.encoding.BinaryXMLDecoder beginDecoding
严重: Saw error: Unexpected EOF - attempting resync
三月 16, 2015 9:50:12 上午 org.ccnx.ccn.impl.encoding.BinaryXMLDecoder getPacket
严重: Error decoding packet - unknown element 0x02 0x000a position 0
三月 16, 2015 9:50:12 上午 org.ccnx.ccn.impl.encoding.BinaryXMLDecoder getPacket
严重: Error decoding packet - unknown element 0x02 0x000e position 0
三月 16, 2015 9:50:12 上午 org.ccnx.ccn.impl.encoding.BinaryXMLDecoder getPacket
严重: Error decoding packet - unknown element 0x02 0x000f position 0
三月 16, 2015 9:50:12 上午 org.ccnx.ccn.impl.encoding.BinaryXMLDecoder getPacket
严重: Error decoding packet - unknown element 0x02 0xcbcfa00f position 0
三月 16, 2015 9:50:12 上午 org.ccnx.ccn.impl.encoding.BinaryXMLDecoder getPacket
严重: Error decoding packet - unknown element 0x02 0xcbcfa00f position 0
三月 16, 2015 9:50:12 上午 org.ccnx.ccn.impl.encoding.BinaryXMLDecoder getPacket
严重: Error decoding packet - unknown element 0x02 0x1cfa00f position 0
三月 16, 2015 9:50:12 上午 org.ccnx.ccn.impl.encoding.BinaryXMLDecoder getPacket
严重: Error decoding packet - unknown element 0x02 0x3a00f position 0
三月 16, 2015 9:50:12 上午 org.ccnx.ccn.impl.encoding.BinaryXMLDecoder getPacket
严重: Error decoding packet - unknown element 0x02 0x000f position 0
三月 16, 2015 9:50:12 上午 org.ccnx.ccn.impl.encoding.BinaryXMLDecoder getPacket
严重: Error decoding packet - unknown element 0x02 0x3101a position 0
三月 16, 2015 9:50:12 上午 org.ccnx.ccn.impl.encoding.BinaryXMLDecoder beginDecoding
严重: Saw error: Unexpected EOF - attempting resync
三月 16, 2015 9:50:12 上午 org.ccnx.ccn.impl.encoding.BinaryXMLDecoder getPacket
严重: Error decoding packet - unknown element 0x02 0x000a position 0
三月 16, 2015 9:50:12 上午 org.ccnx.ccn.impl.encoding.BinaryXMLDecoder getPacket
严重: Error decoding packet - unknown element 0x02 0x000e position 0
三月 16, 2015 9:50:12 上午 org.ccnx.ccn.config.PlatformConfiguration <clinit>
信息: BC provider: BC
三月 16, 2015 9:50:12 上午 org.ccnx.ccn.config.PlatformConfiguration <clinit>
信息: Provider info: BouncyCastle Security Provider v1.43 version: 1.43
三月 16, 2015 9:50:12 上午 org.ccnx.ccn.config.PlatformConfiguration <clinit>
信息: java.vm.name = Java HotSpot(TM) 64-Bit Server VM
三月 16, 2015 9:50:12 上午 org.ccnx.ccn.impl.encoding.BinaryXMLDecoder beginDecoding
严重: Saw error: Unexpected EOF - attempting resync
三月 16, 2015 9:50:12 上午 org.ccnx.ccn.impl.encoding.BinaryXMLDecoder getPacket
严重: Error decoding packet - unknown element 0x02 0x0000 position 0
三月 16, 2015 9:50:12 上午 org.ccnx.ccn.impl.encoding.BinaryXMLDecoder getPacket
严重: Error decoding packet - unknown element 0x02 0x0025 position 0
三月 16, 2015 9:50:12 上午 org.ccnx.ccn.impl.encoding.BinaryXMLDecoder getPacket
严重: Error decoding packet - unknown element 0x02 0x0005 position 0
三月 16, 2015 9:50:12 上午 org.ccnx.ccn.impl.encoding.BinaryXMLDecoder getPacket
严重: Error decoding packet - unknown element 0x02 0x0036 position 0
三月 16, 2015 9:50:12 上午 org.ccnx.ccn.impl.encoding.BinaryXMLDecoder getPacket
严重: Error decoding packet - unknown element 0x02 0x0006 position 0
三月 16, 2015 9:50:12 上午 org.ccnx.ccn.impl.encoding.BinaryXMLDecoder getPacket
严重: Error decoding packet - unknown element 0x02 0x2d924 position 0
三月 16, 2015 9:50:12 上午 org.ccnx.ccn.impl.encoding.BinaryXMLDecoder getPacket
严重: Error decoding packet - unknown element 0x02 0x0124 position 0
三月 16, 2015 9:50:12 上午 org.ccnx.ccn.impl.encoding.BinaryXMLDecoder getPacket
严重: Error decoding packet - unknown element 0x02 0x0004 position 0
三月 16, 2015 9:50:12 上午 org.ccnx.ccn.impl.encoding.BinaryXMLDecoder getPacket
严重: Error decoding packet - unknown element 0x02 0x0005 position 0
三月 16, 2015 9:50:12 上午 org.ccnx.ccn.impl.encoding.BinaryXMLDecoder getPacket
严重: Error decoding packet - unknown element 0x02 0x000e position 0
三月 16, 2015 9:50:12 上午 org.ccnx.ccn.impl.encoding.BinaryXMLDecoder getPacket
严重: Error decoding packet - unknown element 0x02 0x000b position 0
三月 16, 2015 9:50:12 上午 org.ccnx.ccn.impl.encoding.BinaryXMLDecoder getPacket
严重: Error decoding packet - unknown element 0x02 0xe27598 position 0
三月 16, 2015 9:50:12 上午 org.ccnx.ccn.impl.encoding.BinaryXMLDecoder getPacket
严重: Error decoding packet - unknown element 0x02 0x27598 position 0
三月 16, 2015 9:50:12 上午 org.ccnx.ccn.impl.encoding.BinaryXMLDecoder getPacket
严重: Error decoding packet - unknown element 0x02 0x0598 position 0
三月 16, 2015 9:50:12 上午 org.ccnx.ccn.impl.encoding.BinaryXMLDecoder getPacket
严重: Error decoding packet - unknown element 0x02 0x0008 position 0
三月 16, 2015 9:50:12 上午 org.ccnx.ccn.impl.encoding.BinaryXMLDecoder getPacket
严重: Error decoding packet - unknown element 0x02 0x000e position 0
三月 16, 2015 9:50:12 上午 org.ccnx.ccn.impl.encoding.BinaryXMLDecoder getPacket
严重: Error decoding packet - unknown element 0x02 0x000f position 0
三月 16, 2015 9:50:12 上午 org.ccnx.ccn.impl.encoding.BinaryXMLDecoder getPacket
严重: Error decoding packet - unknown element 0x02 0xcbcfa00f position 0
三月 16, 2015 9:50:12 上午 org.ccnx.ccn.impl.encoding.BinaryXMLDecoder getPacket
严重: Error decoding packet - unknown element 0x02 0xcbcfa00f position 0
三月 16, 2015 9:50:12 上午 org.ccnx.ccn.impl.encoding.BinaryXMLDecoder getPacket
严重: Error decoding packet - unknown element 0x02 0x1cfa00f position 0
三月 16, 2015 9:50:12 上午 org.ccnx.ccn.impl.encoding.BinaryXMLDecoder getPacket
严重: Error decoding packet - unknown element 0x02 0x3a00f position 0
三月 16, 2015 9:50:12 上午 org.ccnx.ccn.impl.encoding.BinaryXMLDecoder getPacket
严重: Error decoding packet - unknown element 0x02 0x000f position 0
三月 16, 2015 9:50:12 上午 org.ccnx.ccn.impl.encoding.BinaryXMLDecoder getPacket
严重: Error decoding packet - unknown element 0x02 0xc8000014 position 0
三月 16, 2015 9:50:12 上午 org.ccnx.ccn.impl.encoding.BinaryXMLDecoder getPacket
严重: Error decoding packet - unknown element 0x02 0xc8000014 position 0
三月 16, 2015 9:50:12 上午 org.ccnx.ccn.impl.encoding.BinaryXMLDecoder getPacket
严重: Error decoding packet - unknown element 0x02 0xc8000014 position 0
三月 16, 2015 9:50:12 上午 org.ccnx.ccn.impl.encoding.BinaryXMLDecoder getPacket
严重: Error decoding packet - unknown element 0x02 0x0014 position 0
三月 16, 2015 9:50:12 上午 org.ccnx.ccn.impl.encoding.BinaryXMLDecoder getPacket
严重: Error decoding packet - unknown element 0x02 0x0004 position 0
三月 16, 2015 9:50:12 上午 org.ccnx.ccn.impl.encoding.BinaryXMLDecoder getPacket
严重: Error decoding packet - unknown element 0x02 0x003c position 0
三月 16, 2015 9:50:12 上午 org.ccnx.ccn.impl.encoding.BinaryXMLDecoder getPacket
严重: Error decoding packet - unknown element 0x02 0x000c position 0
三月 16, 2015 9:50:12 上午 org.ccnx.ccn.impl.encoding.BinaryXMLDecoder getPacket
严重: Error decoding packet - unknown element 0x02 0x000b position 0
三月 16, 2015 9:50:12 上午 org.ccnx.ccn.impl.encoding.BinaryXMLDecoder getPacket
严重: Error decoding packet - unknown element 0x02 0xf4110d2e position 0
三月 16, 2015 9:50:12 上午 org.ccnx.ccn.impl.encoding.BinaryXMLDecoder getPacket
严重: Error decoding packet - unknown element 0x02 0x110d2e position 0
三月 16, 2015 9:50:12 上午 org.ccnx.ccn.impl.encoding.BinaryXMLDecoder getPacket
严重: Error decoding packet - unknown element 0x02 0x10d2e position 0
三月 16, 2015 9:50:12 上午 org.ccnx.ccn.impl.encoding.BinaryXMLDecoder getPacket
严重: Error decoding packet - unknown element 0x02 0x052e position 0
三月 16, 2015 9:50:12 上午 org.ccnx.ccn.impl.encoding.BinaryXMLDecoder getPacket
严重: Error decoding packet - unknown element 0x02 0x000e position 0
三月 16, 2015 9:50:12 上午 org.ccnx.ccn.impl.encoding.BinaryXMLDecoder getPacket
严重: Error decoding packet - unknown element 0x02 0x3f8a5 position 0
三月 16, 2015 9:50:12 上午 org.ccnx.ccn.impl.encoding.BinaryXMLDecoder getPacket
严重: Error decoding packet - unknown element 0x02 0x00a5 position 0
三月 16, 2015 9:50:12 上午 org.ccnx.ccn.impl.encoding.BinaryXMLDecoder getPacket
严重: Error decoding packet - unknown element 0x02 0x0005 position 0
三月 16, 2015 9:50:12 上午 org.ccnx.ccn.impl.encoding.BinaryXMLDecoder getPacket
严重: Error decoding packet - unknown element 0x02 0x03b4 position 0
三月 16, 2015 9:50:12 上午 org.ccnx.ccn.impl.encoding.BinaryXMLDecoder getPacket
严重: Error decoding packet - unknown element 0x02 0x0004 position 0
三月 16, 2015 9:50:12 上午 org.ccnx.ccn.impl.encoding.BinaryXMLDecoder getPacket
严重: Error decoding packet - unknown element 0x02 0xd00027 position 0
三月 16, 2015 9:50:12 上午 org.ccnx.ccn.impl.encoding.BinaryXMLDecoder getPacket
严重: Error decoding packet - unknown element 0x02 0x0027 position 0
三月 16, 2015 9:50:12 上午 org.ccnx.ccn.impl.encoding.BinaryXMLDecoder getPacket
严重: Error decoding packet - unknown element 0x02 0x0007 position 0
三月 16, 2015 9:50:12 上午 org.ccnx.ccn.impl.encoding.BinaryXMLDecoder getPacket
严重: Error decoding packet - unknown element 0x02 0xa18f681a position 0
三月 16, 2015 9:50:12 上午 org.ccnx.ccn.impl.encoding.BinaryXMLDecoder getPacket
严重: Error decoding packet - unknown element 0x02 0xa18f681a position 0
三月 16, 2015 9:50:12 上午 org.ccnx.ccn.impl.encoding.BinaryXMLDecoder getPacket
严重: Error decoding packet - unknown element 0x02 0x18f681a position 0
三月 16, 2015 9:50:12 上午 org.ccnx.ccn.impl.encoding.BinaryXMLDecoder getPacket
严重: Error decoding packet - unknown element 0x02 0x3681a position 0
三月 16, 2015 9:50:12 上午 org.ccnx.ccn.impl.encoding.BinaryXMLDecoder beginDecoding
严重: Saw error: Unexpected EOF - attempting resync
三月 16, 2015 9:50:12 上午 org.ccnx.ccn.impl.encoding.BinaryXMLDecoder getPacket
严重: Error decoding packet - unknown element 0x02 0x0000 position 0
三月 16, 2015 9:50:12 上午 org.ccnx.ccn.impl.encoding.BinaryXMLDecoder getPacket
严重: Error decoding packet - unknown element 0x02 0x0025 position 0
三月 16, 2015 9:50:12 上午 org.ccnx.ccn.impl.encoding.BinaryXMLDecoder getPacket
严重: Error decoding packet - unknown element 0x02 0x0005 position 0
三月 16, 2015 9:50:12 上午 org.ccnx.ccn.impl.encoding.BinaryXMLDecoder getPacket
严重: Error decoding packet - unknown element 0x02 0x0036 position 0
三月 16, 2015 9:50:12 上午 org.ccnx.ccn.impl.encoding.BinaryXMLDecoder getPacket
严重: Error decoding packet - unknown element 0x02 0x0006 position 0
三月 16, 2015 9:50:12 上午 org.ccnx.ccn.impl.encoding.BinaryXMLDecoder getPacket
严重: Error decoding packet - unknown element 0x02 0x2d924 position 0
三月 16, 2015 9:50:12 上午 org.ccnx.ccn.impl.encoding.BinaryXMLDecoder getPacket
严重: Error decoding packet - unknown element 0x02 0x0124 position 0
三月 16, 2015 9:50:12 上午 org.ccnx.ccn.impl.encoding.BinaryXMLDecoder getPacket
严重: Error decoding packet - unknown element 0x02 0x0004 position 0
三月 16, 2015 9:50:12 上午 org.ccnx.ccn.impl.encoding.BinaryXMLDecoder getPacket
严重: Error decoding packet - unknown element 0x02 0x0005 position 0
三月 16, 2015 9:50:12 上午 org.ccnx.ccn.impl.encoding.BinaryXMLDecoder getPacket
严重: Error decoding packet - unknown element 0x02 0x000e position 0
三月 16, 2015 9:50:12 上午 org.ccnx.ccn.impl.encoding.BinaryXMLDecoder getPacket
严重: Error decoding packet - unknown element 0x02 0x000b position 0
三月 16, 2015 9:50:12 上午 org.ccnx.ccn.impl.encoding.BinaryXMLDecoder getPacket
严重: Error decoding packet - unknown element 0x02 0xe27598 position 0
三月 16, 2015 9:50:12 上午 org.ccnx.ccn.impl.encoding.BinaryXMLDecoder getPacket
严重: Error decoding packet - unknown element 0x02 0x27598 position 0
三月 16, 2015 9:50:12 上午 org.ccnx.ccn.impl.encoding.BinaryXMLDecoder getPacket
严重: Error decoding packet - unknown element 0x02 0x0598 position 0
三月 16, 2015 9:50:12 上午 org.ccnx.ccn.impl.encoding.BinaryXMLDecoder getPacket
严重: Error decoding packet - unknown element 0x02 0x0008 position 0
三月 16, 2015 9:50:12 上午 org.ccnx.ccn.impl.encoding.BinaryXMLDecoder getPacket
严重: Error decoding packet - unknown element 0x02 0x000e position 0
三月 16, 2015 9:50:12 上午 org.ccnx.ccn.impl.encoding.BinaryXMLDecoder getPacket
严重: Error decoding packet - unknown element 0x02 0x000f position 0
三月 16, 2015 9:50:12 上午 org.ccnx.ccn.impl.encoding.BinaryXMLDecoder getPacket
严重: Error decoding packet - unknown element 0x02 0xcbcfa00f position 0
三月 16, 2015 9:50:12 上午 org.ccnx.ccn.impl.encoding.BinaryXMLDecoder getPacket
严重: Error decoding packet - unknown element 0x02 0xcbcfa00f position 0
三月 16, 2015 9:50:12 上午 org.ccnx.ccn.impl.encoding.BinaryXMLDecoder getPacket
严重: Error decoding packet - unknown element 0x02 0x1cfa00f position 0
三月 16, 2015 9:50:12 上午 org.ccnx.ccn.impl.encoding.BinaryXMLDecoder getPacket
严重: Error decoding packet - unknown element 0x02 0x3a00f position 0
三月 16, 2015 9:50:12 上午 org.ccnx.ccn.impl.encoding.BinaryXMLDecoder getPacket
严重: Error decoding packet - unknown element 0x02 0x000f position 0
三月 16, 2015 9:50:12 上午 org.ccnx.ccn.impl.encoding.BinaryXMLDecoder getPacket
严重: Error decoding packet - unknown element 0x02 0xc8000014 position 0
三月 16, 2015 9:50:12 上午 org.ccnx.ccn.impl.encoding.BinaryXMLDecoder getPacket
严重: Error decoding packet - unknown element 0x02 0xc8000014 position 0
三月 16, 2015 9:50:12 上午 org.ccnx.ccn.impl.encoding.BinaryXMLDecoder getPacket
严重: Error decoding packet - unknown element 0x02 0xc8000014 position 0
三月 16, 2015 9:50:12 上午 org.ccnx.ccn.impl.encoding.BinaryXMLDecoder getPacket
严重: Error decoding packet - unknown element 0x02 0x0014 position 0
三月 16, 2015 9:50:12 上午 org.ccnx.ccn.impl.encoding.BinaryXMLDecoder getPacket
严重: Error decoding packet - unknown element 0x02 0x0004 position 0
三月 16, 2015 9:50:12 上午 org.ccnx.ccn.impl.encoding.BinaryXMLDecoder getPacket
严重: Error decoding packet - unknown element 0x02 0x003c position 0
三月 16, 2015 9:50:12 上午 org.ccnx.ccn.impl.encoding.BinaryXMLDecoder getPacket
严重: Error decoding packet - unknown element 0x02 0x000c position 0
三月 16, 2015 9:50:12 上午 org.ccnx.ccn.impl.encoding.BinaryXMLDecoder getPacket
严重: Error decoding packet - unknown element 0x02 0x000b position 0
三月 16, 2015 9:50:12 上午 org.ccnx.ccn.impl.encoding.BinaryXMLDecoder getPacket
严重: Error decoding packet - unknown element 0x02 0xf4110d2e position 0
三月 16, 2015 9:50:12 上午 org.ccnx.ccn.impl.encoding.BinaryXMLDecoder getPacket
严重: Error decoding packet - unknown element 0x02 0x110d2e position 0
三月 16, 2015 9:50:12 上午 org.ccnx.ccn.impl.encoding.BinaryXMLDecoder getPacket
严重: Error decoding packet - unknown element 0x02 0x10d2e position 0
三月 16, 2015 9:50:12 上午 org.ccnx.ccn.impl.encoding.BinaryXMLDecoder getPacket
严重: Error decoding packet - unknown element 0x02 0x052e position 0
三月 16, 2015 9:50:12 上午 org.ccnx.ccn.impl.encoding.BinaryXMLDecoder getPacket
严重: Error decoding packet - unknown element 0x02 0x000e position 0
三月 16, 2015 9:50:12 上午 org.ccnx.ccn.impl.encoding.BinaryXMLDecoder getPacket
严重: Error decoding packet - unknown element 0x02 0x3f8a5 position 0
三月 16, 2015 9:50:12 上午 org.ccnx.ccn.impl.encoding.BinaryXMLDecoder getPacket
严重: Error decoding packet - unknown element 0x02 0x00a5 position 0
三月 16, 2015 9:50:12 上午 org.ccnx.ccn.impl.encoding.BinaryXMLDecoder getPacket
严重: Error decoding packet - unknown element 0x02 0x0005 position 0
三月 16, 2015 9:50:12 上午 org.ccnx.ccn.impl.encoding.BinaryXMLDecoder getPacket
严重: Error decoding packet - unknown element 0x02 0x03b4 position 0
三月 16, 2015 9:50:12 上午 org.ccnx.ccn.impl.encoding.BinaryXMLDecoder getPacket
严重: Error decoding packet - unknown element 0x02 0x0004 position 0
三月 16, 2015 9:50:12 上午 org.ccnx.ccn.impl.encoding.BinaryXMLDecoder beginDecoding
严重: Saw error: Unexpected EOF - attempting resync
三月 16, 2015 9:50:12 上午 org.ccnx.ccn.impl.encoding.BinaryXMLDecoder getPacket
严重: Error decoding packet - unknown element 0x02 0x0000 position 0
三月 16, 2015 9:50:12 上午 org.ccnx.ccn.impl.encoding.BinaryXMLDecoder getPacket
严重: Error decoding packet - unknown element 0x02 0x0025 position 0
三月 16, 2015 9:50:12 上午 org.ccnx.ccn.impl.encoding.BinaryXMLDecoder getPacket
严重: Error decoding packet - unknown element 0x02 0x0005 position 0
三月 16, 2015 9:50:12 上午 org.ccnx.ccn.impl.encoding.BinaryXMLDecoder getPacket
严重: Error decoding packet - unknown element 0x02 0x0036 position 0
三月 16, 2015 9:50:12 上午 org.ccnx.ccn.impl.encoding.BinaryXMLDecoder getPacket
严重: Error decoding packet - unknown element 0x02 0x0006 position 0
三月 16, 2015 9:50:12 上午 org.ccnx.ccn.impl.encoding.BinaryXMLDecoder getPacket
严重: Error decoding packet - unknown element 0x02 0x2d924 position 0
三月 16, 2015 9:50:12 上午 org.ccnx.ccn.impl.encoding.BinaryXMLDecoder getPacket
严重: Error decoding packet - unknown element 0x02 0x0124 position 0
三月 16, 2015 9:50:12 上午 org.ccnx.ccn.impl.encoding.BinaryXMLDecoder getPacket
严重: Error decoding packet - unknown element 0x02 0x0004 position 0
三月 16, 2015 9:50:12 上午 org.ccnx.ccn.impl.encoding.BinaryXMLDecoder getPacket
严重: Error decoding packet - unknown element 0x02 0x0005 position 0
三月 16, 2015 9:50:12 上午 org.ccnx.ccn.impl.encoding.BinaryXMLDecoder getPacket
严重: Error decoding packet - unknown element 0x02 0x000e position 0
三月 16, 2015 9:50:12 上午 org.ccnx.ccn.impl.encoding.BinaryXMLDecoder getPacket
严重: Error decoding packet - unknown element 0x02 0x000b position 0
三月 16, 2015 9:50:12 上午 org.ccnx.ccn.impl.encoding.BinaryXMLDecoder getPacket
严重: Error decoding packet - unknown element 0x02 0x713ac81a position 0
三月 16, 2015 9:50:12 上午 org.ccnx.ccn.impl.encoding.BinaryXMLDecoder getPacket
严重: Error decoding packet - unknown element 0x02 0x13ac81a position 0
三月 16, 2015 9:50:12 上午 org.ccnx.ccn.impl.encoding.BinaryXMLDecoder getPacket
严重: Error decoding packet - unknown element 0x02 0x2c81a position 0
三月 16, 2015 9:50:12 上午 org.ccnx.ccn.encoding.DecoderTest testResync
信息: Completed testResync
三月 16, 2015 9:50:12 上午 org.ccnx.ccn.encoding.TextXMLCodecTest testTagMap
信息: Starting testTagMap
三月 16, 2015 9:50:12 上午 org.ccnx.ccn.encoding.TextXMLCodecTest testTagMap
信息: Completed testTagMap
三月 16, 2015 9:50:12 上午 org.ccnx.ccn.encoding.TextXMLCodecTest testParseDateTime
信息: Starting testParseDateTime
三月 16, 2015 9:50:12 上午 org.ccnx.ccn.encoding.TextXMLCodecTest testParseDateTime
信息: Completed testParseDateTime
三月 16, 2015 9:50:13 上午 org.ccnx.ccn.impl.InterestTableTest testAdd
信息: Starting testAdd
三月 16, 2015 9:50:13 上午 org.ccnx.ccn.impl.InterestTableTest testAdd
信息: Completed testAdd
三月 16, 2015 9:50:13 上午 org.ccnx.ccn.impl.InterestTableTest testMatchName
信息: Starting testMatchName
三月 16, 2015 9:50:13 上午 org.ccnx.ccn.impl.InterestTableTest testMatchName
信息: Completed testMatchName
三月 16, 2015 9:50:13 上午 org.ccnx.ccn.impl.InterestTableTest testMatchPub
信息: Starting testMatchPub
三月 16, 2015 9:50:13 上午 org.ccnx.ccn.impl.InterestTableTest testMatchPub
信息: Completed testMatchPub
三月 16, 2015 9:50:13 上午 org.ccnx.ccn.impl.InterestTableTest testSimpleRemoves
信息: Starting testSimpleRemoves
三月 16, 2015 9:50:13 上午 org.ccnx.ccn.impl.InterestTableTest testSimpleRemoves
信息: Completed testSimpleRemoves
三月 16, 2015 9:50:13 上午 org.ccnx.ccn.impl.InterestTableTest testRemovesPub
信息: Starting testRemovesPub
三月 16, 2015 9:50:13 上午 org.ccnx.ccn.impl.InterestTableTest testRemovesPub
信息: Completed testRemovesPub
三月 16, 2015 9:50:13 上午 org.ccnx.ccn.impl.InterestTableTest testMatchNext
信息: Starting testMatchNext
三月 16, 2015 9:50:13 上午 org.ccnx.ccn.impl.InterestTableTest testMatchNext
信息: Completed testMatchNext
三月 16, 2015 9:50:13 上午 org.ccnx.ccn.impl.InterestTableTest testMatchLast
信息: Starting testMatchLast
三月 16, 2015 9:50:13 上午 org.ccnx.ccn.impl.InterestTableTest testMatchLast
信息: Completed testMatchLast
三月 16, 2015 9:50:13 上午 org.ccnx.ccn.impl.InterestTableTest testRemovesNext
信息: Starting testRemovesNext
三月 16, 2015 9:50:13 上午 org.ccnx.ccn.impl.InterestTableTest testRemovesNext
信息: Completed testRemovesNext
三月 16, 2015 9:50:13 上午 org.ccnx.ccn.impl.InterestTableTest testRemovesLast
信息: Starting testRemovesLast
三月 16, 2015 9:50:13 上午 org.ccnx.ccn.impl.InterestTableTest testRemovesLast
信息: Completed testRemovesLast
三月 16, 2015 9:50:13 上午 org.ccnx.ccn.impl.InterestTableTest testLRU
信息: Starting testLRU
三月 16, 2015 9:50:13 上午 org.ccnx.ccn.impl.InterestTable add
信息: removing entry associated with name /a
三月 16, 2015 9:50:13 上午 org.ccnx.ccn.impl.InterestTable add
信息: removing entry associated with name /c
三月 16, 2015 9:50:13 上午 org.ccnx.ccn.impl.InterestTable add
信息: removing entry associated with name /b
三月 16, 2015 9:50:13 上午 org.ccnx.ccn.impl.InterestTable add
信息: removing entry associated with name /a/bb
三月 16, 2015 9:50:13 上午 org.ccnx.ccn.impl.InterestTableTest testLRU
信息: Completed testLRU
三月 16, 2015 9:50:13 上午 org.ccnx.ccn.impl.LogTest writeLog
信息: test me all
三月 16, 2015 9:50:13 上午 org.ccnx.ccn.impl.LogTest writeLog
信息: test me level
三月 16, 2015 9:50:13 上午 org.ccnx.ccn.impl.LogTest writeLog
信息: test me all
三月 16, 2015 9:50:13 上午 org.ccnx.ccn.impl.LogTest writeLog
信息: test me level
三月 16, 2015 9:50:13 上午 org.ccnx.ccn.impl.LogTest writeLog
信息: test me all
三月 16, 2015 9:50:13 上午 org.ccnx.ccn.impl.LogTest writeLog
信息: test me level
三月 16, 2015 9:50:13 上午 org.ccnx.ccn.impl.LogTest writeLog
警告: test me all
三月 16, 2015 9:50:13 上午 org.ccnx.ccn.impl.LogTest writeLog
警告: test me level
三月 16, 2015 9:50:13 上午 org.ccnx.ccn.impl.LogTest writeLog
警告: test me all
三月 16, 2015 9:50:13 上午 org.ccnx.ccn.impl.LogTest writeLog
警告: test me level
三月 16, 2015 9:50:13 上午 org.ccnx.ccn.impl.LogTest writeLog
严重: test me all
三月 16, 2015 9:50:13 上午 org.ccnx.ccn.impl.LogTest writeLog
严重: test me level
三月 16, 2015 9:50:13 上午 org.ccnx.ccn.impl.LogTest writeLog
严重: test me all
三月 16, 2015 9:50:13 上午 org.ccnx.ccn.impl.LogTest writeLog
严重: test me level
三月 16, 2015 9:50:13 上午 org.ccnx.ccn.impl.security.keys.MergeSecureKeyCacheTest testDisjointMerge
信息: Starting testDisjointMerge
三月 16, 2015 9:50:13 上午 org.ccnx.ccn.impl.security.keys.SecureKeyCache addPrivateKey
信息: SecureKeyCache: adding private key 98863b2d2d8f0eb663ef8526c04c20cea63bec9a914ae3e6b0a7fe18eb37faac with name /test/priv1
三月 16, 2015 9:50:13 上午 org.ccnx.ccn.impl.security.keys.SecureKeyCache addMySigningKey
信息: SecureKeyCache: adding my private key 17dc348d72b35cf6200843c8f30689df3f074fe310db22d950ee4e4e531eeeef
三月 16, 2015 9:50:13 上午 org.ccnx.ccn.impl.security.keys.SecureKeyCache addKey
信息: SecureKeyCache: adding key b401f4ee97722ea0925e8e93bfb82739b4ec37574f8ff80b4eb914d86b9b33a with name /test/key1 of type javax.crypto.spec.SecretKeySpec
三月 16, 2015 9:50:13 上午 org.ccnx.ccn.impl.security.keys.SecureKeyCache addPrivateKey
信息: SecureKeyCache: adding private key 3ded2d9dc4e204eb5699d438c39b138cb8a58a96c17d7bc2ac22d5c455cf776e with name /test/priv2
三月 16, 2015 9:50:13 上午 org.ccnx.ccn.impl.security.keys.SecureKeyCache addMySigningKey
信息: SecureKeyCache: adding my private key 9e7f06c50a005cdf2f43f5b74885b7412a40eadeba639d25dfd077b1860654b7
三月 16, 2015 9:50:13 上午 org.ccnx.ccn.impl.security.keys.SecureKeyCache addKey
信息: SecureKeyCache: adding key 45a2f0133144c61cd374d11a70b6fad49137c8b038e391301fd2e9777648f3c7 with name /test/key2 of type javax.crypto.spec.SecretKeySpec
三月 16, 2015 9:50:13 上午 org.ccnx.ccn.impl.security.keys.SecureKeyCache addMySigningKey
信息: SecureKeyCache: adding my private key 9e7f06c50a005cdf2f43f5b74885b7412a40eadeba639d25dfd077b1860654b7
三月 16, 2015 9:50:13 上午 org.ccnx.ccn.impl.security.keys.SecureKeyCache addPrivateKey
信息: SecureKeyCache: adding private key 3ded2d9dc4e204eb5699d438c39b138cb8a58a96c17d7bc2ac22d5c455cf776e with name /test/priv2
三月 16, 2015 9:50:13 上午 org.ccnx.ccn.impl.security.keys.SecureKeyCache addKey
信息: SecureKeyCache: adding key 45a2f0133144c61cd374d11a70b6fad49137c8b038e391301fd2e9777648f3c7 with name /test/key2 of type javax.crypto.spec.SecretKeySpec
三月 16, 2015 9:50:13 上午 org.ccnx.ccn.impl.security.keys.MergeSecureKeyCacheTest testDisjointMerge
信息: Completed testDisjointMerge
三月 16, 2015 9:50:13 上午 org.ccnx.ccn.impl.security.keys.MergeSecureKeyCacheTest testSameCache
信息: Starting testSameCache
三月 16, 2015 9:50:13 上午 org.ccnx.ccn.impl.security.keys.SecureKeyCache addPrivateKey
信息: SecureKeyCache: adding private key 61e6bc602ee21e6284eb83c20827c4868c738dff42d892b7114a756b5ea7534 with name /test/priv1
三月 16, 2015 9:50:13 上午 org.ccnx.ccn.impl.security.keys.SecureKeyCache addMySigningKey
信息: SecureKeyCache: adding my private key fac186899b7b9276b807e56953425879e146c6adfc786aa981cb7e4f2561c9ce
三月 16, 2015 9:50:13 上午 org.ccnx.ccn.impl.security.keys.SecureKeyCache addKey
信息: SecureKeyCache: adding key 5861184fce442ceed0191df9523d44584193ebf1f7f261ddc1fe7f80ade81fb1 with name /test/key1 of type javax.crypto.spec.SecretKeySpec
三月 16, 2015 9:50:13 上午 org.ccnx.ccn.impl.security.keys.SecureKeyCache addPrivateKey
信息: SecureKeyCache: adding private key 5816808fd081b1d6355806b4f2a9ab398dbe0a3e946ff559d0351ea31a8b694c with name /test/priv2
三月 16, 2015 9:50:13 上午 org.ccnx.ccn.impl.security.keys.SecureKeyCache addMySigningKey
信息: SecureKeyCache: adding my private key 17601b39ac0ea9a690bd15e1d9b60180c6a86e17e41c457b08f98305d0ace9d0
三月 16, 2015 9:50:13 上午 org.ccnx.ccn.impl.security.keys.SecureKeyCache addKey
信息: SecureKeyCache: adding key da4cc656677ab3c3c51bacae26d3d0325e634aec95d740af8e23f9f1e5e0d210 with name /test/key2 of type javax.crypto.spec.SecretKeySpec
三月 16, 2015 9:50:13 上午 org.ccnx.ccn.impl.security.keys.MergeSecureKeyCacheTest testSameCache
信息: Completed testSameCache
三月 16, 2015 9:50:13 上午 org.ccnx.ccn.impl.security.keys.MergeSecureKeyCacheTest testDomination
信息: Started testDomination
三月 16, 2015 9:50:13 上午 org.ccnx.ccn.impl.security.keys.SecureKeyCache addPrivateKey
信息: SecureKeyCache: adding private key 511025efe1aac169794da69bf5804a738b38e97caa32fbbbeee5081c706ed2f3 with name /test/priv1
三月 16, 2015 9:50:13 上午 org.ccnx.ccn.impl.security.keys.SecureKeyCache addMySigningKey
信息: SecureKeyCache: adding my private key 97c0f1fabc6eced2a9975948c7e988d7e3232390471a8b778a851495959d4876
三月 16, 2015 9:50:13 上午 org.ccnx.ccn.impl.security.keys.SecureKeyCache addKey
信息: SecureKeyCache: adding key da775164c30621966a3781ca3c5c2113f227b3ba83dc4394a26bc77b1dd7ae44 with name /test/key1 of type javax.crypto.spec.SecretKeySpec
三月 16, 2015 9:50:13 上午 org.ccnx.ccn.impl.security.keys.SecureKeyCache addPrivateKey
信息: SecureKeyCache: adding private key 511025efe1aac169794da69bf5804a738b38e97caa32fbbbeee5081c706ed2f3 with name /test/newpriv
三月 16, 2015 9:50:13 上午 org.ccnx.ccn.impl.security.keys.SecureKeyCache addMySigningKey
信息: SecureKeyCache: adding my private key 97c0f1fabc6eced2a9975948c7e988d7e3232390471a8b778a851495959d4876
三月 16, 2015 9:50:13 上午 org.ccnx.ccn.impl.security.keys.SecureKeyCache addKey
信息: SecureKeyCache: adding key da775164c30621966a3781ca3c5c2113f227b3ba83dc4394a26bc77b1dd7ae44 with name /test/newkey of type javax.crypto.spec.SecretKeySpec
三月 16, 2015 9:50:13 上午 org.ccnx.ccn.impl.security.keys.MergeSecureKeyCacheTest testDomination
信息: Completed testDomination
三月 16, 2015 9:50:13 上午 org.ccnx.ccn.impl.security.keys.SecureKeyCache addPrivateKey
信息: SecureKeyCache: adding private key de493cc61daf2413b587ec4e907cbe7d59bfc7310440235d014b7595149565c8 with name /test/priv
三月 16, 2015 9:50:13 上午 org.ccnx.ccn.impl.security.keys.SecureKeyCache addMySigningKey
信息: SecureKeyCache: adding my private key 3cf55904ab79725ebde40b54dcabdc8977f4d8326647687b8d23b81f515cf37c
三月 16, 2015 9:50:13 上午 org.ccnx.ccn.impl.security.keys.SecureKeyCache addKey
信息: SecureKeyCache: adding key 7339740d8b12f7c389512174bb25ae2fde59608bccef885ed001d5293ea66d3f with name /test/key of type javax.crypto.spec.SecretKeySpec
三月 16, 2015 9:50:13 上午 org.ccnx.ccn.impl.security.keys.SaveSecureKeyCacheTest testReadSecureKeyCache
信息: Started testReadSecureKeyCache
三月 16, 2015 9:50:13 上午 org.ccnx.ccn.impl.security.keys.SaveSecureKeyCacheTest testReadSecureKeyCache
信息: Completed testReadSecureKeyCache
三月 16, 2015 9:50:13 上午 org.ccnx.ccn.protocol.CCNTimeTest testSetTime
信息: Starting testSetTime
三月 16, 2015 9:50:13 上午 org.ccnx.ccn.protocol.CCNTimeTest testSetTime
信息: Completed testSetTime
三月 16, 2015 9:50:13 上午 org.ccnx.ccn.protocol.CCNTimeTest testSetNanos
信息: Starting testSetNanos
三月 16, 2015 9:50:13 上午 org.ccnx.ccn.protocol.CCNTimeTest testSetNanos
信息: Completed testSetNanos
三月 16, 2015 9:50:13 上午 org.ccnx.ccn.protocol.CCNTimeTest testCCNTimeLong
信息: Starting testCCNTimeLong
三月 16, 2015 9:50:13 上午 org.ccnx.ccn.protocol.CCNTimeTest testCCNTimeLong
信息: Completed testCCNTimeLong
三月 16, 2015 9:50:13 上午 org.ccnx.ccn.protocol.CCNTimeTest testCCNTimeTimestamp
信息: Starting testCCNTimeTimestamp
三月 16, 2015 9:50:13 上午 org.ccnx.ccn.protocol.CCNTimeTest testCCNTimeTimestamp
信息: Completed testCCNTimeTimestamp
三月 16, 2015 9:50:13 上午 org.ccnx.ccn.protocol.CCNTimeTest testCCNTimeDate
信息: Starting testCCNTimeDate
三月 16, 2015 9:50:13 上午 org.ccnx.ccn.protocol.CCNTimeTest testCCNTimeDate
信息: Completed testCCNTimeDate
三月 16, 2015 9:50:13 上午 org.ccnx.ccn.protocol.CCNTimeTest testCCNTime
信息: Starting testCCNTime
三月 16, 2015 9:50:13 上午 org.ccnx.ccn.protocol.CCNTimeTest testCCNTime
信息: Completed testCCNTime
三月 16, 2015 9:50:13 上午 org.ccnx.ccn.protocol.CCNTimeTest testCompareToDate
信息: Starting testCompareToDate
三月 16, 2015 9:50:13 上午 org.ccnx.ccn.protocol.CCNTimeTest testCompareToDate
信息: Completed testCompareToDate
三月 16, 2015 9:50:13 上午 org.ccnx.ccn.protocol.CCNTimeTest testCompareToTimestamp
信息: Starting testCompareToTimestamp
三月 16, 2015 9:50:13 上午 org.ccnx.ccn.protocol.CCNTimeTest testCompareToTimestamp
信息: Completed testCompareToTimestamp
三月 16, 2015 9:50:13 上午 org.ccnx.ccn.protocol.CCNTimeTest testBeforeAfterTimestamp
信息: Starting testBeforeAfterTimestamp
三月 16, 2015 9:50:13 上午 org.ccnx.ccn.protocol.CCNTimeTest testBeforeAfterTimestamp
信息: Completed testBeforeAfterTimestamp
三月 16, 2015 9:50:13 上午 org.ccnx.ccn.protocol.CCNTimeTest testBeforeAfterDate
信息: Starting testBeforeAfterDate
三月 16, 2015 9:50:13 上午 org.ccnx.ccn.protocol.CCNTimeTest testBeforeAfterDate
信息: Completed testBeforeAfterDate
三月 16, 2015 9:50:13 上午 org.ccnx.ccn.protocol.CCNTimeTest testNow
信息: Starting testNow
三月 16, 2015 9:50:13 上午 org.ccnx.ccn.protocol.CCNTimeTest testNow
信息: Completed testNow
三月 16, 2015 9:50:13 上午 org.ccnx.ccn.protocol.CCNTimeTest testBinaryArray
信息: Starting testBinaryArray
三月 16, 2015 9:50:13 上午 org.ccnx.ccn.protocol.CCNTimeTest testBinaryArray
信息: Completed testBinaryArray
三月 16, 2015 9:50:13 上午 org.ccnx.ccn.protocol.ContentNameTest testContentNameString
信息: Starting testContentNameString
三月 16, 2015 9:50:13 上午 org.ccnx.ccn.protocol.ContentNameTest testContentNameString
信息: Completed testContentNameString
三月 16, 2015 9:50:13 上午 org.ccnx.ccn.protocol.ContentNameTest testContentNameStringException
信息: Starting testContentNameStringException
三月 16, 2015 9:50:13 上午 org.ccnx.ccn.protocol.ContentNameTest testContentNameStringException
信息: Completed testContentNameStringException
三月 16, 2015 9:50:13 上午 org.ccnx.ccn.protocol.ContentNameTest testContentNameStringArray
信息: Starting testContentNameStringArray
三月 16, 2015 9:50:13 上午 org.ccnx.ccn.protocol.ContentNameTest testContentNameStringArray
信息: Completed testContentNameStringArray
三月 16, 2015 9:50:13 上午 org.ccnx.ccn.protocol.ContentNameTest testEncoding
信息: Starting testEncoding
三月 16, 2015 9:50:13 上午 org.ccnx.ccn.protocol.ContentNameTest testEncoding
信息: Completed testEncoding
三月 16, 2015 9:50:13 上午 org.ccnx.ccn.protocol.ContentNameTest testContentNameByteArrayArray
信息: Starting testContentNameByteArrayArray
三月 16, 2015 9:50:13 上午 org.ccnx.ccn.protocol.ContentNameTest testContentNameByteArrayArray
信息: Completed testContentNameByteArrayArray
三月 16, 2015 9:50:13 上午 org.ccnx.ccn.protocol.ContentNameTest testMultilevelString
信息: Starting testMultilevelString
三月 16, 2015 9:50:13 上午 org.ccnx.ccn.protocol.ContentNameTest testMultilevelString
信息: Completed testMultilevelString
三月 16, 2015 9:50:13 上午 org.ccnx.ccn.protocol.ContentNameTest testInvalidContentNameByteArrayArray
信息: Starting testInvalidContentNameByteArrayArray
三月 16, 2015 9:50:13 上午 org.ccnx.ccn.protocol.ContentNameTest testInvalidContentNameByteArrayArray
信息: Completed testInvalidContentNameByteArrayArray
三月 16, 2015 9:50:13 上午 org.ccnx.ccn.protocol.ContentNameTest testParent
信息: Starting testParent
三月 16, 2015 9:50:13 上午 org.ccnx.ccn.protocol.ContentNameTest testParent
信息: Completed testParent
三月 16, 2015 9:50:13 上午 org.ccnx.ccn.protocol.ContentNameTest testEncodeOutputStream
信息: Starting testEncodeOutputStream
三月 16, 2015 9:50:13 上午 org.ccnx.ccn.protocol.ContentNameTest testEncodeOutputStream
信息: Completed testEncodeOutputStream
三月 16, 2015 9:50:13 上午 org.ccnx.ccn.protocol.ContentNameTest testDecodeInputStream
信息: Starting testDecodeInputStream
三月 16, 2015 9:50:13 上午 org.ccnx.ccn.protocol.ContentNameTest testDecodeInputStream
信息: Completed testDecodeInputStream
三月 16, 2015 9:50:13 上午 org.ccnx.ccn.protocol.ContentNameTest testEncodingDecoding
信息: Starting testEncodingDecoding
三月 16, 2015 9:50:13 上午 org.ccnx.ccn.protocol.ContentNameTest testEncodingDecoding
信息: Completed testEncodingDecoding
三月 16, 2015 9:50:13 上午 org.ccnx.ccn.protocol.ContentNameTest testRelations
信息: Starting testRelations
三月 16, 2015 9:50:13 上午 org.ccnx.ccn.protocol.ContentNameTest testRelations
信息: Completed testRelations
三月 16, 2015 9:50:13 上午 org.ccnx.ccn.protocol.ContentNameTest testContentNameParsePerformance
信息: Starting testContentNameParsePerformance
三月 16, 2015 9:50:14 上午 org.ccnx.ccn.protocol.ContentNameTest testContentNameParsePerformance
信息: Completed testContentNameParsePerformance
三月 16, 2015 9:50:15 上午 org.ccnx.ccn.protocol.ContentNameTest testContentNamePrintPerformance
信息: Starting testContentNamePrintPerformance
三月 16, 2015 9:50:16 上午 org.ccnx.ccn.protocol.ContentNameTest testContentNamePrintPerformance
信息: Completed testContentNamePrintPerformance
三月 16, 2015 9:50:16 上午 org.ccnx.ccn.protocol.ContentNameTest testPostfix
信息: Starting testPostfix
三月 16, 2015 9:50:16 上午 org.ccnx.ccn.protocol.ContentNameTest testPostfix
信息: Completed testPostfix
三月 16, 2015 9:50:16 上午 org.ccnx.ccn.protocol.ContentNameTest testNameManipulation
信息: Starting testNameManipulation
三月 16, 2015 9:50:16 上午 org.ccnx.ccn.protocol.ContentNameTest testNameManipulation
信息: Completed testNameManipulation
三月 16, 2015 9:50:16 上午 org.ccnx.ccn.protocol.ContentObjectTest testDecodeInputStream
信息: Starting testDecodeInputStream
三月 16, 2015 9:50:16 上午 org.ccnx.ccn.protocol.ContentObjectTest testDecodeInputStream
信息: Completed testDecodeInputStream
三月 16, 2015 9:50:16 上午 org.ccnx.ccn.protocol.ContentObjectTest testImmutable
信息: Starting testImmutable
三月 16, 2015 9:50:16 上午 org.ccnx.ccn.protocol.ContentObjectTest testImmutable
信息: Completed testImmutable
三月 16, 2015 9:50:16 上午 org.ccnx.ccn.protocol.ContentObjectTest testDigest
信息: Starting testDigest
三月 16, 2015 9:50:16 上午 org.ccnx.ccn.protocol.ContentObjectTest testDigest
信息: Completed testDigest
三月 16, 2015 9:50:16 上午 org.ccnx.ccn.protocol.ExcludeTest testAdd
信息: Starting testAdd
三月 16, 2015 9:50:16 上午 org.ccnx.ccn.protocol.ExcludeTest testAdd
信息: Completed testAdd
三月 16, 2015 9:50:16 上午 org.ccnx.ccn.protocol.ExcludeTest testExcludeArrayListOfElementFails
信息: Starting testExcludeArrayListOfElementFails
三月 16, 2015 9:50:16 上午 org.ccnx.ccn.protocol.ExcludeTest testExcludeArrayListOfElementFails2
信息: Starting testExcludeArrayListOfElementFails2
三月 16, 2015 9:50:16 上午 org.ccnx.ccn.protocol.ExcludeTest testExcludeArrayListOfElementFails3
信息: Starting testExcludeArrayListOfElementFails3
三月 16, 2015 9:50:16 上午 org.ccnx.ccn.protocol.ExcludeTest testExcludeArrayListOfElement
信息: Starting testExcludeArrayListOfElement
三月 16, 2015 9:50:16 上午 org.ccnx.ccn.protocol.ExcludeTest testExcludeArrayListOfElement
信息: Completed testExcludeArrayListOfElement
三月 16, 2015 9:50:16 上午 org.ccnx.ccn.protocol.ExcludeTest testExcludeByteArrayArray
信息: Starting testExcludeByteArrayArray
三月 16, 2015 9:50:16 上午 org.ccnx.ccn.protocol.ExcludeTest testExcludeByteArrayArray
信息: Completed testExcludeByteArrayArray
三月 16, 2015 9:50:16 上午 org.ccnx.ccn.protocol.ExcludeTest testUptoFactory
信息: Starting testUptoFactory
三月 16, 2015 9:50:16 上午 org.ccnx.ccn.protocol.ExcludeTest testUptoFactory
信息: Completed testUptoFactory
三月 16, 2015 9:50:16 上午 org.ccnx.ccn.protocol.ExcludeTest testFactory
信息: Starting testFactory
三月 16, 2015 9:50:16 上午 org.ccnx.ccn.protocol.ExcludeTest testFactory
信息: Completed testFactory
三月 16, 2015 9:50:16 上午 org.ccnx.ccn.protocol.ExcludeTest testMatchBloom
信息: Starting testMatchBloom
三月 16, 2015 9:50:16 上午 org.ccnx.ccn.protocol.ExcludeTest testMatchBloom
信息: Completed testMatchBloom
三月 16, 2015 9:50:16 上午 org.ccnx.ccn.protocol.ExcludeTest testEmpty
信息: Starting testEmpty
三月 16, 2015 9:50:16 上午 org.ccnx.ccn.protocol.ExcludeTest testEmpty
信息: Completed testEmpty
三月 16, 2015 9:50:16 上午 org.ccnx.ccn.protocol.ExcludeTest testEqualsObject
信息: Starting testEqualsObject
三月 16, 2015 9:50:16 上午 org.ccnx.ccn.protocol.ExcludeTest testEqualsObject
信息: Completed testEqualsObject
三月 16, 2015 9:50:16 上午 org.ccnx.ccn.protocol.ExcludeTest testSize
信息: Starting testSize
三月 16, 2015 9:50:16 上午 org.ccnx.ccn.protocol.ExcludeTest testSize
信息: Completed testSize
三月 16, 2015 9:50:16 上午 org.ccnx.ccn.protocol.ExcludeTest testEncodeDecode
信息: Starting testEncodeDecode
三月 16, 2015 9:50:16 上午 org.ccnx.ccn.protocol.ExcludeTest testEncodeDecode
信息: Completed testEncodeDecode
三月 16, 2015 9:50:16 上午 org.ccnx.ccn.protocol.InterestTest testSimpleInterest
信息: Starting testSimpleInterest
三月 16, 2015 9:50:16 上午 org.ccnx.ccn.protocol.InterestTest testSimpleInterest
信息: Completed testSimpleInterest
三月 16, 2015 9:50:16 上午 org.ccnx.ccn.protocol.InterestTest testProfileInterests
信息: Starting testProfileInterests
三月 16, 2015 9:50:16 上午 org.ccnx.ccn.protocol.InterestTest testProfileInterests
信息: Completed testProfileInterests
三月 16, 2015 9:50:16 上午 org.ccnx.ccn.protocol.InterestTest testExclude
信息: Starting testExclude
三月 16, 2015 9:50:16 上午 org.ccnx.ccn.protocol.InterestTest testExclude
信息: Completed testExclude
三月 16, 2015 9:50:16 上午 org.ccnx.ccn.protocol.InterestTest testMatch
信息: Starting testMatch
三月 16, 2015 9:50:16 上午 org.ccnx.ccn.protocol.InterestTest testMatch
信息: Completed testMatch
三月 16, 2015 9:50:16 上午 org.ccnx.ccn.protocol.InterestTest testMatchDigest
信息: Starting testMatchDigest
三月 16, 2015 9:50:16 上午 org.ccnx.ccn.protocol.InterestTest testMatchDigest
信息: Completed testMatchDigest
三月 16, 2015 9:50:16 上午 org.ccnx.ccn.protocol.InterestTest testMatchWithExcludedDigest
信息: Starting testMatchWithExcludedDigest
三月 16, 2015 9:50:16 上午 org.ccnx.ccn.protocol.InterestTest testMatchWithExcludedDigest
信息: Completed testMatchWithExcludedDigest
三月 16, 2015 9:50:16 上午 org.ccnx.ccn.protocol.KeyLocatorTest testEncodeOutputStream
信息: Starting testEncodeOutputStream
三月 16, 2015 9:50:16 上午 org.ccnx.ccn.protocol.KeyLocatorTest testEncodeOutputStream
信息: Completed testEncodeOutputStream
三月 16, 2015 9:50:16 上午 org.ccnx.ccn.protocol.PublisherIDTest testDecodeInputStream
信息: Starting testDecodeInputStream
三月 16, 2015 9:50:16 上午 org.ccnx.ccn.protocol.PublisherIDTest testDecodeInputStream
信息: Completed testDecodeInputStream
三月 16, 2015 9:50:16 上午 org.ccnx.ccn.protocol.PublisherIDTest testPublisherToString
信息: Starting testPublisherToString
三月 16, 2015 9:50:16 上午 org.ccnx.ccn.protocol.PublisherPublicKeyDigest <init>
警告: Truncating PublisherPublicKeyDigest to 32 bytes
三月 16, 2015 9:50:16 上午 org.ccnx.ccn.protocol.PublisherIDTest testPublisherToString
信息: Completed testPublisherToString
三月 16, 2015 9:50:16 上午 org.ccnx.ccn.protocol.SignedInfoTest testDecodeInputStream
信息: Starting testDecodeInputStream
三月 16, 2015 9:50:16 上午 org.ccnx.ccn.protocol.SignedInfoTest testDecodeInputStream
信息: Completed testDecodeInputStream
三月 16, 2015 9:50:16 上午 org.ccnx.ccn.protocol.SignedInfoTest testTypes
信息: Starting testTypes
三月 16, 2015 9:50:16 上午 org.ccnx.ccn.protocol.SignedInfoTest testTypes
信息: Completed testTypes
三月 16, 2015 9:50:16 上午 org.ccnx.ccn.io.content.CollectionTest testEqualsObject
信息: Starting testEqualsObject
三月 16, 2015 9:50:16 上午 org.ccnx.ccn.io.content.CollectionTest testEqualsObject
信息: Completed testEqualsObject
三月 16, 2015 9:50:16 上午 org.ccnx.ccn.io.content.CollectionTest testSize
信息: Starting testSize
三月 16, 2015 9:50:16 上午 org.ccnx.ccn.io.content.CollectionTest testSize
信息: Completed testSize
三月 16, 2015 9:50:16 上午 org.ccnx.ccn.io.content.CollectionTest testValidate
信息: Starting testValidate
三月 16, 2015 9:50:16 上午 org.ccnx.ccn.io.content.CollectionTest testValidate
信息: Completed testValidate
三月 16, 2015 9:50:16 上午 org.ccnx.ccn.io.content.CollectionTest testCollectionData
信息: Starting testCollectionData
三月 16, 2015 9:50:16 上午 org.ccnx.ccn.io.content.CollectionTest testCollectionData
信息: Completed testCollectionData
三月 16, 2015 9:50:16 上午 org.ccnx.ccn.io.content.CollectionTest testContents
信息: Starting testContents
三月 16, 2015 9:50:16 上午 org.ccnx.ccn.io.content.CollectionTest testContents
信息: Completed testContents
三月 16, 2015 9:50:16 上午 org.ccnx.ccn.io.content.CollectionTest testAddGet
信息: Starting testAddGet
三月 16, 2015 9:50:16 上午 org.ccnx.ccn.io.content.CollectionTest testAddGet
信息: Completed testAddGet
三月 16, 2015 9:50:16 上午 org.ccnx.ccn.io.content.CollectionTest testRemoveInt
信息: Starting testRemoveInt
三月 16, 2015 9:50:16 上午 org.ccnx.ccn.io.content.CollectionTest testRemoveInt
信息: Completed testRemoveInt
三月 16, 2015 9:50:16 上午 org.ccnx.ccn.io.content.CollectionTest testRemoveLink
信息: Starting testRemoveLink
三月 16, 2015 9:50:16 上午 org.ccnx.ccn.io.content.CollectionTest testRemoveLink
信息: Completed testRemoveLink
三月 16, 2015 9:50:16 上午 org.ccnx.ccn.io.content.CollectionTest testEncodeDecodeStream
信息: Starting testEncodeDecodeStream
三月 16, 2015 9:50:16 上午 org.ccnx.ccn.io.content.CollectionTest testEncodeDecodeStream
信息: Completed testEncodeDecodeStream
三月 16, 2015 9:50:16 上午 org.ccnx.ccn.io.content.CollectionTest testEncodeDecodeByteArray
信息: Starting testEncodeDecodeByteArray
三月 16, 2015 9:50:16 上午 org.ccnx.ccn.io.content.CollectionTest testEncodeDecodeByteArray
信息: Completed testEncodeDecodeByteArray
三月 16, 2015 9:50:16 上午 org.ccnx.ccn.io.content.EncodableObjectTest testSave
信息: Starting testSave
三月 16, 2015 9:50:16 上午 org.ccnx.ccn.io.content.EncodableObjectTest testSave
信息: Completed testSave
三月 16, 2015 9:50:16 上午 org.ccnx.ccn.io.content.EncodableObjectTest testUpdate
信息: Starting testUpdate
三月 16, 2015 9:50:16 上午 org.ccnx.ccn.impl.encoding.BinaryXMLDecoder setElement
信息: Reset decode array sizes to 150
三月 16, 2015 9:50:16 上午 org.ccnx.ccn.io.content.EncodableObjectTest testUpdate
信息: Completed testUpdate
三月 16, 2015 9:50:16 上午 org.ccnx.ccn.io.content.HeaderTest testEncodeOutputStream
信息: Starting testEncodeOutputStream
三月 16, 2015 9:50:16 上午 org.ccnx.ccn.io.content.HeaderTest testEncodeOutputStream
信息: Encoding Header...
三月 16, 2015 9:50:16 上午 org.ccnx.ccn.io.content.HeaderTest testEncodeOutputStream
信息: Completed testEncodeOutputStream
三月 16, 2015 9:50:16 上午 org.ccnx.ccn.io.content.HeaderTest testDecodeInputStream
信息: Starting testDecodeInputStream
三月 16, 2015 9:50:16 上午 org.ccnx.ccn.io.content.HeaderTest testDecodeInputStream
信息: Completed testDecodeInputStream
三月 16, 2015 9:50:16 上午 org.ccnx.ccn.io.content.HeaderTest testHeaderConstructor
信息: Starting testHeaderConstructor
三月 16, 2015 9:50:16 上午 org.ccnx.ccn.io.content.HeaderTest testHeaderConstructor
信息: Completed testHeaderConstructor
三月 16, 2015 9:50:16 上午 org.ccnx.ccn.io.content.HeaderTest testHeaderConstructor2
信息: Starting testHeaderConstructor2
三月 16, 2015 9:50:16 上午 org.ccnx.ccn.io.content.HeaderTest testHeaderConstructor2
信息: Completed testHeaderConstructor2
三月 16, 2015 9:50:16 上午 org.ccnx.ccn.io.content.HeaderTest testHeaderConstructor3
信息: Starting testHeaderConstructor3
三月 16, 2015 9:50:16 上午 org.ccnx.ccn.io.content.HeaderTest testHeaderConstructor3
信息: Completed testHeaderConstructor3
三月 16, 2015 9:50:16 上午 org.ccnx.ccn.io.content.KeyValueSetTest testMethods
信息: Starting testMethods
三月 16, 2015 9:50:16 上午 org.ccnx.ccn.io.content.KeyValueSetTest testMethods
信息: Completed testMethods
三月 16, 2015 9:50:16 上午 org.ccnx.ccn.io.content.KeyValueSetTest testEncodeDecode
信息: Starting testEncodeDecode
三月 16, 2015 9:50:16 上午 org.ccnx.ccn.io.content.KeyValueSetTest testEncodeDecode
信息: Completed testEncodeDecode
三月 16, 2015 9:50:16 上午 org.ccnx.ccn.io.content.KeyValueSetTest testData
信息: Starting testData
三月 16, 2015 9:50:16 上午 org.ccnx.ccn.io.content.KeyValueSetTest testData
信息: Completed testData
三月 16, 2015 9:50:16 上午 org.ccnx.ccn.io.content.LinkTest testEncodeOutputStream
信息: Starting testEncodeOutputStream
三月 16, 2015 9:50:16 上午 org.ccnx.ccn.io.content.LinkTest testEncodeOutputStream
信息: Completed testEncodeOutputStream
三月 16, 2015 9:50:16 上午 org.ccnx.ccn.io.content.SerializableObjectTest testSave
信息: Starting testSave
三月 16, 2015 9:50:16 上午 org.ccnx.ccn.io.content.SerializableObjectTest testSave
信息: Completed testSave
三月 16, 2015 9:50:16 上午 org.ccnx.ccn.io.content.SerializableObjectTest testUpdate
信息: Starting testUpdate
三月 16, 2015 9:50:16 上午 org.ccnx.ccn.io.content.SerializableObjectTest testUpdate
信息: Completed testUpdate
三月 16, 2015 9:50:16 上午 org.ccnx.ccn.CCNTestHelper <init>
信息: Initializing test org.ccnx.ccn.io.content.PublicKeyObjectTestRepo, data can be found under /ccnx.org/test/PublicKeyObjectTestRepo-15-03-16-09.50.16.
三月 16, 2015 9:50:16 上午 org.ccnx.ccn.io.content.WrappedKeyUnitTest testDecodeInputStream
信息: Starting testDecodeInputStream
三月 16, 2015 9:50:16 上午 org.ccnx.ccn.io.content.WrappedKeyTestCommon setupTest
信息: Initialized keys for WrappedKeyTest
三月 16, 2015 9:50:16 上午 org.ccnx.ccn.impl.security.crypto.jce.RFC3394WrapWithPadEngine wrap
信息: wrap: wrapping key of length 16, 2 blocks.
三月 16, 2015 9:50:16 上午 org.ccnx.ccn.io.content.WrappedKey wrapKey
信息: Wrap cipher RSA/NONE/OAEPWithSHA256AndMGF1Padding, provider BC version 1.43.
三月 16, 2015 9:50:16 上午 org.ccnx.ccn.io.content.WrappedKeyUnitTest testDecodeInputStream
信息: Completed testDecodeInputStream
三月 16, 2015 9:50:16 上午 org.ccnx.ccn.io.content.WrappedKeyUnitTest testWrapUnwrapKey
信息: Starting testWrapUnwrapKey
三月 16, 2015 9:50:16 上午 org.ccnx.ccn.io.content.WrappedKeyUnitTest testWrapUnwrapKey
信息: Wrap secret key in secret key.
三月 16, 2015 9:50:16 上午 org.ccnx.ccn.impl.security.crypto.jce.RFC3394WrapWithPadEngine wrap
信息: wrap: wrapping key of length 16, 2 blocks.
三月 16, 2015 9:50:16 上午 org.ccnx.ccn.io.content.WrappedKey unwrapKey
信息: WrappedKey: unwrapping key wrapped with wrapping key ID <empty>, incoming wrapping key digest e2d5ec192f892056a06a441bc4db1f5d5fca048b4bb32ec658a75d70d8af15bf match? false
三月 16, 2015 9:50:16 上午 org.ccnx.ccn.io.content.WrappedKey unwrapKey
信息: wrap algorithm: null wa for key AESWRAPWITHPAD
三月 16, 2015 9:50:16 上午 org.ccnx.ccn.io.content.WrappedKey unwrapKey
信息: unwrapKey: unwrapping WrappedKey: wrapping key ID: <empty> wrapping key name: null wrap algorithm: null key algorithm: AES label: FileEncryptionKeys has nonce key? false with e2d5ec192f892056a06a441bc4db1f5d5fca048b4bb32ec658a75d70d8af15bf
三月 16, 2015 9:50:16 上午 org.ccnx.ccn.io.content.WrappedKeyUnitTest testWrapUnwrapKey
信息: Wrap secret key in public key.
三月 16, 2015 9:50:16 上午 org.ccnx.ccn.io.content.WrappedKey wrapKey
信息: Wrap cipher RSA/NONE/OAEPWithSHA256AndMGF1Padding, provider BC version 1.43.
三月 16, 2015 9:50:16 上午 org.ccnx.ccn.io.content.WrappedKey unwrapKey
信息: WrappedKey: unwrapping key wrapped with wrapping key ID <empty>, incoming wrapping key digest 9bc315a643327638a07ef68a33bf0c54a0e1e4f1d6a9d6f2d7e7114b6d2aa92a match? false
三月 16, 2015 9:50:16 上午 org.ccnx.ccn.io.content.WrappedKey unwrapKey
信息: wrap algorithm: null wa for key RSA/NONE/OAEPWithSHA256AndMGF1Padding
三月 16, 2015 9:50:16 上午 org.ccnx.ccn.io.content.WrappedKey unwrapKey
信息: unwrapKey: unwrapping WrappedKey: wrapping key ID: <empty> wrapping key name: null wrap algorithm: null key algorithm: AES label: FileEncryptionKeys has nonce key? false with 9bc315a643327638a07ef68a33bf0c54a0e1e4f1d6a9d6f2d7e7114b6d2aa92a
三月 16, 2015 9:50:17 上午 org.ccnx.ccn.io.content.WrappedKeyUnitTest testWrapUnwrapKey
信息: Wrap private key in public key.
三月 16, 2015 9:50:17 上午 org.ccnx.ccn.io.content.WrappedKey wrapKey
信息: Wrap cipher RSA/NONE/OAEPWithSHA256AndMGF1Padding, provider BC version 1.43.
三月 16, 2015 9:50:17 上午 org.ccnx.ccn.impl.security.crypto.jce.RFC3394WrapWithPadEngine wrap
信息: wrap: wrapping key of length 636, 79 blocks.
三月 16, 2015 9:50:17 上午 org.ccnx.ccn.impl.security.crypto.jce.RFC3394WrapWithPadEngine wrap
信息: RFC3394WrapWithPadEngine: adding padding of 4 bytes.
三月 16, 2015 9:50:17 上午 org.ccnx.ccn.io.content.WrappedKey unwrapKey
信息: WrappedKey: unwrapping key wrapped with wrapping key ID <empty>, incoming wrapping key digest 9bc315a643327638a07ef68a33bf0c54a0e1e4f1d6a9d6f2d7e7114b6d2aa92a match? false
三月 16, 2015 9:50:17 上午 org.ccnx.ccn.io.content.WrappedKey unwrapKey
信息: wrap algorithm: null wa for key RSA/NONE/OAEPWithSHA256AndMGF1Padding
三月 16, 2015 9:50:17 上午 org.ccnx.ccn.io.content.WrappedKey unwrapKey
信息: unwrapKey: unwrapping WrappedKey: wrapping key ID: <empty> wrapping key name: null wrap algorithm: null key algorithm: RSA label: FileEncryptionKeys has nonce key? true with 9bc315a643327638a07ef68a33bf0c54a0e1e4f1d6a9d6f2d7e7114b6d2aa92a
三月 16, 2015 9:50:17 上午 org.ccnx.ccn.io.content.WrappedKeyUnitTest testWrapUnwrapKey
信息: Wrap private key in secret key.
三月 16, 2015 9:50:17 上午 org.ccnx.ccn.io.content.WrappedKeyUnitTest testWrapUnwrapKey
信息: wpk length 636
三月 16, 2015 9:50:17 上午 org.ccnx.ccn.impl.security.crypto.jce.RFC3394WrapWithPadEngine wrap
信息: wrap: wrapping key of length 636, 79 blocks.
三月 16, 2015 9:50:17 上午 org.ccnx.ccn.impl.security.crypto.jce.RFC3394WrapWithPadEngine wrap
信息: RFC3394WrapWithPadEngine: adding padding of 4 bytes.
三月 16, 2015 9:50:17 上午 org.ccnx.ccn.io.content.WrappedKey unwrapKey
信息: WrappedKey: unwrapping key wrapped with wrapping key ID <empty>, incoming wrapping key digest e2d5ec192f892056a06a441bc4db1f5d5fca048b4bb32ec658a75d70d8af15bf match? false
三月 16, 2015 9:50:17 上午 org.ccnx.ccn.io.content.WrappedKey unwrapKey
信息: wrap algorithm: null wa for key AESWRAPWITHPAD
三月 16, 2015 9:50:17 上午 org.ccnx.ccn.io.content.WrappedKey unwrapKey
信息: unwrapKey: unwrapping WrappedKey: wrapping key ID: <empty> wrapping key name: null wrap algorithm: null key algorithm: RSA label: FileEncryptionKeys has nonce key? false with e2d5ec192f892056a06a441bc4db1f5d5fca048b4bb32ec658a75d70d8af15bf
三月 16, 2015 9:50:17 上午 org.ccnx.ccn.io.content.WrappedKeyUnitTest testWrapUnwrapKey
信息: Wrap DSA private in private.
三月 16, 2015 9:50:17 上午 org.ccnx.ccn.io.content.WrappedKey wrapKey
信息: Wrap cipher RSA/NONE/OAEPWithSHA256AndMGF1Padding, provider BC version 1.43.
三月 16, 2015 9:50:17 上午 org.ccnx.ccn.impl.security.crypto.jce.RFC3394WrapWithPadEngine wrap
信息: wrap: wrapping key of length 335, 41 blocks.
三月 16, 2015 9:50:17 上午 org.ccnx.ccn.impl.security.crypto.jce.RFC3394WrapWithPadEngine wrap
信息: RFC3394WrapWithPadEngine: adding padding of 1 bytes.
三月 16, 2015 9:50:17 上午 org.ccnx.ccn.io.content.WrappedKey unwrapKey
信息: WrappedKey: unwrapping key wrapped with wrapping key ID <empty>, incoming wrapping key digest 9bc315a643327638a07ef68a33bf0c54a0e1e4f1d6a9d6f2d7e7114b6d2aa92a match? false
三月 16, 2015 9:50:17 上午 org.ccnx.ccn.io.content.WrappedKey unwrapKey
信息: wrap algorithm: null wa for key RSA/NONE/OAEPWithSHA256AndMGF1Padding
三月 16, 2015 9:50:17 上午 org.ccnx.ccn.io.content.WrappedKey unwrapKey
信息: unwrapKey: unwrapping WrappedKey: wrapping key ID: <empty> wrapping key name: null wrap algorithm: null key algorithm: DSA label: FileEncryptionKeys has nonce key? true with 9bc315a643327638a07ef68a33bf0c54a0e1e4f1d6a9d6f2d7e7114b6d2aa92a
三月 16, 2015 9:50:17 上午 org.ccnx.ccn.io.content.WrappedKeyUnitTest testWrapUnwrapKey
信息: Wrap DSA private in secret.
三月 16, 2015 9:50:17 上午 org.ccnx.ccn.impl.security.crypto.jce.RFC3394WrapWithPadEngine wrap
信息: wrap: wrapping key of length 335, 41 blocks.
三月 16, 2015 9:50:17 上午 org.ccnx.ccn.impl.security.crypto.jce.RFC3394WrapWithPadEngine wrap
信息: RFC3394WrapWithPadEngine: adding padding of 1 bytes.
三月 16, 2015 9:50:17 上午 org.ccnx.ccn.io.content.WrappedKey unwrapKey
信息: WrappedKey: unwrapping key wrapped with wrapping key ID <empty>, incoming wrapping key digest e2d5ec192f892056a06a441bc4db1f5d5fca048b4bb32ec658a75d70d8af15bf match? false
三月 16, 2015 9:50:17 上午 org.ccnx.ccn.io.content.WrappedKey unwrapKey
信息: wrap algorithm: null wa for key AESWRAPWITHPAD
三月 16, 2015 9:50:17 上午 org.ccnx.ccn.io.content.WrappedKey unwrapKey
信息: unwrapKey: unwrapping WrappedKey: wrapping key ID: <empty> wrapping key name: null wrap algorithm: null key algorithm: DSA label: FileEncryptionKeys has nonce key? false with e2d5ec192f892056a06a441bc4db1f5d5fca048b4bb32ec658a75d70d8af15bf
三月 16, 2015 9:50:17 上午 org.ccnx.ccn.io.content.WrappedKeyUnitTest testWrapUnwrapKey
信息: Wrap DH private in private.
三月 16, 2015 9:50:17 上午 org.ccnx.ccn.io.content.WrappedKey wrapKey
信息: Wrap cipher RSA/NONE/OAEPWithSHA256AndMGF1Padding, provider BC version 1.43.
三月 16, 2015 9:50:17 上午 org.ccnx.ccn.impl.security.crypto.jce.RFC3394WrapWithPadEngine wrap
信息: wrap: wrapping key of length 228, 28 blocks.
三月 16, 2015 9:50:17 上午 org.ccnx.ccn.impl.security.crypto.jce.RFC3394WrapWithPadEngine wrap
信息: RFC3394WrapWithPadEngine: adding padding of 4 bytes.
三月 16, 2015 9:50:17 上午 org.ccnx.ccn.io.content.WrappedKey unwrapKey
信息: WrappedKey: unwrapping key wrapped with wrapping key ID <empty>, incoming wrapping key digest 9bc315a643327638a07ef68a33bf0c54a0e1e4f1d6a9d6f2d7e7114b6d2aa92a match? false
三月 16, 2015 9:50:17 上午 org.ccnx.ccn.io.content.WrappedKey unwrapKey
信息: wrap algorithm: null wa for key RSA/NONE/OAEPWithSHA256AndMGF1Padding
三月 16, 2015 9:50:17 上午 org.ccnx.ccn.io.content.WrappedKey unwrapKey
信息: unwrapKey: unwrapping WrappedKey: wrapping key ID: <empty> wrapping key name: null wrap algorithm: null key algorithm: DH label: FileEncryptionKeys has nonce key? true with 9bc315a643327638a07ef68a33bf0c54a0e1e4f1d6a9d6f2d7e7114b6d2aa92a
三月 16, 2015 9:50:17 上午 org.ccnx.ccn.io.content.WrappedKeyUnitTest testWrapUnwrapKey
信息: Wrap DH private in secret.
三月 16, 2015 9:50:17 上午 org.ccnx.ccn.impl.security.crypto.jce.RFC3394WrapWithPadEngine wrap
信息: wrap: wrapping key of length 228, 28 blocks.
三月 16, 2015 9:50:17 上午 org.ccnx.ccn.impl.security.crypto.jce.RFC3394WrapWithPadEngine wrap
信息: RFC3394WrapWithPadEngine: adding padding of 4 bytes.
三月 16, 2015 9:50:17 上午 org.ccnx.ccn.io.content.WrappedKey unwrapKey
信息: WrappedKey: unwrapping key wrapped with wrapping key ID <empty>, incoming wrapping key digest e2d5ec192f892056a06a441bc4db1f5d5fca048b4bb32ec658a75d70d8af15bf match? false
三月 16, 2015 9:50:17 上午 org.ccnx.ccn.io.content.WrappedKey unwrapKey
信息: wrap algorithm: null wa for key AESWRAPWITHPAD
三月 16, 2015 9:50:17 上午 org.ccnx.ccn.io.content.WrappedKey unwrapKey
信息: unwrapKey: unwrapping WrappedKey: wrapping key ID: <empty> wrapping key name: null wrap algorithm: null key algorithm: DH label: FileEncryptionKeys has nonce key? false with e2d5ec192f892056a06a441bc4db1f5d5fca048b4bb32ec658a75d70d8af15bf
三月 16, 2015 9:50:17 上午 org.ccnx.ccn.io.content.WrappedKeyUnitTest testWrapUnwrapKey
信息: Completed testWrapUnwrapKey
三月 16, 2015 9:50:17 上午 org.ccnx.ccn.io.content.WrappedKeyUnitTest testWrappedKeyByteArrayStringStringStringByteArrayByteArray
信息: Starting testWrappedKeyByteArrayStringStringStringByteArrayByteArray
三月 16, 2015 9:50:17 上午 org.ccnx.ccn.io.content.WrappedKey wrapKey
信息: Wrap cipher RSA/NONE/OAEPWithSHA256AndMGF1Padding, provider BC version 1.43.
三月 16, 2015 9:50:17 上午 org.ccnx.ccn.io.content.WrappedKeyUnitTest testWrappedKeyByteArrayStringStringStringByteArrayByteArray
信息: Completed testWrappedKeyByteArrayStringStringStringByteArrayByteArray
三月 16, 2015 9:50:17 上午 org.ccnx.ccn.profiles.SegmentationProfileUnitTest testSegmentInterest
信息: Starting testSegmentInterest
三月 16, 2015 9:50:17 上午 org.ccnx.ccn.profiles.SegmentationProfileUnitTest testSegmentInterest
信息: Completed testSegmentInterest
三月 16, 2015 9:50:17 上午 org.ccnx.ccn.profiles.SegmentationProfileUnitTest testSegmentInterestWithNullSegmentNumber
信息: Starting testSegmentInterestWithNullSegmentNumber
三月 16, 2015 9:50:17 上午 org.ccnx.ccn.profiles.SegmentationProfileUnitTest testSegmentInterestWithNullSegmentNumber
信息: Completed testSegmentInterestWithNullSegmentNumber
三月 16, 2015 9:50:17 上午 org.ccnx.ccn.profiles.SegmentationProfileUnitTest testFirstSegmentInterest
信息: Starting testFirstSegmentInterest
三月 16, 2015 9:50:17 上午 org.ccnx.ccn.profiles.SegmentationProfileUnitTest testFirstSegmentInterest
信息: Completed testFirstSegmentInterest
三月 16, 2015 9:50:17 上午 org.ccnx.ccn.profiles.SegmentationProfileUnitTest testLastSegmentInterest
信息: Starting testLastSegmentInterest
三月 16, 2015 9:50:17 上午 org.ccnx.ccn.profiles.SegmentationProfileUnitTest testLastSegmentInterest
信息: Completed testLastSegmentInterest
三月 16, 2015 9:50:17 上午 org.ccnx.ccn.profiles.VersioningProfileTest setUpBeforeClass
警告: Warning! This tests bakes in low-level knowledge of versioning/segmentation conventions, and must be updated when they change!
三月 16, 2015 9:50:17 上午 org.ccnx.ccn.profiles.VersioningProfileTest testVersionNameContentNameLong
信息: Starting testVersionNameContentNameLong
三月 16, 2015 9:50:17 上午 org.ccnx.ccn.profiles.VersioningProfileTest testVersionNameContentNameLong
信息: Completed testVersionNameContentNameLong
三月 16, 2015 9:50:17 上午 org.ccnx.ccn.profiles.VersioningProfileTest testVersionNameContentNameTimestamp
信息: Starting testVersionNameContentNameTimestamp
三月 16, 2015 9:50:17 上午 org.ccnx.ccn.profiles.VersioningProfileTest testVersionNameContentNameTimestamp
信息: Completed testVersionNameContentNameTimestamp
三月 16, 2015 9:50:17 上午 org.ccnx.ccn.profiles.VersioningProfileTest testVersionNameContentName
信息: Starting testVersionNameContentName
三月 16, 2015 9:50:17 上午 org.ccnx.ccn.profiles.VersioningProfileTest testVersionNameContentName
信息: Completed testVersionNameContentName
三月 16, 2015 9:50:17 上午 org.ccnx.ccn.profiles.VersioningProfileTest testFindVersionComponent
信息: Starting testFindVersionComponent
三月 16, 2015 9:50:17 上午 org.ccnx.ccn.profiles.VersioningProfileTest testFindVersionComponent
信息: Completed testFindVersionComponent
三月 16, 2015 9:50:17 上午 org.ccnx.ccn.profiles.VersioningProfileTest testhasTerminalVersion
信息: Starting testhasTerminalVersion
三月 16, 2015 9:50:17 上午 org.ccnx.ccn.profiles.VersioningProfileTest testhasTerminalVersion
信息: Completed testhasTerminalVersion
三月 16, 2015 9:50:17 上午 org.ccnx.ccn.profiles.VersioningProfileTest testCutTerminalVersion
信息: Starting testCutTerminalVersion
三月 16, 2015 9:50:17 上午 org.ccnx.ccn.profiles.VersioningProfileTest testCutTerminalVersion
信息: Completed testCutTerminalVersion
三月 16, 2015 9:50:17 上午 org.ccnx.ccn.profiles.VersioningProfileTest testIsVersionOf
信息: Starting testIsVersionOf
三月 16, 2015 9:50:17 上午 org.ccnx.ccn.profiles.VersioningProfileTest testIsVersionOf
信息: Completed testIsVersionOf
三月 16, 2015 9:50:17 上午 org.ccnx.ccn.profiles.VersioningProfileTest testGetVersionAsLong
信息: Starting testGetVersionAsLong
三月 16, 2015 9:50:17 上午 org.ccnx.ccn.profiles.VersioningProfileTest testGetVersionAsTimestamp
信息: Starting testGetVersionAsTimestamp
三月 16, 2015 9:50:17 上午 org.ccnx.ccn.profiles.VersioningProfileTest testGetVersionAsTimestamp
信息: Completed testGetVersionAsTimestamp
三月 16, 2015 9:50:17 上午 org.ccnx.ccn.profiles.VersioningProfileTest testUnpaddedVersions
信息: Starting testUnpaddedVersions
三月 16, 2015 9:50:17 上午 org.ccnx.ccn.profiles.VersioningProfileTest testUnpaddedVersions
信息: Completed testUnpaddedVersions
三月 16, 2015 9:50:17 上午 org.ccnx.ccn.profiles.VersioningProfileTest testPaddedVersions
信息: Starting testPaddedVersions
三月 16, 2015 9:50:17 上午 org.ccnx.ccn.profiles.VersioningProfileTest testPaddedVersions
信息: Completed testPaddedVersions
三月 16, 2015 9:50:17 上午 org.ccnx.ccn.profiles.VersioningProfileTest testInvalidVersionComponentTooLong
信息: testing name /name/to/test/=FDC0B56707FE6349FA3A455712ABAA8207181BF64C84BD092DB473790A233416:  componentBytes: 32
三月 16, 2015 9:50:17 上午 org.ccnx.ccn.profiles.VersioningProfileTest testInvalidVersionComponentTooShort
信息: testing name /name/to/test/=FD0001:  componentBytes: 3
三月 16, 2015 9:50:17 上午 org.ccnx.ccn.profiles.VersioningProfileTest testInvalidVersionComponentValid
信息: testing name /name/to/test/=FD04FBDC3B477D:  componentBytes: 7
三月 16, 2015 9:50:17 上午 org.ccnx.ccn.profiles.ccnd.FaceManagerUnitTest testEncodeOutputStream
信息: Starting testEncodeOutputStream
三月 16, 2015 9:50:17 上午 org.ccnx.ccn.profiles.ccnd.FaceManagerUnitTest testEncodeOutputStream
信息: Completed testEncodeOutputStream
三月 16, 2015 9:50:17 上午 org.ccnx.ccn.profiles.ccnd.FaceManagerUnitTest testDecodeInputStream
信息: Starting testDecodeInputStream
三月 16, 2015 9:50:17 上午 org.ccnx.ccn.profiles.ccnd.FaceManagerUnitTest testDecodeInputStream
信息: Completed testDecodeInputStream
三月 16, 2015 9:50:17 上午 org.ccnx.ccn.profiles.ccnd.FaceManagerUnitTest testEncodingDecoding
信息: Starting testEncodingDecoding
三月 16, 2015 9:50:17 上午 org.ccnx.ccn.profiles.ccnd.FaceManagerUnitTest testEncodingDecoding
信息: Completed testEncodingDecoding
三月 16, 2015 9:50:17 上午 org.ccnx.ccn.profiles.ccnd.PrefixRegistrationManagerUnitTest testEncodeOutputStream
信息: Starting testEncodeOutputStream
三月 16, 2015 9:50:17 上午 org.ccnx.ccn.profiles.ccnd.PrefixRegistrationManagerUnitTest testEncodeOutputStream
信息: Completed testEncodeOutputStream
三月 16, 2015 9:50:17 上午 org.ccnx.ccn.profiles.ccnd.PrefixRegistrationManagerUnitTest testDecodeInputStream
信息: Starting testDecodeInputStream
三月 16, 2015 9:50:17 上午 org.ccnx.ccn.profiles.ccnd.PrefixRegistrationManagerUnitTest testDecodeInputStream
信息: Completed testDecodeInputStream
三月 16, 2015 9:50:17 上午 org.ccnx.ccn.profiles.ccnd.PrefixRegistrationManagerUnitTest testEncodingDecoding
信息: Starting testEncodingDecoding
三月 16, 2015 9:50:17 上午 org.ccnx.ccn.profiles.ccnd.PrefixRegistrationManagerUnitTest testEncodingDecoding
信息: Completed testEncodingDecoding
三月 16, 2015 9:50:17 上午 org.ccnx.ccn.profiles.ccnd.PrefixRegistrationManagerUnitTest testEncodingDecodingSubclass
信息: Starting testEncodingDecodingSubclass
三月 16, 2015 9:50:17 上午 org.ccnx.ccn.profiles.ccnd.PrefixRegistrationManagerUnitTest testEncodingDecodingSubclass
信息: Completed testEncodingDecodingSubclass
三月 16, 2015 9:50:17 上午 org.ccnx.ccn.profiles.security.access.group.ACLTest testUpdate
信息: Starting testUpdate
三月 16, 2015 9:50:17 上午 org.ccnx.ccn.profiles.security.access.group.ACLTest testUpdate
信息: Completed testUpdate
三月 16, 2015 9:50:17 上午 org.ccnx.ccn.profiles.security.access.group.NodeKeyTest testComputeDescendantNodeKey
信息: Starting testComputeDescendantNodeKey
三月 16, 2015 9:50:17 上午 org.ccnx.ccn.profiles.security.access.group.NodeKeyTest testComputeDescendantNodeKey
信息: Completed testComputeDescendantNodeKey
三月 16, 2015 9:50:17 上午 org.ccnx.ccn.profiles.security.access.group.NodeKeyTest testIsDerived
信息: Starting testIsDerived
三月 16, 2015 9:50:17 上午 org.ccnx.ccn.profiles.security.access.group.NodeKeyTest testIsDerived
信息: Completed testIsDerived
三月 16, 2015 9:50:17 上午 org.ccnx.ccn.profiles.versioning.InterestDataTest testVersionNumberInTree
信息: Started testVersionNumberInTree
三月 16, 2015 9:50:17 上午 org.ccnx.ccn.profiles.versioning.InterestDataTest testVersionNumberInTree
信息: Completed testVersionNumberInTree
三月 16, 2015 9:50:17 上午 org.ccnx.ccn.profiles.versioning.InterestDataTest testVersionNumberCompare
信息: Started testVersionNumberCompare
三月 16, 2015 9:50:17 上午 org.ccnx.ccn.profiles.versioning.InterestDataTest testVersionNumberCompare
信息: Started testVersionNumberCompare
三月 16, 2015 9:50:17 上午 org.ccnx.ccn.profiles.versioning.InterestDataTest testInterestDataStartTimeCompare
信息: Started testInterestDataStartTimeCompare
三月 16, 2015 9:50:17 上午 org.ccnx.ccn.profiles.versioning.InterestDataTest testInterestDataStartTimeCompare
信息: Completed testInterestDataStartTimeCompare
三月 16, 2015 9:50:17 上午 org.ccnx.ccn.profiles.versioning.InterestDataTest testSplitLeft
信息: Started testSplitLeft
三月 16, 2015 9:50:17 上午 org.ccnx.ccn.profiles.versioning.InterestDataTest testSplitLeft
信息: Completed testSplitLeft
三月 16, 2015 9:50:17 上午 org.ccnx.ccn.profiles.versioning.TreeSet6Test setUpBeforeClass
信息: Java version: 1.7.0_75
三月 16, 2015 9:50:17 上午 org.ccnx.ccn.profiles.versioning.TreeSet6Test testFloor
信息: Started testFloor
三月 16, 2015 9:50:17 上午 org.ccnx.ccn.profiles.versioning.TreeSet6Test testFloor
信息: floor of ccc is : ccc
三月 16, 2015 9:50:17 上午 org.ccnx.ccn.profiles.versioning.TreeSet6Test testFloor
信息: floor of b is : aaa
三月 16, 2015 9:50:17 上午 org.ccnx.ccn.profiles.versioning.TreeSet6Test testFloor
信息: Completed testFloor
三月 16, 2015 9:50:17 上午 org.ccnx.ccn.profiles.versioning.TreeSet6Test testInternalFloor
信息: Started testInternalFloor
三月 16, 2015 9:50:17 上午 org.ccnx.ccn.profiles.versioning.TreeSet6Test testInternalFloor
信息: internal floor of ccc is : ccc
三月 16, 2015 9:50:17 上午 org.ccnx.ccn.profiles.versioning.TreeSet6Test testInternalFloor
信息: internal floor of b is : aaa
三月 16, 2015 9:50:17 上午 org.ccnx.ccn.profiles.versioning.TreeSet6Test testInternalFloor
信息: Completed testInternalFloor
三月 16, 2015 9:50:17 上午 org.ccnx.ccn.profiles.versioning.TreeSet6Test testLower
信息: Started testLower
三月 16, 2015 9:50:17 上午 org.ccnx.ccn.profiles.versioning.TreeSet6Test testLower
信息: lower of ccc is : bbb
三月 16, 2015 9:50:17 上午 org.ccnx.ccn.profiles.versioning.TreeSet6Test testLower
信息: lower of b is : aaa
三月 16, 2015 9:50:17 上午 org.ccnx.ccn.profiles.versioning.TreeSet6Test testLower
信息: Completed testLower
三月 16, 2015 9:50:17 上午 org.ccnx.ccn.profiles.versioning.TreeSet6Test testCeiling
信息: Started testCeiling
三月 16, 2015 9:50:17 上午 org.ccnx.ccn.profiles.versioning.TreeSet6Test testCeiling
信息: ceiling of bbb is : bbb
三月 16, 2015 9:50:17 上午 org.ccnx.ccn.profiles.versioning.TreeSet6Test testCeiling
信息: ceiling of b is : bbb
三月 16, 2015 9:50:17 上午 org.ccnx.ccn.profiles.versioning.TreeSet6Test testCeiling
信息: Completed testCeiling
三月 16, 2015 9:50:17 上午 org.ccnx.ccn.profiles.versioning.TreeSet6Test testHigher
信息: Started testHigher
三月 16, 2015 9:50:17 上午 org.ccnx.ccn.profiles.versioning.TreeSet6Test testHigher
信息: higher of bbb is : ccc
三月 16, 2015 9:50:17 上午 org.ccnx.ccn.profiles.versioning.TreeSet6Test testHigher
信息: higher of b is : bbb
三月 16, 2015 9:50:17 上午 org.ccnx.ccn.profiles.versioning.TreeSet6Test testHigher
信息: Completed testHigher
三月 16, 2015 9:50:17 上午 org.ccnx.ccn.profiles.versioning.TreeSet6Test testInternalLower
信息: Started testInternalLower
三月 16, 2015 9:50:17 上午 org.ccnx.ccn.profiles.versioning.TreeSet6Test testInternalLower
信息: internal lower of ccc is : bbb
三月 16, 2015 9:50:17 上午 org.ccnx.ccn.profiles.versioning.TreeSet6Test testInternalLower
信息: internal lower of b is : aaa
三月 16, 2015 9:50:17 上午 org.ccnx.ccn.profiles.versioning.TreeSet6Test testInternalLower
信息: Completed testInternalLower
三月 16, 2015 9:50:17 上午 org.ccnx.ccn.profiles.versioning.TreeSet6Test testInternalCeiling
信息: Started testInternalCeiling
三月 16, 2015 9:50:17 上午 org.ccnx.ccn.profiles.versioning.TreeSet6Test testInternalCeiling
信息: internal ceiling of bbb is : bbb
三月 16, 2015 9:50:17 上午 org.ccnx.ccn.profiles.versioning.TreeSet6Test testInternalCeiling
信息: internal ceiling of b is : bbb
三月 16, 2015 9:50:17 上午 org.ccnx.ccn.profiles.versioning.TreeSet6Test testInternalCeiling
信息: Completed testInternalCeiling
三月 16, 2015 9:50:17 上午 org.ccnx.ccn.profiles.versioning.TreeSet6Test testInternalHigher
信息: Started testInternalHigher
三月 16, 2015 9:50:17 上午 org.ccnx.ccn.profiles.versioning.TreeSet6Test testInternalHigher
信息: internal higher of bbb is : ccc
三月 16, 2015 9:50:17 上午 org.ccnx.ccn.profiles.versioning.TreeSet6Test testInternalHigher
信息: internal higher of b is : bbb
三月 16, 2015 9:50:17 上午 org.ccnx.ccn.profiles.versioning.TreeSet6Test testInternalHigher
信息: Completed testInternalHigher
三月 16, 2015 9:50:17 上午 org.ccnx.ccn.profiles.versioning.TreeSet6Test testDescendingIterator
信息: Started testDescendingIterator
三月 16, 2015 9:50:17 上午 org.ccnx.ccn.profiles.versioning.TreeSet6Test testDescendingIterator
信息: Completed testDescendingIterator
三月 16, 2015 9:50:17 上午 org.ccnx.ccn.profiles.versioning.TreeSet6Test testDescendingIteratorRemoveFirst
信息: Started testDescendingIteratorRemoveFirst
三月 16, 2015 9:50:17 上午 org.ccnx.ccn.profiles.versioning.TreeSet6Test testDescendingIteratorRemoveFirst
信息: Completed testDescendingIteratorRemoveFirst
三月 16, 2015 9:50:17 上午 org.ccnx.ccn.profiles.versioning.TreeSet6Test testDescendingIteratorRemoveLast
信息: Started testDescendingIteratorRemoveLast
三月 16, 2015 9:50:17 上午 org.ccnx.ccn.profiles.versioning.TreeSet6Test testDescendingIteratorRemoveLast
信息: Completed testDescendingIteratorRemoveLast
三月 16, 2015 9:50:17 上午 org.ccnx.ccn.profiles.versioning.TreeSet6Test testDescendingIteratorRemoveRandom
信息: Started testDescendingIteratorRemoveRandom
三月 16, 2015 9:50:17 上午 org.ccnx.ccn.profiles.versioning.TreeSet6Test testDescendingIteratorRemoveRandom
信息: Completed testDescendingIteratorRemoveRandom
三月 16, 2015 9:50:17 上午 org.ccnx.ccn.profiles.versioning.VersionNumberTest testEqualsObject
信息: Started testEqualsObject
三月 16, 2015 9:50:17 上午 org.ccnx.ccn.profiles.versioning.VersionNumberTest testEqualsObject
信息: Completed testEqualsObject
三月 16, 2015 9:50:17 上午 org.ccnx.ccn.profiles.versioning.VersionNumberTest testVersionNumber
信息: Started testVersionNumber
三月 16, 2015 9:50:17 上午 org.ccnx.ccn.profiles.versioning.VersionNumberTest testVersionNumber
信息: Completed testVersionNumber
三月 16, 2015 9:50:17 上午 org.ccnx.ccn.profiles.versioning.VersionNumberTest testVersionNumberCCNTime
信息: Started testVersionNumberCCNTime
三月 16, 2015 9:50:17 上午 org.ccnx.ccn.profiles.versioning.VersionNumberTest testVersionNumberCCNTime
信息: Completed testVersionNumberCCNTime
三月 16, 2015 9:50:17 上午 org.ccnx.ccn.profiles.versioning.VersionNumberTest testVersionNumberLong
信息: Started testVersionNumberLong
三月 16, 2015 9:50:29 上午 org.ccnx.ccn.profiles.versioning.VersionNumberTest testVersionNumberLong
信息: Completed testVersionNumberLong
三月 16, 2015 9:50:29 上午 org.ccnx.ccn.profiles.versioning.VersionNumberTest testVersionNumberContentName
信息: Started testVersionNumberContentName
三月 16, 2015 9:50:41 上午 org.ccnx.ccn.profiles.versioning.VersionNumberTest testVersionNumberContentName
信息: Completed testVersionNumberContentName
三月 16, 2015 9:50:41 上午 org.ccnx.ccn.profiles.versioning.VersionNumberTest testVersionNumberByteArray
信息: Started testVersionNumberByteArray
三月 16, 2015 9:50:41 上午 org.ccnx.ccn.profiles.versioning.VersionNumberTest testVersionNumberByteArray
信息: Completed testVersionNumberByteArray
三月 16, 2015 9:50:41 上午 org.ccnx.ccn.profiles.versioning.VersionNumberTest testCompareTo
信息: Started testCompareTo
三月 16, 2015 9:50:41 上午 org.ccnx.ccn.profiles.versioning.VersionNumberTest testCompareTo
信息: Completed testCompareTo
三月 16, 2015 9:50:41 上午 org.ccnx.ccn.repo.RepositoryInfoTest testDecodeInputStream
信息: Starting testDecodeInputStream
三月 16, 2015 9:50:41 上午 org.ccnx.ccn.repo.RepositoryInfoTest testDecodeInputStream
信息: Completed testDecodeInputStream
三月 16, 2015 9:50:41 上午 org.ccnx.ccn.security.crypto.CCNMerkleTreeTest testMerkleTree0
信息: Starting testMerkleTree0
java.lang.IllegalArgumentException: MerkleTrees must have 2 or more nodes!
	at org.ccnx.ccn.impl.security.crypto.MerkleTree.<init>(MerkleTree.java:183)
	at org.ccnx.ccn.impl.security.crypto.CCNMerkleTree.<init>(CCNMerkleTree.java:90)
	at org.ccnx.ccn.security.crypto.CCNMerkleTreeTest.testTree(CCNMerkleTreeTest.java:170)
	at org.ccnx.ccn.security.crypto.CCNMerkleTreeTest.testMerkleTree0(CCNMerkleTreeTest.java:80)
	at sun.reflect.NativeMethodAccessorImpl.invoke0(Native Method)
	at sun.reflect.NativeMethodAccessorImpl.invoke(NativeMethodAccessorImpl.java:57)
	at sun.reflect.DelegatingMethodAccessorImpl.invoke(DelegatingMethodAccessorImpl.java:43)
	at java.lang.reflect.Method.invoke(Method.java:606)
	at org.junit.internal.runners.TestMethodRunner.executeMethodBody(TestMethodRunner.java:99)
	at org.junit.internal.runners.TestMethodRunner.runUnprotected(TestMethodRunner.java:81)
	at org.junit.internal.runners.BeforeAndAfterRunner.runProtected(BeforeAndAfterRunner.java:34)
	at org.junit.internal.runners.TestMethodRunner.runMethod(TestMethodRunner.java:75)
	at org.junit.internal.runners.TestMethodRunner.run(TestMethodRunner.java:45)
	at org.junit.internal.runners.TestClassMethodsRunner.invokeTestMethod(TestClassMethodsRunner.java:66)
	at org.junit.internal.runners.TestClassMethodsRunner.run(TestClassMethodsRunner.java:35)
	at org.junit.internal.runners.TestClassRunner$1.runUnprotected(TestClassRunner.java:42)
	at org.junit.internal.runners.BeforeAndAfterRunner.runProtected(BeforeAndAfterRunner.java:34)
	at org.junit.internal.runners.TestClassRunner.run(TestClassRunner.java:52)
	at org.junit.internal.runners.CompositeRunner.run(CompositeRunner.java:29)
	at org.junit.internal.runners.TestClassRunner$1.runUnprotected(TestClassRunner.java:42)
	at org.junit.internal.runners.BeforeAndAfterRunner.runProtected(BeforeAndAfterRunner.java:34)
	at org.junit.internal.runners.TestClassRunner.run(TestClassRunner.java:52)
	at org.junit.internal.runners.CompositeRunner.run(CompositeRunner.java:29)
	at org.junit.internal.runners.TestClassRunner$1.runUnprotected(TestClassRunner.java:42)
	at org.junit.internal.runners.BeforeAndAfterRunner.runProtected(BeforeAndAfterRunner.java:34)
	at org.junit.internal.runners.TestClassRunner.run(TestClassRunner.java:52)
	at junit.framework.JUnit4TestAdapter.run(JUnit4TestAdapter.java:32)
	at org.apache.tools.ant.taskdefs.optional.junit.JUnitTestRunner.run(JUnitTestRunner.java:532)
	at org.apache.tools.ant.taskdefs.optional.junit.JUnitTestRunner.launch(JUnitTestRunner.java:1165)
	at org.apache.tools.ant.taskdefs.optional.junit.JUnitTestRunner.main(JUnitTestRunner.java:1016)
三月 16, 2015 9:50:41 上午 org.ccnx.ccn.security.crypto.CCNMerkleTreeTest testMerkleTree1
信息: Starting testMerkleTree1
java.lang.IllegalArgumentException: MerkleTrees must have 2 or more nodes!
	at org.ccnx.ccn.impl.security.crypto.MerkleTree.<init>(MerkleTree.java:183)
	at org.ccnx.ccn.impl.security.crypto.CCNMerkleTree.<init>(CCNMerkleTree.java:90)
	at org.ccnx.ccn.security.crypto.CCNMerkleTreeTest.testTree(CCNMerkleTreeTest.java:170)
	at org.ccnx.ccn.security.crypto.CCNMerkleTreeTest.testMerkleTree1(CCNMerkleTreeTest.java:87)
	at sun.reflect.NativeMethodAccessorImpl.invoke0(Native Method)
	at sun.reflect.NativeMethodAccessorImpl.invoke(NativeMethodAccessorImpl.java:57)
	at sun.reflect.DelegatingMethodAccessorImpl.invoke(DelegatingMethodAccessorImpl.java:43)
	at java.lang.reflect.Method.invoke(Method.java:606)
	at org.junit.internal.runners.TestMethodRunner.executeMethodBody(TestMethodRunner.java:99)
	at org.junit.internal.runners.TestMethodRunner.runUnprotected(TestMethodRunner.java:81)
	at org.junit.internal.runners.BeforeAndAfterRunner.runProtected(BeforeAndAfterRunner.java:34)
	at org.junit.internal.runners.TestMethodRunner.runMethod(TestMethodRunner.java:75)
	at org.junit.internal.runners.TestMethodRunner.run(TestMethodRunner.java:45)
	at org.junit.internal.runners.TestClassMethodsRunner.invokeTestMethod(TestClassMethodsRunner.java:66)
	at org.junit.internal.runners.TestClassMethodsRunner.run(TestClassMethodsRunner.java:35)
	at org.junit.internal.runners.TestClassRunner$1.runUnprotected(TestClassRunner.java:42)
	at org.junit.internal.runners.BeforeAndAfterRunner.runProtected(BeforeAndAfterRunner.java:34)
	at org.junit.internal.runners.TestClassRunner.run(TestClassRunner.java:52)
	at org.junit.internal.runners.CompositeRunner.run(CompositeRunner.java:29)
	at org.junit.internal.runners.TestClassRunner$1.runUnprotected(TestClassRunner.java:42)
	at org.junit.internal.runners.BeforeAndAfterRunner.runProtected(BeforeAndAfterRunner.java:34)
	at org.junit.internal.runners.TestClassRunner.run(TestClassRunner.java:52)
	at org.junit.internal.runners.CompositeRunner.run(CompositeRunner.java:29)
	at org.junit.internal.runners.TestClassRunner$1.runUnprotected(TestClassRunner.java:42)
	at org.junit.internal.runners.BeforeAndAfterRunner.runProtected(BeforeAndAfterRunner.java:34)
	at org.junit.internal.runners.TestClassRunner.run(TestClassRunner.java:52)
	at junit.framework.JUnit4TestAdapter.run(JUnit4TestAdapter.java:32)
	at org.apache.tools.ant.taskdefs.optional.junit.JUnitTestRunner.run(JUnitTestRunner.java:532)
	at org.apache.tools.ant.taskdefs.optional.junit.JUnitTestRunner.launch(JUnitTestRunner.java:1165)
	at org.apache.tools.ant.taskdefs.optional.junit.JUnitTestRunner.main(JUnitTestRunner.java:1016)
三月 16, 2015 9:50:41 上午 org.ccnx.ccn.security.crypto.CCNMerkleTreeTest testMerkleTree
信息: Starting testMerkleTree
三月 16, 2015 9:50:58 上午 org.ccnx.ccn.security.crypto.CCNMerkleTreeTest testMerkleTree
信息: Completed testMerkleTree
三月 16, 2015 9:50:58 上午 org.ccnx.ccn.security.crypto.CCNMerkleTreeTest testMerkleTreeBuf
信息: Starting testMerkleTreeBuf
三月 16, 2015 9:51:08 上午 org.ccnx.ccn.security.crypto.CCNMerkleTreeTest testMerkleTreeBuf
信息: Completed testMerkleTreeBuf
三月 16, 2015 9:51:08 上午 org.ccnx.ccn.security.crypto.KeyDerivationFunctionTest testKeysSameTwice
信息: Starting testKeysSameTwice
三月 16, 2015 9:51:08 上午 org.ccnx.ccn.security.crypto.KeyDerivationFunctionTest testKeysSameTwice
信息: Completed testKeysSameTwice
三月 16, 2015 9:51:08 上午 org.ccnx.ccn.security.crypto.KeyDerivationFunctionTest testNoLabelSameTwice
信息: Starting testNoLabelSameTwice
三月 16, 2015 9:51:08 上午 org.ccnx.ccn.security.crypto.KeyDerivationFunctionTest testNoLabelSameTwice
信息: Completed testNoLabelSameTwice
三月 16, 2015 9:51:08 上午 org.ccnx.ccn.security.crypto.KeyDerivationFunctionTest testVersionMakesDifference
信息: Starting testVersionMakesDifference
三月 16, 2015 9:51:08 上午 org.ccnx.ccn.security.crypto.MerkleTreeTest testMerkleTree
信息: Starting testMerkleTree
三月 16, 2015 9:51:19 上午 org.ccnx.ccn.security.crypto.MerkleTreeTest testMerkleTree
信息: Completed testMerkleTree
]]></system-err>
</testsuite>
