<?xml version="1.0" encoding="UTF-8" ?>
<testsuite errors="0" failures="0" hostname="cb-ThinkPad-X240" name="org.ccnx.ccn.profiles.nameenum.EnumeratedNameListTestRepo" skipped="0" tests="2" time="29.302" timestamp="2015-03-16T01:56:22">
  <properties>
    <property name="env.DESKTOP_SESSION" value="ubuntu" />
    <property name="env.OLDPWD" value="/home/cb/work/ccnx-0.8.2" />
    <property name="file.encoding.pkg" value="sun.io" />
    <property name="env.SELINUX_INIT" value="YES" />
    <property name="REPO_LOCAL_ROOT" value="repotest" />
    <property name="repozip" value="repotest.zip" />
    <property name="java.home" value="/home/cb/work/java/jdk1.7.0_75/jre" />
    <property name="bcprov-jar" value="/home/cb/work/ccnx-0.8.2/javasrc/lib/bcprov-jdk16-143.jar" />
    <property name="env.GDM_LANG" value="zh_CN" />
    <property name="src.test.dir" value="/home/cb/work/ccnx-0.8.2/javasrc/src/test" />
    <property name="env.DISPLAY" value=":0" />
    <property name="PROTOCOL_KEY" value="ccn.agent.protocol" />
    <property name="env.LS_COLORS" value="rs=0:di=01;34:ln=01;36:mh=00:pi=40;33:so=01;35:do=01;35:bd=40;33;01:cd=40;33;01:or=40;31;01:su=37;41:sg=30;43:ca=30;41:tw=30;42:ow=34;42:st=37;44:ex=01;32:*.tar=01;31:*.tgz=01;31:*.arj=01;31:*.taz=01;31:*.lzh=01;31:*.lzma=01;31:*.tlz=01;31:*.txz=01;31:*.zip=01;31:*.z=01;31:*.Z=01;31:*.dz=01;31:*.gz=01;31:*.lz=01;31:*.xz=01;31:*.bz2=01;31:*.bz=01;31:*.tbz=01;31:*.tbz2=01;31:*.tz=01;31:*.deb=01;31:*.rpm=01;31:*.jar=01;31:*.war=01;31:*.ear=01;31:*.sar=01;31:*.rar=01;31:*.ace=01;31:*.zoo=01;31:*.cpio=01;31:*.7z=01;31:*.rz=01;31:*.jpg=01;35:*.jpeg=01;35:*.gif=01;35:*.bmp=01;35:*.pbm=01;35:*.pgm=01;35:*.ppm=01;35:*.tga=01;35:*.xbm=01;35:*.xpm=01;35:*.tif=01;35:*.tiff=01;35:*.png=01;35:*.svg=01;35:*.svgz=01;35:*.mng=01;35:*.pcx=01;35:*.mov=01;35:*.mpg=01;35:*.mpeg=01;35:*.m2v=01;35:*.mkv=01;35:*.webm=01;35:*.ogm=01;35:*.mp4=01;35:*.m4v=01;35:*.mp4v=01;35:*.vob=01;35:*.qt=01;35:*.nuv=01;35:*.wmv=01;35:*.asf=01;35:*.rm=01;35:*.rmvb=01;35:*.flc=01;35:*.avi=01;35:*.fli=01;35:*.flv=01;35:*.gl=01;35:*.dl=01;35:*.xcf=01;35:*.xwd=01;35:*.yuv=01;35:*.cgm=01;35:*.emf=01;35:*.axv=01;35:*.anx=01;35:*.ogv=01;35:*.ogx=01;35:*.aac=00;36:*.au=00;36:*.flac=00;36:*.mid=00;36:*.midi=00;36:*.mka=00;36:*.mp3=00;36:*.mpc=00;36:*.ogg=00;36:*.ra=00;36:*.wav=00;36:*.axa=00;36:*.oga=00;36:*.spx=00;36:*.xspf=00;36:" />
    <property name="env.XDG_VTNR" value="7" />
    <property name="env.XDG_GREETER_DATA_DIR" value="/var/lib/lightdm-data/cb" />
    <property name="jarfile" value="/home/cb/work/ccnx-0.8.2/javasrc/ccn.jar" />
    <property name="java.endorsed.dirs" value="/home/cb/work/java/jdk1.7.0_75/jre/lib/endorsed" />
    <property name="env.LOGNAME" value="cb" />
    <property name="env.UBUNTU_MENUPROXY" value="1" />
    <property name="src.dir" value="/home/cb/work/ccnx-0.8.2/javasrc/src/main" />
    <property name="ccn.test.topdir" value="../src/systemtest" />
    <property name="env.XDG_SEAT" value="seat0" />
    <property name="build-excludes" value="bin/**, log/**, lib/**, libsrc/**, repository/**, build/**, testout/**, ktrace.out, CCN_DEBUG_DATA/**" />
    <property name="env.LC_PAPER" value="zh_CN.UTF-8" />
    <property name="sun.os.patch.level" value="unknown" />
    <property name="java.vendor.url" value="http://java.oracle.com/" />
    <property name="env.XDG_SEAT_PATH" value="/org/freedesktop/DisplayManager/Seat0" />
    <property name="env.MANDATORY_PATH" value="/usr/share/gconf/ubuntu.mandatory.path" />
    <property name="java.version" value="1.7.0_75" />
    <property name="java.vendor.url.bug" value="http://bugreport.sun.com/bugreport/" />
    <property name="env.LANGUAGE" value="zh_CN:zh:en_US:en" />
    <property name="REPO_ROOT" value="/home/cb/work/ccnx-0.8.2/javasrc/testout/repotest" />
    <property name="ant.project.invoked-targets" value="test" />
    <property name="env.XDG_DATA_DIRS" value="/usr/share/ubuntu:/usr/share/gnome:/usr/local/share/:/usr/share/" />
    <property name="env.GNOME_KEYRING_CONTROL" value="/run/user/1000/keyring-jvPvKj" />
    <property name="USE_KEY_CONFIG_KEY" value="org.ccnx.config.UseKeyConfiguration" />
    <property name="env.UPSTART_SESSION" value="unix:abstract=/com/ubuntu/upstart-session/1000/1640" />
    <property name="user.name" value="cb" />
    <property name="env.LANG" value="zh_CN.UTF-8" />
    <property name="ccn.agent.port" value="63000" />
    <property name="env.LC_MONETARY" value="zh_CN.UTF-8" />
    <property name="sun.io.unicode.encoding" value="UnicodeLittle" />
    <property name="sun.jnu.encoding" value="UTF-8" />
    <property name="env.DBUS_SESSION_BUS_ADDRESS" value="unix:abstract=/tmp/dbus-rsLQ7IJ5pU" />
    <property name="java.runtime.name" value="Java(TM) SE Runtime Environment" />
    <property name="env.LC_NAME" value="zh_CN.UTF-8" />
    <property name="REPO_ROOT2" value="/home/cb/work/ccnx-0.8.2/javasrc/testout/repotest2" />
    <property name="java.specification.name" value="Java Platform API Specification" />
    <property name="ant.file.ccn-libs" value="/home/cb/work/ccnx-0.8.2/javasrc/libs.xml" />
    <property name="user.timezone" value="" />
    <property name="env.LESSOPEN" value="| /usr/bin/lesspipe %s" />
    <property name="path.separator" value=":" />
    <property name="junit-jar" value="/home/cb/work/ccnx-0.8.2/javasrc/lib/junit-4.3.1.jar" />
    <property name="env.XMODIFIERS" value="@im=fcitx" />
    <property name="file.encoding" value="UTF-8" />
    <property name="ant.project.default-target" value="jar" />
    <property name="build" value="/home/cb/work/ccnx-0.8.2/javasrc/build" />
    <property name="lib" value="/home/cb/work/ccnx-0.8.2/javasrc/lib" />
    <property name="env.HOME" value="/home/cb" />
    <property name="sun.java.command" value="org.apache.tools.ant.taskdefs.optional.junit.JUnitTestRunner testsfile=/home/cb/work/ccnx-0.8.2/javasrc/junittestcases2728968809880519292.properties skipNonTests=false filtertrace=true haltOnError=false haltOnFailure=true formatter=org.apache.tools.ant.taskdefs.optional.junit.SummaryJUnitResultFormatter showoutput=false outputtoformatters=true logfailedtests=true logtestlistenerevents=false formatter=org.apache.tools.ant.taskdefs.optional.junit.XMLJUnitResultFormatter,/home/cb/work/ccnx-0.8.2/javasrc/testout/IGNORETHIS.xml crashfile=/home/cb/work/ccnx-0.8.2/javasrc/junitvmwatcher2705996364260204566.properties propsfile=/home/cb/work/ccnx-0.8.2/javasrc/junit8895519925943578452.properties" />
    <property name="ant.file" value="/home/cb/work/ccnx-0.8.2/javasrc/build.xml" />
    <property name="env.LC_TELEPHONE" value="zh_CN.UTF-8" />
    <property name="env._" value="/usr/bin/make" />
    <property name="org.ccnx.ccn.LogDir" value="/home/cb/work/ccnx-0.8.2/javasrc/testout/log" />
    <property name="java.io.tmpdir" value="/tmp" />
    <property name="env.LC_IDENTIFICATION" value="zh_CN.UTF-8" />
    <property name="env.GNOME_KEYRING_PID" value="1635" />
    <property name="user.language" value="zh" />
    <property name="EXIT_ON_ERROR" value="org.ccnx.ExitOnNetworkError" />
    <property name="env.UPSTART_EVENTS" value="started starting" />
    <property name="line.separator" value="&#xa;" />
    <property name="ant.file.type" value="file" />
    <property name="env.SSH_AGENT_LAUNCHER" value="upstart" />
    <property name="env.SSH_AGENT_PID" value="1693" />
    <property name="env.CLUTTER_IM_MODULE" value="xim" />
    <property name="java.vm.info" value="mixed mode" />
    <property name="LOGDIR_KEY" value="org.ccnx.ccn.LogDir" />
    <property name="sun.desktop" value="gnome" />
    <property name="java.vm.specification.name" value="Java Virtual Machine Specification" />
    <property name="env.COLORTERM" value="gnome-terminal" />
    <property name="TEST_PORT" value="63000" />
    <property name="env.TEXTDOMAIN" value="im-config" />
    <property name="env.LC_MEASUREMENT" value="zh_CN.UTF-8" />
    <property name="env.IM_CONFIG_PHASE" value="1" />
    <property name="org.ccnx.config.UseKeyConfiguration" value="false" />
    <property name="env.LC_TIME" value="zh_CN.UTF-8" />
    <property name="env.GDMSESSION" value="ubuntu" />
    <property name="java.awt.printerjob" value="sun.print.PSPrinterJob" />
    <property name="env.VTE_VERSION" value="3409" />
    <property name="env.DEFAULTS_PATH" value="/usr/share/gconf/ubuntu.default.path" />
    <property name="ant.version" value="Apache Ant(TM) version 1.9.3 compiled on April 8 2014" />
    <property name="env.WINDOWID" value="20971532" />
    <property name="REPO_LOCAL" value="TestRepository" />
    <property name="env.COMPIZ_CONFIG_PROFILE" value="ubuntu" />
    <property name="env.XDG_SESSION_PATH" value="/org/freedesktop/DisplayManager/Session0" />
    <property name="env.JOB" value="gnome-session" />
    <property name="ant.file.type.java-ccnx" value="file" />
    <property name="env.MAKEFLAGS" value="w" />
    <property name="env.CLASSPATH" value=".:.:$CLASSPATH:$JAVA_HOME/lib:$JAVA_HOME/jre/lib:/home/cb/work/java/jdk1.7.0_75/lib:/home/cb/work/java/jdk1.7.0_75/jre/lib" />
    <property name="os.name" value="Linux" />
    <property name="java.specification.vendor" value="Oracle Corporation" />
    <property name="xml-jar" value="/home/cb/work/ccnx-0.8.2/javasrc/lib/kxml2-2.3.0.jar" />
    <property name="env.TERM" value="xterm" />
    <property name="java.vm.name" value="Java HotSpot(TM) 64-Bit Server VM" />
    <property name="env.QT_IM_MODULE" value="xim" />
    <property name="java.library.path" value="/usr/java/packages/lib/amd64:/usr/lib64:/lib64:/lib:/usr/lib" />
    <property name="env.PATH" value="/home/cb/work/java/jdk1.7.0_75/bin:/home/cb/work/java/jdk1.7.0_75/jre/bin:/usr/local/sbin:/usr/local/bin:/usr/sbin:/usr/bin:/sbin:/bin:/usr/games:/usr/local/games:/home/cb/bin" />
    <property name="CCND_CAP" value="50000" />
    <property name="env.LESSCLOSE" value="/usr/bin/lesspipe %s %s" />
    <property name="ant.java.version" value="1.7" />
    <property name="env.TEXTDOMAINDIR" value="/usr/share/locale/" />
    <property name="basedir" value="/home/cb/work/ccnx-0.8.2/javasrc" />
    <property name="java.class.version" value="51.0" />
    <property name="env.SHLVL" value="1" />
    <property name="ant.home" value="/usr/share/ant" />
    <property name="DEBUG_OPTIONS" value="" />
    <property name="org.ccnx.ExitOnNetworkError" value="true" />
    <property name="repo2" value="true" />
    <property name="env.UPSTART_JOB" value="unity-settings-daemon" />
    <property name="CCND_CMD" value="../../csrc/ccnd/ccnd" />
    <property name="JAVA_MEMORY" value="1g" />
    <property name="src.systemtest.dir" value="/home/cb/work/ccnx-0.8.2/javasrc/src/systemtest" />
    <property name="sun.boot.library.path" value="/home/cb/work/java/jdk1.7.0_75/jre/lib/amd64" />
    <property name="sun.management.compiler" value="HotSpot 64-Bit Tiered Compilers" />
    <property name="java.awt.graphicsenv" value="sun.awt.X11GraphicsEnvironment" />
    <property name="env.USER" value="cb" />
    <property name="env.GTK_IM_MODULE" value="fcitx" />
    <property name="env.GTK_MODULES" value="overlay-scrollbar:unity-gtk-module" />
    <property name="env.JRE_HOME" value="/home/cb/work/java/jdk1.7.0_75/jre" />
    <property name="ant.project.name" value="java-ccnx" />
    <property name="env.SESSIONTYPE" value="gnome-session" />
    <property name="java.vm.specification.version" value="1.7" />
    <property name="UNIT_TOP_DIR" value="../src/test" />
    <property name="SYNC_NOISY" value="INFO" />
    <property name="env.NLSPATH" value="/usr/dt/lib/nls/msg/%L/%N.cat" />
    <property name="awt.toolkit" value="sun.awt.X11.XToolkit" />
    <property name="sun.cpu.isalist" value="" />
    <property name="cmddir" value="/home/cb/work/ccnx-0.8.2/csrc/cmd" />
    <property name="java.ext.dirs" value="/home/cb/work/java/jdk1.7.0_75/jre/lib/ext:/usr/java/packages/lib/ext" />
    <property name="os.version" value="3.13.0-32-generic" />
    <property name="env.QT_QPA_PLATFORMTHEME" value="appmenu-qt5" />
    <property name="user.home" value="/home/cb" />
    <property name="env.XDG_CURRENT_DESKTOP" value="Unity" />
    <property name="ant.file.type.ccn-libs" value="file" />
    <property name="java.vm.vendor" value="Oracle Corporation" />
    <property name="env.JAVA_HOME" value="/home/cb/work/java/jdk1.7.0_75" />
    <property name="env.XDG_SESSION_ID" value="c2" />
    <property name="env.XAUTHORITY" value="/home/cb/.Xauthority" />
    <property name="REPO_GLOBAL" value="/parc.com/csl/ccn/repositories/TestRepository" />
    <property name="user.dir" value="/home/cb/work/ccnx-0.8.2/javasrc/testout" />
    <property name="env.XFILESEARCHPATH" value="/usr/dt/app-defaults/%L/Dt" />
    <property name="TOP_DIR" value="../src/systemtest" />
    <property name="env.PWD" value="/home/cb/work/ccnx-0.8.2/javasrc" />
    <property name="env.MAKELEVEL" value="2" />
    <property name="sun.cpu.endian" value="little" />
    <property name="env.MFLAGS" value="-w" />
    <property name="testout" value="/home/cb/work/ccnx-0.8.2/javasrc/testout" />
    <property name="java.vm.version" value="24.75-b04" />
    <property name="java.class.path" value="/home/cb/work/ccnx-0.8.2/javasrc/lib/bcprov-jdk16-143.jar:/home/cb/work/ccnx-0.8.2/javasrc/lib/kxml2-2.3.0.jar:/home/cb/work/ccnx-0.8.2/javasrc/lib/junit-4.3.1.jar:/home/cb/work/ccnx-0.8.2/javasrc/ccn.jar:/home/cb/work/ccnx-0.8.2/javasrc:/home/cb/work/java/jdk1.7.0_75/lib:/home/cb/work/java/jdk1.7.0_75/jre/lib:/usr/share/java/ant-launcher-1.9.3.jar:/usr/share/ant/lib/ant.jar:/usr/share/ant/lib/ant-junit.jar:/usr/share/ant/lib/ant-junit4.jar" />
    <property name="env.LC_ADDRESS" value="zh_CN.UTF-8" />
    <property name="ant.library.dir" value="/usr/share/ant/lib" />
    <property name="ccnr" value="/home/cb/work/ccnx-0.8.2/csrc/ccnr/ccnr" />
    <property name="os.arch" value="amd64" />
    <property name="env.LC_NUMERIC" value="zh_CN.UTF-8" />
    <property name="jarfile-base" value="ccn.jar" />
    <property name="sun.java.launcher" value="SUN_STANDARD" />
    <property name="testoutlog" value="/home/cb/work/ccnx-0.8.2/javasrc/testout/log" />
    <property name="ccnd" value="/home/cb/work/ccnx-0.8.2/csrc/ccnd/ccnd" />
    <property name="ant.core.lib" value="/usr/share/ant/lib/ant.jar" />
    <property name="java.vm.specification.vendor" value="Oracle Corporation" />
    <property name="env.UPSTART_INSTANCE" value="" />
    <property name="ccn-libs-basedir" value="/home/cb/work/ccnx-0.8.2/javasrc" />
    <property name="file.separator" value="/" />
    <property name="ant.file.java-ccnx" value="/home/cb/work/ccnx-0.8.2/javasrc/build.xml" />
    <property name="java.runtime.version" value="1.7.0_75-b13" />
    <property name="sun.boot.class.path" value="/home/cb/work/java/jdk1.7.0_75/jre/lib/resources.jar:/home/cb/work/java/jdk1.7.0_75/jre/lib/rt.jar:/home/cb/work/java/jdk1.7.0_75/jre/lib/sunrsasign.jar:/home/cb/work/java/jdk1.7.0_75/jre/lib/jsse.jar:/home/cb/work/java/jdk1.7.0_75/jre/lib/jce.jar:/home/cb/work/java/jdk1.7.0_75/jre/lib/charsets.jar:/home/cb/work/java/jdk1.7.0_75/jre/lib/jfr.jar:/home/cb/work/java/jdk1.7.0_75/jre/classes" />
    <property name="env.SSH_AUTH_SOCK" value="/run/user/1000/keyring-jvPvKj/ssh" />
    <property name="env.QT4_IM_MODULE" value="fcitx" />
    <property name="env.XDG_RUNTIME_DIR" value="/run/user/1000" />
    <property name="env.XDG_CONFIG_DIRS" value="/etc/xdg/xdg-ubuntu:/usr/share/upstart/xdg:/etc/xdg" />
    <property name="USE_KEY_CONFIG_VAL" value="false" />
    <property name="user.country" value="CN" />
    <property name="env.SHELL" value="/bin/bash" />
    <property name="env.INSTANCE" value="Unity" />
    <property name="java.vendor" value="Oracle Corporation" />
    <property name="showoutput" value="no" />
    <property name="CCND_DEBUG" value="87" />
    <property name="env.GPG_AGENT_INFO" value="/run/user/1000/keyring-jvPvKj/gpg:0:1" />
    <property name="java.specification.version" value="1.7" />
    <property name="sun.arch.data.model" value="64" />
    <property name="env.GNOME_DESKTOP_SESSION_ID" value="this-is-deprecated" />
  </properties>
  <testcase classname="org.ccnx.ccn.profiles.nameenum.EnumeratedNameListTestRepo" name="testEnumeratedName" time="12.651" />
  <testcase classname="org.ccnx.ccn.profiles.nameenum.EnumeratedNameListTestRepo" name="testEnumeratedNameListWithThreads" time="16.062" />
  <system-out><![CDATA[Writing log records to /home/cb/work/ccnx-0.8.2/javasrc/testout/log/ccn_15-03-16-095623-5007.log
Got 1 children: [/name-9396]
Predicted strings name-9396
names in list: /name-9396
adding name2: /test/parc/directory-1003/name-9397
adding name3: /test/parc/directory-1003/name-9398
names in list after adding name2 and name3: /name-9397 /name-9398
names in testlist after adding name2 and name3: /name-9396 /name-9397 /name-9398
Got new data, second round size: 2 first round 1
names in testlist after adding name2 and name3: /name-9396 /name-9397 /name-9398
Got children: [/=FD0550638478C5, /=FD05506385393B, /=FD055063853A5E, /=FD055063853C52, /=FD055063853E39, /=FD055063853FF0]
Got latest name /=FD055063853FF0 expected /=FD055063853FF0
]]></system-out>
  <system-err><![CDATA[三月 16, 2015 9:56:23 上午 org.ccnx.ccn.impl.security.keys.BasicKeyManager loadKeyStore
信息: Loading CCN key store from /home/cb/.ccnx/.ccnx_keystore...last modified 1426430257000(ms).
三月 16, 2015 9:56:23 上午 org.ccnx.ccn.impl.security.keys.BasicKeyManager readKeyStore
信息: Loading CCN key store...
三月 16, 2015 9:56:23 上午 org.ccnx.ccn.impl.security.keys.BasicKeyManager loadKeyStore
信息: Loaded CCN key store from /home/cb/.ccnx/.ccnx_keystore...version 2015-03-15 22:37:37.0 ms: 1426430257000
三月 16, 2015 9:56:23 上午 org.ccnx.ccn.impl.security.keys.BasicKeyManager loadValuesFromKeystore
信息: Loading key store file:/home/cb/.ccnx/.ccnx_keystore version 2015-03-15 22:37:37.0 version component =FD055059931000 millis 1426430257000
三月 16, 2015 9:56:23 上午 org.ccnx.ccn.impl.security.keys.BasicKeyManager loadValuesFromKeystore
信息: Default key ID for user cb: S7CCoW5TgvuqoJ++MD4k4ELjfojCkOBUKSUh3sojZSM=
三月 16, 2015 9:56:23 上午 org.ccnx.ccn.impl.security.keys.SecureKeyCache loadKeyStore
信息: KeyCache: loading signing key S7CCoW5TgvuqoJ++MD4k4ELjfojCkOBUKSUh3sojZSM=, remembering public key in public key cache.
三月 16, 2015 9:56:23 上午 org.ccnx.ccn.impl.security.keys.SecureKeyCache addMySigningKey
信息: SecureKeyCache: adding my private key 4bb082a16e5382fbaaa09fbe303e24e042e37e88c290e054292521deca236523
三月 16, 2015 9:56:23 上午 org.ccnx.ccn.impl.security.keys.BasicKeyManager loadValuesFromConfiguration
信息: Not loading key manager configuration data in response to user configuration variable.
三月 16, 2015 9:56:23 上午 org.ccnx.ccn.impl.CCNNetworkManager <init>
警告: NetworkManager 1: Non-standard CCN agent port 63000 per property ccn.agent.port
三月 16, 2015 9:56:23 上午 org.ccnx.ccn.impl.CCNNetworkManager <init>
信息: NetworkManager 1: Contacting CCN agent at localhost:63000
三月 16, 2015 9:56:23 上午 org.ccnx.ccn.impl.CCNNetworkChannel <init>
信息: NetworkChannel 1: Starting up CCNNetworkChannel using TCP.
三月 16, 2015 9:56:23 上午 org.ccnx.ccn.impl.CCNNetworkChannel open
信息: NetworkChannel 1: open()
三月 16, 2015 9:56:23 上午 org.ccnx.ccn.impl.CCNNetworkChannel open
信息: NetworkChannel 1: Contacting CCN agent at localhost:63000 on local port 49867
三月 16, 2015 9:56:23 上午 org.ccnx.ccn.CCNHandle <init>
信息: CCNHandle 1: Handle is now open
三月 16, 2015 9:56:23 上午 org.ccnx.ccn.impl.CCNNetworkManager run
信息: NetworkManager 1: CCNNetworkManager processing thread started for port: 63000
三月 16, 2015 9:56:23 上午 org.ccnx.ccn.impl.security.keys.PublicKeyCache getPublicKeyObject
信息: Retrieved key iJPI7Cmegb1Hcmae9Dh1J+cJOpYkf1b+DGlC3el8x9w= using locator NAME: /%C1.M.S.localhost/%C1.M.SRV/ccnd/KEY/%C1.M.K=008893C8EC299E81BD4772669EF4387527E7093A96247F56FE0C6942DDE97CC7DC/=FD055063717EB3.
三月 16, 2015 9:56:23 上午 org.ccnx.ccn.impl.security.keys.PublicKeyCache getPublicKeyObject
信息: Retrieved key iJPI7Cmegb1Hcmae9Dh1J+cJOpYkf1b+DGlC3el8x9w= using locator NAME: /%C1.M.S.localhost/%C1.M.SRV/ccnd/KEY/%C1.M.K=008893C8EC299E81BD4772669EF4387527E7093A96247F56FE0C6942DDE97CC7DC/=FD055063717EB3 - got /%C1.M.S.localhost/%C1.M.SRV/ccnd/KEY/%C1.M.K=008893C8EC299E81BD4772669EF4387527E7093A96247F56FE0C6942DDE97CC7DC/=FD055063717EB3/=00
三月 16, 2015 9:56:23 上午 org.ccnx.ccn.io.CCNAbstractInputStream <init>
信息: CCNAbstractInputStream: /%C1.M.S.localhost/%C1.M.SRV/ccnd/KEY/%C1.M.K=008893C8EC299E81BD4772669EF4387527E7093A96247F56FE0C6942DDE97CC7DC/=FD055063717EB3 segment 0
三月 16, 2015 9:56:23 上午 org.ccnx.ccn.impl.security.keys.PublicKeyCache getPublicKeyObject
信息: Retrieved public key using name: /%C1.M.S.localhost/%C1.M.SRV/ccnd/KEY/%C1.M.K=008893C8EC299E81BD4772669EF4387527E7093A96247F56FE0C6942DDE97CC7DC/=FD055063717EB3
三月 16, 2015 9:56:23 上午 org.ccnx.ccn.impl.security.keys.PublicKeyCache getPublicKey
信息: Retrieved key iJPI7Cmegb1Hcmae9Dh1J+cJOpYkf1b+DGlC3el8x9w= from network with locator NAME: /%C1.M.S.localhost/%C1.M.SRV/ccnd/KEY/%C1.M.K=008893C8EC299E81BD4772669EF4387527E7093A96247F56FE0C6942DDE97CC7DC/=FD055063717EB3!
三月 16, 2015 9:56:23 上午 org.ccnx.ccn.config.PlatformConfiguration <clinit>
信息: BC provider: BC
三月 16, 2015 9:56:23 上午 org.ccnx.ccn.config.PlatformConfiguration <clinit>
信息: Provider info: BouncyCastle Security Provider v1.43 version: 1.43
三月 16, 2015 9:56:23 上午 org.ccnx.ccn.config.PlatformConfiguration <clinit>
信息: java.vm.name = Java HotSpot(TM) 64-Bit Server VM
三月 16, 2015 9:56:23 上午 org.ccnx.ccn.impl.CCNFlowControl addNameSpace
信息: Flow controller addNameSpace: added namespace: /ccnx.org/Users/cb/Keys/%C1.M.K%00K=B082A16E5382FBAAA09FBE303E24E042E37E88C290E054292521DECA236523/=FD055059931000
三月 16, 2015 9:56:23 上午 org.ccnx.ccn.impl.security.keys.BasicKeyManager getKeyLocator
信息: getKeyLocator: returning locator KEY: S7CCoW5TgvuqoJ++MD4k4ELjfojCkOBUKSUh3sojZSM= for key S7CCoW5TgvuqoJ++MD4k4ELjfojCkOBUKSUh3sojZSM=
三月 16, 2015 9:56:23 上午 org.ccnx.ccn.KeyManager publishKey
信息: publishKey: key not previously published, making new key object /ccnx.org/Users/cb/Keys/%C1.M.K%00K=B082A16E5382FBAAA09FBE303E24E042E37E88C290E054292521DECA236523 with version 2015-03-15 22:37:37.0 displayed as =FD055059931000
三月 16, 2015 9:56:23 上午 org.ccnx.ccn.io.CCNAbstractOutputStream <init>
信息: CCNAbstractOutputStream: /ccnx.org/Users/cb/Keys/%C1.M.K%00K=B082A16E5382FBAAA09FBE303E24E042E37E88C290E054292521DECA236523/=FD055059931000 blocksize is 4096
三月 16, 2015 9:56:23 上午 org.ccnx.ccn.io.CCNAbstractOutputStream startWrite
信息: CCNAbstractOutputStream: startWrite -- searching for keys.
三月 16, 2015 9:56:23 上午 org.ccnx.ccn.profiles.security.access.AccessControlManager keysForOutput
信息: keysForOutput: found an acm: (null)
三月 16, 2015 9:56:23 上午 org.ccnx.ccn.io.CCNOutputStream flushToNetwork
信息: flush: outputting to the segmenter, baseName /ccnx.org/Users/cb/Keys/%C1.M.K%00K=B082A16E5382FBAAA09FBE303E24E042E37E88C290E054292521DECA236523/=FD055059931000 basenameindex =00; 162 bytes written, holding back 162 flushing final blocks? false.
三月 16, 2015 9:56:23 上午 org.ccnx.ccn.io.CCNOutputStream flushToNetwork
信息: HEADER: CCNOutputStream: flushToNetwork: new _baseNameIndex 0
三月 16, 2015 9:56:23 上午 org.ccnx.ccn.io.CCNOutputStream flushToNetwork
信息: flush: outputting to the segmenter, baseName /ccnx.org/Users/cb/Keys/%C1.M.K%00K=B082A16E5382FBAAA09FBE303E24E042E37E88C290E054292521DECA236523/=FD055059931000 basenameindex =00; 162 bytes written, holding back 0 flushing final blocks? true.
三月 16, 2015 9:56:23 上午 org.ccnx.ccn.io.CCNOutputStream flushToNetwork
信息: HEADER: CCNOutputStream: flushToNetwork: new _baseNameIndex 1
三月 16, 2015 9:56:23 上午 org.ccnx.ccn.io.CCNOutputStream close
信息: CCNOutputStream close: /ccnx.org/Users/cb/Keys/%C1.M.K%00K=B082A16E5382FBAAA09FBE303E24E042E37E88C290E054292521DECA236523/=FD055059931000
三月 16, 2015 9:56:23 上午 org.ccnx.ccn.KeyManager publishKey
信息: Published key Sun RSA public key, 1024 bits
  modulus: 117279129325874211277607356849787251715570373721560580642141461638097818254948829770352070726044644268881781743762722938404103804101201617552769856641473514762103364862280112139804873614111497411688991215437978547538300080789649372572822228902620566756781843183599945687014465640524444441393207286473746734631
  public exponent: 65537 to name /ccnx.org/Users/cb/Keys/%C1.M.K%00K=B082A16E5382FBAAA09FBE303E24E042E37E88C290E054292521DECA236523/=FD055059931000 with key locator NAME: /ccnx.org/Users/cb/Keys/%C1.M.K%00K=B082A16E5382FBAAA09FBE303E24E042E37E88C290E054292521DECA236523/=FD055059931000 KEY:itggagmsks2vela17tu60v29o22sdv8hgkgs1a2i991rr526p93; ephemeral digest %95-t%242=E80B9AF8F5E9F4FFC3F49ACE9962014C20F94DDC18EBBCFE59EE63.
三月 16, 2015 9:56:23 上午 org.ccnx.ccn.impl.security.keys.BasicKeyManager publishKey
信息: publishKey: published key S7CCoW5TgvuqoJ++MD4k4ELjfojCkOBUKSUh3sojZSM=
 under specified key name /ccnx.org/Users/cb/Keys/%C1.M.K%00K=B082A16E5382FBAAA09FBE303E24E042E37E88C290E054292521DECA236523/=FD055059931000
 key locator: NAME: /ccnx.org/Users/cb/Keys/%C1.M.K%00K=B082A16E5382FBAAA09FBE303E24E042E37E88C290E054292521DECA236523/=FD055059931000 KEY:itggagmsks2vela17tu60v29o22sdv8hgkgs1a2i991rr526p93
三月 16, 2015 9:56:23 上午 org.ccnx.ccn.impl.security.keys.BasicKeyManager publishKey
信息: publishKey: storing key locator S7CCoW5TgvuqoJ++MD4k4ELjfojCkOBUKSUh3sojZSM= for key NAME: /ccnx.org/Users/cb/Keys/%C1.M.K%00K=B082A16E5382FBAAA09FBE303E24E042E37E88C290E054292521DECA236523/=FD055059931000 KEY:itggagmsks2vela17tu60v29o22sdv8hgkgs1a2i991rr526p93
三月 16, 2015 9:56:23 上午 org.ccnx.ccn.impl.CCNNetworkManager <init>
警告: NetworkManager 2: Non-standard CCN agent port 63000 per property ccn.agent.port
三月 16, 2015 9:56:23 上午 org.ccnx.ccn.impl.CCNNetworkManager <init>
信息: NetworkManager 2: Contacting CCN agent at localhost:63000
三月 16, 2015 9:56:23 上午 org.ccnx.ccn.impl.CCNNetworkChannel <init>
信息: NetworkChannel 2: Starting up CCNNetworkChannel using TCP.
三月 16, 2015 9:56:23 上午 org.ccnx.ccn.impl.CCNNetworkChannel open
信息: NetworkChannel 2: open()
三月 16, 2015 9:56:23 上午 org.ccnx.ccn.impl.CCNNetworkChannel open
信息: NetworkChannel 2: Contacting CCN agent at localhost:63000 on local port 49868
三月 16, 2015 9:56:23 上午 org.ccnx.ccn.CCNHandle <init>
信息: CCNHandle 2: Handle is now open
三月 16, 2015 9:56:23 上午 org.ccnx.ccn.profiles.nameenum.EnumeratedNameListTestRepo testEnumeratedName
信息: Starting testEnumeratedName
三月 16, 2015 9:56:23 上午 org.ccnx.ccn.impl.CCNNetworkManager <init>
警告: NetworkManager 3: Non-standard CCN agent port 63000 per property ccn.agent.port
三月 16, 2015 9:56:23 上午 org.ccnx.ccn.impl.CCNNetworkManager <init>
信息: NetworkManager 3: Contacting CCN agent at localhost:63000
三月 16, 2015 9:56:23 上午 org.ccnx.ccn.impl.CCNNetworkChannel <init>
信息: NetworkChannel 3: Starting up CCNNetworkChannel using TCP.
三月 16, 2015 9:56:23 上午 org.ccnx.ccn.impl.CCNNetworkChannel open
信息: NetworkChannel 3: open()
三月 16, 2015 9:56:23 上午 org.ccnx.ccn.impl.CCNNetworkChannel open
信息: NetworkChannel 3: Contacting CCN agent at localhost:63000 on local port 49869
三月 16, 2015 9:56:23 上午 org.ccnx.ccn.CCNHandle <init>
信息: CCNHandle 3: Handle is now open
三月 16, 2015 9:56:23 上午 org.ccnx.ccn.profiles.nameenum.EnumeratedNameListTestRepo testEnumeratedName
信息: *****************Creating Enumerated Name List Object
三月 16, 2015 9:56:23 上午 org.ccnx.ccn.profiles.nameenum.CCNNameEnumerator registerPrefix
信息: Registered Prefix: /test/parc/directory-1003
三月 16, 2015 9:56:23 上午 org.ccnx.ccn.impl.CCNNetworkManager run
信息: NetworkManager 2: CCNNetworkManager processing thread started for port: 63000
三月 16, 2015 9:56:23 上午 org.ccnx.ccn.profiles.nameenum.EnumeratedNameListTestRepo testEnumeratedName
信息: *****************assert creation of handle and enumeratednamelist object
三月 16, 2015 9:56:23 上午 org.ccnx.ccn.profiles.nameenum.EnumeratedNameListTestRepo testEnumeratedName
信息: *****************assert creation of prefix
三月 16, 2015 9:56:23 上午 org.ccnx.ccn.profiles.nameenum.EnumeratedNameListTestRepo testEnumeratedName
信息: ***************** Prefix is /test/parc/directory-1003
三月 16, 2015 9:56:23 上午 org.ccnx.ccn.profiles.nameenum.EnumeratedNameListTestRepo testEnumeratedName
信息: ****************** adding name1 to repo
三月 16, 2015 9:56:23 上午 org.ccnx.ccn.io.content.CCNNetworkObject createFlowController
信息: Created REPOSITORY flow controller, for prefix /test/parc/directory-1003/name-9396, save type REPOSITORY
三月 16, 2015 9:56:23 上午 org.ccnx.ccn.impl.CCNNetworkManager run
信息: NetworkManager 3: CCNNetworkManager processing thread started for port: 63000
三月 16, 2015 9:56:23 上午 org.ccnx.ccn.impl.CCNFlowControl addNameSpace
信息: Flow controller addNameSpace: added namespace: /test/parc/directory-1003/name-9396
三月 16, 2015 9:56:23 上午 org.ccnx.ccn.impl.security.keys.BasicKeyManager getKeyLocator
信息: getKeyLocator: returning locator NAME: /ccnx.org/Users/cb/Keys/%C1.M.K%00K=B082A16E5382FBAAA09FBE303E24E042E37E88C290E054292521DECA236523/=FD055059931000 KEY:itggagmsks2vela17tu60v29o22sdv8hgkgs1a2i991rr526p93 for key S7CCoW5TgvuqoJ++MD4k4ELjfojCkOBUKSUh3sojZSM=
三月 16, 2015 9:56:23 上午 org.ccnx.ccn.io.CCNAbstractOutputStream <init>
信息: CCNAbstractOutputStream: /test/parc/directory-1003/name-9396/=FD0550638478C5 blocksize is 4096
三月 16, 2015 9:56:23 上午 org.ccnx.ccn.io.CCNAbstractOutputStream startWrite
信息: CCNAbstractOutputStream: startWrite -- searching for keys.
三月 16, 2015 9:56:23 上午 org.ccnx.ccn.profiles.security.access.AccessControlManager keysForOutput
信息: keysForOutput: found an acm: (null)
三月 16, 2015 9:56:23 上午 org.ccnx.ccn.impl.repo.RepositoryFlowControl startWrite
信息: RepositoryFlowControl.startWrite called for name /test/parc/directory-1003/name-9396/=FD0550638478C5, shape STREAM
三月 16, 2015 9:56:23 上午 org.ccnx.ccn.impl.repo.RepositoryFlowControl handleContent
信息: handleContent: got potential repo message: /test/parc/directory-1003/name-9396/=FD0550638478C5/%C1.R.sw/%C1.N=00DB07E4B4FE9BB46F
三月 16, 2015 9:56:23 上午 org.ccnx.ccn.io.CCNOutputStream flushToNetwork
信息: flush: outputting to the segmenter, baseName /test/parc/directory-1003/name-9396/=FD0550638478C5 basenameindex =00; 9 bytes written, holding back 9 flushing final blocks? false.
三月 16, 2015 9:56:23 上午 org.ccnx.ccn.io.CCNOutputStream flushToNetwork
信息: HEADER: CCNOutputStream: flushToNetwork: new _baseNameIndex 0
三月 16, 2015 9:56:23 上午 org.ccnx.ccn.io.CCNOutputStream flushToNetwork
信息: flush: outputting to the segmenter, baseName /test/parc/directory-1003/name-9396/=FD0550638478C5 basenameindex =00; 9 bytes written, holding back 0 flushing final blocks? true.
三月 16, 2015 9:56:23 上午 org.ccnx.ccn.io.CCNOutputStream flushToNetwork
信息: HEADER: CCNOutputStream: flushToNetwork: new _baseNameIndex 1
三月 16, 2015 9:56:23 上午 org.ccnx.ccn.io.CCNOutputStream close
信息: CCNOutputStream close: /test/parc/directory-1003/name-9396/=FD0550638478C5
三月 16, 2015 9:56:23 上午 org.ccnx.ccn.profiles.nameenum.EnumeratedNameListTestRepo addContentToRepo
信息: Saved new object: /test/parc/directory-1003/name-9396/=FD0550638478C5
三月 16, 2015 9:56:23 上午 org.ccnx.ccn.profiles.nameenum.EnumeratedNameList waitForNewChildren
信息: Waiting for new data on prefix: /test/parc/directory-1003, updated (null), our update (null), have 0 children 0 new.
三月 16, 2015 9:56:24 上午 org.ccnx.ccn.profiles.nameenum.EnumeratedNameList waitForNewChildren
信息: Waiting for new data on prefix: /test/parc/directory-1003, updated (null), our update (null), have 0 children 0 new.
三月 16, 2015 9:56:24 上午 org.ccnx.ccn.profiles.nameenum.EnumeratedNameList waitForNewChildren
信息: Waiting for new data on prefix: /test/parc/directory-1003, updated (null), our update (null), have 0 children 0 new.
三月 16, 2015 9:56:24 上午 org.ccnx.ccn.profiles.nameenum.EnumeratedNameList waitForNewChildren
信息: Waiting for new data on prefix: /test/parc/directory-1003, updated (null), our update (null), have 0 children 0 new.
三月 16, 2015 9:56:25 上午 org.ccnx.ccn.profiles.nameenum.EnumeratedNameList waitForNewChildren
信息: Waiting for new data on prefix: /test/parc/directory-1003, updated (null), our update (null), have 0 children 0 new.
三月 16, 2015 9:56:25 上午 org.ccnx.ccn.profiles.nameenum.EnumeratedNameList waitForNewChildren
信息: Waiting for new data on prefix: /test/parc/directory-1003, updated (null), our update (null), have 0 children 0 new.
三月 16, 2015 9:56:25 上午 org.ccnx.ccn.profiles.nameenum.EnumeratedNameList waitForNewChildren
信息: Waiting for new data on prefix: /test/parc/directory-1003, updated (null), our update (null), have 0 children 0 new.
三月 16, 2015 9:56:26 上午 org.ccnx.ccn.profiles.nameenum.EnumeratedNameList waitForNewChildren
信息: Waiting for new data on prefix: /test/parc/directory-1003, updated (null), our update (null), have 0 children 0 new.
三月 16, 2015 9:56:26 上午 org.ccnx.ccn.profiles.nameenum.EnumeratedNameList waitForNewChildren
信息: Waiting for new data on prefix: /test/parc/directory-1003, updated (null), our update (null), have 0 children 0 new.
三月 16, 2015 9:56:26 上午 org.ccnx.ccn.profiles.nameenum.EnumeratedNameList waitForNewChildren
信息: Waiting for new data on prefix: /test/parc/directory-1003, updated (null), our update (null), have 0 children 0 new.
三月 16, 2015 9:56:26 上午 org.ccnx.ccn.profiles.nameenum.EnumeratedNameList waitForNewChildren
信息: Waiting for new data on prefix: /test/parc/directory-1003, updated (null), our update (null), have 0 children 0 new.
三月 16, 2015 9:56:27 上午 org.ccnx.ccn.profiles.nameenum.EnumeratedNameList waitForNewChildren
信息: Waiting for new data on prefix: /test/parc/directory-1003, updated (null), our update (null), have 0 children 0 new.
三月 16, 2015 9:56:27 上午 org.ccnx.ccn.profiles.nameenum.EnumeratedNameList waitForNewChildren
信息: Waiting for new data on prefix: /test/parc/directory-1003, updated (null), our update (null), have 0 children 0 new.
三月 16, 2015 9:56:27 上午 org.ccnx.ccn.profiles.nameenum.EnumeratedNameList waitForNewChildren
信息: Waiting for new data on prefix: /test/parc/directory-1003, updated (null), our update (null), have 0 children 0 new.
三月 16, 2015 9:56:28 上午 org.ccnx.ccn.profiles.nameenum.EnumeratedNameList waitForNewChildren
信息: Waiting for new data on prefix: /test/parc/directory-1003, updated (null), our update (null), have 0 children 0 new.
三月 16, 2015 9:56:28 上午 org.ccnx.ccn.profiles.nameenum.EnumeratedNameList waitForNewChildren
信息: Waiting for new data on prefix: /test/parc/directory-1003, updated (null), our update (null), have 0 children 0 new.
三月 16, 2015 9:56:28 上午 org.ccnx.ccn.profiles.nameenum.EnumeratedNameList waitForNewChildren
信息: Waiting for new data on prefix: /test/parc/directory-1003, updated (null), our update (null), have 0 children 0 new.
三月 16, 2015 9:56:29 上午 org.ccnx.ccn.profiles.nameenum.EnumeratedNameList waitForNewChildren
信息: Waiting for new data on prefix: /test/parc/directory-1003, updated (null), our update (null), have 0 children 0 new.
三月 16, 2015 9:56:29 上午 org.ccnx.ccn.profiles.nameenum.EnumeratedNameList waitForNewChildren
信息: Waiting for new data on prefix: /test/parc/directory-1003, updated (null), our update (null), have 0 children 0 new.
三月 16, 2015 9:56:29 上午 org.ccnx.ccn.profiles.nameenum.EnumeratedNameList waitForNewChildren
信息: Waiting for new data on prefix: /test/parc/directory-1003, updated (null), our update (null), have 0 children 0 new.
三月 16, 2015 9:56:29 上午 org.ccnx.ccn.profiles.nameenum.EnumeratedNameList waitForNewChildren
信息: Waiting for new data on prefix: /test/parc/directory-1003, updated (null), our update (null), have 0 children 0 new.
三月 16, 2015 9:56:30 上午 org.ccnx.ccn.profiles.nameenum.EnumeratedNameList waitForNewChildren
信息: Waiting for new data on prefix: /test/parc/directory-1003, updated (null), our update (null), have 0 children 0 new.
三月 16, 2015 9:56:30 上午 org.ccnx.ccn.profiles.nameenum.EnumeratedNameList waitForNewChildren
信息: Waiting for new data on prefix: /test/parc/directory-1003, updated (null), our update (null), have 0 children 0 new.
三月 16, 2015 9:56:30 上午 org.ccnx.ccn.profiles.nameenum.EnumeratedNameList waitForNewChildren
信息: Waiting for new data on prefix: /test/parc/directory-1003, updated (null), our update (null), have 0 children 0 new.
三月 16, 2015 9:56:31 上午 org.ccnx.ccn.profiles.nameenum.EnumeratedNameList waitForNewChildren
信息: Waiting for new data on prefix: /test/parc/directory-1003, updated (null), our update (null), have 0 children 0 new.
三月 16, 2015 9:56:31 上午 org.ccnx.ccn.profiles.nameenum.EnumeratedNameList waitForNewChildren
信息: Waiting for new data on prefix: /test/parc/directory-1003, updated (null), our update (null), have 0 children 0 new.
三月 16, 2015 9:56:31 上午 org.ccnx.ccn.io.CCNAbstractInputStream <init>
信息: CCNAbstractInputStream: /test/parc/directory-1003/%C1.E.be/%C1.M.K=00FD0ED2ECFE32A14D2774D6B98187020D949FF3F6AA2CAC8090CB49DF822F7B00/=FD05506384F8B2 segment 0
三月 16, 2015 9:56:31 上午 org.ccnx.ccn.profiles.nameenum.EnumeratedNameList handleNameEnumerator
信息: 1 new name enumeration results: our prefix: /test/parc/directory-1003 returned prefix: /test/parc/directory-1003
三月 16, 2015 9:56:31 上午 org.ccnx.ccn.profiles.nameenum.EnumeratedNameList handleNameEnumerator
信息: Handling Name Iteration /test/parc/directory-1003, size is 1
三月 16, 2015 9:56:31 上午 org.ccnx.ccn.profiles.nameenum.EnumeratedNameList handleNameEnumerator
信息: New children found: at 2015-03-16 09:56:31.561035156 1 total children 1
三月 16, 2015 9:56:31 上午 org.ccnx.ccn.profiles.nameenum.EnumeratedNameList waitForNewChildren
信息: Waiting for new data on prefix: /test/parc/directory-1003, updated 2015-03-16 09:56:31.561035156, our update (null), have 1 children 1 new.
三月 16, 2015 9:56:31 上午 org.ccnx.ccn.profiles.nameenum.EnumeratedNameListTestRepo testEnumeratedName
信息: Added data to repo: /test/parc/directory-1003/name-9396/=FD0550638478C5
三月 16, 2015 9:56:31 上午 org.ccnx.ccn.profiles.nameenum.EnumeratedNameList getNewData
信息: Waiting for new data on prefix: /test/parc/directory-1003 got 1.
三月 16, 2015 9:56:31 上午 org.ccnx.ccn.io.content.CCNNetworkObject createFlowController
信息: Created REPOSITORY flow controller, for prefix /test/parc/directory-1003/name-9397, save type REPOSITORY
三月 16, 2015 9:56:31 上午 org.ccnx.ccn.impl.CCNFlowControl addNameSpace
信息: Flow controller addNameSpace: added namespace: /test/parc/directory-1003/name-9397
三月 16, 2015 9:56:31 上午 org.ccnx.ccn.impl.security.keys.BasicKeyManager getKeyLocator
信息: getKeyLocator: returning locator NAME: /ccnx.org/Users/cb/Keys/%C1.M.K%00K=B082A16E5382FBAAA09FBE303E24E042E37E88C290E054292521DECA236523/=FD055059931000 KEY:itggagmsks2vela17tu60v29o22sdv8hgkgs1a2i991rr526p93 for key S7CCoW5TgvuqoJ++MD4k4ELjfojCkOBUKSUh3sojZSM=
三月 16, 2015 9:56:31 上午 org.ccnx.ccn.io.CCNAbstractOutputStream <init>
信息: CCNAbstractOutputStream: /test/parc/directory-1003/name-9397/=FD05506384F90A blocksize is 4096
三月 16, 2015 9:56:31 上午 org.ccnx.ccn.io.CCNAbstractOutputStream startWrite
信息: CCNAbstractOutputStream: startWrite -- searching for keys.
三月 16, 2015 9:56:31 上午 org.ccnx.ccn.profiles.security.access.AccessControlManager keysForOutput
信息: keysForOutput: found an acm: (null)
三月 16, 2015 9:56:31 上午 org.ccnx.ccn.impl.repo.RepositoryFlowControl startWrite
信息: RepositoryFlowControl.startWrite called for name /test/parc/directory-1003/name-9397/=FD05506384F90A, shape STREAM
三月 16, 2015 9:56:31 上午 org.ccnx.ccn.impl.repo.RepositoryFlowControl handleContent
信息: handleContent: got potential repo message: /test/parc/directory-1003/name-9397/=FD05506384F90A/%C1.R.sw/%C1.N%00q%81l=D1F4D66CAC
三月 16, 2015 9:56:31 上午 org.ccnx.ccn.io.CCNOutputStream flushToNetwork
信息: flush: outputting to the segmenter, baseName /test/parc/directory-1003/name-9397/=FD05506384F90A basenameindex =00; 9 bytes written, holding back 9 flushing final blocks? false.
三月 16, 2015 9:56:31 上午 org.ccnx.ccn.io.CCNOutputStream flushToNetwork
信息: HEADER: CCNOutputStream: flushToNetwork: new _baseNameIndex 0
三月 16, 2015 9:56:31 上午 org.ccnx.ccn.io.CCNOutputStream flushToNetwork
信息: flush: outputting to the segmenter, baseName /test/parc/directory-1003/name-9397/=FD05506384F90A basenameindex =00; 9 bytes written, holding back 0 flushing final blocks? true.
三月 16, 2015 9:56:31 上午 org.ccnx.ccn.io.CCNOutputStream flushToNetwork
信息: HEADER: CCNOutputStream: flushToNetwork: new _baseNameIndex 1
三月 16, 2015 9:56:31 上午 org.ccnx.ccn.io.CCNOutputStream close
信息: CCNOutputStream close: /test/parc/directory-1003/name-9397/=FD05506384F90A
三月 16, 2015 9:56:31 上午 org.ccnx.ccn.profiles.nameenum.EnumeratedNameListTestRepo addContentToRepo
信息: Saved new object: /test/parc/directory-1003/name-9397/=FD05506384F90A
三月 16, 2015 9:56:31 上午 org.ccnx.ccn.io.content.CCNNetworkObject createFlowController
信息: Created REPOSITORY flow controller, for prefix /test/parc/directory-1003/name-9398, save type REPOSITORY
三月 16, 2015 9:56:31 上午 org.ccnx.ccn.impl.CCNFlowControl addNameSpace
信息: Flow controller addNameSpace: added namespace: /test/parc/directory-1003/name-9398
三月 16, 2015 9:56:31 上午 org.ccnx.ccn.impl.security.keys.BasicKeyManager getKeyLocator
信息: getKeyLocator: returning locator NAME: /ccnx.org/Users/cb/Keys/%C1.M.K%00K=B082A16E5382FBAAA09FBE303E24E042E37E88C290E054292521DECA236523/=FD055059931000 KEY:itggagmsks2vela17tu60v29o22sdv8hgkgs1a2i991rr526p93 for key S7CCoW5TgvuqoJ++MD4k4ELjfojCkOBUKSUh3sojZSM=
三月 16, 2015 9:56:31 上午 org.ccnx.ccn.io.CCNAbstractOutputStream <init>
信息: CCNAbstractOutputStream: /test/parc/directory-1003/name-9398/=FD05506384FA4A blocksize is 4096
三月 16, 2015 9:56:31 上午 org.ccnx.ccn.io.CCNAbstractOutputStream startWrite
信息: CCNAbstractOutputStream: startWrite -- searching for keys.
三月 16, 2015 9:56:31 上午 org.ccnx.ccn.profiles.security.access.AccessControlManager keysForOutput
信息: keysForOutput: found an acm: (null)
三月 16, 2015 9:56:31 上午 org.ccnx.ccn.impl.repo.RepositoryFlowControl startWrite
信息: RepositoryFlowControl.startWrite called for name /test/parc/directory-1003/name-9398/=FD05506384FA4A, shape STREAM
三月 16, 2015 9:56:31 上午 org.ccnx.ccn.impl.repo.RepositoryFlowControl handleContent
信息: handleContent: got potential repo message: /test/parc/directory-1003/name-9398/=FD05506384FA4A/%C1.R.sw/%C1.N=0095655067C5595A32
三月 16, 2015 9:56:31 上午 org.ccnx.ccn.io.CCNOutputStream flushToNetwork
信息: flush: outputting to the segmenter, baseName /test/parc/directory-1003/name-9398/=FD05506384FA4A basenameindex =00; 9 bytes written, holding back 9 flushing final blocks? false.
三月 16, 2015 9:56:31 上午 org.ccnx.ccn.io.CCNOutputStream flushToNetwork
信息: HEADER: CCNOutputStream: flushToNetwork: new _baseNameIndex 0
三月 16, 2015 9:56:31 上午 org.ccnx.ccn.io.CCNOutputStream flushToNetwork
信息: flush: outputting to the segmenter, baseName /test/parc/directory-1003/name-9398/=FD05506384FA4A basenameindex =00; 9 bytes written, holding back 0 flushing final blocks? true.
三月 16, 2015 9:56:31 上午 org.ccnx.ccn.io.CCNOutputStream flushToNetwork
信息: HEADER: CCNOutputStream: flushToNetwork: new _baseNameIndex 1
三月 16, 2015 9:56:31 上午 org.ccnx.ccn.io.CCNOutputStream close
信息: CCNOutputStream close: /test/parc/directory-1003/name-9398/=FD05506384FA4A
三月 16, 2015 9:56:31 上午 org.ccnx.ccn.profiles.nameenum.EnumeratedNameListTestRepo addContentToRepo
信息: Saved new object: /test/parc/directory-1003/name-9398/=FD05506384FA4A
三月 16, 2015 9:56:32 上午 org.ccnx.ccn.profiles.nameenum.EnumeratedNameList waitForNewChildren
信息: Waiting for new data on prefix: /test/parc/directory-1003, updated 2015-03-16 09:56:31.561035156, our update 2015-03-16 09:56:31.561035156, have 1 children 0 new.
三月 16, 2015 9:56:32 上午 org.ccnx.ccn.profiles.nameenum.EnumeratedNameList waitForNewChildren
信息: Waiting for new data on prefix: /test/parc/directory-1003, updated 2015-03-16 09:56:31.561035156, our update 2015-03-16 09:56:31.561035156, have 1 children 0 new.
三月 16, 2015 9:56:32 上午 org.ccnx.ccn.profiles.nameenum.EnumeratedNameList waitForNewChildren
信息: Waiting for new data on prefix: /test/parc/directory-1003, updated 2015-03-16 09:56:31.561035156, our update 2015-03-16 09:56:31.561035156, have 1 children 0 new.
三月 16, 2015 9:56:32 上午 org.ccnx.ccn.profiles.nameenum.EnumeratedNameList waitForNewChildren
信息: Waiting for new data on prefix: /test/parc/directory-1003, updated 2015-03-16 09:56:31.561035156, our update 2015-03-16 09:56:31.561035156, have 1 children 0 new.
三月 16, 2015 9:56:33 上午 org.ccnx.ccn.profiles.nameenum.EnumeratedNameList waitForNewChildren
信息: Waiting for new data on prefix: /test/parc/directory-1003, updated 2015-03-16 09:56:31.561035156, our update 2015-03-16 09:56:31.561035156, have 1 children 0 new.
三月 16, 2015 9:56:33 上午 org.ccnx.ccn.profiles.nameenum.EnumeratedNameList waitForNewChildren
信息: Waiting for new data on prefix: /test/parc/directory-1003, updated 2015-03-16 09:56:31.561035156, our update 2015-03-16 09:56:31.561035156, have 1 children 0 new.
三月 16, 2015 9:56:33 上午 org.ccnx.ccn.profiles.nameenum.EnumeratedNameList waitForNewChildren
信息: Waiting for new data on prefix: /test/parc/directory-1003, updated 2015-03-16 09:56:31.561035156, our update 2015-03-16 09:56:31.561035156, have 1 children 0 new.
三月 16, 2015 9:56:34 上午 org.ccnx.ccn.profiles.nameenum.EnumeratedNameList waitForNewChildren
信息: Waiting for new data on prefix: /test/parc/directory-1003, updated 2015-03-16 09:56:31.561035156, our update 2015-03-16 09:56:31.561035156, have 1 children 0 new.
三月 16, 2015 9:56:34 上午 org.ccnx.ccn.profiles.nameenum.EnumeratedNameList waitForNewChildren
信息: Waiting for new data on prefix: /test/parc/directory-1003, updated 2015-03-16 09:56:31.561035156, our update 2015-03-16 09:56:31.561035156, have 1 children 0 new.
三月 16, 2015 9:56:34 上午 org.ccnx.ccn.profiles.nameenum.EnumeratedNameList waitForNewChildren
信息: Waiting for new data on prefix: /test/parc/directory-1003, updated 2015-03-16 09:56:31.561035156, our update 2015-03-16 09:56:31.561035156, have 1 children 0 new.
三月 16, 2015 9:56:35 上午 org.ccnx.ccn.profiles.nameenum.EnumeratedNameList waitForNewChildren
信息: Waiting for new data on prefix: /test/parc/directory-1003, updated 2015-03-16 09:56:31.561035156, our update 2015-03-16 09:56:31.561035156, have 1 children 0 new.
三月 16, 2015 9:56:35 上午 org.ccnx.ccn.profiles.nameenum.EnumeratedNameList waitForNewChildren
信息: Waiting for new data on prefix: /test/parc/directory-1003, updated 2015-03-16 09:56:31.561035156, our update 2015-03-16 09:56:31.561035156, have 1 children 0 new.
三月 16, 2015 9:56:35 上午 org.ccnx.ccn.io.CCNAbstractInputStream <init>
信息: CCNAbstractInputStream: /test/parc/directory-1003/%C1.E.be/%C1.M.K=00FD0ED2ECFE32A14D2774D6B98187020D949FF3F6AA2CAC8090CB49DF822F7B00/=FD0550638538EC segment 0
三月 16, 2015 9:56:35 上午 org.ccnx.ccn.profiles.nameenum.EnumeratedNameList handleNameEnumerator
信息: 3 new name enumeration results: our prefix: /test/parc/directory-1003 returned prefix: /test/parc/directory-1003
三月 16, 2015 9:56:35 上午 org.ccnx.ccn.profiles.nameenum.EnumeratedNameList handleNameEnumerator
信息: Handling Name Iteration /test/parc/directory-1003, size is 3
三月 16, 2015 9:56:35 上午 org.ccnx.ccn.profiles.nameenum.EnumeratedNameList handleNameEnumerator
信息: New children found: at 2015-03-16 09:56:35.571044921 2 total children 3
三月 16, 2015 9:56:35 上午 org.ccnx.ccn.profiles.nameenum.EnumeratedNameList waitForNewChildren
信息: Waiting for new data on prefix: /test/parc/directory-1003, updated 2015-03-16 09:56:35.571044921, our update 2015-03-16 09:56:31.561035156, have 3 children 2 new.
三月 16, 2015 9:56:35 上午 org.ccnx.ccn.profiles.nameenum.EnumeratedNameList getNewData
信息: Waiting for new data on prefix: /test/parc/directory-1003 got 2.
三月 16, 2015 9:56:35 上午 org.ccnx.ccn.io.content.CCNNetworkObject createFlowController
信息: Created REPOSITORY flow controller, for prefix /test/parc/directory-1003/name-9396, save type REPOSITORY
三月 16, 2015 9:56:35 上午 org.ccnx.ccn.impl.CCNFlowControl addNameSpace
信息: Flow controller addNameSpace: added namespace: /test/parc/directory-1003/name-9396
三月 16, 2015 9:56:35 上午 org.ccnx.ccn.impl.security.keys.BasicKeyManager getKeyLocator
信息: getKeyLocator: returning locator NAME: /ccnx.org/Users/cb/Keys/%C1.M.K%00K=B082A16E5382FBAAA09FBE303E24E042E37E88C290E054292521DECA236523/=FD055059931000 KEY:itggagmsks2vela17tu60v29o22sdv8hgkgs1a2i991rr526p93 for key S7CCoW5TgvuqoJ++MD4k4ELjfojCkOBUKSUh3sojZSM=
三月 16, 2015 9:56:35 上午 org.ccnx.ccn.io.CCNAbstractOutputStream <init>
信息: CCNAbstractOutputStream: /test/parc/directory-1003/name-9396/=FD05506385393B blocksize is 4096
三月 16, 2015 9:56:35 上午 org.ccnx.ccn.io.CCNAbstractOutputStream startWrite
信息: CCNAbstractOutputStream: startWrite -- searching for keys.
三月 16, 2015 9:56:35 上午 org.ccnx.ccn.profiles.security.access.AccessControlManager keysForOutput
信息: keysForOutput: found an acm: (null)
三月 16, 2015 9:56:35 上午 org.ccnx.ccn.impl.repo.RepositoryFlowControl startWrite
信息: RepositoryFlowControl.startWrite called for name /test/parc/directory-1003/name-9396/=FD05506385393B, shape STREAM
三月 16, 2015 9:56:35 上午 org.ccnx.ccn.impl.repo.RepositoryFlowControl handleContent
信息: handleContent: got potential repo message: /test/parc/directory-1003/name-9396/=FD05506385393B/%C1.R.sw/%C1.N=00D88A60BCD76E8B9F
三月 16, 2015 9:56:35 上午 org.ccnx.ccn.io.CCNOutputStream flushToNetwork
信息: flush: outputting to the segmenter, baseName /test/parc/directory-1003/name-9396/=FD05506385393B basenameindex =00; 9 bytes written, holding back 9 flushing final blocks? false.
三月 16, 2015 9:56:35 上午 org.ccnx.ccn.io.CCNOutputStream flushToNetwork
信息: HEADER: CCNOutputStream: flushToNetwork: new _baseNameIndex 0
三月 16, 2015 9:56:35 上午 org.ccnx.ccn.io.CCNOutputStream flushToNetwork
信息: flush: outputting to the segmenter, baseName /test/parc/directory-1003/name-9396/=FD05506385393B basenameindex =00; 9 bytes written, holding back 0 flushing final blocks? true.
三月 16, 2015 9:56:35 上午 org.ccnx.ccn.io.CCNOutputStream flushToNetwork
信息: HEADER: CCNOutputStream: flushToNetwork: new _baseNameIndex 1
三月 16, 2015 9:56:35 上午 org.ccnx.ccn.io.CCNOutputStream close
信息: CCNOutputStream close: /test/parc/directory-1003/name-9396/=FD05506385393B
三月 16, 2015 9:56:35 上午 org.ccnx.ccn.profiles.nameenum.EnumeratedNameListTestRepo addContentToRepo
信息: Saved new object: /test/parc/directory-1003/name-9396/=FD05506385393B
三月 16, 2015 9:56:35 上午 org.ccnx.ccn.profiles.nameenum.EnumeratedNameListTestRepo testEnumeratedName
信息: Added data to repo: /test/parc/directory-1003/name-9396/=FD05506385393B
三月 16, 2015 9:56:35 上午 org.ccnx.ccn.io.content.CCNNetworkObject createFlowController
信息: Created REPOSITORY flow controller, for prefix /test/parc/directory-1003/name-9396, save type REPOSITORY
三月 16, 2015 9:56:35 上午 org.ccnx.ccn.impl.CCNFlowControl addNameSpace
信息: Flow controller addNameSpace: added namespace: /test/parc/directory-1003/name-9396
三月 16, 2015 9:56:35 上午 org.ccnx.ccn.impl.security.keys.BasicKeyManager getKeyLocator
信息: getKeyLocator: returning locator NAME: /ccnx.org/Users/cb/Keys/%C1.M.K%00K=B082A16E5382FBAAA09FBE303E24E042E37E88C290E054292521DECA236523/=FD055059931000 KEY:itggagmsks2vela17tu60v29o22sdv8hgkgs1a2i991rr526p93 for key S7CCoW5TgvuqoJ++MD4k4ELjfojCkOBUKSUh3sojZSM=
三月 16, 2015 9:56:35 上午 org.ccnx.ccn.io.CCNAbstractOutputStream <init>
信息: CCNAbstractOutputStream: /test/parc/directory-1003/name-9396/=FD055063853A5E blocksize is 4096
三月 16, 2015 9:56:35 上午 org.ccnx.ccn.io.CCNAbstractOutputStream startWrite
信息: CCNAbstractOutputStream: startWrite -- searching for keys.
三月 16, 2015 9:56:35 上午 org.ccnx.ccn.profiles.security.access.AccessControlManager keysForOutput
信息: keysForOutput: found an acm: (null)
三月 16, 2015 9:56:35 上午 org.ccnx.ccn.impl.repo.RepositoryFlowControl startWrite
信息: RepositoryFlowControl.startWrite called for name /test/parc/directory-1003/name-9396/=FD055063853A5E, shape STREAM
三月 16, 2015 9:56:35 上午 org.ccnx.ccn.impl.repo.RepositoryFlowControl handleContent
信息: handleContent: got potential repo message: /test/parc/directory-1003/name-9396/=FD055063853A5E/%C1.R.sw/%C1.N=00851185A9BD4A1A57
三月 16, 2015 9:56:35 上午 org.ccnx.ccn.io.CCNOutputStream flushToNetwork
信息: flush: outputting to the segmenter, baseName /test/parc/directory-1003/name-9396/=FD055063853A5E basenameindex =00; 9 bytes written, holding back 9 flushing final blocks? false.
三月 16, 2015 9:56:35 上午 org.ccnx.ccn.io.CCNOutputStream flushToNetwork
信息: HEADER: CCNOutputStream: flushToNetwork: new _baseNameIndex 0
三月 16, 2015 9:56:35 上午 org.ccnx.ccn.io.CCNOutputStream flushToNetwork
信息: flush: outputting to the segmenter, baseName /test/parc/directory-1003/name-9396/=FD055063853A5E basenameindex =00; 9 bytes written, holding back 0 flushing final blocks? true.
三月 16, 2015 9:56:35 上午 org.ccnx.ccn.io.CCNOutputStream flushToNetwork
信息: HEADER: CCNOutputStream: flushToNetwork: new _baseNameIndex 1
三月 16, 2015 9:56:35 上午 org.ccnx.ccn.io.CCNOutputStream close
信息: CCNOutputStream close: /test/parc/directory-1003/name-9396/=FD055063853A5E
三月 16, 2015 9:56:35 上午 org.ccnx.ccn.profiles.nameenum.EnumeratedNameListTestRepo addContentToRepo
信息: Saved new object: /test/parc/directory-1003/name-9396/=FD055063853A5E
三月 16, 2015 9:56:35 上午 org.ccnx.ccn.profiles.nameenum.EnumeratedNameListTestRepo testEnumeratedName
信息: Added data to repo: /test/parc/directory-1003/name-9396/=FD055063853A5E
三月 16, 2015 9:56:35 上午 org.ccnx.ccn.io.content.CCNNetworkObject createFlowController
信息: Created REPOSITORY flow controller, for prefix /test/parc/directory-1003/name-9396, save type REPOSITORY
三月 16, 2015 9:56:35 上午 org.ccnx.ccn.impl.CCNFlowControl addNameSpace
信息: Flow controller addNameSpace: added namespace: /test/parc/directory-1003/name-9396
三月 16, 2015 9:56:35 上午 org.ccnx.ccn.impl.security.keys.BasicKeyManager getKeyLocator
信息: getKeyLocator: returning locator NAME: /ccnx.org/Users/cb/Keys/%C1.M.K%00K=B082A16E5382FBAAA09FBE303E24E042E37E88C290E054292521DECA236523/=FD055059931000 KEY:itggagmsks2vela17tu60v29o22sdv8hgkgs1a2i991rr526p93 for key S7CCoW5TgvuqoJ++MD4k4ELjfojCkOBUKSUh3sojZSM=
三月 16, 2015 9:56:35 上午 org.ccnx.ccn.io.CCNAbstractOutputStream <init>
信息: CCNAbstractOutputStream: /test/parc/directory-1003/name-9396/=FD055063853C52 blocksize is 4096
三月 16, 2015 9:56:35 上午 org.ccnx.ccn.io.CCNAbstractOutputStream startWrite
信息: CCNAbstractOutputStream: startWrite -- searching for keys.
三月 16, 2015 9:56:35 上午 org.ccnx.ccn.profiles.security.access.AccessControlManager keysForOutput
信息: keysForOutput: found an acm: (null)
三月 16, 2015 9:56:35 上午 org.ccnx.ccn.impl.repo.RepositoryFlowControl startWrite
信息: RepositoryFlowControl.startWrite called for name /test/parc/directory-1003/name-9396/=FD055063853C52, shape STREAM
三月 16, 2015 9:56:35 上午 org.ccnx.ccn.impl.repo.RepositoryFlowControl handleContent
信息: handleContent: got potential repo message: /test/parc/directory-1003/name-9396/=FD055063853C52/%C1.R.sw/%C1.N=003D12D2978069D980
三月 16, 2015 9:56:35 上午 org.ccnx.ccn.io.CCNOutputStream flushToNetwork
信息: flush: outputting to the segmenter, baseName /test/parc/directory-1003/name-9396/=FD055063853C52 basenameindex =00; 9 bytes written, holding back 9 flushing final blocks? false.
三月 16, 2015 9:56:35 上午 org.ccnx.ccn.io.CCNOutputStream flushToNetwork
信息: HEADER: CCNOutputStream: flushToNetwork: new _baseNameIndex 0
三月 16, 2015 9:56:35 上午 org.ccnx.ccn.io.CCNOutputStream flushToNetwork
信息: flush: outputting to the segmenter, baseName /test/parc/directory-1003/name-9396/=FD055063853C52 basenameindex =00; 9 bytes written, holding back 0 flushing final blocks? true.
三月 16, 2015 9:56:35 上午 org.ccnx.ccn.io.CCNOutputStream flushToNetwork
信息: HEADER: CCNOutputStream: flushToNetwork: new _baseNameIndex 1
三月 16, 2015 9:56:35 上午 org.ccnx.ccn.io.CCNOutputStream close
信息: CCNOutputStream close: /test/parc/directory-1003/name-9396/=FD055063853C52
三月 16, 2015 9:56:35 上午 org.ccnx.ccn.profiles.nameenum.EnumeratedNameListTestRepo addContentToRepo
信息: Saved new object: /test/parc/directory-1003/name-9396/=FD055063853C52
三月 16, 2015 9:56:35 上午 org.ccnx.ccn.profiles.nameenum.EnumeratedNameListTestRepo testEnumeratedName
信息: Added data to repo: /test/parc/directory-1003/name-9396/=FD055063853C52
三月 16, 2015 9:56:35 上午 org.ccnx.ccn.io.content.CCNNetworkObject createFlowController
信息: Created REPOSITORY flow controller, for prefix /test/parc/directory-1003/name-9396, save type REPOSITORY
三月 16, 2015 9:56:35 上午 org.ccnx.ccn.impl.CCNFlowControl addNameSpace
信息: Flow controller addNameSpace: added namespace: /test/parc/directory-1003/name-9396
三月 16, 2015 9:56:35 上午 org.ccnx.ccn.impl.security.keys.BasicKeyManager getKeyLocator
信息: getKeyLocator: returning locator NAME: /ccnx.org/Users/cb/Keys/%C1.M.K%00K=B082A16E5382FBAAA09FBE303E24E042E37E88C290E054292521DECA236523/=FD055059931000 KEY:itggagmsks2vela17tu60v29o22sdv8hgkgs1a2i991rr526p93 for key S7CCoW5TgvuqoJ++MD4k4ELjfojCkOBUKSUh3sojZSM=
三月 16, 2015 9:56:35 上午 org.ccnx.ccn.io.CCNAbstractOutputStream <init>
信息: CCNAbstractOutputStream: /test/parc/directory-1003/name-9396/=FD055063853E39 blocksize is 4096
三月 16, 2015 9:56:35 上午 org.ccnx.ccn.io.CCNAbstractOutputStream startWrite
信息: CCNAbstractOutputStream: startWrite -- searching for keys.
三月 16, 2015 9:56:35 上午 org.ccnx.ccn.profiles.security.access.AccessControlManager keysForOutput
信息: keysForOutput: found an acm: (null)
三月 16, 2015 9:56:35 上午 org.ccnx.ccn.impl.repo.RepositoryFlowControl startWrite
信息: RepositoryFlowControl.startWrite called for name /test/parc/directory-1003/name-9396/=FD055063853E39, shape STREAM
三月 16, 2015 9:56:35 上午 org.ccnx.ccn.impl.repo.RepositoryFlowControl handleContent
信息: handleContent: got potential repo message: /test/parc/directory-1003/name-9396/=FD055063853E39/%C1.R.sw/%C1.N%00Lo=D12047B7F6BC
三月 16, 2015 9:56:35 上午 org.ccnx.ccn.io.CCNOutputStream flushToNetwork
信息: flush: outputting to the segmenter, baseName /test/parc/directory-1003/name-9396/=FD055063853E39 basenameindex =00; 9 bytes written, holding back 9 flushing final blocks? false.
三月 16, 2015 9:56:35 上午 org.ccnx.ccn.io.CCNOutputStream flushToNetwork
信息: HEADER: CCNOutputStream: flushToNetwork: new _baseNameIndex 0
三月 16, 2015 9:56:35 上午 org.ccnx.ccn.io.CCNOutputStream flushToNetwork
信息: flush: outputting to the segmenter, baseName /test/parc/directory-1003/name-9396/=FD055063853E39 basenameindex =00; 9 bytes written, holding back 0 flushing final blocks? true.
三月 16, 2015 9:56:35 上午 org.ccnx.ccn.io.CCNOutputStream flushToNetwork
信息: HEADER: CCNOutputStream: flushToNetwork: new _baseNameIndex 1
三月 16, 2015 9:56:35 上午 org.ccnx.ccn.io.CCNOutputStream close
信息: CCNOutputStream close: /test/parc/directory-1003/name-9396/=FD055063853E39
三月 16, 2015 9:56:35 上午 org.ccnx.ccn.profiles.nameenum.EnumeratedNameListTestRepo addContentToRepo
信息: Saved new object: /test/parc/directory-1003/name-9396/=FD055063853E39
三月 16, 2015 9:56:35 上午 org.ccnx.ccn.profiles.nameenum.EnumeratedNameListTestRepo testEnumeratedName
信息: Added data to repo: /test/parc/directory-1003/name-9396/=FD055063853E39
三月 16, 2015 9:56:35 上午 org.ccnx.ccn.io.content.CCNNetworkObject createFlowController
信息: Created REPOSITORY flow controller, for prefix /test/parc/directory-1003/name-9396, save type REPOSITORY
三月 16, 2015 9:56:36 上午 org.ccnx.ccn.impl.CCNFlowControl addNameSpace
信息: Flow controller addNameSpace: added namespace: /test/parc/directory-1003/name-9396
三月 16, 2015 9:56:36 上午 org.ccnx.ccn.impl.security.keys.BasicKeyManager getKeyLocator
信息: getKeyLocator: returning locator NAME: /ccnx.org/Users/cb/Keys/%C1.M.K%00K=B082A16E5382FBAAA09FBE303E24E042E37E88C290E054292521DECA236523/=FD055059931000 KEY:itggagmsks2vela17tu60v29o22sdv8hgkgs1a2i991rr526p93 for key S7CCoW5TgvuqoJ++MD4k4ELjfojCkOBUKSUh3sojZSM=
三月 16, 2015 9:56:36 上午 org.ccnx.ccn.io.CCNAbstractOutputStream <init>
信息: CCNAbstractOutputStream: /test/parc/directory-1003/name-9396/=FD055063853FF0 blocksize is 4096
三月 16, 2015 9:56:36 上午 org.ccnx.ccn.io.CCNAbstractOutputStream startWrite
信息: CCNAbstractOutputStream: startWrite -- searching for keys.
三月 16, 2015 9:56:36 上午 org.ccnx.ccn.profiles.security.access.AccessControlManager keysForOutput
信息: keysForOutput: found an acm: (null)
三月 16, 2015 9:56:36 上午 org.ccnx.ccn.impl.repo.RepositoryFlowControl startWrite
信息: RepositoryFlowControl.startWrite called for name /test/parc/directory-1003/name-9396/=FD055063853FF0, shape STREAM
三月 16, 2015 9:56:36 上午 org.ccnx.ccn.impl.repo.RepositoryFlowControl handleContent
信息: handleContent: got potential repo message: /test/parc/directory-1003/name-9396/=FD055063853FF0/%C1.R.sw/%C1.N=0089CA522923C4A9F2
三月 16, 2015 9:56:36 上午 org.ccnx.ccn.io.CCNOutputStream flushToNetwork
信息: flush: outputting to the segmenter, baseName /test/parc/directory-1003/name-9396/=FD055063853FF0 basenameindex =00; 9 bytes written, holding back 9 flushing final blocks? false.
三月 16, 2015 9:56:36 上午 org.ccnx.ccn.io.CCNOutputStream flushToNetwork
信息: HEADER: CCNOutputStream: flushToNetwork: new _baseNameIndex 0
三月 16, 2015 9:56:36 上午 org.ccnx.ccn.io.CCNOutputStream flushToNetwork
信息: flush: outputting to the segmenter, baseName /test/parc/directory-1003/name-9396/=FD055063853FF0 basenameindex =00; 9 bytes written, holding back 0 flushing final blocks? true.
三月 16, 2015 9:56:36 上午 org.ccnx.ccn.io.CCNOutputStream flushToNetwork
信息: HEADER: CCNOutputStream: flushToNetwork: new _baseNameIndex 1
三月 16, 2015 9:56:36 上午 org.ccnx.ccn.io.CCNOutputStream close
信息: CCNOutputStream close: /test/parc/directory-1003/name-9396/=FD055063853FF0
三月 16, 2015 9:56:36 上午 org.ccnx.ccn.profiles.nameenum.EnumeratedNameListTestRepo addContentToRepo
信息: Saved new object: /test/parc/directory-1003/name-9396/=FD055063853FF0
三月 16, 2015 9:56:36 上午 org.ccnx.ccn.profiles.nameenum.EnumeratedNameListTestRepo testEnumeratedName
信息: Added data to repo: /test/parc/directory-1003/name-9396/=FD055063853FF0
三月 16, 2015 9:56:36 上午 org.ccnx.ccn.profiles.nameenum.CCNNameEnumerator registerPrefix
信息: Registered Prefix: /test/parc/directory-1003/name-9396
三月 16, 2015 9:56:36 上午 org.ccnx.ccn.io.CCNAbstractInputStream <init>
信息: CCNAbstractInputStream: /test/parc/directory-1003/name-9396/%C1.E.be/%C1.M.K=00FD0ED2ECFE32A14D2774D6B98187020D949FF3F6AA2CAC8090CB49DF822F7B00/=FD05506385422F segment 0
三月 16, 2015 9:56:36 上午 org.ccnx.ccn.profiles.nameenum.EnumeratedNameList handleNameEnumerator
信息: 6 new name enumeration results: our prefix: /test/parc/directory-1003/name-9396 returned prefix: /test/parc/directory-1003/name-9396
三月 16, 2015 9:56:36 上午 org.ccnx.ccn.profiles.nameenum.EnumeratedNameList handleNameEnumerator
信息: Handling Name Iteration /test/parc/directory-1003/name-9396, size is 6
三月 16, 2015 9:56:36 上午 org.ccnx.ccn.profiles.nameenum.EnumeratedNameList handleNameEnumerator
信息: New children found: at 2015-03-16 09:56:36.178955078 6 total children 6
三月 16, 2015 9:56:36 上午 org.ccnx.ccn.profiles.nameenum.EnumeratedNameList waitForNewChildren
信息: Waiting for new data on prefix: /test/parc/directory-1003/name-9396, updated 2015-03-16 09:56:36.178955078, our update (null), have 6 children 6 new.
三月 16, 2015 9:56:36 上午 org.ccnx.ccn.profiles.nameenum.EnumeratedNameList getNewData
信息: Waiting for new data on prefix: /test/parc/directory-1003/name-9396 got 6.
三月 16, 2015 9:56:36 上午 org.ccnx.ccn.profiles.nameenum.EnumeratedNameListTestRepo testEnumeratedName
信息: Completed testEnumeratedName
三月 16, 2015 9:56:36 上午 org.ccnx.ccn.profiles.nameenum.EnumeratedNameListTestRepo testEnumeratedNameListWithThreads
信息: Starting testEnumeratedNameListWithThreads
三月 16, 2015 9:56:36 上午 org.ccnx.ccn.profiles.nameenum.CCNNameEnumerator registerPrefix
信息: Registered Prefix: /test/parc/directory3-1824
三月 16, 2015 9:56:36 上午 org.ccnx.ccn.io.content.CCNNetworkObject createFlowController
信息: Created REPOSITORY flow controller, for prefix /test/parc/directory3-1824/name-9396, save type REPOSITORY
三月 16, 2015 9:56:36 上午 org.ccnx.ccn.impl.CCNFlowControl addNameSpace
信息: Flow controller addNameSpace: added namespace: /test/parc/directory3-1824/name-9396
三月 16, 2015 9:56:36 上午 org.ccnx.ccn.impl.security.keys.BasicKeyManager getKeyLocator
信息: getKeyLocator: returning locator NAME: /ccnx.org/Users/cb/Keys/%C1.M.K%00K=B082A16E5382FBAAA09FBE303E24E042E37E88C290E054292521DECA236523/=FD055059931000 KEY:itggagmsks2vela17tu60v29o22sdv8hgkgs1a2i991rr526p93 for key S7CCoW5TgvuqoJ++MD4k4ELjfojCkOBUKSUh3sojZSM=
三月 16, 2015 9:56:36 上午 org.ccnx.ccn.io.CCNAbstractOutputStream <init>
信息: CCNAbstractOutputStream: /test/parc/directory3-1824/name-9396/=FD0550638542F6 blocksize is 4096
三月 16, 2015 9:56:36 上午 org.ccnx.ccn.io.CCNAbstractOutputStream startWrite
信息: CCNAbstractOutputStream: startWrite -- searching for keys.
三月 16, 2015 9:56:36 上午 org.ccnx.ccn.profiles.security.access.AccessControlManager keysForOutput
信息: keysForOutput: found an acm: (null)
三月 16, 2015 9:56:36 上午 org.ccnx.ccn.impl.repo.RepositoryFlowControl startWrite
信息: RepositoryFlowControl.startWrite called for name /test/parc/directory3-1824/name-9396/=FD0550638542F6, shape STREAM
三月 16, 2015 9:56:36 上午 org.ccnx.ccn.impl.repo.RepositoryFlowControl handleContent
信息: handleContent: got potential repo message: /test/parc/directory3-1824/name-9396/=FD0550638542F6/%C1.R.sw/%C1.N=000A780EC806FCB8D6
三月 16, 2015 9:56:36 上午 org.ccnx.ccn.io.CCNOutputStream flushToNetwork
信息: flush: outputting to the segmenter, baseName /test/parc/directory3-1824/name-9396/=FD0550638542F6 basenameindex =00; 9 bytes written, holding back 9 flushing final blocks? false.
三月 16, 2015 9:56:36 上午 org.ccnx.ccn.io.CCNOutputStream flushToNetwork
信息: HEADER: CCNOutputStream: flushToNetwork: new _baseNameIndex 0
三月 16, 2015 9:56:36 上午 org.ccnx.ccn.io.CCNOutputStream flushToNetwork
信息: flush: outputting to the segmenter, baseName /test/parc/directory3-1824/name-9396/=FD0550638542F6 basenameindex =00; 9 bytes written, holding back 0 flushing final blocks? true.
三月 16, 2015 9:56:36 上午 org.ccnx.ccn.io.CCNOutputStream flushToNetwork
信息: HEADER: CCNOutputStream: flushToNetwork: new _baseNameIndex 1
三月 16, 2015 9:56:36 上午 org.ccnx.ccn.io.CCNOutputStream close
信息: CCNOutputStream close: /test/parc/directory3-1824/name-9396/=FD0550638542F6
三月 16, 2015 9:56:36 上午 org.ccnx.ccn.profiles.nameenum.EnumeratedNameListTestRepo addContentToRepo
信息: Saved new object: /test/parc/directory3-1824/name-9396/=FD0550638542F6
三月 16, 2015 9:56:36 上午 org.ccnx.ccn.io.content.CCNNetworkObject createFlowController
信息: Created REPOSITORY flow controller, for prefix /test/parc/directory3-1824/name-9397, save type REPOSITORY
三月 16, 2015 9:56:36 上午 org.ccnx.ccn.impl.CCNFlowControl addNameSpace
信息: Flow controller addNameSpace: added namespace: /test/parc/directory3-1824/name-9397
三月 16, 2015 9:56:36 上午 org.ccnx.ccn.impl.security.keys.BasicKeyManager getKeyLocator
信息: getKeyLocator: returning locator NAME: /ccnx.org/Users/cb/Keys/%C1.M.K%00K=B082A16E5382FBAAA09FBE303E24E042E37E88C290E054292521DECA236523/=FD055059931000 KEY:itggagmsks2vela17tu60v29o22sdv8hgkgs1a2i991rr526p93 for key S7CCoW5TgvuqoJ++MD4k4ELjfojCkOBUKSUh3sojZSM=
三月 16, 2015 9:56:36 上午 org.ccnx.ccn.io.CCNAbstractOutputStream <init>
信息: CCNAbstractOutputStream: /test/parc/directory3-1824/name-9397/=FD055063854429 blocksize is 4096
三月 16, 2015 9:56:36 上午 org.ccnx.ccn.io.CCNAbstractOutputStream startWrite
信息: CCNAbstractOutputStream: startWrite -- searching for keys.
三月 16, 2015 9:56:36 上午 org.ccnx.ccn.profiles.security.access.AccessControlManager keysForOutput
信息: keysForOutput: found an acm: (null)
三月 16, 2015 9:56:36 上午 org.ccnx.ccn.impl.repo.RepositoryFlowControl startWrite
信息: RepositoryFlowControl.startWrite called for name /test/parc/directory3-1824/name-9397/=FD055063854429, shape STREAM
三月 16, 2015 9:56:36 上午 org.ccnx.ccn.impl.repo.RepositoryFlowControl handleContent
信息: handleContent: got potential repo message: /test/parc/directory3-1824/name-9397/=FD055063854429/%C1.R.sw/%C1.N=00EDA5118036573974
三月 16, 2015 9:56:36 上午 org.ccnx.ccn.io.CCNOutputStream flushToNetwork
信息: flush: outputting to the segmenter, baseName /test/parc/directory3-1824/name-9397/=FD055063854429 basenameindex =00; 9 bytes written, holding back 9 flushing final blocks? false.
三月 16, 2015 9:56:36 上午 org.ccnx.ccn.io.CCNOutputStream flushToNetwork
信息: HEADER: CCNOutputStream: flushToNetwork: new _baseNameIndex 0
三月 16, 2015 9:56:36 上午 org.ccnx.ccn.io.CCNOutputStream flushToNetwork
信息: flush: outputting to the segmenter, baseName /test/parc/directory3-1824/name-9397/=FD055063854429 basenameindex =00; 9 bytes written, holding back 0 flushing final blocks? true.
三月 16, 2015 9:56:36 上午 org.ccnx.ccn.io.CCNOutputStream flushToNetwork
信息: HEADER: CCNOutputStream: flushToNetwork: new _baseNameIndex 1
三月 16, 2015 9:56:36 上午 org.ccnx.ccn.io.CCNOutputStream close
信息: CCNOutputStream close: /test/parc/directory3-1824/name-9397/=FD055063854429
三月 16, 2015 9:56:36 上午 org.ccnx.ccn.profiles.nameenum.EnumeratedNameListTestRepo addContentToRepo
信息: Saved new object: /test/parc/directory3-1824/name-9397/=FD055063854429
三月 16, 2015 9:56:36 上午 org.ccnx.ccn.profiles.nameenum.EnumeratedNameList waitForNewChildren
信息: Waiting for new data on prefix: /test/parc/directory3-1824, updated (null), our update (null), have 0 children 0 new.
三月 16, 2015 9:56:36 上午 org.ccnx.ccn.profiles.nameenum.EnumeratedNameList waitForNewChildren
信息: Waiting for new data on prefix: /test/parc/directory3-1824, updated (null), our update (null), have 0 children 0 new.
三月 16, 2015 9:56:37 上午 org.ccnx.ccn.profiles.nameenum.EnumeratedNameList waitForNewChildren
信息: Waiting for new data on prefix: /test/parc/directory3-1824, updated (null), our update (null), have 0 children 0 new.
三月 16, 2015 9:56:37 上午 org.ccnx.ccn.profiles.nameenum.EnumeratedNameList waitForNewChildren
信息: Waiting for new data on prefix: /test/parc/directory3-1824, updated (null), our update (null), have 0 children 0 new.
三月 16, 2015 9:56:37 上午 org.ccnx.ccn.profiles.nameenum.EnumeratedNameList waitForNewChildren
信息: Waiting for new data on prefix: /test/parc/directory3-1824, updated (null), our update (null), have 0 children 0 new.
三月 16, 2015 9:56:38 上午 org.ccnx.ccn.profiles.nameenum.EnumeratedNameList waitForNewChildren
信息: Waiting for new data on prefix: /test/parc/directory3-1824, updated (null), our update (null), have 0 children 0 new.
三月 16, 2015 9:56:38 上午 org.ccnx.ccn.profiles.nameenum.EnumeratedNameList waitForNewChildren
信息: Waiting for new data on prefix: /test/parc/directory3-1824, updated (null), our update (null), have 0 children 0 new.
三月 16, 2015 9:56:38 上午 org.ccnx.ccn.profiles.nameenum.EnumeratedNameList waitForNewChildren
信息: Waiting for new data on prefix: /test/parc/directory3-1824, updated (null), our update (null), have 0 children 0 new.
三月 16, 2015 9:56:38 上午 org.ccnx.ccn.profiles.nameenum.EnumeratedNameList waitForNewChildren
信息: Waiting for new data on prefix: /test/parc/directory3-1824, updated (null), our update (null), have 0 children 0 new.
三月 16, 2015 9:56:39 上午 org.ccnx.ccn.profiles.nameenum.EnumeratedNameList waitForNewChildren
信息: Waiting for new data on prefix: /test/parc/directory3-1824, updated (null), our update (null), have 0 children 0 new.
三月 16, 2015 9:56:39 上午 org.ccnx.ccn.profiles.nameenum.EnumeratedNameList waitForNewChildren
信息: Waiting for new data on prefix: /test/parc/directory3-1824, updated (null), our update (null), have 0 children 0 new.
三月 16, 2015 9:56:39 上午 org.ccnx.ccn.io.CCNAbstractInputStream <init>
信息: CCNAbstractInputStream: /test/parc/directory-1003/%C1.E.be/%C1.M.K=00FD0ED2ECFE32A14D2774D6B98187020D949FF3F6AA2CAC8090CB49DF822F7B00/=FD0550638578FF segment 0
三月 16, 2015 9:56:39 上午 org.ccnx.ccn.profiles.nameenum.EnumeratedNameList handleNameEnumerator
信息: 3 new name enumeration results: our prefix: /test/parc/directory-1003 returned prefix: /test/parc/directory-1003
三月 16, 2015 9:56:39 上午 org.ccnx.ccn.profiles.nameenum.EnumeratedNameList handleNameEnumerator
信息: Handling Name Iteration /test/parc/directory-1003, size is 3
三月 16, 2015 9:56:39 上午 org.ccnx.ccn.profiles.nameenum.EnumeratedNameList waitForNewChildren
信息: Waiting for new data on prefix: /test/parc/directory3-1824, updated (null), our update (null), have 0 children 0 new.
三月 16, 2015 9:56:40 上午 org.ccnx.ccn.profiles.nameenum.EnumeratedNameList waitForNewChildren
信息: Waiting for new data on prefix: /test/parc/directory3-1824, updated (null), our update (null), have 0 children 0 new.
三月 16, 2015 9:56:40 上午 org.ccnx.ccn.io.CCNAbstractInputStream <init>
信息: CCNAbstractInputStream: /test/parc/directory-1003/name-9396/%C1.E.be/%C1.M.K=00FD0ED2ECFE32A14D2774D6B98187020D949FF3F6AA2CAC8090CB49DF822F7B00/=FD0550638582D9 segment 0
三月 16, 2015 9:56:40 上午 org.ccnx.ccn.profiles.nameenum.EnumeratedNameList handleNameEnumerator
信息: 6 new name enumeration results: our prefix: /test/parc/directory-1003/name-9396 returned prefix: /test/parc/directory-1003/name-9396
三月 16, 2015 9:56:40 上午 org.ccnx.ccn.profiles.nameenum.EnumeratedNameList handleNameEnumerator
信息: Handling Name Iteration /test/parc/directory-1003/name-9396, size is 6
三月 16, 2015 9:56:40 上午 org.ccnx.ccn.profiles.nameenum.EnumeratedNameList waitForNewChildren
信息: Waiting for new data on prefix: /test/parc/directory3-1824, updated (null), our update (null), have 0 children 0 new.
三月 16, 2015 9:56:40 上午 org.ccnx.ccn.profiles.nameenum.EnumeratedNameList waitForNewChildren
信息: Waiting for new data on prefix: /test/parc/directory3-1824, updated (null), our update (null), have 0 children 0 new.
三月 16, 2015 9:56:41 上午 org.ccnx.ccn.profiles.nameenum.EnumeratedNameList waitForNewChildren
信息: Waiting for new data on prefix: /test/parc/directory3-1824, updated (null), our update (null), have 0 children 0 new.
三月 16, 2015 9:56:41 上午 org.ccnx.ccn.profiles.nameenum.EnumeratedNameList waitForNewChildren
信息: Waiting for new data on prefix: /test/parc/directory3-1824, updated (null), our update (null), have 0 children 0 new.
三月 16, 2015 9:56:41 上午 org.ccnx.ccn.profiles.nameenum.EnumeratedNameList waitForNewChildren
信息: Waiting for new data on prefix: /test/parc/directory3-1824, updated (null), our update (null), have 0 children 0 new.
三月 16, 2015 9:56:41 上午 org.ccnx.ccn.profiles.nameenum.EnumeratedNameList waitForNewChildren
信息: Waiting for new data on prefix: /test/parc/directory3-1824, updated (null), our update (null), have 0 children 0 new.
三月 16, 2015 9:56:42 上午 org.ccnx.ccn.profiles.nameenum.EnumeratedNameList waitForNewChildren
信息: Waiting for new data on prefix: /test/parc/directory3-1824, updated (null), our update (null), have 0 children 0 new.
三月 16, 2015 9:56:42 上午 org.ccnx.ccn.profiles.nameenum.EnumeratedNameList waitForNewChildren
信息: Waiting for new data on prefix: /test/parc/directory3-1824, updated (null), our update (null), have 0 children 0 new.
三月 16, 2015 9:56:42 上午 org.ccnx.ccn.profiles.nameenum.EnumeratedNameList waitForNewChildren
信息: Waiting for new data on prefix: /test/parc/directory3-1824, updated (null), our update (null), have 0 children 0 new.
三月 16, 2015 9:56:43 上午 org.ccnx.ccn.profiles.nameenum.EnumeratedNameList waitForNewChildren
信息: Waiting for new data on prefix: /test/parc/directory3-1824, updated (null), our update (null), have 0 children 0 new.
三月 16, 2015 9:56:43 上午 org.ccnx.ccn.profiles.nameenum.EnumeratedNameList waitForNewChildren
信息: Waiting for new data on prefix: /test/parc/directory3-1824, updated (null), our update (null), have 0 children 0 new.
三月 16, 2015 9:56:43 上午 org.ccnx.ccn.profiles.nameenum.EnumeratedNameList waitForNewChildren
信息: Waiting for new data on prefix: /test/parc/directory3-1824, updated (null), our update (null), have 0 children 0 new.
三月 16, 2015 9:56:44 上午 org.ccnx.ccn.profiles.nameenum.EnumeratedNameList waitForNewChildren
信息: Waiting for new data on prefix: /test/parc/directory3-1824, updated (null), our update (null), have 0 children 0 new.
三月 16, 2015 9:56:44 上午 org.ccnx.ccn.io.CCNAbstractInputStream <init>
信息: CCNAbstractInputStream: /test/parc/directory3-1824/%C1.E.be/%C1.M.K=00FD0ED2ECFE32A14D2774D6B98187020D949FF3F6AA2CAC8090CB49DF822F7B00/=FD05506385C2F9 segment 0
三月 16, 2015 9:56:44 上午 org.ccnx.ccn.profiles.nameenum.EnumeratedNameList handleNameEnumerator
信息: 2 new name enumeration results: our prefix: /test/parc/directory3-1824 returned prefix: /test/parc/directory3-1824
三月 16, 2015 9:56:44 上午 org.ccnx.ccn.profiles.nameenum.EnumeratedNameList handleNameEnumerator
信息: Handling Name Iteration /test/parc/directory3-1824, size is 2
三月 16, 2015 9:56:44 上午 org.ccnx.ccn.profiles.nameenum.EnumeratedNameList handleNameEnumerator
信息: New children found: at 2015-03-16 09:56:44.195068359 2 total children 2
三月 16, 2015 9:56:44 上午 org.ccnx.ccn.profiles.nameenum.EnumeratedNameList waitForNewChildren
信息: Waiting for new data on prefix: /test/parc/directory3-1824, updated 2015-03-16 09:56:44.195068359, our update (null), have 2 children 2 new.
三月 16, 2015 9:56:44 上午 org.ccnx.ccn.profiles.nameenum.EnumeratedNameList getNewData
信息: Waiting for new data on prefix: /test/parc/directory3-1824 got 2.
三月 16, 2015 9:56:44 上午 org.ccnx.ccn.profiles.nameenum.EnumeratedNameList getNewData
信息: Waiting for new data on prefix: /test/parc/directory3-1824 got 0.
三月 16, 2015 9:56:44 上午 org.ccnx.ccn.profiles.nameenum.CCNNameEnumerator registerPrefix
信息: Registered Prefix: /test/parc/directory2-3807
三月 16, 2015 9:56:44 上午 org.ccnx.ccn.io.content.CCNNetworkObject createFlowController
信息: Created REPOSITORY flow controller, for prefix /test/parc/directory2-3807/name-9396, save type REPOSITORY
三月 16, 2015 9:56:44 上午 org.ccnx.ccn.impl.CCNFlowControl addNameSpace
信息: Flow controller addNameSpace: added namespace: /test/parc/directory2-3807/name-9396
三月 16, 2015 9:56:44 上午 org.ccnx.ccn.impl.security.keys.BasicKeyManager getKeyLocator
信息: getKeyLocator: returning locator NAME: /ccnx.org/Users/cb/Keys/%C1.M.K%00K=B082A16E5382FBAAA09FBE303E24E042E37E88C290E054292521DECA236523/=FD055059931000 KEY:itggagmsks2vela17tu60v29o22sdv8hgkgs1a2i991rr526p93 for key S7CCoW5TgvuqoJ++MD4k4ELjfojCkOBUKSUh3sojZSM=
三月 16, 2015 9:56:44 上午 org.ccnx.ccn.io.CCNAbstractOutputStream <init>
信息: CCNAbstractOutputStream: /test/parc/directory2-3807/name-9396/=FD05506385C344 blocksize is 4096
三月 16, 2015 9:56:44 上午 org.ccnx.ccn.io.CCNAbstractOutputStream startWrite
信息: CCNAbstractOutputStream: startWrite -- searching for keys.
三月 16, 2015 9:56:44 上午 org.ccnx.ccn.profiles.security.access.AccessControlManager keysForOutput
信息: keysForOutput: found an acm: (null)
三月 16, 2015 9:56:44 上午 org.ccnx.ccn.impl.repo.RepositoryFlowControl startWrite
信息: RepositoryFlowControl.startWrite called for name /test/parc/directory2-3807/name-9396/=FD05506385C344, shape STREAM
三月 16, 2015 9:56:44 上午 org.ccnx.ccn.impl.repo.RepositoryFlowControl handleContent
信息: handleContent: got potential repo message: /test/parc/directory2-3807/name-9396/=FD05506385C344/%C1.R.sw/%C1.N=0003EC2478B204DE57
三月 16, 2015 9:56:44 上午 org.ccnx.ccn.io.CCNOutputStream flushToNetwork
信息: flush: outputting to the segmenter, baseName /test/parc/directory2-3807/name-9396/=FD05506385C344 basenameindex =00; 9 bytes written, holding back 9 flushing final blocks? false.
三月 16, 2015 9:56:44 上午 org.ccnx.ccn.io.CCNOutputStream flushToNetwork
信息: HEADER: CCNOutputStream: flushToNetwork: new _baseNameIndex 0
三月 16, 2015 9:56:44 上午 org.ccnx.ccn.io.CCNOutputStream flushToNetwork
信息: flush: outputting to the segmenter, baseName /test/parc/directory2-3807/name-9396/=FD05506385C344 basenameindex =00; 9 bytes written, holding back 0 flushing final blocks? true.
三月 16, 2015 9:56:44 上午 org.ccnx.ccn.io.CCNOutputStream flushToNetwork
信息: HEADER: CCNOutputStream: flushToNetwork: new _baseNameIndex 1
三月 16, 2015 9:56:44 上午 org.ccnx.ccn.io.CCNOutputStream close
信息: CCNOutputStream close: /test/parc/directory2-3807/name-9396/=FD05506385C344
三月 16, 2015 9:56:44 上午 org.ccnx.ccn.profiles.nameenum.EnumeratedNameListTestRepo addContentToRepo
信息: Saved new object: /test/parc/directory2-3807/name-9396/=FD05506385C344
三月 16, 2015 9:56:44 上午 org.ccnx.ccn.io.content.CCNNetworkObject createFlowController
信息: Created REPOSITORY flow controller, for prefix /test/parc/directory2-3807/name-9397, save type REPOSITORY
三月 16, 2015 9:56:44 上午 org.ccnx.ccn.impl.CCNFlowControl addNameSpace
信息: Flow controller addNameSpace: added namespace: /test/parc/directory2-3807/name-9397
三月 16, 2015 9:56:44 上午 org.ccnx.ccn.impl.security.keys.BasicKeyManager getKeyLocator
信息: getKeyLocator: returning locator NAME: /ccnx.org/Users/cb/Keys/%C1.M.K%00K=B082A16E5382FBAAA09FBE303E24E042E37E88C290E054292521DECA236523/=FD055059931000 KEY:itggagmsks2vela17tu60v29o22sdv8hgkgs1a2i991rr526p93 for key S7CCoW5TgvuqoJ++MD4k4ELjfojCkOBUKSUh3sojZSM=
三月 16, 2015 9:56:44 上午 org.ccnx.ccn.io.CCNAbstractOutputStream <init>
信息: CCNAbstractOutputStream: /test/parc/directory2-3807/name-9397/=FD05506385C4FA blocksize is 4096
三月 16, 2015 9:56:44 上午 org.ccnx.ccn.io.CCNAbstractOutputStream startWrite
信息: CCNAbstractOutputStream: startWrite -- searching for keys.
三月 16, 2015 9:56:44 上午 org.ccnx.ccn.profiles.security.access.AccessControlManager keysForOutput
信息: keysForOutput: found an acm: (null)
三月 16, 2015 9:56:44 上午 org.ccnx.ccn.impl.repo.RepositoryFlowControl startWrite
信息: RepositoryFlowControl.startWrite called for name /test/parc/directory2-3807/name-9397/=FD05506385C4FA, shape STREAM
三月 16, 2015 9:56:44 上午 org.ccnx.ccn.impl.repo.RepositoryFlowControl handleContent
信息: handleContent: got potential repo message: /test/parc/directory2-3807/name-9397/=FD05506385C4FA/%C1.R.sw/%C1.N=00269A551F687FF9AA
三月 16, 2015 9:56:44 上午 org.ccnx.ccn.io.CCNOutputStream flushToNetwork
信息: flush: outputting to the segmenter, baseName /test/parc/directory2-3807/name-9397/=FD05506385C4FA basenameindex =00; 9 bytes written, holding back 9 flushing final blocks? false.
三月 16, 2015 9:56:44 上午 org.ccnx.ccn.io.CCNOutputStream flushToNetwork
信息: HEADER: CCNOutputStream: flushToNetwork: new _baseNameIndex 0
三月 16, 2015 9:56:44 上午 org.ccnx.ccn.io.CCNOutputStream flushToNetwork
信息: flush: outputting to the segmenter, baseName /test/parc/directory2-3807/name-9397/=FD05506385C4FA basenameindex =00; 9 bytes written, holding back 0 flushing final blocks? true.
三月 16, 2015 9:56:44 上午 org.ccnx.ccn.io.CCNOutputStream flushToNetwork
信息: HEADER: CCNOutputStream: flushToNetwork: new _baseNameIndex 1
三月 16, 2015 9:56:44 上午 org.ccnx.ccn.io.CCNOutputStream close
信息: CCNOutputStream close: /test/parc/directory2-3807/name-9397/=FD05506385C4FA
三月 16, 2015 9:56:44 上午 org.ccnx.ccn.profiles.nameenum.EnumeratedNameListTestRepo addContentToRepo
信息: Saved new object: /test/parc/directory2-3807/name-9397/=FD05506385C4FA
三月 16, 2015 9:56:44 上午 org.ccnx.ccn.io.content.CCNNetworkObject createFlowController
信息: Created REPOSITORY flow controller, for prefix /test/parc/directory2-3807/name-9398, save type REPOSITORY
三月 16, 2015 9:56:44 上午 org.ccnx.ccn.impl.CCNFlowControl addNameSpace
信息: Flow controller addNameSpace: added namespace: /test/parc/directory2-3807/name-9398
三月 16, 2015 9:56:44 上午 org.ccnx.ccn.impl.security.keys.BasicKeyManager getKeyLocator
信息: getKeyLocator: returning locator NAME: /ccnx.org/Users/cb/Keys/%C1.M.K%00K=B082A16E5382FBAAA09FBE303E24E042E37E88C290E054292521DECA236523/=FD055059931000 KEY:itggagmsks2vela17tu60v29o22sdv8hgkgs1a2i991rr526p93 for key S7CCoW5TgvuqoJ++MD4k4ELjfojCkOBUKSUh3sojZSM=
三月 16, 2015 9:56:44 上午 org.ccnx.ccn.io.CCNAbstractOutputStream <init>
信息: CCNAbstractOutputStream: /test/parc/directory2-3807/name-9398/=FD05506385C6E5 blocksize is 4096
三月 16, 2015 9:56:44 上午 org.ccnx.ccn.io.CCNAbstractOutputStream startWrite
信息: CCNAbstractOutputStream: startWrite -- searching for keys.
三月 16, 2015 9:56:44 上午 org.ccnx.ccn.profiles.security.access.AccessControlManager keysForOutput
信息: keysForOutput: found an acm: (null)
三月 16, 2015 9:56:44 上午 org.ccnx.ccn.impl.repo.RepositoryFlowControl startWrite
信息: RepositoryFlowControl.startWrite called for name /test/parc/directory2-3807/name-9398/=FD05506385C6E5, shape STREAM
三月 16, 2015 9:56:44 上午 org.ccnx.ccn.impl.repo.RepositoryFlowControl handleContent
信息: handleContent: got potential repo message: /test/parc/directory2-3807/name-9398/=FD05506385C6E5/%C1.R.sw/%C1.N%00~z=92892D204F1A
三月 16, 2015 9:56:44 上午 org.ccnx.ccn.io.CCNOutputStream flushToNetwork
信息: flush: outputting to the segmenter, baseName /test/parc/directory2-3807/name-9398/=FD05506385C6E5 basenameindex =00; 9 bytes written, holding back 9 flushing final blocks? false.
三月 16, 2015 9:56:44 上午 org.ccnx.ccn.io.CCNOutputStream flushToNetwork
信息: HEADER: CCNOutputStream: flushToNetwork: new _baseNameIndex 0
三月 16, 2015 9:56:44 上午 org.ccnx.ccn.io.CCNOutputStream flushToNetwork
信息: flush: outputting to the segmenter, baseName /test/parc/directory2-3807/name-9398/=FD05506385C6E5 basenameindex =00; 9 bytes written, holding back 0 flushing final blocks? true.
三月 16, 2015 9:56:44 上午 org.ccnx.ccn.io.CCNOutputStream flushToNetwork
信息: HEADER: CCNOutputStream: flushToNetwork: new _baseNameIndex 1
三月 16, 2015 9:56:44 上午 org.ccnx.ccn.profiles.nameenum.EnumeratedNameList waitForNewChildren
信息: Waiting for new data on prefix: /test/parc/directory2-3807, updated (null), our update (null), have 0 children 0 new.
三月 16, 2015 9:56:44 上午 org.ccnx.ccn.io.CCNOutputStream close
信息: CCNOutputStream close: /test/parc/directory2-3807/name-9398/=FD05506385C6E5
三月 16, 2015 9:56:44 上午 org.ccnx.ccn.profiles.nameenum.EnumeratedNameListTestRepo addContentToRepo
信息: Saved new object: /test/parc/directory2-3807/name-9398/=FD05506385C6E5
三月 16, 2015 9:56:44 上午 org.ccnx.ccn.io.content.CCNNetworkObject createFlowController
信息: Created REPOSITORY flow controller, for prefix /test/parc/directory2-3807/name-9399, save type REPOSITORY
三月 16, 2015 9:56:44 上午 org.ccnx.ccn.impl.CCNFlowControl addNameSpace
信息: Flow controller addNameSpace: added namespace: /test/parc/directory2-3807/name-9399
三月 16, 2015 9:56:44 上午 org.ccnx.ccn.impl.security.keys.BasicKeyManager getKeyLocator
信息: getKeyLocator: returning locator NAME: /ccnx.org/Users/cb/Keys/%C1.M.K%00K=B082A16E5382FBAAA09FBE303E24E042E37E88C290E054292521DECA236523/=FD055059931000 KEY:itggagmsks2vela17tu60v29o22sdv8hgkgs1a2i991rr526p93 for key S7CCoW5TgvuqoJ++MD4k4ELjfojCkOBUKSUh3sojZSM=
三月 16, 2015 9:56:44 上午 org.ccnx.ccn.io.CCNAbstractOutputStream <init>
信息: CCNAbstractOutputStream: /test/parc/directory2-3807/name-9399/=FD05506385C8CD blocksize is 4096
三月 16, 2015 9:56:44 上午 org.ccnx.ccn.io.CCNAbstractOutputStream startWrite
信息: CCNAbstractOutputStream: startWrite -- searching for keys.
三月 16, 2015 9:56:44 上午 org.ccnx.ccn.profiles.security.access.AccessControlManager keysForOutput
信息: keysForOutput: found an acm: (null)
三月 16, 2015 9:56:44 上午 org.ccnx.ccn.impl.repo.RepositoryFlowControl startWrite
信息: RepositoryFlowControl.startWrite called for name /test/parc/directory2-3807/name-9399/=FD05506385C8CD, shape STREAM
三月 16, 2015 9:56:44 上午 org.ccnx.ccn.impl.repo.RepositoryFlowControl handleContent
信息: handleContent: got potential repo message: /test/parc/directory2-3807/name-9399/=FD05506385C8CD/%C1.R.sw/%C1.N=0002E529B7D2E1276B
三月 16, 2015 9:56:44 上午 org.ccnx.ccn.io.CCNOutputStream flushToNetwork
信息: flush: outputting to the segmenter, baseName /test/parc/directory2-3807/name-9399/=FD05506385C8CD basenameindex =00; 9 bytes written, holding back 9 flushing final blocks? false.
三月 16, 2015 9:56:44 上午 org.ccnx.ccn.io.CCNOutputStream flushToNetwork
信息: HEADER: CCNOutputStream: flushToNetwork: new _baseNameIndex 0
三月 16, 2015 9:56:44 上午 org.ccnx.ccn.io.CCNOutputStream flushToNetwork
信息: flush: outputting to the segmenter, baseName /test/parc/directory2-3807/name-9399/=FD05506385C8CD basenameindex =00; 9 bytes written, holding back 0 flushing final blocks? true.
三月 16, 2015 9:56:44 上午 org.ccnx.ccn.io.CCNOutputStream flushToNetwork
信息: HEADER: CCNOutputStream: flushToNetwork: new _baseNameIndex 1
三月 16, 2015 9:56:44 上午 org.ccnx.ccn.io.CCNOutputStream close
信息: CCNOutputStream close: /test/parc/directory2-3807/name-9399/=FD05506385C8CD
三月 16, 2015 9:56:44 上午 org.ccnx.ccn.profiles.nameenum.EnumeratedNameListTestRepo addContentToRepo
信息: Saved new object: /test/parc/directory2-3807/name-9399/=FD05506385C8CD
三月 16, 2015 9:56:44 上午 org.ccnx.ccn.profiles.nameenum.EnumeratedNameList waitForNewChildren
信息: Waiting for new data on prefix: /test/parc/directory2-3807, updated (null), our update (null), have 0 children 0 new.
三月 16, 2015 9:56:45 上午 org.ccnx.ccn.profiles.nameenum.EnumeratedNameList waitForNewChildren
信息: Waiting for new data on prefix: /test/parc/directory2-3807, updated (null), our update (null), have 0 children 0 new.
三月 16, 2015 9:56:45 上午 org.ccnx.ccn.profiles.nameenum.EnumeratedNameList waitForNewChildren
信息: Waiting for new data on prefix: /test/parc/directory2-3807, updated (null), our update (null), have 0 children 0 new.
三月 16, 2015 9:56:45 上午 org.ccnx.ccn.profiles.nameenum.EnumeratedNameList waitForNewChildren
信息: Waiting for new data on prefix: /test/parc/directory2-3807, updated (null), our update (null), have 0 children 0 new.
三月 16, 2015 9:56:46 上午 org.ccnx.ccn.profiles.nameenum.EnumeratedNameList waitForNewChildren
信息: Waiting for new data on prefix: /test/parc/directory2-3807, updated (null), our update (null), have 0 children 0 new.
三月 16, 2015 9:56:46 上午 org.ccnx.ccn.profiles.nameenum.EnumeratedNameList waitForNewChildren
信息: Waiting for new data on prefix: /test/parc/directory2-3807, updated (null), our update (null), have 0 children 0 new.
三月 16, 2015 9:56:46 上午 org.ccnx.ccn.profiles.nameenum.EnumeratedNameList waitForNewChildren
信息: Waiting for new data on prefix: /test/parc/directory2-3807, updated (null), our update (null), have 0 children 0 new.
三月 16, 2015 9:56:46 上午 org.ccnx.ccn.profiles.nameenum.EnumeratedNameList waitForNewChildren
信息: Waiting for new data on prefix: /test/parc/directory2-3807, updated (null), our update (null), have 0 children 0 new.
三月 16, 2015 9:56:47 上午 org.ccnx.ccn.profiles.nameenum.EnumeratedNameList waitForNewChildren
信息: Waiting for new data on prefix: /test/parc/directory2-3807, updated (null), our update (null), have 0 children 0 new.
三月 16, 2015 9:56:47 上午 org.ccnx.ccn.profiles.nameenum.EnumeratedNameList waitForNewChildren
信息: Waiting for new data on prefix: /test/parc/directory2-3807, updated (null), our update (null), have 0 children 0 new.
三月 16, 2015 9:56:47 上午 org.ccnx.ccn.io.CCNAbstractInputStream <init>
信息: CCNAbstractInputStream: /test/parc/directory-1003/%C1.E.be/%C1.M.K=00FD0ED2ECFE32A14D2774D6B98187020D949FF3F6AA2CAC8090CB49DF822F7B00/=FD05506385F98D segment 0
三月 16, 2015 9:56:47 上午 org.ccnx.ccn.profiles.nameenum.EnumeratedNameList handleNameEnumerator
信息: 3 new name enumeration results: our prefix: /test/parc/directory-1003 returned prefix: /test/parc/directory-1003
三月 16, 2015 9:56:47 上午 org.ccnx.ccn.profiles.nameenum.EnumeratedNameList handleNameEnumerator
信息: Handling Name Iteration /test/parc/directory-1003, size is 3
三月 16, 2015 9:56:47 上午 org.ccnx.ccn.profiles.nameenum.EnumeratedNameList waitForNewChildren
信息: Waiting for new data on prefix: /test/parc/directory2-3807, updated (null), our update (null), have 0 children 0 new.
三月 16, 2015 9:56:48 上午 org.ccnx.ccn.profiles.nameenum.EnumeratedNameList waitForNewChildren
信息: Waiting for new data on prefix: /test/parc/directory2-3807, updated (null), our update (null), have 0 children 0 new.
三月 16, 2015 9:56:48 上午 org.ccnx.ccn.io.CCNAbstractInputStream <init>
信息: CCNAbstractInputStream: /test/parc/directory-1003/name-9396/%C1.E.be/%C1.M.K=00FD0ED2ECFE32A14D2774D6B98187020D949FF3F6AA2CAC8090CB49DF822F7B00/=FD0550638602EA segment 0
三月 16, 2015 9:56:48 上午 org.ccnx.ccn.profiles.nameenum.EnumeratedNameList handleNameEnumerator
信息: 6 new name enumeration results: our prefix: /test/parc/directory-1003/name-9396 returned prefix: /test/parc/directory-1003/name-9396
三月 16, 2015 9:56:48 上午 org.ccnx.ccn.profiles.nameenum.EnumeratedNameList handleNameEnumerator
信息: Handling Name Iteration /test/parc/directory-1003/name-9396, size is 6
三月 16, 2015 9:56:48 上午 org.ccnx.ccn.io.CCNAbstractInputStream <init>
信息: CCNAbstractInputStream: /test/parc/directory3-1824/%C1.E.be/%C1.M.K=00FD0ED2ECFE32A14D2774D6B98187020D949FF3F6AA2CAC8090CB49DF822F7B00/=FD05506386030F segment 0
三月 16, 2015 9:56:48 上午 org.ccnx.ccn.profiles.nameenum.EnumeratedNameList handleNameEnumerator
信息: 2 new name enumeration results: our prefix: /test/parc/directory3-1824 returned prefix: /test/parc/directory3-1824
三月 16, 2015 9:56:48 上午 org.ccnx.ccn.profiles.nameenum.EnumeratedNameList handleNameEnumerator
信息: Handling Name Iteration /test/parc/directory3-1824, size is 2
三月 16, 2015 9:56:48 上午 org.ccnx.ccn.profiles.nameenum.EnumeratedNameList waitForNewChildren
信息: Waiting for new data on prefix: /test/parc/directory2-3807, updated (null), our update (null), have 0 children 0 new.
三月 16, 2015 9:56:48 上午 org.ccnx.ccn.profiles.nameenum.EnumeratedNameList waitForNewChildren
信息: Waiting for new data on prefix: /test/parc/directory2-3807, updated (null), our update (null), have 0 children 0 new.
三月 16, 2015 9:56:49 上午 org.ccnx.ccn.profiles.nameenum.EnumeratedNameList waitForNewChildren
信息: Waiting for new data on prefix: /test/parc/directory2-3807, updated (null), our update (null), have 0 children 0 new.
三月 16, 2015 9:56:49 上午 org.ccnx.ccn.profiles.nameenum.EnumeratedNameList waitForNewChildren
信息: Waiting for new data on prefix: /test/parc/directory2-3807, updated (null), our update (null), have 0 children 0 new.
三月 16, 2015 9:56:49 上午 org.ccnx.ccn.profiles.nameenum.EnumeratedNameList waitForNewChildren
信息: Waiting for new data on prefix: /test/parc/directory2-3807, updated (null), our update (null), have 0 children 0 new.
三月 16, 2015 9:56:49 上午 org.ccnx.ccn.profiles.nameenum.EnumeratedNameList waitForNewChildren
信息: Waiting for new data on prefix: /test/parc/directory2-3807, updated (null), our update (null), have 0 children 0 new.
三月 16, 2015 9:56:50 上午 org.ccnx.ccn.profiles.nameenum.EnumeratedNameList waitForNewChildren
信息: Waiting for new data on prefix: /test/parc/directory2-3807, updated (null), our update (null), have 0 children 0 new.
三月 16, 2015 9:56:50 上午 org.ccnx.ccn.profiles.nameenum.EnumeratedNameList waitForNewChildren
信息: Waiting for new data on prefix: /test/parc/directory2-3807, updated (null), our update (null), have 0 children 0 new.
三月 16, 2015 9:56:50 上午 org.ccnx.ccn.profiles.nameenum.EnumeratedNameList waitForNewChildren
信息: Waiting for new data on prefix: /test/parc/directory2-3807, updated (null), our update (null), have 0 children 0 new.
三月 16, 2015 9:56:51 上午 org.ccnx.ccn.profiles.nameenum.EnumeratedNameList waitForNewChildren
信息: Waiting for new data on prefix: /test/parc/directory2-3807, updated (null), our update (null), have 0 children 0 new.
三月 16, 2015 9:56:51 上午 org.ccnx.ccn.profiles.nameenum.EnumeratedNameList waitForNewChildren
信息: Waiting for new data on prefix: /test/parc/directory2-3807, updated (null), our update (null), have 0 children 0 new.
三月 16, 2015 9:56:51 上午 org.ccnx.ccn.profiles.nameenum.EnumeratedNameList waitForNewChildren
信息: Waiting for new data on prefix: /test/parc/directory2-3807, updated (null), our update (null), have 0 children 0 new.
三月 16, 2015 9:56:52 上午 org.ccnx.ccn.profiles.nameenum.EnumeratedNameList waitForNewChildren
信息: Waiting for new data on prefix: /test/parc/directory2-3807, updated (null), our update (null), have 0 children 0 new.
三月 16, 2015 9:56:52 上午 org.ccnx.ccn.io.CCNAbstractInputStream <init>
信息: CCNAbstractInputStream: /test/parc/directory2-3807/%C1.E.be/%C1.M.K=00FD0ED2ECFE32A14D2774D6B98187020D949FF3F6AA2CAC8090CB49DF822F7B00/=FD0550638643A4 segment 0
三月 16, 2015 9:56:52 上午 org.ccnx.ccn.profiles.nameenum.EnumeratedNameList handleNameEnumerator
信息: 4 new name enumeration results: our prefix: /test/parc/directory2-3807 returned prefix: /test/parc/directory2-3807
三月 16, 2015 9:56:52 上午 org.ccnx.ccn.profiles.nameenum.EnumeratedNameList handleNameEnumerator
信息: Handling Name Iteration /test/parc/directory2-3807, size is 4
三月 16, 2015 9:56:52 上午 org.ccnx.ccn.profiles.nameenum.EnumeratedNameList handleNameEnumerator
信息: New children found: at 2015-03-16 09:56:52.237060546 4 total children 4
三月 16, 2015 9:56:52 上午 org.ccnx.ccn.profiles.nameenum.EnumeratedNameList waitForNewChildren
信息: Waiting for new data on prefix: /test/parc/directory2-3807, updated 2015-03-16 09:56:52.237060546, our update (null), have 4 children 4 new.
三月 16, 2015 9:56:52 上午 org.ccnx.ccn.profiles.nameenum.EnumeratedNameList getNewData
信息: Waiting for new data on prefix: /test/parc/directory2-3807 got 4.
三月 16, 2015 9:56:52 上午 org.ccnx.ccn.profiles.nameenum.EnumeratedNameList getNewData
信息: Waiting for new data on prefix: /test/parc/directory2-3807 got 0.
三月 16, 2015 9:56:52 上午 org.ccnx.ccn.profiles.nameenum.EnumeratedNameListTestRepo testEnumeratedNameListWithThreads
信息: Completed testEnumeratedNameListWithThreads
三月 16, 2015 9:56:52 上午 org.ccnx.ccn.impl.CCNNetworkManager shutdown
信息: NetworkManager 2: Shutdown requested
三月 16, 2015 9:56:52 上午 org.ccnx.ccn.impl.CCNNetworkChannel close
信息: NetworkChannel 2: close(false)
]]></system-err>
</testsuite>
